#
# There is insufficient memory for the Java Runtime Environment to continue.
# Native memory allocation (mmap) failed to map 138412032 bytes for committing reserved memory.
# Possible reasons:
#   The system is out of physical RAM or swap space
#   In 32 bit mode, the process size limit was hit
# Possible solutions:
#   Reduce memory load on the system
#   Increase physical memory or swap space
#   Check if swap backing store is full
#   Use 64 bit Java on a 64 bit OS
#   Decrease Java heap size (-Xmx/-Xms)
#   Decrease number of Java threads
#   Decrease Java thread stack sizes (-Xss)
#   Set larger code cache with -XX:ReservedCodeCacheSize=
# This output file may be truncated or incomplete.
#
#  Out of Memory Error (os_linux.cpp:2627), pid=5778, tid=140563345872640
#
# JRE version: Java(TM) SE Runtime Environment (8.0_72-b15) (build 1.8.0_72-b15)
# Java VM: Java HotSpot(TM) 64-Bit Server VM (25.72-b15 mixed mode linux-amd64 compressed oops)
# Failed to write core dump. Core dumps have been disabled. To enable core dumping, try "ulimit -c unlimited" before starting Java again
#

---------------  T H R E A D  ---------------

Current thread (0x00007fd78c076800):  VMThread [stack: 0x00007fd7743c9000,0x00007fd7744ca000] [id=5788]

Stack: [0x00007fd7743c9000,0x00007fd7744ca000],  sp=0x00007fd7744c8020,  free space=1020k
Native frames: (J=compiled Java code, j=interpreted, Vv=VM code, C=native code)
V  [libjvm.so+0xaba7ea]  VMError::report_and_die()+0x2ba
V  [libjvm.so+0x4f9e3b]  report_vm_out_of_memory(char const*, int, unsigned long, VMErrorType, char const*)+0x8b
V  [libjvm.so+0x91b613]  os::Linux::commit_memory_impl(char*, unsigned long, bool)+0x103
V  [libjvm.so+0x91bb69]  os::pd_commit_memory(char*, unsigned long, unsigned long, bool)+0x29
V  [libjvm.so+0x915e6a]  os::commit_memory(char*, unsigned long, unsigned long, bool)+0x2a
V  [libjvm.so+0x989543]  PSVirtualSpace::expand_by(unsigned long)+0x53
V  [libjvm.so+0x98a948]  PSYoungGen::resize_generation(unsigned long, unsigned long)+0xf8
V  [libjvm.so+0x989aa2]  PSYoungGen::resize(unsigned long, unsigned long)+0x22
V  [libjvm.so+0x986d7b]  PSScavenge::invoke_no_policy()+0xf3b
V  [libjvm.so+0x987501]  PSScavenge::invoke()+0x41
V  [libjvm.so+0x93f300]  ParallelScavengeHeap::failed_mem_allocate(unsigned long)+0x70
V  [libjvm.so+0xabc207]  VM_ParallelGCFailedAllocation::doit()+0x97
V  [libjvm.so+0xac3c35]  VM_Operation::evaluate()+0x55
V  [libjvm.so+0xac200a]  VMThread::evaluate_operation(VM_Operation*)+0xba
V  [libjvm.so+0xac238e]  VMThread::loop()+0x1ce
V  [libjvm.so+0xac2800]  VMThread::run()+0x70
V  [libjvm.so+0x91d9d8]  java_start(Thread*)+0x108

VM_Operation (0x00007fd79252d130): ParallelGCFailedAllocation, mode: safepoint, requested by thread 0x00007fd78c008800


---------------  P R O C E S S  ---------------

Java Threads: ( => current thread )
  0x00007fd78c0d1000 JavaThread "Service Thread" daemon [_thread_blocked, id=5795, stack(0x00007fd75fafb000,0x00007fd75fbfc000)]
  0x00007fd78c0bb800 JavaThread "C1 CompilerThread2" daemon [_thread_blocked, id=5794, stack(0x00007fd75fbfc000,0x00007fd75fcfd000)]
  0x00007fd78c0ba000 JavaThread "C2 CompilerThread1" daemon [_thread_blocked, id=5793, stack(0x00007fd75fcfd000,0x00007fd75fdfe000)]
  0x00007fd78c0b7000 JavaThread "C2 CompilerThread0" daemon [_thread_blocked, id=5792, stack(0x00007fd75fdfe000,0x00007fd75feff000)]
  0x00007fd78c0b5800 JavaThread "Signal Dispatcher" daemon [_thread_blocked, id=5791, stack(0x00007fd75feff000,0x00007fd760000000)]
  0x00007fd78c082800 JavaThread "Finalizer" daemon [_thread_blocked, id=5790, stack(0x00007fd7741c7000,0x00007fd7742c8000)]
  0x00007fd78c07e000 JavaThread "Reference Handler" daemon [_thread_blocked, id=5789, stack(0x00007fd7742c8000,0x00007fd7743c9000)]
  0x00007fd78c008800 JavaThread "main" [_thread_blocked, id=5783, stack(0x00007fd79242e000,0x00007fd79252f000)]

Other Threads:
=>0x00007fd78c076800 VMThread [stack: 0x00007fd7743c9000,0x00007fd7744ca000] [id=5788]
  0x00007fd78c0d3800 WatcherThread [stack: 0x00007fd75f9fa000,0x00007fd75fafb000] [id=5796]

VM state:at safepoint (normal execution)

VM Mutex/Monitor currently owned by a thread:  ([mutex/lock_event])
[0x00007fd78c0064c0] Threads_lock - owner thread: 0x00007fd78c076800
[0x00007fd78c0069c0] Heap_lock - owner thread: 0x00007fd78c008800

Heap:
 PSYoungGen      total 140288K, used 14820K [0x00000000eab00000, 0x00000000f4400000, 0x0000000100000000)
  eden space 125440K, 0% used [0x00000000eab00000,0x00000000eab00000,0x00000000f2580000)
  from space 14848K, 99% used [0x00000000f2580000,0x00000000f33f90b0,0x00000000f3400000)
  to   space 13312K, 0% used [0x00000000f3400000,0x00000000f3400000,0x00000000f4100000)
 ParOldGen       total 42496K, used 28708K [0x00000000c0000000, 0x00000000c2980000, 0x00000000eab00000)
  object space 42496K, 67% used [0x00000000c0000000,0x00000000c1c09100,0x00000000c2980000)
 Metaspace       used 6658K, capacity 7480K, committed 7680K, reserved 1056768K
  class space    used 633K, capacity 688K, committed 768K, reserved 1048576K

Card table byte_map: [0x00007fd77c612000,0x00007fd77c813000] byte_map_base: 0x00007fd77c012000

Marking Bits: (ParMarkBitMap*) 0x00007fd79193b100
 Begin Bits: [0x00007fd776000000, 0x00007fd777000000)
 End Bits:   [0x00007fd777000000, 0x00007fd778000000)

Polling page: 0x00007fd792560000

CodeCache: size=245760Kb used=7934Kb max_used=7934Kb free=237825Kb
 bounds [0x00007fd77cbd3000, 0x00007fd77d3a3000, 0x00007fd78bbd3000]
 total_blobs=2426 nmethods=2154 adapters=185
 compilation: enabled

Compilation events (10 events):
Event: 2.470 Thread 0x00007fd78c0bb800 2282       2       com.android.dx.dex.code.CatchHandlerList::get (9 bytes)
Event: 2.470 Thread 0x00007fd78c0bb800 nmethod 2282 0x00007fd77d380050 code [0x00007fd77d3801c0, 0x00007fd77d380368]
Event: 2.472 Thread 0x00007fd78c0bb800 2283       2       com.android.dx.dex.code.form.Form22t::compatibleRegs (48 bytes)
Event: 2.473 Thread 0x00007fd78c0bb800 nmethod 2283 0x00007fd77d37b0d0 code [0x00007fd77d37b2a0, 0x00007fd77d37b608]
Event: 2.473 Thread 0x00007fd78c0bb800 2284       1       com.android.dx.dex.code.form.Form20t::codeSize (2 bytes)
Event: 2.473 Thread 0x00007fd78c0bb800 nmethod 2284 0x00007fd77d37ae10 code [0x00007fd77d37af60, 0x00007fd77d37b070]
Event: 2.475 Thread 0x00007fd78c0bb800 2285       3       com.android.dx.dex.code.OutputFinisher::reserveRegisters (119 bytes)
Event: 2.476 Thread 0x00007fd78c0bb800 nmethod 2285 0x00007fd77d379550 code [0x00007fd77d3797a0, 0x00007fd77d37a4d8]
Event: 2.482 Thread 0x00007fd78c0bb800 2286       1       com.android.dx.dex.code.CatchHandlerList$Entry::getExceptionType (5 bytes)
Event: 2.482 Thread 0x00007fd78c0bb800 nmethod 2286 0x00007fd77d379290 code [0x00007fd77d3793e0, 0x00007fd77d3794f0]

GC Heap History (10 events):
Event: 0.593 GC heap after
Heap after GC invocations=2 (full 0):
 PSYoungGen      total 34304K, used 2536K [0x00000000eab00000, 0x00000000ecf00000, 0x0000000100000000)
  eden space 31744K, 0% used [0x00000000eab00000,0x00000000eab00000,0x00000000eca00000)
  from space 2560K, 99% used [0x00000000ecc80000,0x00000000ecefa2d0,0x00000000ecf00000)
  to   space 2560K, 0% used [0x00000000eca00000,0x00000000eca00000,0x00000000ecc80000)
 ParOldGen       total 42496K, used 2721K [0x00000000c0000000, 0x00000000c2980000, 0x00000000eab00000)
  object space 42496K, 6% used [0x00000000c0000000,0x00000000c02a85b8,0x00000000c2980000)
 Metaspace       used 5852K, capacity 6768K, committed 7040K, reserved 1056768K
  class space    used 594K, capacity 616K, committed 640K, reserved 1048576K
}
Event: 0.805 GC heap before
{Heap before GC invocations=3 (full 0):
 PSYoungGen      total 34304K, used 34280K [0x00000000eab00000, 0x00000000ecf00000, 0x0000000100000000)
  eden space 31744K, 100% used [0x00000000eab00000,0x00000000eca00000,0x00000000eca00000)
  from space 2560K, 99% used [0x00000000ecc80000,0x00000000ecefa2d0,0x00000000ecf00000)
  to   space 2560K, 0% used [0x00000000eca00000,0x00000000eca00000,0x00000000ecc80000)
 ParOldGen       total 42496K, used 2721K [0x00000000c0000000, 0x00000000c2980000, 0x00000000eab00000)
  object space 42496K, 6% used [0x00000000c0000000,0x00000000c02a85b8,0x00000000c2980000)
 Metaspace       used 5942K, capacity 6896K, committed 7040K, reserved 1056768K
  class space    used 595K, capacity 616K, committed 640K, reserved 1048576K
Event: 0.822 GC heap after
Heap after GC invocations=3 (full 0):
 PSYoungGen      total 34304K, used 2536K [0x00000000eab00000, 0x00000000eee00000, 0x0000000100000000)
  eden space 31744K, 0% used [0x00000000eab00000,0x00000000eab00000,0x00000000eca00000)
  from space 2560K, 99% used [0x00000000eca00000,0x00000000ecc7a050,0x00000000ecc80000)
  to   space 2560K, 0% used [0x00000000eeb80000,0x00000000eeb80000,0x00000000eee00000)
 ParOldGen       total 42496K, used 7627K [0x00000000c0000000, 0x00000000c2980000, 0x00000000eab00000)
  object space 42496K, 17% used [0x00000000c0000000,0x00000000c0772f40,0x00000000c2980000)
 Metaspace       used 5942K, capacity 6896K, committed 7040K, reserved 1056768K
  class space    used 595K, capacity 616K, committed 640K, reserved 1048576K
}
Event: 0.972 GC heap before
{Heap before GC invocations=4 (full 0):
 PSYoungGen      total 34304K, used 34280K [0x00000000eab00000, 0x00000000eee00000, 0x0000000100000000)
  eden space 31744K, 100% used [0x00000000eab00000,0x00000000eca00000,0x00000000eca00000)
  from space 2560K, 99% used [0x00000000eca00000,0x00000000ecc7a050,0x00000000ecc80000)
  to   space 2560K, 0% used [0x00000000eeb80000,0x00000000eeb80000,0x00000000eee00000)
 ParOldGen       total 42496K, used 7627K [0x00000000c0000000, 0x00000000c2980000, 0x00000000eab00000)
  object space 42496K, 17% used [0x00000000c0000000,0x00000000c0772f40,0x00000000c2980000)
 Metaspace       used 5958K, capacity 6896K, committed 7040K, reserved 1056768K
  class space    used 595K, capacity 616K, committed 640K, reserved 1048576K
Event: 0.989 GC heap after
Heap after GC invocations=4 (full 0):
 PSYoungGen      total 66048K, used 2548K [0x00000000eab00000, 0x00000000eee00000, 0x0000000100000000)
  eden space 63488K, 0% used [0x00000000eab00000,0x00000000eab00000,0x00000000ee900000)
  from space 2560K, 99% used [0x00000000eeb80000,0x00000000eedfd140,0x00000000eee00000)
  to   space 2560K, 0% used [0x00000000ee900000,0x00000000ee900000,0x00000000eeb80000)
 ParOldGen       total 42496K, used 12753K [0x00000000c0000000, 0x00000000c2980000, 0x00000000eab00000)
  object space 42496K, 30% used [0x00000000c0000000,0x00000000c0c746b0,0x00000000c2980000)
 Metaspace       used 5958K, capacity 6896K, committed 7040K, reserved 1056768K
  class space    used 595K, capacity 616K, committed 640K, reserved 1048576K
}
Event: 1.281 GC heap before
{Heap before GC invocations=5 (full 0):
 PSYoungGen      total 66048K, used 66036K [0x00000000eab00000, 0x00000000eee00000, 0x0000000100000000)
  eden space 63488K, 100% used [0x00000000eab00000,0x00000000ee900000,0x00000000ee900000)
  from space 2560K, 99% used [0x00000000eeb80000,0x00000000eedfd140,0x00000000eee00000)
  to   space 2560K, 0% used [0x00000000ee900000,0x00000000ee900000,0x00000000eeb80000)
 ParOldGen       total 42496K, used 12753K [0x00000000c0000000, 0x00000000c2980000, 0x00000000eab00000)
  object space 42496K, 30% used [0x00000000c0000000,0x00000000c0c746b0,0x00000000c2980000)
 Metaspace       used 6028K, capacity 6960K, committed 7040K, reserved 1056768K
  class space    used 595K, capacity 616K, committed 640K, reserved 1048576K
Event: 1.307 GC heap after
Heap after GC invocations=5 (full 0):
 PSYoungGen      total 66048K, used 2553K [0x00000000eab00000, 0x00000000f4100000, 0x0000000100000000)
  eden space 63488K, 0% used [0x00000000eab00000,0x00000000eab00000,0x00000000ee900000)
  from space 2560K, 99% used [0x00000000ee900000,0x00000000eeb7e490,0x00000000eeb80000)
  to   space 13312K, 0% used [0x00000000f3400000,0x00000000f3400000,0x00000000f4100000)
 ParOldGen       total 42496K, used 22277K [0x00000000c0000000, 0x00000000c2980000, 0x00000000eab00000)
  object space 42496K, 52% used [0x00000000c0000000,0x00000000c15c1708,0x00000000c2980000)
 Metaspace       used 6028K, capacity 6960K, committed 7040K, reserved 1056768K
  class space    used 595K, capacity 616K, committed 640K, reserved 1048576K
}
Event: 1.592 GC heap before
{Heap before GC invocations=6 (full 0):
 PSYoungGen      total 66048K, used 66041K [0x00000000eab00000, 0x00000000f4100000, 0x0000000100000000)
  eden space 63488K, 100% used [0x00000000eab00000,0x00000000ee900000,0x00000000ee900000)
  from space 2560K, 99% used [0x00000000ee900000,0x00000000eeb7e490,0x00000000eeb80000)
  to   space 13312K, 0% used [0x00000000f3400000,0x00000000f3400000,0x00000000f4100000)
 ParOldGen       total 42496K, used 22277K [0x00000000c0000000, 0x00000000c2980000, 0x00000000eab00000)
  object space 42496K, 52% used [0x00000000c0000000,0x00000000c15c1708,0x00000000c2980000)
 Metaspace       used 6185K, capacity 7064K, committed 7424K, reserved 1056768K
  class space    used 616K, capacity 656K, committed 768K, reserved 1048576K
Event: 1.624 GC heap after
Heap after GC invocations=6 (full 0):
 PSYoungGen      total 138752K, used 11833K [0x00000000eab00000, 0x00000000f4400000, 0x0000000100000000)
  eden space 125440K, 0% used [0x00000000eab00000,0x00000000eab00000,0x00000000f2580000)
  from space 13312K, 88% used [0x00000000f3400000,0x00000000f3f8e400,0x00000000f4100000)
  to   space 14848K, 0% used [0x00000000f2580000,0x00000000f2580000,0x00000000f3400000)
 ParOldGen       total 42496K, used 22285K [0x00000000c0000000, 0x00000000c2980000, 0x00000000eab00000)
  object space 42496K, 52% used [0x00000000c0000000,0x00000000c15c3708,0x00000000c2980000)
 Metaspace       used 6185K, capacity 7064K, committed 7424K, reserved 1056768K
  class space    used 616K, capacity 656K, committed 768K, reserved 1048576K
}
Event: 2.488 GC heap before
{Heap before GC invocations=7 (full 0):
 PSYoungGen      total 138752K, used 137273K [0x00000000eab00000, 0x00000000f4400000, 0x0000000100000000)
  eden space 125440K, 100% used [0x00000000eab00000,0x00000000f2580000,0x00000000f2580000)
  from space 13312K, 88% used [0x00000000f3400000,0x00000000f3f8e400,0x00000000f4100000)
  to   space 14848K, 0% used [0x00000000f2580000,0x00000000f2580000,0x00000000f3400000)
 ParOldGen       total 42496K, used 22285K [0x00000000c0000000, 0x00000000c2980000, 0x00000000eab00000)
  object space 42496K, 52% used [0x00000000c0000000,0x00000000c15c3708,0x00000000c2980000)
 Metaspace       used 6658K, capacity 7480K, committed 7680K, reserved 1056768K
  class space    used 633K, capacity 688K, committed 768K, reserved 1048576K

Deoptimization events (10 events):
Event: 1.394 Thread 0x00007fd78c17f000 Uncommon trap: reason=unstable_if action=reinterpret pc=0x00007fd77cdfc378 method=java.util.HashMap.getNode(ILjava/lang/Object;)Ljava/util/HashMap$Node; @ 84
Event: 1.508 Thread 0x00007fd78c17f000 Uncommon trap: reason=bimorphic action=maybe_recompile pc=0x00007fd77d151b18 method=com.android.dx.ssa.LiteralOpUpgrader.tryReplacingWithConstant(Lcom/android/dx/ssa/NormalSsaInsn;)Z @ 62
Event: 1.786 Thread 0x00007fd78c17f000 Uncommon trap: reason=unstable_if action=reinterpret pc=0x00007fd77cff744c method=com.android.dx.dex.code.OutputFinisher.hasLocalInfo(Lcom/android/dx/dex/code/DalvInsn;)Z @ 24
Event: 1.927 Thread 0x00007fd78c18d000 Uncommon trap: reason=bimorphic action=maybe_recompile pc=0x00007fd77d151b18 method=com.android.dx.ssa.LiteralOpUpgrader.tryReplacingWithConstant(Lcom/android/dx/ssa/NormalSsaInsn;)Z @ 62
Event: 2.084 Thread 0x00007fd78c008800 Uncommon trap: reason=class_check action=maybe_recompile pc=0x00007fd77d09f13c method=java.util.Arrays.hashCode([Ljava/lang/Object;)I @ 43
Event: 2.084 Thread 0x00007fd78c008800 Uncommon trap: reason=class_check action=maybe_recompile pc=0x00007fd77d09f13c method=java.util.Arrays.hashCode([Ljava/lang/Object;)I @ 43
Event: 2.084 Thread 0x00007fd78c008800 Uncommon trap: reason=class_check action=maybe_recompile pc=0x00007fd77d09f13c method=java.util.Arrays.hashCode([Ljava/lang/Object;)I @ 43
Event: 2.084 Thread 0x00007fd78c008800 Uncommon trap: reason=class_check action=maybe_recompile pc=0x00007fd77d09f13c method=java.util.Arrays.hashCode([Ljava/lang/Object;)I @ 43
Event: 2.084 Thread 0x00007fd78c008800 Uncommon trap: reason=class_check action=maybe_recompile pc=0x00007fd77d0027b4 method=java.util.Arrays.hashCode([Ljava/lang/Object;)I @ 43
Event: 2.254 Thread 0x00007fd78c008800 Uncommon trap: reason=unstable_if action=reinterpret pc=0x00007fd77cfd8df8 method=java.util.Arrays.equals([Ljava/lang/Object;[Ljava/lang/Object;)Z @ 23

Internal exceptions (7 events):
Event: 0.019 Thread 0x00007fd78c008800 Exception <a 'java/lang/NoSuchMethodError': Method sun.misc.Unsafe.defineClass(Ljava/lang/String;[BII)Ljava/lang/Class; name or signature does not match> (0x00000000eab07cc0) thrown at [/HUDSON/workspace/8-2-build-linux-amd64/jdk8u72/5732/hotspot/src/shar
Event: 0.019 Thread 0x00007fd78c008800 Exception <a 'java/lang/NoSuchMethodError': Method sun.misc.Unsafe.prefetchRead(Ljava/lang/Object;J)V name or signature does not match> (0x00000000eab07fa8) thrown at [/HUDSON/workspace/8-2-build-linux-amd64/jdk8u72/5732/hotspot/src/share/vm/prims/jni.cpp
Event: 0.533 Thread 0x00007fd78c18d000 Implicit null exception at 0x00007fd77ceb43b5 to 0x00007fd77ceb72a9
Event: 0.539 Thread 0x00007fd78c191800 Implicit null exception at 0x00007fd77ce9c266 to 0x00007fd77ce9e805
Event: 1.388 Thread 0x00007fd78c190800 Exception <a 'java/lang/ArrayIndexOutOfBoundsException': 18> (0x00000000eb9c2268) thrown at [/HUDSON/workspace/8-2-build-linux-amd64/jdk8u72/5732/hotspot/src/share/vm/interpreter/interpreterRuntime.cpp, line 366]
Event: 1.388 Thread 0x00007fd78c190800 Exception <a 'java/lang/ArrayIndexOutOfBoundsException': 145> (0x00000000eb9c3de8) thrown at [/HUDSON/workspace/8-2-build-linux-amd64/jdk8u72/5732/hotspot/src/share/vm/interpreter/interpreterRuntime.cpp, line 366]
Event: 1.389 Thread 0x00007fd78c190800 Exception <a 'java/lang/ArrayIndexOutOfBoundsException': 40> (0x00000000eb9c50d0) thrown at [/HUDSON/workspace/8-2-build-linux-amd64/jdk8u72/5732/hotspot/src/share/vm/interpreter/interpreterRuntime.cpp, line 366]

Events (10 events):
Event: 2.333 Thread 0x00007fd78c008800 DEOPT UNPACKING pc=0x00007fd77cc1a633 sp=0x00007fd79252d050 mode 0
Event: 2.342 Thread 0x00007fd78c008800 DEOPT PACKING pc=0x00007fd77d2fd2f8 sp=0x00007fd79252d2d0
Event: 2.342 Thread 0x00007fd78c008800 DEOPT UNPACKING pc=0x00007fd77cc1a633 sp=0x00007fd79252d0c8 mode 0
Event: 2.345 Thread 0x00007fd78c008800 DEOPT PACKING pc=0x00007fd77d3290fd sp=0x00007fd79252d370
Event: 2.345 Thread 0x00007fd78c008800 DEOPT UNPACKING pc=0x00007fd77cc1a633 sp=0x00007fd79252d0e8 mode 0
Event: 2.345 Thread 0x00007fd78c008800 DEOPT PACKING pc=0x00007fd77d328051 sp=0x00007fd79252d2b0
Event: 2.345 Thread 0x00007fd78c008800 DEOPT UNPACKING pc=0x00007fd77cc1a633 sp=0x00007fd79252d098 mode 0
Event: 2.402 Executing VM operation: ForceSafepoint
Event: 2.402 Executing VM operation: ForceSafepoint done
Event: 2.488 Executing VM operation: ParallelGCFailedAllocation


Dynamic libraries:
00400000-00401000 r-xp 00000000 08:06 399874                             /usr/lib/jvm/java-8-jdk/jre/bin/java
00600000-00601000 rw-p 00000000 08:06 399874                             /usr/lib/jvm/java-8-jdk/jre/bin/java
017e2000-01803000 rw-p 00000000 00:00 0                                  [heap]
c0000000-c2980000 rw-p 00000000 00:00 0 
c2980000-eab00000 ---p 00000000 00:00 0 
eab00000-f4400000 rw-p 00000000 00:00 0 
fc800000-100000000 ---p 00000000 00:00 0 
100000000-1000c0000 rw-p 00000000 00:00 0 
1000c0000-140000000 ---p 00000000 00:00 0 
7fd72c000000-7fd72c021000 rw-p 00000000 00:00 0 
7fd72c021000-7fd730000000 ---p 00000000 00:00 0 
7fd730000000-7fd73002f000 rw-p 00000000 00:00 0 
7fd73002f000-7fd734000000 ---p 00000000 00:00 0 
7fd734000000-7fd734021000 rw-p 00000000 00:00 0 
7fd734021000-7fd738000000 ---p 00000000 00:00 0 
7fd738000000-7fd738021000 rw-p 00000000 00:00 0 
7fd738021000-7fd73c000000 ---p 00000000 00:00 0 
7fd73c000000-7fd73c021000 rw-p 00000000 00:00 0 
7fd73c021000-7fd740000000 ---p 00000000 00:00 0 
7fd740000000-7fd740028000 rw-p 00000000 00:00 0 
7fd740028000-7fd744000000 ---p 00000000 00:00 0 
7fd744000000-7fd74497d000 rw-p 00000000 00:00 0 
7fd74497d000-7fd748000000 ---p 00000000 00:00 0 
7fd748000000-7fd748021000 rw-p 00000000 00:00 0 
7fd748021000-7fd74c000000 ---p 00000000 00:00 0 
7fd74c000000-7fd74cc58000 rw-p 00000000 00:00 0 
7fd74cc58000-7fd750000000 ---p 00000000 00:00 0 
7fd750000000-7fd750a43000 rw-p 00000000 00:00 0 
7fd750a43000-7fd754000000 ---p 00000000 00:00 0 
7fd754000000-7fd754021000 rw-p 00000000 00:00 0 
7fd754021000-7fd758000000 ---p 00000000 00:00 0 
7fd758000000-7fd758021000 rw-p 00000000 00:00 0 
7fd758021000-7fd75c000000 ---p 00000000 00:00 0 
7fd75f4f5000-7fd75f4f8000 ---p 00000000 00:00 0 
7fd75f4f8000-7fd75f5f6000 rw-p 00000000 00:00 0 
7fd75f5f6000-7fd75f5f9000 ---p 00000000 00:00 0 
7fd75f5f9000-7fd75f6f7000 rw-p 00000000 00:00 0 
7fd75f6f7000-7fd75f6fa000 ---p 00000000 00:00 0 
7fd75f6fa000-7fd75f7f8000 rw-p 00000000 00:00 0 
7fd75f7f8000-7fd75f7fb000 ---p 00000000 00:00 0 
7fd75f7fb000-7fd75f8f9000 rw-p 00000000 00:00 0 
7fd75f8f9000-7fd75f8fc000 ---p 00000000 00:00 0 
7fd75f8fc000-7fd75f9fa000 rw-p 00000000 00:00 0 
7fd75f9fa000-7fd75f9fb000 ---p 00000000 00:00 0 
7fd75f9fb000-7fd75fafb000 rw-p 00000000 00:00 0                          [stack:5796]
7fd75fafb000-7fd75fafe000 ---p 00000000 00:00 0 
7fd75fafe000-7fd75fbfc000 rw-p 00000000 00:00 0                          [stack:5795]
7fd75fbfc000-7fd75fbff000 ---p 00000000 00:00 0 
7fd75fbff000-7fd75fcfd000 rw-p 00000000 00:00 0                          [stack:5794]
7fd75fcfd000-7fd75fd00000 ---p 00000000 00:00 0 
7fd75fd00000-7fd75fdfe000 rw-p 00000000 00:00 0                          [stack:5793]
7fd75fdfe000-7fd75fe01000 ---p 00000000 00:00 0 
7fd75fe01000-7fd75feff000 rw-p 00000000 00:00 0                          [stack:5792]
7fd75feff000-7fd75ff02000 ---p 00000000 00:00 0 
7fd75ff02000-7fd760000000 rw-p 00000000 00:00 0                          [stack:5791]
7fd760000000-7fd7602bc000 rw-p 00000000 00:00 0 
7fd7602bc000-7fd764000000 ---p 00000000 00:00 0 
7fd764000000-7fd764021000 rw-p 00000000 00:00 0 
7fd764021000-7fd768000000 ---p 00000000 00:00 0 
7fd768000000-7fd768021000 rw-p 00000000 00:00 0 
7fd768021000-7fd76c000000 ---p 00000000 00:00 0 
7fd76c000000-7fd76c021000 rw-p 00000000 00:00 0 
7fd76c021000-7fd770000000 ---p 00000000 00:00 0 
7fd770000000-7fd770021000 rw-p 00000000 00:00 0 
7fd770021000-7fd774000000 ---p 00000000 00:00 0 
7fd774050000-7fd774077000 r--p 00000000 08:06 133207                     /usr/share/locale/ko/LC_MESSAGES/libc.mo
7fd774077000-7fd7741c7000 r--p 00000000 08:06 163465                     /usr/lib/locale/locale-archive
7fd7741c7000-7fd7741ca000 ---p 00000000 00:00 0 
7fd7741ca000-7fd7742c8000 rw-p 00000000 00:00 0                          [stack:5790]
7fd7742c8000-7fd7742cb000 ---p 00000000 00:00 0 
7fd7742cb000-7fd7743c9000 rw-p 00000000 00:00 0                          [stack:5789]
7fd7743c9000-7fd7743ca000 ---p 00000000 00:00 0 
7fd7743ca000-7fd775428000 rw-p 00000000 00:00 0                          [stack:5788]
7fd775428000-7fd775600000 r--s 03d1d000 08:06 399677                     /usr/lib/jvm/java-8-jdk/jre/lib/rt.jar
7fd775600000-7fd775cc0000 rw-p 00000000 00:00 0 
7fd775cc0000-7fd775e00000 ---p 00000000 00:00 0 
7fd775e00000-7fd778000000 rw-p 00000000 00:00 0 
7fd778000000-7fd778021000 rw-p 00000000 00:00 0 
7fd778021000-7fd77c000000 ---p 00000000 00:00 0 
7fd77c021000-7fd77c0b8000 rw-p 00000000 00:00 0 
7fd77c0b8000-7fd77c0b9000 ---p 00000000 00:00 0 
7fd77c0b9000-7fd77c1b9000 rw-p 00000000 00:00 0                          [stack:5787]
7fd77c1b9000-7fd77c1ba000 ---p 00000000 00:00 0 
7fd77c1ba000-7fd77c2ba000 rw-p 00000000 00:00 0                          [stack:5786]
7fd77c2ba000-7fd77c2bb000 ---p 00000000 00:00 0 
7fd77c2bb000-7fd77c3bb000 rw-p 00000000 00:00 0                          [stack:5785]
7fd77c3bb000-7fd77c3bc000 ---p 00000000 00:00 0 
7fd77c3bc000-7fd77c4d1000 rw-p 00000000 00:00 0                          [stack:5784]
7fd77c4d1000-7fd77c612000 ---p 00000000 00:00 0 
7fd77c612000-7fd77c627000 rw-p 00000000 00:00 0 
7fd77c627000-7fd77c767000 ---p 00000000 00:00 0 
7fd77c767000-7fd77c7b4000 rw-p 00000000 00:00 0 
7fd77c7b4000-7fd77c812000 ---p 00000000 00:00 0 
7fd77c812000-7fd77c833000 rw-p 00000000 00:00 0 
7fd77c833000-7fd77cbd3000 ---p 00000000 00:00 0 
7fd77cbd3000-7fd77d3a3000 rwxp 00000000 00:00 0 
7fd77d3a3000-7fd78bbd3000 ---p 00000000 00:00 0 
7fd78bbd3000-7fd78bbed000 r-xp 00000000 08:06 399785                     /usr/lib/jvm/java-8-jdk/jre/lib/amd64/libzip.so
7fd78bbed000-7fd78bded000 ---p 0001a000 08:06 399785                     /usr/lib/jvm/java-8-jdk/jre/lib/amd64/libzip.so
7fd78bded000-7fd78bdee000 rw-p 0001a000 08:06 399785                     /usr/lib/jvm/java-8-jdk/jre/lib/amd64/libzip.so
7fd78bdee000-7fd78bdf9000 r-xp 00000000 08:06 134332                     /usr/lib/libnss_files-2.22.so
7fd78bdf9000-7fd78bff8000 ---p 0000b000 08:06 134332                     /usr/lib/libnss_files-2.22.so
7fd78bff8000-7fd78bff9000 r--p 0000a000 08:06 134332                     /usr/lib/libnss_files-2.22.so
7fd78bff9000-7fd78bffa000 rw-p 0000b000 08:06 134332                     /usr/lib/libnss_files-2.22.so
7fd78bffa000-7fd78c000000 rw-p 00000000 00:00 0 
7fd78c000000-7fd78c3af000 rw-p 00000000 00:00 0 
7fd78c3af000-7fd790000000 ---p 00000000 00:00 0 
7fd790003000-7fd790045000 rw-p 00000000 00:00 0 
7fd790045000-7fd79006f000 r-xp 00000000 08:06 399805                     /usr/lib/jvm/java-8-jdk/jre/lib/amd64/libjava.so
7fd79006f000-7fd79026f000 ---p 0002a000 08:06 399805                     /usr/lib/jvm/java-8-jdk/jre/lib/amd64/libjava.so
7fd79026f000-7fd790271000 rw-p 0002a000 08:06 399805                     /usr/lib/jvm/java-8-jdk/jre/lib/amd64/libjava.so
7fd790271000-7fd79027e000 r-xp 00000000 08:06 399791                     /usr/lib/jvm/java-8-jdk/jre/lib/amd64/libverify.so
7fd79027e000-7fd79047e000 ---p 0000d000 08:06 399791                     /usr/lib/jvm/java-8-jdk/jre/lib/amd64/libverify.so
7fd79047e000-7fd790480000 rw-p 0000d000 08:06 399791                     /usr/lib/jvm/java-8-jdk/jre/lib/amd64/libverify.so
7fd790480000-7fd790487000 r-xp 00000000 08:06 134341                     /usr/lib/librt-2.22.so
7fd790487000-7fd790686000 ---p 00007000 08:06 134341                     /usr/lib/librt-2.22.so
7fd790686000-7fd790687000 r--p 00006000 08:06 134341                     /usr/lib/librt-2.22.so
7fd790687000-7fd790688000 rw-p 00007000 08:06 134341                     /usr/lib/librt-2.22.so
7fd790688000-7fd790785000 r-xp 00000000 08:06 134338                     /usr/lib/libm-2.22.so
7fd790785000-7fd790984000 ---p 000fd000 08:06 134338                     /usr/lib/libm-2.22.so
7fd790984000-7fd790985000 r--p 000fc000 08:06 134338                     /usr/lib/libm-2.22.so
7fd790985000-7fd790986000 rw-p 000fd000 08:06 134338                     /usr/lib/libm-2.22.so
7fd790986000-7fd791645000 r-xp 00000000 08:06 530091                     /usr/lib/jvm/java-8-jdk/jre/lib/amd64/server/libjvm.so
7fd791645000-7fd791844000 ---p 00cbf000 08:06 530091                     /usr/lib/jvm/java-8-jdk/jre/lib/amd64/server/libjvm.so
7fd791844000-7fd79191d000 rw-p 00cbe000 08:06 530091                     /usr/lib/jvm/java-8-jdk/jre/lib/amd64/server/libjvm.so
7fd79191d000-7fd791966000 rw-p 00000000 00:00 0 
7fd791966000-7fd791b00000 r-xp 00000000 08:06 134279                     /usr/lib/libc-2.22.so
7fd791b00000-7fd791d00000 ---p 0019a000 08:06 134279                     /usr/lib/libc-2.22.so
7fd791d00000-7fd791d04000 r--p 0019a000 08:06 134279                     /usr/lib/libc-2.22.so
7fd791d04000-7fd791d06000 rw-p 0019e000 08:06 134279                     /usr/lib/libc-2.22.so
7fd791d06000-7fd791d0a000 rw-p 00000000 00:00 0 
7fd791d0a000-7fd791d0d000 r-xp 00000000 08:06 134337                     /usr/lib/libdl-2.22.so
7fd791d0d000-7fd791f0c000 ---p 00003000 08:06 134337                     /usr/lib/libdl-2.22.so
7fd791f0c000-7fd791f0d000 r--p 00002000 08:06 134337                     /usr/lib/libdl-2.22.so
7fd791f0d000-7fd791f0e000 rw-p 00003000 08:06 134337                     /usr/lib/libdl-2.22.so
7fd791f0e000-7fd791f23000 r-xp 00000000 08:06 530090                     /usr/lib/jvm/java-8-jdk/jre/lib/amd64/jli/libjli.so
7fd791f23000-7fd792123000 ---p 00015000 08:06 530090                     /usr/lib/jvm/java-8-jdk/jre/lib/amd64/jli/libjli.so
7fd792123000-7fd792124000 rw-p 00015000 08:06 530090                     /usr/lib/jvm/java-8-jdk/jre/lib/amd64/jli/libjli.so
7fd792124000-7fd79213c000 r-xp 00000000 08:06 134257                     /usr/lib/libpthread-2.22.so
7fd79213c000-7fd79233b000 ---p 00018000 08:06 134257                     /usr/lib/libpthread-2.22.so
7fd79233b000-7fd79233c000 r--p 00017000 08:06 134257                     /usr/lib/libpthread-2.22.so
7fd79233c000-7fd79233d000 rw-p 00018000 08:06 134257                     /usr/lib/libpthread-2.22.so
7fd79233d000-7fd792341000 rw-p 00000000 00:00 0 
7fd792341000-7fd792363000 r-xp 00000000 08:06 134278                     /usr/lib/ld-2.22.so
7fd792369000-7fd79242e000 rw-p 00000000 00:00 0 
7fd79242e000-7fd792431000 ---p 00000000 00:00 0 
7fd792431000-7fd792534000 rw-p 00000000 00:00 0                          [stack:5783]
7fd792534000-7fd792543000 r--s 000df000 08:06 13763614                   /home/youngbin/Android/Sdk/build-tools/23.0.2/lib/dx.jar
7fd792543000-7fd792557000 rw-p 00000000 00:00 0 
7fd792557000-7fd79255f000 rw-s 00000000 00:21 328119                     /tmp/hsperfdata_youngbin/5778
7fd79255f000-7fd792560000 rw-p 00000000 00:00 0 
7fd792560000-7fd792561000 ---p 00000000 00:00 0 
7fd792561000-7fd792562000 rw-p 00000000 00:00 0 
7fd792562000-7fd792563000 r--p 00021000 08:06 134278                     /usr/lib/ld-2.22.so
7fd792563000-7fd792564000 rw-p 00022000 08:06 134278                     /usr/lib/ld-2.22.so
7fd792564000-7fd792565000 rw-p 00000000 00:00 0 
7ffe71786000-7ffe717a7000 rw-p 00000000 00:00 0                          [stack]
7ffe717f2000-7ffe717f4000 r--p 00000000 00:00 0                          [vvar]
7ffe717f4000-7ffe717f6000 r-xp 00000000 00:00 0                          [vdso]
ffffffffff600000-ffffffffff601000 r-xp 00000000 00:00 0                  [vsyscall]

VM Arguments:
jvm_args: -Djava.awt.headless=true -Xmx1024M -Dfile.encoding=UTF-8 -Duser.country=KR -Duser.language=ko -Duser.variant 
java_command: com.android.dx.command.Main --dex --num-threads=4 --output /home/youngbin/mailtracker-android/app/build/intermediates/pre-dexed/debug/com.android.support-appcompat-v7-23.1.1_ae399c07e308cd47d42822db50c66ef3e12fa38d.jar /home/youngbin/mailtracker-android/app/build/intermediates/exploded-aar/com.android.support/appcompat-v7/23.1.1/jars/classes.jar
java_class_path (initial): /home/youngbin/Android/Sdk/build-tools/23.0.2/lib/dx.jar
Launcher Type: SUN_STANDARD

Environment Variables:
PATH=/usr/local/sbin:/usr/local/bin:/usr/bin:/usr/lib/jvm/default/bin:/usr/bin/site_perl:/usr/bin/vendor_perl:/usr/bin/core_perl
USERNAME=youngbin
LD_LIBRARY_PATH=/home/youngbin/android-studio/bin:
SHELL=/usr/bin/fish
DISPLAY=:1

Signal Handlers:
SIGSEGV: [libjvm.so+0xabb070], sa_mask[0]=11111111011111111101111111111110, sa_flags=SA_RESTART|SA_SIGINFO
SIGBUS: [libjvm.so+0xabb070], sa_mask[0]=11111111011111111101111111111110, sa_flags=SA_RESTART|SA_SIGINFO
SIGFPE: [libjvm.so+0x918480], sa_mask[0]=11111111011111111101111111111110, sa_flags=SA_RESTART|SA_SIGINFO
SIGPIPE: [libjvm.so+0x918480], sa_mask[0]=11111111011111111101111111111110, sa_flags=SA_RESTART|SA_SIGINFO
SIGXFSZ: [libjvm.so+0x918480], sa_mask[0]=11111111011111111101111111111110, sa_flags=SA_RESTART|SA_SIGINFO
SIGILL: [libjvm.so+0x918480], sa_mask[0]=11111111011111111101111111111110, sa_flags=SA_RESTART|SA_SIGINFO
SIGUSR1: SIG_DFL, sa_mask[0]=00000000000000000000000000000000, sa_flags=none
SIGUSR2: [libjvm.so+0x919ab0], sa_mask[0]=00100000000000000000000000000000, sa_flags=SA_RESTART|SA_SIGINFO
SIGHUP: [libjvm.so+0x91aeb0], sa_mask[0]=11111111011111111101111111111110, sa_flags=SA_RESTART|SA_SIGINFO
SIGINT: [libjvm.so+0x91aeb0], sa_mask[0]=11111111011111111101111111111110, sa_flags=SA_RESTART|SA_SIGINFO
SIGTERM: [libjvm.so+0x91aeb0], sa_mask[0]=11111111011111111101111111111110, sa_flags=SA_RESTART|SA_SIGINFO
SIGQUIT: [libjvm.so+0x91aeb0], sa_mask[0]=11111111011111111101111111111110, sa_flags=SA_RESTART|SA_SIGINFO


---------------  S Y S T E M  ---------------

OS:NAME="Antergos Linux"
VERSION="2015.12-ISO-Rolling"
ID="antergos"
ID_LIKE="arch"
PRETTY_NAME="Antergos Linux"
CPE_NAME="cpe:/o:antergosproject:antergos:2015.12"
ANSI_COLOR="1;34;40"
HOME_URL="https://antergos.com/"
SUPPORT_URL="https://forum.antergos.com/"
BUG_REPORT_URL="https://github.com/antergos"


uname:Linux 4.4.1-2-ARCH #1 SMP PREEMPT Wed Feb 3 13:12:33 UTC 2016 x86_64
libc:glibc 2.22 NPTL 2.22 
rlimit: STACK 8192k, CORE 0k, NPROC 14900, NOFILE 4096, AS infinity
load average:1.48 2.25 1.77

/proc/meminfo:
MemTotal:        4007080 kB
MemFree:           37072 kB
MemAvailable:     112960 kB
Buffers:            1992 kB
Cached:           116168 kB
SwapCached:            0 kB
Active:          3671360 kB
Inactive:          73736 kB
Active(anon):    3629328 kB
Inactive(anon):    36448 kB
Active(file):      42032 kB
Inactive(file):    37288 kB
Unevictable:          80 kB
Mlocked:        34359738448 kB
SwapTotal:             0 kB
SwapFree:              0 kB
Dirty:              2156 kB
Writeback:             0 kB
AnonPages:       3627032 kB
Mapped:            99960 kB
Shmem:             38948 kB
Slab:              63256 kB
SReclaimable:      26148 kB
SUnreclaim:        37108 kB
KernelStack:       12368 kB
PageTables:        54644 kB
NFS_Unstable:          0 kB
Bounce:                0 kB
WritebackTmp:          0 kB
CommitLimit:     2003540 kB
Committed_AS:    9138580 kB
VmallocTotal:   34359738367 kB
VmallocUsed:           0 kB
VmallocChunk:          0 kB
HardwareCorrupted:     0 kB
AnonHugePages:   1542144 kB
HugePages_Total:       0
HugePages_Free:        0
HugePages_Rsvd:        0
HugePages_Surp:        0
Hugepagesize:       2048 kB
DirectMap4k:      145808 kB
DirectMap2M:     4003840 kB


CPU:total 4 (2 cores per cpu, 2 threads per core) family 6 model 42 stepping 7, cmov, cx8, fxsr, mmx, sse, sse2, sse3, ssse3, sse4.1, sse4.2, popcnt, avx, clmul, ht, tsc, tscinvbit

/proc/cpuinfo:
processor	: 0
vendor_id	: GenuineIntel
cpu family	: 6
model		: 42
model name	: Intel(R) Core(TM) i3-2120 CPU @ 3.30GHz
stepping	: 7
microcode	: 0x26
cpu MHz		: 3182.050
cache size	: 3072 KB
physical id	: 0
siblings	: 4
core id		: 0
cpu cores	: 2
apicid		: 0
initial apicid	: 0
fpu		: yes
fpu_exception	: yes
cpuid level	: 13
wp		: yes
flags		: fpu vme de pse tsc msr pae mce cx8 apic sep mtrr pge mca cmov pat pse36 clflush dts acpi mmx fxsr sse sse2 ss ht tm pbe syscall nx rdtscp lm constant_tsc arch_perfmon pebs bts rep_good nopl xtopology nonstop_tsc aperfmperf eagerfpu pni pclmulqdq dtes64 monitor ds_cpl vmx est tm2 ssse3 cx16 xtpr pdcm pcid sse4_1 sse4_2 popcnt tsc_deadline_timer xsave avx lahf_lm arat epb pln pts dtherm tpr_shadow vnmi flexpriority ept vpid xsaveopt
bugs		:
bogomips	: 6602.10
clflush size	: 64
cache_alignment	: 64
address sizes	: 36 bits physical, 48 bits virtual
power management:

processor	: 1
vendor_id	: GenuineIntel
cpu family	: 6
model		: 42
model name	: Intel(R) Core(TM) i3-2120 CPU @ 3.30GHz
stepping	: 7
microcode	: 0x26
cpu MHz		: 3299.871
cache size	: 3072 KB
physical id	: 0
siblings	: 4
core id		: 1
cpu cores	: 2
apicid		: 2
initial apicid	: 2
fpu		: yes
fpu_exception	: yes
cpuid level	: 13
wp		: yes
flags		: fpu vme de pse tsc msr pae mce cx8 apic sep mtrr pge mca cmov pat pse36 clflush dts acpi mmx fxsr sse sse2 ss ht tm pbe syscall nx rdtscp lm constant_tsc arch_perfmon pebs bts rep_good nopl xtopology nonstop_tsc aperfmperf eagerfpu pni pclmulqdq dtes64 monitor ds_cpl vmx est tm2 ssse3 cx16 xtpr pdcm pcid sse4_1 sse4_2 popcnt tsc_deadline_timer xsave avx lahf_lm arat epb pln pts dtherm tpr_shadow vnmi flexpriority ept vpid xsaveopt
bugs		:
bogomips	: 6602.10
clflush size	: 64
cache_alignment	: 64
address sizes	: 36 bits physical, 48 bits virtual
power management:

processor	: 2
vendor_id	: GenuineIntel
cpu family	: 6
model		: 42
model name	: Intel(R) Core(TM) i3-2120 CPU @ 3.30GHz
stepping	: 7
microcode	: 0x26
cpu MHz		: 3300.000
cache size	: 3072 KB
physical id	: 0
siblings	: 4
core id		: 0
cpu cores	: 2
apicid		: 1
initial apicid	: 1
fpu		: yes
fpu_exception	: yes
cpuid level	: 13
wp		: yes
flags		: fpu vme de pse tsc msr pae mce cx8 apic sep mtrr pge mca cmov pat pse36 clflush dts acpi mmx fxsr sse sse2 ss ht tm pbe syscall nx rdtscp lm constant_tsc arch_perfmon pebs bts rep_good nopl xtopology nonstop_tsc aperfmperf eagerfpu pni pclmulqdq dtes64 monitor ds_cpl vmx est tm2 ssse3 cx16 xtpr pdcm pcid sse4_1 sse4_2 popcnt tsc_deadline_timer xsave avx lahf_lm arat epb pln pts dtherm tpr_shadow vnmi flexpriority ept vpid xsaveopt
bugs		:
bogomips	: 6602.10
clflush size	: 64
cache_alignment	: 64
address sizes	: 36 bits physical, 48 bits virtual
power management:

processor	: 3
vendor_id	: GenuineIntel
cpu family	: 6
model		: 42
model name	: Intel(R) Core(TM) i3-2120 CPU @ 3.30GHz
stepping	: 7
microcode	: 0x26
cpu MHz		: 3300.000
cache size	: 3072 KB
physical id	: 0
siblings	: 4
core id		: 1
cpu cores	: 2
apicid		: 3
initial apicid	: 3
fpu		: yes
fpu_exception	: yes
cpuid level	: 13
wp		: yes
flags		: fpu vme de pse tsc msr pae mce cx8 apic sep mtrr pge mca cmov pat pse36 clflush dts acpi mmx fxsr sse sse2 ss ht tm pbe syscall nx rdtscp lm constant_tsc arch_perfmon pebs bts rep_good nopl xtopology nonstop_tsc aperfmperf eagerfpu pni pclmulqdq dtes64 monitor ds_cpl vmx est tm2 ssse3 cx16 xtpr pdcm pcid sse4_1 sse4_2 popcnt tsc_deadline_timer xsave avx lahf_lm arat epb pln pts dtherm tpr_shadow vnmi flexpriority ept vpid xsaveopt
bugs		:
bogomips	: 6602.10
clflush size	: 64
cache_alignment	: 64
address sizes	: 36 bits physical, 48 bits virtual
power management:



Memory: 4k page, physical 4007080k(37072k free), swap 0k(0k free)

vm_info: Java HotSpot(TM) 64-Bit Server VM (25.72-b15) for linux-amd64 JRE (1.8.0_72-b15), built on Dec 22 2015 22:00:07 by "java_re" with gcc 4.3.0 20080428 (Red Hat 4.3.0-8)

time: Thu Feb 18 21:58:32 2016
elapsed time: 2 seconds (0d 0h 0m 2s)

