#
# There is insufficient memory for the Java Runtime Environment to continue.
# Native memory allocation (mmap) failed to map 104857600 bytes for committing reserved memory.
# Possible reasons:
#   The system is out of physical RAM or swap space
#   In 32 bit mode, the process size limit was hit
# Possible solutions:
#   Reduce memory load on the system
#   Increase physical memory or swap space
#   Check if swap backing store is full
#   Use 64 bit Java on a 64 bit OS
#   Decrease Java heap size (-Xmx/-Xms)
#   Decrease number of Java threads
#   Decrease Java thread stack sizes (-Xss)
#   Set larger code cache with -XX:ReservedCodeCacheSize=
# This output file may be truncated or incomplete.
#
#  Out of Memory Error (os_linux.cpp:2627), pid=2887, tid=140647484839680
#
# JRE version: Java(TM) SE Runtime Environment (8.0_72-b15) (build 1.8.0_72-b15)
# Java VM: Java HotSpot(TM) 64-Bit Server VM (25.72-b15 mixed mode linux-amd64 compressed oops)
# Core dump written. Default location: /home/youngbin/shipped-android/app/core or core.2887
#

---------------  T H R E A D  ---------------

Current thread (0x00007feb20076800):  VMThread [stack: 0x00007feb0b4f5000,0x00007feb0b5f6000] [id=2897]

Stack: [0x00007feb0b4f5000,0x00007feb0b5f6000],  sp=0x00007feb0b5f4220,  free space=1020k
Native frames: (J=compiled Java code, j=interpreted, Vv=VM code, C=native code)
V  [libjvm.so+0xaba7ea]  VMError::report_and_die()+0x2ba
V  [libjvm.so+0x4f9e3b]  report_vm_out_of_memory(char const*, int, unsigned long, VMErrorType, char const*)+0x8b
V  [libjvm.so+0x91b613]  os::Linux::commit_memory_impl(char*, unsigned long, bool)+0x103
V  [libjvm.so+0x91bb69]  os::pd_commit_memory(char*, unsigned long, unsigned long, bool)+0x29
V  [libjvm.so+0x915e6a]  os::commit_memory(char*, unsigned long, unsigned long, bool)+0x2a
V  [libjvm.so+0x989543]  PSVirtualSpace::expand_by(unsigned long)+0x53
V  [libjvm.so+0x979e30]  PSOldGen::expand(unsigned long)+0x170
V  [libjvm.so+0x97a03b]  PSOldGen::resize(unsigned long)+0x1cb
V  [libjvm.so+0x981d11]  PSParallelCompact::invoke_no_policy(bool)+0x991
V  [libjvm.so+0x98766d]  PSScavenge::invoke()+0x1ad
V  [libjvm.so+0x93f300]  ParallelScavengeHeap::failed_mem_allocate(unsigned long)+0x70
V  [libjvm.so+0xabc207]  VM_ParallelGCFailedAllocation::doit()+0x97
V  [libjvm.so+0xac3c35]  VM_Operation::evaluate()+0x55
V  [libjvm.so+0xac200a]  VMThread::evaluate_operation(VM_Operation*)+0xba
V  [libjvm.so+0xac238e]  VMThread::loop()+0x1ce
V  [libjvm.so+0xac2800]  VMThread::run()+0x70
V  [libjvm.so+0x91d9d8]  java_start(Thread*)+0x108

VM_Operation (0x00007feb0a850a60): ParallelGCFailedAllocation, mode: safepoint, requested by thread 0x00007feb2025e800


---------------  P R O C E S S  ---------------

Java Threads: ( => current thread )
  0x00007feb20260000 JavaThread "pool-2-thread-4" [_thread_blocked, id=2910, stack(0x00007feb0a651000,0x00007feb0a752000)]
  0x00007feb2025e800 JavaThread "pool-2-thread-3" [_thread_blocked, id=2909, stack(0x00007feb0a752000,0x00007feb0a853000)]
  0x00007feb2025c800 JavaThread "pool-2-thread-2" [_thread_blocked, id=2908, stack(0x00007feb0a853000,0x00007feb0a954000)]
  0x00007feb2025a800 JavaThread "pool-3-thread-1" [_thread_blocked, id=2907, stack(0x00007feb0a954000,0x00007feb0aa55000)]
  0x00007feb20251000 JavaThread "pool-2-thread-1" [_thread_blocked, id=2906, stack(0x00007feb0aa55000,0x00007feb0ab56000)]
  0x00007feb200bf000 JavaThread "Service Thread" daemon [_thread_blocked, id=2904, stack(0x00007feb0ac95000,0x00007feb0ad96000)]
  0x00007feb200bb800 JavaThread "C1 CompilerThread2" daemon [_thread_blocked, id=2903, stack(0x00007feb0ad96000,0x00007feb0ae97000)]
  0x00007feb200ba000 JavaThread "C2 CompilerThread1" daemon [_thread_blocked, id=2902, stack(0x00007feb0ae97000,0x00007feb0af98000)]
  0x00007feb200b7000 JavaThread "C2 CompilerThread0" daemon [_thread_blocked, id=2901, stack(0x00007feb0af98000,0x00007feb0b099000)]
  0x00007feb200b5800 JavaThread "Signal Dispatcher" daemon [_thread_blocked, id=2900, stack(0x00007feb0b099000,0x00007feb0b19a000)]
  0x00007feb20082800 JavaThread "Finalizer" daemon [_thread_blocked, id=2899, stack(0x00007feb0b2f3000,0x00007feb0b3f4000)]
  0x00007feb2007e000 JavaThread "Reference Handler" daemon [_thread_blocked, id=2898, stack(0x00007feb0b3f4000,0x00007feb0b4f5000)]
  0x00007feb20008800 JavaThread "main" [_thread_blocked, id=2891, stack(0x00007feb2957e000,0x00007feb2967f000)]

Other Threads:
=>0x00007feb20076800 VMThread [stack: 0x00007feb0b4f5000,0x00007feb0b5f6000] [id=2897]
  0x00007feb200c1800 WatcherThread [stack: 0x00007feb0ab94000,0x00007feb0ac95000] [id=2905]

VM state:at safepoint (normal execution)

VM Mutex/Monitor currently owned by a thread:  ([mutex/lock_event])
[0x00007feb20005e80] ExpandHeap_lock - owner thread: 0x00007feb20076800
[0x00007feb20006500] Threads_lock - owner thread: 0x00007feb20076800
[0x00007feb20006a00] Heap_lock - owner thread: 0x00007feb2025e800

Heap:
 PSYoungGen      total 270848K, used 0K [0x00000000eab00000, 0x0000000100000000, 0x0000000100000000)
  eden space 201216K, 0% used [0x00000000eab00000,0x00000000eab00000,0x00000000f6f80000)
  from space 69632K, 0% used [0x00000000faf80000,0x00000000faf80000,0x00000000ff380000)
  to   space 65536K, 0% used [0x00000000f6f80000,0x00000000f6f80000,0x00000000faf80000)
 ParOldGen       total 260096K, used 248298K [0x00000000c0000000, 0x00000000cfe00000, 0x00000000eab00000)
  object space 260096K, 95% used [0x00000000c0000000,0x00000000cf27a940,0x00000000cfe00000)
 Metaspace       used 6571K, capacity 7320K, committed 7680K, reserved 1056768K
  class space    used 616K, capacity 656K, committed 768K, reserved 1048576K

Card table byte_map: [0x00007feb267a1000,0x00007feb269a2000] byte_map_base: 0x00007feb261a1000

Marking Bits: (ParMarkBitMap*) 0x00007feb28a8c100
 Begin Bits: [0x00007feb24247000, 0x00007feb25247000)
 End Bits:   [0x00007feb25247000, 0x00007feb26247000)

Polling page: 0x00007feb296b0000

CodeCache: size=245760Kb used=10891Kb max_used=10891Kb free=234868Kb
 bounds [0x00007feb11000000, 0x00007feb11ac0000, 0x00007feb20000000]
 total_blobs=2685 nmethods=2416 adapters=182
 compilation: enabled

Compilation events (10 events):
Event: 10.249 Thread 0x00007feb200b7000 nmethod 2621 0x00007feb11a97850 code [0x00007feb11a99300, 0x00007feb11aa1110]
Event: 10.249 Thread 0x00007feb200b7000 2642       4       com.android.dx.ssa.SsaBasicBlock::forEachInsn (37 bytes)
Event: 10.255 Thread 0x00007feb200bb800 2668 %     3       com.android.dx.cf.code.ValueAwareMachine::run @ 870 (1142 bytes)
Event: 10.259 Thread 0x00007feb200bb800 nmethod 2668% 0x00007feb11a90850 code [0x00007feb11a90de0, 0x00007feb11a95838]
Event: 10.259 Thread 0x00007feb200bb800 2669       3       com.android.dx.cf.code.ValueAwareMachine::run (1142 bytes)
Event: 10.263 Thread 0x00007feb200bb800 nmethod 2669 0x00007feb11aa9d10 code [0x00007feb11aaa2a0, 0x00007feb11aaec38]
Event: 10.326 Thread 0x00007feb200bb800 2671       2       com.android.dx.rop.cst.CstLong::make (9 bytes)
Event: 10.326 Thread 0x00007feb200bb800 nmethod 2671 0x00007feb11100310 code [0x00007feb11100460, 0x00007feb111005f0]
Event: 10.326 Thread 0x00007feb200bb800 2672       2       com.android.dx.rop.cst.CstLong::<init> (6 bytes)
Event: 10.326 Thread 0x00007feb200bb800 nmethod 2672 0x00007feb11138090 code [0x00007feb111381e0, 0x00007feb11138330]

GC Heap History (10 events):
Event: 6.656 GC heap after
Heap after GC invocations=15 (full 2):
 PSYoungGen      total 242176K, used 45506K [0x00000000eab00000, 0x0000000100000000, 0x0000000100000000)
  eden space 196608K, 0% used [0x00000000eab00000,0x00000000eab00000,0x00000000f6b00000)
  from space 45568K, 99% used [0x00000000f6b00000,0x00000000f9770bc8,0x00000000f9780000)
  to   space 78336K, 0% used [0x00000000fb380000,0x00000000fb380000,0x0000000100000000)
 ParOldGen       total 157696K, used 123343K [0x00000000c0000000, 0x00000000c9a00000, 0x00000000eab00000)
  object space 157696K, 78% used [0x00000000c0000000,0x00000000c7873e68,0x00000000c9a00000)
 Metaspace       used 6545K, capacity 7320K, committed 7680K, reserved 1056768K
  class space    used 616K, capacity 656K, committed 768K, reserved 1048576K
}
Event: 7.213 GC heap before
{Heap before GC invocations=16 (full 2):
 PSYoungGen      total 242176K, used 242114K [0x00000000eab00000, 0x0000000100000000, 0x0000000100000000)
  eden space 196608K, 100% used [0x00000000eab00000,0x00000000f6b00000,0x00000000f6b00000)
  from space 45568K, 99% used [0x00000000f6b00000,0x00000000f9770bc8,0x00000000f9780000)
  to   space 78336K, 0% used [0x00000000fb380000,0x00000000fb380000,0x0000000100000000)
 ParOldGen       total 157696K, used 123343K [0x00000000c0000000, 0x00000000c9a00000, 0x00000000eab00000)
  object space 157696K, 78% used [0x00000000c0000000,0x00000000c7873e68,0x00000000c9a00000)
 Metaspace       used 6558K, capacity 7320K, committed 7680K, reserved 1056768K
  class space    used 616K, capacity 656K, committed 768K, reserved 1048576K
Event: 7.895 GC heap after
Heap after GC invocations=16 (full 2):
 PSYoungGen      total 275456K, used 30246K [0x00000000eab00000, 0x0000000100000000, 0x0000000100000000)
  eden space 197120K, 0% used [0x00000000eab00000,0x00000000eab00000,0x00000000f6b80000)
  from space 78336K, 38% used [0x00000000fb380000,0x00000000fd1099f8,0x0000000100000000)
  to   space 73728K, 0% used [0x00000000f6b80000,0x00000000f6b80000,0x00000000fb380000)
 ParOldGen       total 169472K, used 168668K [0x00000000c0000000, 0x00000000ca580000, 0x00000000eab00000)
  object space 169472K, 99% used [0x00000000c0000000,0x00000000ca4b7270,0x00000000ca580000)
 Metaspace       used 6558K, capacity 7320K, committed 7680K, reserved 1056768K
  class space    used 616K, capacity 656K, committed 768K, reserved 1048576K
}
Event: 7.900 GC heap before
{Heap before GC invocations=17 (full 3):
 PSYoungGen      total 275456K, used 30246K [0x00000000eab00000, 0x0000000100000000, 0x0000000100000000)
  eden space 197120K, 0% used [0x00000000eab00000,0x00000000eab00000,0x00000000f6b80000)
  from space 78336K, 38% used [0x00000000fb380000,0x00000000fd1099f8,0x0000000100000000)
  to   space 73728K, 0% used [0x00000000f6b80000,0x00000000f6b80000,0x00000000fb380000)
 ParOldGen       total 169472K, used 168668K [0x00000000c0000000, 0x00000000ca580000, 0x00000000eab00000)
  object space 169472K, 99% used [0x00000000c0000000,0x00000000ca4b7270,0x00000000ca580000)
 Metaspace       used 6558K, capacity 7320K, committed 7680K, reserved 1056768K
  class space    used 616K, capacity 656K, committed 768K, reserved 1048576K
Event: 8.929 GC heap after
Heap after GC invocations=17 (full 3):
 PSYoungGen      total 275456K, used 25974K [0x00000000eab00000, 0x0000000100000000, 0x0000000100000000)
  eden space 197120K, 0% used [0x00000000eab00000,0x00000000eab00000,0x00000000f6b80000)
  from space 78336K, 33% used [0x00000000fb380000,0x00000000fccddbb0,0x0000000100000000)
  to   space 73728K, 0% used [0x00000000f6b80000,0x00000000f6b80000,0x00000000fb380000)
 ParOldGen       total 260096K, used 169131K [0x00000000c0000000, 0x00000000cfe00000, 0x00000000eab00000)
  object space 260096K, 65% used [0x00000000c0000000,0x00000000ca52ac90,0x00000000cfe00000)
 Metaspace       used 6558K, capacity 7320K, committed 7680K, reserved 1056768K
  class space    used 616K, capacity 656K, committed 768K, reserved 1048576K
}
Event: 9.683 GC heap before
{Heap before GC invocations=18 (full 3):
 PSYoungGen      total 275456K, used 223094K [0x00000000eab00000, 0x0000000100000000, 0x0000000100000000)
  eden space 197120K, 100% used [0x00000000eab00000,0x00000000f6b80000,0x00000000f6b80000)
  from space 78336K, 33% used [0x00000000fb380000,0x00000000fccddbb0,0x0000000100000000)
  to   space 73728K, 0% used [0x00000000f6b80000,0x00000000f6b80000,0x00000000fb380000)
 ParOldGen       total 260096K, used 169131K [0x00000000c0000000, 0x00000000cfe00000, 0x00000000eab00000)
  object space 260096K, 65% used [0x00000000c0000000,0x00000000ca52ac90,0x00000000cfe00000)
 Metaspace       used 6568K, capacity 7320K, committed 7680K, reserved 1056768K
  class space    used 616K, capacity 656K, committed 768K, reserved 1048576K
Event: 9.800 GC heap after
Heap after GC invocations=18 (full 3):
 PSYoungGen      total 225792K, used 28469K [0x00000000eab00000, 0x00000000ff380000, 0x0000000100000000)
  eden space 197120K, 0% used [0x00000000eab00000,0x00000000eab00000,0x00000000f6b80000)
  from space 28672K, 99% used [0x00000000f6b80000,0x00000000f874d508,0x00000000f8780000)
  to   space 69632K, 0% used [0x00000000faf80000,0x00000000faf80000,0x00000000ff380000)
 ParOldGen       total 260096K, used 193704K [0x00000000c0000000, 0x00000000cfe00000, 0x00000000eab00000)
  object space 260096K, 74% used [0x00000000c0000000,0x00000000cbd2a3e0,0x00000000cfe00000)
 Metaspace       used 6568K, capacity 7320K, committed 7680K, reserved 1056768K
  class space    used 616K, capacity 656K, committed 768K, reserved 1048576K
}
Event: 10.353 GC heap before
{Heap before GC invocations=19 (full 3):
 PSYoungGen      total 225792K, used 225589K [0x00000000eab00000, 0x00000000ff380000, 0x0000000100000000)
  eden space 197120K, 100% used [0x00000000eab00000,0x00000000f6b80000,0x00000000f6b80000)
  from space 28672K, 99% used [0x00000000f6b80000,0x00000000f874d508,0x00000000f8780000)
  to   space 69632K, 0% used [0x00000000faf80000,0x00000000faf80000,0x00000000ff380000)
 ParOldGen       total 260096K, used 193704K [0x00000000c0000000, 0x00000000cfe00000, 0x00000000eab00000)
  object space 260096K, 74% used [0x00000000c0000000,0x00000000cbd2a3e0,0x00000000cfe00000)
 Metaspace       used 6571K, capacity 7320K, committed 7680K, reserved 1056768K
  class space    used 616K, capacity 656K, committed 768K, reserved 1048576K
Event: 10.436 GC heap after
Heap after GC invocations=19 (full 3):
 PSYoungGen      total 270848K, used 28124K [0x00000000eab00000, 0x0000000100000000, 0x0000000100000000)
  eden space 201216K, 0% used [0x00000000eab00000,0x00000000eab00000,0x00000000f6f80000)
  from space 69632K, 40% used [0x00000000faf80000,0x00000000fcaf7360,0x00000000ff380000)
  to   space 65536K, 0% used [0x00000000f6f80000,0x00000000f6f80000,0x00000000faf80000)
 ParOldGen       total 260096K, used 220999K [0x00000000c0000000, 0x00000000cfe00000, 0x00000000eab00000)
  object space 260096K, 84% used [0x00000000c0000000,0x00000000cd7d1d50,0x00000000cfe00000)
 Metaspace       used 6571K, capacity 7320K, committed 7680K, reserved 1056768K
  class space    used 616K, capacity 656K, committed 768K, reserved 1048576K
}
Event: 10.437 GC heap before
{Heap before GC invocations=20 (full 4):
 PSYoungGen      total 270848K, used 28124K [0x00000000eab00000, 0x0000000100000000, 0x0000000100000000)
  eden space 201216K, 0% used [0x00000000eab00000,0x00000000eab00000,0x00000000f6f80000)
  from space 69632K, 40% used [0x00000000faf80000,0x00000000fcaf7360,0x00000000ff380000)
  to   space 65536K, 0% used [0x00000000f6f80000,0x00000000f6f80000,0x00000000faf80000)
 ParOldGen       total 260096K, used 220999K [0x00000000c0000000, 0x00000000cfe00000, 0x00000000eab00000)
  object space 260096K, 84% used [0x00000000c0000000,0x00000000cd7d1d50,0x00000000cfe00000)
 Metaspace       used 6571K, capacity 7320K, committed 7680K, reserved 1056768K
  class space    used 616K, capacity 656K, committed 768K, reserved 1048576K

Deoptimization events (10 events):
Event: 9.049 Thread 0x00007feb20008800 Uncommon trap: reason=class_check action=maybe_recompile pc=0x00007feb119ee564 method=com.android.dx.rop.code.RegisterSpec.withSimpleType()Lcom/android/dx/rop/code/RegisterSpec; @ 21
Event: 9.049 Thread 0x00007feb20008800 Uncommon trap: reason=class_check action=maybe_recompile pc=0x00007feb119ee564 method=com.android.dx.rop.code.RegisterSpec.withSimpleType()Lcom/android/dx/rop/code/RegisterSpec; @ 21
Event: 9.129 Thread 0x00007feb20008800 Uncommon trap: reason=class_check action=maybe_recompile pc=0x00007feb119ee564 method=com.android.dx.rop.code.RegisterSpec.withSimpleType()Lcom/android/dx/rop/code/RegisterSpec; @ 21
Event: 9.130 Thread 0x00007feb20008800 Uncommon trap: reason=class_check action=maybe_recompile pc=0x00007feb119ee564 method=com.android.dx.rop.code.RegisterSpec.withSimpleType()Lcom/android/dx/rop/code/RegisterSpec; @ 21
Event: 9.270 Thread 0x00007feb20008800 Uncommon trap: reason=bimorphic action=maybe_recompile pc=0x00007feb11918f08 method=com.android.dx.cf.code.BytecodeArray.parseInstruction(ILcom/android/dx/cf/code/BytecodeArray$Visitor;)I @ 2554
Event: 9.279 Thread 0x00007feb20008800 Uncommon trap: reason=bimorphic action=maybe_recompile pc=0x00007feb11918f08 method=com.android.dx.cf.code.BytecodeArray.parseInstruction(ILcom/android/dx/cf/code/BytecodeArray$Visitor;)I @ 2554
Event: 9.624 Thread 0x00007feb20251000 Uncommon trap: reason=unstable_if action=reinterpret pc=0x00007feb117f20cc method=java.util.HashMap.putVal(ILjava/lang/Object;Ljava/lang/Object;ZZ)Ljava/lang/Object; @ 109
Event: 9.987 Thread 0x00007feb2025e800 Uncommon trap: reason=unstable_if action=reinterpret pc=0x00007feb11980b9c method=com.android.dx.ssa.SsaBasicBlock.scheduleMovesFromPhis()V @ 63
Event: 10.331 Thread 0x00007feb20008800 Uncommon trap: reason=bimorphic action=maybe_recompile pc=0x00007feb11a9b648 method=com.android.dx.cf.code.BytecodeArray.parseInstruction(ILcom/android/dx/cf/code/BytecodeArray$Visitor;)I @ 1612
Event: 10.331 Thread 0x00007feb20008800 Uncommon trap: reason=bimorphic action=maybe_recompile pc=0x00007feb11a9b648 method=com.android.dx.cf.code.BytecodeArray.parseInstruction(ILcom/android/dx/cf/code/BytecodeArray$Visitor;)I @ 1612

Internal exceptions (6 events):
Event: 0.019 Thread 0x00007feb20008800 Exception <a 'java/lang/NoSuchMethodError': Method sun.misc.Unsafe.defineClass(Ljava/lang/String;[BII)Ljava/lang/Class; name or signature does not match> (0x00000000eab07cc0) thrown at [/HUDSON/workspace/8-2-build-linux-amd64/jdk8u72/5732/hotspot/src/shar
Event: 0.019 Thread 0x00007feb20008800 Exception <a 'java/lang/NoSuchMethodError': Method sun.misc.Unsafe.prefetchRead(Ljava/lang/Object;J)V name or signature does not match> (0x00000000eab07fa8) thrown at [/HUDSON/workspace/8-2-build-linux-amd64/jdk8u72/5732/hotspot/src/share/vm/prims/jni.cpp
Event: 0.720 Thread 0x00007feb2025c800 Implicit null exception at 0x00007feb112bd745 to 0x00007feb112c0251
Event: 1.918 Thread 0x00007feb20008800 Exception <a 'java/lang/ArrayIndexOutOfBoundsException': 18> (0x00000000ee2ddd88) thrown at [/HUDSON/workspace/8-2-build-linux-amd64/jdk8u72/5732/hotspot/src/share/vm/interpreter/interpreterRuntime.cpp, line 366]
Event: 1.919 Thread 0x00007feb20008800 Exception <a 'java/lang/ArrayIndexOutOfBoundsException': 145> (0x00000000ee2df908) thrown at [/HUDSON/workspace/8-2-build-linux-amd64/jdk8u72/5732/hotspot/src/share/vm/interpreter/interpreterRuntime.cpp, line 366]
Event: 1.919 Thread 0x00007feb20008800 Exception <a 'java/lang/ArrayIndexOutOfBoundsException': 40> (0x00000000ee2e0bf0) thrown at [/HUDSON/workspace/8-2-build-linux-amd64/jdk8u72/5732/hotspot/src/share/vm/interpreter/interpreterRuntime.cpp, line 366]

Events (10 events):
Event: 10.322 Thread 0x00007feb20251000 DEOPT UNPACKING pc=0x00007feb11047633 sp=0x00007feb0ab53a48 mode 0
Event: 10.331 Thread 0x00007feb20008800 Uncommon trap: trap_request=0xffffffc6 fr.pc=0x00007feb11a9b648
Event: 10.331 Thread 0x00007feb20008800 DEOPT PACKING pc=0x00007feb11a9b648 sp=0x00007feb2967c4f0
Event: 10.331 Thread 0x00007feb20008800 DEOPT UNPACKING pc=0x00007feb11005229 sp=0x00007feb2967c4a8 mode 2
Event: 10.331 Thread 0x00007feb20008800 Uncommon trap: trap_request=0xffffffc6 fr.pc=0x00007feb11a9b648
Event: 10.331 Thread 0x00007feb20008800 DEOPT PACKING pc=0x00007feb11a9b648 sp=0x00007feb2967c350
Event: 10.332 Thread 0x00007feb20008800 DEOPT UNPACKING pc=0x00007feb11005229 sp=0x00007feb2967c308 mode 2
Event: 10.345 Thread 0x00007feb20008800 DEOPT PACKING pc=0x00007feb1132036d sp=0x00007feb2967c4d0
Event: 10.345 Thread 0x00007feb20008800 DEOPT UNPACKING pc=0x00007feb11047633 sp=0x00007feb2967c258 mode 0
Event: 10.352 Executing VM operation: ParallelGCFailedAllocation


Dynamic libraries:
00400000-00401000 r-xp 00000000 08:06 399874                             /usr/lib/jvm/java-8-jdk/jre/bin/java
00600000-00601000 rw-p 00000000 08:06 399874                             /usr/lib/jvm/java-8-jdk/jre/bin/java
00885000-008a6000 rw-p 00000000 00:00 0                                  [heap]
c0000000-cfe00000 rw-p 00000000 00:00 0 
d6200000-eab00000 ---p 00000000 00:00 0 
eab00000-100000000 rw-p 00000000 00:00 0 
100000000-1000c0000 rw-p 00000000 00:00 0 
1000c0000-140000000 ---p 00000000 00:00 0 
7feac4000000-7feac4029000 rw-p 00000000 00:00 0 
7feac4029000-7feac8000000 ---p 00000000 00:00 0 
7feac8000000-7feac8027000 rw-p 00000000 00:00 0 
7feac8027000-7feacc000000 ---p 00000000 00:00 0 
7feacc000000-7feacc021000 rw-p 00000000 00:00 0 
7feacc021000-7fead0000000 ---p 00000000 00:00 0 
7fead0000000-7fead0046000 rw-p 00000000 00:00 0 
7fead0046000-7fead4000000 ---p 00000000 00:00 0 
7fead4000000-7fead4021000 rw-p 00000000 00:00 0 
7fead4021000-7fead8000000 ---p 00000000 00:00 0 
7fead8000000-7fead8032000 rw-p 00000000 00:00 0 
7fead8032000-7feadc000000 ---p 00000000 00:00 0 
7feadc000000-7feadc904000 rw-p 00000000 00:00 0 
7feadc904000-7feae0000000 ---p 00000000 00:00 0 
7feae0000000-7feae0021000 rw-p 00000000 00:00 0 
7feae0021000-7feae4000000 ---p 00000000 00:00 0 
7feae4000000-7feae5117000 rw-p 00000000 00:00 0 
7feae5117000-7feae8000000 ---p 00000000 00:00 0 
7feae8000000-7feae914e000 rw-p 00000000 00:00 0 
7feae914e000-7feaec000000 ---p 00000000 00:00 0 
7feaec000000-7feaec021000 rw-p 00000000 00:00 0 
7feaec021000-7feaf0000000 ---p 00000000 00:00 0 
7feaf0000000-7feaf0021000 rw-p 00000000 00:00 0 
7feaf0021000-7feaf4000000 ---p 00000000 00:00 0 
7feaf4000000-7feaf42be000 rw-p 00000000 00:00 0 
7feaf42be000-7feaf8000000 ---p 00000000 00:00 0 
7feaf8000000-7feaf8021000 rw-p 00000000 00:00 0 
7feaf8021000-7feafc000000 ---p 00000000 00:00 0 
7feafc000000-7feafc021000 rw-p 00000000 00:00 0 
7feafc021000-7feb00000000 ---p 00000000 00:00 0 
7feb00000000-7feb00021000 rw-p 00000000 00:00 0 
7feb00021000-7feb04000000 ---p 00000000 00:00 0 
7feb04000000-7feb04021000 rw-p 00000000 00:00 0 
7feb04021000-7feb08000000 ---p 00000000 00:00 0 
7feb0a651000-7feb0a654000 ---p 00000000 00:00 0 
7feb0a654000-7feb0a752000 rw-p 00000000 00:00 0                          [stack:2910]
7feb0a752000-7feb0a755000 ---p 00000000 00:00 0 
7feb0a755000-7feb0a853000 rw-p 00000000 00:00 0                          [stack:2909]
7feb0a853000-7feb0a856000 ---p 00000000 00:00 0 
7feb0a856000-7feb0a954000 rw-p 00000000 00:00 0                          [stack:2908]
7feb0a954000-7feb0a957000 ---p 00000000 00:00 0 
7feb0a957000-7feb0aa55000 rw-p 00000000 00:00 0                          [stack:2907]
7feb0aa55000-7feb0aa58000 ---p 00000000 00:00 0 
7feb0aa58000-7feb0ab56000 rw-p 00000000 00:00 0                          [stack:2906]
7feb0ab56000-7feb0ab94000 r--s 0034a000 08:06 13239760                   /home/youngbin/shipped-android/app/build/intermediates/transforms/jarMerging/debug/jars/1/1f/combined.jar
7feb0ab94000-7feb0ab95000 ---p 00000000 00:00 0 
7feb0ab95000-7feb0ac95000 rw-p 00000000 00:00 0                          [stack:2905]
7feb0ac95000-7feb0ac98000 ---p 00000000 00:00 0 
7feb0ac98000-7feb0ad96000 rw-p 00000000 00:00 0                          [stack:2904]
7feb0ad96000-7feb0ad99000 ---p 00000000 00:00 0 
7feb0ad99000-7feb0ae97000 rw-p 00000000 00:00 0                          [stack:2903]
7feb0ae97000-7feb0ae9a000 ---p 00000000 00:00 0 
7feb0ae9a000-7feb0af98000 rw-p 00000000 00:00 0                          [stack:2902]
7feb0af98000-7feb0af9b000 ---p 00000000 00:00 0 
7feb0af9b000-7feb0b099000 rw-p 00000000 00:00 0                          [stack:2901]
7feb0b099000-7feb0b09c000 ---p 00000000 00:00 0 
7feb0b09c000-7feb0b19a000 rw-p 00000000 00:00 0                          [stack:2900]
7feb0b19a000-7feb0b2f3000 r--p 00000000 08:06 178958                     /usr/lib/locale/locale-archive
7feb0b2f3000-7feb0b2f6000 ---p 00000000 00:00 0 
7feb0b2f6000-7feb0b3f4000 rw-p 00000000 00:00 0                          [stack:2899]
7feb0b3f4000-7feb0b3f7000 ---p 00000000 00:00 0 
7feb0b3f7000-7feb0b4f5000 rw-p 00000000 00:00 0                          [stack:2898]
7feb0b4f5000-7feb0b4f6000 ---p 00000000 00:00 0 
7feb0b4f6000-7feb0c000000 rw-p 00000000 00:00 0                          [stack:2897]
7feb0c000000-7feb0c021000 rw-p 00000000 00:00 0 
7feb0c021000-7feb10000000 ---p 00000000 00:00 0 
7feb10016000-7feb1003d000 r--p 00000000 08:06 133211                     /usr/share/locale/ko/LC_MESSAGES/libc.mo
7feb1003d000-7feb105b2000 rw-p 00000000 00:00 0 
7feb105b2000-7feb1078a000 r--s 03d1d000 08:06 399677                     /usr/lib/jvm/java-8-jdk/jre/lib/rt.jar
7feb1078a000-7feb10ec0000 rw-p 00000000 00:00 0 
7feb10ec0000-7feb11000000 ---p 00000000 00:00 0 
7feb11000000-7feb11ac0000 rwxp 00000000 00:00 0 
7feb11ac0000-7feb20000000 ---p 00000000 00:00 0 
7feb20000000-7feb203ad000 rw-p 00000000 00:00 0 
7feb203ad000-7feb24000000 ---p 00000000 00:00 0 
7feb24005000-7feb26247000 rw-p 00000000 00:00 0 
7feb26247000-7feb26248000 ---p 00000000 00:00 0 
7feb26248000-7feb26348000 rw-p 00000000 00:00 0                          [stack:2896]
7feb26348000-7feb26349000 ---p 00000000 00:00 0 
7feb26349000-7feb26449000 rw-p 00000000 00:00 0                          [stack:2895]
7feb26449000-7feb2644a000 ---p 00000000 00:00 0 
7feb2644a000-7feb2654a000 rw-p 00000000 00:00 0                          [stack:2894]
7feb2654a000-7feb2654b000 ---p 00000000 00:00 0 
7feb2654b000-7feb266ca000 rw-p 00000000 00:00 0                          [stack:2893]
7feb266ca000-7feb267a1000 ---p 00000000 00:00 0 
7feb267a1000-7feb26820000 rw-p 00000000 00:00 0 
7feb26820000-7feb268f6000 ---p 00000000 00:00 0 
7feb268f6000-7feb269a1000 rw-p 00000000 00:00 0 
7feb269a1000-7feb269cd000 rw-p 00000000 00:00 0 
7feb269cd000-7feb26d62000 ---p 00000000 00:00 0 
7feb26d62000-7feb26d7c000 r-xp 00000000 08:06 399785                     /usr/lib/jvm/java-8-jdk/jre/lib/amd64/libzip.so
7feb26d7c000-7feb26f7c000 ---p 0001a000 08:06 399785                     /usr/lib/jvm/java-8-jdk/jre/lib/amd64/libzip.so
7feb26f7c000-7feb26f7d000 rw-p 0001a000 08:06 399785                     /usr/lib/jvm/java-8-jdk/jre/lib/amd64/libzip.so
7feb26f7d000-7feb26f88000 r-xp 00000000 08:06 134352                     /usr/lib/libnss_files-2.23.so
7feb26f88000-7feb27187000 ---p 0000b000 08:06 134352                     /usr/lib/libnss_files-2.23.so
7feb27187000-7feb27188000 r--p 0000a000 08:06 134352                     /usr/lib/libnss_files-2.23.so
7feb27188000-7feb27189000 rw-p 0000b000 08:06 134352                     /usr/lib/libnss_files-2.23.so
7feb27189000-7feb2718f000 rw-p 00000000 00:00 0 
7feb2718f000-7feb271b9000 r-xp 00000000 08:06 399805                     /usr/lib/jvm/java-8-jdk/jre/lib/amd64/libjava.so
7feb271b9000-7feb273b9000 ---p 0002a000 08:06 399805                     /usr/lib/jvm/java-8-jdk/jre/lib/amd64/libjava.so
7feb273b9000-7feb273bb000 rw-p 0002a000 08:06 399805                     /usr/lib/jvm/java-8-jdk/jre/lib/amd64/libjava.so
7feb273bb000-7feb273c8000 r-xp 00000000 08:06 399791                     /usr/lib/jvm/java-8-jdk/jre/lib/amd64/libverify.so
7feb273c8000-7feb275c8000 ---p 0000d000 08:06 399791                     /usr/lib/jvm/java-8-jdk/jre/lib/amd64/libverify.so
7feb275c8000-7feb275ca000 rw-p 0000d000 08:06 399791                     /usr/lib/jvm/java-8-jdk/jre/lib/amd64/libverify.so
7feb275ca000-7feb275d1000 r-xp 00000000 08:06 134360                     /usr/lib/librt-2.23.so
7feb275d1000-7feb277d0000 ---p 00007000 08:06 134360                     /usr/lib/librt-2.23.so
7feb277d0000-7feb277d1000 r--p 00006000 08:06 134360                     /usr/lib/librt-2.23.so
7feb277d1000-7feb277d2000 rw-p 00007000 08:06 134360                     /usr/lib/librt-2.23.so
7feb277d2000-7feb278d5000 r-xp 00000000 08:06 134357                     /usr/lib/libm-2.23.so
7feb278d5000-7feb27ad5000 ---p 00103000 08:06 134357                     /usr/lib/libm-2.23.so
7feb27ad5000-7feb27ad6000 r--p 00103000 08:06 134357                     /usr/lib/libm-2.23.so
7feb27ad6000-7feb27ad7000 rw-p 00104000 08:06 134357                     /usr/lib/libm-2.23.so
7feb27ad7000-7feb28796000 r-xp 00000000 08:06 530091                     /usr/lib/jvm/java-8-jdk/jre/lib/amd64/server/libjvm.so
7feb28796000-7feb28995000 ---p 00cbf000 08:06 530091                     /usr/lib/jvm/java-8-jdk/jre/lib/amd64/server/libjvm.so
7feb28995000-7feb28a6e000 rw-p 00cbe000 08:06 530091                     /usr/lib/jvm/java-8-jdk/jre/lib/amd64/server/libjvm.so
7feb28a6e000-7feb28ab7000 rw-p 00000000 00:00 0 
7feb28ab7000-7feb28c4f000 r-xp 00000000 08:06 134281                     /usr/lib/libc-2.23.so
7feb28c4f000-7feb28e4e000 ---p 00198000 08:06 134281                     /usr/lib/libc-2.23.so
7feb28e4e000-7feb28e52000 r--p 00197000 08:06 134281                     /usr/lib/libc-2.23.so
7feb28e52000-7feb28e54000 rw-p 0019b000 08:06 134281                     /usr/lib/libc-2.23.so
7feb28e54000-7feb28e58000 rw-p 00000000 00:00 0 
7feb28e58000-7feb28e5a000 r-xp 00000000 08:06 134356                     /usr/lib/libdl-2.23.so
7feb28e5a000-7feb2905a000 ---p 00002000 08:06 134356                     /usr/lib/libdl-2.23.so
7feb2905a000-7feb2905b000 r--p 00002000 08:06 134356                     /usr/lib/libdl-2.23.so
7feb2905b000-7feb2905c000 rw-p 00003000 08:06 134356                     /usr/lib/libdl-2.23.so
7feb2905c000-7feb29071000 r-xp 00000000 08:06 530090                     /usr/lib/jvm/java-8-jdk/jre/lib/amd64/jli/libjli.so
7feb29071000-7feb29271000 ---p 00015000 08:06 530090                     /usr/lib/jvm/java-8-jdk/jre/lib/amd64/jli/libjli.so
7feb29271000-7feb29272000 rw-p 00015000 08:06 530090                     /usr/lib/jvm/java-8-jdk/jre/lib/amd64/jli/libjli.so
7feb29272000-7feb2928a000 r-xp 00000000 08:06 134256                     /usr/lib/libpthread-2.23.so
7feb2928a000-7feb29489000 ---p 00018000 08:06 134256                     /usr/lib/libpthread-2.23.so
7feb29489000-7feb2948a000 r--p 00017000 08:06 134256                     /usr/lib/libpthread-2.23.so
7feb2948a000-7feb2948b000 rw-p 00018000 08:06 134256                     /usr/lib/libpthread-2.23.so
7feb2948b000-7feb2948f000 rw-p 00000000 00:00 0 
7feb2948f000-7feb294b2000 r-xp 00000000 08:06 134280                     /usr/lib/ld-2.23.so
7feb294b9000-7feb2957e000 rw-p 00000000 00:00 0 
7feb2957e000-7feb29581000 ---p 00000000 00:00 0 
7feb29581000-7feb29683000 rw-p 00000000 00:00 0                          [stack:2891]
7feb29684000-7feb29693000 r--s 000df000 08:06 13763614                   /home/youngbin/Android/Sdk/build-tools/23.0.2/lib/dx.jar
7feb29693000-7feb296a7000 rw-p 00000000 00:00 0 
7feb296a7000-7feb296af000 rw-s 00000000 00:21 171617                     /tmp/hsperfdata_youngbin/2887
7feb296af000-7feb296b0000 rw-p 00000000 00:00 0 
7feb296b0000-7feb296b1000 ---p 00000000 00:00 0 
7feb296b1000-7feb296b2000 rw-p 00000000 00:00 0 
7feb296b2000-7feb296b3000 r--p 00023000 08:06 134280                     /usr/lib/ld-2.23.so
7feb296b3000-7feb296b4000 rw-p 00024000 08:06 134280                     /usr/lib/ld-2.23.so
7feb296b4000-7feb296b5000 rw-p 00000000 00:00 0 
7fffddfdc000-7fffddffd000 rw-p 00000000 00:00 0                          [stack]
7fffde125000-7fffde127000 r--p 00000000 00:00 0                          [vvar]
7fffde127000-7fffde129000 r-xp 00000000 00:00 0                          [vdso]
ffffffffff600000-ffffffffff601000 r-xp 00000000 00:00 0                  [vsyscall]

VM Arguments:
jvm_args: -Djava.awt.headless=true -Xmx1024M -Dfile.encoding=UTF-8 -Duser.country=KR -Duser.language=ko -Duser.variant 
java_command: com.android.dx.command.Main --dex --num-threads=4 --multi-dex --main-dex-list /home/youngbin/shipped-android/app/build/intermediates/multi-dex/debug/maindexlist.txt --output /home/youngbin/shipped-android/app/build/intermediates/transforms/dex/debug/folders/1000/1f/main /home/youngbin/shipped-android/app/build/intermediates/transforms/jarMerging/debug/jars/1/1f/combined.jar
java_class_path (initial): /home/youngbin/Android/Sdk/build-tools/23.0.2/lib/dx.jar
Launcher Type: SUN_STANDARD

Environment Variables:
PATH=/usr/local/sbin:/usr/local/bin:/usr/bin:/usr/lib/jvm/default/bin:/usr/bin/site_perl:/usr/bin/vendor_perl:/usr/bin/core_perl
USERNAME=youngbin
LD_LIBRARY_PATH=/home/youngbin/android-studio/bin:
SHELL=/usr/bin/fish
DISPLAY=:1

Signal Handlers:
SIGSEGV: [libjvm.so+0xabb070], sa_mask[0]=11111111011111111101111111111110, sa_flags=SA_RESTART|SA_SIGINFO
SIGBUS: [libjvm.so+0xabb070], sa_mask[0]=11111111011111111101111111111110, sa_flags=SA_RESTART|SA_SIGINFO
SIGFPE: [libjvm.so+0x918480], sa_mask[0]=11111111011111111101111111111110, sa_flags=SA_RESTART|SA_SIGINFO
SIGPIPE: [libjvm.so+0x918480], sa_mask[0]=11111111011111111101111111111110, sa_flags=SA_RESTART|SA_SIGINFO
SIGXFSZ: [libjvm.so+0x918480], sa_mask[0]=11111111011111111101111111111110, sa_flags=SA_RESTART|SA_SIGINFO
SIGILL: [libjvm.so+0x918480], sa_mask[0]=11111111011111111101111111111110, sa_flags=SA_RESTART|SA_SIGINFO
SIGUSR1: SIG_DFL, sa_mask[0]=00000000000000000000000000000000, sa_flags=none
SIGUSR2: [libjvm.so+0x919ab0], sa_mask[0]=00100000000000000000000000000000, sa_flags=SA_RESTART|SA_SIGINFO
SIGHUP: [libjvm.so+0x91aeb0], sa_mask[0]=11111111011111111101111111111110, sa_flags=SA_RESTART|SA_SIGINFO
SIGINT: [libjvm.so+0x91aeb0], sa_mask[0]=11111111011111111101111111111110, sa_flags=SA_RESTART|SA_SIGINFO
SIGTERM: [libjvm.so+0x91aeb0], sa_mask[0]=11111111011111111101111111111110, sa_flags=SA_RESTART|SA_SIGINFO
SIGQUIT: [libjvm.so+0x91aeb0], sa_mask[0]=11111111011111111101111111111110, sa_flags=SA_RESTART|SA_SIGINFO


---------------  S Y S T E M  ---------------

OS:NAME="Antergos Linux"
VERSION="2015.12-ISO-Rolling"
ID="antergos"
ID_LIKE="arch"
PRETTY_NAME="Antergos Linux"
CPE_NAME="cpe:/o:antergosproject:antergos:2015.12"
ANSI_COLOR="1;34;40"
HOME_URL="https://antergos.com/"
SUPPORT_URL="https://forum.antergos.com/"
BUG_REPORT_URL="https://github.com/antergos"


uname:Linux 4.4.1-2-ARCH #1 SMP PREEMPT Wed Feb 3 13:12:33 UTC 2016 x86_64
libc:glibc 2.23 NPTL 2.23 
rlimit: STACK 8192k, CORE infinity, NPROC 14900, NOFILE 4096, AS infinity
load average:10.47 3.02 1.44

/proc/meminfo:
MemTotal:        4007080 kB
MemFree:           35252 kB
MemAvailable:      81664 kB
Buffers:            1376 kB
Cached:            74048 kB
SwapCached:            0 kB
Active:          3715364 kB
Inactive:          48940 kB
Active(anon):    3691756 kB
Inactive(anon):    23828 kB
Active(file):      23608 kB
Inactive(file):    25112 kB
Unevictable:          80 kB
Mlocked:        34359738448 kB
SwapTotal:             0 kB
SwapFree:              0 kB
Dirty:                48 kB
Writeback:             0 kB
AnonPages:       3689540 kB
Mapped:            64148 kB
Shmem:             26128 kB
Slab:              62532 kB
SReclaimable:      27272 kB
SUnreclaim:        35260 kB
KernelStack:       10432 kB
PageTables:        44844 kB
NFS_Unstable:          0 kB
Bounce:                0 kB
WritebackTmp:          0 kB
CommitLimit:     2003540 kB
Committed_AS:    7690040 kB
VmallocTotal:   34359738367 kB
VmallocUsed:           0 kB
VmallocChunk:          0 kB
HardwareCorrupted:     0 kB
AnonHugePages:   1445888 kB
HugePages_Total:       0
HugePages_Free:        0
HugePages_Rsvd:        0
HugePages_Surp:        0
Hugepagesize:       2048 kB
DirectMap4k:      123280 kB
DirectMap2M:     4026368 kB


CPU:total 4 (2 cores per cpu, 2 threads per core) family 6 model 42 stepping 7, cmov, cx8, fxsr, mmx, sse, sse2, sse3, ssse3, sse4.1, sse4.2, popcnt, avx, clmul, ht, tsc, tscinvbit

/proc/cpuinfo:
processor	: 0
vendor_id	: GenuineIntel
cpu family	: 6
model		: 42
model name	: Intel(R) Core(TM) i3-2120 CPU @ 3.30GHz
stepping	: 7
microcode	: 0x26
cpu MHz		: 1875.328
cache size	: 3072 KB
physical id	: 0
siblings	: 4
core id		: 0
cpu cores	: 2
apicid		: 0
initial apicid	: 0
fpu		: yes
fpu_exception	: yes
cpuid level	: 13
wp		: yes
flags		: fpu vme de pse tsc msr pae mce cx8 apic sep mtrr pge mca cmov pat pse36 clflush dts acpi mmx fxsr sse sse2 ss ht tm pbe syscall nx rdtscp lm constant_tsc arch_perfmon pebs bts rep_good nopl xtopology nonstop_tsc aperfmperf eagerfpu pni pclmulqdq dtes64 monitor ds_cpl vmx est tm2 ssse3 cx16 xtpr pdcm pcid sse4_1 sse4_2 popcnt tsc_deadline_timer xsave avx lahf_lm arat epb pln pts dtherm tpr_shadow vnmi flexpriority ept vpid xsaveopt
bugs		:
bogomips	: 6602.91
clflush size	: 64
cache_alignment	: 64
address sizes	: 36 bits physical, 48 bits virtual
power management:

processor	: 1
vendor_id	: GenuineIntel
cpu family	: 6
model		: 42
model name	: Intel(R) Core(TM) i3-2120 CPU @ 3.30GHz
stepping	: 7
microcode	: 0x26
cpu MHz		: 1857.796
cache size	: 3072 KB
physical id	: 0
siblings	: 4
core id		: 1
cpu cores	: 2
apicid		: 2
initial apicid	: 2
fpu		: yes
fpu_exception	: yes
cpuid level	: 13
wp		: yes
flags		: fpu vme de pse tsc msr pae mce cx8 apic sep mtrr pge mca cmov pat pse36 clflush dts acpi mmx fxsr sse sse2 ss ht tm pbe syscall nx rdtscp lm constant_tsc arch_perfmon pebs bts rep_good nopl xtopology nonstop_tsc aperfmperf eagerfpu pni pclmulqdq dtes64 monitor ds_cpl vmx est tm2 ssse3 cx16 xtpr pdcm pcid sse4_1 sse4_2 popcnt tsc_deadline_timer xsave avx lahf_lm arat epb pln pts dtherm tpr_shadow vnmi flexpriority ept vpid xsaveopt
bugs		:
bogomips	: 6602.91
clflush size	: 64
cache_alignment	: 64
address sizes	: 36 bits physical, 48 bits virtual
power management:

processor	: 2
vendor_id	: GenuineIntel
cpu family	: 6
model		: 42
model name	: Intel(R) Core(TM) i3-2120 CPU @ 3.30GHz
stepping	: 7
microcode	: 0x26
cpu MHz		: 1819.125
cache size	: 3072 KB
physical id	: 0
siblings	: 4
core id		: 0
cpu cores	: 2
apicid		: 1
initial apicid	: 1
fpu		: yes
fpu_exception	: yes
cpuid level	: 13
wp		: yes
flags		: fpu vme de pse tsc msr pae mce cx8 apic sep mtrr pge mca cmov pat pse36 clflush dts acpi mmx fxsr sse sse2 ss ht tm pbe syscall nx rdtscp lm constant_tsc arch_perfmon pebs bts rep_good nopl xtopology nonstop_tsc aperfmperf eagerfpu pni pclmulqdq dtes64 monitor ds_cpl vmx est tm2 ssse3 cx16 xtpr pdcm pcid sse4_1 sse4_2 popcnt tsc_deadline_timer xsave avx lahf_lm arat epb pln pts dtherm tpr_shadow vnmi flexpriority ept vpid xsaveopt
bugs		:
bogomips	: 6602.91
clflush size	: 64
cache_alignment	: 64
address sizes	: 36 bits physical, 48 bits virtual
power management:

processor	: 3
vendor_id	: GenuineIntel
cpu family	: 6
model		: 42
model name	: Intel(R) Core(TM) i3-2120 CPU @ 3.30GHz
stepping	: 7
microcode	: 0x26
cpu MHz		: 1673.589
cache size	: 3072 KB
physical id	: 0
siblings	: 4
core id		: 1
cpu cores	: 2
apicid		: 3
initial apicid	: 3
fpu		: yes
fpu_exception	: yes
cpuid level	: 13
wp		: yes
flags		: fpu vme de pse tsc msr pae mce cx8 apic sep mtrr pge mca cmov pat pse36 clflush dts acpi mmx fxsr sse sse2 ss ht tm pbe syscall nx rdtscp lm constant_tsc arch_perfmon pebs bts rep_good nopl xtopology nonstop_tsc aperfmperf eagerfpu pni pclmulqdq dtes64 monitor ds_cpl vmx est tm2 ssse3 cx16 xtpr pdcm pcid sse4_1 sse4_2 popcnt tsc_deadline_timer xsave avx lahf_lm arat epb pln pts dtherm tpr_shadow vnmi flexpriority ept vpid xsaveopt
bugs		:
bogomips	: 6602.91
clflush size	: 64
cache_alignment	: 64
address sizes	: 36 bits physical, 48 bits virtual
power management:



Memory: 4k page, physical 4007080k(35252k free), swap 0k(0k free)

vm_info: Java HotSpot(TM) 64-Bit Server VM (25.72-b15) for linux-amd64 JRE (1.8.0_72-b15), built on Dec 22 2015 22:00:07 by "java_re" with gcc 4.3.0 20080428 (Red Hat 4.3.0-8)

time: Tue Feb 23 21:01:32 2016
elapsed time: 24 seconds (0d 0h 0m 24s)

