#
# There is insufficient memory for the Java Runtime Environment to continue.
# Native memory allocation (mmap) failed to map 90177536 bytes for committing reserved memory.
# Possible reasons:
#   The system is out of physical RAM or swap space
#   In 32 bit mode, the process size limit was hit
# Possible solutions:
#   Reduce memory load on the system
#   Increase physical memory or swap space
#   Check if swap backing store is full
#   Use 64 bit Java on a 64 bit OS
#   Decrease Java heap size (-Xmx/-Xms)
#   Decrease number of Java threads
#   Decrease Java thread stack sizes (-Xss)
#   Set larger code cache with -XX:ReservedCodeCacheSize=
# This output file may be truncated or incomplete.
#
#  Out of Memory Error (os_linux.cpp:2627), pid=9405, tid=139721394681600
#
# JRE version: Java(TM) SE Runtime Environment (8.0_72-b15) (build 1.8.0_72-b15)
# Java VM: Java HotSpot(TM) 64-Bit Server VM (25.72-b15 mixed mode linux-amd64 compressed oops)
# Core dump written. Default location: /home/youngbin/shipped-android/app/core or core.9405
#

---------------  T H R E A D  ---------------

Current thread (0x00007f1380076800):  VMThread [stack: 0x00007f136c08f000,0x00007f136c190000] [id=9415]

Stack: [0x00007f136c08f000,0x00007f136c190000],  sp=0x00007f136c18e320,  free space=1020k
Native frames: (J=compiled Java code, j=interpreted, Vv=VM code, C=native code)
V  [libjvm.so+0xaba7ea]  VMError::report_and_die()+0x2ba
V  [libjvm.so+0x4f9e3b]  report_vm_out_of_memory(char const*, int, unsigned long, VMErrorType, char const*)+0x8b
V  [libjvm.so+0x91b613]  os::Linux::commit_memory_impl(char*, unsigned long, bool)+0x103
V  [libjvm.so+0x91bb69]  os::pd_commit_memory(char*, unsigned long, unsigned long, bool)+0x29
V  [libjvm.so+0x915e6a]  os::commit_memory(char*, unsigned long, unsigned long, bool)+0x2a
V  [libjvm.so+0x989543]  PSVirtualSpace::expand_by(unsigned long)+0x53
V  [libjvm.so+0x979e30]  PSOldGen::expand(unsigned long)+0x170
V  [libjvm.so+0x97a03b]  PSOldGen::resize(unsigned long)+0x1cb
V  [libjvm.so+0x981d11]  PSParallelCompact::invoke_no_policy(bool)+0x991
V  [libjvm.so+0x98766d]  PSScavenge::invoke()+0x1ad
V  [libjvm.so+0x93f300]  ParallelScavengeHeap::failed_mem_allocate(unsigned long)+0x70
V  [libjvm.so+0xabc207]  VM_ParallelGCFailedAllocation::doit()+0x97
V  [libjvm.so+0xac3c35]  VM_Operation::evaluate()+0x55
V  [libjvm.so+0xac200a]  VMThread::evaluate_operation(VM_Operation*)+0xba
V  [libjvm.so+0xac238e]  VMThread::loop()+0x1ce
V  [libjvm.so+0xac2800]  VMThread::run()+0x70
V  [libjvm.so+0x91d9d8]  java_start(Thread*)+0x108

VM_Operation (0x00007f136749acc0): ParallelGCFailedAllocation, mode: safepoint, requested by thread 0x00007f1380274000


---------------  P R O C E S S  ---------------

Java Threads: ( => current thread )
  0x00007f1380277800 JavaThread "pool-2-thread-4" [_thread_blocked, id=9428, stack(0x00007f136719a000,0x00007f136729b000)]
  0x00007f1380276000 JavaThread "pool-2-thread-3" [_thread_blocked, id=9427, stack(0x00007f136729b000,0x00007f136739c000)]
  0x00007f1380274000 JavaThread "pool-2-thread-2" [_thread_blocked, id=9426, stack(0x00007f136739c000,0x00007f136749d000)]
  0x00007f1380272000 JavaThread "pool-3-thread-1" [_thread_blocked, id=9425, stack(0x00007f136749d000,0x00007f136759e000)]
  0x00007f1380270800 JavaThread "pool-2-thread-1" [_thread_blocked, id=9424, stack(0x00007f136759e000,0x00007f136769f000)]
  0x00007f13800bf000 JavaThread "Service Thread" daemon [_thread_blocked, id=9422, stack(0x00007f13677a0000,0x00007f13678a1000)]
  0x00007f13800bb800 JavaThread "C1 CompilerThread2" daemon [_thread_blocked, id=9421, stack(0x00007f13678a1000,0x00007f13679a2000)]
  0x00007f13800ba000 JavaThread "C2 CompilerThread1" daemon [_thread_blocked, id=9420, stack(0x00007f13679a2000,0x00007f1367aa3000)]
  0x00007f13800b7000 JavaThread "C2 CompilerThread0" daemon [_thread_in_native, id=9419, stack(0x00007f1367aa3000,0x00007f1367ba4000)]
  0x00007f13800b5800 JavaThread "Signal Dispatcher" daemon [_thread_blocked, id=9418, stack(0x00007f1367ba4000,0x00007f1367ca5000)]
  0x00007f1380082800 JavaThread "Finalizer" daemon [_thread_blocked, id=9417, stack(0x00007f1367dfe000,0x00007f1367eff000)]
  0x00007f138007e000 JavaThread "Reference Handler" daemon [_thread_blocked, id=9416, stack(0x00007f1367eff000,0x00007f1368000000)]
  0x00007f1380008800 JavaThread "main" [_thread_blocked, id=9407, stack(0x00007f13860db000,0x00007f13861dc000)]

Other Threads:
=>0x00007f1380076800 VMThread [stack: 0x00007f136c08f000,0x00007f136c190000] [id=9415]
  0x00007f13800c1800 WatcherThread [stack: 0x00007f136769f000,0x00007f13677a0000] [id=9423]

VM state:at safepoint (normal execution)

VM Mutex/Monitor currently owned by a thread:  ([mutex/lock_event])
[0x00007f1380005e80] ExpandHeap_lock - owner thread: 0x00007f1380076800
[0x00007f1380006500] Threads_lock - owner thread: 0x00007f1380076800
[0x00007f1380006a00] Heap_lock - owner thread: 0x00007f1380274000

Heap:
 PSYoungGen      total 276992K, used 46479K [0x00000000eab00000, 0x0000000100000000, 0x0000000100000000)
  eden space 204800K, 0% used [0x00000000eab00000,0x00000000eab00000,0x00000000f7300000)
  from space 72192K, 64% used [0x00000000f7300000,0x00000000fa063fe0,0x00000000fb980000)
  to   space 72192K, 0% used [0x00000000fb980000,0x00000000fb980000,0x0000000100000000)
 ParOldGen       total 152064K, used 151821K [0x00000000c0000000, 0x00000000c9480000, 0x00000000eab00000)
  object space 152064K, 99% used [0x00000000c0000000,0x00000000c9443510,0x00000000c9480000)
 Metaspace       used 6546K, capacity 7256K, committed 7424K, reserved 1056768K
  class space    used 616K, capacity 656K, committed 768K, reserved 1048576K

Card table byte_map: [0x00007f13701d7000,0x00007f13703d8000] byte_map_base: 0x00007f136fbd7000

Marking Bits: (ParMarkBitMap*) 0x00007f13855e9100
 Begin Bits: [0x00007f136dd7e000, 0x00007f136ed7e000)
 End Bits:   [0x00007f136ed7e000, 0x00007f136fd7e000)

Polling page: 0x00007f138620d000

CodeCache: size=245760Kb used=9992Kb max_used=9992Kb free=235768Kb
 bounds [0x00007f1370798000, 0x00007f1371168000, 0x00007f137f798000]
 total_blobs=2642 nmethods=2373 adapters=182
 compilation: enabled

Compilation events (10 events):
Event: 6.776 Thread 0x00007f13800bb800 2579       2       java.lang.Class::getGenericInfo (52 bytes)
Event: 6.777 Thread 0x00007f13800bb800 nmethod 2579 0x00007f137115b610 code [0x00007f137115b7a0, 0x00007f137115bbc8]
Event: 6.801 Thread 0x00007f13800bb800 2581       2       com.android.dx.rop.code.BasicBlock::getSecondarySuccessor (49 bytes)
Event: 6.801 Thread 0x00007f13800bb800 nmethod 2581 0x00007f1371120090 code [0x00007f1371120220, 0x00007f1371120488]
Event: 6.858 Thread 0x00007f13800bb800 2583  s    1       java.io.ByteArrayOutputStream::reset (6 bytes)
Event: 6.858 Thread 0x00007f13800bb800 nmethod 2583 0x00007f137115bf90 code [0x00007f137115c0e0, 0x00007f137115c350]
Event: 6.872 Thread 0x00007f13800bb800 2584   !   2       java.util.concurrent.ThreadPoolExecutor::addWorker (292 bytes)
Event: 6.874 Thread 0x00007f13800bb800 nmethod 2584 0x00007f137115c3d0 code [0x00007f137115c620, 0x00007f137115cf18]
Event: 6.913 Thread 0x00007f13800bb800 2585       3       com.android.dx.cf.code.OneLocalsArray::makeInitialized (55 bytes)
Event: 6.913 Thread 0x00007f13800bb800 nmethod 2585 0x00007f137115db90 code [0x00007f137115dd40, 0x00007f137115e3f8]

GC Heap History (10 events):
Event: 4.423 GC heap after
Heap after GC invocations=11 (full 1):
 PSYoungGen      total 244224K, used 29667K [0x00000000eab00000, 0x0000000100000000, 0x0000000100000000)
  eden space 214528K, 0% used [0x00000000eab00000,0x00000000eab00000,0x00000000f7c80000)
  from space 29696K, 99% used [0x00000000faf00000,0x00000000fcbf8fb8,0x00000000fcc00000)
  to   space 51712K, 0% used [0x00000000f7c80000,0x00000000f7c80000,0x00000000faf00000)
 ParOldGen       total 85504K, used 84998K [0x00000000c0000000, 0x00000000c5380000, 0x00000000eab00000)
  object space 85504K, 99% used [0x00000000c0000000,0x00000000c5301848,0x00000000c5380000)
 Metaspace       used 6518K, capacity 7256K, committed 7424K, reserved 1056768K
  class space    used 616K, capacity 656K, committed 768K, reserved 1048576K
}
Event: 4.423 GC heap before
{Heap before GC invocations=12 (full 2):
 PSYoungGen      total 244224K, used 29667K [0x00000000eab00000, 0x0000000100000000, 0x0000000100000000)
  eden space 214528K, 0% used [0x00000000eab00000,0x00000000eab00000,0x00000000f7c80000)
  from space 29696K, 99% used [0x00000000faf00000,0x00000000fcbf8fb8,0x00000000fcc00000)
  to   space 51712K, 0% used [0x00000000f7c80000,0x00000000f7c80000,0x00000000faf00000)
 ParOldGen       total 85504K, used 84998K [0x00000000c0000000, 0x00000000c5380000, 0x00000000eab00000)
  object space 85504K, 99% used [0x00000000c0000000,0x00000000c5301848,0x00000000c5380000)
 Metaspace       used 6518K, capacity 7256K, committed 7424K, reserved 1056768K
  class space    used 616K, capacity 656K, committed 768K, reserved 1048576K
Event: 4.956 GC heap after
Heap after GC invocations=12 (full 2):
 PSYoungGen      total 244224K, used 25514K [0x00000000eab00000, 0x0000000100000000, 0x0000000100000000)
  eden space 214528K, 0% used [0x00000000eab00000,0x00000000eab00000,0x00000000f7c80000)
  from space 29696K, 85% used [0x00000000faf00000,0x00000000fc7eab18,0x00000000fcc00000)
  to   space 51712K, 0% used [0x00000000f7c80000,0x00000000f7c80000,0x00000000faf00000)
 ParOldGen       total 152064K, used 85312K [0x00000000c0000000, 0x00000000c9480000, 0x00000000eab00000)
  object space 152064K, 56% used [0x00000000c0000000,0x00000000c5350210,0x00000000c9480000)
 Metaspace       used 6518K, capacity 7256K, committed 7424K, reserved 1056768K
  class space    used 616K, capacity 656K, committed 768K, reserved 1048576K
}
Event: 5.613 GC heap before
{Heap before GC invocations=13 (full 2):
 PSYoungGen      total 244224K, used 240042K [0x00000000eab00000, 0x0000000100000000, 0x0000000100000000)
  eden space 214528K, 100% used [0x00000000eab00000,0x00000000f7c80000,0x00000000f7c80000)
  from space 29696K, 85% used [0x00000000faf00000,0x00000000fc7eab18,0x00000000fcc00000)
  to   space 51712K, 0% used [0x00000000f7c80000,0x00000000f7c80000,0x00000000faf00000)
 ParOldGen       total 152064K, used 85312K [0x00000000c0000000, 0x00000000c9480000, 0x00000000eab00000)
  object space 152064K, 56% used [0x00000000c0000000,0x00000000c5350210,0x00000000c9480000)
 Metaspace       used 6522K, capacity 7256K, committed 7424K, reserved 1056768K
  class space    used 616K, capacity 656K, committed 768K, reserved 1048576K
Event: 5.708 GC heap after
Heap after GC invocations=13 (full 2):
 PSYoungGen      total 266240K, used 51708K [0x00000000eab00000, 0x0000000100000000, 0x0000000100000000)
  eden space 214528K, 0% used [0x00000000eab00000,0x00000000eab00000,0x00000000f7c80000)
  from space 51712K, 99% used [0x00000000f7c80000,0x00000000faeff120,0x00000000faf00000)
  to   space 62976K, 0% used [0x00000000fc280000,0x00000000fc280000,0x0000000100000000)
 ParOldGen       total 152064K, used 90611K [0x00000000c0000000, 0x00000000c9480000, 0x00000000eab00000)
  object space 152064K, 59% used [0x00000000c0000000,0x00000000c587ce18,0x00000000c9480000)
 Metaspace       used 6522K, capacity 7256K, committed 7424K, reserved 1056768K
  class space    used 616K, capacity 656K, committed 768K, reserved 1048576K
}
Event: 6.308 GC heap before
{Heap before GC invocations=14 (full 2):
 PSYoungGen      total 266240K, used 266236K [0x00000000eab00000, 0x0000000100000000, 0x0000000100000000)
  eden space 214528K, 100% used [0x00000000eab00000,0x00000000f7c80000,0x00000000f7c80000)
  from space 51712K, 99% used [0x00000000f7c80000,0x00000000faeff120,0x00000000faf00000)
  to   space 62976K, 0% used [0x00000000fc280000,0x00000000fc280000,0x0000000100000000)
 ParOldGen       total 152064K, used 90611K [0x00000000c0000000, 0x00000000c9480000, 0x00000000eab00000)
  object space 152064K, 59% used [0x00000000c0000000,0x00000000c587ce18,0x00000000c9480000)
 Metaspace       used 6528K, capacity 7256K, committed 7424K, reserved 1056768K
  class space    used 616K, capacity 656K, committed 768K, reserved 1048576K
Event: 6.419 GC heap after
Heap after GC invocations=14 (full 2):
 PSYoungGen      total 267776K, used 58332K [0x00000000eab00000, 0x0000000100000000, 0x0000000100000000)
  eden space 204800K, 0% used [0x00000000eab00000,0x00000000eab00000,0x00000000f7300000)
  from space 62976K, 92% used [0x00000000fc280000,0x00000000ffb77220,0x0000000100000000)
  to   space 72192K, 0% used [0x00000000f7300000,0x00000000f7300000,0x00000000fb980000)
 ParOldGen       total 152064K, used 115153K [0x00000000c0000000, 0x00000000c9480000, 0x00000000eab00000)
  object space 152064K, 75% used [0x00000000c0000000,0x00000000c7074440,0x00000000c9480000)
 Metaspace       used 6528K, capacity 7256K, committed 7424K, reserved 1056768K
  class space    used 616K, capacity 656K, committed 768K, reserved 1048576K
}
Event: 6.936 GC heap before
{Heap before GC invocations=15 (full 2):
 PSYoungGen      total 267776K, used 263132K [0x00000000eab00000, 0x0000000100000000, 0x0000000100000000)
  eden space 204800K, 100% used [0x00000000eab00000,0x00000000f7300000,0x00000000f7300000)
  from space 62976K, 92% used [0x00000000fc280000,0x00000000ffb77220,0x0000000100000000)
  to   space 72192K, 0% used [0x00000000f7300000,0x00000000f7300000,0x00000000fb980000)
 ParOldGen       total 152064K, used 115153K [0x00000000c0000000, 0x00000000c9480000, 0x00000000eab00000)
  object space 152064K, 75% used [0x00000000c0000000,0x00000000c7074440,0x00000000c9480000)
 Metaspace       used 6546K, capacity 7256K, committed 7424K, reserved 1056768K
  class space    used 616K, capacity 656K, committed 768K, reserved 1048576K
Event: 7.084 GC heap after
Heap after GC invocations=15 (full 2):
 PSYoungGen      total 276992K, used 72184K [0x00000000eab00000, 0x0000000100000000, 0x0000000100000000)
  eden space 204800K, 0% used [0x00000000eab00000,0x00000000eab00000,0x00000000f7300000)
  from space 72192K, 99% used [0x00000000f7300000,0x00000000fb97e1d8,0x00000000fb980000)
  to   space 72192K, 0% used [0x00000000fb980000,0x00000000fb980000,0x0000000100000000)
 ParOldGen       total 152064K, used 130446K [0x00000000c0000000, 0x00000000c9480000, 0x00000000eab00000)
  object space 152064K, 85% used [0x00000000c0000000,0x00000000c7f63968,0x00000000c9480000)
 Metaspace       used 6546K, capacity 7256K, committed 7424K, reserved 1056768K
  class space    used 616K, capacity 656K, committed 768K, reserved 1048576K
}
Event: 7.108 GC heap before
{Heap before GC invocations=16 (full 3):
 PSYoungGen      total 276992K, used 72184K [0x00000000eab00000, 0x0000000100000000, 0x0000000100000000)
  eden space 204800K, 0% used [0x00000000eab00000,0x00000000eab00000,0x00000000f7300000)
  from space 72192K, 99% used [0x00000000f7300000,0x00000000fb97e1d8,0x00000000fb980000)
  to   space 72192K, 0% used [0x00000000fb980000,0x00000000fb980000,0x0000000100000000)
 ParOldGen       total 152064K, used 130446K [0x00000000c0000000, 0x00000000c9480000, 0x00000000eab00000)
  object space 152064K, 85% used [0x00000000c0000000,0x00000000c7f63968,0x00000000c9480000)
 Metaspace       used 6546K, capacity 7256K, committed 7424K, reserved 1056768K
  class space    used 616K, capacity 656K, committed 768K, reserved 1048576K

Deoptimization events (10 events):
Event: 3.269 Thread 0x00007f1380270800 Uncommon trap: reason=class_check action=maybe_recompile pc=0x00007f1370f75798 method=com.android.dx.rop.code.RegisterSpec.withSimpleType()Lcom/android/dx/rop/code/RegisterSpec; @ 21
Event: 3.270 Thread 0x00007f1380270800 Uncommon trap: reason=class_check action=maybe_recompile pc=0x00007f1370f75798 method=com.android.dx.rop.code.RegisterSpec.withSimpleType()Lcom/android/dx/rop/code/RegisterSpec; @ 21
Event: 3.305 Thread 0x00007f1380270800 Uncommon trap: reason=class_check action=maybe_recompile pc=0x00007f1370f75798 method=com.android.dx.rop.code.RegisterSpec.withSimpleType()Lcom/android/dx/rop/code/RegisterSpec; @ 21
Event: 3.776 Thread 0x00007f1380276000 Uncommon trap: reason=unstable_if action=reinterpret pc=0x00007f1370e484f0 method=com.android.dx.ssa.SCCP.simulateBranch(Lcom/android/dx/ssa/SsaInsn;)V @ 548
Event: 4.177 Thread 0x00007f1380008800 Uncommon trap: reason=bimorphic action=maybe_recompile pc=0x00007f1371031b08 method=com.android.dx.cf.code.BytecodeArray.parseInstruction(ILcom/android/dx/cf/code/BytecodeArray$Visitor;)I @ 1357
Event: 4.177 Thread 0x00007f1380008800 Uncommon trap: reason=bimorphic action=maybe_recompile pc=0x00007f1371031b08 method=com.android.dx.cf.code.BytecodeArray.parseInstruction(ILcom/android/dx/cf/code/BytecodeArray$Visitor;)I @ 1357
Event: 5.274 Thread 0x00007f1380270800 Uncommon trap: reason=unstable_if action=reinterpret pc=0x00007f137105c61c method=com.android.dx.rop.code.RegisterSpecSet.localItemToSpec(Lcom/android/dx/rop/code/LocalItem;)Lcom/android/dx/rop/code/RegisterSpec; @ 35
Event: 5.404 Thread 0x00007f1380274000 Uncommon trap: reason=unstable_if action=reinterpret pc=0x00007f13710cbdd8 method=com.android.dx.rop.code.RegisterSpecSet.localItemToSpec(Lcom/android/dx/rop/code/LocalItem;)Lcom/android/dx/rop/code/RegisterSpec; @ 35
Event: 5.409 Thread 0x00007f1380008800 Uncommon trap: reason=unstable_if action=reinterpret pc=0x00007f13710c1288 method=com.android.dx.cf.code.BaseMachine.getLocalTarget(Z)Lcom/android/dx/rop/code/RegisterSpec; @ 131
Event: 6.280 Thread 0x00007f1380276000 Uncommon trap: reason=unstable_if action=reinterpret pc=0x00007f1371129ff0 method=com.android.dx.ssa.SCCP.simulateBranch(Lcom/android/dx/ssa/SsaInsn;)V @ 140

Internal exceptions (7 events):
Event: 0.019 Thread 0x00007f1380008800 Exception <a 'java/lang/NoSuchMethodError': Method sun.misc.Unsafe.defineClass(Ljava/lang/String;[BII)Ljava/lang/Class; name or signature does not match> (0x00000000eab07cc0) thrown at [/HUDSON/workspace/8-2-build-linux-amd64/jdk8u72/5732/hotspot/src/shar
Event: 0.019 Thread 0x00007f1380008800 Exception <a 'java/lang/NoSuchMethodError': Method sun.misc.Unsafe.prefetchRead(Ljava/lang/Object;J)V name or signature does not match> (0x00000000eab07fa8) thrown at [/HUDSON/workspace/8-2-build-linux-amd64/jdk8u72/5732/hotspot/src/share/vm/prims/jni.cpp
Event: 0.700 Thread 0x00007f1380270800 Implicit null exception at 0x00007f1370a88844 to 0x00007f1370a8b3a9
Event: 0.921 Thread 0x00007f1380270800 Implicit null exception at 0x00007f1370aeda89 to 0x00007f1370af04e5
Event: 1.864 Thread 0x00007f1380276000 Exception <a 'java/lang/ArrayIndexOutOfBoundsException': 18> (0x00000000ee838730) thrown at [/HUDSON/workspace/8-2-build-linux-amd64/jdk8u72/5732/hotspot/src/share/vm/interpreter/interpreterRuntime.cpp, line 366]
Event: 1.865 Thread 0x00007f1380276000 Exception <a 'java/lang/ArrayIndexOutOfBoundsException': 145> (0x00000000ee83a2b0) thrown at [/HUDSON/workspace/8-2-build-linux-amd64/jdk8u72/5732/hotspot/src/share/vm/interpreter/interpreterRuntime.cpp, line 366]
Event: 1.866 Thread 0x00007f1380276000 Exception <a 'java/lang/ArrayIndexOutOfBoundsException': 40> (0x00000000ee83b598) thrown at [/HUDSON/workspace/8-2-build-linux-amd64/jdk8u72/5732/hotspot/src/share/vm/interpreter/interpreterRuntime.cpp, line 366]

Events (10 events):
Event: 6.280 Thread 0x00007f1380276000 DEOPT UNPACKING pc=0x00007f137079d229 sp=0x00007f1367399c20 mode 2
Event: 6.307 Executing VM operation: ParallelGCFailedAllocation
Event: 6.419 Executing VM operation: ParallelGCFailedAllocation done
Event: 6.534 Thread 0x00007f1380008800 DEOPT PACKING pc=0x00007f1370d8cfe1 sp=0x00007f13861d9950
Event: 6.534 Thread 0x00007f1380008800 DEOPT UNPACKING pc=0x00007f13707df633 sp=0x00007f13861d9660 mode 0
Event: 6.552 Thread 0x00007f1380276000 DEOPT PACKING pc=0x00007f1370e57427 sp=0x00007f13673998e0
Event: 6.552 Thread 0x00007f1380276000 DEOPT UNPACKING pc=0x00007f13707df633 sp=0x00007f1367399640 mode 0
Event: 6.666 Thread 0x00007f1380276000 DEOPT PACKING pc=0x00007f1370de1175 sp=0x00007f1367399e60
Event: 6.666 Thread 0x00007f1380276000 DEOPT UNPACKING pc=0x00007f13707df633 sp=0x00007f1367399bf0 mode 0
Event: 6.936 Executing VM operation: ParallelGCFailedAllocation


Dynamic libraries:
00400000-00401000 r-xp 00000000 08:06 399874                             /usr/lib/jvm/java-8-jdk/jre/bin/java
00600000-00601000 rw-p 00000000 08:06 399874                             /usr/lib/jvm/java-8-jdk/jre/bin/java
00eac000-00ecd000 rw-p 00000000 00:00 0                                  [heap]
c0000000-c9480000 rw-p 00000000 00:00 0 
cea80000-eab00000 ---p 00000000 00:00 0 
eab00000-100000000 rw-p 00000000 00:00 0 
100000000-1000c0000 rw-p 00000000 00:00 0 
1000c0000-140000000 ---p 00000000 00:00 0 
7f1318000000-7f1318029000 rw-p 00000000 00:00 0 
7f1318029000-7f131c000000 ---p 00000000 00:00 0 
7f1320000000-7f1320021000 rw-p 00000000 00:00 0 
7f1320021000-7f1324000000 ---p 00000000 00:00 0 
7f1324000000-7f1324021000 rw-p 00000000 00:00 0 
7f1324021000-7f1328000000 ---p 00000000 00:00 0 
7f1328000000-7f132802a000 rw-p 00000000 00:00 0 
7f132802a000-7f132c000000 ---p 00000000 00:00 0 
7f132c000000-7f132c021000 rw-p 00000000 00:00 0 
7f132c021000-7f1330000000 ---p 00000000 00:00 0 
7f1330000000-7f1330021000 rw-p 00000000 00:00 0 
7f1330021000-7f1334000000 ---p 00000000 00:00 0 
7f1334000000-7f1334021000 rw-p 00000000 00:00 0 
7f1334021000-7f1338000000 ---p 00000000 00:00 0 
7f1338000000-7f13391a8000 rw-p 00000000 00:00 0 
7f13391a8000-7f133c000000 ---p 00000000 00:00 0 
7f133c000000-7f133c95c000 rw-p 00000000 00:00 0 
7f133c95c000-7f1340000000 ---p 00000000 00:00 0 
7f1340000000-7f1340021000 rw-p 00000000 00:00 0 
7f1340021000-7f1344000000 ---p 00000000 00:00 0 
7f1344000000-7f1345081000 rw-p 00000000 00:00 0 
7f1345081000-7f1348000000 ---p 00000000 00:00 0 
7f1348000000-7f1348021000 rw-p 00000000 00:00 0 
7f1348021000-7f134c000000 ---p 00000000 00:00 0 
7f134c000000-7f134c021000 rw-p 00000000 00:00 0 
7f134c021000-7f1350000000 ---p 00000000 00:00 0 
7f1350000000-7f1350021000 rw-p 00000000 00:00 0 
7f1350021000-7f1354000000 ---p 00000000 00:00 0 
7f1354000000-7f13542b6000 rw-p 00000000 00:00 0 
7f13542b6000-7f1358000000 ---p 00000000 00:00 0 
7f1358000000-7f1358021000 rw-p 00000000 00:00 0 
7f1358021000-7f135c000000 ---p 00000000 00:00 0 
7f1360000000-7f1360021000 rw-p 00000000 00:00 0 
7f1360021000-7f1364000000 ---p 00000000 00:00 0 
7f136719a000-7f136719d000 ---p 00000000 00:00 0 
7f136719d000-7f136729b000 rw-p 00000000 00:00 0                          [stack:9428]
7f136729b000-7f136729e000 ---p 00000000 00:00 0 
7f136729e000-7f136739c000 rw-p 00000000 00:00 0                          [stack:9427]
7f136739c000-7f136739f000 ---p 00000000 00:00 0 
7f136739f000-7f136749d000 rw-p 00000000 00:00 0                          [stack:9426]
7f136749d000-7f13674a0000 ---p 00000000 00:00 0 
7f13674a0000-7f136759e000 rw-p 00000000 00:00 0                          [stack:9425]
7f136759e000-7f13675a1000 ---p 00000000 00:00 0 
7f13675a1000-7f136769f000 rw-p 00000000 00:00 0                          [stack:9424]
7f136769f000-7f13676a0000 ---p 00000000 00:00 0 
7f13676a0000-7f13677a0000 rw-p 00000000 00:00 0                          [stack:9423]
7f13677a0000-7f13677a3000 ---p 00000000 00:00 0 
7f13677a3000-7f13678a1000 rw-p 00000000 00:00 0                          [stack:9422]
7f13678a1000-7f13678a4000 ---p 00000000 00:00 0 
7f13678a4000-7f13679a2000 rw-p 00000000 00:00 0                          [stack:9421]
7f13679a2000-7f13679a5000 ---p 00000000 00:00 0 
7f13679a5000-7f1367aa3000 rw-p 00000000 00:00 0                          [stack:9420]
7f1367aa3000-7f1367aa6000 ---p 00000000 00:00 0 
7f1367aa6000-7f1367ba4000 rw-p 00000000 00:00 0                          [stack:9419]
7f1367ba4000-7f1367ba7000 ---p 00000000 00:00 0 
7f1367ba7000-7f1367ca5000 rw-p 00000000 00:00 0                          [stack:9418]
7f1367ca5000-7f1367dfe000 r--p 00000000 08:06 178958                     /usr/lib/locale/locale-archive
7f1367dfe000-7f1367e01000 ---p 00000000 00:00 0 
7f1367e01000-7f1367eff000 rw-p 00000000 00:00 0                          [stack:9417]
7f1367eff000-7f1367f02000 ---p 00000000 00:00 0 
7f1367f02000-7f1368000000 rw-p 00000000 00:00 0                          [stack:9416]
7f1368000000-7f1368021000 rw-p 00000000 00:00 0 
7f1368021000-7f136c000000 ---p 00000000 00:00 0 
7f136c02a000-7f136c051000 r--p 00000000 08:06 133211                     /usr/share/locale/ko/LC_MESSAGES/libc.mo
7f136c051000-7f136c08f000 r--s 0034a000 08:06 13239731                   /home/youngbin/shipped-android/app/build/intermediates/transforms/jarMerging/debug/jars/1/1f/combined.jar
7f136c08f000-7f136c090000 ---p 00000000 00:00 0 
7f136c090000-7f136d130000 rw-p 00000000 00:00 0                          [stack:9415]
7f136d130000-7f136d308000 r--s 03d1d000 08:06 399677                     /usr/lib/jvm/java-8-jdk/jre/lib/rt.jar
7f136d308000-7f136d9fe000 rw-p 00000000 00:00 0 
7f136d9fe000-7f136db7e000 ---p 00000000 00:00 0 
7f136db7e000-7f136fd7e000 rw-p 00000000 00:00 0 
7f136fd7e000-7f136fd7f000 ---p 00000000 00:00 0 
7f136fd7f000-7f136fe7f000 rw-p 00000000 00:00 0                          [stack:9414]
7f136fe7f000-7f136fe80000 ---p 00000000 00:00 0 
7f136fe80000-7f136ff80000 rw-p 00000000 00:00 0                          [stack:9413]
7f136ff80000-7f136ff81000 ---p 00000000 00:00 0 
7f136ff81000-7f13700cc000 rw-p 00000000 00:00 0                          [stack:9412]
7f13700cc000-7f13701d7000 ---p 00000000 00:00 0 
7f13701d7000-7f1370222000 rw-p 00000000 00:00 0 
7f1370222000-7f137032c000 ---p 00000000 00:00 0 
7f137032c000-7f13703d7000 rw-p 00000000 00:00 0 
7f13703d7000-7f1370400000 rw-p 00000000 00:00 0 
7f1370400000-7f1370798000 ---p 00000000 00:00 0 
7f1370798000-7f1371168000 rwxp 00000000 00:00 0 
7f1371168000-7f137f798000 ---p 00000000 00:00 0 
7f137f798000-7f137f7b2000 r-xp 00000000 08:06 399785                     /usr/lib/jvm/java-8-jdk/jre/lib/amd64/libzip.so
7f137f7b2000-7f137f9b2000 ---p 0001a000 08:06 399785                     /usr/lib/jvm/java-8-jdk/jre/lib/amd64/libzip.so
7f137f9b2000-7f137f9b3000 rw-p 0001a000 08:06 399785                     /usr/lib/jvm/java-8-jdk/jre/lib/amd64/libzip.so
7f137f9b3000-7f137f9be000 r-xp 00000000 08:06 134352                     /usr/lib/libnss_files-2.23.so
7f137f9be000-7f137fbbd000 ---p 0000b000 08:06 134352                     /usr/lib/libnss_files-2.23.so
7f137fbbd000-7f137fbbe000 r--p 0000a000 08:06 134352                     /usr/lib/libnss_files-2.23.so
7f137fbbe000-7f137fbbf000 rw-p 0000b000 08:06 134352                     /usr/lib/libnss_files-2.23.so
7f137fbbf000-7f137fbc5000 rw-p 00000000 00:00 0 
7f137fbc5000-7f137fbef000 r-xp 00000000 08:06 399805                     /usr/lib/jvm/java-8-jdk/jre/lib/amd64/libjava.so
7f137fbef000-7f137fdef000 ---p 0002a000 08:06 399805                     /usr/lib/jvm/java-8-jdk/jre/lib/amd64/libjava.so
7f137fdef000-7f137fdf1000 rw-p 0002a000 08:06 399805                     /usr/lib/jvm/java-8-jdk/jre/lib/amd64/libjava.so
7f137fdf1000-7f137fdfe000 r-xp 00000000 08:06 399791                     /usr/lib/jvm/java-8-jdk/jre/lib/amd64/libverify.so
7f137fdfe000-7f137fffe000 ---p 0000d000 08:06 399791                     /usr/lib/jvm/java-8-jdk/jre/lib/amd64/libverify.so
7f137fffe000-7f1380000000 rw-p 0000d000 08:06 399791                     /usr/lib/jvm/java-8-jdk/jre/lib/amd64/libverify.so
7f1380000000-7f138039d000 rw-p 00000000 00:00 0 
7f138039d000-7f1384000000 ---p 00000000 00:00 0 
7f1384005000-7f1384026000 rw-p 00000000 00:00 0 
7f1384026000-7f1384027000 ---p 00000000 00:00 0 
7f1384027000-7f1384127000 rw-p 00000000 00:00 0                          [stack:9411]
7f1384127000-7f138412e000 r-xp 00000000 08:06 134360                     /usr/lib/librt-2.23.so
7f138412e000-7f138432d000 ---p 00007000 08:06 134360                     /usr/lib/librt-2.23.so
7f138432d000-7f138432e000 r--p 00006000 08:06 134360                     /usr/lib/librt-2.23.so
7f138432e000-7f138432f000 rw-p 00007000 08:06 134360                     /usr/lib/librt-2.23.so
7f138432f000-7f1384432000 r-xp 00000000 08:06 134357                     /usr/lib/libm-2.23.so
7f1384432000-7f1384632000 ---p 00103000 08:06 134357                     /usr/lib/libm-2.23.so
7f1384632000-7f1384633000 r--p 00103000 08:06 134357                     /usr/lib/libm-2.23.so
7f1384633000-7f1384634000 rw-p 00104000 08:06 134357                     /usr/lib/libm-2.23.so
7f1384634000-7f13852f3000 r-xp 00000000 08:06 530091                     /usr/lib/jvm/java-8-jdk/jre/lib/amd64/server/libjvm.so
7f13852f3000-7f13854f2000 ---p 00cbf000 08:06 530091                     /usr/lib/jvm/java-8-jdk/jre/lib/amd64/server/libjvm.so
7f13854f2000-7f13855cb000 rw-p 00cbe000 08:06 530091                     /usr/lib/jvm/java-8-jdk/jre/lib/amd64/server/libjvm.so
7f13855cb000-7f1385614000 rw-p 00000000 00:00 0 
7f1385614000-7f13857ac000 r-xp 00000000 08:06 134281                     /usr/lib/libc-2.23.so
7f13857ac000-7f13859ab000 ---p 00198000 08:06 134281                     /usr/lib/libc-2.23.so
7f13859ab000-7f13859af000 r--p 00197000 08:06 134281                     /usr/lib/libc-2.23.so
7f13859af000-7f13859b1000 rw-p 0019b000 08:06 134281                     /usr/lib/libc-2.23.so
7f13859b1000-7f13859b5000 rw-p 00000000 00:00 0 
7f13859b5000-7f13859b7000 r-xp 00000000 08:06 134356                     /usr/lib/libdl-2.23.so
7f13859b7000-7f1385bb7000 ---p 00002000 08:06 134356                     /usr/lib/libdl-2.23.so
7f1385bb7000-7f1385bb8000 r--p 00002000 08:06 134356                     /usr/lib/libdl-2.23.so
7f1385bb8000-7f1385bb9000 rw-p 00003000 08:06 134356                     /usr/lib/libdl-2.23.so
7f1385bb9000-7f1385bce000 r-xp 00000000 08:06 530090                     /usr/lib/jvm/java-8-jdk/jre/lib/amd64/jli/libjli.so
7f1385bce000-7f1385dce000 ---p 00015000 08:06 530090                     /usr/lib/jvm/java-8-jdk/jre/lib/amd64/jli/libjli.so
7f1385dce000-7f1385dcf000 rw-p 00015000 08:06 530090                     /usr/lib/jvm/java-8-jdk/jre/lib/amd64/jli/libjli.so
7f1385dcf000-7f1385de7000 r-xp 00000000 08:06 134256                     /usr/lib/libpthread-2.23.so
7f1385de7000-7f1385fe6000 ---p 00018000 08:06 134256                     /usr/lib/libpthread-2.23.so
7f1385fe6000-7f1385fe7000 r--p 00017000 08:06 134256                     /usr/lib/libpthread-2.23.so
7f1385fe7000-7f1385fe8000 rw-p 00018000 08:06 134256                     /usr/lib/libpthread-2.23.so
7f1385fe8000-7f1385fec000 rw-p 00000000 00:00 0 
7f1385fec000-7f138600f000 r-xp 00000000 08:06 134280                     /usr/lib/ld-2.23.so
7f1386016000-7f13860db000 rw-p 00000000 00:00 0 
7f13860db000-7f13860de000 ---p 00000000 00:00 0 
7f13860de000-7f13861e0000 rw-p 00000000 00:00 0                          [stack:9407]
7f13861e1000-7f13861f0000 r--s 000df000 08:06 13763614                   /home/youngbin/Android/Sdk/build-tools/23.0.2/lib/dx.jar
7f13861f0000-7f1386204000 rw-p 00000000 00:00 0 
7f1386204000-7f138620c000 rw-s 00000000 00:21 882710                     /tmp/hsperfdata_youngbin/9405
7f138620c000-7f138620d000 rw-p 00000000 00:00 0 
7f138620d000-7f138620e000 ---p 00000000 00:00 0 
7f138620e000-7f138620f000 rw-p 00000000 00:00 0 
7f138620f000-7f1386210000 r--p 00023000 08:06 134280                     /usr/lib/ld-2.23.so
7f1386210000-7f1386211000 rw-p 00024000 08:06 134280                     /usr/lib/ld-2.23.so
7f1386211000-7f1386212000 rw-p 00000000 00:00 0 
7ffc707fc000-7ffc7081d000 rw-p 00000000 00:00 0                          [stack]
7ffc7082f000-7ffc70831000 r--p 00000000 00:00 0                          [vvar]
7ffc70831000-7ffc70833000 r-xp 00000000 00:00 0                          [vdso]
ffffffffff600000-ffffffffff601000 r-xp 00000000 00:00 0                  [vsyscall]

VM Arguments:
jvm_args: -Djava.awt.headless=true -Xmx1024M -Dfile.encoding=UTF-8 -Duser.country=KR -Duser.language=ko -Duser.variant 
java_command: com.android.dx.command.Main --dex --num-threads=4 --multi-dex --main-dex-list /home/youngbin/shipped-android/app/build/intermediates/multi-dex/debug/maindexlist.txt --output /home/youngbin/shipped-android/app/build/intermediates/transforms/dex/debug/folders/1000/1f/main /home/youngbin/shipped-android/app/build/intermediates/transforms/jarMerging/debug/jars/1/1f/combined.jar
java_class_path (initial): /home/youngbin/Android/Sdk/build-tools/23.0.2/lib/dx.jar
Launcher Type: SUN_STANDARD

Environment Variables:
PATH=/usr/local/sbin:/usr/local/bin:/usr/bin:/usr/lib/jvm/default/bin:/usr/bin/site_perl:/usr/bin/vendor_perl:/usr/bin/core_perl
USERNAME=youngbin
LD_LIBRARY_PATH=/home/youngbin/android-studio/bin:
SHELL=/usr/bin/fish
DISPLAY=:1

Signal Handlers:
SIGSEGV: [libjvm.so+0xabb070], sa_mask[0]=11111111011111111101111111111110, sa_flags=SA_RESTART|SA_SIGINFO
SIGBUS: [libjvm.so+0xabb070], sa_mask[0]=11111111011111111101111111111110, sa_flags=SA_RESTART|SA_SIGINFO
SIGFPE: [libjvm.so+0x918480], sa_mask[0]=11111111011111111101111111111110, sa_flags=SA_RESTART|SA_SIGINFO
SIGPIPE: [libjvm.so+0x918480], sa_mask[0]=11111111011111111101111111111110, sa_flags=SA_RESTART|SA_SIGINFO
SIGXFSZ: [libjvm.so+0x918480], sa_mask[0]=11111111011111111101111111111110, sa_flags=SA_RESTART|SA_SIGINFO
SIGILL: [libjvm.so+0x918480], sa_mask[0]=11111111011111111101111111111110, sa_flags=SA_RESTART|SA_SIGINFO
SIGUSR1: SIG_DFL, sa_mask[0]=00000000000000000000000000000000, sa_flags=none
SIGUSR2: [libjvm.so+0x919ab0], sa_mask[0]=00100000000000000000000000000000, sa_flags=SA_RESTART|SA_SIGINFO
SIGHUP: [libjvm.so+0x91aeb0], sa_mask[0]=11111111011111111101111111111110, sa_flags=SA_RESTART|SA_SIGINFO
SIGINT: [libjvm.so+0x91aeb0], sa_mask[0]=11111111011111111101111111111110, sa_flags=SA_RESTART|SA_SIGINFO
SIGTERM: [libjvm.so+0x91aeb0], sa_mask[0]=11111111011111111101111111111110, sa_flags=SA_RESTART|SA_SIGINFO
SIGQUIT: [libjvm.so+0x91aeb0], sa_mask[0]=11111111011111111101111111111110, sa_flags=SA_RESTART|SA_SIGINFO


---------------  S Y S T E M  ---------------

OS:NAME="Antergos Linux"
VERSION="2015.12-ISO-Rolling"
ID="antergos"
ID_LIKE="arch"
PRETTY_NAME="Antergos Linux"
CPE_NAME="cpe:/o:antergosproject:antergos:2015.12"
ANSI_COLOR="1;34;40"
HOME_URL="https://antergos.com/"
SUPPORT_URL="https://forum.antergos.com/"
BUG_REPORT_URL="https://github.com/antergos"


uname:Linux 4.4.1-2-ARCH #1 SMP PREEMPT Wed Feb 3 13:12:33 UTC 2016 x86_64
libc:glibc 2.23 NPTL 2.23 
rlimit: STACK 8192k, CORE infinity, NPROC 14900, NOFILE 4096, AS infinity
load average:1.33 1.20 1.01

/proc/meminfo:
MemTotal:        4007080 kB
MemFree:           26616 kB
MemAvailable:      62524 kB
Buffers:            1052 kB
Cached:            71328 kB
SwapCached:            0 kB
Active:          3707844 kB
Inactive:          51692 kB
Active(anon):    3689752 kB
Inactive(anon):    32380 kB
Active(file):      18092 kB
Inactive(file):    19312 kB
Unevictable:          80 kB
Mlocked:        34359738448 kB
SwapTotal:             0 kB
SwapFree:              0 kB
Dirty:              1356 kB
Writeback:             0 kB
AnonPages:       3687848 kB
Mapped:            59664 kB
Shmem:             34316 kB
Slab:              65008 kB
SReclaimable:      28084 kB
SUnreclaim:        36924 kB
KernelStack:       10448 kB
PageTables:        46692 kB
NFS_Unstable:          0 kB
Bounce:                0 kB
WritebackTmp:          0 kB
CommitLimit:     2003540 kB
Committed_AS:    7968836 kB
VmallocTotal:   34359738367 kB
VmallocUsed:           0 kB
VmallocChunk:          0 kB
HardwareCorrupted:     0 kB
AnonHugePages:   1832960 kB
HugePages_Total:       0
HugePages_Free:        0
HugePages_Rsvd:        0
HugePages_Surp:        0
Hugepagesize:       2048 kB
DirectMap4k:      149904 kB
DirectMap2M:     3999744 kB


CPU:total 4 (2 cores per cpu, 2 threads per core) family 6 model 42 stepping 7, cmov, cx8, fxsr, mmx, sse, sse2, sse3, ssse3, sse4.1, sse4.2, popcnt, avx, clmul, ht, tsc, tscinvbit

/proc/cpuinfo:
processor	: 0
vendor_id	: GenuineIntel
cpu family	: 6
model		: 42
model name	: Intel(R) Core(TM) i3-2120 CPU @ 3.30GHz
stepping	: 7
microcode	: 0x26
cpu MHz		: 3300.000
cache size	: 3072 KB
physical id	: 0
siblings	: 4
core id		: 0
cpu cores	: 2
apicid		: 0
initial apicid	: 0
fpu		: yes
fpu_exception	: yes
cpuid level	: 13
wp		: yes
flags		: fpu vme de pse tsc msr pae mce cx8 apic sep mtrr pge mca cmov pat pse36 clflush dts acpi mmx fxsr sse sse2 ss ht tm pbe syscall nx rdtscp lm constant_tsc arch_perfmon pebs bts rep_good nopl xtopology nonstop_tsc aperfmperf eagerfpu pni pclmulqdq dtes64 monitor ds_cpl vmx est tm2 ssse3 cx16 xtpr pdcm pcid sse4_1 sse4_2 popcnt tsc_deadline_timer xsave avx lahf_lm arat epb pln pts dtherm tpr_shadow vnmi flexpriority ept vpid xsaveopt
bugs		:
bogomips	: 6602.93
clflush size	: 64
cache_alignment	: 64
address sizes	: 36 bits physical, 48 bits virtual
power management:

processor	: 1
vendor_id	: GenuineIntel
cpu family	: 6
model		: 42
model name	: Intel(R) Core(TM) i3-2120 CPU @ 3.30GHz
stepping	: 7
microcode	: 0x26
cpu MHz		: 3300.000
cache size	: 3072 KB
physical id	: 0
siblings	: 4
core id		: 1
cpu cores	: 2
apicid		: 2
initial apicid	: 2
fpu		: yes
fpu_exception	: yes
cpuid level	: 13
wp		: yes
flags		: fpu vme de pse tsc msr pae mce cx8 apic sep mtrr pge mca cmov pat pse36 clflush dts acpi mmx fxsr sse sse2 ss ht tm pbe syscall nx rdtscp lm constant_tsc arch_perfmon pebs bts rep_good nopl xtopology nonstop_tsc aperfmperf eagerfpu pni pclmulqdq dtes64 monitor ds_cpl vmx est tm2 ssse3 cx16 xtpr pdcm pcid sse4_1 sse4_2 popcnt tsc_deadline_timer xsave avx lahf_lm arat epb pln pts dtherm tpr_shadow vnmi flexpriority ept vpid xsaveopt
bugs		:
bogomips	: 6602.93
clflush size	: 64
cache_alignment	: 64
address sizes	: 36 bits physical, 48 bits virtual
power management:

processor	: 2
vendor_id	: GenuineIntel
cpu family	: 6
model		: 42
model name	: Intel(R) Core(TM) i3-2120 CPU @ 3.30GHz
stepping	: 7
microcode	: 0x26
cpu MHz		: 3299.871
cache size	: 3072 KB
physical id	: 0
siblings	: 4
core id		: 0
cpu cores	: 2
apicid		: 1
initial apicid	: 1
fpu		: yes
fpu_exception	: yes
cpuid level	: 13
wp		: yes
flags		: fpu vme de pse tsc msr pae mce cx8 apic sep mtrr pge mca cmov pat pse36 clflush dts acpi mmx fxsr sse sse2 ss ht tm pbe syscall nx rdtscp lm constant_tsc arch_perfmon pebs bts rep_good nopl xtopology nonstop_tsc aperfmperf eagerfpu pni pclmulqdq dtes64 monitor ds_cpl vmx est tm2 ssse3 cx16 xtpr pdcm pcid sse4_1 sse4_2 popcnt tsc_deadline_timer xsave avx lahf_lm arat epb pln pts dtherm tpr_shadow vnmi flexpriority ept vpid xsaveopt
bugs		:
bogomips	: 6602.93
clflush size	: 64
cache_alignment	: 64
address sizes	: 36 bits physical, 48 bits virtual
power management:

processor	: 3
vendor_id	: GenuineIntel
cpu family	: 6
model		: 42
model name	: Intel(R) Core(TM) i3-2120 CPU @ 3.30GHz
stepping	: 7
microcode	: 0x26
cpu MHz		: 3300.000
cache size	: 3072 KB
physical id	: 0
siblings	: 4
core id		: 1
cpu cores	: 2
apicid		: 3
initial apicid	: 3
fpu		: yes
fpu_exception	: yes
cpuid level	: 13
wp		: yes
flags		: fpu vme de pse tsc msr pae mce cx8 apic sep mtrr pge mca cmov pat pse36 clflush dts acpi mmx fxsr sse sse2 ss ht tm pbe syscall nx rdtscp lm constant_tsc arch_perfmon pebs bts rep_good nopl xtopology nonstop_tsc aperfmperf eagerfpu pni pclmulqdq dtes64 monitor ds_cpl vmx est tm2 ssse3 cx16 xtpr pdcm pcid sse4_1 sse4_2 popcnt tsc_deadline_timer xsave avx lahf_lm arat epb pln pts dtherm tpr_shadow vnmi flexpriority ept vpid xsaveopt
bugs		:
bogomips	: 6602.93
clflush size	: 64
cache_alignment	: 64
address sizes	: 36 bits physical, 48 bits virtual
power management:



Memory: 4k page, physical 4007080k(26616k free), swap 0k(0k free)

vm_info: Java HotSpot(TM) 64-Bit Server VM (25.72-b15) for linux-amd64 JRE (1.8.0_72-b15), built on Dec 22 2015 22:00:07 by "java_re" with gcc 4.3.0 20080428 (Red Hat 4.3.0-8)

time: Tue Feb 23 17:22:55 2016
elapsed time: 8 seconds (0d 0h 0m 8s)

