#
# There is insufficient memory for the Java Runtime Environment to continue.
# Native memory allocation (mmap) failed to map 66060288 bytes for committing reserved memory.
# Possible reasons:
#   The system is out of physical RAM or swap space
#   In 32 bit mode, the process size limit was hit
# Possible solutions:
#   Reduce memory load on the system
#   Increase physical memory or swap space
#   Check if swap backing store is full
#   Use 64 bit Java on a 64 bit OS
#   Decrease Java heap size (-Xmx/-Xms)
#   Decrease number of Java threads
#   Decrease Java thread stack sizes (-Xss)
#   Set larger code cache with -XX:ReservedCodeCacheSize=
# This output file may be truncated or incomplete.
#
#  Out of Memory Error (os_linux.cpp:2627), pid=8690, tid=140094269626112
#
# JRE version: Java(TM) SE Runtime Environment (8.0_72-b15) (build 1.8.0_72-b15)
# Java VM: Java HotSpot(TM) 64-Bit Server VM (25.72-b15 mixed mode linux-amd64 compressed oops)
# Failed to write core dump. Core dumps have been disabled. To enable core dumping, try "ulimit -c unlimited" before starting Java again
#

---------------  T H R E A D  ---------------

Current thread (0x00007f6a54076800):  VMThread [stack: 0x00007f6a3d1d1000,0x00007f6a3d2d2000] [id=8706]

Stack: [0x00007f6a3d1d1000,0x00007f6a3d2d2000],  sp=0x00007f6a3d2d00a0,  free space=1020k
Native frames: (J=compiled Java code, j=interpreted, Vv=VM code, C=native code)
V  [libjvm.so+0xaba7ea]  VMError::report_and_die()+0x2ba
V  [libjvm.so+0x4f9e3b]  report_vm_out_of_memory(char const*, int, unsigned long, VMErrorType, char const*)+0x8b
V  [libjvm.so+0x91b613]  os::Linux::commit_memory_impl(char*, unsigned long, bool)+0x103
V  [libjvm.so+0x91bb69]  os::pd_commit_memory(char*, unsigned long, unsigned long, bool)+0x29
V  [libjvm.so+0x915e6a]  os::commit_memory(char*, unsigned long, unsigned long, bool)+0x2a
V  [libjvm.so+0x989543]  PSVirtualSpace::expand_by(unsigned long)+0x53
V  [libjvm.so+0x979e30]  PSOldGen::expand(unsigned long)+0x170
V  [libjvm.so+0x97a03b]  PSOldGen::resize(unsigned long)+0x1cb
V  [libjvm.so+0x981d11]  PSParallelCompact::invoke_no_policy(bool)+0x991
V  [libjvm.so+0x98766d]  PSScavenge::invoke()+0x1ad
V  [libjvm.so+0x93f300]  ParallelScavengeHeap::failed_mem_allocate(unsigned long)+0x70
V  [libjvm.so+0xabc207]  VM_ParallelGCFailedAllocation::doit()+0x97
V  [libjvm.so+0xac3c35]  VM_Operation::evaluate()+0x55
V  [libjvm.so+0xac200a]  VMThread::evaluate_operation(VM_Operation*)+0xba
V  [libjvm.so+0xac238e]  VMThread::loop()+0x1ce
V  [libjvm.so+0xac2800]  VMThread::run()+0x70
V  [libjvm.so+0x91d9d8]  java_start(Thread*)+0x108

VM_Operation (0x00007f6a3c83d990): ParallelGCFailedAllocation, mode: safepoint, requested by thread 0x00007f6a541b0000


---------------  P R O C E S S  ---------------

Java Threads: ( => current thread )
  0x00007f6a541c7800 JavaThread "pool-2-thread-4" [_thread_blocked, id=8724, stack(0x00007f6a3c33b000,0x00007f6a3c43c000)]
  0x00007f6a541c5800 JavaThread "pool-2-thread-3" [_thread_blocked, id=8723, stack(0x00007f6a3c43c000,0x00007f6a3c53d000)]
  0x00007f6a541c3800 JavaThread "pool-2-thread-2" [_thread_blocked, id=8722, stack(0x00007f6a3c53d000,0x00007f6a3c63e000)]
  0x00007f6a541c2800 JavaThread "pool-3-thread-1" [_thread_blocked, id=8721, stack(0x00007f6a3c63e000,0x00007f6a3c73f000)]
  0x00007f6a541b0000 JavaThread "pool-2-thread-1" [_thread_blocked, id=8720, stack(0x00007f6a3c73f000,0x00007f6a3c840000)]
  0x00007f6a540be800 JavaThread "Service Thread" daemon [_thread_blocked, id=8713, stack(0x00007f6a3c97a000,0x00007f6a3ca7b000)]
  0x00007f6a540bb800 JavaThread "C1 CompilerThread2" daemon [_thread_blocked, id=8712, stack(0x00007f6a3ca7b000,0x00007f6a3cb7c000)]
  0x00007f6a540ba000 JavaThread "C2 CompilerThread1" daemon [_thread_blocked, id=8711, stack(0x00007f6a3cb7c000,0x00007f6a3cc7d000)]
  0x00007f6a540b7000 JavaThread "C2 CompilerThread0" daemon [_thread_blocked, id=8710, stack(0x00007f6a3cc7d000,0x00007f6a3cd7e000)]
  0x00007f6a540b5800 JavaThread "Signal Dispatcher" daemon [_thread_blocked, id=8709, stack(0x00007f6a3cd7e000,0x00007f6a3ce7f000)]
  0x00007f6a54082800 JavaThread "Finalizer" daemon [_thread_blocked, id=8708, stack(0x00007f6a3cfcf000,0x00007f6a3d0d0000)]
  0x00007f6a5407e000 JavaThread "Reference Handler" daemon [_thread_blocked, id=8707, stack(0x00007f6a3d0d0000,0x00007f6a3d1d1000)]
  0x00007f6a54008800 JavaThread "main" [_thread_blocked, id=8692, stack(0x00007f6a5b236000,0x00007f6a5b337000)]

Other Threads:
=>0x00007f6a54076800 VMThread [stack: 0x00007f6a3d1d1000,0x00007f6a3d2d2000] [id=8706]
  0x00007f6a540c1800 WatcherThread [stack: 0x00007f6a3c879000,0x00007f6a3c97a000] [id=8714]

VM state:at safepoint (normal execution)

VM Mutex/Monitor currently owned by a thread:  ([mutex/lock_event])
[0x00007f6a54005e20] ExpandHeap_lock - owner thread: 0x00007f6a54076800
[0x00007f6a540064a0] Threads_lock - owner thread: 0x00007f6a54076800
[0x00007f6a540069a0] Heap_lock - owner thread: 0x00007f6a541b0000

Heap:
 PSYoungGen      total 250880K, used 34187K [0x00000000eab00000, 0x0000000100000000, 0x0000000100000000)
  eden space 211456K, 0% used [0x00000000eab00000,0x00000000eab00000,0x00000000f7980000)
  from space 39424K, 86% used [0x00000000fb080000,0x00000000fd1e2e90,0x00000000fd700000)
  to   space 56320K, 0% used [0x00000000f7980000,0x00000000f7980000,0x00000000fb080000)
 ParOldGen       total 82432K, used 82170K [0x00000000c0000000, 0x00000000c5080000, 0x00000000eab00000)
  object space 82432K, 99% used [0x00000000c0000000,0x00000000c503e988,0x00000000c5080000)
 Metaspace       used 6502K, capacity 7256K, committed 7424K, reserved 1056768K
  class space    used 614K, capacity 656K, committed 768K, reserved 1048576K

Card table byte_map: [0x00007f6a5845f000,0x00007f6a58660000] byte_map_base: 0x00007f6a57e5f000

Marking Bits: (ParMarkBitMap*) 0x00007f6a5a743100
 Begin Bits: [0x00007f6a3e000000, 0x00007f6a3f000000)
 End Bits:   [0x00007f6a3f000000, 0x00007f6a40000000)

Polling page: 0x00007f6a5b368000

CodeCache: size=245760Kb used=8940Kb max_used=8944Kb free=236819Kb
 bounds [0x00007f6a45000000, 0x00007f6a458d0000, 0x00007f6a54000000]
 total_blobs=2532 nmethods=2263 adapters=182
 compilation: enabled

Compilation events (10 events):
Event: 6.234 Thread 0x00007f6a540b7000 nmethod 2409 0x00007f6a458c1b90 code [0x00007f6a458c1d20, 0x00007f6a458c2198]
Event: 6.234 Thread 0x00007f6a540b7000 2387       4       com.android.dx.ssa.Dominators::compress (229 bytes)
Event: 6.265 Thread 0x00007f6a540bb800 2487       2       com.android.dx.rop.code.Rops::opAget (97 bytes)
Event: 6.266 Thread 0x00007f6a540bb800 nmethod 2487 0x00007f6a458a89d0 code [0x00007f6a458a8bc0, 0x00007f6a458a9138]
Event: 6.302 Thread 0x00007f6a540bb800 2488       3       com.android.dx.rop.cst.CstString::stringToUtf8Bytes (175 bytes)
Event: 6.303 Thread 0x00007f6a540bb800 nmethod 2488 0x00007f6a458a7b50 code [0x00007f6a458a7d20, 0x00007f6a458a8598]
Event: 6.337 Thread 0x00007f6a540bb800 2490       2       java.util.HashMap::values (27 bytes)
Event: 6.337 Thread 0x00007f6a540bb800 nmethod 2490 0x00007f6a458c1790 code [0x00007f6a458c1900, 0x00007f6a458c1af0]
Event: 6.337 Thread 0x00007f6a540bb800 2491       2       java.util.HashMap$Values::iterator (12 bytes)
Event: 6.337 Thread 0x00007f6a540bb800 nmethod 2491 0x00007f6a458c1390 code [0x00007f6a458c1500, 0x00007f6a458c16e8]

GC Heap History (10 events):
Event: 3.224 GC heap after
Heap after GC invocations=7 (full 0):
 PSYoungGen      total 140800K, used 16365K [0x00000000eab00000, 0x00000000fd300000, 0x0000000100000000)
  eden space 124416K, 0% used [0x00000000eab00000,0x00000000eab00000,0x00000000f2480000)
  from space 16384K, 99% used [0x00000000f2480000,0x00000000f347b648,0x00000000f3480000)
  to   space 27136K, 0% used [0x00000000fb880000,0x00000000fb880000,0x00000000fd300000)
 ParOldGen       total 42496K, used 31520K [0x00000000c0000000, 0x00000000c2980000, 0x00000000eab00000)
  object space 42496K, 74% used [0x00000000c0000000,0x00000000c1ec8348,0x00000000c2980000)
 Metaspace       used 6156K, capacity 7088K, committed 7296K, reserved 1056768K
  class space    used 594K, capacity 616K, committed 640K, reserved 1048576K
}
Event: 3.224 GC heap before
{Heap before GC invocations=8 (full 1):
 PSYoungGen      total 140800K, used 16365K [0x00000000eab00000, 0x00000000fd300000, 0x0000000100000000)
  eden space 124416K, 0% used [0x00000000eab00000,0x00000000eab00000,0x00000000f2480000)
  from space 16384K, 99% used [0x00000000f2480000,0x00000000f347b648,0x00000000f3480000)
  to   space 27136K, 0% used [0x00000000fb880000,0x00000000fb880000,0x00000000fd300000)
 ParOldGen       total 42496K, used 31520K [0x00000000c0000000, 0x00000000c2980000, 0x00000000eab00000)
  object space 42496K, 74% used [0x00000000c0000000,0x00000000c1ec8348,0x00000000c2980000)
 Metaspace       used 6156K, capacity 7088K, committed 7296K, reserved 1056768K
  class space    used 594K, capacity 616K, committed 640K, reserved 1048576K
Event: 3.565 GC heap after
Heap after GC invocations=8 (full 1):
 PSYoungGen      total 140800K, used 2533K [0x00000000eab00000, 0x00000000fd300000, 0x0000000100000000)
  eden space 124416K, 0% used [0x00000000eab00000,0x00000000eab00000,0x00000000f2480000)
  from space 16384K, 15% used [0x00000000f2480000,0x00000000f26f9790,0x00000000f3480000)
  to   space 27136K, 0% used [0x00000000fb880000,0x00000000fb880000,0x00000000fd300000)
 ParOldGen       total 82432K, used 42398K [0x00000000c0000000, 0x00000000c5080000, 0x00000000eab00000)
  object space 82432K, 51% used [0x00000000c0000000,0x00000000c2967b28,0x00000000c5080000)
 Metaspace       used 6156K, capacity 7088K, committed 7296K, reserved 1056768K
  class space    used 594K, capacity 616K, committed 640K, reserved 1048576K
}
Event: 4.289 GC heap before
{Heap before GC invocations=9 (full 1):
 PSYoungGen      total 140800K, used 126949K [0x00000000eab00000, 0x00000000fd300000, 0x0000000100000000)
  eden space 124416K, 100% used [0x00000000eab00000,0x00000000f2480000,0x00000000f2480000)
  from space 16384K, 15% used [0x00000000f2480000,0x00000000f26f9790,0x00000000f3480000)
  to   space 27136K, 0% used [0x00000000fb880000,0x00000000fb880000,0x00000000fd300000)
 ParOldGen       total 82432K, used 42398K [0x00000000c0000000, 0x00000000c5080000, 0x00000000eab00000)
  object space 82432K, 51% used [0x00000000c0000000,0x00000000c2967b28,0x00000000c5080000)
 Metaspace       used 6431K, capacity 7256K, committed 7424K, reserved 1056768K
  class space    used 614K, capacity 656K, committed 768K, reserved 1048576K
Event: 4.370 GC heap after
Heap after GC invocations=9 (full 1):
 PSYoungGen      total 197120K, used 21526K [0x00000000eab00000, 0x00000000fce00000, 0x0000000100000000)
  eden space 175104K, 0% used [0x00000000eab00000,0x00000000eab00000,0x00000000f5600000)
  from space 22016K, 97% used [0x00000000fb880000,0x00000000fcd85b60,0x00000000fce00000)
  to   space 30208K, 0% used [0x00000000f9300000,0x00000000f9300000,0x00000000fb080000)
 ParOldGen       total 82432K, used 42398K [0x00000000c0000000, 0x00000000c5080000, 0x00000000eab00000)
  object space 82432K, 51% used [0x00000000c0000000,0x00000000c2967b28,0x00000000c5080000)
 Metaspace       used 6431K, capacity 7256K, committed 7424K, reserved 1056768K
  class space    used 614K, capacity 656K, committed 768K, reserved 1048576K
}
Event: 5.171 GC heap before
{Heap before GC invocations=10 (full 1):
 PSYoungGen      total 197120K, used 196630K [0x00000000eab00000, 0x00000000fce00000, 0x0000000100000000)
  eden space 175104K, 100% used [0x00000000eab00000,0x00000000f5600000,0x00000000f5600000)
  from space 22016K, 97% used [0x00000000fb880000,0x00000000fcd85b60,0x00000000fce00000)
  to   space 30208K, 0% used [0x00000000f9300000,0x00000000f9300000,0x00000000fb080000)
 ParOldGen       total 82432K, used 42398K [0x00000000c0000000, 0x00000000c5080000, 0x00000000eab00000)
  object space 82432K, 51% used [0x00000000c0000000,0x00000000c2967b28,0x00000000c5080000)
 Metaspace       used 6489K, capacity 7256K, committed 7424K, reserved 1056768K
  class space    used 614K, capacity 656K, committed 768K, reserved 1048576K
Event: 5.299 GC heap after
Heap after GC invocations=10 (full 1):
 PSYoungGen      total 254464K, used 30186K [0x00000000eab00000, 0x00000000fd700000, 0x0000000100000000)
  eden space 224256K, 0% used [0x00000000eab00000,0x00000000eab00000,0x00000000f8600000)
  from space 30208K, 99% used [0x00000000f9300000,0x00000000fb07a950,0x00000000fb080000)
  to   space 39424K, 0% used [0x00000000fb080000,0x00000000fb080000,0x00000000fd700000)
 ParOldGen       total 82432K, used 57333K [0x00000000c0000000, 0x00000000c5080000, 0x00000000eab00000)
  object space 82432K, 69% used [0x00000000c0000000,0x00000000c37fd778,0x00000000c5080000)
 Metaspace       used 6489K, capacity 7256K, committed 7424K, reserved 1056768K
  class space    used 614K, capacity 656K, committed 768K, reserved 1048576K
}
Event: 6.401 GC heap before
{Heap before GC invocations=11 (full 1):
 PSYoungGen      total 254464K, used 254442K [0x00000000eab00000, 0x00000000fd700000, 0x0000000100000000)
  eden space 224256K, 100% used [0x00000000eab00000,0x00000000f8600000,0x00000000f8600000)
  from space 30208K, 99% used [0x00000000f9300000,0x00000000fb07a950,0x00000000fb080000)
  to   space 39424K, 0% used [0x00000000fb080000,0x00000000fb080000,0x00000000fd700000)
 ParOldGen       total 82432K, used 57333K [0x00000000c0000000, 0x00000000c5080000, 0x00000000eab00000)
  object space 82432K, 69% used [0x00000000c0000000,0x00000000c37fd778,0x00000000c5080000)
 Metaspace       used 6502K, capacity 7256K, committed 7424K, reserved 1056768K
  class space    used 614K, capacity 656K, committed 768K, reserved 1048576K
Event: 6.621 GC heap after
Heap after GC invocations=11 (full 1):
 PSYoungGen      total 250880K, used 39420K [0x00000000eab00000, 0x0000000100000000, 0x0000000100000000)
  eden space 211456K, 0% used [0x00000000eab00000,0x00000000eab00000,0x00000000f7980000)
  from space 39424K, 99% used [0x00000000fb080000,0x00000000fd6ff150,0x00000000fd700000)
  to   space 56320K, 0% used [0x00000000f7980000,0x00000000f7980000,0x00000000fb080000)
 ParOldGen       total 82432K, used 80092K [0x00000000c0000000, 0x00000000c5080000, 0x00000000eab00000)
  object space 82432K, 97% used [0x00000000c0000000,0x00000000c4e37248,0x00000000c5080000)
 Metaspace       used 6502K, capacity 7256K, committed 7424K, reserved 1056768K
  class space    used 614K, capacity 656K, committed 768K, reserved 1048576K
}
Event: 6.621 GC heap before
{Heap before GC invocations=12 (full 2):
 PSYoungGen      total 250880K, used 39420K [0x00000000eab00000, 0x0000000100000000, 0x0000000100000000)
  eden space 211456K, 0% used [0x00000000eab00000,0x00000000eab00000,0x00000000f7980000)
  from space 39424K, 99% used [0x00000000fb080000,0x00000000fd6ff150,0x00000000fd700000)
  to   space 56320K, 0% used [0x00000000f7980000,0x00000000f7980000,0x00000000fb080000)
 ParOldGen       total 82432K, used 80092K [0x00000000c0000000, 0x00000000c5080000, 0x00000000eab00000)
  object space 82432K, 97% used [0x00000000c0000000,0x00000000c4e37248,0x00000000c5080000)
 Metaspace       used 6502K, capacity 7256K, committed 7424K, reserved 1056768K
  class space    used 614K, capacity 656K, committed 768K, reserved 1048576K

Deoptimization events (10 events):
Event: 4.451 Thread 0x00007f6a541c3800 Uncommon trap: reason=unstable_if action=reinterpret pc=0x00007f6a45463dc8 method=java.util.HashMap.resize()[Ljava/util/HashMap$Node; @ 206
Event: 4.470 Thread 0x00007f6a541c5800 Uncommon trap: reason=unstable_if action=reinterpret pc=0x00007f6a457586fc method=com.android.dx.rop.code.RegisterSpec.intersect(Lcom/android/dx/rop/code/RegisterSpec;Z)Lcom/android/dx/rop/code/RegisterSpec; @ 42
Event: 4.534 Thread 0x00007f6a541b0000 Uncommon trap: reason=bimorphic action=maybe_recompile pc=0x00007f6a45661e24 method=com.android.dx.cf.code.BytecodeArray.parseInstruction(ILcom/android/dx/cf/code/BytecodeArray$Visitor;)I @ 1357
Event: 4.534 Thread 0x00007f6a541b0000 Uncommon trap: reason=bimorphic action=maybe_recompile pc=0x00007f6a45661e24 method=com.android.dx.cf.code.BytecodeArray.parseInstruction(ILcom/android/dx/cf/code/BytecodeArray$Visitor;)I @ 1357
Event: 4.539 Thread 0x00007f6a541b0000 Uncommon trap: reason=bimorphic action=maybe_recompile pc=0x00007f6a45661e24 method=com.android.dx.cf.code.BytecodeArray.parseInstruction(ILcom/android/dx/cf/code/BytecodeArray$Visitor;)I @ 1357
Event: 4.539 Thread 0x00007f6a541b0000 Uncommon trap: reason=bimorphic action=maybe_recompile pc=0x00007f6a45661e24 method=com.android.dx.cf.code.BytecodeArray.parseInstruction(ILcom/android/dx/cf/code/BytecodeArray$Visitor;)I @ 1357
Event: 5.004 Thread 0x00007f6a54008800 Uncommon trap: reason=unstable_if action=reinterpret pc=0x00007f6a455682f4 method=java.util.HashMap.putVal(ILjava/lang/Object;Ljava/lang/Object;ZZ)Ljava/lang/Object; @ 162
Event: 5.588 Thread 0x00007f6a54008800 Uncommon trap: reason=unstable_if action=reinterpret pc=0x00007f6a45350f0c method=com.android.dx.dex.code.OutputFinisher.hasLocalInfo(Lcom/android/dx/dex/code/DalvInsn;)Z @ 24
Event: 5.765 Thread 0x00007f6a541c3800 Uncommon trap: reason=unstable_if action=reinterpret pc=0x00007f6a458676f0 method=com.android.dx.cf.code.BytecodeArray.parseInstruction(ILcom/android/dx/cf/code/BytecodeArray$Visitor;)I @ 1261
Event: 6.068 Thread 0x00007f6a541c7800 Uncommon trap: reason=unstable_if action=reinterpret pc=0x00007f6a458ad67c method=com.android.dx.rop.code.RegisterSpecSet.localItemToSpec(Lcom/android/dx/rop/code/LocalItem;)Lcom/android/dx/rop/code/RegisterSpec; @ 35

Internal exceptions (7 events):
Event: 0.025 Thread 0x00007f6a54008800 Exception <a 'java/lang/NoSuchMethodError': Method sun.misc.Unsafe.defineClass(Ljava/lang/String;[BII)Ljava/lang/Class; name or signature does not match> (0x00000000eab07cc0) thrown at [/HUDSON/workspace/8-2-build-linux-amd64/jdk8u72/5732/hotspot/src/shar
Event: 0.025 Thread 0x00007f6a54008800 Exception <a 'java/lang/NoSuchMethodError': Method sun.misc.Unsafe.prefetchRead(Ljava/lang/Object;J)V name or signature does not match> (0x00000000eab07fa8) thrown at [/HUDSON/workspace/8-2-build-linux-amd64/jdk8u72/5732/hotspot/src/share/vm/prims/jni.cpp
Event: 1.472 Thread 0x00007f6a541c3800 Implicit null exception at 0x00007f6a452c5ee1 to 0x00007f6a452c8309
Event: 4.026 Thread 0x00007f6a541c3800 Implicit null exception at 0x00007f6a456da30f to 0x00007f6a456db85d
Event: 4.233 Thread 0x00007f6a541c3800 Exception <a 'java/lang/ArrayIndexOutOfBoundsException': 18> (0x00000000f15fb950) thrown at [/HUDSON/workspace/8-2-build-linux-amd64/jdk8u72/5732/hotspot/src/share/vm/interpreter/interpreterRuntime.cpp, line 366]
Event: 4.233 Thread 0x00007f6a541c3800 Exception <a 'java/lang/ArrayIndexOutOfBoundsException': 145> (0x00000000f15fd4d0) thrown at [/HUDSON/workspace/8-2-build-linux-amd64/jdk8u72/5732/hotspot/src/share/vm/interpreter/interpreterRuntime.cpp, line 366]
Event: 4.234 Thread 0x00007f6a541c3800 Exception <a 'java/lang/ArrayIndexOutOfBoundsException'> (0x00000000f15fe7b8) thrown at [/HUDSON/workspace/8-2-build-linux-amd64/jdk8u72/5732/hotspot/src/share/vm/runtime/sharedRuntime.cpp, line 605]

Events (10 events):
Event: 6.342 Thread 0x00007f6a541b0000 DEOPT UNPACKING pc=0x00007f6a45047633 sp=0x00007f6a3c83da80 mode 0
Event: 6.348 Thread 0x00007f6a541c5800 DEOPT PACKING pc=0x00007f6a45375fdf sp=0x00007f6a3c53adb0
Event: 6.348 Thread 0x00007f6a541c5800 DEOPT UNPACKING pc=0x00007f6a45047633 sp=0x00007f6a3c53ab98 mode 0
Event: 6.361 Thread 0x00007f6a541c3800 DEOPT PACKING pc=0x00007f6a45288a43 sp=0x00007f6a3c63bcb0
Event: 6.361 Thread 0x00007f6a541c3800 DEOPT UNPACKING pc=0x00007f6a45047633 sp=0x00007f6a3c63ba28 mode 0
Event: 6.380 Thread 0x00007f6a541c5800 DEOPT PACKING pc=0x00007f6a45375fc8 sp=0x00007f6a3c53adb0
Event: 6.380 Thread 0x00007f6a541c5800 DEOPT UNPACKING pc=0x00007f6a45047633 sp=0x00007f6a3c53ab98 mode 0
Event: 6.381 Thread 0x00007f6a541c5800 DEOPT PACKING pc=0x00007f6a45288a43 sp=0x00007f6a3c53b070
Event: 6.381 Thread 0x00007f6a541c5800 DEOPT UNPACKING pc=0x00007f6a45047633 sp=0x00007f6a3c53ade8 mode 0
Event: 6.395 Executing VM operation: ParallelGCFailedAllocation


Dynamic libraries:
00400000-00401000 r-xp 00000000 08:06 399874                             /usr/lib/jvm/java-8-jdk/jre/bin/java
00600000-00601000 rw-p 00000000 08:06 399874                             /usr/lib/jvm/java-8-jdk/jre/bin/java
015f1000-01612000 rw-p 00000000 00:00 0                                  [heap]
c0000000-c5080000 rw-p 00000000 00:00 0 
c8f80000-eab00000 ---p 00000000 00:00 0 
eab00000-100000000 rw-p 00000000 00:00 0 
100000000-1000c0000 rw-p 00000000 00:00 0 
1000c0000-140000000 ---p 00000000 00:00 0 
7f69f0000000-7f69f0028000 rw-p 00000000 00:00 0 
7f69f0028000-7f69f4000000 ---p 00000000 00:00 0 
7f69f4000000-7f69f4030000 rw-p 00000000 00:00 0 
7f69f4030000-7f69f8000000 ---p 00000000 00:00 0 
7f69f8000000-7f69f8021000 rw-p 00000000 00:00 0 
7f69f8021000-7f69fc000000 ---p 00000000 00:00 0 
7f69fc000000-7f69fc038000 rw-p 00000000 00:00 0 
7f69fc038000-7f6a00000000 ---p 00000000 00:00 0 
7f6a00000000-7f6a00037000 rw-p 00000000 00:00 0 
7f6a00037000-7f6a04000000 ---p 00000000 00:00 0 
7f6a08000000-7f6a08021000 rw-p 00000000 00:00 0 
7f6a08021000-7f6a0c000000 ---p 00000000 00:00 0 
7f6a0c000000-7f6a0c021000 rw-p 00000000 00:00 0 
7f6a0c021000-7f6a10000000 ---p 00000000 00:00 0 
7f6a10000000-7f6a11551000 rw-p 00000000 00:00 0 
7f6a11551000-7f6a14000000 ---p 00000000 00:00 0 
7f6a14000000-7f6a14a13000 rw-p 00000000 00:00 0 
7f6a14a13000-7f6a18000000 ---p 00000000 00:00 0 
7f6a18000000-7f6a18021000 rw-p 00000000 00:00 0 
7f6a18021000-7f6a1c000000 ---p 00000000 00:00 0 
7f6a1c000000-7f6a1cc5e000 rw-p 00000000 00:00 0 
7f6a1cc5e000-7f6a20000000 ---p 00000000 00:00 0 
7f6a20000000-7f6a20021000 rw-p 00000000 00:00 0 
7f6a20021000-7f6a24000000 ---p 00000000 00:00 0 
7f6a24000000-7f6a24021000 rw-p 00000000 00:00 0 
7f6a24021000-7f6a28000000 ---p 00000000 00:00 0 
7f6a28000000-7f6a28021000 rw-p 00000000 00:00 0 
7f6a28021000-7f6a2c000000 ---p 00000000 00:00 0 
7f6a2c000000-7f6a2c2e5000 rw-p 00000000 00:00 0 
7f6a2c2e5000-7f6a30000000 ---p 00000000 00:00 0 
7f6a30000000-7f6a30021000 rw-p 00000000 00:00 0 
7f6a30021000-7f6a34000000 ---p 00000000 00:00 0 
7f6a38000000-7f6a38021000 rw-p 00000000 00:00 0 
7f6a38021000-7f6a3c000000 ---p 00000000 00:00 0 
7f6a3c314000-7f6a3c33b000 r--p 00000000 08:06 133207                     /usr/share/locale/ko/LC_MESSAGES/libc.mo
7f6a3c33b000-7f6a3c33e000 ---p 00000000 00:00 0 
7f6a3c33e000-7f6a3c43c000 rw-p 00000000 00:00 0                          [stack:8724]
7f6a3c43c000-7f6a3c43f000 ---p 00000000 00:00 0 
7f6a3c43f000-7f6a3c53d000 rw-p 00000000 00:00 0                          [stack:8723]
7f6a3c53d000-7f6a3c540000 ---p 00000000 00:00 0 
7f6a3c540000-7f6a3c63e000 rw-p 00000000 00:00 0                          [stack:8722]
7f6a3c63e000-7f6a3c641000 ---p 00000000 00:00 0 
7f6a3c641000-7f6a3c73f000 rw-p 00000000 00:00 0                          [stack:8721]
7f6a3c73f000-7f6a3c742000 ---p 00000000 00:00 0 
7f6a3c742000-7f6a3c840000 rw-p 00000000 00:00 0                          [stack:8720]
7f6a3c840000-7f6a3c879000 r--s 006b4000 08:06 13238831                   /home/youngbin/mailtracker-android/app/build/intermediates/transforms/instantRunSlicer/debug/jars/1/1a/dependencies.jar
7f6a3c879000-7f6a3c87a000 ---p 00000000 00:00 0 
7f6a3c87a000-7f6a3c97a000 rw-p 00000000 00:00 0                          [stack:8714]
7f6a3c97a000-7f6a3c97d000 ---p 00000000 00:00 0 
7f6a3c97d000-7f6a3ca7b000 rw-p 00000000 00:00 0                          [stack:8713]
7f6a3ca7b000-7f6a3ca7e000 ---p 00000000 00:00 0 
7f6a3ca7e000-7f6a3cb7c000 rw-p 00000000 00:00 0                          [stack:8712]
7f6a3cb7c000-7f6a3cb7f000 ---p 00000000 00:00 0 
7f6a3cb7f000-7f6a3cc7d000 rw-p 00000000 00:00 0                          [stack:8711]
7f6a3cc7d000-7f6a3cc80000 ---p 00000000 00:00 0 
7f6a3cc80000-7f6a3cd7e000 rw-p 00000000 00:00 0                          [stack:8710]
7f6a3cd7e000-7f6a3cd81000 ---p 00000000 00:00 0 
7f6a3cd81000-7f6a3ce7f000 rw-p 00000000 00:00 0                          [stack:8709]
7f6a3ce7f000-7f6a3cfcf000 r--p 00000000 08:06 163465                     /usr/lib/locale/locale-archive
7f6a3cfcf000-7f6a3cfd2000 ---p 00000000 00:00 0 
7f6a3cfd2000-7f6a3d0d0000 rw-p 00000000 00:00 0                          [stack:8708]
7f6a3d0d0000-7f6a3d0d3000 ---p 00000000 00:00 0 
7f6a3d0d3000-7f6a3d1d1000 rw-p 00000000 00:00 0                          [stack:8707]
7f6a3d1d1000-7f6a3d1d2000 ---p 00000000 00:00 0 
7f6a3d1d2000-7f6a40000000 rw-p 00000000 00:00 0                          [stack:8706]
7f6a40000000-7f6a40021000 rw-p 00000000 00:00 0 
7f6a40021000-7f6a44000000 ---p 00000000 00:00 0 
7f6a4401e000-7f6a442b1000 rw-p 00000000 00:00 0 
7f6a442b1000-7f6a44489000 r--s 03d1d000 08:06 399677                     /usr/lib/jvm/java-8-jdk/jre/lib/rt.jar
7f6a44489000-7f6a44b7f000 rw-p 00000000 00:00 0 
7f6a44b7f000-7f6a44cff000 ---p 00000000 00:00 0 
7f6a44cff000-7f6a44eff000 rw-p 00000000 00:00 0 
7f6a44eff000-7f6a44f00000 ---p 00000000 00:00 0 
7f6a44f00000-7f6a45000000 rw-p 00000000 00:00 0                          [stack:8699]
7f6a45000000-7f6a458d0000 rwxp 00000000 00:00 0 
7f6a458d0000-7f6a54000000 ---p 00000000 00:00 0 
7f6a54000000-7f6a543ae000 rw-p 00000000 00:00 0 
7f6a543ae000-7f6a58000000 ---p 00000000 00:00 0 
7f6a58006000-7f6a58007000 ---p 00000000 00:00 0 
7f6a58007000-7f6a58107000 rw-p 00000000 00:00 0                          [stack:8698]
7f6a58107000-7f6a58108000 ---p 00000000 00:00 0 
7f6a58108000-7f6a58208000 rw-p 00000000 00:00 0                          [stack:8697]
7f6a58208000-7f6a58209000 ---p 00000000 00:00 0 
7f6a58209000-7f6a58332000 rw-p 00000000 00:00 0                          [stack:8696]
7f6a58332000-7f6a5845f000 ---p 00000000 00:00 0 
7f6a5845f000-7f6a58488000 rw-p 00000000 00:00 0 
7f6a58488000-7f6a585b4000 ---p 00000000 00:00 0 
7f6a585b4000-7f6a5865f000 rw-p 00000000 00:00 0 
7f6a5865f000-7f6a58684000 rw-p 00000000 00:00 0 
7f6a58684000-7f6a58a20000 ---p 00000000 00:00 0 
7f6a58a20000-7f6a58a3a000 r-xp 00000000 08:06 399785                     /usr/lib/jvm/java-8-jdk/jre/lib/amd64/libzip.so
7f6a58a3a000-7f6a58c3a000 ---p 0001a000 08:06 399785                     /usr/lib/jvm/java-8-jdk/jre/lib/amd64/libzip.so
7f6a58c3a000-7f6a58c3b000 rw-p 0001a000 08:06 399785                     /usr/lib/jvm/java-8-jdk/jre/lib/amd64/libzip.so
7f6a58c3b000-7f6a58c46000 r-xp 00000000 08:06 134332                     /usr/lib/libnss_files-2.22.so
7f6a58c46000-7f6a58e45000 ---p 0000b000 08:06 134332                     /usr/lib/libnss_files-2.22.so
7f6a58e45000-7f6a58e46000 r--p 0000a000 08:06 134332                     /usr/lib/libnss_files-2.22.so
7f6a58e46000-7f6a58e47000 rw-p 0000b000 08:06 134332                     /usr/lib/libnss_files-2.22.so
7f6a58e47000-7f6a58e4d000 rw-p 00000000 00:00 0 
7f6a58e4d000-7f6a58e77000 r-xp 00000000 08:06 399805                     /usr/lib/jvm/java-8-jdk/jre/lib/amd64/libjava.so
7f6a58e77000-7f6a59077000 ---p 0002a000 08:06 399805                     /usr/lib/jvm/java-8-jdk/jre/lib/amd64/libjava.so
7f6a59077000-7f6a59079000 rw-p 0002a000 08:06 399805                     /usr/lib/jvm/java-8-jdk/jre/lib/amd64/libjava.so
7f6a59079000-7f6a59086000 r-xp 00000000 08:06 399791                     /usr/lib/jvm/java-8-jdk/jre/lib/amd64/libverify.so
7f6a59086000-7f6a59286000 ---p 0000d000 08:06 399791                     /usr/lib/jvm/java-8-jdk/jre/lib/amd64/libverify.so
7f6a59286000-7f6a59288000 rw-p 0000d000 08:06 399791                     /usr/lib/jvm/java-8-jdk/jre/lib/amd64/libverify.so
7f6a59288000-7f6a5928f000 r-xp 00000000 08:06 134341                     /usr/lib/librt-2.22.so
7f6a5928f000-7f6a5948e000 ---p 00007000 08:06 134341                     /usr/lib/librt-2.22.so
7f6a5948e000-7f6a5948f000 r--p 00006000 08:06 134341                     /usr/lib/librt-2.22.so
7f6a5948f000-7f6a59490000 rw-p 00007000 08:06 134341                     /usr/lib/librt-2.22.so
7f6a59490000-7f6a5958d000 r-xp 00000000 08:06 134338                     /usr/lib/libm-2.22.so
7f6a5958d000-7f6a5978c000 ---p 000fd000 08:06 134338                     /usr/lib/libm-2.22.so
7f6a5978c000-7f6a5978d000 r--p 000fc000 08:06 134338                     /usr/lib/libm-2.22.so
7f6a5978d000-7f6a5978e000 rw-p 000fd000 08:06 134338                     /usr/lib/libm-2.22.so
7f6a5978e000-7f6a5a44d000 r-xp 00000000 08:06 530091                     /usr/lib/jvm/java-8-jdk/jre/lib/amd64/server/libjvm.so
7f6a5a44d000-7f6a5a64c000 ---p 00cbf000 08:06 530091                     /usr/lib/jvm/java-8-jdk/jre/lib/amd64/server/libjvm.so
7f6a5a64c000-7f6a5a725000 rw-p 00cbe000 08:06 530091                     /usr/lib/jvm/java-8-jdk/jre/lib/amd64/server/libjvm.so
7f6a5a725000-7f6a5a76e000 rw-p 00000000 00:00 0 
7f6a5a76e000-7f6a5a908000 r-xp 00000000 08:06 134279                     /usr/lib/libc-2.22.so
7f6a5a908000-7f6a5ab08000 ---p 0019a000 08:06 134279                     /usr/lib/libc-2.22.so
7f6a5ab08000-7f6a5ab0c000 r--p 0019a000 08:06 134279                     /usr/lib/libc-2.22.so
7f6a5ab0c000-7f6a5ab0e000 rw-p 0019e000 08:06 134279                     /usr/lib/libc-2.22.so
7f6a5ab0e000-7f6a5ab12000 rw-p 00000000 00:00 0 
7f6a5ab12000-7f6a5ab15000 r-xp 00000000 08:06 134337                     /usr/lib/libdl-2.22.so
7f6a5ab15000-7f6a5ad14000 ---p 00003000 08:06 134337                     /usr/lib/libdl-2.22.so
7f6a5ad14000-7f6a5ad15000 r--p 00002000 08:06 134337                     /usr/lib/libdl-2.22.so
7f6a5ad15000-7f6a5ad16000 rw-p 00003000 08:06 134337                     /usr/lib/libdl-2.22.so
7f6a5ad16000-7f6a5ad2b000 r-xp 00000000 08:06 530090                     /usr/lib/jvm/java-8-jdk/jre/lib/amd64/jli/libjli.so
7f6a5ad2b000-7f6a5af2b000 ---p 00015000 08:06 530090                     /usr/lib/jvm/java-8-jdk/jre/lib/amd64/jli/libjli.so
7f6a5af2b000-7f6a5af2c000 rw-p 00015000 08:06 530090                     /usr/lib/jvm/java-8-jdk/jre/lib/amd64/jli/libjli.so
7f6a5af2c000-7f6a5af44000 r-xp 00000000 08:06 134257                     /usr/lib/libpthread-2.22.so
7f6a5af44000-7f6a5b143000 ---p 00018000 08:06 134257                     /usr/lib/libpthread-2.22.so
7f6a5b143000-7f6a5b144000 r--p 00017000 08:06 134257                     /usr/lib/libpthread-2.22.so
7f6a5b144000-7f6a5b145000 rw-p 00018000 08:06 134257                     /usr/lib/libpthread-2.22.so
7f6a5b145000-7f6a5b149000 rw-p 00000000 00:00 0 
7f6a5b149000-7f6a5b16b000 r-xp 00000000 08:06 134278                     /usr/lib/ld-2.22.so
7f6a5b171000-7f6a5b236000 rw-p 00000000 00:00 0 
7f6a5b236000-7f6a5b239000 ---p 00000000 00:00 0 
7f6a5b239000-7f6a5b33c000 rw-p 00000000 00:00 0                          [stack:8692]
7f6a5b33c000-7f6a5b34b000 r--s 000df000 08:06 13763614                   /home/youngbin/Android/Sdk/build-tools/23.0.2/lib/dx.jar
7f6a5b34b000-7f6a5b35f000 rw-p 00000000 00:00 0 
7f6a5b35f000-7f6a5b367000 rw-s 00000000 00:21 333759                     /tmp/hsperfdata_youngbin/8690
7f6a5b367000-7f6a5b368000 rw-p 00000000 00:00 0 
7f6a5b368000-7f6a5b369000 ---p 00000000 00:00 0 
7f6a5b369000-7f6a5b36a000 rw-p 00000000 00:00 0 
7f6a5b36a000-7f6a5b36b000 r--p 00021000 08:06 134278                     /usr/lib/ld-2.22.so
7f6a5b36b000-7f6a5b36c000 rw-p 00022000 08:06 134278                     /usr/lib/ld-2.22.so
7f6a5b36c000-7f6a5b36d000 rw-p 00000000 00:00 0 
7ffdea027000-7ffdea048000 rw-p 00000000 00:00 0                          [stack]
7ffdea0a8000-7ffdea0aa000 r--p 00000000 00:00 0                          [vvar]
7ffdea0aa000-7ffdea0ac000 r-xp 00000000 00:00 0                          [vdso]
ffffffffff600000-ffffffffff601000 r-xp 00000000 00:00 0                  [vsyscall]

VM Arguments:
jvm_args: -Djava.awt.headless=true -Xmx1024M -Dfile.encoding=UTF-8 -Duser.country=KR -Duser.language=ko -Duser.variant 
java_command: com.android.dx.command.Main --dex --num-threads=4 --multi-dex --output /home/youngbin/mailtracker-android/app/build/intermediates/transforms/dex/debug/folders/1000/1a/dependencies_82c8c2ddf79f65a1106b4faa60cabd333a42a34f /home/youngbin/mailtracker-android/app/build/intermediates/transforms/instantRunSlicer/debug/jars/1/1a/dependencies.jar
java_class_path (initial): /home/youngbin/Android/Sdk/build-tools/23.0.2/lib/dx.jar
Launcher Type: SUN_STANDARD

Environment Variables:
PATH=/usr/local/sbin:/usr/local/bin:/usr/bin:/usr/lib/jvm/default/bin:/usr/bin/site_perl:/usr/bin/vendor_perl:/usr/bin/core_perl
USERNAME=youngbin
LD_LIBRARY_PATH=/home/youngbin/android-studio/bin:
SHELL=/usr/bin/fish
DISPLAY=:1

Signal Handlers:
SIGSEGV: [libjvm.so+0xabb070], sa_mask[0]=11111111011111111101111111111110, sa_flags=SA_RESTART|SA_SIGINFO
SIGBUS: [libjvm.so+0xabb070], sa_mask[0]=11111111011111111101111111111110, sa_flags=SA_RESTART|SA_SIGINFO
SIGFPE: [libjvm.so+0x918480], sa_mask[0]=11111111011111111101111111111110, sa_flags=SA_RESTART|SA_SIGINFO
SIGPIPE: [libjvm.so+0x918480], sa_mask[0]=11111111011111111101111111111110, sa_flags=SA_RESTART|SA_SIGINFO
SIGXFSZ: [libjvm.so+0x918480], sa_mask[0]=11111111011111111101111111111110, sa_flags=SA_RESTART|SA_SIGINFO
SIGILL: [libjvm.so+0x918480], sa_mask[0]=11111111011111111101111111111110, sa_flags=SA_RESTART|SA_SIGINFO
SIGUSR1: SIG_DFL, sa_mask[0]=00000000000000000000000000000000, sa_flags=none
SIGUSR2: [libjvm.so+0x919ab0], sa_mask[0]=00100000000000000000000000000000, sa_flags=SA_RESTART|SA_SIGINFO
SIGHUP: [libjvm.so+0x91aeb0], sa_mask[0]=11111111011111111101111111111110, sa_flags=SA_RESTART|SA_SIGINFO
SIGINT: [libjvm.so+0x91aeb0], sa_mask[0]=11111111011111111101111111111110, sa_flags=SA_RESTART|SA_SIGINFO
SIGTERM: [libjvm.so+0x91aeb0], sa_mask[0]=11111111011111111101111111111110, sa_flags=SA_RESTART|SA_SIGINFO
SIGQUIT: [libjvm.so+0x91aeb0], sa_mask[0]=11111111011111111101111111111110, sa_flags=SA_RESTART|SA_SIGINFO


---------------  S Y S T E M  ---------------

OS:NAME="Antergos Linux"
VERSION="2015.12-ISO-Rolling"
ID="antergos"
ID_LIKE="arch"
PRETTY_NAME="Antergos Linux"
CPE_NAME="cpe:/o:antergosproject:antergos:2015.12"
ANSI_COLOR="1;34;40"
HOME_URL="https://antergos.com/"
SUPPORT_URL="https://forum.antergos.com/"
BUG_REPORT_URL="https://github.com/antergos"


uname:Linux 4.4.1-2-ARCH #1 SMP PREEMPT Wed Feb 3 13:12:33 UTC 2016 x86_64
libc:glibc 2.22 NPTL 2.22 
rlimit: STACK 8192k, CORE 0k, NPROC 14900, NOFILE 4096, AS infinity
load average:2.53 1.21 0.84

/proc/meminfo:
MemTotal:        4007080 kB
MemFree:           26344 kB
MemAvailable:      58668 kB
Buffers:            1364 kB
Cached:            61464 kB
SwapCached:            0 kB
Active:          3719816 kB
Inactive:          40528 kB
Active(anon):    3700532 kB
Inactive(anon):    27476 kB
Active(file):      19284 kB
Inactive(file):    13052 kB
Unevictable:          80 kB
Mlocked:        34359738448 kB
SwapTotal:             0 kB
SwapFree:              0 kB
Dirty:                 0 kB
Writeback:             0 kB
AnonPages:       3698296 kB
Mapped:            53272 kB
Shmem:             29860 kB
Slab:              65900 kB
SReclaimable:      29568 kB
SUnreclaim:        36332 kB
KernelStack:       11520 kB
PageTables:        48352 kB
NFS_Unstable:          0 kB
Bounce:                0 kB
WritebackTmp:          0 kB
CommitLimit:     2003540 kB
Committed_AS:    8284164 kB
VmallocTotal:   34359738367 kB
VmallocUsed:           0 kB
VmallocChunk:          0 kB
HardwareCorrupted:     0 kB
AnonHugePages:   1918976 kB
HugePages_Total:       0
HugePages_Free:        0
HugePages_Rsvd:        0
HugePages_Surp:        0
Hugepagesize:       2048 kB
DirectMap4k:      139664 kB
DirectMap2M:     4009984 kB


CPU:total 4 (2 cores per cpu, 2 threads per core) family 6 model 42 stepping 7, cmov, cx8, fxsr, mmx, sse, sse2, sse3, ssse3, sse4.1, sse4.2, popcnt, avx, clmul, ht, tsc, tscinvbit

/proc/cpuinfo:
processor	: 0
vendor_id	: GenuineIntel
cpu family	: 6
model		: 42
model name	: Intel(R) Core(TM) i3-2120 CPU @ 3.30GHz
stepping	: 7
microcode	: 0x26
cpu MHz		: 3236.964
cache size	: 3072 KB
physical id	: 0
siblings	: 4
core id		: 0
cpu cores	: 2
apicid		: 0
initial apicid	: 0
fpu		: yes
fpu_exception	: yes
cpuid level	: 13
wp		: yes
flags		: fpu vme de pse tsc msr pae mce cx8 apic sep mtrr pge mca cmov pat pse36 clflush dts acpi mmx fxsr sse sse2 ss ht tm pbe syscall nx rdtscp lm constant_tsc arch_perfmon pebs bts rep_good nopl xtopology nonstop_tsc aperfmperf eagerfpu pni pclmulqdq dtes64 monitor ds_cpl vmx est tm2 ssse3 cx16 xtpr pdcm pcid sse4_1 sse4_2 popcnt tsc_deadline_timer xsave avx lahf_lm arat epb pln pts dtherm tpr_shadow vnmi flexpriority ept vpid xsaveopt
bugs		:
bogomips	: 6603.55
clflush size	: 64
cache_alignment	: 64
address sizes	: 36 bits physical, 48 bits virtual
power management:

processor	: 1
vendor_id	: GenuineIntel
cpu family	: 6
model		: 42
model name	: Intel(R) Core(TM) i3-2120 CPU @ 3.30GHz
stepping	: 7
microcode	: 0x26
cpu MHz		: 3299.871
cache size	: 3072 KB
physical id	: 0
siblings	: 4
core id		: 1
cpu cores	: 2
apicid		: 2
initial apicid	: 2
fpu		: yes
fpu_exception	: yes
cpuid level	: 13
wp		: yes
flags		: fpu vme de pse tsc msr pae mce cx8 apic sep mtrr pge mca cmov pat pse36 clflush dts acpi mmx fxsr sse sse2 ss ht tm pbe syscall nx rdtscp lm constant_tsc arch_perfmon pebs bts rep_good nopl xtopology nonstop_tsc aperfmperf eagerfpu pni pclmulqdq dtes64 monitor ds_cpl vmx est tm2 ssse3 cx16 xtpr pdcm pcid sse4_1 sse4_2 popcnt tsc_deadline_timer xsave avx lahf_lm arat epb pln pts dtherm tpr_shadow vnmi flexpriority ept vpid xsaveopt
bugs		:
bogomips	: 6603.55
clflush size	: 64
cache_alignment	: 64
address sizes	: 36 bits physical, 48 bits virtual
power management:

processor	: 2
vendor_id	: GenuineIntel
cpu family	: 6
model		: 42
model name	: Intel(R) Core(TM) i3-2120 CPU @ 3.30GHz
stepping	: 7
microcode	: 0x26
cpu MHz		: 3294.328
cache size	: 3072 KB
physical id	: 0
siblings	: 4
core id		: 0
cpu cores	: 2
apicid		: 1
initial apicid	: 1
fpu		: yes
fpu_exception	: yes
cpuid level	: 13
wp		: yes
flags		: fpu vme de pse tsc msr pae mce cx8 apic sep mtrr pge mca cmov pat pse36 clflush dts acpi mmx fxsr sse sse2 ss ht tm pbe syscall nx rdtscp lm constant_tsc arch_perfmon pebs bts rep_good nopl xtopology nonstop_tsc aperfmperf eagerfpu pni pclmulqdq dtes64 monitor ds_cpl vmx est tm2 ssse3 cx16 xtpr pdcm pcid sse4_1 sse4_2 popcnt tsc_deadline_timer xsave avx lahf_lm arat epb pln pts dtherm tpr_shadow vnmi flexpriority ept vpid xsaveopt
bugs		:
bogomips	: 6603.55
clflush size	: 64
cache_alignment	: 64
address sizes	: 36 bits physical, 48 bits virtual
power management:

processor	: 3
vendor_id	: GenuineIntel
cpu family	: 6
model		: 42
model name	: Intel(R) Core(TM) i3-2120 CPU @ 3.30GHz
stepping	: 7
microcode	: 0x26
cpu MHz		: 3217.886
cache size	: 3072 KB
physical id	: 0
siblings	: 4
core id		: 1
cpu cores	: 2
apicid		: 3
initial apicid	: 3
fpu		: yes
fpu_exception	: yes
cpuid level	: 13
wp		: yes
flags		: fpu vme de pse tsc msr pae mce cx8 apic sep mtrr pge mca cmov pat pse36 clflush dts acpi mmx fxsr sse sse2 ss ht tm pbe syscall nx rdtscp lm constant_tsc arch_perfmon pebs bts rep_good nopl xtopology nonstop_tsc aperfmperf eagerfpu pni pclmulqdq dtes64 monitor ds_cpl vmx est tm2 ssse3 cx16 xtpr pdcm pcid sse4_1 sse4_2 popcnt tsc_deadline_timer xsave avx lahf_lm arat epb pln pts dtherm tpr_shadow vnmi flexpriority ept vpid xsaveopt
bugs		:
bogomips	: 6603.55
clflush size	: 64
cache_alignment	: 64
address sizes	: 36 bits physical, 48 bits virtual
power management:



Memory: 4k page, physical 4007080k(26344k free), swap 0k(0k free)

vm_info: Java HotSpot(TM) 64-Bit Server VM (25.72-b15) for linux-amd64 JRE (1.8.0_72-b15), built on Dec 22 2015 22:00:07 by "java_re" with gcc 4.3.0 20080428 (Red Hat 4.3.0-8)

time: Sat Feb 20 00:15:35 2016
elapsed time: 7 seconds (0d 0h 0m 7s)

