#
# There is insufficient memory for the Java Runtime Environment to continue.
# Native memory allocation (mmap) failed to map 65536000 bytes for committing reserved memory.
# Possible reasons:
#   The system is out of physical RAM or swap space
#   In 32 bit mode, the process size limit was hit
# Possible solutions:
#   Reduce memory load on the system
#   Increase physical memory or swap space
#   Check if swap backing store is full
#   Use 64 bit Java on a 64 bit OS
#   Decrease Java heap size (-Xmx/-Xms)
#   Decrease number of Java threads
#   Decrease Java thread stack sizes (-Xss)
#   Set larger code cache with -XX:ReservedCodeCacheSize=
# This output file may be truncated or incomplete.
#
#  Out of Memory Error (os_linux.cpp:2627), pid=7238, tid=140640856217344
#
# JRE version: Java(TM) SE Runtime Environment (8.0_72-b15) (build 1.8.0_72-b15)
# Java VM: Java HotSpot(TM) 64-Bit Server VM (25.72-b15 mixed mode linux-amd64 compressed oops)
# Core dump written. Default location: /home/youngbin/mailtracker-android/app/core or core.7238
#

---------------  T H R E A D  ---------------

Current thread (0x00007fe994076800):  VMThread [stack: 0x00007fe980369000,0x00007fe98046a000] [id=7253]

Stack: [0x00007fe980369000,0x00007fe98046a000],  sp=0x00007fe9804682a0,  free space=1020k
Native frames: (J=compiled Java code, j=interpreted, Vv=VM code, C=native code)
V  [libjvm.so+0xaba7ea]  VMError::report_and_die()+0x2ba
V  [libjvm.so+0x4f9e3b]  report_vm_out_of_memory(char const*, int, unsigned long, VMErrorType, char const*)+0x8b
V  [libjvm.so+0x91b613]  os::Linux::commit_memory_impl(char*, unsigned long, bool)+0x103
V  [libjvm.so+0x91bb69]  os::pd_commit_memory(char*, unsigned long, unsigned long, bool)+0x29
V  [libjvm.so+0x915e6a]  os::commit_memory(char*, unsigned long, unsigned long, bool)+0x2a
V  [libjvm.so+0x989543]  PSVirtualSpace::expand_by(unsigned long)+0x53
V  [libjvm.so+0x979e30]  PSOldGen::expand(unsigned long)+0x170
V  [libjvm.so+0x97a03b]  PSOldGen::resize(unsigned long)+0x1cb
V  [libjvm.so+0x981d11]  PSParallelCompact::invoke_no_policy(bool)+0x991
V  [libjvm.so+0x98766d]  PSScavenge::invoke()+0x1ad
V  [libjvm.so+0x93f300]  ParallelScavengeHeap::failed_mem_allocate(unsigned long)+0x70
V  [libjvm.so+0xabc207]  VM_ParallelGCFailedAllocation::doit()+0x97
V  [libjvm.so+0xac3c35]  VM_Operation::evaluate()+0x55
V  [libjvm.so+0xac200a]  VMThread::evaluate_operation(VM_Operation*)+0xba
V  [libjvm.so+0xac238e]  VMThread::loop()+0x1ce
V  [libjvm.so+0xac2800]  VMThread::run()+0x70
V  [libjvm.so+0x91d9d8]  java_start(Thread*)+0x108

VM_Operation (0x00007fe97b5baa30): ParallelGCFailedAllocation, mode: safepoint, requested by thread 0x00007fe9941c6800


---------------  P R O C E S S  ---------------

Java Threads: ( => current thread )
  0x00007fe9941c6800 JavaThread "pool-2-thread-4" [_thread_blocked, id=7271, stack(0x00007fe97b4bc000,0x00007fe97b5bd000)]
  0x00007fe9941c4800 JavaThread "pool-2-thread-3" [_thread_blocked, id=7270, stack(0x00007fe97b5bd000,0x00007fe97b6be000)]
  0x00007fe9941c3000 JavaThread "pool-2-thread-2" [_thread_blocked, id=7269, stack(0x00007fe97b6be000,0x00007fe97b7bf000)]
  0x00007fe9941c2000 JavaThread "pool-3-thread-1" [_thread_blocked, id=7268, stack(0x00007fe97b7bf000,0x00007fe97b8c0000)]
  0x00007fe9941bf800 JavaThread "pool-2-thread-1" [_thread_blocked, id=7267, stack(0x00007fe97b8c0000,0x00007fe97b9c1000)]
  0x00007fe9940be800 JavaThread "Service Thread" daemon [_thread_blocked, id=7260, stack(0x00007fe97bafb000,0x00007fe97bbfc000)]
  0x00007fe9940bb800 JavaThread "C1 CompilerThread2" daemon [_thread_blocked, id=7259, stack(0x00007fe97bbfc000,0x00007fe97bcfd000)]
  0x00007fe9940ba000 JavaThread "C2 CompilerThread1" daemon [_thread_blocked, id=7258, stack(0x00007fe97bcfd000,0x00007fe97bdfe000)]
  0x00007fe9940b7000 JavaThread "C2 CompilerThread0" daemon [_thread_blocked, id=7257, stack(0x00007fe97bdfe000,0x00007fe97beff000)]
  0x00007fe9940b5800 JavaThread "Signal Dispatcher" daemon [_thread_blocked, id=7256, stack(0x00007fe97beff000,0x00007fe97c000000)]
  0x00007fe994082800 JavaThread "Finalizer" daemon [_thread_blocked, id=7255, stack(0x00007fe980167000,0x00007fe980268000)]
  0x00007fe99407e000 JavaThread "Reference Handler" daemon [_thread_blocked, id=7254, stack(0x00007fe980268000,0x00007fe980369000)]
  0x00007fe994008800 JavaThread "main" [_thread_blocked, id=7242, stack(0x00007fe99a3b1000,0x00007fe99a4b2000)]

Other Threads:
=>0x00007fe994076800 VMThread [stack: 0x00007fe980369000,0x00007fe98046a000] [id=7253]
  0x00007fe9940c1800 WatcherThread [stack: 0x00007fe97b9fa000,0x00007fe97bafb000] [id=7261]

VM state:at safepoint (normal execution)

VM Mutex/Monitor currently owned by a thread:  ([mutex/lock_event])
[0x00007fe994005e20] ExpandHeap_lock - owner thread: 0x00007fe994076800
[0x00007fe9940064a0] Threads_lock - owner thread: 0x00007fe994076800
[0x00007fe9940069a0] Heap_lock - owner thread: 0x00007fe9941c6800

Heap:
 PSYoungGen      total 267264K, used 39192K [0x00000000eab00000, 0x0000000100000000, 0x0000000100000000)
  eden space 224768K, 0% used [0x00000000eab00000,0x00000000eab00000,0x00000000f8680000)
  from space 42496K, 92% used [0x00000000fbf00000,0x00000000fe546348,0x00000000fe880000)
  to   space 57856K, 0% used [0x00000000f8680000,0x00000000f8680000,0x00000000fbf00000)
 ParOldGen       total 81920K, used 81528K [0x00000000c0000000, 0x00000000c5000000, 0x00000000eab00000)
  object space 81920K, 99% used [0x00000000c0000000,0x00000000c4f9e058,0x00000000c5000000)
 Metaspace       used 6489K, capacity 7256K, committed 7424K, reserved 1056768K
  class space    used 614K, capacity 656K, committed 768K, reserved 1048576K

Card table byte_map: [0x00007fe9843e6000,0x00007fe9845e7000] byte_map_base: 0x00007fe983de6000

Marking Bits: (ParMarkBitMap*) 0x00007fe9998be100
 Begin Bits: [0x00007fe981fe2000, 0x00007fe982fe2000)
 End Bits:   [0x00007fe982fe2000, 0x00007fe983fe2000)

Polling page: 0x00007fe99a4e3000

CodeCache: size=245760Kb used=9396Kb max_used=9419Kb free=236363Kb
 bounds [0x00007fe9849a7000, 0x00007fe9852e7000, 0x00007fe9939a7000]
 total_blobs=2549 nmethods=2278 adapters=182
 compilation: enabled

Compilation events (10 events):
Event: 6.688 Thread 0x00007fe9940bb800 2456       3       com.android.dx.rop.cst.CstString::stringToUtf8Bytes (175 bytes)
Event: 6.689 Thread 0x00007fe9940bb800 nmethod 2456 0x00007fe9852c35d0 code [0x00007fe9852c37a0, 0x00007fe9852c4018]
Event: 6.720 Thread 0x00007fe9940bb800 2458       2       java.util.HashMap$Values::iterator (12 bytes)
Event: 6.720 Thread 0x00007fe9940bb800 nmethod 2458 0x00007fe9852c4410 code [0x00007fe9852c4580, 0x00007fe9852c4768]
Event: 6.720 Thread 0x00007fe9940bb800 2459       2       java.util.HashMap$ValueIterator::<init> (11 bytes)
Event: 6.720 Thread 0x00007fe9940bb800 nmethod 2459 0x00007fe9852c4810 code [0x00007fe9852c4980, 0x00007fe9852c4b08]
Event: 6.883 Thread 0x00007fe9940bb800 2461 %     3       com.android.dx.util.Bits::isEmpty @ 5 (26 bytes)
Event: 6.883 Thread 0x00007fe9940bb800 nmethod 2461% 0x00007fe9852c6090 code [0x00007fe9852c6200, 0x00007fe9852c64b0]
Event: 6.917 Thread 0x00007fe9940b7000 nmethod 2370 0x00007fe9852ce950 code [0x00007fe9852cf020, 0x00007fe9852d5978]
Event: 6.917 Thread 0x00007fe9940b7000 2423       4       com.android.dx.cf.code.BaseMachine::storeResults (90 bytes)

GC Heap History (10 events):
Event: 3.542 GC heap after
Heap after GC invocations=7 (full 0):
 PSYoungGen      total 140800K, used 16365K [0x00000000eab00000, 0x00000000fd300000, 0x0000000100000000)
  eden space 124416K, 0% used [0x00000000eab00000,0x00000000eab00000,0x00000000f2480000)
  from space 16384K, 99% used [0x00000000f2480000,0x00000000f347b648,0x00000000f3480000)
  to   space 27136K, 0% used [0x00000000fb880000,0x00000000fb880000,0x00000000fd300000)
 ParOldGen       total 42496K, used 31410K [0x00000000c0000000, 0x00000000c2980000, 0x00000000eab00000)
  object space 42496K, 73% used [0x00000000c0000000,0x00000000c1eacb80,0x00000000c2980000)
 Metaspace       used 6228K, capacity 7152K, committed 7296K, reserved 1056768K
  class space    used 594K, capacity 616K, committed 640K, reserved 1048576K
}
Event: 3.542 GC heap before
{Heap before GC invocations=8 (full 1):
 PSYoungGen      total 140800K, used 16365K [0x00000000eab00000, 0x00000000fd300000, 0x0000000100000000)
  eden space 124416K, 0% used [0x00000000eab00000,0x00000000eab00000,0x00000000f2480000)
  from space 16384K, 99% used [0x00000000f2480000,0x00000000f347b648,0x00000000f3480000)
  to   space 27136K, 0% used [0x00000000fb880000,0x00000000fb880000,0x00000000fd300000)
 ParOldGen       total 42496K, used 31410K [0x00000000c0000000, 0x00000000c2980000, 0x00000000eab00000)
  object space 42496K, 73% used [0x00000000c0000000,0x00000000c1eacb80,0x00000000c2980000)
 Metaspace       used 6228K, capacity 7152K, committed 7296K, reserved 1056768K
  class space    used 594K, capacity 616K, committed 640K, reserved 1048576K
Event: 3.837 GC heap after
Heap after GC invocations=8 (full 1):
 PSYoungGen      total 140800K, used 2536K [0x00000000eab00000, 0x00000000fd300000, 0x0000000100000000)
  eden space 124416K, 0% used [0x00000000eab00000,0x00000000eab00000,0x00000000f2480000)
  from space 16384K, 15% used [0x00000000f2480000,0x00000000f26fa358,0x00000000f3480000)
  to   space 27136K, 0% used [0x00000000fb880000,0x00000000fb880000,0x00000000fd300000)
 ParOldGen       total 80384K, used 42242K [0x00000000c0000000, 0x00000000c4e80000, 0x00000000eab00000)
  object space 80384K, 52% used [0x00000000c0000000,0x00000000c2940858,0x00000000c4e80000)
 Metaspace       used 6228K, capacity 7152K, committed 7296K, reserved 1056768K
  class space    used 594K, capacity 616K, committed 640K, reserved 1048576K
}
Event: 4.652 GC heap before
{Heap before GC invocations=9 (full 1):
 PSYoungGen      total 140800K, used 126952K [0x00000000eab00000, 0x00000000fd300000, 0x0000000100000000)
  eden space 124416K, 100% used [0x00000000eab00000,0x00000000f2480000,0x00000000f2480000)
  from space 16384K, 15% used [0x00000000f2480000,0x00000000f26fa358,0x00000000f3480000)
  to   space 27136K, 0% used [0x00000000fb880000,0x00000000fb880000,0x00000000fd300000)
 ParOldGen       total 80384K, used 42242K [0x00000000c0000000, 0x00000000c4e80000, 0x00000000eab00000)
  object space 80384K, 52% used [0x00000000c0000000,0x00000000c2940858,0x00000000c4e80000)
 Metaspace       used 6454K, capacity 7256K, committed 7424K, reserved 1056768K
  class space    used 614K, capacity 656K, committed 768K, reserved 1048576K
Event: 4.746 GC heap after
Heap after GC invocations=9 (full 1):
 PSYoungGen      total 206848K, used 21460K [0x00000000eab00000, 0x00000000fcd80000, 0x0000000100000000)
  eden space 185344K, 0% used [0x00000000eab00000,0x00000000eab00000,0x00000000f6000000)
  from space 21504K, 99% used [0x00000000fb880000,0x00000000fcd75308,0x00000000fcd80000)
  to   space 29696K, 0% used [0x00000000f9380000,0x00000000f9380000,0x00000000fb080000)
 ParOldGen       total 80384K, used 42242K [0x00000000c0000000, 0x00000000c4e80000, 0x00000000eab00000)
  object space 80384K, 52% used [0x00000000c0000000,0x00000000c2940858,0x00000000c4e80000)
 Metaspace       used 6454K, capacity 7256K, committed 7424K, reserved 1056768K
  class space    used 614K, capacity 656K, committed 768K, reserved 1048576K
}
Event: 5.610 GC heap before
{Heap before GC invocations=10 (full 1):
 PSYoungGen      total 206848K, used 206804K [0x00000000eab00000, 0x00000000fcd80000, 0x0000000100000000)
  eden space 185344K, 100% used [0x00000000eab00000,0x00000000f6000000,0x00000000f6000000)
  from space 21504K, 99% used [0x00000000fb880000,0x00000000fcd75308,0x00000000fcd80000)
  to   space 29696K, 0% used [0x00000000f9380000,0x00000000f9380000,0x00000000fb080000)
 ParOldGen       total 80384K, used 42524K [0x00000000c0000000, 0x00000000c4e80000, 0x00000000eab00000)
  object space 80384K, 52% used [0x00000000c0000000,0x00000000c2987328,0x00000000c4e80000)
 Metaspace       used 6474K, capacity 7256K, committed 7424K, reserved 1056768K
  class space    used 614K, capacity 656K, committed 768K, reserved 1048576K
Event: 5.681 GC heap after
Heap after GC invocations=10 (full 1):
 PSYoungGen      total 267776K, used 29677K [0x00000000eab00000, 0x00000000fe880000, 0x0000000100000000)
  eden space 238080K, 0% used [0x00000000eab00000,0x00000000eab00000,0x00000000f9380000)
  from space 29696K, 99% used [0x00000000f9380000,0x00000000fb07b5b8,0x00000000fb080000)
  to   space 42496K, 0% used [0x00000000fbf00000,0x00000000fbf00000,0x00000000fe880000)
 ParOldGen       total 80384K, used 60152K [0x00000000c0000000, 0x00000000c4e80000, 0x00000000eab00000)
  object space 80384K, 74% used [0x00000000c0000000,0x00000000c3abe310,0x00000000c4e80000)
 Metaspace       used 6474K, capacity 7256K, committed 7424K, reserved 1056768K
  class space    used 614K, capacity 656K, committed 768K, reserved 1048576K
}
Event: 6.973 GC heap before
{Heap before GC invocations=11 (full 1):
 PSYoungGen      total 267776K, used 267757K [0x00000000eab00000, 0x00000000fe880000, 0x0000000100000000)
  eden space 238080K, 100% used [0x00000000eab00000,0x00000000f9380000,0x00000000f9380000)
  from space 29696K, 99% used [0x00000000f9380000,0x00000000fb07b5b8,0x00000000fb080000)
  to   space 42496K, 0% used [0x00000000fbf00000,0x00000000fbf00000,0x00000000fe880000)
 ParOldGen       total 80384K, used 60154K [0x00000000c0000000, 0x00000000c4e80000, 0x00000000eab00000)
  object space 80384K, 74% used [0x00000000c0000000,0x00000000c3abea48,0x00000000c4e80000)
 Metaspace       used 6489K, capacity 7256K, committed 7424K, reserved 1056768K
  class space    used 614K, capacity 656K, committed 768K, reserved 1048576K
Event: 7.169 GC heap after
Heap after GC invocations=11 (full 1):
 PSYoungGen      total 267264K, used 42494K [0x00000000eab00000, 0x0000000100000000, 0x0000000100000000)
  eden space 224768K, 0% used [0x00000000eab00000,0x00000000eab00000,0x00000000f8680000)
  from space 42496K, 99% used [0x00000000fbf00000,0x00000000fe87f868,0x00000000fe880000)
  to   space 57856K, 0% used [0x00000000f8680000,0x00000000f8680000,0x00000000fbf00000)
 ParOldGen       total 81920K, used 81646K [0x00000000c0000000, 0x00000000c5000000, 0x00000000eab00000)
  object space 81920K, 99% used [0x00000000c0000000,0x00000000c4fbba20,0x00000000c5000000)
 Metaspace       used 6489K, capacity 7256K, committed 7424K, reserved 1056768K
  class space    used 614K, capacity 656K, committed 768K, reserved 1048576K
}
Event: 7.169 GC heap before
{Heap before GC invocations=12 (full 2):
 PSYoungGen      total 267264K, used 42494K [0x00000000eab00000, 0x0000000100000000, 0x0000000100000000)
  eden space 224768K, 0% used [0x00000000eab00000,0x00000000eab00000,0x00000000f8680000)
  from space 42496K, 99% used [0x00000000fbf00000,0x00000000fe87f868,0x00000000fe880000)
  to   space 57856K, 0% used [0x00000000f8680000,0x00000000f8680000,0x00000000fbf00000)
 ParOldGen       total 81920K, used 81646K [0x00000000c0000000, 0x00000000c5000000, 0x00000000eab00000)
  object space 81920K, 99% used [0x00000000c0000000,0x00000000c4fbba20,0x00000000c5000000)
 Metaspace       used 6489K, capacity 7256K, committed 7424K, reserved 1056768K
  class space    used 614K, capacity 656K, committed 768K, reserved 1048576K

Deoptimization events (10 events):
Event: 4.880 Thread 0x00007fe9941c4800 Uncommon trap: reason=bimorphic action=maybe_recompile pc=0x00007fe984fa5ed8 method=com.android.dx.cf.code.BytecodeArray.parseInstruction(ILcom/android/dx/cf/code/BytecodeArray$Visitor;)I @ 1161
Event: 4.880 Thread 0x00007fe9941c4800 Uncommon trap: reason=bimorphic action=maybe_recompile pc=0x00007fe984fa5ed8 method=com.android.dx.cf.code.BytecodeArray.parseInstruction(ILcom/android/dx/cf/code/BytecodeArray$Visitor;)I @ 1161
Event: 5.171 Thread 0x00007fe9941c6800 Uncommon trap: reason=unstable_if action=reinterpret pc=0x00007fe984ec8a24 method=java.util.HashMap.putVal(ILjava/lang/Object;Ljava/lang/Object;ZZ)Ljava/lang/Object; @ 206
Event: 5.688 Thread 0x00007fe994008800 Uncommon trap: reason=unstable_if action=reinterpret pc=0x00007fe98523f694 method=com.android.dx.cf.code.BytecodeArray.parseInstruction(ILcom/android/dx/cf/code/BytecodeArray$Visitor;)I @ 1261
Event: 5.874 Thread 0x00007fe994008800 Uncommon trap: reason=unstable_if action=reinterpret pc=0x00007fe984d4940c method=com.android.dx.dex.code.OutputFinisher.hasLocalInfo(Lcom/android/dx/dex/code/DalvInsn;)Z @ 24
Event: 6.012 Thread 0x00007fe994008800 Uncommon trap: reason=unstable_if action=reinterpret pc=0x00007fe985239434 method=com.android.dx.rop.cst.CstNat.equals(Ljava/lang/Object;)Z @ 25
Event: 6.058 Thread 0x00007fe9941c3000 Uncommon trap: reason=bimorphic action=maybe_recompile pc=0x00007fe98529071c method=com.android.dx.cf.code.BaseMachine.getLocalTarget(Z)Lcom/android/dx/rop/code/RegisterSpec; @ 70
Event: 6.058 Thread 0x00007fe9941c3000 Uncommon trap: reason=bimorphic action=maybe_recompile pc=0x00007fe98529071c method=com.android.dx.cf.code.BaseMachine.getLocalTarget(Z)Lcom/android/dx/rop/code/RegisterSpec; @ 70
Event: 6.060 Thread 0x00007fe9941c3000 Uncommon trap: reason=bimorphic action=maybe_recompile pc=0x00007fe98529071c method=com.android.dx.cf.code.BaseMachine.getLocalTarget(Z)Lcom/android/dx/rop/code/RegisterSpec; @ 70
Event: 6.105 Thread 0x00007fe9941c3000 Uncommon trap: reason=bimorphic action=maybe_recompile pc=0x00007fe98529071c method=com.android.dx.cf.code.BaseMachine.getLocalTarget(Z)Lcom/android/dx/rop/code/RegisterSpec; @ 70

Internal exceptions (7 events):
Event: 0.028 Thread 0x00007fe994008800 Exception <a 'java/lang/NoSuchMethodError': Method sun.misc.Unsafe.defineClass(Ljava/lang/String;[BII)Ljava/lang/Class; name or signature does not match> (0x00000000eab07cc0) thrown at [/HUDSON/workspace/8-2-build-linux-amd64/jdk8u72/5732/hotspot/src/shar
Event: 0.028 Thread 0x00007fe994008800 Exception <a 'java/lang/NoSuchMethodError': Method sun.misc.Unsafe.prefetchRead(Ljava/lang/Object;J)V name or signature does not match> (0x00000000eab07fa8) thrown at [/HUDSON/workspace/8-2-build-linux-amd64/jdk8u72/5732/hotspot/src/share/vm/prims/jni.cpp
Event: 1.518 Thread 0x00007fe9941bf800 Implicit null exception at 0x00007fe984c87991 to 0x00007fe984c89fa1
Event: 1.665 Thread 0x00007fe994008800 Implicit null exception at 0x00007fe984c793a9 to 0x00007fe984c7be51
Event: 4.427 Thread 0x00007fe9941c6800 Exception <a 'java/lang/ArrayIndexOutOfBoundsException': 18> (0x00000000f0ca7b78) thrown at [/HUDSON/workspace/8-2-build-linux-amd64/jdk8u72/5732/hotspot/src/share/vm/interpreter/interpreterRuntime.cpp, line 366]
Event: 4.428 Thread 0x00007fe9941c6800 Exception <a 'java/lang/ArrayIndexOutOfBoundsException': 145> (0x00000000f0ca96f8) thrown at [/HUDSON/workspace/8-2-build-linux-amd64/jdk8u72/5732/hotspot/src/share/vm/interpreter/interpreterRuntime.cpp, line 366]
Event: 4.429 Thread 0x00007fe9941c6800 Exception <a 'java/lang/ArrayIndexOutOfBoundsException'> (0x00000000f0caa9e0) thrown at [/HUDSON/workspace/8-2-build-linux-amd64/jdk8u72/5732/hotspot/src/share/vm/runtime/sharedRuntime.cpp, line 605]

Events (10 events):
Event: 6.890 Thread 0x00007fe9941c3000 DEOPT UNPACKING pc=0x00007fe9849ee633 sp=0x00007fe97b7bccb8 mode 0
Event: 6.928 Thread 0x00007fe9941c6800 DEOPT PACKING pc=0x00007fe984c7536d sp=0x00007fe97b5baa40
Event: 6.928 Thread 0x00007fe9941c6800 DEOPT UNPACKING pc=0x00007fe9849ee633 sp=0x00007fe97b5ba7c8 mode 0
Event: 6.951 Thread 0x00007fe9941c3000 DEOPT PACKING pc=0x00007fe984c3ed03 sp=0x00007fe97b7bd0f0
Event: 6.951 Thread 0x00007fe9941c3000 DEOPT UNPACKING pc=0x00007fe9849ee633 sp=0x00007fe97b7bce68 mode 0
Event: 6.952 Thread 0x00007fe9941c3000 DEOPT PACKING pc=0x00007fe984d46bac sp=0x00007fe97b7bd0d0
Event: 6.952 Thread 0x00007fe9941c3000 DEOPT UNPACKING pc=0x00007fe9849ee633 sp=0x00007fe97b7bcdd0 mode 0
Event: 6.956 Thread 0x00007fe9941c4800 DEOPT PACKING pc=0x00007fe984c9e4da sp=0x00007fe97b6bbb70
Event: 6.956 Thread 0x00007fe9941c4800 DEOPT UNPACKING pc=0x00007fe9849ee633 sp=0x00007fe97b6bb970 mode 0
Event: 6.972 Executing VM operation: ParallelGCFailedAllocation


Dynamic libraries:
00400000-00401000 r-xp 00000000 08:06 399874                             /usr/lib/jvm/java-8-jdk/jre/bin/java
00600000-00601000 rw-p 00000000 08:06 399874                             /usr/lib/jvm/java-8-jdk/jre/bin/java
0181f000-01840000 rw-p 00000000 00:00 0                                  [heap]
c0000000-c5000000 rw-p 00000000 00:00 0 
c8e80000-eab00000 ---p 00000000 00:00 0 
eab00000-100000000 rw-p 00000000 00:00 0 
100000000-1000c0000 rw-p 00000000 00:00 0 
1000c0000-140000000 ---p 00000000 00:00 0 
7fe934000000-7fe934021000 rw-p 00000000 00:00 0 
7fe934021000-7fe938000000 ---p 00000000 00:00 0 
7fe938000000-7fe93802e000 rw-p 00000000 00:00 0 
7fe93802e000-7fe93c000000 ---p 00000000 00:00 0 
7fe93c000000-7fe93c021000 rw-p 00000000 00:00 0 
7fe93c021000-7fe940000000 ---p 00000000 00:00 0 
7fe940000000-7fe940030000 rw-p 00000000 00:00 0 
7fe940030000-7fe944000000 ---p 00000000 00:00 0 
7fe944000000-7fe944021000 rw-p 00000000 00:00 0 
7fe944021000-7fe948000000 ---p 00000000 00:00 0 
7fe948000000-7fe948021000 rw-p 00000000 00:00 0 
7fe948021000-7fe94c000000 ---p 00000000 00:00 0 
7fe94c000000-7fe94d0da000 rw-p 00000000 00:00 0 
7fe94d0da000-7fe950000000 ---p 00000000 00:00 0 
7fe950000000-7fe950021000 rw-p 00000000 00:00 0 
7fe950021000-7fe954000000 ---p 00000000 00:00 0 
7fe954000000-7fe954fba000 rw-p 00000000 00:00 0 
7fe954fba000-7fe958000000 ---p 00000000 00:00 0 
7fe958000000-7fe9595f7000 rw-p 00000000 00:00 0 
7fe9595f7000-7fe95c000000 ---p 00000000 00:00 0 
7fe95c000000-7fe95c021000 rw-p 00000000 00:00 0 
7fe95c021000-7fe960000000 ---p 00000000 00:00 0 
7fe960000000-7fe960021000 rw-p 00000000 00:00 0 
7fe960021000-7fe964000000 ---p 00000000 00:00 0 
7fe964000000-7fe9642b5000 rw-p 00000000 00:00 0 
7fe9642b5000-7fe968000000 ---p 00000000 00:00 0 
7fe968000000-7fe968021000 rw-p 00000000 00:00 0 
7fe968021000-7fe96c000000 ---p 00000000 00:00 0 
7fe96c000000-7fe96c021000 rw-p 00000000 00:00 0 
7fe96c021000-7fe970000000 ---p 00000000 00:00 0 
7fe970000000-7fe970021000 rw-p 00000000 00:00 0 
7fe970021000-7fe974000000 ---p 00000000 00:00 0 
7fe974000000-7fe974021000 rw-p 00000000 00:00 0 
7fe974021000-7fe978000000 ---p 00000000 00:00 0 
7fe97b495000-7fe97b4bc000 r--p 00000000 08:06 133207                     /usr/share/locale/ko/LC_MESSAGES/libc.mo
7fe97b4bc000-7fe97b4bf000 ---p 00000000 00:00 0 
7fe97b4bf000-7fe97b5bd000 rw-p 00000000 00:00 0                          [stack:7271]
7fe97b5bd000-7fe97b5c0000 ---p 00000000 00:00 0 
7fe97b5c0000-7fe97b6be000 rw-p 00000000 00:00 0                          [stack:7270]
7fe97b6be000-7fe97b6c1000 ---p 00000000 00:00 0 
7fe97b6c1000-7fe97b7bf000 rw-p 00000000 00:00 0                          [stack:7269]
7fe97b7bf000-7fe97b7c2000 ---p 00000000 00:00 0 
7fe97b7c2000-7fe97b8c0000 rw-p 00000000 00:00 0                          [stack:7268]
7fe97b8c0000-7fe97b8c3000 ---p 00000000 00:00 0 
7fe97b8c3000-7fe97b9c1000 rw-p 00000000 00:00 0                          [stack:7267]
7fe97b9c1000-7fe97b9fa000 r--s 006b8000 08:06 13238987                   /home/youngbin/mailtracker-android/app/build/intermediates/transforms/instantRunSlicer/debug/jars/1/1a/dependencies.jar
7fe97b9fa000-7fe97b9fb000 ---p 00000000 00:00 0 
7fe97b9fb000-7fe97bafb000 rw-p 00000000 00:00 0                          [stack:7261]
7fe97bafb000-7fe97bafe000 ---p 00000000 00:00 0 
7fe97bafe000-7fe97bbfc000 rw-p 00000000 00:00 0                          [stack:7260]
7fe97bbfc000-7fe97bbff000 ---p 00000000 00:00 0 
7fe97bbff000-7fe97bcfd000 rw-p 00000000 00:00 0                          [stack:7259]
7fe97bcfd000-7fe97bd00000 ---p 00000000 00:00 0 
7fe97bd00000-7fe97bdfe000 rw-p 00000000 00:00 0                          [stack:7258]
7fe97bdfe000-7fe97be01000 ---p 00000000 00:00 0 
7fe97be01000-7fe97beff000 rw-p 00000000 00:00 0                          [stack:7257]
7fe97beff000-7fe97bf02000 ---p 00000000 00:00 0 
7fe97bf02000-7fe97c000000 rw-p 00000000 00:00 0                          [stack:7256]
7fe97c000000-7fe97c021000 rw-p 00000000 00:00 0 
7fe97c021000-7fe980000000 ---p 00000000 00:00 0 
7fe980017000-7fe980167000 r--p 00000000 08:06 163465                     /usr/lib/locale/locale-archive
7fe980167000-7fe98016a000 ---p 00000000 00:00 0 
7fe98016a000-7fe980268000 rw-p 00000000 00:00 0                          [stack:7255]
7fe980268000-7fe98026b000 ---p 00000000 00:00 0 
7fe98026b000-7fe980369000 rw-p 00000000 00:00 0                          [stack:7254]
7fe980369000-7fe98036a000 ---p 00000000 00:00 0 
7fe98036a000-7fe98140a000 rw-p 00000000 00:00 0                          [stack:7253]
7fe98140a000-7fe9815e2000 r--s 03d1d000 08:06 399677                     /usr/lib/jvm/java-8-jdk/jre/lib/rt.jar
7fe9815e2000-7fe981c62000 rw-p 00000000 00:00 0 
7fe981c62000-7fe981de2000 ---p 00000000 00:00 0 
7fe981de2000-7fe983fe2000 rw-p 00000000 00:00 0 
7fe983fe2000-7fe983fe3000 ---p 00000000 00:00 0 
7fe983fe3000-7fe9840e3000 rw-p 00000000 00:00 0                          [stack:7250]
7fe9840e3000-7fe9840e4000 ---p 00000000 00:00 0 
7fe9840e4000-7fe9841e4000 rw-p 00000000 00:00 0                          [stack:7249]
7fe9841e4000-7fe9841e5000 ---p 00000000 00:00 0 
7fe9841e5000-7fe9842e5000 rw-p 00000000 00:00 0                          [stack:7248]
7fe9842e5000-7fe9842e6000 ---p 00000000 00:00 0 
7fe9842e6000-7fe98440e000 rw-p 00000000 00:00 0                          [stack:7247]
7fe98440e000-7fe98453b000 ---p 00000000 00:00 0 
7fe98453b000-7fe9845e6000 rw-p 00000000 00:00 0 
7fe9845e6000-7fe98460c000 rw-p 00000000 00:00 0 
7fe98460c000-7fe9849a7000 ---p 00000000 00:00 0 
7fe9849a7000-7fe9852e7000 rwxp 00000000 00:00 0 
7fe9852e7000-7fe9939a7000 ---p 00000000 00:00 0 
7fe9939a7000-7fe9939c1000 r-xp 00000000 08:06 399785                     /usr/lib/jvm/java-8-jdk/jre/lib/amd64/libzip.so
7fe9939c1000-7fe993bc1000 ---p 0001a000 08:06 399785                     /usr/lib/jvm/java-8-jdk/jre/lib/amd64/libzip.so
7fe993bc1000-7fe993bc2000 rw-p 0001a000 08:06 399785                     /usr/lib/jvm/java-8-jdk/jre/lib/amd64/libzip.so
7fe993bc2000-7fe993bcd000 r-xp 00000000 08:06 134332                     /usr/lib/libnss_files-2.22.so
7fe993bcd000-7fe993dcc000 ---p 0000b000 08:06 134332                     /usr/lib/libnss_files-2.22.so
7fe993dcc000-7fe993dcd000 r--p 0000a000 08:06 134332                     /usr/lib/libnss_files-2.22.so
7fe993dcd000-7fe993dce000 rw-p 0000b000 08:06 134332                     /usr/lib/libnss_files-2.22.so
7fe993dce000-7fe993dd4000 rw-p 00000000 00:00 0 
7fe993dd4000-7fe993dfe000 r-xp 00000000 08:06 399805                     /usr/lib/jvm/java-8-jdk/jre/lib/amd64/libjava.so
7fe993dfe000-7fe993ffe000 ---p 0002a000 08:06 399805                     /usr/lib/jvm/java-8-jdk/jre/lib/amd64/libjava.so
7fe993ffe000-7fe994000000 rw-p 0002a000 08:06 399805                     /usr/lib/jvm/java-8-jdk/jre/lib/amd64/libjava.so
7fe994000000-7fe9943a6000 rw-p 00000000 00:00 0 
7fe9943a6000-7fe998000000 ---p 00000000 00:00 0 
7fe998007000-7fe9980c6000 rw-p 00000000 00:00 0 
7fe9980c6000-7fe9981f4000 ---p 00000000 00:00 0 
7fe9981f4000-7fe998201000 r-xp 00000000 08:06 399791                     /usr/lib/jvm/java-8-jdk/jre/lib/amd64/libverify.so
7fe998201000-7fe998401000 ---p 0000d000 08:06 399791                     /usr/lib/jvm/java-8-jdk/jre/lib/amd64/libverify.so
7fe998401000-7fe998403000 rw-p 0000d000 08:06 399791                     /usr/lib/jvm/java-8-jdk/jre/lib/amd64/libverify.so
7fe998403000-7fe99840a000 r-xp 00000000 08:06 134341                     /usr/lib/librt-2.22.so
7fe99840a000-7fe998609000 ---p 00007000 08:06 134341                     /usr/lib/librt-2.22.so
7fe998609000-7fe99860a000 r--p 00006000 08:06 134341                     /usr/lib/librt-2.22.so
7fe99860a000-7fe99860b000 rw-p 00007000 08:06 134341                     /usr/lib/librt-2.22.so
7fe99860b000-7fe998708000 r-xp 00000000 08:06 134338                     /usr/lib/libm-2.22.so
7fe998708000-7fe998907000 ---p 000fd000 08:06 134338                     /usr/lib/libm-2.22.so
7fe998907000-7fe998908000 r--p 000fc000 08:06 134338                     /usr/lib/libm-2.22.so
7fe998908000-7fe998909000 rw-p 000fd000 08:06 134338                     /usr/lib/libm-2.22.so
7fe998909000-7fe9995c8000 r-xp 00000000 08:06 530091                     /usr/lib/jvm/java-8-jdk/jre/lib/amd64/server/libjvm.so
7fe9995c8000-7fe9997c7000 ---p 00cbf000 08:06 530091                     /usr/lib/jvm/java-8-jdk/jre/lib/amd64/server/libjvm.so
7fe9997c7000-7fe9998a0000 rw-p 00cbe000 08:06 530091                     /usr/lib/jvm/java-8-jdk/jre/lib/amd64/server/libjvm.so
7fe9998a0000-7fe9998e9000 rw-p 00000000 00:00 0 
7fe9998e9000-7fe999a83000 r-xp 00000000 08:06 134279                     /usr/lib/libc-2.22.so
7fe999a83000-7fe999c83000 ---p 0019a000 08:06 134279                     /usr/lib/libc-2.22.so
7fe999c83000-7fe999c87000 r--p 0019a000 08:06 134279                     /usr/lib/libc-2.22.so
7fe999c87000-7fe999c89000 rw-p 0019e000 08:06 134279                     /usr/lib/libc-2.22.so
7fe999c89000-7fe999c8d000 rw-p 00000000 00:00 0 
7fe999c8d000-7fe999c90000 r-xp 00000000 08:06 134337                     /usr/lib/libdl-2.22.so
7fe999c90000-7fe999e8f000 ---p 00003000 08:06 134337                     /usr/lib/libdl-2.22.so
7fe999e8f000-7fe999e90000 r--p 00002000 08:06 134337                     /usr/lib/libdl-2.22.so
7fe999e90000-7fe999e91000 rw-p 00003000 08:06 134337                     /usr/lib/libdl-2.22.so
7fe999e91000-7fe999ea6000 r-xp 00000000 08:06 530090                     /usr/lib/jvm/java-8-jdk/jre/lib/amd64/jli/libjli.so
7fe999ea6000-7fe99a0a6000 ---p 00015000 08:06 530090                     /usr/lib/jvm/java-8-jdk/jre/lib/amd64/jli/libjli.so
7fe99a0a6000-7fe99a0a7000 rw-p 00015000 08:06 530090                     /usr/lib/jvm/java-8-jdk/jre/lib/amd64/jli/libjli.so
7fe99a0a7000-7fe99a0bf000 r-xp 00000000 08:06 134257                     /usr/lib/libpthread-2.22.so
7fe99a0bf000-7fe99a2be000 ---p 00018000 08:06 134257                     /usr/lib/libpthread-2.22.so
7fe99a2be000-7fe99a2bf000 r--p 00017000 08:06 134257                     /usr/lib/libpthread-2.22.so
7fe99a2bf000-7fe99a2c0000 rw-p 00018000 08:06 134257                     /usr/lib/libpthread-2.22.so
7fe99a2c0000-7fe99a2c4000 rw-p 00000000 00:00 0 
7fe99a2c4000-7fe99a2e6000 r-xp 00000000 08:06 134278                     /usr/lib/ld-2.22.so
7fe99a2ec000-7fe99a3b1000 rw-p 00000000 00:00 0 
7fe99a3b1000-7fe99a3b4000 ---p 00000000 00:00 0 
7fe99a3b4000-7fe99a4b7000 rw-p 00000000 00:00 0                          [stack:7242]
7fe99a4b7000-7fe99a4c6000 r--s 000df000 08:06 13763614                   /home/youngbin/Android/Sdk/build-tools/23.0.2/lib/dx.jar
7fe99a4c6000-7fe99a4da000 rw-p 00000000 00:00 0 
7fe99a4da000-7fe99a4e2000 rw-s 00000000 00:21 541341                     /tmp/hsperfdata_youngbin/7238
7fe99a4e2000-7fe99a4e3000 rw-p 00000000 00:00 0 
7fe99a4e3000-7fe99a4e4000 ---p 00000000 00:00 0 
7fe99a4e4000-7fe99a4e5000 rw-p 00000000 00:00 0 
7fe99a4e5000-7fe99a4e6000 r--p 00021000 08:06 134278                     /usr/lib/ld-2.22.so
7fe99a4e6000-7fe99a4e7000 rw-p 00022000 08:06 134278                     /usr/lib/ld-2.22.so
7fe99a4e7000-7fe99a4e8000 rw-p 00000000 00:00 0 
7fff65962000-7fff65983000 rw-p 00000000 00:00 0                          [stack]
7fff659ae000-7fff659b0000 r--p 00000000 00:00 0                          [vvar]
7fff659b0000-7fff659b2000 r-xp 00000000 00:00 0                          [vdso]
ffffffffff600000-ffffffffff601000 r-xp 00000000 00:00 0                  [vsyscall]

VM Arguments:
jvm_args: -Djava.awt.headless=true -Xmx1024M -Dfile.encoding=UTF-8 -Duser.country=KR -Duser.language=ko -Duser.variant 
java_command: com.android.dx.command.Main --dex --num-threads=4 --multi-dex --output /home/youngbin/mailtracker-android/app/build/intermediates/transforms/dex/debug/folders/1000/1a/dependencies_82c8c2ddf79f65a1106b4faa60cabd333a42a34f /home/youngbin/mailtracker-android/app/build/intermediates/transforms/instantRunSlicer/debug/jars/1/1a/dependencies.jar
java_class_path (initial): /home/youngbin/Android/Sdk/build-tools/23.0.2/lib/dx.jar
Launcher Type: SUN_STANDARD

Environment Variables:
PATH=/usr/local/sbin:/usr/local/bin:/usr/bin:/usr/lib/jvm/default/bin:/usr/bin/site_perl:/usr/bin/vendor_perl:/usr/bin/core_perl
USERNAME=youngbin
LD_LIBRARY_PATH=/home/youngbin/android-studio/bin:
SHELL=/usr/bin/fish
DISPLAY=:1

Signal Handlers:
SIGSEGV: [libjvm.so+0xabb070], sa_mask[0]=11111111011111111101111111111110, sa_flags=SA_RESTART|SA_SIGINFO
SIGBUS: [libjvm.so+0xabb070], sa_mask[0]=11111111011111111101111111111110, sa_flags=SA_RESTART|SA_SIGINFO
SIGFPE: [libjvm.so+0x918480], sa_mask[0]=11111111011111111101111111111110, sa_flags=SA_RESTART|SA_SIGINFO
SIGPIPE: [libjvm.so+0x918480], sa_mask[0]=11111111011111111101111111111110, sa_flags=SA_RESTART|SA_SIGINFO
SIGXFSZ: [libjvm.so+0x918480], sa_mask[0]=11111111011111111101111111111110, sa_flags=SA_RESTART|SA_SIGINFO
SIGILL: [libjvm.so+0x918480], sa_mask[0]=11111111011111111101111111111110, sa_flags=SA_RESTART|SA_SIGINFO
SIGUSR1: SIG_DFL, sa_mask[0]=00000000000000000000000000000000, sa_flags=none
SIGUSR2: [libjvm.so+0x919ab0], sa_mask[0]=00100000000000000000000000000000, sa_flags=SA_RESTART|SA_SIGINFO
SIGHUP: [libjvm.so+0x91aeb0], sa_mask[0]=11111111011111111101111111111110, sa_flags=SA_RESTART|SA_SIGINFO
SIGINT: [libjvm.so+0x91aeb0], sa_mask[0]=11111111011111111101111111111110, sa_flags=SA_RESTART|SA_SIGINFO
SIGTERM: [libjvm.so+0x91aeb0], sa_mask[0]=11111111011111111101111111111110, sa_flags=SA_RESTART|SA_SIGINFO
SIGQUIT: [libjvm.so+0x91aeb0], sa_mask[0]=11111111011111111101111111111110, sa_flags=SA_RESTART|SA_SIGINFO


---------------  S Y S T E M  ---------------

OS:NAME="Antergos Linux"
VERSION="2015.12-ISO-Rolling"
ID="antergos"
ID_LIKE="arch"
PRETTY_NAME="Antergos Linux"
CPE_NAME="cpe:/o:antergosproject:antergos:2015.12"
ANSI_COLOR="1;34;40"
HOME_URL="https://antergos.com/"
SUPPORT_URL="https://forum.antergos.com/"
BUG_REPORT_URL="https://github.com/antergos"


uname:Linux 4.4.1-2-ARCH #1 SMP PREEMPT Wed Feb 3 13:12:33 UTC 2016 x86_64
libc:glibc 2.22 NPTL 2.22 
rlimit: STACK 8192k, CORE infinity, NPROC 14900, NOFILE 4096, AS infinity
load average:3.98 1.22 1.10

/proc/meminfo:
MemTotal:        4007080 kB
MemFree:           39392 kB
MemAvailable:      89100 kB
Buffers:            1224 kB
Cached:           103764 kB
SwapCached:            0 kB
Active:          3654300 kB
Inactive:          97576 kB
Active(anon):    3649344 kB
Inactive(anon):    51432 kB
Active(file):       4956 kB
Inactive(file):    46144 kB
Unevictable:         128 kB
Mlocked:        34359738496 kB
SwapTotal:             0 kB
SwapFree:              0 kB
Dirty:               396 kB
Writeback:             0 kB
AnonPages:       3647112 kB
Mapped:            56672 kB
Shmem:             53772 kB
Slab:              64516 kB
SReclaimable:      28188 kB
SUnreclaim:        36328 kB
KernelStack:       11440 kB
PageTables:        46004 kB
NFS_Unstable:          0 kB
Bounce:                0 kB
WritebackTmp:          0 kB
CommitLimit:     2003540 kB
Committed_AS:    7961176 kB
VmallocTotal:   34359738367 kB
VmallocUsed:           0 kB
VmallocChunk:          0 kB
HardwareCorrupted:     0 kB
AnonHugePages:   1683456 kB
HugePages_Total:       0
HugePages_Free:        0
HugePages_Rsvd:        0
HugePages_Surp:        0
Hugepagesize:       2048 kB
DirectMap4k:      141712 kB
DirectMap2M:     4007936 kB


CPU:total 4 (2 cores per cpu, 2 threads per core) family 6 model 42 stepping 7, cmov, cx8, fxsr, mmx, sse, sse2, sse3, ssse3, sse4.1, sse4.2, popcnt, avx, clmul, ht, tsc, tscinvbit

/proc/cpuinfo:
processor	: 0
vendor_id	: GenuineIntel
cpu family	: 6
model		: 42
model name	: Intel(R) Core(TM) i3-2120 CPU @ 3.30GHz
stepping	: 7
microcode	: 0x26
cpu MHz		: 3300.000
cache size	: 3072 KB
physical id	: 0
siblings	: 4
core id		: 0
cpu cores	: 2
apicid		: 0
initial apicid	: 0
fpu		: yes
fpu_exception	: yes
cpuid level	: 13
wp		: yes
flags		: fpu vme de pse tsc msr pae mce cx8 apic sep mtrr pge mca cmov pat pse36 clflush dts acpi mmx fxsr sse sse2 ss ht tm pbe syscall nx rdtscp lm constant_tsc arch_perfmon pebs bts rep_good nopl xtopology nonstop_tsc aperfmperf eagerfpu pni pclmulqdq dtes64 monitor ds_cpl vmx est tm2 ssse3 cx16 xtpr pdcm pcid sse4_1 sse4_2 popcnt tsc_deadline_timer xsave avx lahf_lm arat epb pln pts dtherm tpr_shadow vnmi flexpriority ept vpid xsaveopt
bugs		:
bogomips	: 6602.98
clflush size	: 64
cache_alignment	: 64
address sizes	: 36 bits physical, 48 bits virtual
power management:

processor	: 1
vendor_id	: GenuineIntel
cpu family	: 6
model		: 42
model name	: Intel(R) Core(TM) i3-2120 CPU @ 3.30GHz
stepping	: 7
microcode	: 0x26
cpu MHz		: 3300.000
cache size	: 3072 KB
physical id	: 0
siblings	: 4
core id		: 1
cpu cores	: 2
apicid		: 2
initial apicid	: 2
fpu		: yes
fpu_exception	: yes
cpuid level	: 13
wp		: yes
flags		: fpu vme de pse tsc msr pae mce cx8 apic sep mtrr pge mca cmov pat pse36 clflush dts acpi mmx fxsr sse sse2 ss ht tm pbe syscall nx rdtscp lm constant_tsc arch_perfmon pebs bts rep_good nopl xtopology nonstop_tsc aperfmperf eagerfpu pni pclmulqdq dtes64 monitor ds_cpl vmx est tm2 ssse3 cx16 xtpr pdcm pcid sse4_1 sse4_2 popcnt tsc_deadline_timer xsave avx lahf_lm arat epb pln pts dtherm tpr_shadow vnmi flexpriority ept vpid xsaveopt
bugs		:
bogomips	: 6602.98
clflush size	: 64
cache_alignment	: 64
address sizes	: 36 bits physical, 48 bits virtual
power management:

processor	: 2
vendor_id	: GenuineIntel
cpu family	: 6
model		: 42
model name	: Intel(R) Core(TM) i3-2120 CPU @ 3.30GHz
stepping	: 7
microcode	: 0x26
cpu MHz		: 3300.000
cache size	: 3072 KB
physical id	: 0
siblings	: 4
core id		: 0
cpu cores	: 2
apicid		: 1
initial apicid	: 1
fpu		: yes
fpu_exception	: yes
cpuid level	: 13
wp		: yes
flags		: fpu vme de pse tsc msr pae mce cx8 apic sep mtrr pge mca cmov pat pse36 clflush dts acpi mmx fxsr sse sse2 ss ht tm pbe syscall nx rdtscp lm constant_tsc arch_perfmon pebs bts rep_good nopl xtopology nonstop_tsc aperfmperf eagerfpu pni pclmulqdq dtes64 monitor ds_cpl vmx est tm2 ssse3 cx16 xtpr pdcm pcid sse4_1 sse4_2 popcnt tsc_deadline_timer xsave avx lahf_lm arat epb pln pts dtherm tpr_shadow vnmi flexpriority ept vpid xsaveopt
bugs		:
bogomips	: 6602.98
clflush size	: 64
cache_alignment	: 64
address sizes	: 36 bits physical, 48 bits virtual
power management:

processor	: 3
vendor_id	: GenuineIntel
cpu family	: 6
model		: 42
model name	: Intel(R) Core(TM) i3-2120 CPU @ 3.30GHz
stepping	: 7
microcode	: 0x26
cpu MHz		: 3299.871
cache size	: 3072 KB
physical id	: 0
siblings	: 4
core id		: 1
cpu cores	: 2
apicid		: 3
initial apicid	: 3
fpu		: yes
fpu_exception	: yes
cpuid level	: 13
wp		: yes
flags		: fpu vme de pse tsc msr pae mce cx8 apic sep mtrr pge mca cmov pat pse36 clflush dts acpi mmx fxsr sse sse2 ss ht tm pbe syscall nx rdtscp lm constant_tsc arch_perfmon pebs bts rep_good nopl xtopology nonstop_tsc aperfmperf eagerfpu pni pclmulqdq dtes64 monitor ds_cpl vmx est tm2 ssse3 cx16 xtpr pdcm pcid sse4_1 sse4_2 popcnt tsc_deadline_timer xsave avx lahf_lm arat epb pln pts dtherm tpr_shadow vnmi flexpriority ept vpid xsaveopt
bugs		:
bogomips	: 6602.98
clflush size	: 64
cache_alignment	: 64
address sizes	: 36 bits physical, 48 bits virtual
power management:



Memory: 4k page, physical 4007080k(39392k free), swap 0k(0k free)

vm_info: Java HotSpot(TM) 64-Bit Server VM (25.72-b15) for linux-amd64 JRE (1.8.0_72-b15), built on Dec 22 2015 22:00:07 by "java_re" with gcc 4.3.0 20080428 (Red Hat 4.3.0-8)

time: Sun Feb 21 23:27:33 2016
elapsed time: 13 seconds (0d 0h 0m 13s)

