#
# There is insufficient memory for the Java Runtime Environment to continue.
# Native memory allocation (mmap) failed to map 63963136 bytes for committing reserved memory.
# Possible reasons:
#   The system is out of physical RAM or swap space
#   In 32 bit mode, the process size limit was hit
# Possible solutions:
#   Reduce memory load on the system
#   Increase physical memory or swap space
#   Check if swap backing store is full
#   Use 64 bit Java on a 64 bit OS
#   Decrease Java heap size (-Xmx/-Xms)
#   Decrease number of Java threads
#   Decrease Java thread stack sizes (-Xss)
#   Set larger code cache with -XX:ReservedCodeCacheSize=
# This output file may be truncated or incomplete.
#
#  Out of Memory Error (os_linux.cpp:2627), pid=4107, tid=139648544265984
#
# JRE version: Java(TM) SE Runtime Environment (8.0_72-b15) (build 1.8.0_72-b15)
# Java VM: Java HotSpot(TM) 64-Bit Server VM (25.72-b15 mixed mode linux-amd64 compressed oops)
# Core dump written. Default location: /home/youngbin/mailtracker-android/app/core or core.4107
#

---------------  T H R E A D  ---------------

Current thread (0x00007f028c076800):  VMThread [stack: 0x00007f0275cfd000,0x00007f0275dfe000] [id=4122]

Stack: [0x00007f0275cfd000,0x00007f0275dfe000],  sp=0x00007f0275dfc020,  free space=1020k
Native frames: (J=compiled Java code, j=interpreted, Vv=VM code, C=native code)
V  [libjvm.so+0xaba7ea]  VMError::report_and_die()+0x2ba
V  [libjvm.so+0x4f9e3b]  report_vm_out_of_memory(char const*, int, unsigned long, VMErrorType, char const*)+0x8b
V  [libjvm.so+0x91b613]  os::Linux::commit_memory_impl(char*, unsigned long, bool)+0x103
V  [libjvm.so+0x91bb69]  os::pd_commit_memory(char*, unsigned long, unsigned long, bool)+0x29
V  [libjvm.so+0x915e6a]  os::commit_memory(char*, unsigned long, unsigned long, bool)+0x2a
V  [libjvm.so+0x989543]  PSVirtualSpace::expand_by(unsigned long)+0x53
V  [libjvm.so+0x979e30]  PSOldGen::expand(unsigned long)+0x170
V  [libjvm.so+0x97a03b]  PSOldGen::resize(unsigned long)+0x1cb
V  [libjvm.so+0x981d11]  PSParallelCompact::invoke_no_policy(bool)+0x991
V  [libjvm.so+0x98766d]  PSScavenge::invoke()+0x1ad
V  [libjvm.so+0x93f300]  ParallelScavengeHeap::failed_mem_allocate(unsigned long)+0x70
V  [libjvm.so+0xabc207]  VM_ParallelGCFailedAllocation::doit()+0x97
V  [libjvm.so+0xac3c35]  VM_Operation::evaluate()+0x55
V  [libjvm.so+0xac200a]  VMThread::evaluate_operation(VM_Operation*)+0xba
V  [libjvm.so+0xac238e]  VMThread::loop()+0x1ce
V  [libjvm.so+0xac2800]  VMThread::run()+0x70
V  [libjvm.so+0x91d9d8]  java_start(Thread*)+0x108

VM_Operation (0x00007f0293f0a920): ParallelGCFailedAllocation, mode: safepoint, requested by thread 0x00007f028c008800


---------------  P R O C E S S  ---------------

Java Threads: ( => current thread )
  0x00007f028c1ce800 JavaThread "pool-2-thread-4" [_thread_blocked, id=4140, stack(0x00007f0274ea0000,0x00007f0274fa1000)]
  0x00007f028c1cd000 JavaThread "pool-2-thread-3" [_thread_blocked, id=4139, stack(0x00007f0274fa1000,0x00007f02750a2000)]
  0x00007f028c1cb000 JavaThread "pool-2-thread-2" [_thread_blocked, id=4138, stack(0x00007f02750a2000,0x00007f02751a3000)]
  0x00007f028c1ca000 JavaThread "pool-3-thread-1" [_thread_blocked, id=4137, stack(0x00007f02751a3000,0x00007f02752a4000)]
  0x00007f028c1c8000 JavaThread "pool-2-thread-1" [_thread_blocked, id=4136, stack(0x00007f02752a4000,0x00007f02753a5000)]
  0x00007f028c0be800 JavaThread "Service Thread" daemon [_thread_blocked, id=4129, stack(0x00007f02754a6000,0x00007f02755a7000)]
  0x00007f028c0bb800 JavaThread "C1 CompilerThread2" daemon [_thread_blocked, id=4128, stack(0x00007f02755a7000,0x00007f02756a8000)]
  0x00007f028c0ba000 JavaThread "C2 CompilerThread1" daemon [_thread_blocked, id=4127, stack(0x00007f02756a8000,0x00007f02757a9000)]
  0x00007f028c0b7000 JavaThread "C2 CompilerThread0" daemon [_thread_blocked, id=4126, stack(0x00007f02757a9000,0x00007f02758aa000)]
  0x00007f028c0b5800 JavaThread "Signal Dispatcher" daemon [_thread_blocked, id=4125, stack(0x00007f02758aa000,0x00007f02759ab000)]
  0x00007f028c082800 JavaThread "Finalizer" daemon [_thread_blocked, id=4124, stack(0x00007f0275afb000,0x00007f0275bfc000)]
  0x00007f028c07e000 JavaThread "Reference Handler" daemon [_thread_blocked, id=4123, stack(0x00007f0275bfc000,0x00007f0275cfd000)]
  0x00007f028c008800 JavaThread "main" [_thread_blocked, id=4111, stack(0x00007f0293e0d000,0x00007f0293f0e000)]

Other Threads:
=>0x00007f028c076800 VMThread [stack: 0x00007f0275cfd000,0x00007f0275dfe000] [id=4122]
  0x00007f028c0c1800 WatcherThread [stack: 0x00007f02753a5000,0x00007f02754a6000] [id=4130]

VM state:at safepoint (normal execution)

VM Mutex/Monitor currently owned by a thread:  ([mutex/lock_event])
[0x00007f028c005e20] ExpandHeap_lock - owner thread: 0x00007f028c076800
[0x00007f028c0064a0] Threads_lock - owner thread: 0x00007f028c076800
[0x00007f028c0069a0] Heap_lock - owner thread: 0x00007f028c008800

Heap:
 PSYoungGen      total 220672K, used 11624K [0x00000000eab00000, 0x00000000fd500000, 0x0000000100000000)
  eden space 186880K, 0% used [0x00000000eab00000,0x00000000eab00000,0x00000000f6180000)
  from space 33792K, 34% used [0x00000000f6180000,0x00000000f6cda398,0x00000000f8280000)
  to   space 36864K, 0% used [0x00000000fb100000,0x00000000fb100000,0x00000000fd500000)
 ParOldGen       total 79872K, used 79755K [0x00000000c0000000, 0x00000000c4e00000, 0x00000000eab00000)
  object space 79872K, 99% used [0x00000000c0000000,0x00000000c4de2e10,0x00000000c4e00000)
 Metaspace       used 6481K, capacity 7256K, committed 7424K, reserved 1056768K
  class space    used 614K, capacity 656K, committed 768K, reserved 1048576K

Card table byte_map: [0x00007f0291036000,0x00007f0291237000] byte_map_base: 0x00007f0290a36000

Marking Bits: (ParMarkBitMap*) 0x00007f029331a100
 Begin Bits: [0x00007f0276000000, 0x00007f0277000000)
 End Bits:   [0x00007f0277000000, 0x00007f0278000000)

Polling page: 0x00007f0293f3f000

CodeCache: size=245760Kb used=8694Kb max_used=8694Kb free=237065Kb
 bounds [0x00007f027d000000, 0x00007f027d890000, 0x00007f028c000000]
 total_blobs=2500 nmethods=2231 adapters=182
 compilation: enabled

Compilation events (10 events):
Event: 5.464 Thread 0x00007f028c0bb800 2383       3       com.android.dx.cf.direct.StdAttributeFactory::lineNumberTable (204 bytes)
Event: 5.467 Thread 0x00007f028c0bb800 nmethod 2383 0x00007f027d82af90 code [0x00007f027d82b440, 0x00007f027d82e118]
Event: 5.570 Thread 0x00007f028c0bb800 2385       3       java.util.HashMap$HashIterator::nextNode (100 bytes)
Event: 5.571 Thread 0x00007f028c0bb800 nmethod 2385 0x00007f027d8310d0 code [0x00007f027d831280, 0x00007f027d831758]
Event: 5.585 Thread 0x00007f028c0bb800 2386       2       java.util.concurrent.locks.AbstractQueuedSynchronizer::parkAndCheckInterrupt (8 bytes)
Event: 5.585 Thread 0x00007f028c0bb800 nmethod 2386 0x00007f027d830c50 code [0x00007f027d830dc0, 0x00007f027d830fd8]
Event: 5.591 Thread 0x00007f028c0ba000 nmethod 2272 0x00007f027d867350 code [0x00007f027d868d80, 0x00007f027d870eb0]
Event: 5.592 Thread 0x00007f028c0ba000 2369       4       com.android.dx.ssa.LocalVariableExtractor::processBlock (383 bytes)
Event: 5.592 Thread 0x00007f028c0bb800 2388   !   2       com.android.dx.cf.code.BytecodeArray::parseInstruction (2764 bytes)
Event: 5.615 Thread 0x00007f028c0bb800 nmethod 2388 0x00007f027d87a310 code [0x00007f027d87b240, 0x00007f027d881588]

GC Heap History (10 events):
Event: 2.560 GC heap after
Heap after GC invocations=8 (full 0):
 PSYoungGen      total 135168K, used 15355K [0x00000000eab00000, 0x00000000f4d00000, 0x0000000100000000)
  eden space 119808K, 0% used [0x00000000eab00000,0x00000000eab00000,0x00000000f2000000)
  from space 15360K, 99% used [0x00000000f3400000,0x00000000f42fec90,0x00000000f4300000)
  to   space 20480K, 0% used [0x00000000f2000000,0x00000000f2000000,0x00000000f3400000)
 ParOldGen       total 42496K, used 19853K [0x00000000c0000000, 0x00000000c2980000, 0x00000000eab00000)
  object space 42496K, 46% used [0x00000000c0000000,0x00000000c13636d0,0x00000000c2980000)
 Metaspace       used 5988K, capacity 6960K, committed 7040K, reserved 1056768K
  class space    used 594K, capacity 616K, committed 640K, reserved 1048576K
}
Event: 3.204 GC heap before
{Heap before GC invocations=9 (full 0):
 PSYoungGen      total 135168K, used 135163K [0x00000000eab00000, 0x00000000f4d00000, 0x0000000100000000)
  eden space 119808K, 100% used [0x00000000eab00000,0x00000000f2000000,0x00000000f2000000)
  from space 15360K, 99% used [0x00000000f3400000,0x00000000f42fec90,0x00000000f4300000)
  to   space 20480K, 0% used [0x00000000f2000000,0x00000000f2000000,0x00000000f3400000)
 ParOldGen       total 42496K, used 19853K [0x00000000c0000000, 0x00000000c2980000, 0x00000000eab00000)
  object space 42496K, 46% used [0x00000000c0000000,0x00000000c13636d0,0x00000000c2980000)
 Metaspace       used 6191K, capacity 7088K, committed 7296K, reserved 1056768K
  class space    used 594K, capacity 616K, committed 640K, reserved 1048576K
Event: 3.315 GC heap after
Heap after GC invocations=9 (full 0):
 PSYoungGen      total 140288K, used 20452K [0x00000000eab00000, 0x00000000f9e80000, 0x0000000100000000)
  eden space 119808K, 0% used [0x00000000eab00000,0x00000000eab00000,0x00000000f2000000)
  from space 20480K, 99% used [0x00000000f2000000,0x00000000f33f9270,0x00000000f3400000)
  to   space 28672K, 0% used [0x00000000f8280000,0x00000000f8280000,0x00000000f9e80000)
 ParOldGen       total 42496K, used 30881K [0x00000000c0000000, 0x00000000c2980000, 0x00000000eab00000)
  object space 42496K, 72% used [0x00000000c0000000,0x00000000c1e287c8,0x00000000c2980000)
 Metaspace       used 6191K, capacity 7088K, committed 7296K, reserved 1056768K
  class space    used 594K, capacity 616K, committed 640K, reserved 1048576K
}
Event: 3.931 GC heap before
{Heap before GC invocations=10 (full 0):
 PSYoungGen      total 140288K, used 140260K [0x00000000eab00000, 0x00000000f9e80000, 0x0000000100000000)
  eden space 119808K, 100% used [0x00000000eab00000,0x00000000f2000000,0x00000000f2000000)
  from space 20480K, 99% used [0x00000000f2000000,0x00000000f33f9270,0x00000000f3400000)
  to   space 28672K, 0% used [0x00000000f8280000,0x00000000f8280000,0x00000000f9e80000)
 ParOldGen       total 42496K, used 30881K [0x00000000c0000000, 0x00000000c2980000, 0x00000000eab00000)
  object space 42496K, 72% used [0x00000000c0000000,0x00000000c1e287c8,0x00000000c2980000)
 Metaspace       used 6462K, capacity 7256K, committed 7424K, reserved 1056768K
  class space    used 614K, capacity 656K, committed 768K, reserved 1048576K
Event: 4.035 GC heap after
Heap after GC invocations=10 (full 0):
 PSYoungGen      total 215552K, used 28470K [0x00000000eab00000, 0x00000000fa880000, 0x0000000100000000)
  eden space 186880K, 0% used [0x00000000eab00000,0x00000000eab00000,0x00000000f6180000)
  from space 28672K, 99% used [0x00000000f8280000,0x00000000f9e4db80,0x00000000f9e80000)
  to   space 33792K, 0% used [0x00000000f6180000,0x00000000f6180000,0x00000000f8280000)
 ParOldGen       total 42496K, used 41472K [0x00000000c0000000, 0x00000000c2980000, 0x00000000eab00000)
  object space 42496K, 97% used [0x00000000c0000000,0x00000000c2880070,0x00000000c2980000)
 Metaspace       used 6462K, capacity 7256K, committed 7424K, reserved 1056768K
  class space    used 614K, capacity 656K, committed 768K, reserved 1048576K
}
Event: 4.035 GC heap before
{Heap before GC invocations=11 (full 1):
 PSYoungGen      total 215552K, used 28470K [0x00000000eab00000, 0x00000000fa880000, 0x0000000100000000)
  eden space 186880K, 0% used [0x00000000eab00000,0x00000000eab00000,0x00000000f6180000)
  from space 28672K, 99% used [0x00000000f8280000,0x00000000f9e4db80,0x00000000f9e80000)
  to   space 33792K, 0% used [0x00000000f6180000,0x00000000f6180000,0x00000000f8280000)
 ParOldGen       total 42496K, used 41472K [0x00000000c0000000, 0x00000000c2980000, 0x00000000eab00000)
  object space 42496K, 97% used [0x00000000c0000000,0x00000000c2880070,0x00000000c2980000)
 Metaspace       used 6462K, capacity 7256K, committed 7424K, reserved 1056768K
  class space    used 614K, capacity 656K, committed 768K, reserved 1048576K
Event: 4.735 GC heap after
Heap after GC invocations=11 (full 1):
 PSYoungGen      total 215552K, used 23690K [0x00000000eab00000, 0x00000000fa880000, 0x0000000100000000)
  eden space 186880K, 0% used [0x00000000eab00000,0x00000000eab00000,0x00000000f6180000)
  from space 28672K, 82% used [0x00000000f8280000,0x00000000f99a29b8,0x00000000f9e80000)
  to   space 33792K, 0% used [0x00000000f6180000,0x00000000f6180000,0x00000000f8280000)
 ParOldGen       total 79872K, used 42406K [0x00000000c0000000, 0x00000000c4e00000, 0x00000000eab00000)
  object space 79872K, 53% used [0x00000000c0000000,0x00000000c29699f8,0x00000000c4e00000)
 Metaspace       used 6462K, capacity 7256K, committed 7424K, reserved 1056768K
  class space    used 614K, capacity 656K, committed 768K, reserved 1048576K
}
Event: 5.622 GC heap before
{Heap before GC invocations=12 (full 1):
 PSYoungGen      total 215552K, used 210570K [0x00000000eab00000, 0x00000000fa880000, 0x0000000100000000)
  eden space 186880K, 100% used [0x00000000eab00000,0x00000000f6180000,0x00000000f6180000)
  from space 28672K, 82% used [0x00000000f8280000,0x00000000f99a29b8,0x00000000f9e80000)
  to   space 33792K, 0% used [0x00000000f6180000,0x00000000f6180000,0x00000000f8280000)
 ParOldGen       total 79872K, used 42406K [0x00000000c0000000, 0x00000000c4e00000, 0x00000000eab00000)
  object space 79872K, 53% used [0x00000000c0000000,0x00000000c29699f8,0x00000000c4e00000)
 Metaspace       used 6481K, capacity 7256K, committed 7424K, reserved 1056768K
  class space    used 614K, capacity 656K, committed 768K, reserved 1048576K
Event: 5.720 GC heap after
Heap after GC invocations=12 (full 1):
 PSYoungGen      total 220672K, used 26662K [0x00000000eab00000, 0x00000000fd500000, 0x0000000100000000)
  eden space 186880K, 0% used [0x00000000eab00000,0x00000000eab00000,0x00000000f6180000)
  from space 33792K, 78% used [0x00000000f6180000,0x00000000f7b89980,0x00000000f8280000)
  to   space 36864K, 0% used [0x00000000fb100000,0x00000000fb100000,0x00000000fd500000)
 ParOldGen       total 79872K, used 65417K [0x00000000c0000000, 0x00000000c4e00000, 0x00000000eab00000)
  object space 79872K, 81% used [0x00000000c0000000,0x00000000c3fe27b0,0x00000000c4e00000)
 Metaspace       used 6481K, capacity 7256K, committed 7424K, reserved 1056768K
  class space    used 614K, capacity 656K, committed 768K, reserved 1048576K
}
Event: 5.720 GC heap before
{Heap before GC invocations=13 (full 2):
 PSYoungGen      total 220672K, used 26662K [0x00000000eab00000, 0x00000000fd500000, 0x0000000100000000)
  eden space 186880K, 0% used [0x00000000eab00000,0x00000000eab00000,0x00000000f6180000)
  from space 33792K, 78% used [0x00000000f6180000,0x00000000f7b89980,0x00000000f8280000)
  to   space 36864K, 0% used [0x00000000fb100000,0x00000000fb100000,0x00000000fd500000)
 ParOldGen       total 79872K, used 65417K [0x00000000c0000000, 0x00000000c4e00000, 0x00000000eab00000)
  object space 79872K, 81% used [0x00000000c0000000,0x00000000c3fe27b0,0x00000000c4e00000)
 Metaspace       used 6481K, capacity 7256K, committed 7424K, reserved 1056768K
  class space    used 614K, capacity 656K, committed 768K, reserved 1048576K

Deoptimization events (10 events):
Event: 3.930 Thread 0x00007f028c1c8000 Uncommon trap: reason=bimorphic action=maybe_recompile pc=0x00007f027d5936fc method=com.android.dx.cf.code.BytecodeArray.parseInstruction(ILcom/android/dx/cf/code/BytecodeArray$Visitor;)I @ 1161
Event: 4.774 Thread 0x00007f028c008800 Uncommon trap: reason=class_check action=maybe_recompile pc=0x00007f027d6c5dd4 method=com.android.dx.ssa.LiteralOpUpgrader.isConstIntZeroOrKnownNull(Lcom/android/dx/rop/code/RegisterSpec;)Z @ 13
Event: 4.774 Thread 0x00007f028c008800 Uncommon trap: reason=class_check action=maybe_recompile pc=0x00007f027d6c5dd4 method=com.android.dx.ssa.LiteralOpUpgrader.isConstIntZeroOrKnownNull(Lcom/android/dx/rop/code/RegisterSpec;)Z @ 13
Event: 4.774 Thread 0x00007f028c008800 Uncommon trap: reason=class_check action=maybe_recompile pc=0x00007f027d6c5dd4 method=com.android.dx.ssa.LiteralOpUpgrader.isConstIntZeroOrKnownNull(Lcom/android/dx/rop/code/RegisterSpec;)Z @ 13
Event: 4.780 Thread 0x00007f028c1cb000 Uncommon trap: reason=unstable_if action=reinterpret pc=0x00007f027d611cc0 method=com.android.dx.ssa.MoveParamCombiner$1.visitNonMoveInsn(Lcom/android/dx/ssa/NormalSsaInsn;)V @ 27
Event: 4.834 Thread 0x00007f028c1c8000 Uncommon trap: reason=bimorphic action=maybe_recompile pc=0x00007f027d6a874c method=com.android.dx.ssa.LiteralOpUpgrader.tryReplacingWithConstant(Lcom/android/dx/ssa/NormalSsaInsn;)Z @ 62
Event: 4.834 Thread 0x00007f028c1c8000 Uncommon trap: reason=unstable_if action=reinterpret pc=0x00007f027d6c5bac method=com.android.dx.ssa.LiteralOpUpgrader$1.visitNonMoveInsn(Lcom/android/dx/ssa/NormalSsaInsn;)V @ 24
Event: 4.843 Thread 0x00007f028c1c8000 Uncommon trap: reason=bimorphic action=maybe_recompile pc=0x00007f027d6a874c method=com.android.dx.ssa.LiteralOpUpgrader.tryReplacingWithConstant(Lcom/android/dx/ssa/NormalSsaInsn;)Z @ 62
Event: 5.401 Thread 0x00007f028c008800 Uncommon trap: reason=unstable_if action=reinterpret pc=0x00007f027d838378 method=com.android.dx.rop.code.LocalVariableInfo.mergeStarts(ILcom/android/dx/rop/code/RegisterSpecSet;)Z @ 31
Event: 5.592 Thread 0x00007f028c1ce800 Uncommon trap: reason=unstable_if action=reinterpret pc=0x00007f027d86abfc method=com.android.dx.cf.code.BytecodeArray.parseInstruction(ILcom/android/dx/cf/code/BytecodeArray$Visitor;)I @ 1261

Internal exceptions (8 events):
Event: 0.029 Thread 0x00007f028c008800 Exception <a 'java/lang/NoSuchMethodError': Method sun.misc.Unsafe.defineClass(Ljava/lang/String;[BII)Ljava/lang/Class; name or signature does not match> (0x00000000eab07cc0) thrown at [/HUDSON/workspace/8-2-build-linux-amd64/jdk8u72/5732/hotspot/src/shar
Event: 0.029 Thread 0x00007f028c008800 Exception <a 'java/lang/NoSuchMethodError': Method sun.misc.Unsafe.prefetchRead(Ljava/lang/Object;J)V name or signature does not match> (0x00000000eab07fa8) thrown at [/HUDSON/workspace/8-2-build-linux-amd64/jdk8u72/5732/hotspot/src/share/vm/prims/jni.cpp
Event: 1.088 Thread 0x00007f028c1ce800 Implicit null exception at 0x00007f027d30e462 to 0x00007f027d30e553
Event: 1.408 Thread 0x00007f028c1cb000 Implicit null exception at 0x00007f027d2d8749 to 0x00007f027d2dacc5
Event: 3.558 Thread 0x00007f028c1c8000 Implicit null exception at 0x00007f027d649005 to 0x00007f027d64a535
Event: 3.738 Thread 0x00007f028c1cd000 Exception <a 'java/lang/ArrayIndexOutOfBoundsException': 18> (0x00000000efcde040) thrown at [/HUDSON/workspace/8-2-build-linux-amd64/jdk8u72/5732/hotspot/src/share/vm/interpreter/interpreterRuntime.cpp, line 366]
Event: 3.739 Thread 0x00007f028c1cd000 Exception <a 'java/lang/ArrayIndexOutOfBoundsException'> (0x00000000efcdfbc0) thrown at [/HUDSON/workspace/8-2-build-linux-amd64/jdk8u72/5732/hotspot/src/share/vm/runtime/sharedRuntime.cpp, line 605]
Event: 3.740 Thread 0x00007f028c1cd000 Exception <a 'java/lang/ArrayIndexOutOfBoundsException'> (0x00000000efce0ea8) thrown at [/HUDSON/workspace/8-2-build-linux-amd64/jdk8u72/5732/hotspot/src/share/vm/runtime/sharedRuntime.cpp, line 605]

Events (10 events):
Event: 5.421 Thread 0x00007f028c1ce800 DEOPT PACKING pc=0x00007f027d3ad72c sp=0x00007f0274f9f150
Event: 5.421 Thread 0x00007f028c1ce800 DEOPT UNPACKING pc=0x00007f027d047633 sp=0x00007f0274f9ee50 mode 0
Event: 5.492 Thread 0x00007f028c1cd000 DEOPT PACKING pc=0x00007f027d3ad72c sp=0x00007f02750a00d0
Event: 5.492 Thread 0x00007f028c1cd000 DEOPT UNPACKING pc=0x00007f027d047633 sp=0x00007f027509fdd0 mode 0
Event: 5.592 Thread 0x00007f028c1ce800 Uncommon trap: trap_request=0xffffff65 fr.pc=0x00007f027d86abfc
Event: 5.592 Thread 0x00007f028c1ce800 DEOPT PACKING pc=0x00007f027d86abfc sp=0x00007f0274f9eec0
Event: 5.592 Thread 0x00007f028c1ce800 DEOPT UNPACKING pc=0x00007f027d005229 sp=0x00007f0274f9ee98 mode 2
Event: 5.599 Thread 0x00007f028c1cb000 DEOPT PACKING pc=0x00007f027d3ad72c sp=0x00007f02751a0f00
Event: 5.599 Thread 0x00007f028c1cb000 DEOPT UNPACKING pc=0x00007f027d047633 sp=0x00007f02751a0c00 mode 0
Event: 5.621 Executing VM operation: ParallelGCFailedAllocation


Dynamic libraries:
00400000-00401000 r-xp 00000000 08:06 399874                             /usr/lib/jvm/java-8-jdk/jre/bin/java
00600000-00601000 rw-p 00000000 08:06 399874                             /usr/lib/jvm/java-8-jdk/jre/bin/java
00c5a000-00c7b000 rw-p 00000000 00:00 0                                  [heap]
c0000000-c4e00000 rw-p 00000000 00:00 0 
c8b00000-eab00000 ---p 00000000 00:00 0 
eab00000-fd500000 rw-p 00000000 00:00 0 
fd500000-100000000 ---p 00000000 00:00 0 
100000000-1000c0000 rw-p 00000000 00:00 0 
1000c0000-140000000 ---p 00000000 00:00 0 
7f0230000000-7f023002d000 rw-p 00000000 00:00 0 
7f023002d000-7f0234000000 ---p 00000000 00:00 0 
7f0234000000-7f0234021000 rw-p 00000000 00:00 0 
7f0234021000-7f0238000000 ---p 00000000 00:00 0 
7f0238000000-7f0238021000 rw-p 00000000 00:00 0 
7f0238021000-7f023c000000 ---p 00000000 00:00 0 
7f023c000000-7f023c021000 rw-p 00000000 00:00 0 
7f023c021000-7f0240000000 ---p 00000000 00:00 0 
7f0240000000-7f0240021000 rw-p 00000000 00:00 0 
7f0240021000-7f0244000000 ---p 00000000 00:00 0 
7f0244000000-7f0244036000 rw-p 00000000 00:00 0 
7f0244036000-7f0248000000 ---p 00000000 00:00 0 
7f0248000000-7f0248771000 rw-p 00000000 00:00 0 
7f0248771000-7f024c000000 ---p 00000000 00:00 0 
7f024c000000-7f024c021000 rw-p 00000000 00:00 0 
7f024c021000-7f0250000000 ---p 00000000 00:00 0 
7f0250000000-7f0251901000 rw-p 00000000 00:00 0 
7f0251901000-7f0254000000 ---p 00000000 00:00 0 
7f0254000000-7f0254ba3000 rw-p 00000000 00:00 0 
7f0254ba3000-7f0258000000 ---p 00000000 00:00 0 
7f0258000000-7f0258021000 rw-p 00000000 00:00 0 
7f0258021000-7f025c000000 ---p 00000000 00:00 0 
7f025c000000-7f025c021000 rw-p 00000000 00:00 0 
7f025c021000-7f0260000000 ---p 00000000 00:00 0 
7f0260000000-7f02602c5000 rw-p 00000000 00:00 0 
7f02602c5000-7f0264000000 ---p 00000000 00:00 0 
7f0264000000-7f0264021000 rw-p 00000000 00:00 0 
7f0264021000-7f0268000000 ---p 00000000 00:00 0 
7f0268000000-7f0268021000 rw-p 00000000 00:00 0 
7f0268021000-7f026c000000 ---p 00000000 00:00 0 
7f026c000000-7f026c021000 rw-p 00000000 00:00 0 
7f026c021000-7f0270000000 ---p 00000000 00:00 0 
7f0270000000-7f0270021000 rw-p 00000000 00:00 0 
7f0270021000-7f0274000000 ---p 00000000 00:00 0 
7f0274ea0000-7f0274ea3000 ---p 00000000 00:00 0 
7f0274ea3000-7f0274fa1000 rw-p 00000000 00:00 0                          [stack:4140]
7f0274fa1000-7f0274fa4000 ---p 00000000 00:00 0 
7f0274fa4000-7f02750a2000 rw-p 00000000 00:00 0                          [stack:4139]
7f02750a2000-7f02750a5000 ---p 00000000 00:00 0 
7f02750a5000-7f02751a3000 rw-p 00000000 00:00 0                          [stack:4138]
7f02751a3000-7f02751a6000 ---p 00000000 00:00 0 
7f02751a6000-7f02752a4000 rw-p 00000000 00:00 0                          [stack:4137]
7f02752a4000-7f02752a7000 ---p 00000000 00:00 0 
7f02752a7000-7f02753a5000 rw-p 00000000 00:00 0                          [stack:4136]
7f02753a5000-7f02753a6000 ---p 00000000 00:00 0 
7f02753a6000-7f02754a6000 rw-p 00000000 00:00 0                          [stack:4130]
7f02754a6000-7f02754a9000 ---p 00000000 00:00 0 
7f02754a9000-7f02755a7000 rw-p 00000000 00:00 0                          [stack:4129]
7f02755a7000-7f02755aa000 ---p 00000000 00:00 0 
7f02755aa000-7f02756a8000 rw-p 00000000 00:00 0                          [stack:4128]
7f02756a8000-7f02756ab000 ---p 00000000 00:00 0 
7f02756ab000-7f02757a9000 rw-p 00000000 00:00 0                          [stack:4127]
7f02757a9000-7f02757ac000 ---p 00000000 00:00 0 
7f02757ac000-7f02758aa000 rw-p 00000000 00:00 0                          [stack:4126]
7f02758aa000-7f02758ad000 ---p 00000000 00:00 0 
7f02758ad000-7f02759ab000 rw-p 00000000 00:00 0                          [stack:4125]
7f02759ab000-7f0275afb000 r--p 00000000 08:06 163465                     /usr/lib/locale/locale-archive
7f0275afb000-7f0275afe000 ---p 00000000 00:00 0 
7f0275afe000-7f0275bfc000 rw-p 00000000 00:00 0                          [stack:4124]
7f0275bfc000-7f0275bff000 ---p 00000000 00:00 0 
7f0275bff000-7f0275cfd000 rw-p 00000000 00:00 0                          [stack:4123]
7f0275cfd000-7f0275cfe000 ---p 00000000 00:00 0 
7f0275cfe000-7f0278000000 rw-p 00000000 00:00 0                          [stack:4122]
7f0278000000-7f0278021000 rw-p 00000000 00:00 0 
7f0278021000-7f027c000000 ---p 00000000 00:00 0 
7f027c058000-7f027c07f000 r--p 00000000 08:06 133207                     /usr/share/locale/ko/LC_MESSAGES/libc.mo
7f027c07f000-7f027c0b8000 r--s 006b8000 08:06 13238988                   /home/youngbin/mailtracker-android/app/build/intermediates/transforms/instantRunSlicer/debug/jars/1/1a/dependencies.jar
7f027c0b8000-7f027ce28000 rw-p 00000000 00:00 0 
7f027ce28000-7f027d000000 r--s 03d1d000 08:06 399677                     /usr/lib/jvm/java-8-jdk/jre/lib/rt.jar
7f027d000000-7f027d890000 rwxp 00000000 00:00 0 
7f027d890000-7f028c000000 ---p 00000000 00:00 0 
7f028c000000-7f028c38e000 rw-p 00000000 00:00 0 
7f028c38e000-7f0290000000 ---p 00000000 00:00 0 
7f0290017000-7f029075c000 rw-p 00000000 00:00 0 
7f029075c000-7f02908dc000 ---p 00000000 00:00 0 
7f02908dc000-7f0290adc000 rw-p 00000000 00:00 0 
7f0290adc000-7f0290add000 ---p 00000000 00:00 0 
7f0290add000-7f0290bdd000 rw-p 00000000 00:00 0                          [stack:4115]
7f0290bdd000-7f0290bde000 ---p 00000000 00:00 0 
7f0290bde000-7f0290cde000 rw-p 00000000 00:00 0                          [stack:4114]
7f0290cde000-7f0290cdf000 ---p 00000000 00:00 0 
7f0290cdf000-7f0290ddf000 rw-p 00000000 00:00 0                          [stack:4113]
7f0290ddf000-7f0290de0000 ---p 00000000 00:00 0 
7f0290de0000-7f0290f07000 rw-p 00000000 00:00 0                          [stack:4112]
7f0290f07000-7f0291036000 ---p 00000000 00:00 0 
7f0291036000-7f029105d000 rw-p 00000000 00:00 0 
7f029105d000-7f029118b000 ---p 00000000 00:00 0 
7f029118b000-7f0291221000 rw-p 00000000 00:00 0 
7f0291221000-7f0291236000 ---p 00000000 00:00 0 
7f0291236000-7f029125a000 rw-p 00000000 00:00 0 
7f029125a000-7f02915f7000 ---p 00000000 00:00 0 
7f02915f7000-7f0291611000 r-xp 00000000 08:06 399785                     /usr/lib/jvm/java-8-jdk/jre/lib/amd64/libzip.so
7f0291611000-7f0291811000 ---p 0001a000 08:06 399785                     /usr/lib/jvm/java-8-jdk/jre/lib/amd64/libzip.so
7f0291811000-7f0291812000 rw-p 0001a000 08:06 399785                     /usr/lib/jvm/java-8-jdk/jre/lib/amd64/libzip.so
7f0291812000-7f029181d000 r-xp 00000000 08:06 134332                     /usr/lib/libnss_files-2.22.so
7f029181d000-7f0291a1c000 ---p 0000b000 08:06 134332                     /usr/lib/libnss_files-2.22.so
7f0291a1c000-7f0291a1d000 r--p 0000a000 08:06 134332                     /usr/lib/libnss_files-2.22.so
7f0291a1d000-7f0291a1e000 rw-p 0000b000 08:06 134332                     /usr/lib/libnss_files-2.22.so
7f0291a1e000-7f0291a24000 rw-p 00000000 00:00 0 
7f0291a24000-7f0291a4e000 r-xp 00000000 08:06 399805                     /usr/lib/jvm/java-8-jdk/jre/lib/amd64/libjava.so
7f0291a4e000-7f0291c4e000 ---p 0002a000 08:06 399805                     /usr/lib/jvm/java-8-jdk/jre/lib/amd64/libjava.so
7f0291c4e000-7f0291c50000 rw-p 0002a000 08:06 399805                     /usr/lib/jvm/java-8-jdk/jre/lib/amd64/libjava.so
7f0291c50000-7f0291c5d000 r-xp 00000000 08:06 399791                     /usr/lib/jvm/java-8-jdk/jre/lib/amd64/libverify.so
7f0291c5d000-7f0291e5d000 ---p 0000d000 08:06 399791                     /usr/lib/jvm/java-8-jdk/jre/lib/amd64/libverify.so
7f0291e5d000-7f0291e5f000 rw-p 0000d000 08:06 399791                     /usr/lib/jvm/java-8-jdk/jre/lib/amd64/libverify.so
7f0291e5f000-7f0291e66000 r-xp 00000000 08:06 134341                     /usr/lib/librt-2.22.so
7f0291e66000-7f0292065000 ---p 00007000 08:06 134341                     /usr/lib/librt-2.22.so
7f0292065000-7f0292066000 r--p 00006000 08:06 134341                     /usr/lib/librt-2.22.so
7f0292066000-7f0292067000 rw-p 00007000 08:06 134341                     /usr/lib/librt-2.22.so
7f0292067000-7f0292164000 r-xp 00000000 08:06 134338                     /usr/lib/libm-2.22.so
7f0292164000-7f0292363000 ---p 000fd000 08:06 134338                     /usr/lib/libm-2.22.so
7f0292363000-7f0292364000 r--p 000fc000 08:06 134338                     /usr/lib/libm-2.22.so
7f0292364000-7f0292365000 rw-p 000fd000 08:06 134338                     /usr/lib/libm-2.22.so
7f0292365000-7f0293024000 r-xp 00000000 08:06 530091                     /usr/lib/jvm/java-8-jdk/jre/lib/amd64/server/libjvm.so
7f0293024000-7f0293223000 ---p 00cbf000 08:06 530091                     /usr/lib/jvm/java-8-jdk/jre/lib/amd64/server/libjvm.so
7f0293223000-7f02932fc000 rw-p 00cbe000 08:06 530091                     /usr/lib/jvm/java-8-jdk/jre/lib/amd64/server/libjvm.so
7f02932fc000-7f0293345000 rw-p 00000000 00:00 0 
7f0293345000-7f02934df000 r-xp 00000000 08:06 134279                     /usr/lib/libc-2.22.so
7f02934df000-7f02936df000 ---p 0019a000 08:06 134279                     /usr/lib/libc-2.22.so
7f02936df000-7f02936e3000 r--p 0019a000 08:06 134279                     /usr/lib/libc-2.22.so
7f02936e3000-7f02936e5000 rw-p 0019e000 08:06 134279                     /usr/lib/libc-2.22.so
7f02936e5000-7f02936e9000 rw-p 00000000 00:00 0 
7f02936e9000-7f02936ec000 r-xp 00000000 08:06 134337                     /usr/lib/libdl-2.22.so
7f02936ec000-7f02938eb000 ---p 00003000 08:06 134337                     /usr/lib/libdl-2.22.so
7f02938eb000-7f02938ec000 r--p 00002000 08:06 134337                     /usr/lib/libdl-2.22.so
7f02938ec000-7f02938ed000 rw-p 00003000 08:06 134337                     /usr/lib/libdl-2.22.so
7f02938ed000-7f0293902000 r-xp 00000000 08:06 530090                     /usr/lib/jvm/java-8-jdk/jre/lib/amd64/jli/libjli.so
7f0293902000-7f0293b02000 ---p 00015000 08:06 530090                     /usr/lib/jvm/java-8-jdk/jre/lib/amd64/jli/libjli.so
7f0293b02000-7f0293b03000 rw-p 00015000 08:06 530090                     /usr/lib/jvm/java-8-jdk/jre/lib/amd64/jli/libjli.so
7f0293b03000-7f0293b1b000 r-xp 00000000 08:06 134257                     /usr/lib/libpthread-2.22.so
7f0293b1b000-7f0293d1a000 ---p 00018000 08:06 134257                     /usr/lib/libpthread-2.22.so
7f0293d1a000-7f0293d1b000 r--p 00017000 08:06 134257                     /usr/lib/libpthread-2.22.so
7f0293d1b000-7f0293d1c000 rw-p 00018000 08:06 134257                     /usr/lib/libpthread-2.22.so
7f0293d1c000-7f0293d20000 rw-p 00000000 00:00 0 
7f0293d20000-7f0293d42000 r-xp 00000000 08:06 134278                     /usr/lib/ld-2.22.so
7f0293d48000-7f0293e0d000 rw-p 00000000 00:00 0 
7f0293e0d000-7f0293e10000 ---p 00000000 00:00 0 
7f0293e10000-7f0293f13000 rw-p 00000000 00:00 0                          [stack:4111]
7f0293f13000-7f0293f22000 r--s 000df000 08:06 13763614                   /home/youngbin/Android/Sdk/build-tools/23.0.2/lib/dx.jar
7f0293f22000-7f0293f36000 rw-p 00000000 00:00 0 
7f0293f36000-7f0293f3e000 rw-s 00000000 00:21 310462                     /tmp/hsperfdata_youngbin/4107
7f0293f3e000-7f0293f3f000 rw-p 00000000 00:00 0 
7f0293f3f000-7f0293f40000 ---p 00000000 00:00 0 
7f0293f40000-7f0293f41000 rw-p 00000000 00:00 0 
7f0293f41000-7f0293f42000 r--p 00021000 08:06 134278                     /usr/lib/ld-2.22.so
7f0293f42000-7f0293f43000 rw-p 00022000 08:06 134278                     /usr/lib/ld-2.22.so
7f0293f43000-7f0293f44000 rw-p 00000000 00:00 0 
7ffeee44b000-7ffeee46c000 rw-p 00000000 00:00 0                          [stack]
7ffeee515000-7ffeee517000 r--p 00000000 00:00 0                          [vvar]
7ffeee517000-7ffeee519000 r-xp 00000000 00:00 0                          [vdso]
ffffffffff600000-ffffffffff601000 r-xp 00000000 00:00 0                  [vsyscall]

VM Arguments:
jvm_args: -Djava.awt.headless=true -Xmx1024M -Dfile.encoding=UTF-8 -Duser.country=KR -Duser.language=ko -Duser.variant 
java_command: com.android.dx.command.Main --dex --num-threads=4 --multi-dex --output /home/youngbin/mailtracker-android/app/build/intermediates/transforms/dex/debug/folders/1000/1a/dependencies_82c8c2ddf79f65a1106b4faa60cabd333a42a34f /home/youngbin/mailtracker-android/app/build/intermediates/transforms/instantRunSlicer/debug/jars/1/1a/dependencies.jar
java_class_path (initial): /home/youngbin/Android/Sdk/build-tools/23.0.2/lib/dx.jar
Launcher Type: SUN_STANDARD

Environment Variables:
PATH=/usr/local/sbin:/usr/local/bin:/usr/bin:/usr/lib/jvm/default/bin:/usr/bin/site_perl:/usr/bin/vendor_perl:/usr/bin/core_perl
USERNAME=youngbin
LD_LIBRARY_PATH=/home/youngbin/android-studio/bin:
SHELL=/usr/bin/fish
DISPLAY=:1

Signal Handlers:
SIGSEGV: [libjvm.so+0xabb070], sa_mask[0]=11111111011111111101111111111110, sa_flags=SA_RESTART|SA_SIGINFO
SIGBUS: [libjvm.so+0xabb070], sa_mask[0]=11111111011111111101111111111110, sa_flags=SA_RESTART|SA_SIGINFO
SIGFPE: [libjvm.so+0x918480], sa_mask[0]=11111111011111111101111111111110, sa_flags=SA_RESTART|SA_SIGINFO
SIGPIPE: [libjvm.so+0x918480], sa_mask[0]=11111111011111111101111111111110, sa_flags=SA_RESTART|SA_SIGINFO
SIGXFSZ: [libjvm.so+0x918480], sa_mask[0]=11111111011111111101111111111110, sa_flags=SA_RESTART|SA_SIGINFO
SIGILL: [libjvm.so+0x918480], sa_mask[0]=11111111011111111101111111111110, sa_flags=SA_RESTART|SA_SIGINFO
SIGUSR1: SIG_DFL, sa_mask[0]=00000000000000000000000000000000, sa_flags=none
SIGUSR2: [libjvm.so+0x919ab0], sa_mask[0]=00100000000000000000000000000000, sa_flags=SA_RESTART|SA_SIGINFO
SIGHUP: [libjvm.so+0x91aeb0], sa_mask[0]=11111111011111111101111111111110, sa_flags=SA_RESTART|SA_SIGINFO
SIGINT: [libjvm.so+0x91aeb0], sa_mask[0]=11111111011111111101111111111110, sa_flags=SA_RESTART|SA_SIGINFO
SIGTERM: [libjvm.so+0x91aeb0], sa_mask[0]=11111111011111111101111111111110, sa_flags=SA_RESTART|SA_SIGINFO
SIGQUIT: [libjvm.so+0x91aeb0], sa_mask[0]=11111111011111111101111111111110, sa_flags=SA_RESTART|SA_SIGINFO


---------------  S Y S T E M  ---------------

OS:NAME="Antergos Linux"
VERSION="2015.12-ISO-Rolling"
ID="antergos"
ID_LIKE="arch"
PRETTY_NAME="Antergos Linux"
CPE_NAME="cpe:/o:antergosproject:antergos:2015.12"
ANSI_COLOR="1;34;40"
HOME_URL="https://antergos.com/"
SUPPORT_URL="https://forum.antergos.com/"
BUG_REPORT_URL="https://github.com/antergos"


uname:Linux 4.4.1-2-ARCH #1 SMP PREEMPT Wed Feb 3 13:12:33 UTC 2016 x86_64
libc:glibc 2.22 NPTL 2.22 
rlimit: STACK 8192k, CORE infinity, NPROC 14900, NOFILE 4096, AS infinity
load average:1.61 0.89 0.79

/proc/meminfo:
MemTotal:        4007080 kB
MemFree:           27280 kB
MemAvailable:      40948 kB
Buffers:             320 kB
Cached:            32948 kB
SwapCached:            0 kB
Active:          3736448 kB
Inactive:          25268 kB
Active(anon):    3731320 kB
Inactive(anon):    20188 kB
Active(file):       5128 kB
Inactive(file):     5080 kB
Unevictable:          80 kB
Mlocked:        34359738448 kB
SwapTotal:             0 kB
SwapFree:              0 kB
Dirty:               188 kB
Writeback:             0 kB
AnonPages:       3728936 kB
Mapped:            27668 kB
Shmem:             22652 kB
Slab:              64688 kB
SReclaimable:      28284 kB
SUnreclaim:        36404 kB
KernelStack:       11456 kB
PageTables:        48392 kB
NFS_Unstable:          0 kB
Bounce:                0 kB
WritebackTmp:          0 kB
CommitLimit:     2003540 kB
Committed_AS:    8368180 kB
VmallocTotal:   34359738367 kB
VmallocUsed:           0 kB
VmallocChunk:          0 kB
HardwareCorrupted:     0 kB
AnonHugePages:   1609728 kB
HugePages_Total:       0
HugePages_Free:        0
HugePages_Rsvd:        0
HugePages_Surp:        0
Hugepagesize:       2048 kB
DirectMap4k:      139664 kB
DirectMap2M:     4009984 kB


CPU:total 4 (2 cores per cpu, 2 threads per core) family 6 model 42 stepping 7, cmov, cx8, fxsr, mmx, sse, sse2, sse3, ssse3, sse4.1, sse4.2, popcnt, avx, clmul, ht, tsc, tscinvbit

/proc/cpuinfo:
processor	: 0
vendor_id	: GenuineIntel
cpu family	: 6
model		: 42
model name	: Intel(R) Core(TM) i3-2120 CPU @ 3.30GHz
stepping	: 7
microcode	: 0x26
cpu MHz		: 1640.976
cache size	: 3072 KB
physical id	: 0
siblings	: 4
core id		: 0
cpu cores	: 2
apicid		: 0
initial apicid	: 0
fpu		: yes
fpu_exception	: yes
cpuid level	: 13
wp		: yes
flags		: fpu vme de pse tsc msr pae mce cx8 apic sep mtrr pge mca cmov pat pse36 clflush dts acpi mmx fxsr sse sse2 ss ht tm pbe syscall nx rdtscp lm constant_tsc arch_perfmon pebs bts rep_good nopl xtopology nonstop_tsc aperfmperf eagerfpu pni pclmulqdq dtes64 monitor ds_cpl vmx est tm2 ssse3 cx16 xtpr pdcm pcid sse4_1 sse4_2 popcnt tsc_deadline_timer xsave avx lahf_lm arat epb pln pts dtherm tpr_shadow vnmi flexpriority ept vpid xsaveopt
bugs		:
bogomips	: 6602.98
clflush size	: 64
cache_alignment	: 64
address sizes	: 36 bits physical, 48 bits virtual
power management:

processor	: 1
vendor_id	: GenuineIntel
cpu family	: 6
model		: 42
model name	: Intel(R) Core(TM) i3-2120 CPU @ 3.30GHz
stepping	: 7
microcode	: 0x26
cpu MHz		: 1791.667
cache size	: 3072 KB
physical id	: 0
siblings	: 4
core id		: 1
cpu cores	: 2
apicid		: 2
initial apicid	: 2
fpu		: yes
fpu_exception	: yes
cpuid level	: 13
wp		: yes
flags		: fpu vme de pse tsc msr pae mce cx8 apic sep mtrr pge mca cmov pat pse36 clflush dts acpi mmx fxsr sse sse2 ss ht tm pbe syscall nx rdtscp lm constant_tsc arch_perfmon pebs bts rep_good nopl xtopology nonstop_tsc aperfmperf eagerfpu pni pclmulqdq dtes64 monitor ds_cpl vmx est tm2 ssse3 cx16 xtpr pdcm pcid sse4_1 sse4_2 popcnt tsc_deadline_timer xsave avx lahf_lm arat epb pln pts dtherm tpr_shadow vnmi flexpriority ept vpid xsaveopt
bugs		:
bogomips	: 6602.98
clflush size	: 64
cache_alignment	: 64
address sizes	: 36 bits physical, 48 bits virtual
power management:

processor	: 2
vendor_id	: GenuineIntel
cpu family	: 6
model		: 42
model name	: Intel(R) Core(TM) i3-2120 CPU @ 3.30GHz
stepping	: 7
microcode	: 0x26
cpu MHz		: 1763.824
cache size	: 3072 KB
physical id	: 0
siblings	: 4
core id		: 0
cpu cores	: 2
apicid		: 1
initial apicid	: 1
fpu		: yes
fpu_exception	: yes
cpuid level	: 13
wp		: yes
flags		: fpu vme de pse tsc msr pae mce cx8 apic sep mtrr pge mca cmov pat pse36 clflush dts acpi mmx fxsr sse sse2 ss ht tm pbe syscall nx rdtscp lm constant_tsc arch_perfmon pebs bts rep_good nopl xtopology nonstop_tsc aperfmperf eagerfpu pni pclmulqdq dtes64 monitor ds_cpl vmx est tm2 ssse3 cx16 xtpr pdcm pcid sse4_1 sse4_2 popcnt tsc_deadline_timer xsave avx lahf_lm arat epb pln pts dtherm tpr_shadow vnmi flexpriority ept vpid xsaveopt
bugs		:
bogomips	: 6602.98
clflush size	: 64
cache_alignment	: 64
address sizes	: 36 bits physical, 48 bits virtual
power management:

processor	: 3
vendor_id	: GenuineIntel
cpu family	: 6
model		: 42
model name	: Intel(R) Core(TM) i3-2120 CPU @ 3.30GHz
stepping	: 7
microcode	: 0x26
cpu MHz		: 2095.242
cache size	: 3072 KB
physical id	: 0
siblings	: 4
core id		: 1
cpu cores	: 2
apicid		: 3
initial apicid	: 3
fpu		: yes
fpu_exception	: yes
cpuid level	: 13
wp		: yes
flags		: fpu vme de pse tsc msr pae mce cx8 apic sep mtrr pge mca cmov pat pse36 clflush dts acpi mmx fxsr sse sse2 ss ht tm pbe syscall nx rdtscp lm constant_tsc arch_perfmon pebs bts rep_good nopl xtopology nonstop_tsc aperfmperf eagerfpu pni pclmulqdq dtes64 monitor ds_cpl vmx est tm2 ssse3 cx16 xtpr pdcm pcid sse4_1 sse4_2 popcnt tsc_deadline_timer xsave avx lahf_lm arat epb pln pts dtherm tpr_shadow vnmi flexpriority ept vpid xsaveopt
bugs		:
bogomips	: 6602.98
clflush size	: 64
cache_alignment	: 64
address sizes	: 36 bits physical, 48 bits virtual
power management:



Memory: 4k page, physical 4007080k(27692k free), swap 0k(0k free)

vm_info: Java HotSpot(TM) 64-Bit Server VM (25.72-b15) for linux-amd64 JRE (1.8.0_72-b15), built on Dec 22 2015 22:00:07 by "java_re" with gcc 4.3.0 20080428 (Red Hat 4.3.0-8)

time: Sun Feb 21 23:00:22 2016
elapsed time: 9 seconds (0d 0h 0m 9s)

