#
# There is insufficient memory for the Java Runtime Environment to continue.
# Native memory allocation (mmap) failed to map 90177536 bytes for committing reserved memory.
# Possible reasons:
#   The system is out of physical RAM or swap space
#   In 32 bit mode, the process size limit was hit
# Possible solutions:
#   Reduce memory load on the system
#   Increase physical memory or swap space
#   Check if swap backing store is full
#   Use 64 bit Java on a 64 bit OS
#   Decrease Java heap size (-Xmx/-Xms)
#   Decrease number of Java threads
#   Decrease Java thread stack sizes (-Xss)
#   Set larger code cache with -XX:ReservedCodeCacheSize=
# This output file may be truncated or incomplete.
#
#  Out of Memory Error (os_linux.cpp:2627), pid=8315, tid=140001378391808
#
# JRE version: Java(TM) SE Runtime Environment (8.0_72-b15) (build 1.8.0_72-b15)
# Java VM: Java HotSpot(TM) 64-Bit Server VM (25.72-b15 mixed mode linux-amd64 compressed oops)
# Failed to write core dump. Core dumps have been disabled. To enable core dumping, try "ulimit -c unlimited" before starting Java again
#

---------------  T H R E A D  ---------------

Current thread (0x00007f54ac076800):  VMThread [stack: 0x00007f549c5d5000,0x00007f549c6d6000] [id=8325]

Stack: [0x00007f549c5d5000,0x00007f549c6d6000],  sp=0x00007f549c6d4020,  free space=1020k
Native frames: (J=compiled Java code, j=interpreted, Vv=VM code, C=native code)
V  [libjvm.so+0xaba7ea]  VMError::report_and_die()+0x2ba
V  [libjvm.so+0x4f9e3b]  report_vm_out_of_memory(char const*, int, unsigned long, VMErrorType, char const*)+0x8b
V  [libjvm.so+0x91b613]  os::Linux::commit_memory_impl(char*, unsigned long, bool)+0x103
V  [libjvm.so+0x91bb69]  os::pd_commit_memory(char*, unsigned long, unsigned long, bool)+0x29
V  [libjvm.so+0x915e6a]  os::commit_memory(char*, unsigned long, unsigned long, bool)+0x2a
V  [libjvm.so+0x989543]  PSVirtualSpace::expand_by(unsigned long)+0x53
V  [libjvm.so+0x979e30]  PSOldGen::expand(unsigned long)+0x170
V  [libjvm.so+0x97a03b]  PSOldGen::resize(unsigned long)+0x1cb
V  [libjvm.so+0x981d11]  PSParallelCompact::invoke_no_policy(bool)+0x991
V  [libjvm.so+0x98766d]  PSScavenge::invoke()+0x1ad
V  [libjvm.so+0x93f300]  ParallelScavengeHeap::failed_mem_allocate(unsigned long)+0x70
V  [libjvm.so+0xabc207]  VM_ParallelGCFailedAllocation::doit()+0x97
V  [libjvm.so+0xac3c35]  VM_Operation::evaluate()+0x55
V  [libjvm.so+0xac200a]  VMThread::evaluate_operation(VM_Operation*)+0xba
V  [libjvm.so+0xac238e]  VMThread::loop()+0x1ce
V  [libjvm.so+0xac2800]  VMThread::run()+0x70
V  [libjvm.so+0x91d9d8]  java_start(Thread*)+0x108

VM_Operation (0x00007f54899f7b70): ParallelGCFailedAllocation, mode: safepoint, requested by thread 0x00007f54ac31b000


---------------  P R O C E S S  ---------------

Java Threads: ( => current thread )
  0x00007f54ac31e800 JavaThread "pool-2-thread-4" [_thread_blocked, id=8338, stack(0x00007f54896f7000,0x00007f54897f8000)]
  0x00007f54ac31c800 JavaThread "pool-2-thread-3" [_thread_blocked, id=8337, stack(0x00007f54897f8000,0x00007f54898f9000)]
  0x00007f54ac31b000 JavaThread "pool-2-thread-2" [_thread_blocked, id=8336, stack(0x00007f54898f9000,0x00007f54899fa000)]
  0x00007f54ac31a000 JavaThread "pool-3-thread-1" [_thread_blocked, id=8335, stack(0x00007f54899fa000,0x00007f5489afb000)]
  0x00007f54ac2ae000 JavaThread "pool-2-thread-1" [_thread_blocked, id=8334, stack(0x00007f5489afb000,0x00007f5489bfc000)]
  0x00007f54ac0d9000 JavaThread "Service Thread" daemon [_thread_blocked, id=8332, stack(0x00007f5489cfd000,0x00007f5489dfe000)]
  0x00007f54ac0bb800 JavaThread "C1 CompilerThread2" daemon [_thread_blocked, id=8331, stack(0x00007f5489dfe000,0x00007f5489eff000)]
  0x00007f54ac0ba000 JavaThread "C2 CompilerThread1" daemon [_thread_in_native, id=8330, stack(0x00007f5489eff000,0x00007f548a000000)]
  0x00007f54ac0b7000 JavaThread "C2 CompilerThread0" daemon [_thread_blocked, id=8329, stack(0x00007f549c081000,0x00007f549c182000)]
  0x00007f54ac0b5800 JavaThread "Signal Dispatcher" daemon [_thread_blocked, id=8328, stack(0x00007f549c182000,0x00007f549c283000)]
  0x00007f54ac082800 JavaThread "Finalizer" daemon [_thread_blocked, id=8327, stack(0x00007f549c3d3000,0x00007f549c4d4000)]
  0x00007f54ac07e000 JavaThread "Reference Handler" daemon [_thread_blocked, id=8326, stack(0x00007f549c4d4000,0x00007f549c5d5000)]
  0x00007f54ac008800 JavaThread "main" [_thread_blocked, id=8320, stack(0x00007f54b461a000,0x00007f54b471b000)]

Other Threads:
=>0x00007f54ac076800 VMThread [stack: 0x00007f549c5d5000,0x00007f549c6d6000] [id=8325]
  0x00007f54ac0db800 WatcherThread [stack: 0x00007f5489bfc000,0x00007f5489cfd000] [id=8333]

VM state:at safepoint (normal execution)

VM Mutex/Monitor currently owned by a thread:  ([mutex/lock_event])
[0x00007f54ac005e80] ExpandHeap_lock - owner thread: 0x00007f54ac076800
[0x00007f54ac006500] Threads_lock - owner thread: 0x00007f54ac076800
[0x00007f54ac006a00] Heap_lock - owner thread: 0x00007f54ac31b000

Heap:
 PSYoungGen      total 219648K, used 60744K [0x00000000eab00000, 0x0000000100000000, 0x0000000100000000)
  eden space 134144K, 0% used [0x00000000eab00000,0x00000000eab00000,0x00000000f2e00000)
  from space 85504K, 71% used [0x00000000fac80000,0x00000000fe7d23e0,0x0000000100000000)
  to   space 107520K, 0% used [0x00000000f2e00000,0x00000000f2e00000,0x00000000f9700000)
 ParOldGen       total 159744K, used 159235K [0x00000000c0000000, 0x00000000c9c00000, 0x00000000eab00000)
  object space 159744K, 99% used [0x00000000c0000000,0x00000000c9b80fb0,0x00000000c9c00000)
 Metaspace       used 6560K, capacity 7320K, committed 7680K, reserved 1056768K
  class space    used 615K, capacity 656K, committed 768K, reserved 1048576K

Card table byte_map: [0x00007f54b1843000,0x00007f54b1a44000] byte_map_base: 0x00007f54b1243000

Marking Bits: (ParMarkBitMap*) 0x00007f54b3b27100
 Begin Bits: [0x00007f548a000000, 0x00007f548b000000)
 End Bits:   [0x00007f548b000000, 0x00007f548c000000)

Polling page: 0x00007f54b474c000

CodeCache: size=245760Kb used=10390Kb max_used=10422Kb free=235369Kb
 bounds [0x00007f549d000000, 0x00007f549da40000, 0x00007f54ac000000]
 total_blobs=2658 nmethods=2389 adapters=182
 compilation: enabled

Compilation events (10 events):
Event: 7.751 Thread 0x00007f54ac0bb800 2640   !   3       com.android.dx.dex.cf.CfTranslator::processMethods (583 bytes)
Event: 7.766 Thread 0x00007f54ac0bb800 nmethod 2640 0x00007f549da0e110 code [0x00007f549da0e8a0, 0x00007f549da145c8]
Event: 7.766 Thread 0x00007f54ac0bb800 2641 %     3       com.android.dx.ssa.back.FirstFitLocalCombiningAllocator::findRangeAndAdjust @ 21 (311 bytes)
Event: 7.773 Thread 0x00007f54ac0bb800 nmethod 2641% 0x00007f549da19c10 code [0x00007f549da19f40, 0x00007f549da1be58]
Event: 7.795 Thread 0x00007f54ac0bb800 2644 %     3       com.android.dx.util.Hex::u2 @ 6 (44 bytes)
Event: 7.796 Thread 0x00007f54ac0bb800 nmethod 2644% 0x00007f549d9d3810 code [0x00007f549d9d39e0, 0x00007f549d9d40b8]
Event: 7.797 Thread 0x00007f54ac0bb800 2645       3       com.android.dx.util.Hex::u2 (44 bytes)
Event: 7.798 Thread 0x00007f54ac0bb800 nmethod 2645 0x00007f549da1d010 code [0x00007f549da1d1c0, 0x00007f549da1d818]
Event: 7.829 Thread 0x00007f54ac0b7000 nmethod 2604 0x00007f549da25990 code [0x00007f549da25f80, 0x00007f549da2afa0]
Event: 7.829 Thread 0x00007f54ac0b7000 2501       4       com.android.dx.ssa.SCCP::simulatePhi (169 bytes)

GC Heap History (10 events):
Event: 5.002 GC heap after
Heap after GC invocations=12 (full 2):
 PSYoungGen      total 238080K, used 19851K [0x00000000eab00000, 0x0000000100000000, 0x0000000100000000)
  eden space 214016K, 0% used [0x00000000eab00000,0x00000000eab00000,0x00000000f7c00000)
  from space 24064K, 82% used [0x00000000faf80000,0x00000000fc2e2e90,0x00000000fc700000)
  to   space 52736K, 0% used [0x00000000f7c00000,0x00000000f7c00000,0x00000000faf80000)
 ParOldGen       total 159744K, used 89712K [0x00000000c0000000, 0x00000000c9c00000, 0x00000000eab00000)
  object space 159744K, 56% used [0x00000000c0000000,0x00000000c579c000,0x00000000c9c00000)
 Metaspace       used 6525K, capacity 7256K, committed 7424K, reserved 1056768K
  class space    used 615K, capacity 656K, committed 768K, reserved 1048576K
}
Event: 5.724 GC heap before
{Heap before GC invocations=13 (full 2):
 PSYoungGen      total 238080K, used 233867K [0x00000000eab00000, 0x0000000100000000, 0x0000000100000000)
  eden space 214016K, 100% used [0x00000000eab00000,0x00000000f7c00000,0x00000000f7c00000)
  from space 24064K, 82% used [0x00000000faf80000,0x00000000fc2e2e90,0x00000000fc700000)
  to   space 52736K, 0% used [0x00000000f7c00000,0x00000000f7c00000,0x00000000faf80000)
 ParOldGen       total 159744K, used 89712K [0x00000000c0000000, 0x00000000c9c00000, 0x00000000eab00000)
  object space 159744K, 56% used [0x00000000c0000000,0x00000000c579c000,0x00000000c9c00000)
 Metaspace       used 6533K, capacity 7256K, committed 7424K, reserved 1056768K
  class space    used 615K, capacity 656K, committed 768K, reserved 1048576K
Event: 5.817 GC heap after
Heap after GC invocations=13 (full 2):
 PSYoungGen      total 266752K, used 50564K [0x00000000eab00000, 0x0000000100000000, 0x0000000100000000)
  eden space 214016K, 0% used [0x00000000eab00000,0x00000000eab00000,0x00000000f7c00000)
  from space 52736K, 95% used [0x00000000f7c00000,0x00000000fad610b0,0x00000000faf80000)
  to   space 60928K, 0% used [0x00000000fc480000,0x00000000fc480000,0x0000000100000000)
 ParOldGen       total 159744K, used 90276K [0x00000000c0000000, 0x00000000c9c00000, 0x00000000eab00000)
  object space 159744K, 56% used [0x00000000c0000000,0x00000000c58291a8,0x00000000c9c00000)
 Metaspace       used 6533K, capacity 7256K, committed 7424K, reserved 1056768K
  class space    used 615K, capacity 656K, committed 768K, reserved 1048576K
}
Event: 6.459 GC heap before
{Heap before GC invocations=14 (full 2):
 PSYoungGen      total 266752K, used 264580K [0x00000000eab00000, 0x0000000100000000, 0x0000000100000000)
  eden space 214016K, 100% used [0x00000000eab00000,0x00000000f7c00000,0x00000000f7c00000)
  from space 52736K, 95% used [0x00000000f7c00000,0x00000000fad610b0,0x00000000faf80000)
  to   space 60928K, 0% used [0x00000000fc480000,0x00000000fc480000,0x0000000100000000)
 ParOldGen       total 159744K, used 90276K [0x00000000c0000000, 0x00000000c9c00000, 0x00000000eab00000)
  object space 159744K, 56% used [0x00000000c0000000,0x00000000c58291a8,0x00000000c9c00000)
 Metaspace       used 6541K, capacity 7256K, committed 7424K, reserved 1056768K
  class space    used 615K, capacity 656K, committed 768K, reserved 1048576K
Event: 6.592 GC heap after
Heap after GC invocations=14 (full 2):
 PSYoungGen      total 253440K, used 60925K [0x00000000eab00000, 0x0000000100000000, 0x0000000100000000)
  eden space 192512K, 0% used [0x00000000eab00000,0x00000000eab00000,0x00000000f6700000)
  from space 60928K, 99% used [0x00000000fc480000,0x00000000fffff408,0x0000000100000000)
  to   space 78336K, 0% used [0x00000000f6700000,0x00000000f6700000,0x00000000fb380000)
 ParOldGen       total 159744K, used 108830K [0x00000000c0000000, 0x00000000c9c00000, 0x00000000eab00000)
  object space 159744K, 68% used [0x00000000c0000000,0x00000000c6a47980,0x00000000c9c00000)
 Metaspace       used 6541K, capacity 7256K, committed 7424K, reserved 1056768K
  class space    used 615K, capacity 656K, committed 768K, reserved 1048576K
}
Event: 7.132 GC heap before
{Heap before GC invocations=15 (full 2):
 PSYoungGen      total 253440K, used 253437K [0x00000000eab00000, 0x0000000100000000, 0x0000000100000000)
  eden space 192512K, 100% used [0x00000000eab00000,0x00000000f6700000,0x00000000f6700000)
  from space 60928K, 99% used [0x00000000fc480000,0x00000000fffff408,0x0000000100000000)
  to   space 78336K, 0% used [0x00000000f6700000,0x00000000f6700000,0x00000000fb380000)
 ParOldGen       total 159744K, used 108830K [0x00000000c0000000, 0x00000000c9c00000, 0x00000000eab00000)
  object space 159744K, 68% used [0x00000000c0000000,0x00000000c6a47980,0x00000000c9c00000)
 Metaspace       used 6543K, capacity 7256K, committed 7424K, reserved 1056768K
  class space    used 615K, capacity 656K, committed 768K, reserved 1048576K
Event: 7.232 GC heap after
Heap after GC invocations=15 (full 2):
 PSYoungGen      total 263680K, used 70900K [0x00000000eab00000, 0x0000000100000000, 0x0000000100000000)
  eden space 192512K, 0% used [0x00000000eab00000,0x00000000eab00000,0x00000000f6700000)
  from space 71168K, 99% used [0x00000000f6700000,0x00000000fac3d3f0,0x00000000fac80000)
  to   space 85504K, 0% used [0x00000000fac80000,0x00000000fac80000,0x0000000100000000)
 ParOldGen       total 159744K, used 127209K [0x00000000c0000000, 0x00000000c9c00000, 0x00000000eab00000)
  object space 159744K, 79% used [0x00000000c0000000,0x00000000c7c3a7e8,0x00000000c9c00000)
 Metaspace       used 6543K, capacity 7256K, committed 7424K, reserved 1056768K
  class space    used 615K, capacity 656K, committed 768K, reserved 1048576K
}
Event: 7.850 GC heap before
{Heap before GC invocations=16 (full 2):
 PSYoungGen      total 263680K, used 263412K [0x00000000eab00000, 0x0000000100000000, 0x0000000100000000)
  eden space 192512K, 100% used [0x00000000eab00000,0x00000000f6700000,0x00000000f6700000)
  from space 71168K, 99% used [0x00000000f6700000,0x00000000fac3d3f0,0x00000000fac80000)
  to   space 85504K, 0% used [0x00000000fac80000,0x00000000fac80000,0x0000000100000000)
 ParOldGen       total 159744K, used 127209K [0x00000000c0000000, 0x00000000c9c00000, 0x00000000eab00000)
  object space 159744K, 79% used [0x00000000c0000000,0x00000000c7c3a7e8,0x00000000c9c00000)
 Metaspace       used 6560K, capacity 7320K, committed 7680K, reserved 1056768K
  class space    used 615K, capacity 656K, committed 768K, reserved 1048576K
Event: 7.969 GC heap after
Heap after GC invocations=16 (full 2):
 PSYoungGen      total 219648K, used 85499K [0x00000000eab00000, 0x0000000100000000, 0x0000000100000000)
  eden space 134144K, 0% used [0x00000000eab00000,0x00000000eab00000,0x00000000f2e00000)
  from space 85504K, 99% used [0x00000000fac80000,0x00000000ffffee28,0x0000000100000000)
  to   space 107520K, 0% used [0x00000000f2e00000,0x00000000f2e00000,0x00000000f9700000)
 ParOldGen       total 159744K, used 138144K [0x00000000c0000000, 0x00000000c9c00000, 0x00000000eab00000)
  object space 159744K, 86% used [0x00000000c0000000,0x00000000c86e80d8,0x00000000c9c00000)
 Metaspace       used 6560K, capacity 7320K, committed 7680K, reserved 1056768K
  class space    used 615K, capacity 656K, committed 768K, reserved 1048576K
}
Event: 7.970 GC heap before
{Heap before GC invocations=17 (full 3):
 PSYoungGen      total 219648K, used 85499K [0x00000000eab00000, 0x0000000100000000, 0x0000000100000000)
  eden space 134144K, 0% used [0x00000000eab00000,0x00000000eab00000,0x00000000f2e00000)
  from space 85504K, 99% used [0x00000000fac80000,0x00000000ffffee28,0x0000000100000000)
  to   space 107520K, 0% used [0x00000000f2e00000,0x00000000f2e00000,0x00000000f9700000)
 ParOldGen       total 159744K, used 138144K [0x00000000c0000000, 0x00000000c9c00000, 0x00000000eab00000)
  object space 159744K, 86% used [0x00000000c0000000,0x00000000c86e80d8,0x00000000c9c00000)
 Metaspace       used 6560K, capacity 7320K, committed 7680K, reserved 1056768K
  class space    used 615K, capacity 656K, committed 768K, reserved 1048576K

Deoptimization events (10 events):
Event: 4.236 Thread 0x00007f54ac31c800 Uncommon trap: reason=bimorphic action=maybe_recompile pc=0x00007f549d820044 method=com.android.dx.cf.code.BytecodeArray.parseInstruction(ILcom/android/dx/cf/code/BytecodeArray$Visitor;)I @ 1357
Event: 6.398 Thread 0x00007f54ac31c800 Uncommon trap: reason=unstable_if action=reinterpret pc=0x00007f549d9058a8 method=com.android.dx.rop.cst.CstNat.equals(Ljava/lang/Object;)Z @ 25
Event: 7.018 Thread 0x00007f54ac008800 Uncommon trap: reason=bimorphic action=maybe_recompile pc=0x00007f549d8ea5fc method=com.android.dx.cf.code.BytecodeArray.parseInstruction(ILcom/android/dx/cf/code/BytecodeArray$Visitor;)I @ 2554
Event: 7.018 Thread 0x00007f54ac008800 Uncommon trap: reason=bimorphic action=maybe_recompile pc=0x00007f549d8ea5fc method=com.android.dx.cf.code.BytecodeArray.parseInstruction(ILcom/android/dx/cf/code/BytecodeArray$Visitor;)I @ 2554
Event: 7.018 Thread 0x00007f54ac008800 Uncommon trap: reason=unstable_if action=reinterpret pc=0x00007f549d913384 method=com.android.dx.cf.code.RopperMachine.run(Lcom/android/dx/cf/code/Frame;II)V @ 356
Event: 7.255 Thread 0x00007f54ac008800 Uncommon trap: reason=class_check action=maybe_recompile pc=0x00007f549d9c18d8 method=com.android.dx.rop.code.RegisterSpec.withSimpleType()Lcom/android/dx/rop/code/RegisterSpec; @ 21
Event: 7.255 Thread 0x00007f54ac008800 Uncommon trap: reason=class_check action=maybe_recompile pc=0x00007f549d9c18d8 method=com.android.dx.rop.code.RegisterSpec.withSimpleType()Lcom/android/dx/rop/code/RegisterSpec; @ 21
Event: 7.258 Thread 0x00007f54ac008800 Uncommon trap: reason=class_check action=maybe_recompile pc=0x00007f549d9c18d8 method=com.android.dx.rop.code.RegisterSpec.withSimpleType()Lcom/android/dx/rop/code/RegisterSpec; @ 21
Event: 7.259 Thread 0x00007f54ac008800 Uncommon trap: reason=class_check action=maybe_recompile pc=0x00007f549d9c18d8 method=com.android.dx.rop.code.RegisterSpec.withSimpleType()Lcom/android/dx/rop/code/RegisterSpec; @ 21
Event: 7.735 Thread 0x00007f54ac31c800 Uncommon trap: reason=unstable_if action=reinterpret pc=0x00007f549d956eb8 method=com.android.dx.cf.code.Merger.isPossiblyAssignableFrom(Lcom/android/dx/rop/type/TypeBearer;Lcom/android/dx/rop/type/TypeBearer;)Z @ 131

Internal exceptions (7 events):
Event: 0.019 Thread 0x00007f54ac008800 Exception <a 'java/lang/NoSuchMethodError': Method sun.misc.Unsafe.defineClass(Ljava/lang/String;[BII)Ljava/lang/Class; name or signature does not match> (0x00000000eab07cc0) thrown at [/HUDSON/workspace/8-2-build-linux-amd64/jdk8u72/5732/hotspot/src/shar
Event: 0.019 Thread 0x00007f54ac008800 Exception <a 'java/lang/NoSuchMethodError': Method sun.misc.Unsafe.prefetchRead(Ljava/lang/Object;J)V name or signature does not match> (0x00000000eab07fa8) thrown at [/HUDSON/workspace/8-2-build-linux-amd64/jdk8u72/5732/hotspot/src/share/vm/prims/jni.cpp
Event: 0.781 Thread 0x00007f54ac2ae000 Implicit null exception at 0x00007f549d2c01a5 to 0x00007f549d2c2c29
Event: 0.936 Thread 0x00007f54ac31b000 Implicit null exception at 0x00007f549d30b8e9 to 0x00007f549d30e041
Event: 1.953 Thread 0x00007f54ac2ae000 Exception <a 'java/lang/ArrayIndexOutOfBoundsException': 18> (0x00000000ee3ef840) thrown at [/HUDSON/workspace/8-2-build-linux-amd64/jdk8u72/5732/hotspot/src/share/vm/interpreter/interpreterRuntime.cpp, line 366]
Event: 1.953 Thread 0x00007f54ac2ae000 Exception <a 'java/lang/ArrayIndexOutOfBoundsException': 145> (0x00000000ee3f13c0) thrown at [/HUDSON/workspace/8-2-build-linux-amd64/jdk8u72/5732/hotspot/src/share/vm/interpreter/interpreterRuntime.cpp, line 366]
Event: 1.954 Thread 0x00007f54ac2ae000 Exception <a 'java/lang/ArrayIndexOutOfBoundsException': 40> (0x00000000ee3f26a8) thrown at [/HUDSON/workspace/8-2-build-linux-amd64/jdk8u72/5732/hotspot/src/share/vm/interpreter/interpreterRuntime.cpp, line 366]

Events (10 events):
Event: 7.826 Thread 0x00007f54ac008800 DEOPT UNPACKING pc=0x00007f549d047633 sp=0x00007f54b4718100 mode 0
Event: 7.828 Thread 0x00007f54ac31c800 DEOPT PACKING pc=0x00007f549d32e5a0 sp=0x00007f54898f6e10
Event: 7.828 Thread 0x00007f54ac31c800 DEOPT UNPACKING pc=0x00007f549d047633 sp=0x00007f54898f6c10 mode 0
Event: 7.838 Thread 0x00007f54ac31c800 DEOPT PACKING pc=0x00007f549d395c72 sp=0x00007f54898f6d20
Event: 7.838 Thread 0x00007f54ac31c800 DEOPT UNPACKING pc=0x00007f549d047633 sp=0x00007f54898f6aa8 mode 0
Event: 7.842 Thread 0x00007f54ac31c800 DEOPT PACKING pc=0x00007f549d3a3deb sp=0x00007f54898f6f60
Event: 7.842 Thread 0x00007f54ac31c800 DEOPT UNPACKING pc=0x00007f549d047633 sp=0x00007f54898f6ca0 mode 0
Event: 7.846 Thread 0x00007f54ac31e800 DEOPT PACKING pc=0x00007f549d3c9254 sp=0x00007f54897f6020
Event: 7.846 Thread 0x00007f54ac31e800 DEOPT UNPACKING pc=0x00007f549d047633 sp=0x00007f54897f5dc0 mode 0
Event: 7.849 Executing VM operation: ParallelGCFailedAllocation


Dynamic libraries:
00400000-00401000 r-xp 00000000 08:06 399874                             /usr/lib/jvm/java-8-jdk/jre/bin/java
00600000-00601000 rw-p 00000000 08:06 399874                             /usr/lib/jvm/java-8-jdk/jre/bin/java
0062c000-0064d000 rw-p 00000000 00:00 0                                  [heap]
c0000000-c9c00000 rw-p 00000000 00:00 0 
cf200000-eab00000 ---p 00000000 00:00 0 
eab00000-100000000 rw-p 00000000 00:00 0 
100000000-1000c0000 rw-p 00000000 00:00 0 
1000c0000-140000000 ---p 00000000 00:00 0 
7f544c000000-7f544c041000 rw-p 00000000 00:00 0 
7f544c041000-7f5450000000 ---p 00000000 00:00 0 
7f5454000000-7f5454082000 rw-p 00000000 00:00 0 
7f5454082000-7f5458000000 ---p 00000000 00:00 0 
7f5458000000-7f5458031000 rw-p 00000000 00:00 0 
7f5458031000-7f545c000000 ---p 00000000 00:00 0 
7f545c000000-7f545c069000 rw-p 00000000 00:00 0 
7f545c069000-7f5460000000 ---p 00000000 00:00 0 
7f5460000000-7f5460021000 rw-p 00000000 00:00 0 
7f5460021000-7f5464000000 ---p 00000000 00:00 0 
7f5464000000-7f5464021000 rw-p 00000000 00:00 0 
7f5464021000-7f5468000000 ---p 00000000 00:00 0 
7f5468000000-7f5468021000 rw-p 00000000 00:00 0 
7f5468021000-7f546c000000 ---p 00000000 00:00 0 
7f546c000000-7f546d3dd000 rw-p 00000000 00:00 0 
7f546d3dd000-7f5470000000 ---p 00000000 00:00 0 
7f5470000000-7f5470b83000 rw-p 00000000 00:00 0 
7f5470b83000-7f5474000000 ---p 00000000 00:00 0 
7f5474000000-7f5474021000 rw-p 00000000 00:00 0 
7f5474021000-7f5478000000 ---p 00000000 00:00 0 
7f5478000000-7f5479306000 rw-p 00000000 00:00 0 
7f5479306000-7f547c000000 ---p 00000000 00:00 0 
7f547c000000-7f547c021000 rw-p 00000000 00:00 0 
7f547c021000-7f5480000000 ---p 00000000 00:00 0 
7f5480000000-7f5480021000 rw-p 00000000 00:00 0 
7f5480021000-7f5484000000 ---p 00000000 00:00 0 
7f5484000000-7f54842b5000 rw-p 00000000 00:00 0 
7f54842b5000-7f5488000000 ---p 00000000 00:00 0 
7f54896f7000-7f54896fa000 ---p 00000000 00:00 0 
7f54896fa000-7f54897f8000 rw-p 00000000 00:00 0                          [stack:8338]
7f54897f8000-7f54897fb000 ---p 00000000 00:00 0 
7f54897fb000-7f54898f9000 rw-p 00000000 00:00 0                          [stack:8337]
7f54898f9000-7f54898fc000 ---p 00000000 00:00 0 
7f54898fc000-7f54899fa000 rw-p 00000000 00:00 0                          [stack:8336]
7f54899fa000-7f54899fd000 ---p 00000000 00:00 0 
7f54899fd000-7f5489afb000 rw-p 00000000 00:00 0                          [stack:8335]
7f5489afb000-7f5489afe000 ---p 00000000 00:00 0 
7f5489afe000-7f5489bfc000 rw-p 00000000 00:00 0                          [stack:8334]
7f5489bfc000-7f5489bfd000 ---p 00000000 00:00 0 
7f5489bfd000-7f5489cfd000 rw-p 00000000 00:00 0                          [stack:8333]
7f5489cfd000-7f5489d00000 ---p 00000000 00:00 0 
7f5489d00000-7f5489dfe000 rw-p 00000000 00:00 0                          [stack:8332]
7f5489dfe000-7f5489e01000 ---p 00000000 00:00 0 
7f5489e01000-7f5489eff000 rw-p 00000000 00:00 0                          [stack:8331]
7f5489eff000-7f5489f02000 ---p 00000000 00:00 0 
7f5489f02000-7f548c000000 rw-p 00000000 00:00 0                          [stack:8330]
7f548c000000-7f548c021000 rw-p 00000000 00:00 0 
7f548c021000-7f5490000000 ---p 00000000 00:00 0 
7f5490000000-7f5490021000 rw-p 00000000 00:00 0 
7f5490021000-7f5494000000 ---p 00000000 00:00 0 
7f5494000000-7f5494021000 rw-p 00000000 00:00 0 
7f5494021000-7f5498000000 ---p 00000000 00:00 0 
7f5498000000-7f5498021000 rw-p 00000000 00:00 0 
7f5498021000-7f549c000000 ---p 00000000 00:00 0 
7f549c020000-7f549c047000 r--p 00000000 08:06 133207                     /usr/share/locale/ko/LC_MESSAGES/libc.mo
7f549c047000-7f549c081000 r--s 0030c000 08:06 13109560                   /home/youngbin/mailtracker-android/app/build/intermediates/transforms/jarMerging/debug/jars/1/1f/combined.jar
7f549c081000-7f549c084000 ---p 00000000 00:00 0 
7f549c084000-7f549c182000 rw-p 00000000 00:00 0                          [stack:8329]
7f549c182000-7f549c185000 ---p 00000000 00:00 0 
7f549c185000-7f549c283000 rw-p 00000000 00:00 0                          [stack:8328]
7f549c283000-7f549c3d3000 r--p 00000000 08:06 163465                     /usr/lib/locale/locale-archive
7f549c3d3000-7f549c3d6000 ---p 00000000 00:00 0 
7f549c3d6000-7f549c4d4000 rw-p 00000000 00:00 0                          [stack:8327]
7f549c4d4000-7f549c4d7000 ---p 00000000 00:00 0 
7f549c4d7000-7f549c5d5000 rw-p 00000000 00:00 0                          [stack:8326]
7f549c5d5000-7f549c5d6000 ---p 00000000 00:00 0 
7f549c5d6000-7f549d000000 rw-p 00000000 00:00 0                          [stack:8325]
7f549d000000-7f549da40000 rwxp 00000000 00:00 0 
7f549da40000-7f54ac000000 ---p 00000000 00:00 0 
7f54ac000000-7f54ac3d5000 rw-p 00000000 00:00 0 
7f54ac3d5000-7f54b0000000 ---p 00000000 00:00 0 
7f54b0004000-7f54b069b000 rw-p 00000000 00:00 0 
7f54b069b000-7f54b0873000 r--s 03d1d000 08:06 399677                     /usr/lib/jvm/java-8-jdk/jre/lib/rt.jar
7f54b0873000-7f54b0fa9000 rw-p 00000000 00:00 0 
7f54b0fa9000-7f54b10e9000 ---p 00000000 00:00 0 
7f54b10e9000-7f54b12e9000 rw-p 00000000 00:00 0 
7f54b12e9000-7f54b12ea000 ---p 00000000 00:00 0 
7f54b12ea000-7f54b13ea000 rw-p 00000000 00:00 0                          [stack:8324]
7f54b13ea000-7f54b13eb000 ---p 00000000 00:00 0 
7f54b13eb000-7f54b14eb000 rw-p 00000000 00:00 0                          [stack:8323]
7f54b14eb000-7f54b14ec000 ---p 00000000 00:00 0 
7f54b14ec000-7f54b15ec000 rw-p 00000000 00:00 0                          [stack:8322]
7f54b15ec000-7f54b15ed000 ---p 00000000 00:00 0 
7f54b15ed000-7f54b173b000 rw-p 00000000 00:00 0                          [stack:8321]
7f54b173b000-7f54b1843000 ---p 00000000 00:00 0 
7f54b1843000-7f54b1891000 rw-p 00000000 00:00 0 
7f54b1891000-7f54b1998000 ---p 00000000 00:00 0 
7f54b1998000-7f54b1a43000 rw-p 00000000 00:00 0 
7f54b1a43000-7f54b1a6d000 rw-p 00000000 00:00 0 
7f54b1a6d000-7f54b1e04000 ---p 00000000 00:00 0 
7f54b1e04000-7f54b1e1e000 r-xp 00000000 08:06 399785                     /usr/lib/jvm/java-8-jdk/jre/lib/amd64/libzip.so
7f54b1e1e000-7f54b201e000 ---p 0001a000 08:06 399785                     /usr/lib/jvm/java-8-jdk/jre/lib/amd64/libzip.so
7f54b201e000-7f54b201f000 rw-p 0001a000 08:06 399785                     /usr/lib/jvm/java-8-jdk/jre/lib/amd64/libzip.so
7f54b201f000-7f54b202a000 r-xp 00000000 08:06 134332                     /usr/lib/libnss_files-2.22.so
7f54b202a000-7f54b2229000 ---p 0000b000 08:06 134332                     /usr/lib/libnss_files-2.22.so
7f54b2229000-7f54b222a000 r--p 0000a000 08:06 134332                     /usr/lib/libnss_files-2.22.so
7f54b222a000-7f54b222b000 rw-p 0000b000 08:06 134332                     /usr/lib/libnss_files-2.22.so
7f54b222b000-7f54b2231000 rw-p 00000000 00:00 0 
7f54b2231000-7f54b225b000 r-xp 00000000 08:06 399805                     /usr/lib/jvm/java-8-jdk/jre/lib/amd64/libjava.so
7f54b225b000-7f54b245b000 ---p 0002a000 08:06 399805                     /usr/lib/jvm/java-8-jdk/jre/lib/amd64/libjava.so
7f54b245b000-7f54b245d000 rw-p 0002a000 08:06 399805                     /usr/lib/jvm/java-8-jdk/jre/lib/amd64/libjava.so
7f54b245d000-7f54b246a000 r-xp 00000000 08:06 399791                     /usr/lib/jvm/java-8-jdk/jre/lib/amd64/libverify.so
7f54b246a000-7f54b266a000 ---p 0000d000 08:06 399791                     /usr/lib/jvm/java-8-jdk/jre/lib/amd64/libverify.so
7f54b266a000-7f54b266c000 rw-p 0000d000 08:06 399791                     /usr/lib/jvm/java-8-jdk/jre/lib/amd64/libverify.so
7f54b266c000-7f54b2673000 r-xp 00000000 08:06 134341                     /usr/lib/librt-2.22.so
7f54b2673000-7f54b2872000 ---p 00007000 08:06 134341                     /usr/lib/librt-2.22.so
7f54b2872000-7f54b2873000 r--p 00006000 08:06 134341                     /usr/lib/librt-2.22.so
7f54b2873000-7f54b2874000 rw-p 00007000 08:06 134341                     /usr/lib/librt-2.22.so
7f54b2874000-7f54b2971000 r-xp 00000000 08:06 134338                     /usr/lib/libm-2.22.so
7f54b2971000-7f54b2b70000 ---p 000fd000 08:06 134338                     /usr/lib/libm-2.22.so
7f54b2b70000-7f54b2b71000 r--p 000fc000 08:06 134338                     /usr/lib/libm-2.22.so
7f54b2b71000-7f54b2b72000 rw-p 000fd000 08:06 134338                     /usr/lib/libm-2.22.so
7f54b2b72000-7f54b3831000 r-xp 00000000 08:06 530091                     /usr/lib/jvm/java-8-jdk/jre/lib/amd64/server/libjvm.so
7f54b3831000-7f54b3a30000 ---p 00cbf000 08:06 530091                     /usr/lib/jvm/java-8-jdk/jre/lib/amd64/server/libjvm.so
7f54b3a30000-7f54b3b09000 rw-p 00cbe000 08:06 530091                     /usr/lib/jvm/java-8-jdk/jre/lib/amd64/server/libjvm.so
7f54b3b09000-7f54b3b52000 rw-p 00000000 00:00 0 
7f54b3b52000-7f54b3cec000 r-xp 00000000 08:06 134279                     /usr/lib/libc-2.22.so
7f54b3cec000-7f54b3eec000 ---p 0019a000 08:06 134279                     /usr/lib/libc-2.22.so
7f54b3eec000-7f54b3ef0000 r--p 0019a000 08:06 134279                     /usr/lib/libc-2.22.so
7f54b3ef0000-7f54b3ef2000 rw-p 0019e000 08:06 134279                     /usr/lib/libc-2.22.so
7f54b3ef2000-7f54b3ef6000 rw-p 00000000 00:00 0 
7f54b3ef6000-7f54b3ef9000 r-xp 00000000 08:06 134337                     /usr/lib/libdl-2.22.so
7f54b3ef9000-7f54b40f8000 ---p 00003000 08:06 134337                     /usr/lib/libdl-2.22.so
7f54b40f8000-7f54b40f9000 r--p 00002000 08:06 134337                     /usr/lib/libdl-2.22.so
7f54b40f9000-7f54b40fa000 rw-p 00003000 08:06 134337                     /usr/lib/libdl-2.22.so
7f54b40fa000-7f54b410f000 r-xp 00000000 08:06 530090                     /usr/lib/jvm/java-8-jdk/jre/lib/amd64/jli/libjli.so
7f54b410f000-7f54b430f000 ---p 00015000 08:06 530090                     /usr/lib/jvm/java-8-jdk/jre/lib/amd64/jli/libjli.so
7f54b430f000-7f54b4310000 rw-p 00015000 08:06 530090                     /usr/lib/jvm/java-8-jdk/jre/lib/amd64/jli/libjli.so
7f54b4310000-7f54b4328000 r-xp 00000000 08:06 134257                     /usr/lib/libpthread-2.22.so
7f54b4328000-7f54b4527000 ---p 00018000 08:06 134257                     /usr/lib/libpthread-2.22.so
7f54b4527000-7f54b4528000 r--p 00017000 08:06 134257                     /usr/lib/libpthread-2.22.so
7f54b4528000-7f54b4529000 rw-p 00018000 08:06 134257                     /usr/lib/libpthread-2.22.so
7f54b4529000-7f54b452d000 rw-p 00000000 00:00 0 
7f54b452d000-7f54b454f000 r-xp 00000000 08:06 134278                     /usr/lib/ld-2.22.so
7f54b4555000-7f54b461a000 rw-p 00000000 00:00 0 
7f54b461a000-7f54b461d000 ---p 00000000 00:00 0 
7f54b461d000-7f54b4720000 rw-p 00000000 00:00 0                          [stack:8320]
7f54b4720000-7f54b472f000 r--s 000df000 08:06 13763614                   /home/youngbin/Android/Sdk/build-tools/23.0.2/lib/dx.jar
7f54b472f000-7f54b4743000 rw-p 00000000 00:00 0 
7f54b4743000-7f54b474b000 rw-s 00000000 00:21 304211                     /tmp/hsperfdata_youngbin/8315
7f54b474b000-7f54b474c000 rw-p 00000000 00:00 0 
7f54b474c000-7f54b474d000 ---p 00000000 00:00 0 
7f54b474d000-7f54b474e000 rw-p 00000000 00:00 0 
7f54b474e000-7f54b474f000 r--p 00021000 08:06 134278                     /usr/lib/ld-2.22.so
7f54b474f000-7f54b4750000 rw-p 00022000 08:06 134278                     /usr/lib/ld-2.22.so
7f54b4750000-7f54b4751000 rw-p 00000000 00:00 0 
7ffc92689000-7ffc926aa000 rw-p 00000000 00:00 0                          [stack]
7ffc927c5000-7ffc927c7000 r--p 00000000 00:00 0                          [vvar]
7ffc927c7000-7ffc927c9000 r-xp 00000000 00:00 0                          [vdso]
ffffffffff600000-ffffffffff601000 r-xp 00000000 00:00 0                  [vsyscall]

VM Arguments:
jvm_args: -Djava.awt.headless=true -Xmx1024M -Dfile.encoding=UTF-8 -Duser.country=KR -Duser.language=ko -Duser.variant 
java_command: com.android.dx.command.Main --dex --num-threads=4 --multi-dex --main-dex-list /home/youngbin/mailtracker-android/app/build/intermediates/multi-dex/debug/maindexlist.txt --output /home/youngbin/mailtracker-android/app/build/intermediates/transforms/dex/debug/folders/1000/1f/main /home/youngbin/mailtracker-android/app/build/intermediates/transforms/jarMerging/debug/jars/1/1f/combined.jar
java_class_path (initial): /home/youngbin/Android/Sdk/build-tools/23.0.2/lib/dx.jar
Launcher Type: SUN_STANDARD

Environment Variables:
PATH=/usr/local/sbin:/usr/local/bin:/usr/bin:/usr/lib/jvm/default/bin:/usr/bin/site_perl:/usr/bin/vendor_perl:/usr/bin/core_perl
USERNAME=youngbin
LD_LIBRARY_PATH=/home/youngbin/android-studio/bin:
SHELL=/usr/bin/fish
DISPLAY=:1

Signal Handlers:
SIGSEGV: [libjvm.so+0xabb070], sa_mask[0]=11111111011111111101111111111110, sa_flags=SA_RESTART|SA_SIGINFO
SIGBUS: [libjvm.so+0xabb070], sa_mask[0]=11111111011111111101111111111110, sa_flags=SA_RESTART|SA_SIGINFO
SIGFPE: [libjvm.so+0x918480], sa_mask[0]=11111111011111111101111111111110, sa_flags=SA_RESTART|SA_SIGINFO
SIGPIPE: [libjvm.so+0x918480], sa_mask[0]=11111111011111111101111111111110, sa_flags=SA_RESTART|SA_SIGINFO
SIGXFSZ: [libjvm.so+0x918480], sa_mask[0]=11111111011111111101111111111110, sa_flags=SA_RESTART|SA_SIGINFO
SIGILL: [libjvm.so+0x918480], sa_mask[0]=11111111011111111101111111111110, sa_flags=SA_RESTART|SA_SIGINFO
SIGUSR1: SIG_DFL, sa_mask[0]=00000000000000000000000000000000, sa_flags=none
SIGUSR2: [libjvm.so+0x919ab0], sa_mask[0]=00100000000000000000000000000000, sa_flags=SA_RESTART|SA_SIGINFO
SIGHUP: [libjvm.so+0x91aeb0], sa_mask[0]=11111111011111111101111111111110, sa_flags=SA_RESTART|SA_SIGINFO
SIGINT: [libjvm.so+0x91aeb0], sa_mask[0]=11111111011111111101111111111110, sa_flags=SA_RESTART|SA_SIGINFO
SIGTERM: [libjvm.so+0x91aeb0], sa_mask[0]=11111111011111111101111111111110, sa_flags=SA_RESTART|SA_SIGINFO
SIGQUIT: [libjvm.so+0x91aeb0], sa_mask[0]=11111111011111111101111111111110, sa_flags=SA_RESTART|SA_SIGINFO


---------------  S Y S T E M  ---------------

OS:NAME="Antergos Linux"
VERSION="2015.12-ISO-Rolling"
ID="antergos"
ID_LIKE="arch"
PRETTY_NAME="Antergos Linux"
CPE_NAME="cpe:/o:antergosproject:antergos:2015.12"
ANSI_COLOR="1;34;40"
HOME_URL="https://antergos.com/"
SUPPORT_URL="https://forum.antergos.com/"
BUG_REPORT_URL="https://github.com/antergos"


uname:Linux 4.4.1-2-ARCH #1 SMP PREEMPT Wed Feb 3 13:12:33 UTC 2016 x86_64
libc:glibc 2.22 NPTL 2.22 
rlimit: STACK 8192k, CORE 0k, NPROC 14900, NOFILE 4096, AS infinity
load average:2.15 0.96 0.70

/proc/meminfo:
MemTotal:        4007080 kB
MemFree:           26960 kB
MemAvailable:      79232 kB
Buffers:             684 kB
Cached:            77144 kB
SwapCached:            0 kB
Active:          3705944 kB
Inactive:          51524 kB
Active(anon):    3682092 kB
Inactive(anon):    27448 kB
Active(file):      23852 kB
Inactive(file):    24076 kB
Unevictable:          80 kB
Mlocked:        34359738448 kB
SwapTotal:             0 kB
SwapFree:              0 kB
Dirty:               852 kB
Writeback:             0 kB
AnonPages:       3679876 kB
Mapped:            69304 kB
Shmem:             29816 kB
Slab:              70132 kB
SReclaimable:      33924 kB
SUnreclaim:        36208 kB
KernelStack:       11056 kB
PageTables:        48056 kB
NFS_Unstable:          0 kB
Bounce:                0 kB
WritebackTmp:          0 kB
CommitLimit:     2003540 kB
Committed_AS:    8143724 kB
VmallocTotal:   34359738367 kB
VmallocUsed:           0 kB
VmallocChunk:          0 kB
HardwareCorrupted:     0 kB
AnonHugePages:   1732608 kB
HugePages_Total:       0
HugePages_Free:        0
HugePages_Rsvd:        0
HugePages_Surp:        0
Hugepagesize:       2048 kB
DirectMap4k:      139664 kB
DirectMap2M:     4009984 kB


CPU:total 4 (2 cores per cpu, 2 threads per core) family 6 model 42 stepping 7, cmov, cx8, fxsr, mmx, sse, sse2, sse3, ssse3, sse4.1, sse4.2, popcnt, avx, clmul, ht, tsc, tscinvbit

/proc/cpuinfo:
processor	: 0
vendor_id	: GenuineIntel
cpu family	: 6
model		: 42
model name	: Intel(R) Core(TM) i3-2120 CPU @ 3.30GHz
stepping	: 7
microcode	: 0x26
cpu MHz		: 3300.000
cache size	: 3072 KB
physical id	: 0
siblings	: 4
core id		: 0
cpu cores	: 2
apicid		: 0
initial apicid	: 0
fpu		: yes
fpu_exception	: yes
cpuid level	: 13
wp		: yes
flags		: fpu vme de pse tsc msr pae mce cx8 apic sep mtrr pge mca cmov pat pse36 clflush dts acpi mmx fxsr sse sse2 ss ht tm pbe syscall nx rdtscp lm constant_tsc arch_perfmon pebs bts rep_good nopl xtopology nonstop_tsc aperfmperf eagerfpu pni pclmulqdq dtes64 monitor ds_cpl vmx est tm2 ssse3 cx16 xtpr pdcm pcid sse4_1 sse4_2 popcnt tsc_deadline_timer xsave avx lahf_lm arat epb pln pts dtherm tpr_shadow vnmi flexpriority ept vpid xsaveopt
bugs		:
bogomips	: 6603.55
clflush size	: 64
cache_alignment	: 64
address sizes	: 36 bits physical, 48 bits virtual
power management:

processor	: 1
vendor_id	: GenuineIntel
cpu family	: 6
model		: 42
model name	: Intel(R) Core(TM) i3-2120 CPU @ 3.30GHz
stepping	: 7
microcode	: 0x26
cpu MHz		: 3299.871
cache size	: 3072 KB
physical id	: 0
siblings	: 4
core id		: 1
cpu cores	: 2
apicid		: 2
initial apicid	: 2
fpu		: yes
fpu_exception	: yes
cpuid level	: 13
wp		: yes
flags		: fpu vme de pse tsc msr pae mce cx8 apic sep mtrr pge mca cmov pat pse36 clflush dts acpi mmx fxsr sse sse2 ss ht tm pbe syscall nx rdtscp lm constant_tsc arch_perfmon pebs bts rep_good nopl xtopology nonstop_tsc aperfmperf eagerfpu pni pclmulqdq dtes64 monitor ds_cpl vmx est tm2 ssse3 cx16 xtpr pdcm pcid sse4_1 sse4_2 popcnt tsc_deadline_timer xsave avx lahf_lm arat epb pln pts dtherm tpr_shadow vnmi flexpriority ept vpid xsaveopt
bugs		:
bogomips	: 6603.55
clflush size	: 64
cache_alignment	: 64
address sizes	: 36 bits physical, 48 bits virtual
power management:

processor	: 2
vendor_id	: GenuineIntel
cpu family	: 6
model		: 42
model name	: Intel(R) Core(TM) i3-2120 CPU @ 3.30GHz
stepping	: 7
microcode	: 0x26
cpu MHz		: 3299.871
cache size	: 3072 KB
physical id	: 0
siblings	: 4
core id		: 0
cpu cores	: 2
apicid		: 1
initial apicid	: 1
fpu		: yes
fpu_exception	: yes
cpuid level	: 13
wp		: yes
flags		: fpu vme de pse tsc msr pae mce cx8 apic sep mtrr pge mca cmov pat pse36 clflush dts acpi mmx fxsr sse sse2 ss ht tm pbe syscall nx rdtscp lm constant_tsc arch_perfmon pebs bts rep_good nopl xtopology nonstop_tsc aperfmperf eagerfpu pni pclmulqdq dtes64 monitor ds_cpl vmx est tm2 ssse3 cx16 xtpr pdcm pcid sse4_1 sse4_2 popcnt tsc_deadline_timer xsave avx lahf_lm arat epb pln pts dtherm tpr_shadow vnmi flexpriority ept vpid xsaveopt
bugs		:
bogomips	: 6603.55
clflush size	: 64
cache_alignment	: 64
address sizes	: 36 bits physical, 48 bits virtual
power management:

processor	: 3
vendor_id	: GenuineIntel
cpu family	: 6
model		: 42
model name	: Intel(R) Core(TM) i3-2120 CPU @ 3.30GHz
stepping	: 7
microcode	: 0x26
cpu MHz		: 3300.000
cache size	: 3072 KB
physical id	: 0
siblings	: 4
core id		: 1
cpu cores	: 2
apicid		: 3
initial apicid	: 3
fpu		: yes
fpu_exception	: yes
cpuid level	: 13
wp		: yes
flags		: fpu vme de pse tsc msr pae mce cx8 apic sep mtrr pge mca cmov pat pse36 clflush dts acpi mmx fxsr sse sse2 ss ht tm pbe syscall nx rdtscp lm constant_tsc arch_perfmon pebs bts rep_good nopl xtopology nonstop_tsc aperfmperf eagerfpu pni pclmulqdq dtes64 monitor ds_cpl vmx est tm2 ssse3 cx16 xtpr pdcm pcid sse4_1 sse4_2 popcnt tsc_deadline_timer xsave avx lahf_lm arat epb pln pts dtherm tpr_shadow vnmi flexpriority ept vpid xsaveopt
bugs		:
bogomips	: 6603.55
clflush size	: 64
cache_alignment	: 64
address sizes	: 36 bits physical, 48 bits virtual
power management:



Memory: 4k page, physical 4007080k(26960k free), swap 0k(0k free)

vm_info: Java HotSpot(TM) 64-Bit Server VM (25.72-b15) for linux-amd64 JRE (1.8.0_72-b15), built on Dec 22 2015 22:00:07 by "java_re" with gcc 4.3.0 20080428 (Red Hat 4.3.0-8)

time: Sat Feb 20 00:10:45 2016
elapsed time: 9 seconds (0d 0h 0m 9s)

