#
# There is insufficient memory for the Java Runtime Environment to continue.
# Native memory allocation (mmap) failed to map 80216064 bytes for committing reserved memory.
# Possible reasons:
#   The system is out of physical RAM or swap space
#   In 32 bit mode, the process size limit was hit
# Possible solutions:
#   Reduce memory load on the system
#   Increase physical memory or swap space
#   Check if swap backing store is full
#   Use 64 bit Java on a 64 bit OS
#   Decrease Java heap size (-Xmx/-Xms)
#   Decrease number of Java threads
#   Decrease Java thread stack sizes (-Xss)
#   Set larger code cache with -XX:ReservedCodeCacheSize=
# This output file may be truncated or incomplete.
#
#  Out of Memory Error (os_linux.cpp:2627), pid=5980, tid=139767843890944
#
# JRE version: Java(TM) SE Runtime Environment (8.0_72-b15) (build 1.8.0_72-b15)
# Java VM: Java HotSpot(TM) 64-Bit Server VM (25.72-b15 mixed mode linux-amd64 compressed oops)
# Core dump written. Default location: /home/youngbin/shipped-android/app/core or core.5980
#

---------------  T H R E A D  ---------------

Current thread (0x00007f1e4c076800):  VMThread [stack: 0x00007f1e3c9fa000,0x00007f1e3cafb000] [id=5990]

Stack: [0x00007f1e3c9fa000,0x00007f1e3cafb000],  sp=0x00007f1e3caf93a0,  free space=1020k
Native frames: (J=compiled Java code, j=interpreted, Vv=VM code, C=native code)
V  [libjvm.so+0xaba7ea]  VMError::report_and_die()+0x2ba
V  [libjvm.so+0x4f9e3b]  report_vm_out_of_memory(char const*, int, unsigned long, VMErrorType, char const*)+0x8b
V  [libjvm.so+0x91b613]  os::Linux::commit_memory_impl(char*, unsigned long, bool)+0x103
V  [libjvm.so+0x91bb69]  os::pd_commit_memory(char*, unsigned long, unsigned long, bool)+0x29
V  [libjvm.so+0x915e6a]  os::commit_memory(char*, unsigned long, unsigned long, bool)+0x2a
V  [libjvm.so+0x989543]  PSVirtualSpace::expand_by(unsigned long)+0x53
V  [libjvm.so+0x979e30]  PSOldGen::expand(unsigned long)+0x170
V  [libjvm.so+0x97a03b]  PSOldGen::resize(unsigned long)+0x1cb
V  [libjvm.so+0x981d11]  PSParallelCompact::invoke_no_policy(bool)+0x991
V  [libjvm.so+0x98766d]  PSScavenge::invoke()+0x1ad
V  [libjvm.so+0x93f300]  ParallelScavengeHeap::failed_mem_allocate(unsigned long)+0x70
V  [libjvm.so+0xabc207]  VM_ParallelGCFailedAllocation::doit()+0x97
V  [libjvm.so+0xac3c35]  VM_Operation::evaluate()+0x55
V  [libjvm.so+0xac200a]  VMThread::evaluate_operation(VM_Operation*)+0xba
V  [libjvm.so+0xac238e]  VMThread::loop()+0x1ce
V  [libjvm.so+0xac2800]  VMThread::run()+0x70
V  [libjvm.so+0x91d9d8]  java_start(Thread*)+0x108

VM_Operation (0x00007f1e35cfaac0): ParallelGCFailedAllocation, mode: safepoint, requested by thread 0x00007f1e4c266000


---------------  P R O C E S S  ---------------

Java Threads: ( => current thread )
  0x00007f1e4c268000 JavaThread "pool-2-thread-4" [_thread_blocked, id=6003, stack(0x00007f1e35afb000,0x00007f1e35bfc000)]
  0x00007f1e4c266000 JavaThread "pool-2-thread-3" [_thread_blocked, id=6002, stack(0x00007f1e35bfc000,0x00007f1e35cfd000)]
  0x00007f1e4c264000 JavaThread "pool-2-thread-2" [_thread_blocked, id=6001, stack(0x00007f1e35cfd000,0x00007f1e35dfe000)]
  0x00007f1e4c263000 JavaThread "pool-3-thread-1" [_thread_blocked, id=6000, stack(0x00007f1e35dfe000,0x00007f1e35eff000)]
  0x00007f1e4c259000 JavaThread "pool-2-thread-1" [_thread_blocked, id=5999, stack(0x00007f1e35eff000,0x00007f1e36000000)]
  0x00007f1e4c0bf000 JavaThread "Service Thread" daemon [_thread_blocked, id=5997, stack(0x00007f1e3c19a000,0x00007f1e3c29b000)]
  0x00007f1e4c0bb800 JavaThread "C1 CompilerThread2" daemon [_thread_blocked, id=5996, stack(0x00007f1e3c29b000,0x00007f1e3c39c000)]
  0x00007f1e4c0ba000 JavaThread "C2 CompilerThread1" daemon [_thread_blocked, id=5995, stack(0x00007f1e3c39c000,0x00007f1e3c49d000)]
  0x00007f1e4c0b7000 JavaThread "C2 CompilerThread0" daemon [_thread_blocked, id=5994, stack(0x00007f1e3c49d000,0x00007f1e3c59e000)]
  0x00007f1e4c0b5800 JavaThread "Signal Dispatcher" daemon [_thread_blocked, id=5993, stack(0x00007f1e3c59e000,0x00007f1e3c69f000)]
  0x00007f1e4c082800 JavaThread "Finalizer" daemon [_thread_blocked, id=5992, stack(0x00007f1e3c7f8000,0x00007f1e3c8f9000)]
  0x00007f1e4c07e000 JavaThread "Reference Handler" daemon [_thread_blocked, id=5991, stack(0x00007f1e3c8f9000,0x00007f1e3c9fa000)]
  0x00007f1e4c008800 JavaThread "main" [_thread_blocked, id=5985, stack(0x00007f1e54ab2000,0x00007f1e54bb3000)]

Other Threads:
=>0x00007f1e4c076800 VMThread [stack: 0x00007f1e3c9fa000,0x00007f1e3cafb000] [id=5990]
  0x00007f1e4c0c1800 WatcherThread [stack: 0x00007f1e3c099000,0x00007f1e3c19a000] [id=5998]

VM state:at safepoint (normal execution)

VM Mutex/Monitor currently owned by a thread:  ([mutex/lock_event])
[0x00007f1e4c005e80] ExpandHeap_lock - owner thread: 0x00007f1e4c076800
[0x00007f1e4c006500] Threads_lock - owner thread: 0x00007f1e4c076800
[0x00007f1e4c006a00] Heap_lock - owner thread: 0x00007f1e4c266000

Heap:
 PSYoungGen      total 297472K, used 17064K [0x00000000eab00000, 0x0000000100000000, 0x0000000100000000)
  eden space 256000K, 0% used [0x00000000eab00000,0x00000000eab00000,0x00000000fa500000)
  from space 41472K, 41% used [0x00000000fd780000,0x00000000fe82a3f0,0x0000000100000000)
  to   space 46592K, 0% used [0x00000000fa500000,0x00000000fa500000,0x00000000fd280000)
 ParOldGen       total 134144K, used 133777K [0x00000000c0000000, 0x00000000c8300000, 0x00000000eab00000)
  object space 134144K, 99% used [0x00000000c0000000,0x00000000c82a4778,0x00000000c8300000)
 Metaspace       used 6537K, capacity 7320K, committed 7680K, reserved 1056768K
  class space    used 617K, capacity 656K, committed 768K, reserved 1048576K

Card table byte_map: [0x00007f1e51cd5000,0x00007f1e51ed6000] byte_map_base: 0x00007f1e516d5000

Marking Bits: (ParMarkBitMap*) 0x00007f1e53fc0100
 Begin Bits: [0x00007f1e36000000, 0x00007f1e37000000)
 End Bits:   [0x00007f1e37000000, 0x00007f1e38000000)

Polling page: 0x00007f1e54be4000

CodeCache: size=245760Kb used=9719Kb max_used=9719Kb free=236040Kb
 bounds [0x00007f1e3d000000, 0x00007f1e3d990000, 0x00007f1e4c000000]
 total_blobs=2603 nmethods=2334 adapters=182
 compilation: enabled

Compilation events (10 events):
Event: 6.366 Thread 0x00007f1e4c0bb800 2522       2       com.android.dx.cf.direct.StdAttributeFactory::enclosingMethod (156 bytes)
Event: 6.369 Thread 0x00007f1e4c0bb800 nmethod 2522 0x00007f1e3d968bd0 code [0x00007f1e3d968fa0, 0x00007f1e3d96a568]
Event: 6.369 Thread 0x00007f1e4c0bb800 2523 %     3       sun.util.calendar.ZoneInfo::getTransitionIndex @ 12 (156 bytes)
Event: 6.369 Thread 0x00007f1e4c0bb800 nmethod 2523% 0x00007f1e3d965d90 code [0x00007f1e3d965f20, 0x00007f1e3d966450]
Event: 6.369 Thread 0x00007f1e4c0bb800 2525       2       com.android.dx.dex.file.AnnotationsDirectoryItem::addFieldAnnotations (44 bytes)
Event: 6.370 Thread 0x00007f1e4c0bb800 nmethod 2525 0x00007f1e3d965450 code [0x00007f1e3d965600, 0x00007f1e3d965a48]
Event: 6.370 Thread 0x00007f1e4c0bb800 2524       2       com.android.dx.dex.file.FieldAnnotationStruct::<init> (43 bytes)
Event: 6.370 Thread 0x00007f1e4c0bb800 nmethod 2524 0x00007f1e3d964e90 code [0x00007f1e3d965020, 0x00007f1e3d9652f8]
Event: 6.408 Thread 0x00007f1e4c0bb800 2527       2       java.util.HashMap$TreeNode::balanceInsertion (245 bytes)
Event: 6.409 Thread 0x00007f1e4c0bb800 nmethod 2527 0x00007f1e3d964110 code [0x00007f1e3d964300, 0x00007f1e3d9648d8]

GC Heap History (10 events):
Event: 4.230 GC heap after
Heap after GC invocations=12 (full 1):
 PSYoungGen      total 220160K, used 24445K [0x00000000eab00000, 0x00000000fe400000, 0x0000000100000000)
  eden space 187392K, 0% used [0x00000000eab00000,0x00000000eab00000,0x00000000f6200000)
  from space 32768K, 74% used [0x00000000f6200000,0x00000000f79df6d8,0x00000000f8200000)
  to   space 35328K, 0% used [0x00000000fc180000,0x00000000fc180000,0x00000000fe400000)
 ParOldGen       total 78336K, used 62845K [0x00000000c0000000, 0x00000000c4c80000, 0x00000000eab00000)
  object space 78336K, 80% used [0x00000000c0000000,0x00000000c3d5f760,0x00000000c4c80000)
 Metaspace       used 6490K, capacity 7256K, committed 7424K, reserved 1056768K
  class space    used 617K, capacity 656K, committed 768K, reserved 1048576K
}
Event: 4.253 GC heap before
{Heap before GC invocations=13 (full 2):
 PSYoungGen      total 220160K, used 24445K [0x00000000eab00000, 0x00000000fe400000, 0x0000000100000000)
  eden space 187392K, 0% used [0x00000000eab00000,0x00000000eab00000,0x00000000f6200000)
  from space 32768K, 74% used [0x00000000f6200000,0x00000000f79df6d8,0x00000000f8200000)
  to   space 35328K, 0% used [0x00000000fc180000,0x00000000fc180000,0x00000000fe400000)
 ParOldGen       total 78336K, used 62845K [0x00000000c0000000, 0x00000000c4c80000, 0x00000000eab00000)
  object space 78336K, 80% used [0x00000000c0000000,0x00000000c3d5f760,0x00000000c4c80000)
 Metaspace       used 6490K, capacity 7256K, committed 7424K, reserved 1056768K
  class space    used 617K, capacity 656K, committed 768K, reserved 1048576K
Event: 4.586 GC heap after
Heap after GC invocations=13 (full 2):
 PSYoungGen      total 220160K, used 5779K [0x00000000eab00000, 0x00000000fe400000, 0x0000000100000000)
  eden space 187392K, 0% used [0x00000000eab00000,0x00000000eab00000,0x00000000f6200000)
  from space 32768K, 17% used [0x00000000f6200000,0x00000000f67a4d90,0x00000000f8200000)
  to   space 35328K, 0% used [0x00000000fc180000,0x00000000fc180000,0x00000000fe400000)
 ParOldGen       total 134144K, used 78279K [0x00000000c0000000, 0x00000000c8300000, 0x00000000eab00000)
  object space 134144K, 58% used [0x00000000c0000000,0x00000000c4c71f08,0x00000000c8300000)
 Metaspace       used 6490K, capacity 7256K, committed 7424K, reserved 1056768K
  class space    used 617K, capacity 656K, committed 768K, reserved 1048576K
}
Event: 4.599 GC heap before
{Heap before GC invocations=14 (full 2):
 PSYoungGen      total 220160K, used 8857K [0x00000000eab00000, 0x00000000fe400000, 0x0000000100000000)
  eden space 187392K, 1% used [0x00000000eab00000,0x00000000eae01778,0x00000000f6200000)
  from space 32768K, 17% used [0x00000000f6200000,0x00000000f67a4d90,0x00000000f8200000)
  to   space 35328K, 0% used [0x00000000fc180000,0x00000000fc180000,0x00000000fe400000)
 ParOldGen       total 134144K, used 78279K [0x00000000c0000000, 0x00000000c8300000, 0x00000000eab00000)
  object space 134144K, 58% used [0x00000000c0000000,0x00000000c4c71f08,0x00000000c8300000)
 Metaspace       used 6490K, capacity 7256K, committed 7424K, reserved 1056768K
  class space    used 617K, capacity 656K, committed 768K, reserved 1048576K
Event: 4.648 GC heap after
Heap after GC invocations=14 (full 2):
 PSYoungGen      total 249344K, used 384K [0x00000000eab00000, 0x00000000fd280000, 0x0000000100000000)
  eden space 231936K, 0% used [0x00000000eab00000,0x00000000eab00000,0x00000000f8d80000)
  from space 17408K, 2% used [0x00000000fc180000,0x00000000fc1e0000,0x00000000fd280000)
  to   space 35328K, 0% used [0x00000000f8d80000,0x00000000f8d80000,0x00000000fb000000)
 ParOldGen       total 134144K, used 84198K [0x00000000c0000000, 0x00000000c8300000, 0x00000000eab00000)
  object space 134144K, 62% used [0x00000000c0000000,0x00000000c5239b30,0x00000000c8300000)
 Metaspace       used 6490K, capacity 7256K, committed 7424K, reserved 1056768K
  class space    used 617K, capacity 656K, committed 768K, reserved 1048576K
}
Event: 5.606 GC heap before
{Heap before GC invocations=15 (full 2):
 PSYoungGen      total 249344K, used 232320K [0x00000000eab00000, 0x00000000fd280000, 0x0000000100000000)
  eden space 231936K, 100% used [0x00000000eab00000,0x00000000f8d80000,0x00000000f8d80000)
  from space 17408K, 2% used [0x00000000fc180000,0x00000000fc1e0000,0x00000000fd280000)
  to   space 35328K, 0% used [0x00000000f8d80000,0x00000000f8d80000,0x00000000fb000000)
 ParOldGen       total 134144K, used 84198K [0x00000000c0000000, 0x00000000c8300000, 0x00000000eab00000)
  object space 134144K, 62% used [0x00000000c0000000,0x00000000c5239b30,0x00000000c8300000)
 Metaspace       used 6532K, capacity 7320K, committed 7680K, reserved 1056768K
  class space    used 617K, capacity 656K, committed 768K, reserved 1048576K
Event: 5.679 GC heap after
Heap after GC invocations=15 (full 2):
 PSYoungGen      total 267264K, used 35326K [0x00000000eab00000, 0x0000000100000000, 0x0000000100000000)
  eden space 231936K, 0% used [0x00000000eab00000,0x00000000eab00000,0x00000000f8d80000)
  from space 35328K, 99% used [0x00000000f8d80000,0x00000000fafffb40,0x00000000fb000000)
  to   space 41472K, 0% used [0x00000000fd780000,0x00000000fd780000,0x0000000100000000)
 ParOldGen       total 134144K, used 84488K [0x00000000c0000000, 0x00000000c8300000, 0x00000000eab00000)
  object space 134144K, 62% used [0x00000000c0000000,0x00000000c5282288,0x00000000c8300000)
 Metaspace       used 6532K, capacity 7320K, committed 7680K, reserved 1056768K
  class space    used 617K, capacity 656K, committed 768K, reserved 1048576K
}
Event: 6.432 GC heap before
{Heap before GC invocations=16 (full 2):
 PSYoungGen      total 267264K, used 267262K [0x00000000eab00000, 0x0000000100000000, 0x0000000100000000)
  eden space 231936K, 100% used [0x00000000eab00000,0x00000000f8d80000,0x00000000f8d80000)
  from space 35328K, 99% used [0x00000000f8d80000,0x00000000fafffb40,0x00000000fb000000)
  to   space 41472K, 0% used [0x00000000fd780000,0x00000000fd780000,0x0000000100000000)
 ParOldGen       total 134144K, used 84488K [0x00000000c0000000, 0x00000000c8300000, 0x00000000eab00000)
  object space 134144K, 62% used [0x00000000c0000000,0x00000000c5282288,0x00000000c8300000)
 Metaspace       used 6537K, capacity 7320K, committed 7680K, reserved 1056768K
  class space    used 617K, capacity 656K, committed 768K, reserved 1048576K
Event: 6.571 GC heap after
Heap after GC invocations=16 (full 2):
 PSYoungGen      total 297472K, used 35179K [0x00000000eab00000, 0x0000000100000000, 0x0000000100000000)
  eden space 256000K, 0% used [0x00000000eab00000,0x00000000eab00000,0x00000000fa500000)
  from space 41472K, 84% used [0x00000000fd780000,0x00000000ff9dae58,0x0000000100000000)
  to   space 46592K, 0% used [0x00000000fa500000,0x00000000fa500000,0x00000000fd280000)
 ParOldGen       total 134144K, used 118408K [0x00000000c0000000, 0x00000000c8300000, 0x00000000eab00000)
  object space 134144K, 88% used [0x00000000c0000000,0x00000000c73a22b8,0x00000000c8300000)
 Metaspace       used 6537K, capacity 7320K, committed 7680K, reserved 1056768K
  class space    used 617K, capacity 656K, committed 768K, reserved 1048576K
}
Event: 6.588 GC heap before
{Heap before GC invocations=17 (full 3):
 PSYoungGen      total 297472K, used 35179K [0x00000000eab00000, 0x0000000100000000, 0x0000000100000000)
  eden space 256000K, 0% used [0x00000000eab00000,0x00000000eab00000,0x00000000fa500000)
  from space 41472K, 84% used [0x00000000fd780000,0x00000000ff9dae58,0x0000000100000000)
  to   space 46592K, 0% used [0x00000000fa500000,0x00000000fa500000,0x00000000fd280000)
 ParOldGen       total 134144K, used 118408K [0x00000000c0000000, 0x00000000c8300000, 0x00000000eab00000)
  object space 134144K, 88% used [0x00000000c0000000,0x00000000c73a22b8,0x00000000c8300000)
 Metaspace       used 6537K, capacity 7320K, committed 7680K, reserved 1056768K
  class space    used 617K, capacity 656K, committed 768K, reserved 1048576K

Deoptimization events (10 events):
Event: 2.920 Thread 0x00007f1e4c266000 Uncommon trap: reason=unstable_if action=reinterpret pc=0x00007f1e3d4c734c method=com.android.dx.dex.code.OutputFinisher.hasLocalInfo(Lcom/android/dx/dex/code/DalvInsn;)Z @ 24
Event: 3.655 Thread 0x00007f1e4c266000 Uncommon trap: reason=bimorphic action=maybe_recompile pc=0x00007f1e3d6bdcec method=com.android.dx.cf.code.BytecodeArray.parseInstruction(ILcom/android/dx/cf/code/BytecodeArray$Visitor;)I @ 1549
Event: 3.655 Thread 0x00007f1e4c266000 Uncommon trap: reason=bimorphic action=maybe_recompile pc=0x00007f1e3d6bdcec method=com.android.dx.cf.code.BytecodeArray.parseInstruction(ILcom/android/dx/cf/code/BytecodeArray$Visitor;)I @ 1549
Event: 3.655 Thread 0x00007f1e4c266000 Uncommon trap: reason=bimorphic action=maybe_recompile pc=0x00007f1e3d6be6e4 method=com.android.dx.cf.code.BytecodeArray.parseInstruction(ILcom/android/dx/cf/code/BytecodeArray$Visitor;)I @ 1035
Event: 3.655 Thread 0x00007f1e4c266000 Uncommon trap: reason=bimorphic action=maybe_recompile pc=0x00007f1e3d6bdcec method=com.android.dx.cf.code.BytecodeArray.parseInstruction(ILcom/android/dx/cf/code/BytecodeArray$Visitor;)I @ 1549
Event: 4.876 Thread 0x00007f1e4c264000 Uncommon trap: reason=unstable_if action=reinterpret pc=0x00007f1e3d7fa694 method=com.android.dx.ssa.SCCP.simulateBranch(Lcom/android/dx/ssa/SsaInsn;)V @ 548
Event: 5.220 Thread 0x00007f1e4c259000 Uncommon trap: reason=unstable_if action=reinterpret pc=0x00007f1e3d8ad688 method=java.util.HashMap.putVal(ILjava/lang/Object;Ljava/lang/Object;ZZ)Ljava/lang/Object; @ 109
Event: 5.243 Thread 0x00007f1e4c008800 Uncommon trap: reason=bimorphic action=maybe_recompile pc=0x00007f1e3d8746c4 method=com.android.dx.cf.code.BytecodeArray.parseInstruction(ILcom/android/dx/cf/code/BytecodeArray$Visitor;)I @ 1357
Event: 5.243 Thread 0x00007f1e4c008800 Uncommon trap: reason=bimorphic action=maybe_recompile pc=0x00007f1e3d8746c4 method=com.android.dx.cf.code.BytecodeArray.parseInstruction(ILcom/android/dx/cf/code/BytecodeArray$Visitor;)I @ 1357
Event: 6.308 Thread 0x00007f1e4c264000 Uncommon trap: reason=unstable_if action=reinterpret pc=0x00007f1e3d972520 method=com.android.dx.rop.code.RegisterSpecSet.localItemToSpec(Lcom/android/dx/rop/code/LocalItem;)Lcom/android/dx/rop/code/RegisterSpec; @ 35

Internal exceptions (7 events):
Event: 0.113 Thread 0x00007f1e4c008800 Exception <a 'java/lang/NoSuchMethodError': Method sun.misc.Unsafe.defineClass(Ljava/lang/String;[BII)Ljava/lang/Class; name or signature does not match> (0x00000000eab07cc0) thrown at [/HUDSON/workspace/8-2-build-linux-amd64/jdk8u72/5732/hotspot/src/shar
Event: 0.113 Thread 0x00007f1e4c008800 Exception <a 'java/lang/NoSuchMethodError': Method sun.misc.Unsafe.prefetchRead(Ljava/lang/Object;J)V name or signature does not match> (0x00000000eab07fa8) thrown at [/HUDSON/workspace/8-2-build-linux-amd64/jdk8u72/5732/hotspot/src/share/vm/prims/jni.cpp
Event: 1.017 Thread 0x00007f1e4c264000 Implicit null exception at 0x00007f1e3d2e948c to 0x00007f1e3d2ebc45
Event: 1.534 Thread 0x00007f1e4c268000 Implicit null exception at 0x00007f1e3d39b4f0 to 0x00007f1e3d39e629
Event: 2.183 Thread 0x00007f1e4c264000 Exception <a 'java/lang/ArrayIndexOutOfBoundsException': 18> (0x00000000eccb4610) thrown at [/HUDSON/workspace/8-2-build-linux-amd64/jdk8u72/5732/hotspot/src/share/vm/interpreter/interpreterRuntime.cpp, line 366]
Event: 2.183 Thread 0x00007f1e4c264000 Exception <a 'java/lang/ArrayIndexOutOfBoundsException': 145> (0x00000000eccb6190) thrown at [/HUDSON/workspace/8-2-build-linux-amd64/jdk8u72/5732/hotspot/src/share/vm/interpreter/interpreterRuntime.cpp, line 366]
Event: 2.186 Thread 0x00007f1e4c264000 Exception <a 'java/lang/ArrayIndexOutOfBoundsException': 40> (0x00000000eccb7478) thrown at [/HUDSON/workspace/8-2-build-linux-amd64/jdk8u72/5732/hotspot/src/share/vm/interpreter/interpreterRuntime.cpp, line 366]

Events (10 events):
Event: 5.467 Thread 0x00007f1e4c008800 DEOPT PACKING pc=0x00007f1e3d6b53b7 sp=0x00007f1e54bb06e0
Event: 5.468 Thread 0x00007f1e4c008800 DEOPT UNPACKING pc=0x00007f1e3d047633 sp=0x00007f1e54bb0460 mode 0
Event: 5.605 Executing VM operation: ParallelGCFailedAllocation
Event: 5.679 Executing VM operation: ParallelGCFailedAllocation done
Event: 6.050 Thread 0x00007f1e4c264000 DEOPT PACKING pc=0x00007f1e3d7542a2 sp=0x00007f1e35dfc120
Event: 6.050 Thread 0x00007f1e4c264000 DEOPT UNPACKING pc=0x00007f1e3d047633 sp=0x00007f1e35dfbf70 mode 0
Event: 6.308 Thread 0x00007f1e4c264000 Uncommon trap: trap_request=0xffffff65 fr.pc=0x00007f1e3d972520
Event: 6.308 Thread 0x00007f1e4c264000 DEOPT PACKING pc=0x00007f1e3d972520 sp=0x00007f1e35dfc0a0
Event: 6.308 Thread 0x00007f1e4c264000 DEOPT UNPACKING pc=0x00007f1e3d005229 sp=0x00007f1e35dfc068 mode 2
Event: 6.432 Executing VM operation: ParallelGCFailedAllocation


Dynamic libraries:
00400000-00401000 r-xp 00000000 08:06 399874                             /usr/lib/jvm/java-8-jdk/jre/bin/java
00600000-00601000 rw-p 00000000 08:06 399874                             /usr/lib/jvm/java-8-jdk/jre/bin/java
00b03000-00b24000 rw-p 00000000 00:00 0                                  [heap]
c0000000-c8300000 rw-p 00000000 00:00 0 
ccf80000-eab00000 ---p 00000000 00:00 0 
eab00000-100000000 rw-p 00000000 00:00 0 
100000000-1000c0000 rw-p 00000000 00:00 0 
1000c0000-140000000 ---p 00000000 00:00 0 
7f1de8000000-7f1de8021000 rw-p 00000000 00:00 0 
7f1de8021000-7f1dec000000 ---p 00000000 00:00 0 
7f1df0000000-7f1df0030000 rw-p 00000000 00:00 0 
7f1df0030000-7f1df4000000 ---p 00000000 00:00 0 
7f1df4000000-7f1df4021000 rw-p 00000000 00:00 0 
7f1df4021000-7f1df8000000 ---p 00000000 00:00 0 
7f1df8000000-7f1df8021000 rw-p 00000000 00:00 0 
7f1df8021000-7f1dfc000000 ---p 00000000 00:00 0 
7f1dfc000000-7f1dfc021000 rw-p 00000000 00:00 0 
7f1dfc021000-7f1e00000000 ---p 00000000 00:00 0 
7f1e00000000-7f1e00021000 rw-p 00000000 00:00 0 
7f1e00021000-7f1e04000000 ---p 00000000 00:00 0 
7f1e04000000-7f1e04021000 rw-p 00000000 00:00 0 
7f1e04021000-7f1e08000000 ---p 00000000 00:00 0 
7f1e08000000-7f1e09237000 rw-p 00000000 00:00 0 
7f1e09237000-7f1e0c000000 ---p 00000000 00:00 0 
7f1e0c000000-7f1e0cbac000 rw-p 00000000 00:00 0 
7f1e0cbac000-7f1e10000000 ---p 00000000 00:00 0 
7f1e10000000-7f1e10021000 rw-p 00000000 00:00 0 
7f1e10021000-7f1e14000000 ---p 00000000 00:00 0 
7f1e14000000-7f1e1502e000 rw-p 00000000 00:00 0 
7f1e1502e000-7f1e18000000 ---p 00000000 00:00 0 
7f1e18000000-7f1e18021000 rw-p 00000000 00:00 0 
7f1e18021000-7f1e1c000000 ---p 00000000 00:00 0 
7f1e1c000000-7f1e1c021000 rw-p 00000000 00:00 0 
7f1e1c021000-7f1e20000000 ---p 00000000 00:00 0 
7f1e20000000-7f1e20021000 rw-p 00000000 00:00 0 
7f1e20021000-7f1e24000000 ---p 00000000 00:00 0 
7f1e24000000-7f1e242b6000 rw-p 00000000 00:00 0 
7f1e242b6000-7f1e28000000 ---p 00000000 00:00 0 
7f1e28000000-7f1e28021000 rw-p 00000000 00:00 0 
7f1e28021000-7f1e2c000000 ---p 00000000 00:00 0 
7f1e30000000-7f1e30021000 rw-p 00000000 00:00 0 
7f1e30021000-7f1e34000000 ---p 00000000 00:00 0 
7f1e35afb000-7f1e35afe000 ---p 00000000 00:00 0 
7f1e35afe000-7f1e35bfc000 rw-p 00000000 00:00 0                          [stack:6003]
7f1e35bfc000-7f1e35bff000 ---p 00000000 00:00 0 
7f1e35bff000-7f1e35cfd000 rw-p 00000000 00:00 0                          [stack:6002]
7f1e35cfd000-7f1e35d00000 ---p 00000000 00:00 0 
7f1e35d00000-7f1e35dfe000 rw-p 00000000 00:00 0                          [stack:6001]
7f1e35dfe000-7f1e35e01000 ---p 00000000 00:00 0 
7f1e35e01000-7f1e35eff000 rw-p 00000000 00:00 0                          [stack:6000]
7f1e35eff000-7f1e35f02000 ---p 00000000 00:00 0 
7f1e35f02000-7f1e38000000 rw-p 00000000 00:00 0                          [stack:5999]
7f1e38000000-7f1e38021000 rw-p 00000000 00:00 0 
7f1e38021000-7f1e3c000000 ---p 00000000 00:00 0 
7f1e3c099000-7f1e3c09a000 ---p 00000000 00:00 0 
7f1e3c09a000-7f1e3c19a000 rw-p 00000000 00:00 0                          [stack:5998]
7f1e3c19a000-7f1e3c19d000 ---p 00000000 00:00 0 
7f1e3c19d000-7f1e3c29b000 rw-p 00000000 00:00 0                          [stack:5997]
7f1e3c29b000-7f1e3c29e000 ---p 00000000 00:00 0 
7f1e3c29e000-7f1e3c39c000 rw-p 00000000 00:00 0                          [stack:5996]
7f1e3c39c000-7f1e3c39f000 ---p 00000000 00:00 0 
7f1e3c39f000-7f1e3c49d000 rw-p 00000000 00:00 0                          [stack:5995]
7f1e3c49d000-7f1e3c4a0000 ---p 00000000 00:00 0 
7f1e3c4a0000-7f1e3c59e000 rw-p 00000000 00:00 0                          [stack:5994]
7f1e3c59e000-7f1e3c5a1000 ---p 00000000 00:00 0 
7f1e3c5a1000-7f1e3c69f000 rw-p 00000000 00:00 0                          [stack:5993]
7f1e3c69f000-7f1e3c7f8000 r--p 00000000 08:06 178958                     /usr/lib/locale/locale-archive
7f1e3c7f8000-7f1e3c7fb000 ---p 00000000 00:00 0 
7f1e3c7fb000-7f1e3c8f9000 rw-p 00000000 00:00 0                          [stack:5992]
7f1e3c8f9000-7f1e3c8fc000 ---p 00000000 00:00 0 
7f1e3c8fc000-7f1e3c9fa000 rw-p 00000000 00:00 0                          [stack:5991]
7f1e3c9fa000-7f1e3c9fb000 ---p 00000000 00:00 0 
7f1e3c9fb000-7f1e3d000000 rw-p 00000000 00:00 0                          [stack:5990]
7f1e3d000000-7f1e3d990000 rwxp 00000000 00:00 0 
7f1e3d990000-7f1e4c000000 ---p 00000000 00:00 0 
7f1e4c000000-7f1e4c3a5000 rw-p 00000000 00:00 0 
7f1e4c3a5000-7f1e50000000 ---p 00000000 00:00 0 
7f1e5000c000-7f1e50033000 r--p 00000000 08:06 133211                     /usr/share/locale/ko/LC_MESSAGES/libc.mo
7f1e50033000-7f1e50071000 r--s 0034a000 08:06 13239855                   /home/youngbin/shipped-android/app/build/intermediates/transforms/jarMerging/debug/jars/1/1f/combined.jar
7f1e50071000-7f1e50b2d000 rw-p 00000000 00:00 0 
7f1e50b2d000-7f1e50d05000 r--s 03d1d000 08:06 399677                     /usr/lib/jvm/java-8-jdk/jre/lib/rt.jar
7f1e50d05000-7f1e5143b000 rw-p 00000000 00:00 0 
7f1e5143b000-7f1e5157b000 ---p 00000000 00:00 0 
7f1e5157b000-7f1e5177b000 rw-p 00000000 00:00 0 
7f1e5177b000-7f1e5177c000 ---p 00000000 00:00 0 
7f1e5177c000-7f1e5187c000 rw-p 00000000 00:00 0                          [stack:5989]
7f1e5187c000-7f1e5187d000 ---p 00000000 00:00 0 
7f1e5187d000-7f1e5197d000 rw-p 00000000 00:00 0                          [stack:5988]
7f1e5197d000-7f1e5197e000 ---p 00000000 00:00 0 
7f1e5197e000-7f1e51a7e000 rw-p 00000000 00:00 0                          [stack:5987]
7f1e51a7e000-7f1e51a7f000 ---p 00000000 00:00 0 
7f1e51a7f000-7f1e51bc1000 rw-p 00000000 00:00 0                          [stack:5986]
7f1e51bc1000-7f1e51cd5000 ---p 00000000 00:00 0 
7f1e51cd5000-7f1e51d17000 rw-p 00000000 00:00 0 
7f1e51d17000-7f1e51e2a000 ---p 00000000 00:00 0 
7f1e51e2a000-7f1e51ed5000 rw-p 00000000 00:00 0 
7f1e51ed5000-7f1e51efd000 rw-p 00000000 00:00 0 
7f1e51efd000-7f1e52296000 ---p 00000000 00:00 0 
7f1e52296000-7f1e522b0000 r-xp 00000000 08:06 399785                     /usr/lib/jvm/java-8-jdk/jre/lib/amd64/libzip.so
7f1e522b0000-7f1e524b0000 ---p 0001a000 08:06 399785                     /usr/lib/jvm/java-8-jdk/jre/lib/amd64/libzip.so
7f1e524b0000-7f1e524b1000 rw-p 0001a000 08:06 399785                     /usr/lib/jvm/java-8-jdk/jre/lib/amd64/libzip.so
7f1e524b1000-7f1e524bc000 r-xp 00000000 08:06 134352                     /usr/lib/libnss_files-2.23.so
7f1e524bc000-7f1e526bb000 ---p 0000b000 08:06 134352                     /usr/lib/libnss_files-2.23.so
7f1e526bb000-7f1e526bc000 r--p 0000a000 08:06 134352                     /usr/lib/libnss_files-2.23.so
7f1e526bc000-7f1e526bd000 rw-p 0000b000 08:06 134352                     /usr/lib/libnss_files-2.23.so
7f1e526bd000-7f1e526c3000 rw-p 00000000 00:00 0 
7f1e526c3000-7f1e526ed000 r-xp 00000000 08:06 399805                     /usr/lib/jvm/java-8-jdk/jre/lib/amd64/libjava.so
7f1e526ed000-7f1e528ed000 ---p 0002a000 08:06 399805                     /usr/lib/jvm/java-8-jdk/jre/lib/amd64/libjava.so
7f1e528ed000-7f1e528ef000 rw-p 0002a000 08:06 399805                     /usr/lib/jvm/java-8-jdk/jre/lib/amd64/libjava.so
7f1e528ef000-7f1e528fc000 r-xp 00000000 08:06 399791                     /usr/lib/jvm/java-8-jdk/jre/lib/amd64/libverify.so
7f1e528fc000-7f1e52afc000 ---p 0000d000 08:06 399791                     /usr/lib/jvm/java-8-jdk/jre/lib/amd64/libverify.so
7f1e52afc000-7f1e52afe000 rw-p 0000d000 08:06 399791                     /usr/lib/jvm/java-8-jdk/jre/lib/amd64/libverify.so
7f1e52afe000-7f1e52b05000 r-xp 00000000 08:06 134360                     /usr/lib/librt-2.23.so
7f1e52b05000-7f1e52d04000 ---p 00007000 08:06 134360                     /usr/lib/librt-2.23.so
7f1e52d04000-7f1e52d05000 r--p 00006000 08:06 134360                     /usr/lib/librt-2.23.so
7f1e52d05000-7f1e52d06000 rw-p 00007000 08:06 134360                     /usr/lib/librt-2.23.so
7f1e52d06000-7f1e52e09000 r-xp 00000000 08:06 134357                     /usr/lib/libm-2.23.so
7f1e52e09000-7f1e53009000 ---p 00103000 08:06 134357                     /usr/lib/libm-2.23.so
7f1e53009000-7f1e5300a000 r--p 00103000 08:06 134357                     /usr/lib/libm-2.23.so
7f1e5300a000-7f1e5300b000 rw-p 00104000 08:06 134357                     /usr/lib/libm-2.23.so
7f1e5300b000-7f1e53cca000 r-xp 00000000 08:06 530091                     /usr/lib/jvm/java-8-jdk/jre/lib/amd64/server/libjvm.so
7f1e53cca000-7f1e53ec9000 ---p 00cbf000 08:06 530091                     /usr/lib/jvm/java-8-jdk/jre/lib/amd64/server/libjvm.so
7f1e53ec9000-7f1e53fa2000 rw-p 00cbe000 08:06 530091                     /usr/lib/jvm/java-8-jdk/jre/lib/amd64/server/libjvm.so
7f1e53fa2000-7f1e53feb000 rw-p 00000000 00:00 0 
7f1e53feb000-7f1e54183000 r-xp 00000000 08:06 134281                     /usr/lib/libc-2.23.so
7f1e54183000-7f1e54382000 ---p 00198000 08:06 134281                     /usr/lib/libc-2.23.so
7f1e54382000-7f1e54386000 r--p 00197000 08:06 134281                     /usr/lib/libc-2.23.so
7f1e54386000-7f1e54388000 rw-p 0019b000 08:06 134281                     /usr/lib/libc-2.23.so
7f1e54388000-7f1e5438c000 rw-p 00000000 00:00 0 
7f1e5438c000-7f1e5438e000 r-xp 00000000 08:06 134356                     /usr/lib/libdl-2.23.so
7f1e5438e000-7f1e5458e000 ---p 00002000 08:06 134356                     /usr/lib/libdl-2.23.so
7f1e5458e000-7f1e5458f000 r--p 00002000 08:06 134356                     /usr/lib/libdl-2.23.so
7f1e5458f000-7f1e54590000 rw-p 00003000 08:06 134356                     /usr/lib/libdl-2.23.so
7f1e54590000-7f1e545a5000 r-xp 00000000 08:06 530090                     /usr/lib/jvm/java-8-jdk/jre/lib/amd64/jli/libjli.so
7f1e545a5000-7f1e547a5000 ---p 00015000 08:06 530090                     /usr/lib/jvm/java-8-jdk/jre/lib/amd64/jli/libjli.so
7f1e547a5000-7f1e547a6000 rw-p 00015000 08:06 530090                     /usr/lib/jvm/java-8-jdk/jre/lib/amd64/jli/libjli.so
7f1e547a6000-7f1e547be000 r-xp 00000000 08:06 134256                     /usr/lib/libpthread-2.23.so
7f1e547be000-7f1e549bd000 ---p 00018000 08:06 134256                     /usr/lib/libpthread-2.23.so
7f1e549bd000-7f1e549be000 r--p 00017000 08:06 134256                     /usr/lib/libpthread-2.23.so
7f1e549be000-7f1e549bf000 rw-p 00018000 08:06 134256                     /usr/lib/libpthread-2.23.so
7f1e549bf000-7f1e549c3000 rw-p 00000000 00:00 0 
7f1e549c3000-7f1e549e6000 r-xp 00000000 08:06 134280                     /usr/lib/ld-2.23.so
7f1e549ed000-7f1e54ab2000 rw-p 00000000 00:00 0 
7f1e54ab2000-7f1e54ab5000 ---p 00000000 00:00 0 
7f1e54ab5000-7f1e54bb7000 rw-p 00000000 00:00 0                          [stack:5985]
7f1e54bb8000-7f1e54bc7000 r--s 000df000 08:06 13763614                   /home/youngbin/Android/Sdk/build-tools/23.0.2/lib/dx.jar
7f1e54bc7000-7f1e54bdb000 rw-p 00000000 00:00 0 
7f1e54bdb000-7f1e54be3000 rw-s 00000000 00:21 457271                     /tmp/hsperfdata_youngbin/5980
7f1e54be3000-7f1e54be4000 rw-p 00000000 00:00 0 
7f1e54be4000-7f1e54be5000 ---p 00000000 00:00 0 
7f1e54be5000-7f1e54be6000 rw-p 00000000 00:00 0 
7f1e54be6000-7f1e54be7000 r--p 00023000 08:06 134280                     /usr/lib/ld-2.23.so
7f1e54be7000-7f1e54be8000 rw-p 00024000 08:06 134280                     /usr/lib/ld-2.23.so
7f1e54be8000-7f1e54be9000 rw-p 00000000 00:00 0 
7ffd6a564000-7ffd6a585000 rw-p 00000000 00:00 0                          [stack]
7ffd6a5f2000-7ffd6a5f4000 r--p 00000000 00:00 0                          [vvar]
7ffd6a5f4000-7ffd6a5f6000 r-xp 00000000 00:00 0                          [vdso]
ffffffffff600000-ffffffffff601000 r-xp 00000000 00:00 0                  [vsyscall]

VM Arguments:
jvm_args: -Djava.awt.headless=true -Xmx1024M -Dfile.encoding=UTF-8 -Duser.country=KR -Duser.language=ko -Duser.variant 
java_command: com.android.dx.command.Main --dex --num-threads=4 --multi-dex --main-dex-list /home/youngbin/shipped-android/app/build/intermediates/multi-dex/debug/maindexlist.txt --output /home/youngbin/shipped-android/app/build/intermediates/transforms/dex/debug/folders/1000/1f/main /home/youngbin/shipped-android/app/build/intermediates/transforms/jarMerging/debug/jars/1/1f/combined.jar
java_class_path (initial): /home/youngbin/Android/Sdk/build-tools/23.0.2/lib/dx.jar
Launcher Type: SUN_STANDARD

Environment Variables:
PATH=/usr/local/sbin:/usr/local/bin:/usr/bin:/usr/lib/jvm/default/bin:/usr/bin/site_perl:/usr/bin/vendor_perl:/usr/bin/core_perl
USERNAME=youngbin
LD_LIBRARY_PATH=/home/youngbin/android-studio/bin:
SHELL=/usr/bin/fish
DISPLAY=:1

Signal Handlers:
SIGSEGV: [libjvm.so+0xabb070], sa_mask[0]=11111111011111111101111111111110, sa_flags=SA_RESTART|SA_SIGINFO
SIGBUS: [libjvm.so+0xabb070], sa_mask[0]=11111111011111111101111111111110, sa_flags=SA_RESTART|SA_SIGINFO
SIGFPE: [libjvm.so+0x918480], sa_mask[0]=11111111011111111101111111111110, sa_flags=SA_RESTART|SA_SIGINFO
SIGPIPE: [libjvm.so+0x918480], sa_mask[0]=11111111011111111101111111111110, sa_flags=SA_RESTART|SA_SIGINFO
SIGXFSZ: [libjvm.so+0x918480], sa_mask[0]=11111111011111111101111111111110, sa_flags=SA_RESTART|SA_SIGINFO
SIGILL: [libjvm.so+0x918480], sa_mask[0]=11111111011111111101111111111110, sa_flags=SA_RESTART|SA_SIGINFO
SIGUSR1: SIG_DFL, sa_mask[0]=00000000000000000000000000000000, sa_flags=none
SIGUSR2: [libjvm.so+0x919ab0], sa_mask[0]=00100000000000000000000000000000, sa_flags=SA_RESTART|SA_SIGINFO
SIGHUP: [libjvm.so+0x91aeb0], sa_mask[0]=11111111011111111101111111111110, sa_flags=SA_RESTART|SA_SIGINFO
SIGINT: [libjvm.so+0x91aeb0], sa_mask[0]=11111111011111111101111111111110, sa_flags=SA_RESTART|SA_SIGINFO
SIGTERM: [libjvm.so+0x91aeb0], sa_mask[0]=11111111011111111101111111111110, sa_flags=SA_RESTART|SA_SIGINFO
SIGQUIT: [libjvm.so+0x91aeb0], sa_mask[0]=11111111011111111101111111111110, sa_flags=SA_RESTART|SA_SIGINFO


---------------  S Y S T E M  ---------------

OS:NAME="Antergos Linux"
VERSION="2015.12-ISO-Rolling"
ID="antergos"
ID_LIKE="arch"
PRETTY_NAME="Antergos Linux"
CPE_NAME="cpe:/o:antergosproject:antergos:2015.12"
ANSI_COLOR="1;34;40"
HOME_URL="https://antergos.com/"
SUPPORT_URL="https://forum.antergos.com/"
BUG_REPORT_URL="https://github.com/antergos"


uname:Linux 4.4.1-2-ARCH #1 SMP PREEMPT Wed Feb 3 13:12:33 UTC 2016 x86_64
libc:glibc 2.23 NPTL 2.23 
rlimit: STACK 8192k, CORE infinity, NPROC 14900, NOFILE 4096, AS infinity
load average:6.17 1.98 0.92

/proc/meminfo:
MemTotal:        4007080 kB
MemFree:           28936 kB
MemAvailable:      61444 kB
Buffers:             968 kB
Cached:            87600 kB
SwapCached:            0 kB
Active:          3682092 kB
Inactive:          64636 kB
Active(anon):    3661380 kB
Inactive(anon):    50848 kB
Active(file):      20712 kB
Inactive(file):    13788 kB
Unevictable:          80 kB
Mlocked:        34359738448 kB
SwapTotal:             0 kB
SwapFree:              0 kB
Dirty:               140 kB
Writeback:             0 kB
AnonPages:       3659092 kB
Mapped:            76548 kB
Shmem:             53132 kB
Slab:              66464 kB
SReclaimable:      27588 kB
SUnreclaim:        38876 kB
KernelStack:       11904 kB
PageTables:        54068 kB
NFS_Unstable:          0 kB
Bounce:                0 kB
WritebackTmp:          0 kB
CommitLimit:     2003540 kB
Committed_AS:    9095948 kB
VmallocTotal:   34359738367 kB
VmallocUsed:           0 kB
VmallocChunk:          0 kB
HardwareCorrupted:     0 kB
AnonHugePages:    997376 kB
HugePages_Total:       0
HugePages_Free:        0
HugePages_Rsvd:        0
HugePages_Surp:        0
Hugepagesize:       2048 kB
DirectMap4k:      158096 kB
DirectMap2M:     3991552 kB


CPU:total 4 (2 cores per cpu, 2 threads per core) family 6 model 42 stepping 7, cmov, cx8, fxsr, mmx, sse, sse2, sse3, ssse3, sse4.1, sse4.2, popcnt, avx, clmul, ht, tsc, tscinvbit

/proc/cpuinfo:
processor	: 0
vendor_id	: GenuineIntel
cpu family	: 6
model		: 42
model name	: Intel(R) Core(TM) i3-2120 CPU @ 3.30GHz
stepping	: 7
microcode	: 0x26
cpu MHz		: 1949.964
cache size	: 3072 KB
physical id	: 0
siblings	: 4
core id		: 0
cpu cores	: 2
apicid		: 0
initial apicid	: 0
fpu		: yes
fpu_exception	: yes
cpuid level	: 13
wp		: yes
flags		: fpu vme de pse tsc msr pae mce cx8 apic sep mtrr pge mca cmov pat pse36 clflush dts acpi mmx fxsr sse sse2 ss ht tm pbe syscall nx rdtscp lm constant_tsc arch_perfmon pebs bts rep_good nopl xtopology nonstop_tsc aperfmperf eagerfpu pni pclmulqdq dtes64 monitor ds_cpl vmx est tm2 ssse3 cx16 xtpr pdcm pcid sse4_1 sse4_2 popcnt tsc_deadline_timer xsave avx lahf_lm arat epb pln pts dtherm tpr_shadow vnmi flexpriority ept vpid xsaveopt
bugs		:
bogomips	: 6602.91
clflush size	: 64
cache_alignment	: 64
address sizes	: 36 bits physical, 48 bits virtual
power management:

processor	: 1
vendor_id	: GenuineIntel
cpu family	: 6
model		: 42
model name	: Intel(R) Core(TM) i3-2120 CPU @ 3.30GHz
stepping	: 7
microcode	: 0x26
cpu MHz		: 2227.886
cache size	: 3072 KB
physical id	: 0
siblings	: 4
core id		: 1
cpu cores	: 2
apicid		: 2
initial apicid	: 2
fpu		: yes
fpu_exception	: yes
cpuid level	: 13
wp		: yes
flags		: fpu vme de pse tsc msr pae mce cx8 apic sep mtrr pge mca cmov pat pse36 clflush dts acpi mmx fxsr sse sse2 ss ht tm pbe syscall nx rdtscp lm constant_tsc arch_perfmon pebs bts rep_good nopl xtopology nonstop_tsc aperfmperf eagerfpu pni pclmulqdq dtes64 monitor ds_cpl vmx est tm2 ssse3 cx16 xtpr pdcm pcid sse4_1 sse4_2 popcnt tsc_deadline_timer xsave avx lahf_lm arat epb pln pts dtherm tpr_shadow vnmi flexpriority ept vpid xsaveopt
bugs		:
bogomips	: 6602.91
clflush size	: 64
cache_alignment	: 64
address sizes	: 36 bits physical, 48 bits virtual
power management:

processor	: 2
vendor_id	: GenuineIntel
cpu family	: 6
model		: 42
model name	: Intel(R) Core(TM) i3-2120 CPU @ 3.30GHz
stepping	: 7
microcode	: 0x26
cpu MHz		: 2061.339
cache size	: 3072 KB
physical id	: 0
siblings	: 4
core id		: 0
cpu cores	: 2
apicid		: 1
initial apicid	: 1
fpu		: yes
fpu_exception	: yes
cpuid level	: 13
wp		: yes
flags		: fpu vme de pse tsc msr pae mce cx8 apic sep mtrr pge mca cmov pat pse36 clflush dts acpi mmx fxsr sse sse2 ss ht tm pbe syscall nx rdtscp lm constant_tsc arch_perfmon pebs bts rep_good nopl xtopology nonstop_tsc aperfmperf eagerfpu pni pclmulqdq dtes64 monitor ds_cpl vmx est tm2 ssse3 cx16 xtpr pdcm pcid sse4_1 sse4_2 popcnt tsc_deadline_timer xsave avx lahf_lm arat epb pln pts dtherm tpr_shadow vnmi flexpriority ept vpid xsaveopt
bugs		:
bogomips	: 6602.91
clflush size	: 64
cache_alignment	: 64
address sizes	: 36 bits physical, 48 bits virtual
power management:

processor	: 3
vendor_id	: GenuineIntel
cpu family	: 6
model		: 42
model name	: Intel(R) Core(TM) i3-2120 CPU @ 3.30GHz
stepping	: 7
microcode	: 0x26
cpu MHz		: 2473.324
cache size	: 3072 KB
physical id	: 0
siblings	: 4
core id		: 1
cpu cores	: 2
apicid		: 3
initial apicid	: 3
fpu		: yes
fpu_exception	: yes
cpuid level	: 13
wp		: yes
flags		: fpu vme de pse tsc msr pae mce cx8 apic sep mtrr pge mca cmov pat pse36 clflush dts acpi mmx fxsr sse sse2 ss ht tm pbe syscall nx rdtscp lm constant_tsc arch_perfmon pebs bts rep_good nopl xtopology nonstop_tsc aperfmperf eagerfpu pni pclmulqdq dtes64 monitor ds_cpl vmx est tm2 ssse3 cx16 xtpr pdcm pcid sse4_1 sse4_2 popcnt tsc_deadline_timer xsave avx lahf_lm arat epb pln pts dtherm tpr_shadow vnmi flexpriority ept vpid xsaveopt
bugs		:
bogomips	: 6602.91
clflush size	: 64
cache_alignment	: 64
address sizes	: 36 bits physical, 48 bits virtual
power management:



Memory: 4k page, physical 4007080k(28936k free), swap 0k(0k free)

vm_info: Java HotSpot(TM) 64-Bit Server VM (25.72-b15) for linux-amd64 JRE (1.8.0_72-b15), built on Dec 22 2015 22:00:07 by "java_re" with gcc 4.3.0 20080428 (Red Hat 4.3.0-8)

time: Tue Feb 23 22:00:39 2016
elapsed time: 7 seconds (0d 0h 0m 7s)

