#
# There is insufficient memory for the Java Runtime Environment to continue.
# Native memory allocation (mmap) failed to map 143654912 bytes for committing reserved memory.
# Possible reasons:
#   The system is out of physical RAM or swap space
#   In 32 bit mode, the process size limit was hit
# Possible solutions:
#   Reduce memory load on the system
#   Increase physical memory or swap space
#   Check if swap backing store is full
#   Use 64 bit Java on a 64 bit OS
#   Decrease Java heap size (-Xmx/-Xms)
#   Decrease number of Java threads
#   Decrease Java thread stack sizes (-Xss)
#   Set larger code cache with -XX:ReservedCodeCacheSize=
# This output file may be truncated or incomplete.
#
#  Out of Memory Error (os_linux.cpp:2627), pid=4019, tid=140181171169024
#
# JRE version: Java(TM) SE Runtime Environment (8.0_72-b15) (build 1.8.0_72-b15)
# Java VM: Java HotSpot(TM) 64-Bit Server VM (25.72-b15 mixed mode linux-amd64 compressed oops)
# Failed to write core dump. Core dumps have been disabled. To enable core dumping, try "ulimit -c unlimited" before starting Java again
#

---------------  T H R E A D  ---------------

Current thread (0x00007f7e8c076800):  VMThread [stack: 0x00007f7e78d96000,0x00007f7e78e97000] [id=4034]

Stack: [0x00007f7e78d96000,0x00007f7e78e97000],  sp=0x00007f7e78e94fa0,  free space=1019k
Native frames: (J=compiled Java code, j=interpreted, Vv=VM code, C=native code)
V  [libjvm.so+0xaba7ea]  VMError::report_and_die()+0x2ba
V  [libjvm.so+0x4f9e3b]  report_vm_out_of_memory(char const*, int, unsigned long, VMErrorType, char const*)+0x8b
V  [libjvm.so+0x91b613]  os::Linux::commit_memory_impl(char*, unsigned long, bool)+0x103
V  [libjvm.so+0x91bb69]  os::pd_commit_memory(char*, unsigned long, unsigned long, bool)+0x29
V  [libjvm.so+0x915e6a]  os::commit_memory(char*, unsigned long, unsigned long, bool)+0x2a
V  [libjvm.so+0x989543]  PSVirtualSpace::expand_by(unsigned long)+0x53
V  [libjvm.so+0x98a948]  PSYoungGen::resize_generation(unsigned long, unsigned long)+0xf8
V  [libjvm.so+0x989aa2]  PSYoungGen::resize(unsigned long, unsigned long)+0x22
V  [libjvm.so+0x986d7b]  PSScavenge::invoke_no_policy()+0xf3b
V  [libjvm.so+0x987501]  PSScavenge::invoke()+0x41
V  [libjvm.so+0x93f300]  ParallelScavengeHeap::failed_mem_allocate(unsigned long)+0x70
V  [libjvm.so+0xabc207]  VM_ParallelGCFailedAllocation::doit()+0x97
V  [libjvm.so+0xac3c35]  VM_Operation::evaluate()+0x55
V  [libjvm.so+0xac200a]  VMThread::evaluate_operation(VM_Operation*)+0xba
V  [libjvm.so+0xac238e]  VMThread::loop()+0x1ce
V  [libjvm.so+0xac2800]  VMThread::run()+0x70
V  [libjvm.so+0x91d9d8]  java_start(Thread*)+0x108

VM_Operation (0x00007f7e784037e0): ParallelGCFailedAllocation, mode: safepoint, requested by thread 0x00007f7e8c200000


---------------  P R O C E S S  ---------------

Java Threads: ( => current thread )
  0x00007f7e8c206800 JavaThread "pool-2-thread-4" [_thread_blocked, id=4052, stack(0x00007f7e3beff000,0x00007f7e3c000000)]
  0x00007f7e8c205000 JavaThread "pool-2-thread-3" [_thread_blocked, id=4051, stack(0x00007f7e78002000,0x00007f7e78103000)]
  0x00007f7e8c203800 JavaThread "pool-2-thread-2" [_thread_blocked, id=4050, stack(0x00007f7e78103000,0x00007f7e78204000)]
  0x00007f7e8c202000 JavaThread "pool-3-thread-1" [_thread_blocked, id=4049, stack(0x00007f7e78204000,0x00007f7e78305000)]
  0x00007f7e8c200000 JavaThread "pool-2-thread-1" [_thread_blocked, id=4048, stack(0x00007f7e78305000,0x00007f7e78406000)]
  0x00007f7e8c0be800 JavaThread "Service Thread" daemon [_thread_blocked, id=4041, stack(0x00007f7e7853f000,0x00007f7e78640000)]
  0x00007f7e8c0bb800 JavaThread "C1 CompilerThread2" daemon [_thread_blocked, id=4040, stack(0x00007f7e78640000,0x00007f7e78741000)]
  0x00007f7e8c0ba000 JavaThread "C2 CompilerThread1" daemon [_thread_blocked, id=4039, stack(0x00007f7e78741000,0x00007f7e78842000)]
  0x00007f7e8c0b7000 JavaThread "C2 CompilerThread0" daemon [_thread_blocked, id=4038, stack(0x00007f7e78842000,0x00007f7e78943000)]
  0x00007f7e8c0b5800 JavaThread "Signal Dispatcher" daemon [_thread_blocked, id=4037, stack(0x00007f7e78943000,0x00007f7e78a44000)]
  0x00007f7e8c082800 JavaThread "Finalizer" daemon [_thread_blocked, id=4036, stack(0x00007f7e78b94000,0x00007f7e78c95000)]
  0x00007f7e8c07e000 JavaThread "Reference Handler" daemon [_thread_blocked, id=4035, stack(0x00007f7e78c95000,0x00007f7e78d96000)]
  0x00007f7e8c008800 JavaThread "main" [_thread_blocked, id=4023, stack(0x00007f7e92df1000,0x00007f7e92ef2000)]

Other Threads:
=>0x00007f7e8c076800 VMThread [stack: 0x00007f7e78d96000,0x00007f7e78e97000] [id=4034]
  0x00007f7e8c0c1800 WatcherThread [stack: 0x00007f7e7843e000,0x00007f7e7853f000] [id=4042]

VM state:at safepoint (normal execution)

VM Mutex/Monitor currently owned by a thread:  ([mutex/lock_event])
[0x00007f7e8c0064a0] Threads_lock - owner thread: 0x00007f7e8c076800
[0x00007f7e8c0069a0] Heap_lock - owner thread: 0x00007f7e8c200000

Heap:
 PSYoungGen      total 140800K, used 16877K [0x00000000eab00000, 0x00000000f4800000, 0x0000000100000000)
  eden space 123904K, 0% used [0x00000000eab00000,0x00000000eab00000,0x00000000f2400000)
  from space 16896K, 99% used [0x00000000f2400000,0x00000000f347b648,0x00000000f3480000)
  to   space 13824K, 0% used [0x00000000f3480000,0x00000000f3480000,0x00000000f4200000)
 ParOldGen       total 42496K, used 30881K [0x00000000c0000000, 0x00000000c2980000, 0x00000000eab00000)
  object space 42496K, 72% used [0x00000000c0000000,0x00000000c1e28500,0x00000000c2980000)
 Metaspace       used 6165K, capacity 7088K, committed 7296K, reserved 1056768K
  class space    used 594K, capacity 616K, committed 640K, reserved 1048576K

Card table byte_map: [0x00007f7e9001a000,0x00007f7e9021b000] byte_map_base: 0x00007f7e8fa1a000

Marking Bits: (ParMarkBitMap*) 0x00007f7e922fe100
 Begin Bits: [0x00007f7e7aaa6000, 0x00007f7e7baa6000)
 End Bits:   [0x00007f7e7baa6000, 0x00007f7e7caa6000)

Polling page: 0x00007f7e92f23000

CodeCache: size=245760Kb used=6679Kb max_used=6679Kb free=239080Kb
 bounds [0x00007f7e7d000000, 0x00007f7e7d690000, 0x00007f7e8c000000]
 total_blobs=2003 nmethods=1735 adapters=182
 compilation: enabled

Compilation events (10 events):
Event: 3.374 Thread 0x00007f7e8c0bb800 nmethod 1901 0x00007f7e7d685790 code [0x00007f7e7d685980, 0x00007f7e7d686018]
Event: 3.374 Thread 0x00007f7e8c0bb800 1895       2       com.android.dx.rop.annotation.Annotations::addAll (59 bytes)
Event: 3.375 Thread 0x00007f7e8c0bb800 nmethod 1895 0x00007f7e7d686650 code [0x00007f7e7d686820, 0x00007f7e7d686cd8]
Event: 3.375 Thread 0x00007f7e8c0bb800 1894       2       com.android.dx.rop.cst.CstString::<init> (42 bytes)
Event: 3.375 Thread 0x00007f7e8c0bb800 nmethod 1894 0x00007f7e7d687010 code [0x00007f7e7d6871a0, 0x00007f7e7d6874b8]
Event: 3.375 Thread 0x00007f7e8c0bb800 1900       2       com.android.dx.cf.code.LocalVariableList::set (21 bytes)
Event: 3.394 Thread 0x00007f7e8c0bb800 nmethod 1900 0x00007f7e7d687690 code [0x00007f7e7d687860, 0x00007f7e7d687d78]
Event: 3.394 Thread 0x00007f7e8c0bb800 1906       2       com.android.dx.dex.cf.CfTranslator::translate0 (259 bytes)
Event: 3.408 Thread 0x00007f7e8c0bb800 nmethod 1906 0x00007f7e7d6882d0 code [0x00007f7e7d6885c0, 0x00007f7e7d689378]
Event: 3.409 Thread 0x00007f7e8c0bb800 1914 %     3       com.android.dx.cf.cst.ConstantPoolParser::parse @ 96 (365 bytes)

GC Heap History (10 events):
Event: 0.200 GC heap after
Heap after GC invocations=2 (full 0):
 PSYoungGen      total 34304K, used 928K [0x00000000eab00000, 0x00000000ecf00000, 0x0000000100000000)
  eden space 31744K, 0% used [0x00000000eab00000,0x00000000eab00000,0x00000000eca00000)
  from space 2560K, 36% used [0x00000000ecc80000,0x00000000ecd68020,0x00000000ecf00000)
  to   space 2560K, 0% used [0x00000000eca00000,0x00000000eca00000,0x00000000ecc80000)
 ParOldGen       total 42496K, used 0K [0x00000000c0000000, 0x00000000c2980000, 0x00000000eab00000)
  object space 42496K, 0% used [0x00000000c0000000,0x00000000c0000000,0x00000000c2980000)
 Metaspace       used 3340K, capacity 4720K, committed 4864K, reserved 1056768K
  class space    used 358K, capacity 424K, committed 512K, reserved 1048576K
}
Event: 1.044 GC heap before
{Heap before GC invocations=3 (full 0):
 PSYoungGen      total 34304K, used 32672K [0x00000000eab00000, 0x00000000ecf00000, 0x0000000100000000)
  eden space 31744K, 100% used [0x00000000eab00000,0x00000000eca00000,0x00000000eca00000)
  from space 2560K, 36% used [0x00000000ecc80000,0x00000000ecd68020,0x00000000ecf00000)
  to   space 2560K, 0% used [0x00000000eca00000,0x00000000eca00000,0x00000000ecc80000)
 ParOldGen       total 42496K, used 0K [0x00000000c0000000, 0x00000000c2980000, 0x00000000eab00000)
  object space 42496K, 0% used [0x00000000c0000000,0x00000000c0000000,0x00000000c2980000)
 Metaspace       used 5775K, capacity 6768K, committed 7040K, reserved 1056768K
  class space    used 591K, capacity 616K, committed 640K, reserved 1048576K
Event: 1.071 GC heap after
Heap after GC invocations=3 (full 0):
 PSYoungGen      total 34304K, used 2554K [0x00000000eab00000, 0x00000000eee00000, 0x0000000100000000)
  eden space 31744K, 0% used [0x00000000eab00000,0x00000000eab00000,0x00000000eca00000)
  from space 2560K, 99% used [0x00000000eca00000,0x00000000ecc7ea80,0x00000000ecc80000)
  to   space 2560K, 0% used [0x00000000eeb80000,0x00000000eeb80000,0x00000000eee00000)
 ParOldGen       total 42496K, used 4046K [0x00000000c0000000, 0x00000000c2980000, 0x00000000eab00000)
  object space 42496K, 9% used [0x00000000c0000000,0x00000000c03f3b98,0x00000000c2980000)
 Metaspace       used 5775K, capacity 6768K, committed 7040K, reserved 1056768K
  class space    used 591K, capacity 616K, committed 640K, reserved 1048576K
}
Event: 1.534 GC heap before
{Heap before GC invocations=4 (full 0):
 PSYoungGen      total 34304K, used 34298K [0x00000000eab00000, 0x00000000eee00000, 0x0000000100000000)
  eden space 31744K, 100% used [0x00000000eab00000,0x00000000eca00000,0x00000000eca00000)
  from space 2560K, 99% used [0x00000000eca00000,0x00000000ecc7ea80,0x00000000ecc80000)
  to   space 2560K, 0% used [0x00000000eeb80000,0x00000000eeb80000,0x00000000eee00000)
 ParOldGen       total 42496K, used 4046K [0x00000000c0000000, 0x00000000c2980000, 0x00000000eab00000)
  object space 42496K, 9% used [0x00000000c0000000,0x00000000c03f3b98,0x00000000c2980000)
 Metaspace       used 5892K, capacity 6832K, committed 7040K, reserved 1056768K
  class space    used 593K, capacity 616K, committed 640K, reserved 1048576K
Event: 1.560 GC heap after
Heap after GC invocations=4 (full 0):
 PSYoungGen      total 66048K, used 2552K [0x00000000eab00000, 0x00000000eee00000, 0x0000000100000000)
  eden space 63488K, 0% used [0x00000000eab00000,0x00000000eab00000,0x00000000ee900000)
  from space 2560K, 99% used [0x00000000eeb80000,0x00000000eedfe3f8,0x00000000eee00000)
  to   space 2560K, 0% used [0x00000000ee900000,0x00000000ee900000,0x00000000eeb80000)
 ParOldGen       total 42496K, used 9131K [0x00000000c0000000, 0x00000000c2980000, 0x00000000eab00000)
  object space 42496K, 21% used [0x00000000c0000000,0x00000000c08eaea8,0x00000000c2980000)
 Metaspace       used 5892K, capacity 6832K, committed 7040K, reserved 1056768K
  class space    used 593K, capacity 616K, committed 640K, reserved 1048576K
}
Event: 2.080 GC heap before
{Heap before GC invocations=5 (full 0):
 PSYoungGen      total 66048K, used 66040K [0x00000000eab00000, 0x00000000eee00000, 0x0000000100000000)
  eden space 63488K, 100% used [0x00000000eab00000,0x00000000ee900000,0x00000000ee900000)
  from space 2560K, 99% used [0x00000000eeb80000,0x00000000eedfe3f8,0x00000000eee00000)
  to   space 2560K, 0% used [0x00000000ee900000,0x00000000ee900000,0x00000000eeb80000)
 ParOldGen       total 42496K, used 9131K [0x00000000c0000000, 0x00000000c2980000, 0x00000000eab00000)
  object space 42496K, 21% used [0x00000000c0000000,0x00000000c08eaea8,0x00000000c2980000)
 Metaspace       used 5947K, capacity 6896K, committed 7040K, reserved 1056768K
  class space    used 593K, capacity 616K, committed 640K, reserved 1048576K
Event: 2.131 GC heap after
Heap after GC invocations=5 (full 0):
 PSYoungGen      total 66048K, used 2543K [0x00000000eab00000, 0x00000000f4200000, 0x0000000100000000)
  eden space 63488K, 0% used [0x00000000eab00000,0x00000000eab00000,0x00000000ee900000)
  from space 2560K, 99% used [0x00000000ee900000,0x00000000eeb7be20,0x00000000eeb80000)
  to   space 13824K, 0% used [0x00000000f3480000,0x00000000f3480000,0x00000000f4200000)
 ParOldGen       total 42496K, used 18352K [0x00000000c0000000, 0x00000000c2980000, 0x00000000eab00000)
  object space 42496K, 43% used [0x00000000c0000000,0x00000000c11ec2b8,0x00000000c2980000)
 Metaspace       used 5947K, capacity 6896K, committed 7040K, reserved 1056768K
  class space    used 593K, capacity 616K, committed 640K, reserved 1048576K
}
Event: 2.567 GC heap before
{Heap before GC invocations=6 (full 0):
 PSYoungGen      total 66048K, used 66031K [0x00000000eab00000, 0x00000000f4200000, 0x0000000100000000)
  eden space 63488K, 100% used [0x00000000eab00000,0x00000000ee900000,0x00000000ee900000)
  from space 2560K, 99% used [0x00000000ee900000,0x00000000eeb7be20,0x00000000eeb80000)
  to   space 13824K, 0% used [0x00000000f3480000,0x00000000f3480000,0x00000000f4200000)
 ParOldGen       total 42496K, used 18352K [0x00000000c0000000, 0x00000000c2980000, 0x00000000eab00000)
  object space 42496K, 43% used [0x00000000c0000000,0x00000000c11ec2b8,0x00000000c2980000)
 Metaspace       used 6019K, capacity 6960K, committed 7040K, reserved 1056768K
  class space    used 593K, capacity 616K, committed 640K, reserved 1048576K
Event: 2.599 GC heap after
Heap after GC invocations=6 (full 0):
 PSYoungGen      total 137728K, used 13082K [0x00000000eab00000, 0x00000000f4800000, 0x0000000100000000)
  eden space 123904K, 0% used [0x00000000eab00000,0x00000000eab00000,0x00000000f2400000)
  from space 13824K, 94% used [0x00000000f3480000,0x00000000f4146810,0x00000000f4200000)
  to   space 16896K, 0% used [0x00000000f2400000,0x00000000f2400000,0x00000000f3480000)
 ParOldGen       total 42496K, used 18352K [0x00000000c0000000, 0x00000000c2980000, 0x00000000eab00000)
  object space 42496K, 43% used [0x00000000c0000000,0x00000000c11ec2b8,0x00000000c2980000)
 Metaspace       used 6019K, capacity 6960K, committed 7040K, reserved 1056768K
  class space    used 593K, capacity 616K, committed 640K, reserved 1048576K
}
Event: 3.426 GC heap before
{Heap before GC invocations=7 (full 0):
 PSYoungGen      total 137728K, used 136986K [0x00000000eab00000, 0x00000000f4800000, 0x0000000100000000)
  eden space 123904K, 100% used [0x00000000eab00000,0x00000000f2400000,0x00000000f2400000)
  from space 13824K, 94% used [0x00000000f3480000,0x00000000f4146810,0x00000000f4200000)
  to   space 16896K, 0% used [0x00000000f2400000,0x00000000f2400000,0x00000000f3480000)
 ParOldGen       total 42496K, used 18352K [0x00000000c0000000, 0x00000000c2980000, 0x00000000eab00000)
  object space 42496K, 43% used [0x00000000c0000000,0x00000000c11ec2b8,0x00000000c2980000)
 Metaspace       used 6165K, capacity 7088K, committed 7296K, reserved 1056768K
  class space    used 594K, capacity 616K, committed 640K, reserved 1048576K

Deoptimization events (10 events):
Event: 1.189 Thread 0x00007f7e8c008800 Uncommon trap: reason=bimorphic action=maybe_recompile pc=0x00007f7e7d223dc0 method=java.util.HashMap.getNode(ILjava/lang/Object;)Ljava/util/HashMap$Node; @ 126
Event: 1.190 Thread 0x00007f7e8c008800 Uncommon trap: reason=bimorphic action=maybe_recompile pc=0x00007f7e7d223dc0 method=java.util.HashMap.getNode(ILjava/lang/Object;)Ljava/util/HashMap$Node; @ 126
Event: 1.271 Thread 0x00007f7e8c008800 Uncommon trap: reason=bimorphic action=maybe_recompile pc=0x00007f7e7d223dc0 method=java.util.HashMap.getNode(ILjava/lang/Object;)Ljava/util/HashMap$Node; @ 126
Event: 1.271 Thread 0x00007f7e8c008800 Uncommon trap: reason=bimorphic action=maybe_recompile pc=0x00007f7e7d223dc0 method=java.util.HashMap.getNode(ILjava/lang/Object;)Ljava/util/HashMap$Node; @ 126
Event: 1.343 Thread 0x00007f7e8c200000 Uncommon trap: reason=unstable_if action=reinterpret pc=0x00007f7e7d314970 method=com.android.dx.rop.code.RegisterSpec.equals(ILcom/android/dx/rop/type/TypeBearer;Lcom/android/dx/rop/code/LocalItem;)Z @ 42
Event: 1.367 Thread 0x00007f7e8c200000 Uncommon trap: reason=unstable_if action=reinterpret pc=0x00007f7e7d2d8290 method=com.android.dx.rop.code.RegisterSpecSet.put(Lcom/android/dx/rop/code/RegisterSpec;)V @ 77
Event: 1.367 Thread 0x00007f7e8c200000 Uncommon trap: reason=unstable_if action=reinterpret pc=0x00007f7e7d3333c0 method=com.android.dx.rop.code.RegisterSpecSet.put(Lcom/android/dx/rop/code/RegisterSpec;)V @ 77
Event: 1.674 Thread 0x00007f7e8c203800 Uncommon trap: reason=null_check action=make_not_entrant pc=0x00007f7e7d325248 method=com.android.dx.ssa.SsaRenamer.getLocalForNewReg(I)Lcom/android/dx/rop/code/LocalItem; @ 19
Event: 1.867 Thread 0x00007f7e8c205000 Uncommon trap: reason=null_check action=make_not_entrant pc=0x00007f7e7d2ccd40 method=com.android.dx.ssa.SsaRenamer.getLocalForNewReg(I)Lcom/android/dx/rop/code/LocalItem; @ 19
Event: 2.918 Thread 0x00007f7e8c203800 Uncommon trap: reason=unstable_if action=reinterpret pc=0x00007f7e7d411d84 method=com.android.dx.util.IntList.binarysearch(I)I @ 105

Internal exceptions (4 events):
Event: 0.024 Thread 0x00007f7e8c008800 Exception <a 'java/lang/NoSuchMethodError': Method sun.misc.Unsafe.defineClass(Ljava/lang/String;[BII)Ljava/lang/Class; name or signature does not match> (0x00000000eab07cc0) thrown at [/HUDSON/workspace/8-2-build-linux-amd64/jdk8u72/5732/hotspot/src/shar
Event: 0.025 Thread 0x00007f7e8c008800 Exception <a 'java/lang/NoSuchMethodError': Method sun.misc.Unsafe.prefetchRead(Ljava/lang/Object;J)V name or signature does not match> (0x00000000eab07fa8) thrown at [/HUDSON/workspace/8-2-build-linux-amd64/jdk8u72/5732/hotspot/src/share/vm/prims/jni.cpp
Event: 1.674 Thread 0x00007f7e8c203800 Implicit null exception at 0x00007f7e7d322c05 to 0x00007f7e7d325201
Event: 1.867 Thread 0x00007f7e8c205000 Implicit null exception at 0x00007f7e7d2ca269 to 0x00007f7e7d2ccd1d

Events (10 events):
Event: 3.303 Thread 0x00007f7e8c206800 DEOPT UNPACKING pc=0x00007f7e7d047633 sp=0x00007f7e3bffdc48 mode 0
Event: 3.311 Thread 0x00007f7e8c008800 DEOPT PACKING pc=0x00007f7e7d31dcab sp=0x00007f7e92eef700
Event: 3.311 Thread 0x00007f7e8c008800 DEOPT UNPACKING pc=0x00007f7e7d047633 sp=0x00007f7e92eef4a8 mode 0
Event: 3.343 Thread 0x00007f7e8c008800 DEOPT PACKING pc=0x00007f7e7d5ccb5c sp=0x00007f7e92eef850
Event: 3.343 Thread 0x00007f7e8c008800 DEOPT UNPACKING pc=0x00007f7e7d047633 sp=0x00007f7e92eef610 mode 0
Event: 3.359 Thread 0x00007f7e8c203800 DEOPT PACKING pc=0x00007f7e7d30e0f7 sp=0x00007f7e78201e60
Event: 3.359 Thread 0x00007f7e8c203800 DEOPT UNPACKING pc=0x00007f7e7d047633 sp=0x00007f7e78201bf0 mode 0
Event: 3.384 Thread 0x00007f7e8c203800 DEOPT PACKING pc=0x00007f7e7d2d6a60 sp=0x00007f7e78201dc0
Event: 3.384 Thread 0x00007f7e8c203800 DEOPT UNPACKING pc=0x00007f7e7d047633 sp=0x00007f7e78201bc0 mode 0
Event: 3.418 Executing VM operation: ParallelGCFailedAllocation


Dynamic libraries:
00400000-00401000 r-xp 00000000 08:06 399874                             /usr/lib/jvm/java-8-jdk/jre/bin/java
00600000-00601000 rw-p 00000000 08:06 399874                             /usr/lib/jvm/java-8-jdk/jre/bin/java
01896000-018b7000 rw-p 00000000 00:00 0                                  [heap]
c0000000-c2980000 rw-p 00000000 00:00 0 
c2980000-eab00000 ---p 00000000 00:00 0 
eab00000-f4800000 rw-p 00000000 00:00 0 
fd100000-100000000 ---p 00000000 00:00 0 
100000000-1000a0000 rw-p 00000000 00:00 0 
1000a0000-140000000 ---p 00000000 00:00 0 
7f7e28000000-7f7e28021000 rw-p 00000000 00:00 0 
7f7e28021000-7f7e2c000000 ---p 00000000 00:00 0 
7f7e30000000-7f7e3003a000 rw-p 00000000 00:00 0 
7f7e3003a000-7f7e34000000 ---p 00000000 00:00 0 
7f7e34000000-7f7e3403f000 rw-p 00000000 00:00 0 
7f7e3403f000-7f7e38000000 ---p 00000000 00:00 0 
7f7e3bed8000-7f7e3beff000 r--p 00000000 08:06 133207                     /usr/share/locale/ko/LC_MESSAGES/libc.mo
7f7e3beff000-7f7e3bf02000 ---p 00000000 00:00 0 
7f7e3bf02000-7f7e3c000000 rw-p 00000000 00:00 0                          [stack:4052]
7f7e3c000000-7f7e3c03d000 rw-p 00000000 00:00 0 
7f7e3c03d000-7f7e40000000 ---p 00000000 00:00 0 
7f7e40000000-7f7e40021000 rw-p 00000000 00:00 0 
7f7e40021000-7f7e44000000 ---p 00000000 00:00 0 
7f7e44000000-7f7e44021000 rw-p 00000000 00:00 0 
7f7e44021000-7f7e48000000 ---p 00000000 00:00 0 
7f7e48000000-7f7e48021000 rw-p 00000000 00:00 0 
7f7e48021000-7f7e4c000000 ---p 00000000 00:00 0 
7f7e4c000000-7f7e4ca92000 rw-p 00000000 00:00 0 
7f7e4ca92000-7f7e50000000 ---p 00000000 00:00 0 
7f7e50000000-7f7e50843000 rw-p 00000000 00:00 0 
7f7e50843000-7f7e54000000 ---p 00000000 00:00 0 
7f7e54000000-7f7e54021000 rw-p 00000000 00:00 0 
7f7e54021000-7f7e58000000 ---p 00000000 00:00 0 
7f7e58000000-7f7e58670000 rw-p 00000000 00:00 0 
7f7e58670000-7f7e5c000000 ---p 00000000 00:00 0 
7f7e5c000000-7f7e5c021000 rw-p 00000000 00:00 0 
7f7e5c021000-7f7e60000000 ---p 00000000 00:00 0 
7f7e60000000-7f7e60021000 rw-p 00000000 00:00 0 
7f7e60021000-7f7e64000000 ---p 00000000 00:00 0 
7f7e64000000-7f7e64021000 rw-p 00000000 00:00 0 
7f7e64021000-7f7e68000000 ---p 00000000 00:00 0 
7f7e68000000-7f7e682bc000 rw-p 00000000 00:00 0 
7f7e682bc000-7f7e6c000000 ---p 00000000 00:00 0 
7f7e6c000000-7f7e6c021000 rw-p 00000000 00:00 0 
7f7e6c021000-7f7e70000000 ---p 00000000 00:00 0 
7f7e70000000-7f7e70021000 rw-p 00000000 00:00 0 
7f7e70021000-7f7e74000000 ---p 00000000 00:00 0 
7f7e74000000-7f7e74021000 rw-p 00000000 00:00 0 
7f7e74021000-7f7e78000000 ---p 00000000 00:00 0 
7f7e78002000-7f7e78005000 ---p 00000000 00:00 0 
7f7e78005000-7f7e78103000 rw-p 00000000 00:00 0                          [stack:4051]
7f7e78103000-7f7e78106000 ---p 00000000 00:00 0 
7f7e78106000-7f7e78204000 rw-p 00000000 00:00 0                          [stack:4050]
7f7e78204000-7f7e78207000 ---p 00000000 00:00 0 
7f7e78207000-7f7e78305000 rw-p 00000000 00:00 0                          [stack:4049]
7f7e78305000-7f7e78308000 ---p 00000000 00:00 0 
7f7e78308000-7f7e78406000 rw-p 00000000 00:00 0                          [stack:4048]
7f7e78406000-7f7e7843e000 r--s 006af000 08:06 13238596                   /home/youngbin/mailtracker-android/app/build/intermediates/transforms/instantRunSlicer/debug/jars/1/1a/dependencies.jar
7f7e7843e000-7f7e7843f000 ---p 00000000 00:00 0 
7f7e7843f000-7f7e7853f000 rw-p 00000000 00:00 0                          [stack:4042]
7f7e7853f000-7f7e78542000 ---p 00000000 00:00 0 
7f7e78542000-7f7e78640000 rw-p 00000000 00:00 0                          [stack:4041]
7f7e78640000-7f7e78643000 ---p 00000000 00:00 0 
7f7e78643000-7f7e78741000 rw-p 00000000 00:00 0                          [stack:4040]
7f7e78741000-7f7e78744000 ---p 00000000 00:00 0 
7f7e78744000-7f7e78842000 rw-p 00000000 00:00 0                          [stack:4039]
7f7e78842000-7f7e78845000 ---p 00000000 00:00 0 
7f7e78845000-7f7e78943000 rw-p 00000000 00:00 0                          [stack:4038]
7f7e78943000-7f7e78946000 ---p 00000000 00:00 0 
7f7e78946000-7f7e78a44000 rw-p 00000000 00:00 0                          [stack:4037]
7f7e78a44000-7f7e78b94000 r--p 00000000 08:06 163465                     /usr/lib/locale/locale-archive
7f7e78b94000-7f7e78b97000 ---p 00000000 00:00 0 
7f7e78b97000-7f7e78c95000 rw-p 00000000 00:00 0                          [stack:4036]
7f7e78c95000-7f7e78c98000 ---p 00000000 00:00 0 
7f7e78c98000-7f7e78d96000 rw-p 00000000 00:00 0                          [stack:4035]
7f7e78d96000-7f7e78d97000 ---p 00000000 00:00 0 
7f7e78d97000-7f7e79e58000 rw-p 00000000 00:00 0                          [stack:4034]
7f7e79e58000-7f7e7a030000 r--s 03d1d000 08:06 399677                     /usr/lib/jvm/java-8-jdk/jre/lib/rt.jar
7f7e7a030000-7f7e7a726000 rw-p 00000000 00:00 0 
7f7e7a726000-7f7e7a8a6000 ---p 00000000 00:00 0 
7f7e7a8a6000-7f7e7caa6000 rw-p 00000000 00:00 0 
7f7e7caa6000-7f7e7caa7000 ---p 00000000 00:00 0 
7f7e7caa7000-7f7e7cba7000 rw-p 00000000 00:00 0                          [stack:4032]
7f7e7cba7000-7f7e7cba8000 ---p 00000000 00:00 0 
7f7e7cba8000-7f7e7cca8000 rw-p 00000000 00:00 0                          [stack:4031]
7f7e7cca8000-7f7e7cca9000 ---p 00000000 00:00 0 
7f7e7cca9000-7f7e7cda9000 rw-p 00000000 00:00 0                          [stack:4030]
7f7e7cda9000-7f7e7cdaa000 ---p 00000000 00:00 0 
7f7e7cdaa000-7f7e7cebf000 rw-p 00000000 00:00 0                          [stack:4029]
7f7e7cebf000-7f7e7d000000 ---p 00000000 00:00 0 
7f7e7d000000-7f7e7d690000 rwxp 00000000 00:00 0 
7f7e7d690000-7f7e8c000000 ---p 00000000 00:00 0 
7f7e8c000000-7f7e8c3a5000 rw-p 00000000 00:00 0 
7f7e8c3a5000-7f7e90000000 ---p 00000000 00:00 0 
7f7e9001a000-7f7e9002f000 rw-p 00000000 00:00 0 
7f7e9002f000-7f7e9016f000 ---p 00000000 00:00 0 
7f7e9016f000-7f7e901be000 rw-p 00000000 00:00 0 
7f7e901be000-7f7e9021a000 ---p 00000000 00:00 0 
7f7e9021a000-7f7e90236000 rw-p 00000000 00:00 0 
7f7e90236000-7f7e905db000 ---p 00000000 00:00 0 
7f7e905db000-7f7e905f5000 r-xp 00000000 08:06 399785                     /usr/lib/jvm/java-8-jdk/jre/lib/amd64/libzip.so
7f7e905f5000-7f7e907f5000 ---p 0001a000 08:06 399785                     /usr/lib/jvm/java-8-jdk/jre/lib/amd64/libzip.so
7f7e907f5000-7f7e907f6000 rw-p 0001a000 08:06 399785                     /usr/lib/jvm/java-8-jdk/jre/lib/amd64/libzip.so
7f7e907f6000-7f7e90801000 r-xp 00000000 08:06 134332                     /usr/lib/libnss_files-2.22.so
7f7e90801000-7f7e90a00000 ---p 0000b000 08:06 134332                     /usr/lib/libnss_files-2.22.so
7f7e90a00000-7f7e90a01000 r--p 0000a000 08:06 134332                     /usr/lib/libnss_files-2.22.so
7f7e90a01000-7f7e90a02000 rw-p 0000b000 08:06 134332                     /usr/lib/libnss_files-2.22.so
7f7e90a02000-7f7e90a08000 rw-p 00000000 00:00 0 
7f7e90a08000-7f7e90a32000 r-xp 00000000 08:06 399805                     /usr/lib/jvm/java-8-jdk/jre/lib/amd64/libjava.so
7f7e90a32000-7f7e90c32000 ---p 0002a000 08:06 399805                     /usr/lib/jvm/java-8-jdk/jre/lib/amd64/libjava.so
7f7e90c32000-7f7e90c34000 rw-p 0002a000 08:06 399805                     /usr/lib/jvm/java-8-jdk/jre/lib/amd64/libjava.so
7f7e90c34000-7f7e90c41000 r-xp 00000000 08:06 399791                     /usr/lib/jvm/java-8-jdk/jre/lib/amd64/libverify.so
7f7e90c41000-7f7e90e41000 ---p 0000d000 08:06 399791                     /usr/lib/jvm/java-8-jdk/jre/lib/amd64/libverify.so
7f7e90e41000-7f7e90e43000 rw-p 0000d000 08:06 399791                     /usr/lib/jvm/java-8-jdk/jre/lib/amd64/libverify.so
7f7e90e43000-7f7e90e4a000 r-xp 00000000 08:06 134341                     /usr/lib/librt-2.22.so
7f7e90e4a000-7f7e91049000 ---p 00007000 08:06 134341                     /usr/lib/librt-2.22.so
7f7e91049000-7f7e9104a000 r--p 00006000 08:06 134341                     /usr/lib/librt-2.22.so
7f7e9104a000-7f7e9104b000 rw-p 00007000 08:06 134341                     /usr/lib/librt-2.22.so
7f7e9104b000-7f7e91148000 r-xp 00000000 08:06 134338                     /usr/lib/libm-2.22.so
7f7e91148000-7f7e91347000 ---p 000fd000 08:06 134338                     /usr/lib/libm-2.22.so
7f7e91347000-7f7e91348000 r--p 000fc000 08:06 134338                     /usr/lib/libm-2.22.so
7f7e91348000-7f7e91349000 rw-p 000fd000 08:06 134338                     /usr/lib/libm-2.22.so
7f7e91349000-7f7e92008000 r-xp 00000000 08:06 530091                     /usr/lib/jvm/java-8-jdk/jre/lib/amd64/server/libjvm.so
7f7e92008000-7f7e92207000 ---p 00cbf000 08:06 530091                     /usr/lib/jvm/java-8-jdk/jre/lib/amd64/server/libjvm.so
7f7e92207000-7f7e922e0000 rw-p 00cbe000 08:06 530091                     /usr/lib/jvm/java-8-jdk/jre/lib/amd64/server/libjvm.so
7f7e922e0000-7f7e92329000 rw-p 00000000 00:00 0 
7f7e92329000-7f7e924c3000 r-xp 00000000 08:06 134279                     /usr/lib/libc-2.22.so
7f7e924c3000-7f7e926c3000 ---p 0019a000 08:06 134279                     /usr/lib/libc-2.22.so
7f7e926c3000-7f7e926c7000 r--p 0019a000 08:06 134279                     /usr/lib/libc-2.22.so
7f7e926c7000-7f7e926c9000 rw-p 0019e000 08:06 134279                     /usr/lib/libc-2.22.so
7f7e926c9000-7f7e926cd000 rw-p 00000000 00:00 0 
7f7e926cd000-7f7e926d0000 r-xp 00000000 08:06 134337                     /usr/lib/libdl-2.22.so
7f7e926d0000-7f7e928cf000 ---p 00003000 08:06 134337                     /usr/lib/libdl-2.22.so
7f7e928cf000-7f7e928d0000 r--p 00002000 08:06 134337                     /usr/lib/libdl-2.22.so
7f7e928d0000-7f7e928d1000 rw-p 00003000 08:06 134337                     /usr/lib/libdl-2.22.so
7f7e928d1000-7f7e928e6000 r-xp 00000000 08:06 530090                     /usr/lib/jvm/java-8-jdk/jre/lib/amd64/jli/libjli.so
7f7e928e6000-7f7e92ae6000 ---p 00015000 08:06 530090                     /usr/lib/jvm/java-8-jdk/jre/lib/amd64/jli/libjli.so
7f7e92ae6000-7f7e92ae7000 rw-p 00015000 08:06 530090                     /usr/lib/jvm/java-8-jdk/jre/lib/amd64/jli/libjli.so
7f7e92ae7000-7f7e92aff000 r-xp 00000000 08:06 134257                     /usr/lib/libpthread-2.22.so
7f7e92aff000-7f7e92cfe000 ---p 00018000 08:06 134257                     /usr/lib/libpthread-2.22.so
7f7e92cfe000-7f7e92cff000 r--p 00017000 08:06 134257                     /usr/lib/libpthread-2.22.so
7f7e92cff000-7f7e92d00000 rw-p 00018000 08:06 134257                     /usr/lib/libpthread-2.22.so
7f7e92d00000-7f7e92d04000 rw-p 00000000 00:00 0 
7f7e92d04000-7f7e92d26000 r-xp 00000000 08:06 134278                     /usr/lib/ld-2.22.so
7f7e92d2c000-7f7e92df1000 rw-p 00000000 00:00 0 
7f7e92df1000-7f7e92df4000 ---p 00000000 00:00 0 
7f7e92df4000-7f7e92ef7000 rw-p 00000000 00:00 0                          [stack:4023]
7f7e92ef7000-7f7e92f06000 r--s 000df000 08:06 13763614                   /home/youngbin/Android/Sdk/build-tools/23.0.2/lib/dx.jar
7f7e92f06000-7f7e92f1a000 rw-p 00000000 00:00 0 
7f7e92f1a000-7f7e92f22000 rw-s 00000000 00:21 237842                     /tmp/hsperfdata_youngbin/4019
7f7e92f22000-7f7e92f23000 rw-p 00000000 00:00 0 
7f7e92f23000-7f7e92f24000 ---p 00000000 00:00 0 
7f7e92f24000-7f7e92f25000 rw-p 00000000 00:00 0 
7f7e92f25000-7f7e92f26000 r--p 00021000 08:06 134278                     /usr/lib/ld-2.22.so
7f7e92f26000-7f7e92f27000 rw-p 00022000 08:06 134278                     /usr/lib/ld-2.22.so
7f7e92f27000-7f7e92f28000 rw-p 00000000 00:00 0 
7ffe4cc1f000-7ffe4cc40000 rw-p 00000000 00:00 0                          [stack]
7ffe4cce8000-7ffe4ccea000 r--p 00000000 00:00 0                          [vvar]
7ffe4ccea000-7ffe4ccec000 r-xp 00000000 00:00 0                          [vdso]
ffffffffff600000-ffffffffff601000 r-xp 00000000 00:00 0                  [vsyscall]

VM Arguments:
jvm_args: -Djava.awt.headless=true -Xmx1024M -Dfile.encoding=UTF-8 -Duser.country=KR -Duser.language=ko -Duser.variant 
java_command: com.android.dx.command.Main --dex --num-threads=4 --multi-dex --output /home/youngbin/mailtracker-android/app/build/intermediates/transforms/dex/debug/folders/1000/1a/dependencies_82c8c2ddf79f65a1106b4faa60cabd333a42a34f /home/youngbin/mailtracker-android/app/build/intermediates/transforms/instantRunSlicer/debug/jars/1/1a/dependencies.jar
java_class_path (initial): /home/youngbin/Android/Sdk/build-tools/23.0.2/lib/dx.jar
Launcher Type: SUN_STANDARD

Environment Variables:
PATH=/usr/local/sbin:/usr/local/bin:/usr/bin:/usr/lib/jvm/default/bin:/usr/bin/site_perl:/usr/bin/vendor_perl:/usr/bin/core_perl
USERNAME=youngbin
LD_LIBRARY_PATH=/home/youngbin/android-studio/bin:
SHELL=/usr/bin/fish
DISPLAY=:1

Signal Handlers:
SIGSEGV: [libjvm.so+0xabb070], sa_mask[0]=11111111011111111101111111111110, sa_flags=SA_RESTART|SA_SIGINFO
SIGBUS: [libjvm.so+0xabb070], sa_mask[0]=11111111011111111101111111111110, sa_flags=SA_RESTART|SA_SIGINFO
SIGFPE: [libjvm.so+0x918480], sa_mask[0]=11111111011111111101111111111110, sa_flags=SA_RESTART|SA_SIGINFO
SIGPIPE: [libjvm.so+0x918480], sa_mask[0]=11111111011111111101111111111110, sa_flags=SA_RESTART|SA_SIGINFO
SIGXFSZ: [libjvm.so+0x918480], sa_mask[0]=11111111011111111101111111111110, sa_flags=SA_RESTART|SA_SIGINFO
SIGILL: [libjvm.so+0x918480], sa_mask[0]=11111111011111111101111111111110, sa_flags=SA_RESTART|SA_SIGINFO
SIGUSR1: SIG_DFL, sa_mask[0]=00000000000000000000000000000000, sa_flags=none
SIGUSR2: [libjvm.so+0x919ab0], sa_mask[0]=00100000000000000000000000000000, sa_flags=SA_RESTART|SA_SIGINFO
SIGHUP: [libjvm.so+0x91aeb0], sa_mask[0]=11111111011111111101111111111110, sa_flags=SA_RESTART|SA_SIGINFO
SIGINT: [libjvm.so+0x91aeb0], sa_mask[0]=11111111011111111101111111111110, sa_flags=SA_RESTART|SA_SIGINFO
SIGTERM: [libjvm.so+0x91aeb0], sa_mask[0]=11111111011111111101111111111110, sa_flags=SA_RESTART|SA_SIGINFO
SIGQUIT: [libjvm.so+0x91aeb0], sa_mask[0]=11111111011111111101111111111110, sa_flags=SA_RESTART|SA_SIGINFO


---------------  S Y S T E M  ---------------

OS:NAME="Antergos Linux"
VERSION="2015.12-ISO-Rolling"
ID="antergos"
ID_LIKE="arch"
PRETTY_NAME="Antergos Linux"
CPE_NAME="cpe:/o:antergosproject:antergos:2015.12"
ANSI_COLOR="1;34;40"
HOME_URL="https://antergos.com/"
SUPPORT_URL="https://forum.antergos.com/"
BUG_REPORT_URL="https://github.com/antergos"


uname:Linux 4.4.1-2-ARCH #1 SMP PREEMPT Wed Feb 3 13:12:33 UTC 2016 x86_64
libc:glibc 2.22 NPTL 2.22 
rlimit: STACK 8192k, CORE 0k, NPROC 14900, NOFILE 4096, AS infinity
load average:3.03 1.62 0.98

/proc/meminfo:
MemTotal:        4007080 kB
MemFree:           27544 kB
MemAvailable:      95272 kB
Buffers:            1664 kB
Cached:           112728 kB
SwapCached:            0 kB
Active:          3677856 kB
Inactive:          76684 kB
Active(anon):    3643028 kB
Inactive(anon):    44220 kB
Active(file):      34828 kB
Inactive(file):    32464 kB
Unevictable:          80 kB
Mlocked:        34359738448 kB
SwapTotal:             0 kB
SwapFree:              0 kB
Dirty:                 0 kB
Writeback:            76 kB
AnonPages:       3640728 kB
Mapped:            97316 kB
Shmem:             46668 kB
Slab:              66676 kB
SReclaimable:      30016 kB
SUnreclaim:        36660 kB
KernelStack:       12720 kB
PageTables:        53044 kB
NFS_Unstable:          0 kB
Bounce:                0 kB
WritebackTmp:          0 kB
CommitLimit:     2003540 kB
Committed_AS:    9064036 kB
VmallocTotal:   34359738367 kB
VmallocUsed:           0 kB
VmallocChunk:          0 kB
HardwareCorrupted:     0 kB
AnonHugePages:   1196032 kB
HugePages_Total:       0
HugePages_Free:        0
HugePages_Rsvd:        0
HugePages_Surp:        0
Hugepagesize:       2048 kB
DirectMap4k:      139664 kB
DirectMap2M:     4009984 kB


CPU:total 4 (2 cores per cpu, 2 threads per core) family 6 model 42 stepping 7, cmov, cx8, fxsr, mmx, sse, sse2, sse3, ssse3, sse4.1, sse4.2, popcnt, avx, clmul, ht, tsc, tscinvbit

/proc/cpuinfo:
processor	: 0
vendor_id	: GenuineIntel
cpu family	: 6
model		: 42
model name	: Intel(R) Core(TM) i3-2120 CPU @ 3.30GHz
stepping	: 7
microcode	: 0x26
cpu MHz		: 3300.000
cache size	: 3072 KB
physical id	: 0
siblings	: 4
core id		: 0
cpu cores	: 2
apicid		: 0
initial apicid	: 0
fpu		: yes
fpu_exception	: yes
cpuid level	: 13
wp		: yes
flags		: fpu vme de pse tsc msr pae mce cx8 apic sep mtrr pge mca cmov pat pse36 clflush dts acpi mmx fxsr sse sse2 ss ht tm pbe syscall nx rdtscp lm constant_tsc arch_perfmon pebs bts rep_good nopl xtopology nonstop_tsc aperfmperf eagerfpu pni pclmulqdq dtes64 monitor ds_cpl vmx est tm2 ssse3 cx16 xtpr pdcm pcid sse4_1 sse4_2 popcnt tsc_deadline_timer xsave avx lahf_lm arat epb pln pts dtherm tpr_shadow vnmi flexpriority ept vpid xsaveopt
bugs		:
bogomips	: 6602.10
clflush size	: 64
cache_alignment	: 64
address sizes	: 36 bits physical, 48 bits virtual
power management:

processor	: 1
vendor_id	: GenuineIntel
cpu family	: 6
model		: 42
model name	: Intel(R) Core(TM) i3-2120 CPU @ 3.30GHz
stepping	: 7
microcode	: 0x26
cpu MHz		: 3299.871
cache size	: 3072 KB
physical id	: 0
siblings	: 4
core id		: 1
cpu cores	: 2
apicid		: 2
initial apicid	: 2
fpu		: yes
fpu_exception	: yes
cpuid level	: 13
wp		: yes
flags		: fpu vme de pse tsc msr pae mce cx8 apic sep mtrr pge mca cmov pat pse36 clflush dts acpi mmx fxsr sse sse2 ss ht tm pbe syscall nx rdtscp lm constant_tsc arch_perfmon pebs bts rep_good nopl xtopology nonstop_tsc aperfmperf eagerfpu pni pclmulqdq dtes64 monitor ds_cpl vmx est tm2 ssse3 cx16 xtpr pdcm pcid sse4_1 sse4_2 popcnt tsc_deadline_timer xsave avx lahf_lm arat epb pln pts dtherm tpr_shadow vnmi flexpriority ept vpid xsaveopt
bugs		:
bogomips	: 6602.10
clflush size	: 64
cache_alignment	: 64
address sizes	: 36 bits physical, 48 bits virtual
power management:

processor	: 2
vendor_id	: GenuineIntel
cpu family	: 6
model		: 42
model name	: Intel(R) Core(TM) i3-2120 CPU @ 3.30GHz
stepping	: 7
microcode	: 0x26
cpu MHz		: 3300.000
cache size	: 3072 KB
physical id	: 0
siblings	: 4
core id		: 0
cpu cores	: 2
apicid		: 1
initial apicid	: 1
fpu		: yes
fpu_exception	: yes
cpuid level	: 13
wp		: yes
flags		: fpu vme de pse tsc msr pae mce cx8 apic sep mtrr pge mca cmov pat pse36 clflush dts acpi mmx fxsr sse sse2 ss ht tm pbe syscall nx rdtscp lm constant_tsc arch_perfmon pebs bts rep_good nopl xtopology nonstop_tsc aperfmperf eagerfpu pni pclmulqdq dtes64 monitor ds_cpl vmx est tm2 ssse3 cx16 xtpr pdcm pcid sse4_1 sse4_2 popcnt tsc_deadline_timer xsave avx lahf_lm arat epb pln pts dtherm tpr_shadow vnmi flexpriority ept vpid xsaveopt
bugs		:
bogomips	: 6602.10
clflush size	: 64
cache_alignment	: 64
address sizes	: 36 bits physical, 48 bits virtual
power management:

processor	: 3
vendor_id	: GenuineIntel
cpu family	: 6
model		: 42
model name	: Intel(R) Core(TM) i3-2120 CPU @ 3.30GHz
stepping	: 7
microcode	: 0x26
cpu MHz		: 3300.000
cache size	: 3072 KB
physical id	: 0
siblings	: 4
core id		: 1
cpu cores	: 2
apicid		: 3
initial apicid	: 3
fpu		: yes
fpu_exception	: yes
cpuid level	: 13
wp		: yes
flags		: fpu vme de pse tsc msr pae mce cx8 apic sep mtrr pge mca cmov pat pse36 clflush dts acpi mmx fxsr sse sse2 ss ht tm pbe syscall nx rdtscp lm constant_tsc arch_perfmon pebs bts rep_good nopl xtopology nonstop_tsc aperfmperf eagerfpu pni pclmulqdq dtes64 monitor ds_cpl vmx est tm2 ssse3 cx16 xtpr pdcm pcid sse4_1 sse4_2 popcnt tsc_deadline_timer xsave avx lahf_lm arat epb pln pts dtherm tpr_shadow vnmi flexpriority ept vpid xsaveopt
bugs		:
bogomips	: 6602.10
clflush size	: 64
cache_alignment	: 64
address sizes	: 36 bits physical, 48 bits virtual
power management:



Memory: 4k page, physical 4007080k(26544k free), swap 0k(0k free)

vm_info: Java HotSpot(TM) 64-Bit Server VM (25.72-b15) for linux-amd64 JRE (1.8.0_72-b15), built on Dec 22 2015 22:00:07 by "java_re" with gcc 4.3.0 20080428 (Red Hat 4.3.0-8)

time: Thu Feb 18 21:49:22 2016
elapsed time: 3 seconds (0d 0h 0m 3s)

