#
# There is insufficient memory for the Java Runtime Environment to continue.
# Native memory allocation (mmap) failed to map 144703488 bytes for committing reserved memory.
# Possible reasons:
#   The system is out of physical RAM or swap space
#   In 32 bit mode, the process size limit was hit
# Possible solutions:
#   Reduce memory load on the system
#   Increase physical memory or swap space
#   Check if swap backing store is full
#   Use 64 bit Java on a 64 bit OS
#   Decrease Java heap size (-Xmx/-Xms)
#   Decrease number of Java threads
#   Decrease Java thread stack sizes (-Xss)
#   Set larger code cache with -XX:ReservedCodeCacheSize=
# This output file may be truncated or incomplete.
#
#  Out of Memory Error (os_linux.cpp:2627), pid=5860, tid=140217475217152
#
# JRE version: Java(TM) SE Runtime Environment (8.0_72-b15) (build 1.8.0_72-b15)
# Java VM: Java HotSpot(TM) 64-Bit Server VM (25.72-b15 mixed mode linux-amd64 compressed oops)
# Failed to write core dump. Core dumps have been disabled. To enable core dumping, try "ulimit -c unlimited" before starting Java again
#

---------------  T H R E A D  ---------------

Current thread (0x00007f8704076800):  VMThread [stack: 0x00007f86ecbd3000,0x00007f86eccd4000] [id=5870]

Stack: [0x00007f86ecbd3000,0x00007f86eccd4000],  sp=0x00007f86eccd2320,  free space=1020k
Native frames: (J=compiled Java code, j=interpreted, Vv=VM code, C=native code)
V  [libjvm.so+0xaba7ea]  VMError::report_and_die()+0x2ba
V  [libjvm.so+0x4f9e3b]  report_vm_out_of_memory(char const*, int, unsigned long, VMErrorType, char const*)+0x8b
V  [libjvm.so+0x91b613]  os::Linux::commit_memory_impl(char*, unsigned long, bool)+0x103
V  [libjvm.so+0x91bb69]  os::pd_commit_memory(char*, unsigned long, unsigned long, bool)+0x29
V  [libjvm.so+0x915e6a]  os::commit_memory(char*, unsigned long, unsigned long, bool)+0x2a
V  [libjvm.so+0x989543]  PSVirtualSpace::expand_by(unsigned long)+0x53
V  [libjvm.so+0x98a948]  PSYoungGen::resize_generation(unsigned long, unsigned long)+0xf8
V  [libjvm.so+0x989aa2]  PSYoungGen::resize(unsigned long, unsigned long)+0x22
V  [libjvm.so+0x986d7b]  PSScavenge::invoke_no_policy()+0xf3b
V  [libjvm.so+0x987501]  PSScavenge::invoke()+0x41
V  [libjvm.so+0x93f300]  ParallelScavengeHeap::failed_mem_allocate(unsigned long)+0x70
V  [libjvm.so+0xabc207]  VM_ParallelGCFailedAllocation::doit()+0x97
V  [libjvm.so+0xac3c35]  VM_Operation::evaluate()+0x55
V  [libjvm.so+0xac200a]  VMThread::evaluate_operation(VM_Operation*)+0xba
V  [libjvm.so+0xac238e]  VMThread::loop()+0x1ce
V  [libjvm.so+0xac2800]  VMThread::run()+0x70
V  [libjvm.so+0x91d9d8]  java_start(Thread*)+0x108

VM_Operation (0x00007f86e7ffdbe0): ParallelGCFailedAllocation, mode: safepoint, requested by thread 0x00007f870417c800


---------------  P R O C E S S  ---------------

Java Threads: ( => current thread )
  0x00007f870417f000 JavaThread "pool-1-thread-4" [_thread_blocked, id=5884, stack(0x00007f86e7cfd000,0x00007f86e7dfe000)]
  0x00007f870417d800 JavaThread "pool-1-thread-3" [_thread_blocked, id=5883, stack(0x00007f86e7dfe000,0x00007f86e7eff000)]
  0x00007f870417c800 JavaThread "pool-1-thread-2" [_thread_blocked, id=5881, stack(0x00007f86e7eff000,0x00007f86e8000000)]
  0x00007f870416f800 JavaThread "pool-2-thread-1" [_thread_blocked, id=5880, stack(0x00007f86ec064000,0x00007f86ec165000)]
  0x00007f870416d800 JavaThread "pool-1-thread-1" [_thread_blocked, id=5879, stack(0x00007f86ec165000,0x00007f86ec266000)]
  0x00007f87040d1000 JavaThread "Service Thread" daemon [_thread_blocked, id=5877, stack(0x00007f86ec37c000,0x00007f86ec47d000)]
  0x00007f87040bb800 JavaThread "C1 CompilerThread2" daemon [_thread_blocked, id=5876, stack(0x00007f86ec47d000,0x00007f86ec57e000)]
  0x00007f87040ba000 JavaThread "C2 CompilerThread1" daemon [_thread_blocked, id=5875, stack(0x00007f86ec57e000,0x00007f86ec67f000)]
  0x00007f87040b7000 JavaThread "C2 CompilerThread0" daemon [_thread_blocked, id=5874, stack(0x00007f86ec67f000,0x00007f86ec780000)]
  0x00007f87040b5800 JavaThread "Signal Dispatcher" daemon [_thread_blocked, id=5873, stack(0x00007f86ec780000,0x00007f86ec881000)]
  0x00007f8704082800 JavaThread "Finalizer" daemon [_thread_blocked, id=5872, stack(0x00007f86ec9d1000,0x00007f86ecad2000)]
  0x00007f870407e000 JavaThread "Reference Handler" daemon [_thread_blocked, id=5871, stack(0x00007f86ecad2000,0x00007f86ecbd3000)]
  0x00007f8704008800 JavaThread "main" [_thread_blocked, id=5863, stack(0x00007f870ac1f000,0x00007f870ad20000)]

Other Threads:
=>0x00007f8704076800 VMThread [stack: 0x00007f86ecbd3000,0x00007f86eccd4000] [id=5870]
  0x00007f87040d3800 WatcherThread [stack: 0x00007f86ec27b000,0x00007f86ec37c000] [id=5878]

VM state:at safepoint (normal execution)

VM Mutex/Monitor currently owned by a thread:  ([mutex/lock_event])
[0x00007f87040064a0] Threads_lock - owner thread: 0x00007f8704076800
[0x00007f87040069a0] Heap_lock - owner thread: 0x00007f870417c800

Heap:
 PSYoungGen      total 141312K, used 16868K [0x00000000eab00000, 0x00000000f4800000, 0x0000000100000000)
  eden space 124416K, 0% used [0x00000000eab00000,0x00000000eab00000,0x00000000f2480000)
  from space 16896K, 99% used [0x00000000f2480000,0x00000000f34f9350,0x00000000f3500000)
  to   space 14336K, 0% used [0x00000000f3500000,0x00000000f3500000,0x00000000f4300000)
 ParOldGen       total 42496K, used 36014K [0x00000000c0000000, 0x00000000c2980000, 0x00000000eab00000)
  object space 42496K, 84% used [0x00000000c0000000,0x00000000c232bb40,0x00000000c2980000)
 Metaspace       used 6304K, capacity 7192K, committed 7424K, reserved 1056768K
  class space    used 615K, capacity 656K, committed 768K, reserved 1048576K

Card table byte_map: [0x00007f86f4dff000,0x00007f86f5000000] byte_map_base: 0x00007f86f47ff000

Marking Bits: (ParMarkBitMap*) 0x00007f870a12c100
 Begin Bits: [0x00007f86ee000000, 0x00007f86ef000000)
 End Bits:   [0x00007f86ef000000, 0x00007f86f0000000)

Polling page: 0x00007f870ad51000

CodeCache: size=245760Kb used=6388Kb max_used=6388Kb free=239371Kb
 bounds [0x00007f86f5000000, 0x00007f86f5650000, 0x00007f8704000000]
 total_blobs=1992 nmethods=1723 adapters=182
 compilation: enabled

Compilation events (10 events):
Event: 2.655 Thread 0x00007f87040bb800 2027 %     3       com.android.dx.dex.cf.CfTranslator::translate0 @ 141 (259 bytes)
Event: 2.671 Thread 0x00007f87040bb800 nmethod 2027% 0x00007f86f5636b10 code [0x00007f86f5636fa0, 0x00007f86f5639ff8]
Event: 2.671 Thread 0x00007f87040bb800 2020       3       com.android.dx.ssa.LocalVariableExtractor::doit (59 bytes)
Event: 2.672 Thread 0x00007f87040bb800 nmethod 2020 0x00007f86f563be90 code [0x00007f86f563c040, 0x00007f86f563c568]
Event: 2.672 Thread 0x00007f87040bb800 2013       3       com.android.dx.dex.code.RopTranslator::outputInstructions (69 bytes)
Event: 2.672 Thread 0x00007f87040bb800 nmethod 2013 0x00007f86f563c750 code [0x00007f86f563c8e0, 0x00007f86f563cd38]
Event: 2.672 Thread 0x00007f87040bb800 2008       3       com.android.dx.rop.code.LocalVariableExtractor::doit (49 bytes)
Event: 2.673 Thread 0x00007f87040bb800 nmethod 2008 0x00007f86f563cf10 code [0x00007f86f563d0c0, 0x00007f86f563d578]
Event: 2.673 Thread 0x00007f87040bb800 2014       3       com.android.dx.dex.code.BlockAddresses::setupArrays (113 bytes)
Event: 2.680 Thread 0x00007f87040bb800 nmethod 2014 0x00007f86f563d7d0 code [0x00007f86f563daa0, 0x00007f86f563f4b8]

GC Heap History (10 events):
Event: 0.768 GC heap after
Heap after GC invocations=2 (full 0):
 PSYoungGen      total 34304K, used 2553K [0x00000000eab00000, 0x00000000ecf00000, 0x0000000100000000)
  eden space 31744K, 0% used [0x00000000eab00000,0x00000000eab00000,0x00000000eca00000)
  from space 2560K, 99% used [0x00000000ecc80000,0x00000000ecefe7d0,0x00000000ecf00000)
  to   space 2560K, 0% used [0x00000000eca00000,0x00000000eca00000,0x00000000ecc80000)
 ParOldGen       total 42496K, used 2384K [0x00000000c0000000, 0x00000000c2980000, 0x00000000eab00000)
  object space 42496K, 5% used [0x00000000c0000000,0x00000000c0254208,0x00000000c2980000)
 Metaspace       used 5687K, capacity 6704K, committed 6784K, reserved 1056768K
  class space    used 591K, capacity 616K, committed 640K, reserved 1048576K
}
Event: 1.144 GC heap before
{Heap before GC invocations=3 (full 0):
 PSYoungGen      total 34304K, used 34297K [0x00000000eab00000, 0x00000000ecf00000, 0x0000000100000000)
  eden space 31744K, 100% used [0x00000000eab00000,0x00000000eca00000,0x00000000eca00000)
  from space 2560K, 99% used [0x00000000ecc80000,0x00000000ecefe7d0,0x00000000ecf00000)
  to   space 2560K, 0% used [0x00000000eca00000,0x00000000eca00000,0x00000000ecc80000)
 ParOldGen       total 42496K, used 2384K [0x00000000c0000000, 0x00000000c2980000, 0x00000000eab00000)
  object space 42496K, 5% used [0x00000000c0000000,0x00000000c0254208,0x00000000c2980000)
 Metaspace       used 5783K, capacity 6768K, committed 7040K, reserved 1056768K
  class space    used 594K, capacity 616K, committed 640K, reserved 1048576K
Event: 1.155 GC heap after
Heap after GC invocations=3 (full 0):
 PSYoungGen      total 34304K, used 2558K [0x00000000eab00000, 0x00000000eee00000, 0x0000000100000000)
  eden space 31744K, 0% used [0x00000000eab00000,0x00000000eab00000,0x00000000eca00000)
  from space 2560K, 99% used [0x00000000eca00000,0x00000000ecc7f8b0,0x00000000ecc80000)
  to   space 2560K, 0% used [0x00000000eeb80000,0x00000000eeb80000,0x00000000eee00000)
 ParOldGen       total 42496K, used 7513K [0x00000000c0000000, 0x00000000c2980000, 0x00000000eab00000)
  object space 42496K, 17% used [0x00000000c0000000,0x00000000c0756578,0x00000000c2980000)
 Metaspace       used 5783K, capacity 6768K, committed 7040K, reserved 1056768K
  class space    used 594K, capacity 616K, committed 640K, reserved 1048576K
}
Event: 1.358 GC heap before
{Heap before GC invocations=4 (full 0):
 PSYoungGen      total 34304K, used 34302K [0x00000000eab00000, 0x00000000eee00000, 0x0000000100000000)
  eden space 31744K, 100% used [0x00000000eab00000,0x00000000eca00000,0x00000000eca00000)
  from space 2560K, 99% used [0x00000000eca00000,0x00000000ecc7f8b0,0x00000000ecc80000)
  to   space 2560K, 0% used [0x00000000eeb80000,0x00000000eeb80000,0x00000000eee00000)
 ParOldGen       total 42496K, used 7513K [0x00000000c0000000, 0x00000000c2980000, 0x00000000eab00000)
  object space 42496K, 17% used [0x00000000c0000000,0x00000000c0756578,0x00000000c2980000)
 Metaspace       used 5823K, capacity 6832K, committed 7040K, reserved 1056768K
  class space    used 595K, capacity 616K, committed 640K, reserved 1048576K
Event: 1.372 GC heap after
Heap after GC invocations=4 (full 0):
 PSYoungGen      total 66048K, used 2558K [0x00000000eab00000, 0x00000000eee00000, 0x0000000100000000)
  eden space 63488K, 0% used [0x00000000eab00000,0x00000000eab00000,0x00000000ee900000)
  from space 2560K, 99% used [0x00000000eeb80000,0x00000000eedff8b0,0x00000000eee00000)
  to   space 2560K, 0% used [0x00000000ee900000,0x00000000ee900000,0x00000000eeb80000)
 ParOldGen       total 42496K, used 12897K [0x00000000c0000000, 0x00000000c2980000, 0x00000000eab00000)
  object space 42496K, 30% used [0x00000000c0000000,0x00000000c0c984d8,0x00000000c2980000)
 Metaspace       used 5823K, capacity 6832K, committed 7040K, reserved 1056768K
  class space    used 595K, capacity 616K, committed 640K, reserved 1048576K
}
Event: 1.719 GC heap before
{Heap before GC invocations=5 (full 0):
 PSYoungGen      total 66048K, used 66046K [0x00000000eab00000, 0x00000000eee00000, 0x0000000100000000)
  eden space 63488K, 100% used [0x00000000eab00000,0x00000000ee900000,0x00000000ee900000)
  from space 2560K, 99% used [0x00000000eeb80000,0x00000000eedff8b0,0x00000000eee00000)
  to   space 2560K, 0% used [0x00000000ee900000,0x00000000ee900000,0x00000000eeb80000)
 ParOldGen       total 42496K, used 12897K [0x00000000c0000000, 0x00000000c2980000, 0x00000000eab00000)
  object space 42496K, 30% used [0x00000000c0000000,0x00000000c0c984d8,0x00000000c2980000)
 Metaspace       used 5939K, capacity 6896K, committed 7040K, reserved 1056768K
  class space    used 595K, capacity 616K, committed 640K, reserved 1048576K
Event: 1.754 GC heap after
Heap after GC invocations=5 (full 0):
 PSYoungGen      total 66048K, used 2558K [0x00000000eab00000, 0x00000000f4300000, 0x0000000100000000)
  eden space 63488K, 0% used [0x00000000eab00000,0x00000000eab00000,0x00000000ee900000)
  from space 2560K, 99% used [0x00000000ee900000,0x00000000eeb7f8b0,0x00000000eeb80000)
  to   space 14336K, 0% used [0x00000000f3500000,0x00000000f3500000,0x00000000f4300000)
 ParOldGen       total 42496K, used 22585K [0x00000000c0000000, 0x00000000c2980000, 0x00000000eab00000)
  object space 42496K, 53% used [0x00000000c0000000,0x00000000c160e630,0x00000000c2980000)
 Metaspace       used 5939K, capacity 6896K, committed 7040K, reserved 1056768K
  class space    used 595K, capacity 616K, committed 640K, reserved 1048576K
}
Event: 2.111 GC heap before
{Heap before GC invocations=6 (full 0):
 PSYoungGen      total 66048K, used 66046K [0x00000000eab00000, 0x00000000f4300000, 0x0000000100000000)
  eden space 63488K, 100% used [0x00000000eab00000,0x00000000ee900000,0x00000000ee900000)
  from space 2560K, 99% used [0x00000000ee900000,0x00000000eeb7f8b0,0x00000000eeb80000)
  to   space 14336K, 0% used [0x00000000f3500000,0x00000000f3500000,0x00000000f4300000)
 ParOldGen       total 42496K, used 22585K [0x00000000c0000000, 0x00000000c2980000, 0x00000000eab00000)
  object space 42496K, 53% used [0x00000000c0000000,0x00000000c160e630,0x00000000c2980000)
 Metaspace       used 6043K, capacity 7024K, committed 7296K, reserved 1056768K
  class space    used 595K, capacity 616K, committed 640K, reserved 1048576K
Event: 2.150 GC heap after
Heap after GC invocations=6 (full 0):
 PSYoungGen      total 138752K, used 12943K [0x00000000eab00000, 0x00000000f4800000, 0x0000000100000000)
  eden space 124416K, 0% used [0x00000000eab00000,0x00000000eab00000,0x00000000f2480000)
  from space 14336K, 90% used [0x00000000f3500000,0x00000000f41a3fe8,0x00000000f4300000)
  to   space 16896K, 0% used [0x00000000f2480000,0x00000000f2480000,0x00000000f3500000)
 ParOldGen       total 42496K, used 22585K [0x00000000c0000000, 0x00000000c2980000, 0x00000000eab00000)
  object space 42496K, 53% used [0x00000000c0000000,0x00000000c160e630,0x00000000c2980000)
 Metaspace       used 6043K, capacity 7024K, committed 7296K, reserved 1056768K
  class space    used 595K, capacity 616K, committed 640K, reserved 1048576K
}
Event: 2.681 GC heap before
{Heap before GC invocations=7 (full 0):
 PSYoungGen      total 138752K, used 137359K [0x00000000eab00000, 0x00000000f4800000, 0x0000000100000000)
  eden space 124416K, 100% used [0x00000000eab00000,0x00000000f2480000,0x00000000f2480000)
  from space 14336K, 90% used [0x00000000f3500000,0x00000000f41a3fe8,0x00000000f4300000)
  to   space 16896K, 0% used [0x00000000f2480000,0x00000000f2480000,0x00000000f3500000)
 ParOldGen       total 42496K, used 22585K [0x00000000c0000000, 0x00000000c2980000, 0x00000000eab00000)
  object space 42496K, 53% used [0x00000000c0000000,0x00000000c160e630,0x00000000c2980000)
 Metaspace       used 6304K, capacity 7192K, committed 7424K, reserved 1056768K
  class space    used 615K, capacity 656K, committed 768K, reserved 1048576K

Deoptimization events (10 events):
Event: 1.257 Thread 0x00007f870416d800 Uncommon trap: reason=unstable_if action=reinterpret pc=0x00007f86f527eb74 method=com.android.dx.rop.code.RegisterSpec.equals(ILcom/android/dx/rop/type/TypeBearer;Lcom/android/dx/rop/code/LocalItem;)Z @ 42
Event: 1.299 Thread 0x00007f870417d800 Uncommon trap: reason=null_check action=make_not_entrant pc=0x00007f86f5284ec0 method=com.android.dx.ssa.SsaRenamer.getLocalForNewReg(I)Lcom/android/dx/rop/code/LocalItem; @ 19
Event: 1.306 Thread 0x00007f870417f000 Uncommon trap: reason=bimorphic action=maybe_recompile pc=0x00007f86f5281720 method=java.util.HashMap.getNode(ILjava/lang/Object;)Ljava/util/HashMap$Node; @ 126
Event: 1.306 Thread 0x00007f870417f000 Uncommon trap: reason=bimorphic action=maybe_recompile pc=0x00007f86f5281720 method=java.util.HashMap.getNode(ILjava/lang/Object;)Ljava/util/HashMap$Node; @ 126
Event: 1.306 Thread 0x00007f870417f000 Uncommon trap: reason=bimorphic action=maybe_recompile pc=0x00007f86f5281720 method=java.util.HashMap.getNode(ILjava/lang/Object;)Ljava/util/HashMap$Node; @ 126
Event: 1.306 Thread 0x00007f870417f000 Uncommon trap: reason=bimorphic action=maybe_recompile pc=0x00007f86f5281720 method=java.util.HashMap.getNode(ILjava/lang/Object;)Ljava/util/HashMap$Node; @ 126
Event: 1.694 Thread 0x00007f870417f000 Uncommon trap: reason=unstable_if action=reinterpret pc=0x00007f86f53e80a4 method=com.android.dx.ssa.SsaBasicBlock.newFromRop(Lcom/android/dx/rop/code/RopMethod;ILcom/android/dx/ssa/SsaMethod;)Lcom/android/dx/ssa/SsaBasicBlock; @ 164
Event: 2.502 Thread 0x00007f870416d800 Uncommon trap: reason=unstable_if action=reinterpret pc=0x00007f86f52d8ab4 method=java.util.HashMap.putVal(ILjava/lang/Object;Ljava/lang/Object;ZZ)Ljava/lang/Object; @ 162
Event: 2.555 Thread 0x00007f870417c800 Uncommon trap: reason=unstable_if action=reinterpret pc=0x00007f86f55fc588 method=java.util.HashMap.putVal(ILjava/lang/Object;Ljava/lang/Object;ZZ)Ljava/lang/Object; @ 206
Event: 2.560 Thread 0x00007f870417f000 Uncommon trap: reason=unstable_if action=reinterpret pc=0x00007f86f533c974 method=java.util.HashMap.getNode(ILjava/lang/Object;)Ljava/util/HashMap$Node; @ 84

Internal exceptions (7 events):
Event: 0.021 Thread 0x00007f8704008800 Exception <a 'java/lang/NoSuchMethodError': Method sun.misc.Unsafe.defineClass(Ljava/lang/String;[BII)Ljava/lang/Class; name or signature does not match> (0x00000000eab07cc0) thrown at [/HUDSON/workspace/8-2-build-linux-amd64/jdk8u72/5732/hotspot/src/shar
Event: 0.021 Thread 0x00007f8704008800 Exception <a 'java/lang/NoSuchMethodError': Method sun.misc.Unsafe.prefetchRead(Ljava/lang/Object;J)V name or signature does not match> (0x00000000eab07fa8) thrown at [/HUDSON/workspace/8-2-build-linux-amd64/jdk8u72/5732/hotspot/src/share/vm/prims/jni.cpp
Event: 1.015 Thread 0x00007f8704008800 Implicit null exception at 0x00007f86f5269cd9 to 0x00007f86f526c18d
Event: 1.299 Thread 0x00007f870417d800 Implicit null exception at 0x00007f86f5282a69 to 0x00007f86f5284e9d
Event: 2.503 Thread 0x00007f870416d800 Exception <a 'java/lang/ArrayIndexOutOfBoundsException': 18> (0x00000000efe51568) thrown at [/HUDSON/workspace/8-2-build-linux-amd64/jdk8u72/5732/hotspot/src/share/vm/interpreter/interpreterRuntime.cpp, line 366]
Event: 2.504 Thread 0x00007f870416d800 Exception <a 'java/lang/ArrayIndexOutOfBoundsException': 145> (0x00000000efe530e8) thrown at [/HUDSON/workspace/8-2-build-linux-amd64/jdk8u72/5732/hotspot/src/share/vm/interpreter/interpreterRuntime.cpp, line 366]
Event: 2.504 Thread 0x00007f870416d800 Exception <a 'java/lang/ArrayIndexOutOfBoundsException': 40> (0x00000000efe543d0) thrown at [/HUDSON/workspace/8-2-build-linux-amd64/jdk8u72/5732/hotspot/src/share/vm/interpreter/interpreterRuntime.cpp, line 366]

Events (10 events):
Event: 2.640 Thread 0x00007f870417f000 DEOPT UNPACKING pc=0x00007f86f5047633 sp=0x00007f86e7dfb950 mode 0
Event: 2.641 Thread 0x00007f870417c800 DEOPT PACKING pc=0x00007f86f52e64c2 sp=0x00007f86e7ffdc90
Event: 2.641 Thread 0x00007f870417c800 DEOPT UNPACKING pc=0x00007f86f5047633 sp=0x00007f86e7ffda78 mode 0
Event: 2.643 Thread 0x00007f870417c800 DEOPT PACKING pc=0x00007f86f52c922f sp=0x00007f86e7ffdf40
Event: 2.643 Thread 0x00007f870417c800 DEOPT UNPACKING pc=0x00007f86f5047633 sp=0x00007f86e7ffdd00 mode 0
Event: 2.647 Thread 0x00007f870417d800 DEOPT PACKING pc=0x00007f86f540f8ea sp=0x00007f86e7efcf20
Event: 2.647 Thread 0x00007f870417d800 DEOPT UNPACKING pc=0x00007f86f5047633 sp=0x00007f86e7efcc80 mode 0
Event: 2.678 Thread 0x00007f870417f000 DEOPT PACKING pc=0x00007f86f52611f7 sp=0x00007f86e7dfb9e0
Event: 2.678 Thread 0x00007f870417f000 DEOPT UNPACKING pc=0x00007f86f5047633 sp=0x00007f86e7dfb770 mode 0
Event: 2.680 Executing VM operation: ParallelGCFailedAllocation


Dynamic libraries:
00400000-00401000 r-xp 00000000 08:06 399874                             /usr/lib/jvm/java-8-jdk/jre/bin/java
00600000-00601000 rw-p 00000000 08:06 399874                             /usr/lib/jvm/java-8-jdk/jre/bin/java
0150a000-0152b000 rw-p 00000000 00:00 0                                  [heap]
c0000000-c2980000 rw-p 00000000 00:00 0 
c2980000-eab00000 ---p 00000000 00:00 0 
eab00000-f4800000 rw-p 00000000 00:00 0 
fd200000-100000000 ---p 00000000 00:00 0 
100000000-1000c0000 rw-p 00000000 00:00 0 
1000c0000-140000000 ---p 00000000 00:00 0 
7f86a0000000-7f86a0021000 rw-p 00000000 00:00 0 
7f86a0021000-7f86a4000000 ---p 00000000 00:00 0 
7f86a8000000-7f86a802a000 rw-p 00000000 00:00 0 
7f86a802a000-7f86ac000000 ---p 00000000 00:00 0 
7f86ac000000-7f86ac021000 rw-p 00000000 00:00 0 
7f86ac021000-7f86b0000000 ---p 00000000 00:00 0 
7f86b0000000-7f86b0028000 rw-p 00000000 00:00 0 
7f86b0028000-7f86b4000000 ---p 00000000 00:00 0 
7f86b4000000-7f86b4021000 rw-p 00000000 00:00 0 
7f86b4021000-7f86b8000000 ---p 00000000 00:00 0 
7f86b8000000-7f86b8021000 rw-p 00000000 00:00 0 
7f86b8021000-7f86bc000000 ---p 00000000 00:00 0 
7f86bc000000-7f86bc021000 rw-p 00000000 00:00 0 
7f86bc021000-7f86c0000000 ---p 00000000 00:00 0 
7f86c0000000-7f86c05ee000 rw-p 00000000 00:00 0 
7f86c05ee000-7f86c4000000 ---p 00000000 00:00 0 
7f86c4000000-7f86c4942000 rw-p 00000000 00:00 0 
7f86c4942000-7f86c8000000 ---p 00000000 00:00 0 
7f86c8000000-7f86c8021000 rw-p 00000000 00:00 0 
7f86c8021000-7f86cc000000 ---p 00000000 00:00 0 
7f86cc000000-7f86cc85b000 rw-p 00000000 00:00 0 
7f86cc85b000-7f86d0000000 ---p 00000000 00:00 0 
7f86d0000000-7f86d0021000 rw-p 00000000 00:00 0 
7f86d0021000-7f86d4000000 ---p 00000000 00:00 0 
7f86d4000000-7f86d4021000 rw-p 00000000 00:00 0 
7f86d4021000-7f86d8000000 ---p 00000000 00:00 0 
7f86d8000000-7f86d8021000 rw-p 00000000 00:00 0 
7f86d8021000-7f86dc000000 ---p 00000000 00:00 0 
7f86dc000000-7f86dc2bc000 rw-p 00000000 00:00 0 
7f86dc2bc000-7f86e0000000 ---p 00000000 00:00 0 
7f86e0000000-7f86e0021000 rw-p 00000000 00:00 0 
7f86e0021000-7f86e4000000 ---p 00000000 00:00 0 
7f86e7cfd000-7f86e7d00000 ---p 00000000 00:00 0 
7f86e7d00000-7f86e7dfe000 rw-p 00000000 00:00 0                          [stack:5884]
7f86e7dfe000-7f86e7e01000 ---p 00000000 00:00 0 
7f86e7e01000-7f86e7eff000 rw-p 00000000 00:00 0                          [stack:5883]
7f86e7eff000-7f86e7f02000 ---p 00000000 00:00 0 
7f86e7f02000-7f86e8000000 rw-p 00000000 00:00 0                          [stack:5881]
7f86e8000000-7f86e8021000 rw-p 00000000 00:00 0 
7f86e8021000-7f86ec000000 ---p 00000000 00:00 0 
7f86ec03d000-7f86ec064000 r--p 00000000 08:06 133207                     /usr/share/locale/ko/LC_MESSAGES/libc.mo
7f86ec064000-7f86ec067000 ---p 00000000 00:00 0 
7f86ec067000-7f86ec165000 rw-p 00000000 00:00 0                          [stack:5880]
7f86ec165000-7f86ec168000 ---p 00000000 00:00 0 
7f86ec168000-7f86ec266000 rw-p 00000000 00:00 0                          [stack:5879]
7f86ec266000-7f86ec27b000 r--s 000e5000 08:06 13107742                   /home/youngbin/mailtracker-android/app/build/intermediates/exploded-aar/com.android.support/support-v4/23.1.1/jars/classes.jar
7f86ec27b000-7f86ec27c000 ---p 00000000 00:00 0 
7f86ec27c000-7f86ec37c000 rw-p 00000000 00:00 0                          [stack:5878]
7f86ec37c000-7f86ec37f000 ---p 00000000 00:00 0 
7f86ec37f000-7f86ec47d000 rw-p 00000000 00:00 0                          [stack:5877]
7f86ec47d000-7f86ec480000 ---p 00000000 00:00 0 
7f86ec480000-7f86ec57e000 rw-p 00000000 00:00 0                          [stack:5876]
7f86ec57e000-7f86ec581000 ---p 00000000 00:00 0 
7f86ec581000-7f86ec67f000 rw-p 00000000 00:00 0                          [stack:5875]
7f86ec67f000-7f86ec682000 ---p 00000000 00:00 0 
7f86ec682000-7f86ec780000 rw-p 00000000 00:00 0                          [stack:5874]
7f86ec780000-7f86ec783000 ---p 00000000 00:00 0 
7f86ec783000-7f86ec881000 rw-p 00000000 00:00 0                          [stack:5873]
7f86ec881000-7f86ec9d1000 r--p 00000000 08:06 163465                     /usr/lib/locale/locale-archive
7f86ec9d1000-7f86ec9d4000 ---p 00000000 00:00 0 
7f86ec9d4000-7f86ecad2000 rw-p 00000000 00:00 0                          [stack:5872]
7f86ecad2000-7f86ecad5000 ---p 00000000 00:00 0 
7f86ecad5000-7f86ecbd3000 rw-p 00000000 00:00 0                          [stack:5871]
7f86ecbd3000-7f86ecbd4000 ---p 00000000 00:00 0 
7f86ecbd4000-7f86ede80000 rw-p 00000000 00:00 0                          [stack:5870]
7f86ede80000-7f86ee000000 ---p 00000000 00:00 0 
7f86ee000000-7f86f0000000 rw-p 00000000 00:00 0 
7f86f0000000-7f86f0021000 rw-p 00000000 00:00 0 
7f86f0021000-7f86f4000000 ---p 00000000 00:00 0 
7f86f4004000-7f86f4457000 rw-p 00000000 00:00 0 
7f86f4457000-7f86f462f000 r--s 03d1d000 08:06 399677                     /usr/lib/jvm/java-8-jdk/jre/lib/rt.jar
7f86f462f000-7f86f48a5000 rw-p 00000000 00:00 0 
7f86f48a5000-7f86f48a6000 ---p 00000000 00:00 0 
7f86f48a6000-7f86f49a6000 rw-p 00000000 00:00 0                          [stack:5869]
7f86f49a6000-7f86f49a7000 ---p 00000000 00:00 0 
7f86f49a7000-7f86f4aa7000 rw-p 00000000 00:00 0                          [stack:5868]
7f86f4aa7000-7f86f4aa8000 ---p 00000000 00:00 0 
7f86f4aa8000-7f86f4ba8000 rw-p 00000000 00:00 0                          [stack:5867]
7f86f4ba8000-7f86f4ba9000 ---p 00000000 00:00 0 
7f86f4ba9000-7f86f4cbe000 rw-p 00000000 00:00 0                          [stack:5866]
7f86f4cbe000-7f86f4dff000 ---p 00000000 00:00 0 
7f86f4dff000-7f86f4e14000 rw-p 00000000 00:00 0 
7f86f4e14000-7f86f4f54000 ---p 00000000 00:00 0 
7f86f4f54000-7f86f4fa3000 rw-p 00000000 00:00 0 
7f86f4fa3000-7f86f4fff000 ---p 00000000 00:00 0 
7f86f4fff000-7f86f5000000 rw-p 00000000 00:00 0 
7f86f5000000-7f86f5650000 rwxp 00000000 00:00 0 
7f86f5650000-7f8704000000 ---p 00000000 00:00 0 
7f8704000000-7f870439f000 rw-p 00000000 00:00 0 
7f870439f000-7f8708000000 ---p 00000000 00:00 0 
7f8708007000-7f8708063000 rw-p 00000000 00:00 0 
7f8708063000-7f8708409000 ---p 00000000 00:00 0 
7f8708409000-7f8708423000 r-xp 00000000 08:06 399785                     /usr/lib/jvm/java-8-jdk/jre/lib/amd64/libzip.so
7f8708423000-7f8708623000 ---p 0001a000 08:06 399785                     /usr/lib/jvm/java-8-jdk/jre/lib/amd64/libzip.so
7f8708623000-7f8708624000 rw-p 0001a000 08:06 399785                     /usr/lib/jvm/java-8-jdk/jre/lib/amd64/libzip.so
7f8708624000-7f870862f000 r-xp 00000000 08:06 134332                     /usr/lib/libnss_files-2.22.so
7f870862f000-7f870882e000 ---p 0000b000 08:06 134332                     /usr/lib/libnss_files-2.22.so
7f870882e000-7f870882f000 r--p 0000a000 08:06 134332                     /usr/lib/libnss_files-2.22.so
7f870882f000-7f8708830000 rw-p 0000b000 08:06 134332                     /usr/lib/libnss_files-2.22.so
7f8708830000-7f8708836000 rw-p 00000000 00:00 0 
7f8708836000-7f8708860000 r-xp 00000000 08:06 399805                     /usr/lib/jvm/java-8-jdk/jre/lib/amd64/libjava.so
7f8708860000-7f8708a60000 ---p 0002a000 08:06 399805                     /usr/lib/jvm/java-8-jdk/jre/lib/amd64/libjava.so
7f8708a60000-7f8708a62000 rw-p 0002a000 08:06 399805                     /usr/lib/jvm/java-8-jdk/jre/lib/amd64/libjava.so
7f8708a62000-7f8708a6f000 r-xp 00000000 08:06 399791                     /usr/lib/jvm/java-8-jdk/jre/lib/amd64/libverify.so
7f8708a6f000-7f8708c6f000 ---p 0000d000 08:06 399791                     /usr/lib/jvm/java-8-jdk/jre/lib/amd64/libverify.so
7f8708c6f000-7f8708c71000 rw-p 0000d000 08:06 399791                     /usr/lib/jvm/java-8-jdk/jre/lib/amd64/libverify.so
7f8708c71000-7f8708c78000 r-xp 00000000 08:06 134341                     /usr/lib/librt-2.22.so
7f8708c78000-7f8708e77000 ---p 00007000 08:06 134341                     /usr/lib/librt-2.22.so
7f8708e77000-7f8708e78000 r--p 00006000 08:06 134341                     /usr/lib/librt-2.22.so
7f8708e78000-7f8708e79000 rw-p 00007000 08:06 134341                     /usr/lib/librt-2.22.so
7f8708e79000-7f8708f76000 r-xp 00000000 08:06 134338                     /usr/lib/libm-2.22.so
7f8708f76000-7f8709175000 ---p 000fd000 08:06 134338                     /usr/lib/libm-2.22.so
7f8709175000-7f8709176000 r--p 000fc000 08:06 134338                     /usr/lib/libm-2.22.so
7f8709176000-7f8709177000 rw-p 000fd000 08:06 134338                     /usr/lib/libm-2.22.so
7f8709177000-7f8709e36000 r-xp 00000000 08:06 530091                     /usr/lib/jvm/java-8-jdk/jre/lib/amd64/server/libjvm.so
7f8709e36000-7f870a035000 ---p 00cbf000 08:06 530091                     /usr/lib/jvm/java-8-jdk/jre/lib/amd64/server/libjvm.so
7f870a035000-7f870a10e000 rw-p 00cbe000 08:06 530091                     /usr/lib/jvm/java-8-jdk/jre/lib/amd64/server/libjvm.so
7f870a10e000-7f870a157000 rw-p 00000000 00:00 0 
7f870a157000-7f870a2f1000 r-xp 00000000 08:06 134279                     /usr/lib/libc-2.22.so
7f870a2f1000-7f870a4f1000 ---p 0019a000 08:06 134279                     /usr/lib/libc-2.22.so
7f870a4f1000-7f870a4f5000 r--p 0019a000 08:06 134279                     /usr/lib/libc-2.22.so
7f870a4f5000-7f870a4f7000 rw-p 0019e000 08:06 134279                     /usr/lib/libc-2.22.so
7f870a4f7000-7f870a4fb000 rw-p 00000000 00:00 0 
7f870a4fb000-7f870a4fe000 r-xp 00000000 08:06 134337                     /usr/lib/libdl-2.22.so
7f870a4fe000-7f870a6fd000 ---p 00003000 08:06 134337                     /usr/lib/libdl-2.22.so
7f870a6fd000-7f870a6fe000 r--p 00002000 08:06 134337                     /usr/lib/libdl-2.22.so
7f870a6fe000-7f870a6ff000 rw-p 00003000 08:06 134337                     /usr/lib/libdl-2.22.so
7f870a6ff000-7f870a714000 r-xp 00000000 08:06 530090                     /usr/lib/jvm/java-8-jdk/jre/lib/amd64/jli/libjli.so
7f870a714000-7f870a914000 ---p 00015000 08:06 530090                     /usr/lib/jvm/java-8-jdk/jre/lib/amd64/jli/libjli.so
7f870a914000-7f870a915000 rw-p 00015000 08:06 530090                     /usr/lib/jvm/java-8-jdk/jre/lib/amd64/jli/libjli.so
7f870a915000-7f870a92d000 r-xp 00000000 08:06 134257                     /usr/lib/libpthread-2.22.so
7f870a92d000-7f870ab2c000 ---p 00018000 08:06 134257                     /usr/lib/libpthread-2.22.so
7f870ab2c000-7f870ab2d000 r--p 00017000 08:06 134257                     /usr/lib/libpthread-2.22.so
7f870ab2d000-7f870ab2e000 rw-p 00018000 08:06 134257                     /usr/lib/libpthread-2.22.so
7f870ab2e000-7f870ab32000 rw-p 00000000 00:00 0 
7f870ab32000-7f870ab54000 r-xp 00000000 08:06 134278                     /usr/lib/ld-2.22.so
7f870ab5a000-7f870ac1f000 rw-p 00000000 00:00 0 
7f870ac1f000-7f870ac22000 ---p 00000000 00:00 0 
7f870ac22000-7f870ad25000 rw-p 00000000 00:00 0                          [stack:5863]
7f870ad25000-7f870ad34000 r--s 000df000 08:06 13763614                   /home/youngbin/Android/Sdk/build-tools/23.0.2/lib/dx.jar
7f870ad34000-7f870ad48000 rw-p 00000000 00:00 0 
7f870ad48000-7f870ad50000 rw-s 00000000 00:21 335752                     /tmp/hsperfdata_youngbin/5860
7f870ad50000-7f870ad51000 rw-p 00000000 00:00 0 
7f870ad51000-7f870ad52000 ---p 00000000 00:00 0 
7f870ad52000-7f870ad53000 rw-p 00000000 00:00 0 
7f870ad53000-7f870ad54000 r--p 00021000 08:06 134278                     /usr/lib/ld-2.22.so
7f870ad54000-7f870ad55000 rw-p 00022000 08:06 134278                     /usr/lib/ld-2.22.so
7f870ad55000-7f870ad56000 rw-p 00000000 00:00 0 
7ffd17559000-7ffd1757a000 rw-p 00000000 00:00 0                          [stack]
7ffd175dd000-7ffd175df000 r--p 00000000 00:00 0                          [vvar]
7ffd175df000-7ffd175e1000 r-xp 00000000 00:00 0                          [vdso]
ffffffffff600000-ffffffffff601000 r-xp 00000000 00:00 0                  [vsyscall]

VM Arguments:
jvm_args: -Djava.awt.headless=true -Xmx1024M -Dfile.encoding=UTF-8 -Duser.country=KR -Duser.language=ko -Duser.variant 
java_command: com.android.dx.command.Main --dex --num-threads=4 --output /home/youngbin/mailtracker-android/app/build/intermediates/pre-dexed/debug/com.android.support-support-v4-23.1.1_dad3226d79ae84666ebe34451a4ccc99272fcec7.jar /home/youngbin/mailtracker-android/app/build/intermediates/exploded-aar/com.android.support/support-v4/23.1.1/jars/classes.jar
java_class_path (initial): /home/youngbin/Android/Sdk/build-tools/23.0.2/lib/dx.jar
Launcher Type: SUN_STANDARD

Environment Variables:
PATH=/usr/local/sbin:/usr/local/bin:/usr/bin:/usr/lib/jvm/default/bin:/usr/bin/site_perl:/usr/bin/vendor_perl:/usr/bin/core_perl
USERNAME=youngbin
LD_LIBRARY_PATH=/home/youngbin/android-studio/bin:
SHELL=/usr/bin/fish
DISPLAY=:1

Signal Handlers:
SIGSEGV: [libjvm.so+0xabb070], sa_mask[0]=11111111011111111101111111111110, sa_flags=SA_RESTART|SA_SIGINFO
SIGBUS: [libjvm.so+0xabb070], sa_mask[0]=11111111011111111101111111111110, sa_flags=SA_RESTART|SA_SIGINFO
SIGFPE: [libjvm.so+0x918480], sa_mask[0]=11111111011111111101111111111110, sa_flags=SA_RESTART|SA_SIGINFO
SIGPIPE: [libjvm.so+0x918480], sa_mask[0]=11111111011111111101111111111110, sa_flags=SA_RESTART|SA_SIGINFO
SIGXFSZ: [libjvm.so+0x918480], sa_mask[0]=11111111011111111101111111111110, sa_flags=SA_RESTART|SA_SIGINFO
SIGILL: [libjvm.so+0x918480], sa_mask[0]=11111111011111111101111111111110, sa_flags=SA_RESTART|SA_SIGINFO
SIGUSR1: SIG_DFL, sa_mask[0]=00000000000000000000000000000000, sa_flags=none
SIGUSR2: [libjvm.so+0x919ab0], sa_mask[0]=00100000000000000000000000000000, sa_flags=SA_RESTART|SA_SIGINFO
SIGHUP: [libjvm.so+0x91aeb0], sa_mask[0]=11111111011111111101111111111110, sa_flags=SA_RESTART|SA_SIGINFO
SIGINT: [libjvm.so+0x91aeb0], sa_mask[0]=11111111011111111101111111111110, sa_flags=SA_RESTART|SA_SIGINFO
SIGTERM: [libjvm.so+0x91aeb0], sa_mask[0]=11111111011111111101111111111110, sa_flags=SA_RESTART|SA_SIGINFO
SIGQUIT: [libjvm.so+0x91aeb0], sa_mask[0]=11111111011111111101111111111110, sa_flags=SA_RESTART|SA_SIGINFO


---------------  S Y S T E M  ---------------

OS:NAME="Antergos Linux"
VERSION="2015.12-ISO-Rolling"
ID="antergos"
ID_LIKE="arch"
PRETTY_NAME="Antergos Linux"
CPE_NAME="cpe:/o:antergosproject:antergos:2015.12"
ANSI_COLOR="1;34;40"
HOME_URL="https://antergos.com/"
SUPPORT_URL="https://forum.antergos.com/"
BUG_REPORT_URL="https://github.com/antergos"


uname:Linux 4.4.1-2-ARCH #1 SMP PREEMPT Wed Feb 3 13:12:33 UTC 2016 x86_64
libc:glibc 2.22 NPTL 2.22 
rlimit: STACK 8192k, CORE 0k, NPROC 14900, NOFILE 4096, AS infinity
load average:1.44 2.23 1.77

/proc/meminfo:
MemTotal:        4007080 kB
MemFree:           26960 kB
MemAvailable:     112096 kB
Buffers:           13476 kB
Cached:           113640 kB
SwapCached:            0 kB
Active:          3677080 kB
Inactive:          76288 kB
Active(anon):    3628488 kB
Inactive(anon):    36380 kB
Active(file):      48592 kB
Inactive(file):    39908 kB
Unevictable:          80 kB
Mlocked:        34359738448 kB
SwapTotal:             0 kB
SwapFree:              0 kB
Dirty:              6108 kB
Writeback:             0 kB
AnonPages:       3626260 kB
Mapped:            87548 kB
Shmem:             38836 kB
Slab:              63444 kB
SReclaimable:      26216 kB
SUnreclaim:        37228 kB
KernelStack:       12400 kB
PageTables:        54492 kB
NFS_Unstable:          0 kB
Bounce:                0 kB
WritebackTmp:          0 kB
CommitLimit:     2003540 kB
Committed_AS:    9130404 kB
VmallocTotal:   34359738367 kB
VmallocUsed:           0 kB
VmallocChunk:          0 kB
HardwareCorrupted:     0 kB
AnonHugePages:   1570816 kB
HugePages_Total:       0
HugePages_Free:        0
HugePages_Rsvd:        0
HugePages_Surp:        0
Hugepagesize:       2048 kB
DirectMap4k:      145808 kB
DirectMap2M:     4003840 kB


CPU:total 4 (2 cores per cpu, 2 threads per core) family 6 model 42 stepping 7, cmov, cx8, fxsr, mmx, sse, sse2, sse3, ssse3, sse4.1, sse4.2, popcnt, avx, clmul, ht, tsc, tscinvbit

/proc/cpuinfo:
processor	: 0
vendor_id	: GenuineIntel
cpu family	: 6
model		: 42
model name	: Intel(R) Core(TM) i3-2120 CPU @ 3.30GHz
stepping	: 7
microcode	: 0x26
cpu MHz		: 3299.871
cache size	: 3072 KB
physical id	: 0
siblings	: 4
core id		: 0
cpu cores	: 2
apicid		: 0
initial apicid	: 0
fpu		: yes
fpu_exception	: yes
cpuid level	: 13
wp		: yes
flags		: fpu vme de pse tsc msr pae mce cx8 apic sep mtrr pge mca cmov pat pse36 clflush dts acpi mmx fxsr sse sse2 ss ht tm pbe syscall nx rdtscp lm constant_tsc arch_perfmon pebs bts rep_good nopl xtopology nonstop_tsc aperfmperf eagerfpu pni pclmulqdq dtes64 monitor ds_cpl vmx est tm2 ssse3 cx16 xtpr pdcm pcid sse4_1 sse4_2 popcnt tsc_deadline_timer xsave avx lahf_lm arat epb pln pts dtherm tpr_shadow vnmi flexpriority ept vpid xsaveopt
bugs		:
bogomips	: 6602.10
clflush size	: 64
cache_alignment	: 64
address sizes	: 36 bits physical, 48 bits virtual
power management:

processor	: 1
vendor_id	: GenuineIntel
cpu family	: 6
model		: 42
model name	: Intel(R) Core(TM) i3-2120 CPU @ 3.30GHz
stepping	: 7
microcode	: 0x26
cpu MHz		: 3286.980
cache size	: 3072 KB
physical id	: 0
siblings	: 4
core id		: 1
cpu cores	: 2
apicid		: 2
initial apicid	: 2
fpu		: yes
fpu_exception	: yes
cpuid level	: 13
wp		: yes
flags		: fpu vme de pse tsc msr pae mce cx8 apic sep mtrr pge mca cmov pat pse36 clflush dts acpi mmx fxsr sse sse2 ss ht tm pbe syscall nx rdtscp lm constant_tsc arch_perfmon pebs bts rep_good nopl xtopology nonstop_tsc aperfmperf eagerfpu pni pclmulqdq dtes64 monitor ds_cpl vmx est tm2 ssse3 cx16 xtpr pdcm pcid sse4_1 sse4_2 popcnt tsc_deadline_timer xsave avx lahf_lm arat epb pln pts dtherm tpr_shadow vnmi flexpriority ept vpid xsaveopt
bugs		:
bogomips	: 6602.10
clflush size	: 64
cache_alignment	: 64
address sizes	: 36 bits physical, 48 bits virtual
power management:

processor	: 2
vendor_id	: GenuineIntel
cpu family	: 6
model		: 42
model name	: Intel(R) Core(TM) i3-2120 CPU @ 3.30GHz
stepping	: 7
microcode	: 0x26
cpu MHz		: 3300.000
cache size	: 3072 KB
physical id	: 0
siblings	: 4
core id		: 0
cpu cores	: 2
apicid		: 1
initial apicid	: 1
fpu		: yes
fpu_exception	: yes
cpuid level	: 13
wp		: yes
flags		: fpu vme de pse tsc msr pae mce cx8 apic sep mtrr pge mca cmov pat pse36 clflush dts acpi mmx fxsr sse sse2 ss ht tm pbe syscall nx rdtscp lm constant_tsc arch_perfmon pebs bts rep_good nopl xtopology nonstop_tsc aperfmperf eagerfpu pni pclmulqdq dtes64 monitor ds_cpl vmx est tm2 ssse3 cx16 xtpr pdcm pcid sse4_1 sse4_2 popcnt tsc_deadline_timer xsave avx lahf_lm arat epb pln pts dtherm tpr_shadow vnmi flexpriority ept vpid xsaveopt
bugs		:
bogomips	: 6602.10
clflush size	: 64
cache_alignment	: 64
address sizes	: 36 bits physical, 48 bits virtual
power management:

processor	: 3
vendor_id	: GenuineIntel
cpu family	: 6
model		: 42
model name	: Intel(R) Core(TM) i3-2120 CPU @ 3.30GHz
stepping	: 7
microcode	: 0x26
cpu MHz		: 3299.871
cache size	: 3072 KB
physical id	: 0
siblings	: 4
core id		: 1
cpu cores	: 2
apicid		: 3
initial apicid	: 3
fpu		: yes
fpu_exception	: yes
cpuid level	: 13
wp		: yes
flags		: fpu vme de pse tsc msr pae mce cx8 apic sep mtrr pge mca cmov pat pse36 clflush dts acpi mmx fxsr sse sse2 ss ht tm pbe syscall nx rdtscp lm constant_tsc arch_perfmon pebs bts rep_good nopl xtopology nonstop_tsc aperfmperf eagerfpu pni pclmulqdq dtes64 monitor ds_cpl vmx est tm2 ssse3 cx16 xtpr pdcm pcid sse4_1 sse4_2 popcnt tsc_deadline_timer xsave avx lahf_lm arat epb pln pts dtherm tpr_shadow vnmi flexpriority ept vpid xsaveopt
bugs		:
bogomips	: 6602.10
clflush size	: 64
cache_alignment	: 64
address sizes	: 36 bits physical, 48 bits virtual
power management:



Memory: 4k page, physical 4007080k(26960k free), swap 0k(0k free)

vm_info: Java HotSpot(TM) 64-Bit Server VM (25.72-b15) for linux-amd64 JRE (1.8.0_72-b15), built on Dec 22 2015 22:00:07 by "java_re" with gcc 4.3.0 20080428 (Red Hat 4.3.0-8)

time: Thu Feb 18 21:58:41 2016
elapsed time: 2 seconds (0d 0h 0m 2s)

