#
# There is insufficient memory for the Java Runtime Environment to continue.
# Native memory allocation (mmap) failed to map 60817408 bytes for committing reserved memory.
# Possible reasons:
#   The system is out of physical RAM or swap space
#   In 32 bit mode, the process size limit was hit
# Possible solutions:
#   Reduce memory load on the system
#   Increase physical memory or swap space
#   Check if swap backing store is full
#   Use 64 bit Java on a 64 bit OS
#   Decrease Java heap size (-Xmx/-Xms)
#   Decrease number of Java threads
#   Decrease Java thread stack sizes (-Xss)
#   Set larger code cache with -XX:ReservedCodeCacheSize=
# This output file may be truncated or incomplete.
#
#  Out of Memory Error (os_linux.cpp:2627), pid=4331, tid=140557898716928
#
# JRE version: Java(TM) SE Runtime Environment (8.0_72-b15) (build 1.8.0_72-b15)
# Java VM: Java HotSpot(TM) 64-Bit Server VM (25.72-b15 mixed mode linux-amd64 compressed oops)
# Core dump written. Default location: /home/youngbin/mailtracker-android/app/core or core.4331
#

---------------  T H R E A D  ---------------

Current thread (0x00007fd64c076800):  VMThread [stack: 0x00007fd62f8f9000,0x00007fd62f9fa000] [id=4346]

Stack: [0x00007fd62f8f9000,0x00007fd62f9fa000],  sp=0x00007fd62f9f8020,  free space=1020k
Native frames: (J=compiled Java code, j=interpreted, Vv=VM code, C=native code)
V  [libjvm.so+0xaba7ea]  VMError::report_and_die()+0x2ba
V  [libjvm.so+0x4f9e3b]  report_vm_out_of_memory(char const*, int, unsigned long, VMErrorType, char const*)+0x8b
V  [libjvm.so+0x91b613]  os::Linux::commit_memory_impl(char*, unsigned long, bool)+0x103
V  [libjvm.so+0x91bb69]  os::pd_commit_memory(char*, unsigned long, unsigned long, bool)+0x29
V  [libjvm.so+0x915e6a]  os::commit_memory(char*, unsigned long, unsigned long, bool)+0x2a
V  [libjvm.so+0x989543]  PSVirtualSpace::expand_by(unsigned long)+0x53
V  [libjvm.so+0x979e30]  PSOldGen::expand(unsigned long)+0x170
V  [libjvm.so+0x97a03b]  PSOldGen::resize(unsigned long)+0x1cb
V  [libjvm.so+0x981d11]  PSParallelCompact::invoke_no_policy(bool)+0x991
V  [libjvm.so+0x98766d]  PSScavenge::invoke()+0x1ad
V  [libjvm.so+0x93f300]  ParallelScavengeHeap::failed_mem_allocate(unsigned long)+0x70
V  [libjvm.so+0xabc207]  VM_ParallelGCFailedAllocation::doit()+0x97
V  [libjvm.so+0xac3c35]  VM_Operation::evaluate()+0x55
V  [libjvm.so+0xac200a]  VMThread::evaluate_operation(VM_Operation*)+0xba
V  [libjvm.so+0xac238e]  VMThread::loop()+0x1ce
V  [libjvm.so+0xac2800]  VMThread::run()+0x70
V  [libjvm.so+0x91d9d8]  java_start(Thread*)+0x108

VM_Operation (0x00007fd62ef9ec30): ParallelGCFailedAllocation, mode: safepoint, requested by thread 0x00007fd64c236000


---------------  P R O C E S S  ---------------

Java Threads: ( => current thread )
  0x00007fd64c28f000 JavaThread "pool-2-thread-4" [_thread_blocked, id=4364, stack(0x00007fd62ea9c000,0x00007fd62eb9d000)]
  0x00007fd64c28d000 JavaThread "pool-2-thread-3" [_thread_blocked, id=4363, stack(0x00007fd62eb9d000,0x00007fd62ec9e000)]
  0x00007fd64c28b000 JavaThread "pool-2-thread-2" [_thread_blocked, id=4362, stack(0x00007fd62ec9e000,0x00007fd62ed9f000)]
  0x00007fd64c28a000 JavaThread "pool-3-thread-1" [_thread_blocked, id=4361, stack(0x00007fd62ed9f000,0x00007fd62eea0000)]
  0x00007fd64c236000 JavaThread "pool-2-thread-1" [_thread_blocked, id=4360, stack(0x00007fd62eea0000,0x00007fd62efa1000)]
  0x00007fd64c0c6800 JavaThread "Service Thread" daemon [_thread_blocked, id=4353, stack(0x00007fd62f0a2000,0x00007fd62f1a3000)]
  0x00007fd64c0bb800 JavaThread "C1 CompilerThread2" daemon [_thread_blocked, id=4352, stack(0x00007fd62f1a3000,0x00007fd62f2a4000)]
  0x00007fd64c0ba000 JavaThread "C2 CompilerThread1" daemon [_thread_blocked, id=4351, stack(0x00007fd62f2a4000,0x00007fd62f3a5000)]
  0x00007fd64c0b7000 JavaThread "C2 CompilerThread0" daemon [_thread_in_native, id=4350, stack(0x00007fd62f3a5000,0x00007fd62f4a6000)]
  0x00007fd64c0b5800 JavaThread "Signal Dispatcher" daemon [_thread_blocked, id=4349, stack(0x00007fd62f4a6000,0x00007fd62f5a7000)]
  0x00007fd64c082800 JavaThread "Finalizer" daemon [_thread_blocked, id=4348, stack(0x00007fd62f6f7000,0x00007fd62f7f8000)]
  0x00007fd64c07e000 JavaThread "Reference Handler" daemon [_thread_blocked, id=4347, stack(0x00007fd62f7f8000,0x00007fd62f8f9000)]
  0x00007fd64c008800 JavaThread "main" [_thread_blocked, id=4333, stack(0x00007fd655a13000,0x00007fd655b14000)]

Other Threads:
=>0x00007fd64c076800 VMThread [stack: 0x00007fd62f8f9000,0x00007fd62f9fa000] [id=4346]
  0x00007fd64c0c9800 WatcherThread [stack: 0x00007fd62efa1000,0x00007fd62f0a2000] [id=4354]

VM state:at safepoint (normal execution)

VM Mutex/Monitor currently owned by a thread:  ([mutex/lock_event])
[0x00007fd64c005e20] ExpandHeap_lock - owner thread: 0x00007fd64c076800
[0x00007fd64c0064a0] Threads_lock - owner thread: 0x00007fd64c076800
[0x00007fd64c0069a0] Heap_lock - owner thread: 0x00007fd64c236000

Heap:
 PSYoungGen      total 275968K, used 29241K [0x00000000eab00000, 0x0000000100000000, 0x0000000100000000)
  eden space 242688K, 0% used [0x00000000eab00000,0x00000000eab00000,0x00000000f9800000)
  from space 33280K, 87% used [0x00000000f9800000,0x00000000fb48e500,0x00000000fb880000)
  to   space 55296K, 0% used [0x00000000fca00000,0x00000000fca00000,0x0000000100000000)
 ParOldGen       total 120832K, used 120537K [0x00000000c0000000, 0x00000000c7600000, 0x00000000eab00000)
  object space 120832K, 99% used [0x00000000c0000000,0x00000000c75b64b8,0x00000000c7600000)
 Metaspace       used 6496K, capacity 7256K, committed 7424K, reserved 1056768K
  class space    used 614K, capacity 656K, committed 768K, reserved 1048576K

Card table byte_map: [0x00007fd652c3c000,0x00007fd652e3d000] byte_map_base: 0x00007fd65263c000

Marking Bits: (ParMarkBitMap*) 0x00007fd654f20100
 Begin Bits: [0x00007fd6506e2000, 0x00007fd6516e2000)
 End Bits:   [0x00007fd6516e2000, 0x00007fd6526e2000)

Polling page: 0x00007fd655b45000

CodeCache: size=245760Kb used=9277Kb max_used=9277Kb free=236483Kb
 bounds [0x00007fd63d000000, 0x00007fd63d920000, 0x00007fd64c000000]
 total_blobs=2630 nmethods=2361 adapters=182
 compilation: enabled

Compilation events (10 events):
Event: 242.863 Thread 0x00007fd64c0bb800 2538       2       java.util.HashMap$TreeNode::getTreeNode (22 bytes)
Event: 242.863 Thread 0x00007fd64c0bb800 nmethod 2538 0x00007fd63d913b10 code [0x00007fd63d913c80, 0x00007fd63d913e68]
Event: 242.867 Thread 0x00007fd64c0bb800 2540       1       com.android.dx.rop.code.Insn$BaseVisitor::visitThrowingInsn (1 bytes)
Event: 242.867 Thread 0x00007fd64c0bb800 nmethod 2540 0x00007fd63d913fd0 code [0x00007fd63d914120, 0x00007fd63d914230]
Event: 242.980 Thread 0x00007fd64c0bb800 2542 %     3       sun.util.calendar.ZoneInfo::getTransitionIndex @ 12 (156 bytes)
Event: 242.981 Thread 0x00007fd64c0bb800 nmethod 2542% 0x00007fd63d914290 code [0x00007fd63d914420, 0x00007fd63d914950]
Event: 242.990 Thread 0x00007fd64c0bb800 2544 %     3       java.util.HashMap$HashIterator::<init> @ 48 (79 bytes)
Event: 242.990 Thread 0x00007fd64c0bb800 nmethod 2544% 0x00007fd63d914d50 code [0x00007fd63d914ee0, 0x00007fd63d9152b0]
Event: 243.029 Thread 0x00007fd64c0bb800 2546       2       com.android.dx.dex.file.AnnotationsDirectoryItem::addFieldAnnotations (44 bytes)
Event: 243.030 Thread 0x00007fd64c0bb800 nmethod 2546 0x00007fd63d915450 code [0x00007fd63d915600, 0x00007fd63d915a48]

GC Heap History (10 events):
Event: 239.043 GC heap after
Heap after GC invocations=9 (full 1):
 PSYoungGen      total 261120K, used 11228K [0x00000000eab00000, 0x00000000fd700000, 0x0000000100000000)
  eden space 238080K, 0% used [0x00000000eab00000,0x00000000eab00000,0x00000000f9380000)
  from space 23040K, 48% used [0x00000000fb180000,0x00000000fbc77250,0x00000000fc800000)
  to   space 30720K, 0% used [0x00000000f9380000,0x00000000f9380000,0x00000000fb180000)
 ParOldGen       total 71168K, used 42069K [0x00000000c0000000, 0x00000000c4580000, 0x00000000eab00000)
  object space 71168K, 59% used [0x00000000c0000000,0x00000000c2915518,0x00000000c4580000)
 Metaspace       used 6282K, capacity 7152K, committed 7296K, reserved 1056768K
  class space    used 594K, capacity 616K, committed 640K, reserved 1048576K
}
Event: 240.113 GC heap before
{Heap before GC invocations=10 (full 1):
 PSYoungGen      total 261120K, used 249308K [0x00000000eab00000, 0x00000000fd700000, 0x0000000100000000)
  eden space 238080K, 100% used [0x00000000eab00000,0x00000000f9380000,0x00000000f9380000)
  from space 23040K, 48% used [0x00000000fb180000,0x00000000fbc77250,0x00000000fc800000)
  to   space 30720K, 0% used [0x00000000f9380000,0x00000000f9380000,0x00000000fb180000)
 ParOldGen       total 71168K, used 42069K [0x00000000c0000000, 0x00000000c4580000, 0x00000000eab00000)
  object space 71168K, 59% used [0x00000000c0000000,0x00000000c2915518,0x00000000c4580000)
 Metaspace       used 6472K, capacity 7256K, committed 7424K, reserved 1056768K
  class space    used 614K, capacity 656K, committed 768K, reserved 1048576K
Event: 240.634 GC heap after
Heap after GC invocations=10 (full 1):
 PSYoungGen      total 268800K, used 30689K [0x00000000eab00000, 0x0000000100000000, 0x0000000100000000)
  eden space 238080K, 0% used [0x00000000eab00000,0x00000000eab00000,0x00000000f9380000)
  from space 30720K, 99% used [0x00000000f9380000,0x00000000fb1786d0,0x00000000fb180000)
  to   space 43008K, 0% used [0x00000000fd600000,0x00000000fd600000,0x0000000100000000)
 ParOldGen       total 71168K, used 57882K [0x00000000c0000000, 0x00000000c4580000, 0x00000000eab00000)
  object space 71168K, 81% used [0x00000000c0000000,0x00000000c38868c0,0x00000000c4580000)
 Metaspace       used 6472K, capacity 7256K, committed 7424K, reserved 1056768K
  class space    used 614K, capacity 656K, committed 768K, reserved 1048576K
}
Event: 240.653 GC heap before
{Heap before GC invocations=11 (full 2):
 PSYoungGen      total 268800K, used 30689K [0x00000000eab00000, 0x0000000100000000, 0x0000000100000000)
  eden space 238080K, 0% used [0x00000000eab00000,0x00000000eab00000,0x00000000f9380000)
  from space 30720K, 99% used [0x00000000f9380000,0x00000000fb1786d0,0x00000000fb180000)
  to   space 43008K, 0% used [0x00000000fd600000,0x00000000fd600000,0x0000000100000000)
 ParOldGen       total 71168K, used 57882K [0x00000000c0000000, 0x00000000c4580000, 0x00000000eab00000)
  object space 71168K, 81% used [0x00000000c0000000,0x00000000c38868c0,0x00000000c4580000)
 Metaspace       used 6472K, capacity 7256K, committed 7424K, reserved 1056768K
  class space    used 614K, capacity 656K, committed 768K, reserved 1048576K
Event: 241.055 GC heap after
Heap after GC invocations=11 (full 2):
 PSYoungGen      total 268800K, used 15779K [0x00000000eab00000, 0x0000000100000000, 0x0000000100000000)
  eden space 238080K, 0% used [0x00000000eab00000,0x00000000eab00000,0x00000000f9380000)
  from space 30720K, 51% used [0x00000000f9380000,0x00000000fa2e8f70,0x00000000fb180000)
  to   space 43008K, 0% used [0x00000000fd600000,0x00000000fd600000,0x0000000100000000)
 ParOldGen       total 110080K, used 70776K [0x00000000c0000000, 0x00000000c6b80000, 0x00000000eab00000)
  object space 110080K, 64% used [0x00000000c0000000,0x00000000c451e398,0x00000000c6b80000)
 Metaspace       used 6472K, capacity 7256K, committed 7424K, reserved 1056768K
  class space    used 614K, capacity 656K, committed 768K, reserved 1048576K
}
Event: 242.114 GC heap before
{Heap before GC invocations=12 (full 2):
 PSYoungGen      total 268800K, used 253859K [0x00000000eab00000, 0x0000000100000000, 0x0000000100000000)
  eden space 238080K, 100% used [0x00000000eab00000,0x00000000f9380000,0x00000000f9380000)
  from space 30720K, 51% used [0x00000000f9380000,0x00000000fa2e8f70,0x00000000fb180000)
  to   space 43008K, 0% used [0x00000000fd600000,0x00000000fd600000,0x0000000100000000)
 ParOldGen       total 110080K, used 70776K [0x00000000c0000000, 0x00000000c6b80000, 0x00000000eab00000)
  object space 110080K, 64% used [0x00000000c0000000,0x00000000c451e398,0x00000000c6b80000)
 Metaspace       used 6485K, capacity 7256K, committed 7424K, reserved 1056768K
  class space    used 614K, capacity 656K, committed 768K, reserved 1048576K
Event: 242.260 GC heap after
Heap after GC invocations=12 (full 2):
 PSYoungGen      total 285696K, used 42984K [0x00000000eab00000, 0x0000000100000000, 0x0000000100000000)
  eden space 242688K, 0% used [0x00000000eab00000,0x00000000eab00000,0x00000000f9800000)
  from space 43008K, 99% used [0x00000000fd600000,0x00000000ffffa170,0x0000000100000000)
  to   space 53248K, 0% used [0x00000000f9800000,0x00000000f9800000,0x00000000fcc00000)
 ParOldGen       total 110080K, used 77448K [0x00000000c0000000, 0x00000000c6b80000, 0x00000000eab00000)
  object space 110080K, 70% used [0x00000000c0000000,0x00000000c4ba2170,0x00000000c6b80000)
 Metaspace       used 6485K, capacity 7256K, committed 7424K, reserved 1056768K
  class space    used 614K, capacity 656K, committed 768K, reserved 1048576K
}
Event: 243.043 GC heap before
{Heap before GC invocations=13 (full 2):
 PSYoungGen      total 285696K, used 285672K [0x00000000eab00000, 0x0000000100000000, 0x0000000100000000)
  eden space 242688K, 100% used [0x00000000eab00000,0x00000000f9800000,0x00000000f9800000)
  from space 43008K, 99% used [0x00000000fd600000,0x00000000ffffa170,0x0000000100000000)
  to   space 53248K, 0% used [0x00000000f9800000,0x00000000f9800000,0x00000000fcc00000)
 ParOldGen       total 110080K, used 77448K [0x00000000c0000000, 0x00000000c6b80000, 0x00000000eab00000)
  object space 110080K, 70% used [0x00000000c0000000,0x00000000c4ba2170,0x00000000c6b80000)
 Metaspace       used 6496K, capacity 7256K, committed 7424K, reserved 1056768K
  class space    used 614K, capacity 656K, committed 768K, reserved 1048576K
Event: 243.236 GC heap after
Heap after GC invocations=13 (full 2):
 PSYoungGen      total 275968K, used 33044K [0x00000000eab00000, 0x0000000100000000, 0x0000000100000000)
  eden space 242688K, 0% used [0x00000000eab00000,0x00000000eab00000,0x00000000f9800000)
  from space 33280K, 99% used [0x00000000f9800000,0x00000000fb845310,0x00000000fb880000)
  to   space 55296K, 0% used [0x00000000fca00000,0x00000000fca00000,0x0000000100000000)
 ParOldGen       total 120832K, used 120481K [0x00000000c0000000, 0x00000000c7600000, 0x00000000eab00000)
  object space 120832K, 99% used [0x00000000c0000000,0x00000000c75a84e0,0x00000000c7600000)
 Metaspace       used 6496K, capacity 7256K, committed 7424K, reserved 1056768K
  class space    used 614K, capacity 656K, committed 768K, reserved 1048576K
}
Event: 243.236 GC heap before
{Heap before GC invocations=14 (full 3):
 PSYoungGen      total 275968K, used 33044K [0x00000000eab00000, 0x0000000100000000, 0x0000000100000000)
  eden space 242688K, 0% used [0x00000000eab00000,0x00000000eab00000,0x00000000f9800000)
  from space 33280K, 99% used [0x00000000f9800000,0x00000000fb845310,0x00000000fb880000)
  to   space 55296K, 0% used [0x00000000fca00000,0x00000000fca00000,0x0000000100000000)
 ParOldGen       total 120832K, used 120481K [0x00000000c0000000, 0x00000000c7600000, 0x00000000eab00000)
  object space 120832K, 99% used [0x00000000c0000000,0x00000000c75a84e0,0x00000000c7600000)
 Metaspace       used 6496K, capacity 7256K, committed 7424K, reserved 1056768K
  class space    used 614K, capacity 656K, committed 768K, reserved 1048576K

Deoptimization events (10 events):
Event: 239.649 Thread 0x00007fd64c236000 Uncommon trap: reason=bimorphic action=maybe_recompile pc=0x00007fd63d72aef0 method=com.android.dx.ssa.LiteralOpUpgrader.tryReplacingWithConstant(Lcom/android/dx/ssa/NormalSsaInsn;)Z @ 62
Event: 241.154 Thread 0x00007fd64c236000 Uncommon trap: reason=unstable_if action=reinterpret pc=0x00007fd63d852db0 method=com.android.dx.rop.code.LocalVariableInfo.mergeStarts(ILcom/android/dx/rop/code/RegisterSpecSet;)Z @ 31
Event: 241.199 Thread 0x00007fd64c008800 Uncommon trap: reason=unstable_if action=reinterpret pc=0x00007fd63d33eb0c method=com.android.dx.dex.code.OutputFinisher.hasLocalInfo(Lcom/android/dx/dex/code/DalvInsn;)Z @ 24
Event: 241.530 Thread 0x00007fd64c28d000 Uncommon trap: reason=unstable_if action=reinterpret pc=0x00007fd63d33b42c method=java.util.HashMap.getNode(ILjava/lang/Object;)Ljava/util/HashMap$Node; @ 84
Event: 242.413 Thread 0x00007fd64c28b000 Uncommon trap: reason=bimorphic action=maybe_recompile pc=0x00007fd63d8dede4 method=com.android.dx.rop.code.RegisterSpec.withSimpleType()Lcom/android/dx/rop/code/RegisterSpec; @ 21
Event: 242.413 Thread 0x00007fd64c28b000 Uncommon trap: reason=bimorphic action=maybe_recompile pc=0x00007fd63d8dede4 method=com.android.dx.rop.code.RegisterSpec.withSimpleType()Lcom/android/dx/rop/code/RegisterSpec; @ 21
Event: 242.421 Thread 0x00007fd64c236000 Uncommon trap: reason=bimorphic action=maybe_recompile pc=0x00007fd63d72aef0 method=com.android.dx.ssa.LiteralOpUpgrader.tryReplacingWithConstant(Lcom/android/dx/ssa/NormalSsaInsn;)Z @ 62
Event: 242.423 Thread 0x00007fd64c28b000 Uncommon trap: reason=bimorphic action=maybe_recompile pc=0x00007fd63d8dede4 method=com.android.dx.rop.code.RegisterSpec.withSimpleType()Lcom/android/dx/rop/code/RegisterSpec; @ 21
Event: 242.423 Thread 0x00007fd64c28b000 Uncommon trap: reason=bimorphic action=maybe_recompile pc=0x00007fd63d8dede4 method=com.android.dx.rop.code.RegisterSpec.withSimpleType()Lcom/android/dx/rop/code/RegisterSpec; @ 21
Event: 242.529 Thread 0x00007fd64c28f000 Uncommon trap: reason=bimorphic action=maybe_recompile pc=0x00007fd63d72aef0 method=com.android.dx.ssa.LiteralOpUpgrader.tryReplacingWithConstant(Lcom/android/dx/ssa/NormalSsaInsn;)Z @ 62

Internal exceptions (8 events):
Event: 0.020 Thread 0x00007fd64c008800 Exception <a 'java/lang/NoSuchMethodError': Method sun.misc.Unsafe.defineClass(Ljava/lang/String;[BII)Ljava/lang/Class; name or signature does not match> (0x00000000eab07cc0) thrown at [/HUDSON/workspace/8-2-build-linux-amd64/jdk8u72/5732/hotspot/src/shar
Event: 0.020 Thread 0x00007fd64c008800 Exception <a 'java/lang/NoSuchMethodError': Method sun.misc.Unsafe.prefetchRead(Ljava/lang/Object;J)V name or signature does not match> (0x00000000eab07fa8) thrown at [/HUDSON/workspace/8-2-build-linux-amd64/jdk8u72/5732/hotspot/src/share/vm/prims/jni.cpp
Event: 1.097 Thread 0x00007fd64c28b000 Implicit null exception at 0x00007fd63d301a62 to 0x00007fd63d301b53
Event: 1.506 Thread 0x00007fd64c28d000 Implicit null exception at 0x00007fd63d2daa0e to 0x00007fd63d2dd079
Event: 239.154 Thread 0x00007fd64c28d000 Implicit null exception at 0x00007fd63d6f9346 to 0x00007fd63d6fac59
Event: 239.354 Thread 0x00007fd64c28b000 Exception <a 'java/lang/ArrayIndexOutOfBoundsException': 18> (0x00000000ee2a0fd8) thrown at [/HUDSON/workspace/8-2-build-linux-amd64/jdk8u72/5732/hotspot/src/share/vm/interpreter/interpreterRuntime.cpp, line 366]
Event: 239.354 Thread 0x00007fd64c28b000 Exception <a 'java/lang/ArrayIndexOutOfBoundsException': 145> (0x00000000ee2a2b58) thrown at [/HUDSON/workspace/8-2-build-linux-amd64/jdk8u72/5732/hotspot/src/share/vm/interpreter/interpreterRuntime.cpp, line 366]
Event: 239.357 Thread 0x00007fd64c28b000 Exception <a 'java/lang/ArrayIndexOutOfBoundsException'> (0x00000000ee2a3e40) thrown at [/HUDSON/workspace/8-2-build-linux-amd64/jdk8u72/5732/hotspot/src/share/vm/runtime/sharedRuntime.cpp, line 605]

Events (10 events):
Event: 243.006 Thread 0x00007fd64c28d000 DEOPT UNPACKING pc=0x00007fd63d047633 sp=0x00007fd62ec9bc10 mode 0
Event: 243.016 Thread 0x00007fd64c28f000 DEOPT PACKING pc=0x00007fd63d3b66ac sp=0x00007fd62eb9b050
Event: 243.016 Thread 0x00007fd64c28f000 DEOPT UNPACKING pc=0x00007fd63d047633 sp=0x00007fd62eb9ad50 mode 0
Event: 243.023 Thread 0x00007fd64c28b000 DEOPT PACKING pc=0x00007fd63d2952c3 sp=0x00007fd62ed9ccf0
Event: 243.023 Thread 0x00007fd64c28b000 DEOPT UNPACKING pc=0x00007fd63d047633 sp=0x00007fd62ed9ca68 mode 0
Event: 243.029 Thread 0x00007fd64c28d000 DEOPT PACKING pc=0x00007fd63d2e8860 sp=0x00007fd62ec9bcf0
Event: 243.029 Thread 0x00007fd64c28d000 DEOPT UNPACKING pc=0x00007fd63d047633 sp=0x00007fd62ec9baf0 mode 0
Event: 243.040 Thread 0x00007fd64c236000 DEOPT PACKING pc=0x00007fd63d2ea7ed sp=0x00007fd62ef9eac0
Event: 243.040 Thread 0x00007fd64c236000 DEOPT UNPACKING pc=0x00007fd63d047633 sp=0x00007fd62ef9e848 mode 0
Event: 243.043 Executing VM operation: ParallelGCFailedAllocation


Dynamic libraries:
00400000-00401000 r-xp 00000000 08:06 399874                             /usr/lib/jvm/java-8-jdk/jre/bin/java
00600000-00601000 rw-p 00000000 08:06 399874                             /usr/lib/jvm/java-8-jdk/jre/bin/java
019ff000-01a20000 rw-p 00000000 00:00 0                                  [heap]
c0000000-c7600000 rw-p 00000000 00:00 0 
cb000000-eab00000 ---p 00000000 00:00 0 
eab00000-100000000 rw-p 00000000 00:00 0 
100000000-1000c0000 rw-p 00000000 00:00 0 
1000c0000-140000000 ---p 00000000 00:00 0 
7fd5f0000000-7fd5f0046000 rw-p 00000000 00:00 0 
7fd5f0046000-7fd5f4000000 ---p 00000000 00:00 0 
7fd5f4000000-7fd5f4069000 rw-p 00000000 00:00 0 
7fd5f4069000-7fd5f8000000 ---p 00000000 00:00 0 
7fd5f8000000-7fd5f8053000 rw-p 00000000 00:00 0 
7fd5f8053000-7fd5fc000000 ---p 00000000 00:00 0 
7fd5fc000000-7fd5fc045000 rw-p 00000000 00:00 0 
7fd5fc045000-7fd600000000 ---p 00000000 00:00 0 
7fd600000000-7fd600021000 rw-p 00000000 00:00 0 
7fd600021000-7fd604000000 ---p 00000000 00:00 0 
7fd604000000-7fd604021000 rw-p 00000000 00:00 0 
7fd604021000-7fd608000000 ---p 00000000 00:00 0 
7fd608000000-7fd608b2a000 rw-p 00000000 00:00 0 
7fd608b2a000-7fd60c000000 ---p 00000000 00:00 0 
7fd60c000000-7fd60c021000 rw-p 00000000 00:00 0 
7fd60c021000-7fd610000000 ---p 00000000 00:00 0 
7fd610000000-7fd611745000 rw-p 00000000 00:00 0 
7fd611745000-7fd614000000 ---p 00000000 00:00 0 
7fd614000000-7fd615326000 rw-p 00000000 00:00 0 
7fd615326000-7fd618000000 ---p 00000000 00:00 0 
7fd618000000-7fd618021000 rw-p 00000000 00:00 0 
7fd618021000-7fd61c000000 ---p 00000000 00:00 0 
7fd61c000000-7fd61c021000 rw-p 00000000 00:00 0 
7fd61c021000-7fd620000000 ---p 00000000 00:00 0 
7fd620000000-7fd6202c5000 rw-p 00000000 00:00 0 
7fd6202c5000-7fd624000000 ---p 00000000 00:00 0 
7fd624000000-7fd624021000 rw-p 00000000 00:00 0 
7fd624021000-7fd628000000 ---p 00000000 00:00 0 
7fd628000000-7fd628021000 rw-p 00000000 00:00 0 
7fd628021000-7fd62c000000 ---p 00000000 00:00 0 
7fd62ea9c000-7fd62ea9f000 ---p 00000000 00:00 0 
7fd62ea9f000-7fd62eb9d000 rw-p 00000000 00:00 0                          [stack:4364]
7fd62eb9d000-7fd62eba0000 ---p 00000000 00:00 0 
7fd62eba0000-7fd62ec9e000 rw-p 00000000 00:00 0                          [stack:4363]
7fd62ec9e000-7fd62eca1000 ---p 00000000 00:00 0 
7fd62eca1000-7fd62ed9f000 rw-p 00000000 00:00 0                          [stack:4362]
7fd62ed9f000-7fd62eda2000 ---p 00000000 00:00 0 
7fd62eda2000-7fd62eea0000 rw-p 00000000 00:00 0                          [stack:4361]
7fd62eea0000-7fd62eea3000 ---p 00000000 00:00 0 
7fd62eea3000-7fd62efa1000 rw-p 00000000 00:00 0                          [stack:4360]
7fd62efa1000-7fd62efa2000 ---p 00000000 00:00 0 
7fd62efa2000-7fd62f0a2000 rw-p 00000000 00:00 0                          [stack:4354]
7fd62f0a2000-7fd62f0a5000 ---p 00000000 00:00 0 
7fd62f0a5000-7fd62f1a3000 rw-p 00000000 00:00 0                          [stack:4353]
7fd62f1a3000-7fd62f1a6000 ---p 00000000 00:00 0 
7fd62f1a6000-7fd62f2a4000 rw-p 00000000 00:00 0                          [stack:4352]
7fd62f2a4000-7fd62f2a7000 ---p 00000000 00:00 0 
7fd62f2a7000-7fd62f3a5000 rw-p 00000000 00:00 0                          [stack:4351]
7fd62f3a5000-7fd62f3a8000 ---p 00000000 00:00 0 
7fd62f3a8000-7fd62f4a6000 rw-p 00000000 00:00 0                          [stack:4350]
7fd62f4a6000-7fd62f4a9000 ---p 00000000 00:00 0 
7fd62f4a9000-7fd62f5a7000 rw-p 00000000 00:00 0                          [stack:4349]
7fd62f5a7000-7fd62f6f7000 r--p 00000000 08:06 163465                     /usr/lib/locale/locale-archive
7fd62f6f7000-7fd62f6fa000 ---p 00000000 00:00 0 
7fd62f6fa000-7fd62f7f8000 rw-p 00000000 00:00 0                          [stack:4348]
7fd62f7f8000-7fd62f7fb000 ---p 00000000 00:00 0 
7fd62f7fb000-7fd62f8f9000 rw-p 00000000 00:00 0                          [stack:4347]
7fd62f8f9000-7fd62f8fa000 ---p 00000000 00:00 0 
7fd62f8fa000-7fd630000000 rw-p 00000000 00:00 0                          [stack:4346]
7fd630000000-7fd630021000 rw-p 00000000 00:00 0 
7fd630021000-7fd634000000 ---p 00000000 00:00 0 
7fd634000000-7fd634021000 rw-p 00000000 00:00 0 
7fd634021000-7fd638000000 ---p 00000000 00:00 0 
7fd638000000-7fd638021000 rw-p 00000000 00:00 0 
7fd638021000-7fd63c000000 ---p 00000000 00:00 0 
7fd63c078000-7fd63c09f000 r--p 00000000 08:06 133207                     /usr/share/locale/ko/LC_MESSAGES/libc.mo
7fd63c09f000-7fd63c0d8000 r--s 006b4000 08:06 13238838                   /home/youngbin/mailtracker-android/app/build/intermediates/transforms/instantRunSlicer/debug/jars/1/1a/dependencies.jar
7fd63c0d8000-7fd63ce80000 rw-p 00000000 00:00 0 
7fd63ce80000-7fd63d000000 ---p 00000000 00:00 0 
7fd63d000000-7fd63d920000 rwxp 00000000 00:00 0 
7fd63d920000-7fd64c000000 ---p 00000000 00:00 0 
7fd64c000000-7fd64c3c9000 rw-p 00000000 00:00 0 
7fd64c3c9000-7fd650000000 ---p 00000000 00:00 0 
7fd650001000-7fd650294000 rw-p 00000000 00:00 0 
7fd650294000-7fd65046c000 r--s 03d1d000 08:06 399677                     /usr/lib/jvm/java-8-jdk/jre/lib/rt.jar
7fd65046c000-7fd6526e2000 rw-p 00000000 00:00 0 
7fd6526e2000-7fd6526e3000 ---p 00000000 00:00 0 
7fd6526e3000-7fd6527e3000 rw-p 00000000 00:00 0                          [stack:4344]
7fd6527e3000-7fd6527e4000 ---p 00000000 00:00 0 
7fd6527e4000-7fd6528e4000 rw-p 00000000 00:00 0                          [stack:4343]
7fd6528e4000-7fd6528e5000 ---p 00000000 00:00 0 
7fd6528e5000-7fd6529e5000 rw-p 00000000 00:00 0                          [stack:4342]
7fd6529e5000-7fd6529e6000 ---p 00000000 00:00 0 
7fd6529e6000-7fd652b21000 rw-p 00000000 00:00 0                          [stack:4341]
7fd652b21000-7fd652c3c000 ---p 00000000 00:00 0 
7fd652c3c000-7fd652c77000 rw-p 00000000 00:00 0 
7fd652c77000-7fd652d91000 ---p 00000000 00:00 0 
7fd652d91000-7fd652e3c000 rw-p 00000000 00:00 0 
7fd652e3c000-7fd652e62000 rw-p 00000000 00:00 0 
7fd652e62000-7fd6531fd000 ---p 00000000 00:00 0 
7fd6531fd000-7fd653217000 r-xp 00000000 08:06 399785                     /usr/lib/jvm/java-8-jdk/jre/lib/amd64/libzip.so
7fd653217000-7fd653417000 ---p 0001a000 08:06 399785                     /usr/lib/jvm/java-8-jdk/jre/lib/amd64/libzip.so
7fd653417000-7fd653418000 rw-p 0001a000 08:06 399785                     /usr/lib/jvm/java-8-jdk/jre/lib/amd64/libzip.so
7fd653418000-7fd653423000 r-xp 00000000 08:06 134332                     /usr/lib/libnss_files-2.22.so
7fd653423000-7fd653622000 ---p 0000b000 08:06 134332                     /usr/lib/libnss_files-2.22.so
7fd653622000-7fd653623000 r--p 0000a000 08:06 134332                     /usr/lib/libnss_files-2.22.so
7fd653623000-7fd653624000 rw-p 0000b000 08:06 134332                     /usr/lib/libnss_files-2.22.so
7fd653624000-7fd65362a000 rw-p 00000000 00:00 0 
7fd65362a000-7fd653654000 r-xp 00000000 08:06 399805                     /usr/lib/jvm/java-8-jdk/jre/lib/amd64/libjava.so
7fd653654000-7fd653854000 ---p 0002a000 08:06 399805                     /usr/lib/jvm/java-8-jdk/jre/lib/amd64/libjava.so
7fd653854000-7fd653856000 rw-p 0002a000 08:06 399805                     /usr/lib/jvm/java-8-jdk/jre/lib/amd64/libjava.so
7fd653856000-7fd653863000 r-xp 00000000 08:06 399791                     /usr/lib/jvm/java-8-jdk/jre/lib/amd64/libverify.so
7fd653863000-7fd653a63000 ---p 0000d000 08:06 399791                     /usr/lib/jvm/java-8-jdk/jre/lib/amd64/libverify.so
7fd653a63000-7fd653a65000 rw-p 0000d000 08:06 399791                     /usr/lib/jvm/java-8-jdk/jre/lib/amd64/libverify.so
7fd653a65000-7fd653a6c000 r-xp 00000000 08:06 134341                     /usr/lib/librt-2.22.so
7fd653a6c000-7fd653c6b000 ---p 00007000 08:06 134341                     /usr/lib/librt-2.22.so
7fd653c6b000-7fd653c6c000 r--p 00006000 08:06 134341                     /usr/lib/librt-2.22.so
7fd653c6c000-7fd653c6d000 rw-p 00007000 08:06 134341                     /usr/lib/librt-2.22.so
7fd653c6d000-7fd653d6a000 r-xp 00000000 08:06 134338                     /usr/lib/libm-2.22.so
7fd653d6a000-7fd653f69000 ---p 000fd000 08:06 134338                     /usr/lib/libm-2.22.so
7fd653f69000-7fd653f6a000 r--p 000fc000 08:06 134338                     /usr/lib/libm-2.22.so
7fd653f6a000-7fd653f6b000 rw-p 000fd000 08:06 134338                     /usr/lib/libm-2.22.so
7fd653f6b000-7fd654c2a000 r-xp 00000000 08:06 530091                     /usr/lib/jvm/java-8-jdk/jre/lib/amd64/server/libjvm.so
7fd654c2a000-7fd654e29000 ---p 00cbf000 08:06 530091                     /usr/lib/jvm/java-8-jdk/jre/lib/amd64/server/libjvm.so
7fd654e29000-7fd654f02000 rw-p 00cbe000 08:06 530091                     /usr/lib/jvm/java-8-jdk/jre/lib/amd64/server/libjvm.so
7fd654f02000-7fd654f4b000 rw-p 00000000 00:00 0 
7fd654f4b000-7fd6550e5000 r-xp 00000000 08:06 134279                     /usr/lib/libc-2.22.so
7fd6550e5000-7fd6552e5000 ---p 0019a000 08:06 134279                     /usr/lib/libc-2.22.so
7fd6552e5000-7fd6552e9000 r--p 0019a000 08:06 134279                     /usr/lib/libc-2.22.so
7fd6552e9000-7fd6552eb000 rw-p 0019e000 08:06 134279                     /usr/lib/libc-2.22.so
7fd6552eb000-7fd6552ef000 rw-p 00000000 00:00 0 
7fd6552ef000-7fd6552f2000 r-xp 00000000 08:06 134337                     /usr/lib/libdl-2.22.so
7fd6552f2000-7fd6554f1000 ---p 00003000 08:06 134337                     /usr/lib/libdl-2.22.so
7fd6554f1000-7fd6554f2000 r--p 00002000 08:06 134337                     /usr/lib/libdl-2.22.so
7fd6554f2000-7fd6554f3000 rw-p 00003000 08:06 134337                     /usr/lib/libdl-2.22.so
7fd6554f3000-7fd655508000 r-xp 00000000 08:06 530090                     /usr/lib/jvm/java-8-jdk/jre/lib/amd64/jli/libjli.so
7fd655508000-7fd655708000 ---p 00015000 08:06 530090                     /usr/lib/jvm/java-8-jdk/jre/lib/amd64/jli/libjli.so
7fd655708000-7fd655709000 rw-p 00015000 08:06 530090                     /usr/lib/jvm/java-8-jdk/jre/lib/amd64/jli/libjli.so
7fd655709000-7fd655721000 r-xp 00000000 08:06 134257                     /usr/lib/libpthread-2.22.so
7fd655721000-7fd655920000 ---p 00018000 08:06 134257                     /usr/lib/libpthread-2.22.so
7fd655920000-7fd655921000 r--p 00017000 08:06 134257                     /usr/lib/libpthread-2.22.so
7fd655921000-7fd655922000 rw-p 00018000 08:06 134257                     /usr/lib/libpthread-2.22.so
7fd655922000-7fd655926000 rw-p 00000000 00:00 0 
7fd655926000-7fd655948000 r-xp 00000000 08:06 134278                     /usr/lib/ld-2.22.so
7fd65594e000-7fd655a13000 rw-p 00000000 00:00 0 
7fd655a13000-7fd655a16000 ---p 00000000 00:00 0 
7fd655a16000-7fd655b19000 rw-p 00000000 00:00 0                          [stack:4333]
7fd655b19000-7fd655b28000 r--s 000df000 08:06 13763614                   /home/youngbin/Android/Sdk/build-tools/23.0.2/lib/dx.jar
7fd655b28000-7fd655b3c000 rw-p 00000000 00:00 0 
7fd655b3c000-7fd655b44000 rw-s 00000000 00:22 780611                     /tmp/hsperfdata_youngbin/4331
7fd655b44000-7fd655b45000 rw-p 00000000 00:00 0 
7fd655b45000-7fd655b46000 ---p 00000000 00:00 0 
7fd655b46000-7fd655b47000 rw-p 00000000 00:00 0 
7fd655b47000-7fd655b48000 r--p 00021000 08:06 134278                     /usr/lib/ld-2.22.so
7fd655b48000-7fd655b49000 rw-p 00022000 08:06 134278                     /usr/lib/ld-2.22.so
7fd655b49000-7fd655b4a000 rw-p 00000000 00:00 0 
7ffd8ddf3000-7ffd8de14000 rw-p 00000000 00:00 0                          [stack]
7ffd8de51000-7ffd8de53000 r--p 00000000 00:00 0                          [vvar]
7ffd8de53000-7ffd8de55000 r-xp 00000000 00:00 0                          [vdso]
ffffffffff600000-ffffffffff601000 r-xp 00000000 00:00 0                  [vsyscall]

VM Arguments:
jvm_args: -Djava.awt.headless=true -Xmx1024M -Dfile.encoding=UTF-8 -Duser.country=KR -Duser.language=ko -Duser.variant 
java_command: com.android.dx.command.Main --dex --num-threads=4 --multi-dex --output /home/youngbin/mailtracker-android/app/build/intermediates/transforms/dex/debug/folders/1000/1a/dependencies_82c8c2ddf79f65a1106b4faa60cabd333a42a34f /home/youngbin/mailtracker-android/app/build/intermediates/transforms/instantRunSlicer/debug/jars/1/1a/dependencies.jar
java_class_path (initial): /home/youngbin/Android/Sdk/build-tools/23.0.2/lib/dx.jar
Launcher Type: SUN_STANDARD

Environment Variables:
PATH=/usr/local/sbin:/usr/local/bin:/usr/bin:/usr/lib/jvm/default/bin:/usr/bin/site_perl:/usr/bin/vendor_perl:/usr/bin/core_perl
USERNAME=youngbin
LD_LIBRARY_PATH=/home/youngbin/android-studio/bin:
SHELL=/usr/bin/fish
DISPLAY=:1

Signal Handlers:
SIGSEGV: [libjvm.so+0xabb070], sa_mask[0]=11111111011111111101111111111110, sa_flags=SA_RESTART|SA_SIGINFO
SIGBUS: [libjvm.so+0xabb070], sa_mask[0]=11111111011111111101111111111110, sa_flags=SA_RESTART|SA_SIGINFO
SIGFPE: [libjvm.so+0x918480], sa_mask[0]=11111111011111111101111111111110, sa_flags=SA_RESTART|SA_SIGINFO
SIGPIPE: [libjvm.so+0x918480], sa_mask[0]=11111111011111111101111111111110, sa_flags=SA_RESTART|SA_SIGINFO
SIGXFSZ: [libjvm.so+0x918480], sa_mask[0]=11111111011111111101111111111110, sa_flags=SA_RESTART|SA_SIGINFO
SIGILL: [libjvm.so+0x918480], sa_mask[0]=11111111011111111101111111111110, sa_flags=SA_RESTART|SA_SIGINFO
SIGUSR1: SIG_DFL, sa_mask[0]=00000000000000000000000000000000, sa_flags=none
SIGUSR2: [libjvm.so+0x919ab0], sa_mask[0]=00100000000000000000000000000000, sa_flags=SA_RESTART|SA_SIGINFO
SIGHUP: [libjvm.so+0x91aeb0], sa_mask[0]=11111111011111111101111111111110, sa_flags=SA_RESTART|SA_SIGINFO
SIGINT: [libjvm.so+0x91aeb0], sa_mask[0]=11111111011111111101111111111110, sa_flags=SA_RESTART|SA_SIGINFO
SIGTERM: [libjvm.so+0x91aeb0], sa_mask[0]=11111111011111111101111111111110, sa_flags=SA_RESTART|SA_SIGINFO
SIGQUIT: [libjvm.so+0x91aeb0], sa_mask[0]=11111111011111111101111111111110, sa_flags=SA_RESTART|SA_SIGINFO


---------------  S Y S T E M  ---------------

OS:NAME="Antergos Linux"
VERSION="2015.12-ISO-Rolling"
ID="antergos"
ID_LIKE="arch"
PRETTY_NAME="Antergos Linux"
CPE_NAME="cpe:/o:antergosproject:antergos:2015.12"
ANSI_COLOR="1;34;40"
HOME_URL="https://antergos.com/"
SUPPORT_URL="https://forum.antergos.com/"
BUG_REPORT_URL="https://github.com/antergos"


uname:Linux 4.4.1-2-ARCH #1 SMP PREEMPT Wed Feb 3 13:12:33 UTC 2016 x86_64
libc:glibc 2.22 NPTL 2.22 
rlimit: STACK 8192k, CORE infinity, NPROC 14900, NOFILE 4096, AS infinity
load average:38.47 25.64 11.24

/proc/meminfo:
MemTotal:        4007080 kB
MemFree:           74588 kB
MemAvailable:     114184 kB
Buffers:             952 kB
Cached:            68936 kB
SwapCached:            0 kB
Active:          3650992 kB
Inactive:          60900 kB
Active(anon):    3645192 kB
Inactive(anon):    26028 kB
Active(file):       5800 kB
Inactive(file):    34872 kB
Unevictable:          80 kB
Mlocked:        34359738448 kB
SwapTotal:             0 kB
SwapFree:              0 kB
Dirty:               108 kB
Writeback:             0 kB
AnonPages:       3642792 kB
Mapped:            55020 kB
Shmem:             28508 kB
Slab:              65676 kB
SReclaimable:      28504 kB
SUnreclaim:        37172 kB
KernelStack:       11488 kB
PageTables:        47828 kB
NFS_Unstable:          0 kB
Bounce:                0 kB
WritebackTmp:          0 kB
CommitLimit:     2003540 kB
Committed_AS:    8242384 kB
VmallocTotal:   34359738367 kB
VmallocUsed:           0 kB
VmallocChunk:          0 kB
HardwareCorrupted:     0 kB
AnonHugePages:    884736 kB
HugePages_Total:       0
HugePages_Free:        0
HugePages_Rsvd:        0
HugePages_Surp:        0
Hugepagesize:       2048 kB
DirectMap4k:      147856 kB
DirectMap2M:     4001792 kB


CPU:total 4 (2 cores per cpu, 2 threads per core) family 6 model 42 stepping 7, cmov, cx8, fxsr, mmx, sse, sse2, sse3, ssse3, sse4.1, sse4.2, popcnt, avx, clmul, ht, tsc, tscinvbit

/proc/cpuinfo:
processor	: 0
vendor_id	: GenuineIntel
cpu family	: 6
model		: 42
model name	: Intel(R) Core(TM) i3-2120 CPU @ 3.30GHz
stepping	: 7
microcode	: 0x26
cpu MHz		: 3299.871
cache size	: 3072 KB
physical id	: 0
siblings	: 4
core id		: 0
cpu cores	: 2
apicid		: 0
initial apicid	: 0
fpu		: yes
fpu_exception	: yes
cpuid level	: 13
wp		: yes
flags		: fpu vme de pse tsc msr pae mce cx8 apic sep mtrr pge mca cmov pat pse36 clflush dts acpi mmx fxsr sse sse2 ss ht tm pbe syscall nx rdtscp lm constant_tsc arch_perfmon pebs bts rep_good nopl xtopology nonstop_tsc aperfmperf eagerfpu pni pclmulqdq dtes64 monitor ds_cpl vmx est tm2 ssse3 cx16 xtpr pdcm pcid sse4_1 sse4_2 popcnt tsc_deadline_timer xsave avx lahf_lm arat epb pln pts dtherm tpr_shadow vnmi flexpriority ept vpid xsaveopt
bugs		:
bogomips	: 6602.84
clflush size	: 64
cache_alignment	: 64
address sizes	: 36 bits physical, 48 bits virtual
power management:

processor	: 1
vendor_id	: GenuineIntel
cpu family	: 6
model		: 42
model name	: Intel(R) Core(TM) i3-2120 CPU @ 3.30GHz
stepping	: 7
microcode	: 0x26
cpu MHz		: 3299.871
cache size	: 3072 KB
physical id	: 0
siblings	: 4
core id		: 1
cpu cores	: 2
apicid		: 2
initial apicid	: 2
fpu		: yes
fpu_exception	: yes
cpuid level	: 13
wp		: yes
flags		: fpu vme de pse tsc msr pae mce cx8 apic sep mtrr pge mca cmov pat pse36 clflush dts acpi mmx fxsr sse sse2 ss ht tm pbe syscall nx rdtscp lm constant_tsc arch_perfmon pebs bts rep_good nopl xtopology nonstop_tsc aperfmperf eagerfpu pni pclmulqdq dtes64 monitor ds_cpl vmx est tm2 ssse3 cx16 xtpr pdcm pcid sse4_1 sse4_2 popcnt tsc_deadline_timer xsave avx lahf_lm arat epb pln pts dtherm tpr_shadow vnmi flexpriority ept vpid xsaveopt
bugs		:
bogomips	: 6602.84
clflush size	: 64
cache_alignment	: 64
address sizes	: 36 bits physical, 48 bits virtual
power management:

processor	: 2
vendor_id	: GenuineIntel
cpu family	: 6
model		: 42
model name	: Intel(R) Core(TM) i3-2120 CPU @ 3.30GHz
stepping	: 7
microcode	: 0x26
cpu MHz		: 3300.000
cache size	: 3072 KB
physical id	: 0
siblings	: 4
core id		: 0
cpu cores	: 2
apicid		: 1
initial apicid	: 1
fpu		: yes
fpu_exception	: yes
cpuid level	: 13
wp		: yes
flags		: fpu vme de pse tsc msr pae mce cx8 apic sep mtrr pge mca cmov pat pse36 clflush dts acpi mmx fxsr sse sse2 ss ht tm pbe syscall nx rdtscp lm constant_tsc arch_perfmon pebs bts rep_good nopl xtopology nonstop_tsc aperfmperf eagerfpu pni pclmulqdq dtes64 monitor ds_cpl vmx est tm2 ssse3 cx16 xtpr pdcm pcid sse4_1 sse4_2 popcnt tsc_deadline_timer xsave avx lahf_lm arat epb pln pts dtherm tpr_shadow vnmi flexpriority ept vpid xsaveopt
bugs		:
bogomips	: 6602.84
clflush size	: 64
cache_alignment	: 64
address sizes	: 36 bits physical, 48 bits virtual
power management:

processor	: 3
vendor_id	: GenuineIntel
cpu family	: 6
model		: 42
model name	: Intel(R) Core(TM) i3-2120 CPU @ 3.30GHz
stepping	: 7
microcode	: 0x26
cpu MHz		: 3299.871
cache size	: 3072 KB
physical id	: 0
siblings	: 4
core id		: 1
cpu cores	: 2
apicid		: 3
initial apicid	: 3
fpu		: yes
fpu_exception	: yes
cpuid level	: 13
wp		: yes
flags		: fpu vme de pse tsc msr pae mce cx8 apic sep mtrr pge mca cmov pat pse36 clflush dts acpi mmx fxsr sse sse2 ss ht tm pbe syscall nx rdtscp lm constant_tsc arch_perfmon pebs bts rep_good nopl xtopology nonstop_tsc aperfmperf eagerfpu pni pclmulqdq dtes64 monitor ds_cpl vmx est tm2 ssse3 cx16 xtpr pdcm pcid sse4_1 sse4_2 popcnt tsc_deadline_timer xsave avx lahf_lm arat epb pln pts dtherm tpr_shadow vnmi flexpriority ept vpid xsaveopt
bugs		:
bogomips	: 6602.84
clflush size	: 64
cache_alignment	: 64
address sizes	: 36 bits physical, 48 bits virtual
power management:



Memory: 4k page, physical 4007080k(74360k free), swap 0k(0k free)

vm_info: Java HotSpot(TM) 64-Bit Server VM (25.72-b15) for linux-amd64 JRE (1.8.0_72-b15), built on Dec 22 2015 22:00:07 by "java_re" with gcc 4.3.0 20080428 (Red Hat 4.3.0-8)

time: Sun Feb 21 00:25:08 2016
elapsed time: 256 seconds (0d 0h 4m 16s)

