#
# There is insufficient memory for the Java Runtime Environment to continue.
# Native memory allocation (mmap) failed to map 86507520 bytes for committing reserved memory.
# Possible reasons:
#   The system is out of physical RAM or swap space
#   In 32 bit mode, the process size limit was hit
# Possible solutions:
#   Reduce memory load on the system
#   Increase physical memory or swap space
#   Check if swap backing store is full
#   Use 64 bit Java on a 64 bit OS
#   Decrease Java heap size (-Xmx/-Xms)
#   Decrease number of Java threads
#   Decrease Java thread stack sizes (-Xss)
#   Set larger code cache with -XX:ReservedCodeCacheSize=
# This output file may be truncated or incomplete.
#
#  Out of Memory Error (os_linux.cpp:2627), pid=9356, tid=140613583349504
#
# JRE version: Java(TM) SE Runtime Environment (8.0_72-b15) (build 1.8.0_72-b15)
# Java VM: Java HotSpot(TM) 64-Bit Server VM (25.72-b15 mixed mode linux-amd64 compressed oops)
# Failed to write core dump. Core dumps have been disabled. To enable core dumping, try "ulimit -c unlimited" before starting Java again
#

---------------  T H R E A D  ---------------

Current thread (0x00007fe338076800):  VMThread [stack: 0x00007fe3269fa000,0x00007fe326afb000] [id=9365]

Stack: [0x00007fe3269fa000,0x00007fe326afb000],  sp=0x00007fe326af93a0,  free space=1020k
Native frames: (J=compiled Java code, j=interpreted, Vv=VM code, C=native code)
V  [libjvm.so+0xaba7ea]  VMError::report_and_die()+0x2ba
V  [libjvm.so+0x4f9e3b]  report_vm_out_of_memory(char const*, int, unsigned long, VMErrorType, char const*)+0x8b
V  [libjvm.so+0x91b613]  os::Linux::commit_memory_impl(char*, unsigned long, bool)+0x103
V  [libjvm.so+0x91bb69]  os::pd_commit_memory(char*, unsigned long, unsigned long, bool)+0x29
V  [libjvm.so+0x915e6a]  os::commit_memory(char*, unsigned long, unsigned long, bool)+0x2a
V  [libjvm.so+0x989543]  PSVirtualSpace::expand_by(unsigned long)+0x53
V  [libjvm.so+0x979e30]  PSOldGen::expand(unsigned long)+0x170
V  [libjvm.so+0x97a03b]  PSOldGen::resize(unsigned long)+0x1cb
V  [libjvm.so+0x981d11]  PSParallelCompact::invoke_no_policy(bool)+0x991
V  [libjvm.so+0x98766d]  PSScavenge::invoke()+0x1ad
V  [libjvm.so+0x93f300]  ParallelScavengeHeap::failed_mem_allocate(unsigned long)+0x70
V  [libjvm.so+0xabc207]  VM_ParallelGCFailedAllocation::doit()+0x97
V  [libjvm.so+0xac3c35]  VM_Operation::evaluate()+0x55
V  [libjvm.so+0xac200a]  VMThread::evaluate_operation(VM_Operation*)+0xba
V  [libjvm.so+0xac238e]  VMThread::loop()+0x1ce
V  [libjvm.so+0xac2800]  VMThread::run()+0x70
V  [libjvm.so+0x91d9d8]  java_start(Thread*)+0x108

VM_Operation (0x00007fe340ba54f0): ParallelGCFailedAllocation, mode: safepoint, requested by thread 0x00007fe338008800


---------------  P R O C E S S  ---------------

Java Threads: ( => current thread )
  0x00007fe33821f800 JavaThread "pool-2-thread-4" [_thread_blocked, id=9378, stack(0x00007fe325b9d000,0x00007fe325c9e000)]
  0x00007fe33821d800 JavaThread "pool-2-thread-3" [_thread_blocked, id=9377, stack(0x00007fe325c9e000,0x00007fe325d9f000)]
  0x00007fe33821b800 JavaThread "pool-2-thread-2" [_thread_blocked, id=9376, stack(0x00007fe325d9f000,0x00007fe325ea0000)]
  0x00007fe33821a800 JavaThread "pool-3-thread-1" [_thread_blocked, id=9375, stack(0x00007fe325ea0000,0x00007fe325fa1000)]
  0x00007fe338210000 JavaThread "pool-2-thread-1" [_thread_blocked, id=9374, stack(0x00007fe325fa1000,0x00007fe3260a2000)]
  0x00007fe3380bf000 JavaThread "Service Thread" daemon [_thread_blocked, id=9372, stack(0x00007fe3261a3000,0x00007fe3262a4000)]
  0x00007fe3380bb800 JavaThread "C1 CompilerThread2" daemon [_thread_blocked, id=9371, stack(0x00007fe3262a4000,0x00007fe3263a5000)]
  0x00007fe3380ba000 JavaThread "C2 CompilerThread1" daemon [_thread_blocked, id=9370, stack(0x00007fe3263a5000,0x00007fe3264a6000)]
  0x00007fe3380b7000 JavaThread "C2 CompilerThread0" daemon [_thread_in_native, id=9369, stack(0x00007fe3264a6000,0x00007fe3265a7000)]
  0x00007fe3380b5800 JavaThread "Signal Dispatcher" daemon [_thread_blocked, id=9368, stack(0x00007fe3265a7000,0x00007fe3266a8000)]
  0x00007fe338082800 JavaThread "Finalizer" daemon [_thread_blocked, id=9367, stack(0x00007fe3267f8000,0x00007fe3268f9000)]
  0x00007fe33807e000 JavaThread "Reference Handler" daemon [_thread_blocked, id=9366, stack(0x00007fe3268f9000,0x00007fe3269fa000)]
  0x00007fe338008800 JavaThread "main" [_thread_blocked, id=9360, stack(0x00007fe340aa7000,0x00007fe340ba8000)]

Other Threads:
=>0x00007fe338076800 VMThread [stack: 0x00007fe3269fa000,0x00007fe326afb000] [id=9365]
  0x00007fe3380c1800 WatcherThread [stack: 0x00007fe3260a2000,0x00007fe3261a3000] [id=9373]

VM state:at safepoint (normal execution)

VM Mutex/Monitor currently owned by a thread:  ([mutex/lock_event])
[0x00007fe338005e80] ExpandHeap_lock - owner thread: 0x00007fe338076800
[0x00007fe338006500] Threads_lock - owner thread: 0x00007fe338076800
[0x00007fe338006a00] Heap_lock - owner thread: 0x00007fe338008800

Heap:
 PSYoungGen      total 271360K, used 33662K [0x00000000eab00000, 0x0000000100000000, 0x0000000100000000)
  eden space 221184K, 0% used [0x00000000eab00000,0x00000000eab00000,0x00000000f8300000)
  from space 50176K, 67% used [0x00000000fcf00000,0x00000000fefdf810,0x0000000100000000)
  to   space 64000K, 0% used [0x00000000f8300000,0x00000000f8300000,0x00000000fc180000)
 ParOldGen       total 138752K, used 138531K [0x00000000c0000000, 0x00000000c8780000, 0x00000000eab00000)
  object space 138752K, 99% used [0x00000000c0000000,0x00000000c8748cf0,0x00000000c8780000)
 Metaspace       used 6559K, capacity 7320K, committed 7680K, reserved 1056768K
  class space    used 616K, capacity 656K, committed 768K, reserved 1048576K

Card table byte_map: [0x00007fe33dcd0000,0x00007fe33ded1000] byte_map_base: 0x00007fe33d6d0000

Marking Bits: (ParMarkBitMap*) 0x00007fe33ffb4100
 Begin Bits: [0x00007fe327000000, 0x00007fe328000000)
 End Bits:   [0x00007fe328000000, 0x00007fe329000000)

Polling page: 0x00007fe340bd9000

CodeCache: size=245760Kb used=9728Kb max_used=9728Kb free=236031Kb
 bounds [0x00007fe329000000, 0x00007fe329990000, 0x00007fe338000000]
 total_blobs=2625 nmethods=2356 adapters=182
 compilation: enabled

Compilation events (10 events):
Event: 7.117 Thread 0x00007fe3380bb800 2554       2       com.android.dx.cf.code.BaseMachine::auxInitValues (6 bytes)
Event: 7.118 Thread 0x00007fe3380bb800 nmethod 2554 0x00007fe329961e10 code [0x00007fe329961f60, 0x00007fe3299620d0]
Event: 7.129 Thread 0x00007fe3380bb800 2555       2       com.android.dx.rop.code.RegisterSpec$ForComparison::equals (31 bytes)
Event: 7.130 Thread 0x00007fe3380bb800 nmethod 2555 0x00007fe32997e2d0 code [0x00007fe32997e440, 0x00007fe32997e648]
Event: 7.133 Thread 0x00007fe3380bb800 2556       3       com.android.dx.ssa.back.FirstFitLocalCombiningAllocator::processPhiInsn (255 bytes)
Event: 7.136 Thread 0x00007fe3380bb800 nmethod 2556 0x00007fe32997e750 code [0x00007fe32997eb40, 0x00007fe329980f38]
Event: 7.150 Thread 0x00007fe3380bb800 2557 %     3       com.android.dx.rop.type.Prototype::getParameterFrameTypes @ 29 (96 bytes)
Event: 7.152 Thread 0x00007fe3380bb800 nmethod 2557% 0x00007fe329982750 code [0x00007fe3299829a0, 0x00007fe329983ab8]
Event: 7.155 Thread 0x00007fe3380bb800 2558       3       com.android.dx.rop.type.Prototype::getParameterFrameTypes (96 bytes)
Event: 7.156 Thread 0x00007fe3380bb800 nmethod 2558 0x00007fe329984590 code [0x00007fe3299847e0, 0x00007fe3299857d8]

GC Heap History (10 events):
Event: 4.279 GC heap after
Heap after GC invocations=12 (full 1):
 PSYoungGen      total 220672K, used 23682K [0x00000000eab00000, 0x00000000fdb80000, 0x0000000100000000)
  eden space 187392K, 0% used [0x00000000eab00000,0x00000000eab00000,0x00000000f6200000)
  from space 33280K, 71% used [0x00000000f6200000,0x00000000f7920bf0,0x00000000f8280000)
  to   space 35840K, 0% used [0x00000000fb880000,0x00000000fb880000,0x00000000fdb80000)
 ParOldGen       total 79360K, used 62111K [0x00000000c0000000, 0x00000000c4d80000, 0x00000000eab00000)
  object space 79360K, 78% used [0x00000000c0000000,0x00000000c3ca7d30,0x00000000c4d80000)
 Metaspace       used 6519K, capacity 7256K, committed 7424K, reserved 1056768K
  class space    used 616K, capacity 656K, committed 768K, reserved 1048576K
}
Event: 5.068 GC heap before
{Heap before GC invocations=13 (full 1):
 PSYoungGen      total 220672K, used 211074K [0x00000000eab00000, 0x00000000fdb80000, 0x0000000100000000)
  eden space 187392K, 100% used [0x00000000eab00000,0x00000000f6200000,0x00000000f6200000)
  from space 33280K, 71% used [0x00000000f6200000,0x00000000f7920bf0,0x00000000f8280000)
  to   space 35840K, 0% used [0x00000000fb880000,0x00000000fb880000,0x00000000fdb80000)
 ParOldGen       total 79360K, used 62111K [0x00000000c0000000, 0x00000000c4d80000, 0x00000000eab00000)
  object space 79360K, 78% used [0x00000000c0000000,0x00000000c3ca7d30,0x00000000c4d80000)
 Metaspace       used 6543K, capacity 7320K, committed 7680K, reserved 1056768K
  class space    used 616K, capacity 656K, committed 768K, reserved 1048576K
Event: 5.171 GC heap after
Heap after GC invocations=13 (full 1):
 PSYoungGen      total 264704K, used 35825K [0x00000000eab00000, 0x00000000ff400000, 0x0000000100000000)
  eden space 228864K, 0% used [0x00000000eab00000,0x00000000eab00000,0x00000000f8a80000)
  from space 35840K, 99% used [0x00000000fb880000,0x00000000fdb7c6f8,0x00000000fdb80000)
  to   space 47104K, 0% used [0x00000000f8a80000,0x00000000f8a80000,0x00000000fb880000)
 ParOldGen       total 79360K, used 76858K [0x00000000c0000000, 0x00000000c4d80000, 0x00000000eab00000)
  object space 79360K, 96% used [0x00000000c0000000,0x00000000c4b0ea18,0x00000000c4d80000)
 Metaspace       used 6543K, capacity 7320K, committed 7680K, reserved 1056768K
  class space    used 616K, capacity 656K, committed 768K, reserved 1048576K
}
Event: 5.171 GC heap before
{Heap before GC invocations=14 (full 2):
 PSYoungGen      total 264704K, used 35825K [0x00000000eab00000, 0x00000000ff400000, 0x0000000100000000)
  eden space 228864K, 0% used [0x00000000eab00000,0x00000000eab00000,0x00000000f8a80000)
  from space 35840K, 99% used [0x00000000fb880000,0x00000000fdb7c6f8,0x00000000fdb80000)
  to   space 47104K, 0% used [0x00000000f8a80000,0x00000000f8a80000,0x00000000fb880000)
 ParOldGen       total 79360K, used 76858K [0x00000000c0000000, 0x00000000c4d80000, 0x00000000eab00000)
  object space 79360K, 96% used [0x00000000c0000000,0x00000000c4b0ea18,0x00000000c4d80000)
 Metaspace       used 6543K, capacity 7320K, committed 7680K, reserved 1056768K
  class space    used 616K, capacity 656K, committed 768K, reserved 1048576K
Event: 5.614 GC heap after
Heap after GC invocations=14 (full 2):
 PSYoungGen      total 264704K, used 31115K [0x00000000eab00000, 0x00000000ff400000, 0x0000000100000000)
  eden space 228864K, 0% used [0x00000000eab00000,0x00000000eab00000,0x00000000f8a80000)
  from space 35840K, 86% used [0x00000000fb880000,0x00000000fd6e2e80,0x00000000fdb80000)
  to   space 47104K, 0% used [0x00000000f8a80000,0x00000000f8a80000,0x00000000fb880000)
 ParOldGen       total 138752K, used 78940K [0x00000000c0000000, 0x00000000c8780000, 0x00000000eab00000)
  object space 138752K, 56% used [0x00000000c0000000,0x00000000c4d173c0,0x00000000c8780000)
 Metaspace       used 6543K, capacity 7320K, committed 7680K, reserved 1056768K
  class space    used 616K, capacity 656K, committed 768K, reserved 1048576K
}
Event: 6.418 GC heap before
{Heap before GC invocations=15 (full 2):
 PSYoungGen      total 264704K, used 259979K [0x00000000eab00000, 0x00000000ff400000, 0x0000000100000000)
  eden space 228864K, 100% used [0x00000000eab00000,0x00000000f8a80000,0x00000000f8a80000)
  from space 35840K, 86% used [0x00000000fb880000,0x00000000fd6e2e80,0x00000000fdb80000)
  to   space 47104K, 0% used [0x00000000f8a80000,0x00000000f8a80000,0x00000000fb880000)
 ParOldGen       total 138752K, used 78940K [0x00000000c0000000, 0x00000000c8780000, 0x00000000eab00000)
  object space 138752K, 56% used [0x00000000c0000000,0x00000000c4d173c0,0x00000000c8780000)
 Metaspace       used 6548K, capacity 7320K, committed 7680K, reserved 1056768K
  class space    used 616K, capacity 656K, committed 768K, reserved 1048576K
Event: 6.539 GC heap after
Heap after GC invocations=15 (full 2):
 PSYoungGen      total 275968K, used 33510K [0x00000000eab00000, 0x0000000100000000, 0x0000000100000000)
  eden space 228864K, 0% used [0x00000000eab00000,0x00000000eab00000,0x00000000f8a80000)
  from space 47104K, 71% used [0x00000000f8a80000,0x00000000fab39b70,0x00000000fb880000)
  to   space 50176K, 0% used [0x00000000fcf00000,0x00000000fcf00000,0x0000000100000000)
 ParOldGen       total 138752K, used 110361K [0x00000000c0000000, 0x00000000c8780000, 0x00000000eab00000)
  object space 138752K, 79% used [0x00000000c0000000,0x00000000c6bc65a8,0x00000000c8780000)
 Metaspace       used 6548K, capacity 7320K, committed 7680K, reserved 1056768K
  class space    used 616K, capacity 656K, committed 768K, reserved 1048576K
}
Event: 7.185 GC heap before
{Heap before GC invocations=16 (full 2):
 PSYoungGen      total 275968K, used 262374K [0x00000000eab00000, 0x0000000100000000, 0x0000000100000000)
  eden space 228864K, 100% used [0x00000000eab00000,0x00000000f8a80000,0x00000000f8a80000)
  from space 47104K, 71% used [0x00000000f8a80000,0x00000000fab39b70,0x00000000fb880000)
  to   space 50176K, 0% used [0x00000000fcf00000,0x00000000fcf00000,0x0000000100000000)
 ParOldGen       total 138752K, used 110361K [0x00000000c0000000, 0x00000000c8780000, 0x00000000eab00000)
  object space 138752K, 79% used [0x00000000c0000000,0x00000000c6bc65a8,0x00000000c8780000)
 Metaspace       used 6559K, capacity 7320K, committed 7680K, reserved 1056768K
  class space    used 616K, capacity 656K, committed 768K, reserved 1048576K
Event: 7.353 GC heap after
Heap after GC invocations=16 (full 2):
 PSYoungGen      total 271360K, used 50145K [0x00000000eab00000, 0x0000000100000000, 0x0000000100000000)
  eden space 221184K, 0% used [0x00000000eab00000,0x00000000eab00000,0x00000000f8300000)
  from space 50176K, 99% used [0x00000000fcf00000,0x00000000ffff8730,0x0000000100000000)
  to   space 64000K, 0% used [0x00000000f8300000,0x00000000f8300000,0x00000000fc180000)
 ParOldGen       total 138752K, used 124785K [0x00000000c0000000, 0x00000000c8780000, 0x00000000eab00000)
  object space 138752K, 89% used [0x00000000c0000000,0x00000000c79dc720,0x00000000c8780000)
 Metaspace       used 6559K, capacity 7320K, committed 7680K, reserved 1056768K
  class space    used 616K, capacity 656K, committed 768K, reserved 1048576K
}
Event: 7.361 GC heap before
{Heap before GC invocations=17 (full 3):
 PSYoungGen      total 271360K, used 50145K [0x00000000eab00000, 0x0000000100000000, 0x0000000100000000)
  eden space 221184K, 0% used [0x00000000eab00000,0x00000000eab00000,0x00000000f8300000)
  from space 50176K, 99% used [0x00000000fcf00000,0x00000000ffff8730,0x0000000100000000)
  to   space 64000K, 0% used [0x00000000f8300000,0x00000000f8300000,0x00000000fc180000)
 ParOldGen       total 138752K, used 124785K [0x00000000c0000000, 0x00000000c8780000, 0x00000000eab00000)
  object space 138752K, 89% used [0x00000000c0000000,0x00000000c79dc720,0x00000000c8780000)
 Metaspace       used 6559K, capacity 7320K, committed 7680K, reserved 1056768K
  class space    used 616K, capacity 656K, committed 768K, reserved 1048576K

Deoptimization events (10 events):
Event: 4.485 Thread 0x00007fe338210000 Uncommon trap: reason=class_check action=maybe_recompile pc=0x00007fe32984f600 method=com.android.dx.cf.code.BytecodeArray.parseInstruction(ILcom/android/dx/cf/code/BytecodeArray$Visitor;)I @ 2032
Event: 4.485 Thread 0x00007fe338210000 Uncommon trap: reason=class_check action=maybe_recompile pc=0x00007fe32984f600 method=com.android.dx.cf.code.BytecodeArray.parseInstruction(ILcom/android/dx/cf/code/BytecodeArray$Visitor;)I @ 2032
Event: 4.485 Thread 0x00007fe338210000 Uncommon trap: reason=class_check action=maybe_recompile pc=0x00007fe32984f600 method=com.android.dx.cf.code.BytecodeArray.parseInstruction(ILcom/android/dx/cf/code/BytecodeArray$Visitor;)I @ 2032
Event: 4.698 Thread 0x00007fe338008800 Uncommon trap: reason=unstable_if action=reinterpret pc=0x00007fe329894308 method=com.android.dx.rop.code.RegisterSpec.intersect(Lcom/android/dx/rop/code/RegisterSpec;Z)Lcom/android/dx/rop/code/RegisterSpec; @ 42
Event: 4.765 Thread 0x00007fe33821f800 Uncommon trap: reason=unstable_if action=reinterpret pc=0x00007fe3292f6ac0 method=com.android.dx.rop.code.RegisterSpecSet.<init>(I)V @ 2
Event: 4.889 Thread 0x00007fe33821d800 Uncommon trap: reason=bimorphic action=maybe_recompile pc=0x00007fe32984ed9c method=com.android.dx.cf.code.BytecodeArray.parseInstruction(ILcom/android/dx/cf/code/BytecodeArray$Visitor;)I @ 1357
Event: 4.890 Thread 0x00007fe33821d800 Uncommon trap: reason=bimorphic action=maybe_recompile pc=0x00007fe32984ed9c method=com.android.dx.cf.code.BytecodeArray.parseInstruction(ILcom/android/dx/cf/code/BytecodeArray$Visitor;)I @ 1357
Event: 5.781 Thread 0x00007fe338210000 Uncommon trap: reason=unstable_if action=reinterpret pc=0x00007fe329803324 method=com.android.dx.rop.cst.CstNat.equals(Ljava/lang/Object;)Z @ 25
Event: 7.036 Thread 0x00007fe33821b800 Uncommon trap: reason=unstable_if action=reinterpret pc=0x00007fe32996c6b0 method=com.android.dx.ssa.SCCP.simulateBranch(Lcom/android/dx/ssa/SsaInsn;)V @ 140
Event: 7.129 Thread 0x00007fe338008800 Uncommon trap: reason=unstable_if action=reinterpret pc=0x00007fe329335b04 method=com.android.dx.rop.code.RegisterSpec.equals(ILcom/android/dx/rop/type/TypeBearer;Lcom/android/dx/rop/code/LocalItem;)Z @ 42

Internal exceptions (6 events):
Event: 0.083 Thread 0x00007fe338008800 Exception <a 'java/lang/NoSuchMethodError': Method sun.misc.Unsafe.defineClass(Ljava/lang/String;[BII)Ljava/lang/Class; name or signature does not match> (0x00000000eab07cc0) thrown at [/HUDSON/workspace/8-2-build-linux-amd64/jdk8u72/5732/hotspot/src/shar
Event: 0.083 Thread 0x00007fe338008800 Exception <a 'java/lang/NoSuchMethodError': Method sun.misc.Unsafe.prefetchRead(Ljava/lang/Object;J)V name or signature does not match> (0x00000000eab07fa8) thrown at [/HUDSON/workspace/8-2-build-linux-amd64/jdk8u72/5732/hotspot/src/share/vm/prims/jni.cpp
Event: 0.831 Thread 0x00007fe338008800 Implicit null exception at 0x00007fe32930602c to 0x00007fe329308f29
Event: 2.039 Thread 0x00007fe33821f800 Exception <a 'java/lang/ArrayIndexOutOfBoundsException': 18> (0x00000000ec85a240) thrown at [/HUDSON/workspace/8-2-build-linux-amd64/jdk8u72/5732/hotspot/src/share/vm/interpreter/interpreterRuntime.cpp, line 366]
Event: 2.040 Thread 0x00007fe33821f800 Exception <a 'java/lang/ArrayIndexOutOfBoundsException': 145> (0x00000000ec85bdc0) thrown at [/HUDSON/workspace/8-2-build-linux-amd64/jdk8u72/5732/hotspot/src/share/vm/interpreter/interpreterRuntime.cpp, line 366]
Event: 2.041 Thread 0x00007fe33821f800 Exception <a 'java/lang/ArrayIndexOutOfBoundsException': 40> (0x00000000ec85d0a8) thrown at [/HUDSON/workspace/8-2-build-linux-amd64/jdk8u72/5732/hotspot/src/share/vm/interpreter/interpreterRuntime.cpp, line 366]

Events (10 events):
Event: 7.117 Thread 0x00007fe33821b800 DEOPT PACKING pc=0x00007fe32940b02c sp=0x00007fe325e9df80
Event: 7.117 Thread 0x00007fe33821b800 DEOPT UNPACKING pc=0x00007fe329047633 sp=0x00007fe325e9dc80 mode 0
Event: 7.129 Thread 0x00007fe338008800 Uncommon trap: trap_request=0xffffff65 fr.pc=0x00007fe329335b04
Event: 7.129 Thread 0x00007fe338008800 DEOPT PACKING pc=0x00007fe329335b04 sp=0x00007fe340ba5520
Event: 7.129 Thread 0x00007fe338008800 DEOPT UNPACKING pc=0x00007fe329005229 sp=0x00007fe340ba53f0 mode 2
Event: 7.156 Thread 0x00007fe33821d800 DEOPT PACKING pc=0x00007fe329440605 sp=0x00007fe325d9c860
Event: 7.156 Thread 0x00007fe33821d800 DEOPT UNPACKING pc=0x00007fe329047633 sp=0x00007fe325d9c620 mode 0
Event: 7.175 Thread 0x00007fe33821b800 DEOPT PACKING pc=0x00007fe32940b02c sp=0x00007fe325e9df80
Event: 7.175 Thread 0x00007fe33821b800 DEOPT UNPACKING pc=0x00007fe329047633 sp=0x00007fe325e9dc80 mode 0
Event: 7.184 Executing VM operation: ParallelGCFailedAllocation


Dynamic libraries:
00400000-00401000 r-xp 00000000 08:06 399874                             /usr/lib/jvm/java-8-jdk/jre/bin/java
00600000-00601000 rw-p 00000000 08:06 399874                             /usr/lib/jvm/java-8-jdk/jre/bin/java
00e34000-00e55000 rw-p 00000000 00:00 0                                  [heap]
c0000000-c8780000 rw-p 00000000 00:00 0 
cda00000-eab00000 ---p 00000000 00:00 0 
eab00000-100000000 rw-p 00000000 00:00 0 
100000000-1000c0000 rw-p 00000000 00:00 0 
1000c0000-140000000 ---p 00000000 00:00 0 
7fe2d8000000-7fe2d8024000 rw-p 00000000 00:00 0 
7fe2d8024000-7fe2dc000000 ---p 00000000 00:00 0 
7fe2e0000000-7fe2e003c000 rw-p 00000000 00:00 0 
7fe2e003c000-7fe2e4000000 ---p 00000000 00:00 0 
7fe2e4000000-7fe2e4027000 rw-p 00000000 00:00 0 
7fe2e4027000-7fe2e8000000 ---p 00000000 00:00 0 
7fe2e8000000-7fe2e802e000 rw-p 00000000 00:00 0 
7fe2e802e000-7fe2ec000000 ---p 00000000 00:00 0 
7fe2ec000000-7fe2ec021000 rw-p 00000000 00:00 0 
7fe2ec021000-7fe2f0000000 ---p 00000000 00:00 0 
7fe2f0000000-7fe2f0021000 rw-p 00000000 00:00 0 
7fe2f0021000-7fe2f4000000 ---p 00000000 00:00 0 
7fe2f4000000-7fe2f4021000 rw-p 00000000 00:00 0 
7fe2f4021000-7fe2f8000000 ---p 00000000 00:00 0 
7fe2f8000000-7fe2f907f000 rw-p 00000000 00:00 0 
7fe2f907f000-7fe2fc000000 ---p 00000000 00:00 0 
7fe2fc000000-7fe2fcb03000 rw-p 00000000 00:00 0 
7fe2fcb03000-7fe300000000 ---p 00000000 00:00 0 
7fe300000000-7fe300021000 rw-p 00000000 00:00 0 
7fe300021000-7fe304000000 ---p 00000000 00:00 0 
7fe304000000-7fe3054b8000 rw-p 00000000 00:00 0 
7fe3054b8000-7fe308000000 ---p 00000000 00:00 0 
7fe308000000-7fe308021000 rw-p 00000000 00:00 0 
7fe308021000-7fe30c000000 ---p 00000000 00:00 0 
7fe30c000000-7fe30c021000 rw-p 00000000 00:00 0 
7fe30c021000-7fe310000000 ---p 00000000 00:00 0 
7fe310000000-7fe310021000 rw-p 00000000 00:00 0 
7fe310021000-7fe314000000 ---p 00000000 00:00 0 
7fe314000000-7fe3142b6000 rw-p 00000000 00:00 0 
7fe3142b6000-7fe318000000 ---p 00000000 00:00 0 
7fe318000000-7fe318021000 rw-p 00000000 00:00 0 
7fe318021000-7fe31c000000 ---p 00000000 00:00 0 
7fe31c000000-7fe31c021000 rw-p 00000000 00:00 0 
7fe31c021000-7fe320000000 ---p 00000000 00:00 0 
7fe320000000-7fe320021000 rw-p 00000000 00:00 0 
7fe320021000-7fe324000000 ---p 00000000 00:00 0 
7fe325b9d000-7fe325ba0000 ---p 00000000 00:00 0 
7fe325ba0000-7fe325c9e000 rw-p 00000000 00:00 0                          [stack:9378]
7fe325c9e000-7fe325ca1000 ---p 00000000 00:00 0 
7fe325ca1000-7fe325d9f000 rw-p 00000000 00:00 0                          [stack:9377]
7fe325d9f000-7fe325da2000 ---p 00000000 00:00 0 
7fe325da2000-7fe325ea0000 rw-p 00000000 00:00 0                          [stack:9376]
7fe325ea0000-7fe325ea3000 ---p 00000000 00:00 0 
7fe325ea3000-7fe325fa1000 rw-p 00000000 00:00 0                          [stack:9375]
7fe325fa1000-7fe325fa4000 ---p 00000000 00:00 0 
7fe325fa4000-7fe3260a2000 rw-p 00000000 00:00 0                          [stack:9374]
7fe3260a2000-7fe3260a3000 ---p 00000000 00:00 0 
7fe3260a3000-7fe3261a3000 rw-p 00000000 00:00 0                          [stack:9373]
7fe3261a3000-7fe3261a6000 ---p 00000000 00:00 0 
7fe3261a6000-7fe3262a4000 rw-p 00000000 00:00 0                          [stack:9372]
7fe3262a4000-7fe3262a7000 ---p 00000000 00:00 0 
7fe3262a7000-7fe3263a5000 rw-p 00000000 00:00 0                          [stack:9371]
7fe3263a5000-7fe3263a8000 ---p 00000000 00:00 0 
7fe3263a8000-7fe3264a6000 rw-p 00000000 00:00 0                          [stack:9370]
7fe3264a6000-7fe3264a9000 ---p 00000000 00:00 0 
7fe3264a9000-7fe3265a7000 rw-p 00000000 00:00 0                          [stack:9369]
7fe3265a7000-7fe3265aa000 ---p 00000000 00:00 0 
7fe3265aa000-7fe3266a8000 rw-p 00000000 00:00 0                          [stack:9368]
7fe3266a8000-7fe3267f8000 r--p 00000000 08:06 163465                     /usr/lib/locale/locale-archive
7fe3267f8000-7fe3267fb000 ---p 00000000 00:00 0 
7fe3267fb000-7fe3268f9000 rw-p 00000000 00:00 0                          [stack:9367]
7fe3268f9000-7fe3268fc000 ---p 00000000 00:00 0 
7fe3268fc000-7fe3269fa000 rw-p 00000000 00:00 0                          [stack:9366]
7fe3269fa000-7fe3269fb000 ---p 00000000 00:00 0 
7fe3269fb000-7fe329000000 rw-p 00000000 00:00 0                          [stack:9365]
7fe329000000-7fe329990000 rwxp 00000000 00:00 0 
7fe329990000-7fe338000000 ---p 00000000 00:00 0 
7fe338000000-7fe33839c000 rw-p 00000000 00:00 0 
7fe33839c000-7fe33c000000 ---p 00000000 00:00 0 
7fe33c00b000-7fe33c032000 r--p 00000000 08:06 133207                     /usr/share/locale/ko/LC_MESSAGES/libc.mo
7fe33c032000-7fe33c06c000 r--s 0030c000 08:06 13109560                   /home/youngbin/mailtracker-android/app/build/intermediates/transforms/jarMerging/debug/jars/1/1f/combined.jar
7fe33c06c000-7fe33cb28000 rw-p 00000000 00:00 0 
7fe33cb28000-7fe33cd00000 r--s 03d1d000 08:06 399677                     /usr/lib/jvm/java-8-jdk/jre/lib/rt.jar
7fe33cd00000-7fe33d436000 rw-p 00000000 00:00 0 
7fe33d436000-7fe33d576000 ---p 00000000 00:00 0 
7fe33d576000-7fe33d776000 rw-p 00000000 00:00 0 
7fe33d776000-7fe33d777000 ---p 00000000 00:00 0 
7fe33d777000-7fe33d877000 rw-p 00000000 00:00 0                          [stack:9364]
7fe33d877000-7fe33d878000 ---p 00000000 00:00 0 
7fe33d878000-7fe33d978000 rw-p 00000000 00:00 0                          [stack:9363]
7fe33d978000-7fe33d979000 ---p 00000000 00:00 0 
7fe33d979000-7fe33da79000 rw-p 00000000 00:00 0                          [stack:9362]
7fe33da79000-7fe33da7a000 ---p 00000000 00:00 0 
7fe33da7a000-7fe33dbbe000 rw-p 00000000 00:00 0                          [stack:9361]
7fe33dbbe000-7fe33dcd0000 ---p 00000000 00:00 0 
7fe33dcd0000-7fe33dd14000 rw-p 00000000 00:00 0 
7fe33dd14000-7fe33de25000 ---p 00000000 00:00 0 
7fe33de25000-7fe33ded0000 rw-p 00000000 00:00 0 
7fe33ded0000-7fe33def8000 rw-p 00000000 00:00 0 
7fe33def8000-7fe33e291000 ---p 00000000 00:00 0 
7fe33e291000-7fe33e2ab000 r-xp 00000000 08:06 399785                     /usr/lib/jvm/java-8-jdk/jre/lib/amd64/libzip.so
7fe33e2ab000-7fe33e4ab000 ---p 0001a000 08:06 399785                     /usr/lib/jvm/java-8-jdk/jre/lib/amd64/libzip.so
7fe33e4ab000-7fe33e4ac000 rw-p 0001a000 08:06 399785                     /usr/lib/jvm/java-8-jdk/jre/lib/amd64/libzip.so
7fe33e4ac000-7fe33e4b7000 r-xp 00000000 08:06 134332                     /usr/lib/libnss_files-2.22.so
7fe33e4b7000-7fe33e6b6000 ---p 0000b000 08:06 134332                     /usr/lib/libnss_files-2.22.so
7fe33e6b6000-7fe33e6b7000 r--p 0000a000 08:06 134332                     /usr/lib/libnss_files-2.22.so
7fe33e6b7000-7fe33e6b8000 rw-p 0000b000 08:06 134332                     /usr/lib/libnss_files-2.22.so
7fe33e6b8000-7fe33e6be000 rw-p 00000000 00:00 0 
7fe33e6be000-7fe33e6e8000 r-xp 00000000 08:06 399805                     /usr/lib/jvm/java-8-jdk/jre/lib/amd64/libjava.so
7fe33e6e8000-7fe33e8e8000 ---p 0002a000 08:06 399805                     /usr/lib/jvm/java-8-jdk/jre/lib/amd64/libjava.so
7fe33e8e8000-7fe33e8ea000 rw-p 0002a000 08:06 399805                     /usr/lib/jvm/java-8-jdk/jre/lib/amd64/libjava.so
7fe33e8ea000-7fe33e8f7000 r-xp 00000000 08:06 399791                     /usr/lib/jvm/java-8-jdk/jre/lib/amd64/libverify.so
7fe33e8f7000-7fe33eaf7000 ---p 0000d000 08:06 399791                     /usr/lib/jvm/java-8-jdk/jre/lib/amd64/libverify.so
7fe33eaf7000-7fe33eaf9000 rw-p 0000d000 08:06 399791                     /usr/lib/jvm/java-8-jdk/jre/lib/amd64/libverify.so
7fe33eaf9000-7fe33eb00000 r-xp 00000000 08:06 134341                     /usr/lib/librt-2.22.so
7fe33eb00000-7fe33ecff000 ---p 00007000 08:06 134341                     /usr/lib/librt-2.22.so
7fe33ecff000-7fe33ed00000 r--p 00006000 08:06 134341                     /usr/lib/librt-2.22.so
7fe33ed00000-7fe33ed01000 rw-p 00007000 08:06 134341                     /usr/lib/librt-2.22.so
7fe33ed01000-7fe33edfe000 r-xp 00000000 08:06 134338                     /usr/lib/libm-2.22.so
7fe33edfe000-7fe33effd000 ---p 000fd000 08:06 134338                     /usr/lib/libm-2.22.so
7fe33effd000-7fe33effe000 r--p 000fc000 08:06 134338                     /usr/lib/libm-2.22.so
7fe33effe000-7fe33efff000 rw-p 000fd000 08:06 134338                     /usr/lib/libm-2.22.so
7fe33efff000-7fe33fcbe000 r-xp 00000000 08:06 530091                     /usr/lib/jvm/java-8-jdk/jre/lib/amd64/server/libjvm.so
7fe33fcbe000-7fe33febd000 ---p 00cbf000 08:06 530091                     /usr/lib/jvm/java-8-jdk/jre/lib/amd64/server/libjvm.so
7fe33febd000-7fe33ff96000 rw-p 00cbe000 08:06 530091                     /usr/lib/jvm/java-8-jdk/jre/lib/amd64/server/libjvm.so
7fe33ff96000-7fe33ffdf000 rw-p 00000000 00:00 0 
7fe33ffdf000-7fe340179000 r-xp 00000000 08:06 134279                     /usr/lib/libc-2.22.so
7fe340179000-7fe340379000 ---p 0019a000 08:06 134279                     /usr/lib/libc-2.22.so
7fe340379000-7fe34037d000 r--p 0019a000 08:06 134279                     /usr/lib/libc-2.22.so
7fe34037d000-7fe34037f000 rw-p 0019e000 08:06 134279                     /usr/lib/libc-2.22.so
7fe34037f000-7fe340383000 rw-p 00000000 00:00 0 
7fe340383000-7fe340386000 r-xp 00000000 08:06 134337                     /usr/lib/libdl-2.22.so
7fe340386000-7fe340585000 ---p 00003000 08:06 134337                     /usr/lib/libdl-2.22.so
7fe340585000-7fe340586000 r--p 00002000 08:06 134337                     /usr/lib/libdl-2.22.so
7fe340586000-7fe340587000 rw-p 00003000 08:06 134337                     /usr/lib/libdl-2.22.so
7fe340587000-7fe34059c000 r-xp 00000000 08:06 530090                     /usr/lib/jvm/java-8-jdk/jre/lib/amd64/jli/libjli.so
7fe34059c000-7fe34079c000 ---p 00015000 08:06 530090                     /usr/lib/jvm/java-8-jdk/jre/lib/amd64/jli/libjli.so
7fe34079c000-7fe34079d000 rw-p 00015000 08:06 530090                     /usr/lib/jvm/java-8-jdk/jre/lib/amd64/jli/libjli.so
7fe34079d000-7fe3407b5000 r-xp 00000000 08:06 134257                     /usr/lib/libpthread-2.22.so
7fe3407b5000-7fe3409b4000 ---p 00018000 08:06 134257                     /usr/lib/libpthread-2.22.so
7fe3409b4000-7fe3409b5000 r--p 00017000 08:06 134257                     /usr/lib/libpthread-2.22.so
7fe3409b5000-7fe3409b6000 rw-p 00018000 08:06 134257                     /usr/lib/libpthread-2.22.so
7fe3409b6000-7fe3409ba000 rw-p 00000000 00:00 0 
7fe3409ba000-7fe3409dc000 r-xp 00000000 08:06 134278                     /usr/lib/ld-2.22.so
7fe3409e2000-7fe340aa7000 rw-p 00000000 00:00 0 
7fe340aa7000-7fe340aaa000 ---p 00000000 00:00 0 
7fe340aaa000-7fe340bad000 rw-p 00000000 00:00 0                          [stack:9360]
7fe340bad000-7fe340bbc000 r--s 000df000 08:06 13763614                   /home/youngbin/Android/Sdk/build-tools/23.0.2/lib/dx.jar
7fe340bbc000-7fe340bd0000 rw-p 00000000 00:00 0 
7fe340bd0000-7fe340bd8000 rw-s 00000000 00:21 353369                     /tmp/hsperfdata_youngbin/9356
7fe340bd8000-7fe340bd9000 rw-p 00000000 00:00 0 
7fe340bd9000-7fe340bda000 ---p 00000000 00:00 0 
7fe340bda000-7fe340bdb000 rw-p 00000000 00:00 0 
7fe340bdb000-7fe340bdc000 r--p 00021000 08:06 134278                     /usr/lib/ld-2.22.so
7fe340bdc000-7fe340bdd000 rw-p 00022000 08:06 134278                     /usr/lib/ld-2.22.so
7fe340bdd000-7fe340bde000 rw-p 00000000 00:00 0 
7ffc2fbec000-7ffc2fc0d000 rw-p 00000000 00:00 0                          [stack]
7ffc2fd5b000-7ffc2fd5d000 r--p 00000000 00:00 0                          [vvar]
7ffc2fd5d000-7ffc2fd5f000 r-xp 00000000 00:00 0                          [vdso]
ffffffffff600000-ffffffffff601000 r-xp 00000000 00:00 0                  [vsyscall]

VM Arguments:
jvm_args: -Djava.awt.headless=true -Xmx1024M -Dfile.encoding=UTF-8 -Duser.country=KR -Duser.language=ko -Duser.variant 
java_command: com.android.dx.command.Main --dex --num-threads=4 --multi-dex --main-dex-list /home/youngbin/mailtracker-android/app/build/intermediates/multi-dex/debug/maindexlist.txt --output /home/youngbin/mailtracker-android/app/build/intermediates/transforms/dex/debug/folders/1000/1f/main /home/youngbin/mailtracker-android/app/build/intermediates/transforms/jarMerging/debug/jars/1/1f/combined.jar
java_class_path (initial): /home/youngbin/Android/Sdk/build-tools/23.0.2/lib/dx.jar
Launcher Type: SUN_STANDARD

Environment Variables:
PATH=/usr/local/sbin:/usr/local/bin:/usr/bin:/usr/lib/jvm/default/bin:/usr/bin/site_perl:/usr/bin/vendor_perl:/usr/bin/core_perl
USERNAME=youngbin
LD_LIBRARY_PATH=/home/youngbin/android-studio/bin:
SHELL=/usr/bin/fish
DISPLAY=:1

Signal Handlers:
SIGSEGV: [libjvm.so+0xabb070], sa_mask[0]=11111111011111111101111111111110, sa_flags=SA_RESTART|SA_SIGINFO
SIGBUS: [libjvm.so+0xabb070], sa_mask[0]=11111111011111111101111111111110, sa_flags=SA_RESTART|SA_SIGINFO
SIGFPE: [libjvm.so+0x918480], sa_mask[0]=11111111011111111101111111111110, sa_flags=SA_RESTART|SA_SIGINFO
SIGPIPE: [libjvm.so+0x918480], sa_mask[0]=11111111011111111101111111111110, sa_flags=SA_RESTART|SA_SIGINFO
SIGXFSZ: [libjvm.so+0x918480], sa_mask[0]=11111111011111111101111111111110, sa_flags=SA_RESTART|SA_SIGINFO
SIGILL: [libjvm.so+0x918480], sa_mask[0]=11111111011111111101111111111110, sa_flags=SA_RESTART|SA_SIGINFO
SIGUSR1: SIG_DFL, sa_mask[0]=00000000000000000000000000000000, sa_flags=none
SIGUSR2: [libjvm.so+0x919ab0], sa_mask[0]=00100000000000000000000000000000, sa_flags=SA_RESTART|SA_SIGINFO
SIGHUP: [libjvm.so+0x91aeb0], sa_mask[0]=11111111011111111101111111111110, sa_flags=SA_RESTART|SA_SIGINFO
SIGINT: [libjvm.so+0x91aeb0], sa_mask[0]=11111111011111111101111111111110, sa_flags=SA_RESTART|SA_SIGINFO
SIGTERM: [libjvm.so+0x91aeb0], sa_mask[0]=11111111011111111101111111111110, sa_flags=SA_RESTART|SA_SIGINFO
SIGQUIT: [libjvm.so+0x91aeb0], sa_mask[0]=11111111011111111101111111111110, sa_flags=SA_RESTART|SA_SIGINFO


---------------  S Y S T E M  ---------------

OS:NAME="Antergos Linux"
VERSION="2015.12-ISO-Rolling"
ID="antergos"
ID_LIKE="arch"
PRETTY_NAME="Antergos Linux"
CPE_NAME="cpe:/o:antergosproject:antergos:2015.12"
ANSI_COLOR="1;34;40"
HOME_URL="https://antergos.com/"
SUPPORT_URL="https://forum.antergos.com/"
BUG_REPORT_URL="https://github.com/antergos"


uname:Linux 4.4.1-2-ARCH #1 SMP PREEMPT Wed Feb 3 13:12:33 UTC 2016 x86_64
libc:glibc 2.22 NPTL 2.22 
rlimit: STACK 8192k, CORE 0k, NPROC 14900, NOFILE 4096, AS infinity
load average:4.40 2.35 1.30

/proc/meminfo:
MemTotal:        4007080 kB
MemFree:           27888 kB
MemAvailable:      41940 kB
Buffers:             316 kB
Cached:            41672 kB
SwapCached:            0 kB
Active:          3725152 kB
Inactive:          33896 kB
Active(anon):    3720060 kB
Inactive(anon):    27984 kB
Active(file):       5092 kB
Inactive(file):     5912 kB
Unevictable:          80 kB
Mlocked:        34359738448 kB
SwapTotal:             0 kB
SwapFree:              0 kB
Dirty:                 4 kB
Writeback:             0 kB
AnonPages:       3717696 kB
Mapped:            36348 kB
Shmem:             30428 kB
Slab:              64828 kB
SReclaimable:      28268 kB
SUnreclaim:        36560 kB
KernelStack:       11200 kB
PageTables:        49072 kB
NFS_Unstable:          0 kB
Bounce:                0 kB
WritebackTmp:          0 kB
CommitLimit:     2003540 kB
Committed_AS:    8253100 kB
VmallocTotal:   34359738367 kB
VmallocUsed:           0 kB
VmallocChunk:          0 kB
HardwareCorrupted:     0 kB
AnonHugePages:   1918976 kB
HugePages_Total:       0
HugePages_Free:        0
HugePages_Rsvd:        0
HugePages_Surp:        0
Hugepagesize:       2048 kB
DirectMap4k:      141712 kB
DirectMap2M:     4007936 kB


CPU:total 4 (2 cores per cpu, 2 threads per core) family 6 model 42 stepping 7, cmov, cx8, fxsr, mmx, sse, sse2, sse3, ssse3, sse4.1, sse4.2, popcnt, avx, clmul, ht, tsc, tscinvbit

/proc/cpuinfo:
processor	: 0
vendor_id	: GenuineIntel
cpu family	: 6
model		: 42
model name	: Intel(R) Core(TM) i3-2120 CPU @ 3.30GHz
stepping	: 7
microcode	: 0x26
cpu MHz		: 1877.519
cache size	: 3072 KB
physical id	: 0
siblings	: 4
core id		: 0
cpu cores	: 2
apicid		: 0
initial apicid	: 0
fpu		: yes
fpu_exception	: yes
cpuid level	: 13
wp		: yes
flags		: fpu vme de pse tsc msr pae mce cx8 apic sep mtrr pge mca cmov pat pse36 clflush dts acpi mmx fxsr sse sse2 ss ht tm pbe syscall nx rdtscp lm constant_tsc arch_perfmon pebs bts rep_good nopl xtopology nonstop_tsc aperfmperf eagerfpu pni pclmulqdq dtes64 monitor ds_cpl vmx est tm2 ssse3 cx16 xtpr pdcm pcid sse4_1 sse4_2 popcnt tsc_deadline_timer xsave avx lahf_lm arat epb pln pts dtherm tpr_shadow vnmi flexpriority ept vpid xsaveopt
bugs		:
bogomips	: 6603.55
clflush size	: 64
cache_alignment	: 64
address sizes	: 36 bits physical, 48 bits virtual
power management:

processor	: 1
vendor_id	: GenuineIntel
cpu family	: 6
model		: 42
model name	: Intel(R) Core(TM) i3-2120 CPU @ 3.30GHz
stepping	: 7
microcode	: 0x26
cpu MHz		: 1907.812
cache size	: 3072 KB
physical id	: 0
siblings	: 4
core id		: 1
cpu cores	: 2
apicid		: 2
initial apicid	: 2
fpu		: yes
fpu_exception	: yes
cpuid level	: 13
wp		: yes
flags		: fpu vme de pse tsc msr pae mce cx8 apic sep mtrr pge mca cmov pat pse36 clflush dts acpi mmx fxsr sse sse2 ss ht tm pbe syscall nx rdtscp lm constant_tsc arch_perfmon pebs bts rep_good nopl xtopology nonstop_tsc aperfmperf eagerfpu pni pclmulqdq dtes64 monitor ds_cpl vmx est tm2 ssse3 cx16 xtpr pdcm pcid sse4_1 sse4_2 popcnt tsc_deadline_timer xsave avx lahf_lm arat epb pln pts dtherm tpr_shadow vnmi flexpriority ept vpid xsaveopt
bugs		:
bogomips	: 6603.55
clflush size	: 64
cache_alignment	: 64
address sizes	: 36 bits physical, 48 bits virtual
power management:

processor	: 2
vendor_id	: GenuineIntel
cpu family	: 6
model		: 42
model name	: Intel(R) Core(TM) i3-2120 CPU @ 3.30GHz
stepping	: 7
microcode	: 0x26
cpu MHz		: 1618.160
cache size	: 3072 KB
physical id	: 0
siblings	: 4
core id		: 0
cpu cores	: 2
apicid		: 1
initial apicid	: 1
fpu		: yes
fpu_exception	: yes
cpuid level	: 13
wp		: yes
flags		: fpu vme de pse tsc msr pae mce cx8 apic sep mtrr pge mca cmov pat pse36 clflush dts acpi mmx fxsr sse sse2 ss ht tm pbe syscall nx rdtscp lm constant_tsc arch_perfmon pebs bts rep_good nopl xtopology nonstop_tsc aperfmperf eagerfpu pni pclmulqdq dtes64 monitor ds_cpl vmx est tm2 ssse3 cx16 xtpr pdcm pcid sse4_1 sse4_2 popcnt tsc_deadline_timer xsave avx lahf_lm arat epb pln pts dtherm tpr_shadow vnmi flexpriority ept vpid xsaveopt
bugs		:
bogomips	: 6603.55
clflush size	: 64
cache_alignment	: 64
address sizes	: 36 bits physical, 48 bits virtual
power management:

processor	: 3
vendor_id	: GenuineIntel
cpu family	: 6
model		: 42
model name	: Intel(R) Core(TM) i3-2120 CPU @ 3.30GHz
stepping	: 7
microcode	: 0x26
cpu MHz		: 2198.367
cache size	: 3072 KB
physical id	: 0
siblings	: 4
core id		: 1
cpu cores	: 2
apicid		: 3
initial apicid	: 3
fpu		: yes
fpu_exception	: yes
cpuid level	: 13
wp		: yes
flags		: fpu vme de pse tsc msr pae mce cx8 apic sep mtrr pge mca cmov pat pse36 clflush dts acpi mmx fxsr sse sse2 ss ht tm pbe syscall nx rdtscp lm constant_tsc arch_perfmon pebs bts rep_good nopl xtopology nonstop_tsc aperfmperf eagerfpu pni pclmulqdq dtes64 monitor ds_cpl vmx est tm2 ssse3 cx16 xtpr pdcm pcid sse4_1 sse4_2 popcnt tsc_deadline_timer xsave avx lahf_lm arat epb pln pts dtherm tpr_shadow vnmi flexpriority ept vpid xsaveopt
bugs		:
bogomips	: 6603.55
clflush size	: 64
cache_alignment	: 64
address sizes	: 36 bits physical, 48 bits virtual
power management:



Memory: 4k page, physical 4007080k(26276k free), swap 0k(0k free)

vm_info: Java HotSpot(TM) 64-Bit Server VM (25.72-b15) for linux-amd64 JRE (1.8.0_72-b15), built on Dec 22 2015 22:00:07 by "java_re" with gcc 4.3.0 20080428 (Red Hat 4.3.0-8)

time: Sat Feb 20 00:17:21 2016
elapsed time: 14 seconds (0d 0h 0m 14s)

