#
# There is insufficient memory for the Java Runtime Environment to continue.
# Native memory allocation (mmap) failed to map 65536000 bytes for committing reserved memory.
# Possible reasons:
#   The system is out of physical RAM or swap space
#   In 32 bit mode, the process size limit was hit
# Possible solutions:
#   Reduce memory load on the system
#   Increase physical memory or swap space
#   Check if swap backing store is full
#   Use 64 bit Java on a 64 bit OS
#   Decrease Java heap size (-Xmx/-Xms)
#   Decrease number of Java threads
#   Decrease Java thread stack sizes (-Xss)
#   Set larger code cache with -XX:ReservedCodeCacheSize=
# This output file may be truncated or incomplete.
#
#  Out of Memory Error (os_linux.cpp:2627), pid=5053, tid=139953282459392
#
# JRE version: Java(TM) SE Runtime Environment (8.0_72-b15) (build 1.8.0_72-b15)
# Java VM: Java HotSpot(TM) 64-Bit Server VM (25.72-b15 mixed mode linux-amd64 compressed oops)
# Core dump written. Default location: /home/youngbin/mailtracker-android/app/core or core.5053
#

---------------  T H R E A D  ---------------

Current thread (0x00007f498c076800):  VMThread [stack: 0x00007f49699fa000,0x00007f4969afb000] [id=5068]

Stack: [0x00007f49699fa000,0x00007f4969afb000],  sp=0x00007f4969af9320,  free space=1020k
Native frames: (J=compiled Java code, j=interpreted, Vv=VM code, C=native code)
V  [libjvm.so+0xaba7ea]  VMError::report_and_die()+0x2ba
V  [libjvm.so+0x4f9e3b]  report_vm_out_of_memory(char const*, int, unsigned long, VMErrorType, char const*)+0x8b
V  [libjvm.so+0x91b613]  os::Linux::commit_memory_impl(char*, unsigned long, bool)+0x103
V  [libjvm.so+0x91bb69]  os::pd_commit_memory(char*, unsigned long, unsigned long, bool)+0x29
V  [libjvm.so+0x915e6a]  os::commit_memory(char*, unsigned long, unsigned long, bool)+0x2a
V  [libjvm.so+0x989543]  PSVirtualSpace::expand_by(unsigned long)+0x53
V  [libjvm.so+0x979e30]  PSOldGen::expand(unsigned long)+0x170
V  [libjvm.so+0x97a03b]  PSOldGen::resize(unsigned long)+0x1cb
V  [libjvm.so+0x981d11]  PSParallelCompact::invoke_no_policy(bool)+0x991
V  [libjvm.so+0x98766d]  PSScavenge::invoke()+0x1ad
V  [libjvm.so+0x93f300]  ParallelScavengeHeap::failed_mem_allocate(unsigned long)+0x70
V  [libjvm.so+0xabc207]  VM_ParallelGCFailedAllocation::doit()+0x97
V  [libjvm.so+0xac3c35]  VM_Operation::evaluate()+0x55
V  [libjvm.so+0xac200a]  VMThread::evaluate_operation(VM_Operation*)+0xba
V  [libjvm.so+0xac238e]  VMThread::loop()+0x1ce
V  [libjvm.so+0xac2800]  VMThread::run()+0x70
V  [libjvm.so+0x91d9d8]  java_start(Thread*)+0x108

VM_Operation (0x00007f496909fcc0): ParallelGCFailedAllocation, mode: safepoint, requested by thread 0x00007f498c1c7800


---------------  P R O C E S S  ---------------

Java Threads: ( => current thread )
  0x00007f498c20e800 JavaThread "pool-2-thread-4" [_thread_blocked, id=5086, stack(0x00007f4968b9d000,0x00007f4968c9e000)]
  0x00007f498c20c800 JavaThread "pool-2-thread-3" [_thread_blocked, id=5085, stack(0x00007f4968c9e000,0x00007f4968d9f000)]
  0x00007f498c20b000 JavaThread "pool-2-thread-2" [_thread_blocked, id=5084, stack(0x00007f4968d9f000,0x00007f4968ea0000)]
  0x00007f498c20a000 JavaThread "pool-3-thread-1" [_thread_blocked, id=5083, stack(0x00007f4968ea0000,0x00007f4968fa1000)]
  0x00007f498c1c7800 JavaThread "pool-2-thread-1" [_thread_blocked, id=5082, stack(0x00007f4968fa1000,0x00007f49690a2000)]
  0x00007f498c0c7000 JavaThread "Service Thread" daemon [_thread_blocked, id=5075, stack(0x00007f49691a3000,0x00007f49692a4000)]
  0x00007f498c0bb800 JavaThread "C1 CompilerThread2" daemon [_thread_blocked, id=5074, stack(0x00007f49692a4000,0x00007f49693a5000)]
  0x00007f498c0ba000 JavaThread "C2 CompilerThread1" daemon [_thread_blocked, id=5073, stack(0x00007f49693a5000,0x00007f49694a6000)]
  0x00007f498c0b7000 JavaThread "C2 CompilerThread0" daemon [_thread_blocked, id=5072, stack(0x00007f49694a6000,0x00007f49695a7000)]
  0x00007f498c0b5800 JavaThread "Signal Dispatcher" daemon [_thread_blocked, id=5071, stack(0x00007f49695a7000,0x00007f49696a8000)]
  0x00007f498c082800 JavaThread "Finalizer" daemon [_thread_blocked, id=5070, stack(0x00007f49697f8000,0x00007f49698f9000)]
  0x00007f498c07e000 JavaThread "Reference Handler" daemon [_thread_blocked, id=5069, stack(0x00007f49698f9000,0x00007f49699fa000)]
  0x00007f498c008800 JavaThread "main" [_thread_blocked, id=5057, stack(0x00007f4993b96000,0x00007f4993c97000)]

Other Threads:
=>0x00007f498c076800 VMThread [stack: 0x00007f49699fa000,0x00007f4969afb000] [id=5068]
  0x00007f498c0ca000 WatcherThread [stack: 0x00007f49690a2000,0x00007f49691a3000] [id=5076]

VM state:at safepoint (normal execution)

VM Mutex/Monitor currently owned by a thread:  ([mutex/lock_event])
[0x00007f498c005e20] ExpandHeap_lock - owner thread: 0x00007f498c076800
[0x00007f498c0064a0] Threads_lock - owner thread: 0x00007f498c076800
[0x00007f498c0069a0] Heap_lock - owner thread: 0x00007f498c1c7800

Heap:
 PSYoungGen      total 269312K, used 38219K [0x00000000eab00000, 0x0000000100000000, 0x0000000100000000)
  eden space 227328K, 0% used [0x00000000eab00000,0x00000000eab00000,0x00000000f8900000)
  from space 41984K, 91% used [0x00000000fc100000,0x00000000fe652de0,0x00000000fea00000)
  to   space 57344K, 0% used [0x00000000f8900000,0x00000000f8900000,0x00000000fc100000)
 ParOldGen       total 82432K, used 82169K [0x00000000c0000000, 0x00000000c5080000, 0x00000000eab00000)
  object space 82432K, 99% used [0x00000000c0000000,0x00000000c503e7c0,0x00000000c5080000)
 Metaspace       used 6498K, capacity 7256K, committed 7424K, reserved 1056768K
  class space    used 614K, capacity 656K, committed 768K, reserved 1048576K

Card table byte_map: [0x00007f4990dbf000,0x00007f4990fc0000] byte_map_base: 0x00007f49907bf000

Marking Bits: (ParMarkBitMap*) 0x00007f49930a3100
 Begin Bits: [0x00007f496a000000, 0x00007f496b000000)
 End Bits:   [0x00007f496b000000, 0x00007f496c000000)

Polling page: 0x00007f4993cc8000

CodeCache: size=245760Kb used=9181Kb max_used=9189Kb free=236578Kb
 bounds [0x00007f497d000000, 0x00007f497d900000, 0x00007f498c000000]
 total_blobs=2555 nmethods=2286 adapters=182
 compilation: enabled

Compilation events (10 events):
Event: 6.395 Thread 0x00007f498c0b7000 nmethod 2067 0x00007f497d8ed390 code [0x00007f497d8edaa0, 0x00007f497d8f3830]
Event: 6.395 Thread 0x00007f498c0b7000 2338       4       com.android.dx.cf.code.RopperMachine::getSources (264 bytes)
Event: 6.451 Thread 0x00007f498c0bb800 2457       2       java.util.concurrent.ThreadPoolExecutor::runStateOf (5 bytes)
Event: 6.451 Thread 0x00007f498c0bb800 nmethod 2457 0x00007f497d8cce90 code [0x00007f497d8ccfe0, 0x00007f497d8cd110]
Event: 6.552 Thread 0x00007f498c0bb800 2461       3       com.android.dx.rop.code.LocalVariableExtractor::processBlock (327 bytes)
Event: 6.556 Thread 0x00007f498c0bb800 nmethod 2461 0x00007f497d8e4d10 code [0x00007f497d8e51a0, 0x00007f497d8e8bd8]
Event: 6.556 Thread 0x00007f498c0bb800 2460       1       java.util.TreeMap$Entry::getKey (5 bytes)
Event: 6.556 Thread 0x00007f498c0bb800 nmethod 2460 0x00007f497d8ccbd0 code [0x00007f497d8ccd20, 0x00007f497d8cce30]
Event: 6.567 Thread 0x00007f498c0bb800 2462 %     3       com.android.dx.util.Bits::isEmpty @ 5 (26 bytes)
Event: 6.568 Thread 0x00007f498c0bb800 nmethod 2462% 0x00007f497d8cc650 code [0x00007f497d8cc7c0, 0x00007f497d8cca70]

GC Heap History (10 events):
Event: 3.173 GC heap after
Heap after GC invocations=7 (full 0):
 PSYoungGen      total 140800K, used 16365K [0x00000000eab00000, 0x00000000fd200000, 0x0000000100000000)
  eden space 124416K, 0% used [0x00000000eab00000,0x00000000eab00000,0x00000000f2480000)
  from space 16384K, 99% used [0x00000000f2480000,0x00000000f347b660,0x00000000f3480000)
  to   space 26624K, 0% used [0x00000000fb800000,0x00000000fb800000,0x00000000fd200000)
 ParOldGen       total 42496K, used 31102K [0x00000000c0000000, 0x00000000c2980000, 0x00000000eab00000)
  object space 42496K, 73% used [0x00000000c0000000,0x00000000c1e5fbb0,0x00000000c2980000)
 Metaspace       used 6196K, capacity 7088K, committed 7296K, reserved 1056768K
  class space    used 594K, capacity 616K, committed 640K, reserved 1048576K
}
Event: 3.173 GC heap before
{Heap before GC invocations=8 (full 1):
 PSYoungGen      total 140800K, used 16365K [0x00000000eab00000, 0x00000000fd200000, 0x0000000100000000)
  eden space 124416K, 0% used [0x00000000eab00000,0x00000000eab00000,0x00000000f2480000)
  from space 16384K, 99% used [0x00000000f2480000,0x00000000f347b660,0x00000000f3480000)
  to   space 26624K, 0% used [0x00000000fb800000,0x00000000fb800000,0x00000000fd200000)
 ParOldGen       total 42496K, used 31102K [0x00000000c0000000, 0x00000000c2980000, 0x00000000eab00000)
  object space 42496K, 73% used [0x00000000c0000000,0x00000000c1e5fbb0,0x00000000c2980000)
 Metaspace       used 6196K, capacity 7088K, committed 7296K, reserved 1056768K
  class space    used 594K, capacity 616K, committed 640K, reserved 1048576K
Event: 3.469 GC heap after
Heap after GC invocations=8 (full 1):
 PSYoungGen      total 140800K, used 2538K [0x00000000eab00000, 0x00000000fd200000, 0x0000000100000000)
  eden space 124416K, 0% used [0x00000000eab00000,0x00000000eab00000,0x00000000f2480000)
  from space 16384K, 15% used [0x00000000f2480000,0x00000000f26fabb8,0x00000000f3480000)
  to   space 26624K, 0% used [0x00000000fb800000,0x00000000fb800000,0x00000000fd200000)
 ParOldGen       total 80384K, used 42342K [0x00000000c0000000, 0x00000000c4e80000, 0x00000000eab00000)
  object space 80384K, 52% used [0x00000000c0000000,0x00000000c2959ad8,0x00000000c4e80000)
 Metaspace       used 6196K, capacity 7088K, committed 7296K, reserved 1056768K
  class space    used 594K, capacity 616K, committed 640K, reserved 1048576K
}
Event: 4.166 GC heap before
{Heap before GC invocations=9 (full 1):
 PSYoungGen      total 140800K, used 126954K [0x00000000eab00000, 0x00000000fd200000, 0x0000000100000000)
  eden space 124416K, 100% used [0x00000000eab00000,0x00000000f2480000,0x00000000f2480000)
  from space 16384K, 15% used [0x00000000f2480000,0x00000000f26fabb8,0x00000000f3480000)
  to   space 26624K, 0% used [0x00000000fb800000,0x00000000fb800000,0x00000000fd200000)
 ParOldGen       total 80384K, used 42342K [0x00000000c0000000, 0x00000000c4e80000, 0x00000000eab00000)
  object space 80384K, 52% used [0x00000000c0000000,0x00000000c2959ad8,0x00000000c4e80000)
 Metaspace       used 6428K, capacity 7256K, committed 7424K, reserved 1056768K
  class space    used 614K, capacity 656K, committed 768K, reserved 1048576K
Event: 4.260 GC heap after
Heap after GC invocations=9 (full 1):
 PSYoungGen      total 208384K, used 21283K [0x00000000eab00000, 0x00000000fcd00000, 0x0000000100000000)
  eden space 186880K, 0% used [0x00000000eab00000,0x00000000eab00000,0x00000000f6180000)
  from space 21504K, 98% used [0x00000000fb800000,0x00000000fccc8f78,0x00000000fcd00000)
  to   space 29696K, 0% used [0x00000000f9300000,0x00000000f9300000,0x00000000fb000000)
 ParOldGen       total 80384K, used 42350K [0x00000000c0000000, 0x00000000c4e80000, 0x00000000eab00000)
  object space 80384K, 52% used [0x00000000c0000000,0x00000000c295bad8,0x00000000c4e80000)
 Metaspace       used 6428K, capacity 7256K, committed 7424K, reserved 1056768K
  class space    used 614K, capacity 656K, committed 768K, reserved 1048576K
}
Event: 5.224 GC heap before
{Heap before GC invocations=10 (full 1):
 PSYoungGen      total 208384K, used 208163K [0x00000000eab00000, 0x00000000fcd00000, 0x0000000100000000)
  eden space 186880K, 100% used [0x00000000eab00000,0x00000000f6180000,0x00000000f6180000)
  from space 21504K, 98% used [0x00000000fb800000,0x00000000fccc8f78,0x00000000fcd00000)
  to   space 29696K, 0% used [0x00000000f9300000,0x00000000f9300000,0x00000000fb000000)
 ParOldGen       total 80384K, used 42350K [0x00000000c0000000, 0x00000000c4e80000, 0x00000000eab00000)
  object space 80384K, 52% used [0x00000000c0000000,0x00000000c295bad8,0x00000000c4e80000)
 Metaspace       used 6481K, capacity 7256K, committed 7424K, reserved 1056768K
  class space    used 614K, capacity 656K, committed 768K, reserved 1048576K
Event: 5.310 GC heap after
Heap after GC invocations=10 (full 1):
 PSYoungGen      total 267264K, used 29677K [0x00000000eab00000, 0x00000000fea00000, 0x0000000100000000)
  eden space 237568K, 0% used [0x00000000eab00000,0x00000000eab00000,0x00000000f9300000)
  from space 29696K, 99% used [0x00000000f9300000,0x00000000faffb580,0x00000000fb000000)
  to   space 41984K, 0% used [0x00000000fc100000,0x00000000fc100000,0x00000000fea00000)
 ParOldGen       total 80384K, used 59723K [0x00000000c0000000, 0x00000000c4e80000, 0x00000000eab00000)
  object space 80384K, 74% used [0x00000000c0000000,0x00000000c3a52c90,0x00000000c4e80000)
 Metaspace       used 6481K, capacity 7256K, committed 7424K, reserved 1056768K
  class space    used 614K, capacity 656K, committed 768K, reserved 1048576K
}
Event: 6.631 GC heap before
{Heap before GC invocations=11 (full 1):
 PSYoungGen      total 267264K, used 267245K [0x00000000eab00000, 0x00000000fea00000, 0x0000000100000000)
  eden space 237568K, 100% used [0x00000000eab00000,0x00000000f9300000,0x00000000f9300000)
  from space 29696K, 99% used [0x00000000f9300000,0x00000000faffb580,0x00000000fb000000)
  to   space 41984K, 0% used [0x00000000fc100000,0x00000000fc100000,0x00000000fea00000)
 ParOldGen       total 80384K, used 59723K [0x00000000c0000000, 0x00000000c4e80000, 0x00000000eab00000)
  object space 80384K, 74% used [0x00000000c0000000,0x00000000c3a52c90,0x00000000c4e80000)
 Metaspace       used 6498K, capacity 7256K, committed 7424K, reserved 1056768K
  class space    used 614K, capacity 656K, committed 768K, reserved 1048576K
Event: 6.850 GC heap after
Heap after GC invocations=11 (full 1):
 PSYoungGen      total 269312K, used 41958K [0x00000000eab00000, 0x0000000100000000, 0x0000000100000000)
  eden space 227328K, 0% used [0x00000000eab00000,0x00000000eab00000,0x00000000f8900000)
  from space 41984K, 99% used [0x00000000fc100000,0x00000000fe9f9a98,0x00000000fea00000)
  to   space 57344K, 0% used [0x00000000f8900000,0x00000000f8900000,0x00000000fc100000)
 ParOldGen       total 82432K, used 81749K [0x00000000c0000000, 0x00000000c5080000, 0x00000000eab00000)
  object space 82432K, 99% used [0x00000000c0000000,0x00000000c4fd57b0,0x00000000c5080000)
 Metaspace       used 6498K, capacity 7256K, committed 7424K, reserved 1056768K
  class space    used 614K, capacity 656K, committed 768K, reserved 1048576K
}
Event: 6.852 GC heap before
{Heap before GC invocations=12 (full 2):
 PSYoungGen      total 269312K, used 41958K [0x00000000eab00000, 0x0000000100000000, 0x0000000100000000)
  eden space 227328K, 0% used [0x00000000eab00000,0x00000000eab00000,0x00000000f8900000)
  from space 41984K, 99% used [0x00000000fc100000,0x00000000fe9f9a98,0x00000000fea00000)
  to   space 57344K, 0% used [0x00000000f8900000,0x00000000f8900000,0x00000000fc100000)
 ParOldGen       total 82432K, used 81749K [0x00000000c0000000, 0x00000000c5080000, 0x00000000eab00000)
  object space 82432K, 99% used [0x00000000c0000000,0x00000000c4fd57b0,0x00000000c5080000)
 Metaspace       used 6498K, capacity 7256K, committed 7424K, reserved 1056768K
  class space    used 614K, capacity 656K, committed 768K, reserved 1048576K

Deoptimization events (10 events):
Event: 5.201 Thread 0x00007f498c008800 Uncommon trap: reason=bimorphic action=maybe_recompile pc=0x00007f497d820310 method=com.android.dx.cf.code.BytecodeArray.parseInstruction(ILcom/android/dx/cf/code/BytecodeArray$Visitor;)I @ 1357
Event: 5.201 Thread 0x00007f498c008800 Uncommon trap: reason=bimorphic action=maybe_recompile pc=0x00007f497d820310 method=com.android.dx.cf.code.BytecodeArray.parseInstruction(ILcom/android/dx/cf/code/BytecodeArray$Visitor;)I @ 1357
Event: 5.588 Thread 0x00007f498c008800 Uncommon trap: reason=unstable_if action=reinterpret pc=0x00007f497d3826cc method=com.android.dx.dex.code.OutputFinisher.hasLocalInfo(Lcom/android/dx/dex/code/DalvInsn;)Z @ 24
Event: 5.710 Thread 0x00007f498c1c7800 Uncommon trap: reason=bimorphic action=maybe_recompile pc=0x00007f497d899e38 method=com.android.dx.cf.code.BaseMachine.getLocalTarget(Z)Lcom/android/dx/rop/code/RegisterSpec; @ 70
Event: 5.710 Thread 0x00007f498c1c7800 Uncommon trap: reason=bimorphic action=maybe_recompile pc=0x00007f497d899e38 method=com.android.dx.cf.code.BaseMachine.getLocalTarget(Z)Lcom/android/dx/rop/code/RegisterSpec; @ 70
Event: 5.711 Thread 0x00007f498c1c7800 Uncommon trap: reason=bimorphic action=maybe_recompile pc=0x00007f497d899e38 method=com.android.dx.cf.code.BaseMachine.getLocalTarget(Z)Lcom/android/dx/rop/code/RegisterSpec; @ 70
Event: 5.725 Thread 0x00007f498c20e800 Uncommon trap: reason=bimorphic action=maybe_recompile pc=0x00007f497d899e38 method=com.android.dx.cf.code.BaseMachine.getLocalTarget(Z)Lcom/android/dx/rop/code/RegisterSpec; @ 70
Event: 5.805 Thread 0x00007f498c008800 Uncommon trap: reason=unstable_if action=reinterpret pc=0x00007f497d33a70c method=java.util.HashMap.getNode(ILjava/lang/Object;)Ljava/util/HashMap$Node; @ 84
Event: 6.299 Thread 0x00007f498c20c800 Uncommon trap: reason=unstable_if action=reinterpret pc=0x00007f497d8c9a10 method=com.android.dx.cf.code.BaseMachine.getLocalTarget(Z)Lcom/android/dx/rop/code/RegisterSpec; @ 131
Event: 6.537 Thread 0x00007f498c20e800 Uncommon trap: reason=unstable_if action=reinterpret pc=0x00007f497d8f1a00 method=com.android.dx.rop.code.RegisterSpecSet.localItemToSpec(Lcom/android/dx/rop/code/LocalItem;)Lcom/android/dx/rop/code/RegisterSpec; @ 35

Internal exceptions (7 events):
Event: 0.020 Thread 0x00007f498c008800 Exception <a 'java/lang/NoSuchMethodError': Method sun.misc.Unsafe.defineClass(Ljava/lang/String;[BII)Ljava/lang/Class; name or signature does not match> (0x00000000eab07cc0) thrown at [/HUDSON/workspace/8-2-build-linux-amd64/jdk8u72/5732/hotspot/src/shar
Event: 0.020 Thread 0x00007f498c008800 Exception <a 'java/lang/NoSuchMethodError': Method sun.misc.Unsafe.prefetchRead(Ljava/lang/Object;J)V name or signature does not match> (0x00000000eab07fa8) thrown at [/HUDSON/workspace/8-2-build-linux-amd64/jdk8u72/5732/hotspot/src/share/vm/prims/jni.cpp
Event: 1.363 Thread 0x00007f498c1c7800 Implicit null exception at 0x00007f497d2db573 to 0x00007f497d2de521
Event: 1.567 Thread 0x00007f498c20b000 Implicit null exception at 0x00007f497d2f876c to 0x00007f497d2fac91
Event: 4.018 Thread 0x00007f498c20e800 Exception <a 'java/lang/ArrayIndexOutOfBoundsException': 18> (0x00000000f0f11e10) thrown at [/HUDSON/workspace/8-2-build-linux-amd64/jdk8u72/5732/hotspot/src/share/vm/interpreter/interpreterRuntime.cpp, line 366]
Event: 4.019 Thread 0x00007f498c20e800 Exception <a 'java/lang/ArrayIndexOutOfBoundsException'> (0x00000000f0f13990) thrown at [/HUDSON/workspace/8-2-build-linux-amd64/jdk8u72/5732/hotspot/src/share/vm/runtime/sharedRuntime.cpp, line 605]
Event: 4.020 Thread 0x00007f498c20e800 Exception <a 'java/lang/ArrayIndexOutOfBoundsException'> (0x00000000f0f14c78) thrown at [/HUDSON/workspace/8-2-build-linux-amd64/jdk8u72/5732/hotspot/src/share/vm/runtime/sharedRuntime.cpp, line 605]

Events (10 events):
Event: 6.364 Thread 0x00007f498c20c800 DEOPT PACKING pc=0x00007f497d61d337 sp=0x00007f4968d9cd80
Event: 6.364 Thread 0x00007f498c20c800 DEOPT UNPACKING pc=0x00007f497d047633 sp=0x00007f4968d9cb00 mode 0
Event: 6.457 Thread 0x00007f498c20e800 DEOPT PACKING pc=0x00007f497d3bcf6c sp=0x00007f4968c9bf00
Event: 6.457 Thread 0x00007f498c20e800 DEOPT UNPACKING pc=0x00007f497d047633 sp=0x00007f4968c9bc00 mode 0
Event: 6.537 Thread 0x00007f498c20e800 Uncommon trap: trap_request=0xffffff65 fr.pc=0x00007f497d8f1a00
Event: 6.537 Thread 0x00007f498c20e800 DEOPT PACKING pc=0x00007f497d8f1a00 sp=0x00007f4968c9c060
Event: 6.537 Thread 0x00007f498c20e800 DEOPT UNPACKING pc=0x00007f497d005229 sp=0x00007f4968c9bfe8 mode 2
Event: 6.564 Thread 0x00007f498c008800 DEOPT PACKING pc=0x00007f497d3bcf6c sp=0x00007f4993c94830
Event: 6.564 Thread 0x00007f498c008800 DEOPT UNPACKING pc=0x00007f497d047633 sp=0x00007f4993c94530 mode 0
Event: 6.628 Executing VM operation: ParallelGCFailedAllocation


Dynamic libraries:
00400000-00401000 r-xp 00000000 08:06 399874                             /usr/lib/jvm/java-8-jdk/jre/bin/java
00600000-00601000 rw-p 00000000 08:06 399874                             /usr/lib/jvm/java-8-jdk/jre/bin/java
01a9f000-01ac0000 rw-p 00000000 00:00 0                                  [heap]
c0000000-c5080000 rw-p 00000000 00:00 0 
c8f00000-eab00000 ---p 00000000 00:00 0 
eab00000-100000000 rw-p 00000000 00:00 0 
100000000-1000c0000 rw-p 00000000 00:00 0 
1000c0000-140000000 ---p 00000000 00:00 0 
7f492c000000-7f492c02a000 rw-p 00000000 00:00 0 
7f492c02a000-7f4930000000 ---p 00000000 00:00 0 
7f4934000000-7f493403f000 rw-p 00000000 00:00 0 
7f493403f000-7f4938000000 ---p 00000000 00:00 0 
7f4938000000-7f4938021000 rw-p 00000000 00:00 0 
7f4938021000-7f493c000000 ---p 00000000 00:00 0 
7f493c000000-7f493c061000 rw-p 00000000 00:00 0 
7f493c061000-7f4940000000 ---p 00000000 00:00 0 
7f4940000000-7f4940021000 rw-p 00000000 00:00 0 
7f4940021000-7f4944000000 ---p 00000000 00:00 0 
7f4944000000-7f4944021000 rw-p 00000000 00:00 0 
7f4944021000-7f4948000000 ---p 00000000 00:00 0 
7f4948000000-7f4948021000 rw-p 00000000 00:00 0 
7f4948021000-7f494c000000 ---p 00000000 00:00 0 
7f494c000000-7f494d52e000 rw-p 00000000 00:00 0 
7f494d52e000-7f4950000000 ---p 00000000 00:00 0 
7f4950000000-7f4950b79000 rw-p 00000000 00:00 0 
7f4950b79000-7f4954000000 ---p 00000000 00:00 0 
7f4954000000-7f4954021000 rw-p 00000000 00:00 0 
7f4954021000-7f4958000000 ---p 00000000 00:00 0 
7f4958000000-7f495921c000 rw-p 00000000 00:00 0 
7f495921c000-7f495c000000 ---p 00000000 00:00 0 
7f495c000000-7f495c021000 rw-p 00000000 00:00 0 
7f495c021000-7f4960000000 ---p 00000000 00:00 0 
7f4960000000-7f4960021000 rw-p 00000000 00:00 0 
7f4960021000-7f4964000000 ---p 00000000 00:00 0 
7f4964000000-7f49642b5000 rw-p 00000000 00:00 0 
7f49642b5000-7f4968000000 ---p 00000000 00:00 0 
7f4968b9d000-7f4968ba0000 ---p 00000000 00:00 0 
7f4968ba0000-7f4968c9e000 rw-p 00000000 00:00 0                          [stack:5086]
7f4968c9e000-7f4968ca1000 ---p 00000000 00:00 0 
7f4968ca1000-7f4968d9f000 rw-p 00000000 00:00 0                          [stack:5085]
7f4968d9f000-7f4968da2000 ---p 00000000 00:00 0 
7f4968da2000-7f4968ea0000 rw-p 00000000 00:00 0                          [stack:5084]
7f4968ea0000-7f4968ea3000 ---p 00000000 00:00 0 
7f4968ea3000-7f4968fa1000 rw-p 00000000 00:00 0                          [stack:5083]
7f4968fa1000-7f4968fa4000 ---p 00000000 00:00 0 
7f4968fa4000-7f49690a2000 rw-p 00000000 00:00 0                          [stack:5082]
7f49690a2000-7f49690a3000 ---p 00000000 00:00 0 
7f49690a3000-7f49691a3000 rw-p 00000000 00:00 0                          [stack:5076]
7f49691a3000-7f49691a6000 ---p 00000000 00:00 0 
7f49691a6000-7f49692a4000 rw-p 00000000 00:00 0                          [stack:5075]
7f49692a4000-7f49692a7000 ---p 00000000 00:00 0 
7f49692a7000-7f49693a5000 rw-p 00000000 00:00 0                          [stack:5074]
7f49693a5000-7f49693a8000 ---p 00000000 00:00 0 
7f49693a8000-7f49694a6000 rw-p 00000000 00:00 0                          [stack:5073]
7f49694a6000-7f49694a9000 ---p 00000000 00:00 0 
7f49694a9000-7f49695a7000 rw-p 00000000 00:00 0                          [stack:5072]
7f49695a7000-7f49695aa000 ---p 00000000 00:00 0 
7f49695aa000-7f49696a8000 rw-p 00000000 00:00 0                          [stack:5071]
7f49696a8000-7f49697f8000 r--p 00000000 08:06 163465                     /usr/lib/locale/locale-archive
7f49697f8000-7f49697fb000 ---p 00000000 00:00 0 
7f49697fb000-7f49698f9000 rw-p 00000000 00:00 0                          [stack:5070]
7f49698f9000-7f49698fc000 ---p 00000000 00:00 0 
7f49698fc000-7f49699fa000 rw-p 00000000 00:00 0                          [stack:5069]
7f49699fa000-7f49699fb000 ---p 00000000 00:00 0 
7f49699fb000-7f496c000000 rw-p 00000000 00:00 0                          [stack:5068]
7f496c000000-7f496c021000 rw-p 00000000 00:00 0 
7f496c021000-7f4970000000 ---p 00000000 00:00 0 
7f4970000000-7f4970021000 rw-p 00000000 00:00 0 
7f4970021000-7f4974000000 ---p 00000000 00:00 0 
7f4974000000-7f4974021000 rw-p 00000000 00:00 0 
7f4974021000-7f4978000000 ---p 00000000 00:00 0 
7f4978000000-7f4978021000 rw-p 00000000 00:00 0 
7f4978021000-7f497c000000 ---p 00000000 00:00 0 
7f497c0f9000-7f497ce80000 rw-p 00000000 00:00 0 
7f497ce80000-7f497d000000 ---p 00000000 00:00 0 
7f497d000000-7f497d900000 rwxp 00000000 00:00 0 
7f497d900000-7f498c000000 ---p 00000000 00:00 0 
7f498c000000-7f498c396000 rw-p 00000000 00:00 0 
7f498c396000-7f4990000000 ---p 00000000 00:00 0 
7f4990002000-7f4990029000 r--p 00000000 08:06 133207                     /usr/share/locale/ko/LC_MESSAGES/libc.mo
7f4990029000-7f4990062000 r--s 006b4000 08:06 13238866                   /home/youngbin/mailtracker-android/app/build/intermediates/transforms/instantRunSlicer/debug/jars/1/1a/dependencies.jar
7f4990062000-7f4990417000 rw-p 00000000 00:00 0 
7f4990417000-7f49905ef000 r--s 03d1d000 08:06 399677                     /usr/lib/jvm/java-8-jdk/jre/lib/rt.jar
7f49905ef000-7f4990865000 rw-p 00000000 00:00 0 
7f4990865000-7f4990866000 ---p 00000000 00:00 0 
7f4990866000-7f4990966000 rw-p 00000000 00:00 0                          [stack:5066]
7f4990966000-7f4990967000 ---p 00000000 00:00 0 
7f4990967000-7f4990a67000 rw-p 00000000 00:00 0                          [stack:5065]
7f4990a67000-7f4990a68000 ---p 00000000 00:00 0 
7f4990a68000-7f4990b68000 rw-p 00000000 00:00 0                          [stack:5064]
7f4990b68000-7f4990b69000 ---p 00000000 00:00 0 
7f4990b69000-7f4990c92000 rw-p 00000000 00:00 0                          [stack:5063]
7f4990c92000-7f4990dbf000 ---p 00000000 00:00 0 
7f4990dbf000-7f4990de8000 rw-p 00000000 00:00 0 
7f4990de8000-7f4990f14000 ---p 00000000 00:00 0 
7f4990f14000-7f4990fbf000 rw-p 00000000 00:00 0 
7f4990fbf000-7f4990fe4000 rw-p 00000000 00:00 0 
7f4990fe4000-7f4991380000 ---p 00000000 00:00 0 
7f4991380000-7f499139a000 r-xp 00000000 08:06 399785                     /usr/lib/jvm/java-8-jdk/jre/lib/amd64/libzip.so
7f499139a000-7f499159a000 ---p 0001a000 08:06 399785                     /usr/lib/jvm/java-8-jdk/jre/lib/amd64/libzip.so
7f499159a000-7f499159b000 rw-p 0001a000 08:06 399785                     /usr/lib/jvm/java-8-jdk/jre/lib/amd64/libzip.so
7f499159b000-7f49915a6000 r-xp 00000000 08:06 134332                     /usr/lib/libnss_files-2.22.so
7f49915a6000-7f49917a5000 ---p 0000b000 08:06 134332                     /usr/lib/libnss_files-2.22.so
7f49917a5000-7f49917a6000 r--p 0000a000 08:06 134332                     /usr/lib/libnss_files-2.22.so
7f49917a6000-7f49917a7000 rw-p 0000b000 08:06 134332                     /usr/lib/libnss_files-2.22.so
7f49917a7000-7f49917ad000 rw-p 00000000 00:00 0 
7f49917ad000-7f49917d7000 r-xp 00000000 08:06 399805                     /usr/lib/jvm/java-8-jdk/jre/lib/amd64/libjava.so
7f49917d7000-7f49919d7000 ---p 0002a000 08:06 399805                     /usr/lib/jvm/java-8-jdk/jre/lib/amd64/libjava.so
7f49919d7000-7f49919d9000 rw-p 0002a000 08:06 399805                     /usr/lib/jvm/java-8-jdk/jre/lib/amd64/libjava.so
7f49919d9000-7f49919e6000 r-xp 00000000 08:06 399791                     /usr/lib/jvm/java-8-jdk/jre/lib/amd64/libverify.so
7f49919e6000-7f4991be6000 ---p 0000d000 08:06 399791                     /usr/lib/jvm/java-8-jdk/jre/lib/amd64/libverify.so
7f4991be6000-7f4991be8000 rw-p 0000d000 08:06 399791                     /usr/lib/jvm/java-8-jdk/jre/lib/amd64/libverify.so
7f4991be8000-7f4991bef000 r-xp 00000000 08:06 134341                     /usr/lib/librt-2.22.so
7f4991bef000-7f4991dee000 ---p 00007000 08:06 134341                     /usr/lib/librt-2.22.so
7f4991dee000-7f4991def000 r--p 00006000 08:06 134341                     /usr/lib/librt-2.22.so
7f4991def000-7f4991df0000 rw-p 00007000 08:06 134341                     /usr/lib/librt-2.22.so
7f4991df0000-7f4991eed000 r-xp 00000000 08:06 134338                     /usr/lib/libm-2.22.so
7f4991eed000-7f49920ec000 ---p 000fd000 08:06 134338                     /usr/lib/libm-2.22.so
7f49920ec000-7f49920ed000 r--p 000fc000 08:06 134338                     /usr/lib/libm-2.22.so
7f49920ed000-7f49920ee000 rw-p 000fd000 08:06 134338                     /usr/lib/libm-2.22.so
7f49920ee000-7f4992dad000 r-xp 00000000 08:06 530091                     /usr/lib/jvm/java-8-jdk/jre/lib/amd64/server/libjvm.so
7f4992dad000-7f4992fac000 ---p 00cbf000 08:06 530091                     /usr/lib/jvm/java-8-jdk/jre/lib/amd64/server/libjvm.so
7f4992fac000-7f4993085000 rw-p 00cbe000 08:06 530091                     /usr/lib/jvm/java-8-jdk/jre/lib/amd64/server/libjvm.so
7f4993085000-7f49930ce000 rw-p 00000000 00:00 0 
7f49930ce000-7f4993268000 r-xp 00000000 08:06 134279                     /usr/lib/libc-2.22.so
7f4993268000-7f4993468000 ---p 0019a000 08:06 134279                     /usr/lib/libc-2.22.so
7f4993468000-7f499346c000 r--p 0019a000 08:06 134279                     /usr/lib/libc-2.22.so
7f499346c000-7f499346e000 rw-p 0019e000 08:06 134279                     /usr/lib/libc-2.22.so
7f499346e000-7f4993472000 rw-p 00000000 00:00 0 
7f4993472000-7f4993475000 r-xp 00000000 08:06 134337                     /usr/lib/libdl-2.22.so
7f4993475000-7f4993674000 ---p 00003000 08:06 134337                     /usr/lib/libdl-2.22.so
7f4993674000-7f4993675000 r--p 00002000 08:06 134337                     /usr/lib/libdl-2.22.so
7f4993675000-7f4993676000 rw-p 00003000 08:06 134337                     /usr/lib/libdl-2.22.so
7f4993676000-7f499368b000 r-xp 00000000 08:06 530090                     /usr/lib/jvm/java-8-jdk/jre/lib/amd64/jli/libjli.so
7f499368b000-7f499388b000 ---p 00015000 08:06 530090                     /usr/lib/jvm/java-8-jdk/jre/lib/amd64/jli/libjli.so
7f499388b000-7f499388c000 rw-p 00015000 08:06 530090                     /usr/lib/jvm/java-8-jdk/jre/lib/amd64/jli/libjli.so
7f499388c000-7f49938a4000 r-xp 00000000 08:06 134257                     /usr/lib/libpthread-2.22.so
7f49938a4000-7f4993aa3000 ---p 00018000 08:06 134257                     /usr/lib/libpthread-2.22.so
7f4993aa3000-7f4993aa4000 r--p 00017000 08:06 134257                     /usr/lib/libpthread-2.22.so
7f4993aa4000-7f4993aa5000 rw-p 00018000 08:06 134257                     /usr/lib/libpthread-2.22.so
7f4993aa5000-7f4993aa9000 rw-p 00000000 00:00 0 
7f4993aa9000-7f4993acb000 r-xp 00000000 08:06 134278                     /usr/lib/ld-2.22.so
7f4993ad1000-7f4993b96000 rw-p 00000000 00:00 0 
7f4993b96000-7f4993b99000 ---p 00000000 00:00 0 
7f4993b99000-7f4993c9c000 rw-p 00000000 00:00 0                          [stack:5057]
7f4993c9c000-7f4993cab000 r--s 000df000 08:06 13763614                   /home/youngbin/Android/Sdk/build-tools/23.0.2/lib/dx.jar
7f4993cab000-7f4993cbf000 rw-p 00000000 00:00 0 
7f4993cbf000-7f4993cc7000 rw-s 00000000 00:22 810660                     /tmp/hsperfdata_youngbin/5053
7f4993cc7000-7f4993cc8000 rw-p 00000000 00:00 0 
7f4993cc8000-7f4993cc9000 ---p 00000000 00:00 0 
7f4993cc9000-7f4993cca000 rw-p 00000000 00:00 0 
7f4993cca000-7f4993ccb000 r--p 00021000 08:06 134278                     /usr/lib/ld-2.22.so
7f4993ccb000-7f4993ccc000 rw-p 00022000 08:06 134278                     /usr/lib/ld-2.22.so
7f4993ccc000-7f4993ccd000 rw-p 00000000 00:00 0 
7ffde7312000-7ffde7333000 rw-p 00000000 00:00 0                          [stack]
7ffde7376000-7ffde7378000 r--p 00000000 00:00 0                          [vvar]
7ffde7378000-7ffde737a000 r-xp 00000000 00:00 0                          [vdso]
ffffffffff600000-ffffffffff601000 r-xp 00000000 00:00 0                  [vsyscall]

VM Arguments:
jvm_args: -Djava.awt.headless=true -Xmx1024M -Dfile.encoding=UTF-8 -Duser.country=KR -Duser.language=ko -Duser.variant 
java_command: com.android.dx.command.Main --dex --num-threads=4 --multi-dex --output /home/youngbin/mailtracker-android/app/build/intermediates/transforms/dex/debug/folders/1000/1a/dependencies_82c8c2ddf79f65a1106b4faa60cabd333a42a34f /home/youngbin/mailtracker-android/app/build/intermediates/transforms/instantRunSlicer/debug/jars/1/1a/dependencies.jar
java_class_path (initial): /home/youngbin/Android/Sdk/build-tools/23.0.2/lib/dx.jar
Launcher Type: SUN_STANDARD

Environment Variables:
PATH=/usr/local/sbin:/usr/local/bin:/usr/bin:/usr/lib/jvm/default/bin:/usr/bin/site_perl:/usr/bin/vendor_perl:/usr/bin/core_perl
USERNAME=youngbin
LD_LIBRARY_PATH=/home/youngbin/android-studio/bin:
SHELL=/usr/bin/fish
DISPLAY=:1

Signal Handlers:
SIGSEGV: [libjvm.so+0xabb070], sa_mask[0]=11111111011111111101111111111110, sa_flags=SA_RESTART|SA_SIGINFO
SIGBUS: [libjvm.so+0xabb070], sa_mask[0]=11111111011111111101111111111110, sa_flags=SA_RESTART|SA_SIGINFO
SIGFPE: [libjvm.so+0x918480], sa_mask[0]=11111111011111111101111111111110, sa_flags=SA_RESTART|SA_SIGINFO
SIGPIPE: [libjvm.so+0x918480], sa_mask[0]=11111111011111111101111111111110, sa_flags=SA_RESTART|SA_SIGINFO
SIGXFSZ: [libjvm.so+0x918480], sa_mask[0]=11111111011111111101111111111110, sa_flags=SA_RESTART|SA_SIGINFO
SIGILL: [libjvm.so+0x918480], sa_mask[0]=11111111011111111101111111111110, sa_flags=SA_RESTART|SA_SIGINFO
SIGUSR1: SIG_DFL, sa_mask[0]=00000000000000000000000000000000, sa_flags=none
SIGUSR2: [libjvm.so+0x919ab0], sa_mask[0]=00100000000000000000000000000000, sa_flags=SA_RESTART|SA_SIGINFO
SIGHUP: [libjvm.so+0x91aeb0], sa_mask[0]=11111111011111111101111111111110, sa_flags=SA_RESTART|SA_SIGINFO
SIGINT: [libjvm.so+0x91aeb0], sa_mask[0]=11111111011111111101111111111110, sa_flags=SA_RESTART|SA_SIGINFO
SIGTERM: [libjvm.so+0x91aeb0], sa_mask[0]=11111111011111111101111111111110, sa_flags=SA_RESTART|SA_SIGINFO
SIGQUIT: [libjvm.so+0x91aeb0], sa_mask[0]=11111111011111111101111111111110, sa_flags=SA_RESTART|SA_SIGINFO


---------------  S Y S T E M  ---------------

OS:NAME="Antergos Linux"
VERSION="2015.12-ISO-Rolling"
ID="antergos"
ID_LIKE="arch"
PRETTY_NAME="Antergos Linux"
CPE_NAME="cpe:/o:antergosproject:antergos:2015.12"
ANSI_COLOR="1;34;40"
HOME_URL="https://antergos.com/"
SUPPORT_URL="https://forum.antergos.com/"
BUG_REPORT_URL="https://github.com/antergos"


uname:Linux 4.4.1-2-ARCH #1 SMP PREEMPT Wed Feb 3 13:12:33 UTC 2016 x86_64
libc:glibc 2.22 NPTL 2.22 
rlimit: STACK 8192k, CORE infinity, NPROC 14900, NOFILE 4096, AS infinity
load average:16.92 21.55 10.85

/proc/meminfo:
MemTotal:        4007080 kB
MemFree:           29608 kB
MemAvailable:      93052 kB
Buffers:            1504 kB
Cached:            96276 kB
SwapCached:            0 kB
Active:          3667912 kB
Inactive:          88016 kB
Active(anon):    3661424 kB
Inactive(anon):    30104 kB
Active(file):       6488 kB
Inactive(file):    57912 kB
Unevictable:          80 kB
Mlocked:        34359738448 kB
SwapTotal:             0 kB
SwapFree:              0 kB
Dirty:               460 kB
Writeback:             0 kB
AnonPages:       3659016 kB
Mapped:            72844 kB
Shmem:             32592 kB
Slab:              65512 kB
SReclaimable:      28624 kB
SUnreclaim:        36888 kB
KernelStack:       11568 kB
PageTables:        48516 kB
NFS_Unstable:          0 kB
Bounce:                0 kB
WritebackTmp:          0 kB
CommitLimit:     2003540 kB
Committed_AS:    8352028 kB
VmallocTotal:   34359738367 kB
VmallocUsed:           0 kB
VmallocChunk:          0 kB
HardwareCorrupted:     0 kB
AnonHugePages:    843776 kB
HugePages_Total:       0
HugePages_Free:        0
HugePages_Rsvd:        0
HugePages_Surp:        0
Hugepagesize:       2048 kB
DirectMap4k:      147856 kB
DirectMap2M:     4001792 kB


CPU:total 4 (2 cores per cpu, 2 threads per core) family 6 model 42 stepping 7, cmov, cx8, fxsr, mmx, sse, sse2, sse3, ssse3, sse4.1, sse4.2, popcnt, avx, clmul, ht, tsc, tscinvbit

/proc/cpuinfo:
processor	: 0
vendor_id	: GenuineIntel
cpu family	: 6
model		: 42
model name	: Intel(R) Core(TM) i3-2120 CPU @ 3.30GHz
stepping	: 7
microcode	: 0x26
cpu MHz		: 3300.000
cache size	: 3072 KB
physical id	: 0
siblings	: 4
core id		: 0
cpu cores	: 2
apicid		: 0
initial apicid	: 0
fpu		: yes
fpu_exception	: yes
cpuid level	: 13
wp		: yes
flags		: fpu vme de pse tsc msr pae mce cx8 apic sep mtrr pge mca cmov pat pse36 clflush dts acpi mmx fxsr sse sse2 ss ht tm pbe syscall nx rdtscp lm constant_tsc arch_perfmon pebs bts rep_good nopl xtopology nonstop_tsc aperfmperf eagerfpu pni pclmulqdq dtes64 monitor ds_cpl vmx est tm2 ssse3 cx16 xtpr pdcm pcid sse4_1 sse4_2 popcnt tsc_deadline_timer xsave avx lahf_lm arat epb pln pts dtherm tpr_shadow vnmi flexpriority ept vpid xsaveopt
bugs		:
bogomips	: 6602.84
clflush size	: 64
cache_alignment	: 64
address sizes	: 36 bits physical, 48 bits virtual
power management:

processor	: 1
vendor_id	: GenuineIntel
cpu family	: 6
model		: 42
model name	: Intel(R) Core(TM) i3-2120 CPU @ 3.30GHz
stepping	: 7
microcode	: 0x26
cpu MHz		: 3299.871
cache size	: 3072 KB
physical id	: 0
siblings	: 4
core id		: 1
cpu cores	: 2
apicid		: 2
initial apicid	: 2
fpu		: yes
fpu_exception	: yes
cpuid level	: 13
wp		: yes
flags		: fpu vme de pse tsc msr pae mce cx8 apic sep mtrr pge mca cmov pat pse36 clflush dts acpi mmx fxsr sse sse2 ss ht tm pbe syscall nx rdtscp lm constant_tsc arch_perfmon pebs bts rep_good nopl xtopology nonstop_tsc aperfmperf eagerfpu pni pclmulqdq dtes64 monitor ds_cpl vmx est tm2 ssse3 cx16 xtpr pdcm pcid sse4_1 sse4_2 popcnt tsc_deadline_timer xsave avx lahf_lm arat epb pln pts dtherm tpr_shadow vnmi flexpriority ept vpid xsaveopt
bugs		:
bogomips	: 6602.84
clflush size	: 64
cache_alignment	: 64
address sizes	: 36 bits physical, 48 bits virtual
power management:

processor	: 2
vendor_id	: GenuineIntel
cpu family	: 6
model		: 42
model name	: Intel(R) Core(TM) i3-2120 CPU @ 3.30GHz
stepping	: 7
microcode	: 0x26
cpu MHz		: 3300.000
cache size	: 3072 KB
physical id	: 0
siblings	: 4
core id		: 0
cpu cores	: 2
apicid		: 1
initial apicid	: 1
fpu		: yes
fpu_exception	: yes
cpuid level	: 13
wp		: yes
flags		: fpu vme de pse tsc msr pae mce cx8 apic sep mtrr pge mca cmov pat pse36 clflush dts acpi mmx fxsr sse sse2 ss ht tm pbe syscall nx rdtscp lm constant_tsc arch_perfmon pebs bts rep_good nopl xtopology nonstop_tsc aperfmperf eagerfpu pni pclmulqdq dtes64 monitor ds_cpl vmx est tm2 ssse3 cx16 xtpr pdcm pcid sse4_1 sse4_2 popcnt tsc_deadline_timer xsave avx lahf_lm arat epb pln pts dtherm tpr_shadow vnmi flexpriority ept vpid xsaveopt
bugs		:
bogomips	: 6602.84
clflush size	: 64
cache_alignment	: 64
address sizes	: 36 bits physical, 48 bits virtual
power management:

processor	: 3
vendor_id	: GenuineIntel
cpu family	: 6
model		: 42
model name	: Intel(R) Core(TM) i3-2120 CPU @ 3.30GHz
stepping	: 7
microcode	: 0x26
cpu MHz		: 3299.871
cache size	: 3072 KB
physical id	: 0
siblings	: 4
core id		: 1
cpu cores	: 2
apicid		: 3
initial apicid	: 3
fpu		: yes
fpu_exception	: yes
cpuid level	: 13
wp		: yes
flags		: fpu vme de pse tsc msr pae mce cx8 apic sep mtrr pge mca cmov pat pse36 clflush dts acpi mmx fxsr sse sse2 ss ht tm pbe syscall nx rdtscp lm constant_tsc arch_perfmon pebs bts rep_good nopl xtopology nonstop_tsc aperfmperf eagerfpu pni pclmulqdq dtes64 monitor ds_cpl vmx est tm2 ssse3 cx16 xtpr pdcm pcid sse4_1 sse4_2 popcnt tsc_deadline_timer xsave avx lahf_lm arat epb pln pts dtherm tpr_shadow vnmi flexpriority ept vpid xsaveopt
bugs		:
bogomips	: 6602.84
clflush size	: 64
cache_alignment	: 64
address sizes	: 36 bits physical, 48 bits virtual
power management:



Memory: 4k page, physical 4007080k(29608k free), swap 0k(0k free)

vm_info: Java HotSpot(TM) 64-Bit Server VM (25.72-b15) for linux-amd64 JRE (1.8.0_72-b15), built on Dec 22 2015 22:00:07 by "java_re" with gcc 4.3.0 20080428 (Red Hat 4.3.0-8)

time: Sun Feb 21 00:26:15 2016
elapsed time: 12 seconds (0d 0h 0m 12s)

