#
# There is insufficient memory for the Java Runtime Environment to continue.
# Native memory allocation (mmap) failed to map 82837504 bytes for committing reserved memory.
# Possible reasons:
#   The system is out of physical RAM or swap space
#   In 32 bit mode, the process size limit was hit
# Possible solutions:
#   Reduce memory load on the system
#   Increase physical memory or swap space
#   Check if swap backing store is full
#   Use 64 bit Java on a 64 bit OS
#   Decrease Java heap size (-Xmx/-Xms)
#   Decrease number of Java threads
#   Decrease Java thread stack sizes (-Xss)
#   Set larger code cache with -XX:ReservedCodeCacheSize=
# This output file may be truncated or incomplete.
#
#  Out of Memory Error (os_linux.cpp:2627), pid=15002, tid=139705276253952
#
# JRE version: Java(TM) SE Runtime Environment (8.0_72-b15) (build 1.8.0_72-b15)
# Java VM: Java HotSpot(TM) 64-Bit Server VM (25.72-b15 mixed mode linux-amd64 compressed oops)
# Core dump written. Default location: /home/youngbin/shipped-android/app/core or core.15002
#

---------------  T H R E A D  ---------------

Current thread (0x00007f0fc0076800):  VMThread [stack: 0x00007f0fab4d4000,0x00007f0fab5d5000] [id=15011]

Stack: [0x00007f0fab4d4000,0x00007f0fab5d5000],  sp=0x00007f0fab5d30a0,  free space=1020k
Native frames: (J=compiled Java code, j=interpreted, Vv=VM code, C=native code)
V  [libjvm.so+0xaba7ea]  VMError::report_and_die()+0x2ba
V  [libjvm.so+0x4f9e3b]  report_vm_out_of_memory(char const*, int, unsigned long, VMErrorType, char const*)+0x8b
V  [libjvm.so+0x91b613]  os::Linux::commit_memory_impl(char*, unsigned long, bool)+0x103
V  [libjvm.so+0x91bb69]  os::pd_commit_memory(char*, unsigned long, unsigned long, bool)+0x29
V  [libjvm.so+0x915e6a]  os::commit_memory(char*, unsigned long, unsigned long, bool)+0x2a
V  [libjvm.so+0x989543]  PSVirtualSpace::expand_by(unsigned long)+0x53
V  [libjvm.so+0x979e30]  PSOldGen::expand(unsigned long)+0x170
V  [libjvm.so+0x97a03b]  PSOldGen::resize(unsigned long)+0x1cb
V  [libjvm.so+0x981d11]  PSParallelCompact::invoke_no_policy(bool)+0x991
V  [libjvm.so+0x98766d]  PSScavenge::invoke()+0x1ad
V  [libjvm.so+0x93f300]  ParallelScavengeHeap::failed_mem_allocate(unsigned long)+0x70
V  [libjvm.so+0xabc207]  VM_ParallelGCFailedAllocation::doit()+0x97
V  [libjvm.so+0xac3c35]  VM_Operation::evaluate()+0x55
V  [libjvm.so+0xac200a]  VMThread::evaluate_operation(VM_Operation*)+0xba
V  [libjvm.so+0xac238e]  VMThread::loop()+0x1ce
V  [libjvm.so+0xac2800]  VMThread::run()+0x70
V  [libjvm.so+0x91d9d8]  java_start(Thread*)+0x108

VM_Operation (0x00007f0faa82e6b0): ParallelGCFailedAllocation, mode: safepoint, requested by thread 0x00007f0fc01de800


---------------  P R O C E S S  ---------------

Java Threads: ( => current thread )
  0x00007f0fc01e0000 JavaThread "pool-2-thread-4" [_thread_blocked, id=15024, stack(0x00007f0faa62f000,0x00007f0faa730000)]
  0x00007f0fc01de800 JavaThread "pool-2-thread-3" [_thread_blocked, id=15023, stack(0x00007f0faa730000,0x00007f0faa831000)]
  0x00007f0fc01dc800 JavaThread "pool-2-thread-2" [_thread_blocked, id=15022, stack(0x00007f0faa831000,0x00007f0faa932000)]
  0x00007f0fc01db800 JavaThread "pool-3-thread-1" [_thread_blocked, id=15021, stack(0x00007f0faa932000,0x00007f0faaa33000)]
  0x00007f0fc01d9000 JavaThread "pool-2-thread-1" [_thread_blocked, id=15020, stack(0x00007f0faaa33000,0x00007f0faab34000)]
  0x00007f0fc00bf000 JavaThread "Service Thread" daemon [_thread_blocked, id=15018, stack(0x00007f0faac74000,0x00007f0faad75000)]
  0x00007f0fc00bb800 JavaThread "C1 CompilerThread2" daemon [_thread_blocked, id=15017, stack(0x00007f0faad75000,0x00007f0faae76000)]
  0x00007f0fc00ba000 JavaThread "C2 CompilerThread1" daemon [_thread_in_native, id=15016, stack(0x00007f0faae76000,0x00007f0faaf77000)]
  0x00007f0fc00b7000 JavaThread "C2 CompilerThread0" daemon [_thread_blocked, id=15015, stack(0x00007f0faaf77000,0x00007f0fab078000)]
  0x00007f0fc00b5800 JavaThread "Signal Dispatcher" daemon [_thread_blocked, id=15014, stack(0x00007f0fab078000,0x00007f0fab179000)]
  0x00007f0fc0082800 JavaThread "Finalizer" daemon [_thread_blocked, id=15013, stack(0x00007f0fab2d2000,0x00007f0fab3d3000)]
  0x00007f0fc007e000 JavaThread "Reference Handler" daemon [_thread_blocked, id=15012, stack(0x00007f0fab3d3000,0x00007f0fab4d4000)]
  0x00007f0fc0008800 JavaThread "main" [_thread_blocked, id=15006, stack(0x00007f0fc9547000,0x00007f0fc9648000)]

Other Threads:
=>0x00007f0fc0076800 VMThread [stack: 0x00007f0fab4d4000,0x00007f0fab5d5000] [id=15011]
  0x00007f0fc00c1800 WatcherThread [stack: 0x00007f0faab73000,0x00007f0faac74000] [id=15019]

VM state:at safepoint (normal execution)

VM Mutex/Monitor currently owned by a thread:  ([mutex/lock_event])
[0x00007f0fc0005e80] ExpandHeap_lock - owner thread: 0x00007f0fc0076800
[0x00007f0fc0006500] Threads_lock - owner thread: 0x00007f0fc0076800
[0x00007f0fc0006a00] Heap_lock - owner thread: 0x00007f0fc01de800

Heap:
 PSYoungGen      total 272896K, used 10797K [0x00000000eab00000, 0x0000000100000000, 0x0000000100000000)
  eden space 237568K, 0% used [0x00000000eab00000,0x00000000eab00000,0x00000000f9300000)
  from space 35328K, 30% used [0x00000000f9300000,0x00000000f9d8b698,0x00000000fb580000)
  to   space 57856K, 0% used [0x00000000fc780000,0x00000000fc780000,0x0000000100000000)
 ParOldGen       total 139264K, used 138769K [0x00000000c0000000, 0x00000000c8800000, 0x00000000eab00000)
  object space 139264K, 99% used [0x00000000c0000000,0x00000000c87845e8,0x00000000c8800000)
 Metaspace       used 6557K, capacity 7320K, committed 7680K, reserved 1056768K
  class space    used 615K, capacity 656K, committed 768K, reserved 1048576K

Card table byte_map: [0x00007f0fc6769000,0x00007f0fc696a000] byte_map_base: 0x00007f0fc6169000

Marking Bits: (ParMarkBitMap*) 0x00007f0fc8a54100
 Begin Bits: [0x00007f0fc420f000, 0x00007f0fc520f000)
 End Bits:   [0x00007f0fc520f000, 0x00007f0fc620f000)

Polling page: 0x00007f0fc9678000

CodeCache: size=245760Kb used=9853Kb max_used=9853Kb free=235906Kb
 bounds [0x00007f0fb1000000, 0x00007f0fb19b0000, 0x00007f0fc0000000]
 total_blobs=2594 nmethods=2325 adapters=182
 compilation: enabled

Compilation events (10 events):
Event: 9.096 Thread 0x00007f0fc00bb800 nmethod 2518% 0x00007f0fb1934b10 code [0x00007f0fb1934ca0, 0x00007f0fb19351d0]
Event: 9.096 Thread 0x00007f0fc00bb800 2519       2       com.android.dx.cf.attrib.AttEnclosingMethod::<init> (31 bytes)
Event: 9.096 Thread 0x00007f0fc00bb800 nmethod 2519 0x00007f0fb1917290 code [0x00007f0fb1917400, 0x00007f0fb1917648]
Event: 9.135 Thread 0x00007f0fc00bb800 2522       2       java.util.concurrent.FutureTask$WaitNode::<init> (12 bytes)
Event: 9.135 Thread 0x00007f0fc00bb800 nmethod 2522 0x00007f0fb195ec90 code [0x00007f0fb195ede0, 0x00007f0fb195ef50]
Event: 9.146 Thread 0x00007f0fc00bb800 2523       2       com.android.dx.cf.direct.StdAttributeFactory::enclosingMethod (156 bytes)
Event: 9.149 Thread 0x00007f0fc00bb800 nmethod 2523 0x00007f0fb19883d0 code [0x00007f0fb19887a0, 0x00007f0fb1989d68]
Event: 9.185 Thread 0x00007f0fc00bb800 2524   !   2       java.util.concurrent.ThreadPoolExecutor::addWorker (292 bytes)
Event: 9.187 Thread 0x00007f0fc00bb800 nmethod 2524 0x00007f0fb195d4d0 code [0x00007f0fb195d720, 0x00007f0fb195e018]
Event: 9.199 Thread 0x00007f0fc00bb800 2526       2       com.android.dx.dex.file.AnnotationsDirectoryItem::addFieldAnnotations (44 bytes)

GC Heap History (10 events):
Event: 5.958 GC heap after
Heap after GC invocations=9 (full 1):
 PSYoungGen      total 219648K, used 18329K [0x00000000eab00000, 0x00000000fca80000, 0x0000000100000000)
  eden space 201216K, 0% used [0x00000000eab00000,0x00000000eab00000,0x00000000f6f80000)
  from space 18432K, 99% used [0x00000000fb880000,0x00000000fca667d0,0x00000000fca80000)
  to   space 28672K, 0% used [0x00000000f9280000,0x00000000f9280000,0x00000000fae80000)
 ParOldGen       total 78848K, used 42168K [0x00000000c0000000, 0x00000000c4d00000, 0x00000000eab00000)
  object space 78848K, 53% used [0x00000000c0000000,0x00000000c292e050,0x00000000c4d00000)
 Metaspace       used 6373K, capacity 7192K, committed 7424K, reserved 1056768K
  class space    used 614K, capacity 656K, committed 768K, reserved 1048576K
}
Event: 6.555 GC heap before
{Heap before GC invocations=10 (full 1):
 PSYoungGen      total 219648K, used 219545K [0x00000000eab00000, 0x00000000fca80000, 0x0000000100000000)
  eden space 201216K, 100% used [0x00000000eab00000,0x00000000f6f80000,0x00000000f6f80000)
  from space 18432K, 99% used [0x00000000fb880000,0x00000000fca667d0,0x00000000fca80000)
  to   space 28672K, 0% used [0x00000000f9280000,0x00000000f9280000,0x00000000fae80000)
 ParOldGen       total 78848K, used 42168K [0x00000000c0000000, 0x00000000c4d00000, 0x00000000eab00000)
  object space 78848K, 53% used [0x00000000c0000000,0x00000000c292e050,0x00000000c4d00000)
 Metaspace       used 6511K, capacity 7256K, committed 7424K, reserved 1056768K
  class space    used 615K, capacity 656K, committed 768K, reserved 1048576K
Event: 6.629 GC heap after
Heap after GC invocations=10 (full 1):
 PSYoungGen      total 265728K, used 28640K [0x00000000eab00000, 0x0000000100000000, 0x0000000100000000)
  eden space 237056K, 0% used [0x00000000eab00000,0x00000000eab00000,0x00000000f9280000)
  from space 28672K, 99% used [0x00000000f9280000,0x00000000fae78190,0x00000000fae80000)
  to   space 39936K, 0% used [0x00000000fd900000,0x00000000fd900000,0x0000000100000000)
 ParOldGen       total 78848K, used 57336K [0x00000000c0000000, 0x00000000c4d00000, 0x00000000eab00000)
  object space 78848K, 72% used [0x00000000c0000000,0x00000000c37fe270,0x00000000c4d00000)
 Metaspace       used 6511K, capacity 7256K, committed 7424K, reserved 1056768K
  class space    used 615K, capacity 656K, committed 768K, reserved 1048576K
}
Event: 7.525 GC heap before
{Heap before GC invocations=11 (full 1):
 PSYoungGen      total 265728K, used 265696K [0x00000000eab00000, 0x0000000100000000, 0x0000000100000000)
  eden space 237056K, 100% used [0x00000000eab00000,0x00000000f9280000,0x00000000f9280000)
  from space 28672K, 99% used [0x00000000f9280000,0x00000000fae78190,0x00000000fae80000)
  to   space 39936K, 0% used [0x00000000fd900000,0x00000000fd900000,0x0000000100000000)
 ParOldGen       total 78848K, used 57336K [0x00000000c0000000, 0x00000000c4d00000, 0x00000000eab00000)
  object space 78848K, 72% used [0x00000000c0000000,0x00000000c37fe270,0x00000000c4d00000)
 Metaspace       used 6547K, capacity 7320K, committed 7680K, reserved 1056768K
  class space    used 615K, capacity 656K, committed 768K, reserved 1048576K
Event: 7.680 GC heap after
Heap after GC invocations=11 (full 1):
 PSYoungGen      total 277504K, used 39908K [0x00000000eab00000, 0x0000000100000000, 0x0000000100000000)
  eden space 237568K, 0% used [0x00000000eab00000,0x00000000eab00000,0x00000000f9300000)
  from space 39936K, 99% used [0x00000000fd900000,0x00000000ffff90c0,0x0000000100000000)
  to   space 55808K, 0% used [0x00000000f9300000,0x00000000f9300000,0x00000000fc980000)
 ParOldGen       total 81920K, used 81602K [0x00000000c0000000, 0x00000000c5000000, 0x00000000eab00000)
  object space 81920K, 99% used [0x00000000c0000000,0x00000000c4fb0a50,0x00000000c5000000)
 Metaspace       used 6547K, capacity 7320K, committed 7680K, reserved 1056768K
  class space    used 615K, capacity 656K, committed 768K, reserved 1048576K
}
Event: 7.693 GC heap before
{Heap before GC invocations=12 (full 2):
 PSYoungGen      total 277504K, used 39908K [0x00000000eab00000, 0x0000000100000000, 0x0000000100000000)
  eden space 237568K, 0% used [0x00000000eab00000,0x00000000eab00000,0x00000000f9300000)
  from space 39936K, 99% used [0x00000000fd900000,0x00000000ffff90c0,0x0000000100000000)
  to   space 55808K, 0% used [0x00000000f9300000,0x00000000f9300000,0x00000000fc980000)
 ParOldGen       total 81920K, used 81602K [0x00000000c0000000, 0x00000000c5000000, 0x00000000eab00000)
  object space 81920K, 99% used [0x00000000c0000000,0x00000000c4fb0a50,0x00000000c5000000)
 Metaspace       used 6547K, capacity 7320K, committed 7680K, reserved 1056768K
  class space    used 615K, capacity 656K, committed 768K, reserved 1048576K
Event: 8.278 GC heap after
Heap after GC invocations=12 (full 2):
 PSYoungGen      total 277504K, used 35181K [0x00000000eab00000, 0x0000000100000000, 0x0000000100000000)
  eden space 237568K, 0% used [0x00000000eab00000,0x00000000eab00000,0x00000000f9300000)
  from space 39936K, 88% used [0x00000000fd900000,0x00000000ffb5b758,0x0000000100000000)
  to   space 55808K, 0% used [0x00000000f9300000,0x00000000f9300000,0x00000000fc980000)
 ParOldGen       total 139264K, used 81491K [0x00000000c0000000, 0x00000000c8800000, 0x00000000eab00000)
  object space 139264K, 58% used [0x00000000c0000000,0x00000000c4f94c88,0x00000000c8800000)
 Metaspace       used 6547K, capacity 7320K, committed 7680K, reserved 1056768K
  class space    used 615K, capacity 656K, committed 768K, reserved 1048576K
}
Event: 9.200 GC heap before
{Heap before GC invocations=13 (full 2):
 PSYoungGen      total 277504K, used 272749K [0x00000000eab00000, 0x0000000100000000, 0x0000000100000000)
  eden space 237568K, 100% used [0x00000000eab00000,0x00000000f9300000,0x00000000f9300000)
  from space 39936K, 88% used [0x00000000fd900000,0x00000000ffb5b758,0x0000000100000000)
  to   space 55808K, 0% used [0x00000000f9300000,0x00000000f9300000,0x00000000fc980000)
 ParOldGen       total 139264K, used 81491K [0x00000000c0000000, 0x00000000c8800000, 0x00000000eab00000)
  object space 139264K, 58% used [0x00000000c0000000,0x00000000c4f94c88,0x00000000c8800000)
 Metaspace       used 6557K, capacity 7320K, committed 7680K, reserved 1056768K
  class space    used 615K, capacity 656K, committed 768K, reserved 1048576K
Event: 9.389 GC heap after
Heap after GC invocations=13 (full 2):
 PSYoungGen      total 272896K, used 35033K [0x00000000eab00000, 0x0000000100000000, 0x0000000100000000)
  eden space 237568K, 0% used [0x00000000eab00000,0x00000000eab00000,0x00000000f9300000)
  from space 35328K, 99% used [0x00000000f9300000,0x00000000fb536440,0x00000000fb580000)
  to   space 57856K, 0% used [0x00000000fc780000,0x00000000fc780000,0x0000000100000000)
 ParOldGen       total 139264K, used 117013K [0x00000000c0000000, 0x00000000c8800000, 0x00000000eab00000)
  object space 139264K, 84% used [0x00000000c0000000,0x00000000c7245578,0x00000000c8800000)
 Metaspace       used 6557K, capacity 7320K, committed 7680K, reserved 1056768K
  class space    used 615K, capacity 656K, committed 768K, reserved 1048576K
}
Event: 9.390 GC heap before
{Heap before GC invocations=14 (full 3):
 PSYoungGen      total 272896K, used 35033K [0x00000000eab00000, 0x0000000100000000, 0x0000000100000000)
  eden space 237568K, 0% used [0x00000000eab00000,0x00000000eab00000,0x00000000f9300000)
  from space 35328K, 99% used [0x00000000f9300000,0x00000000fb536440,0x00000000fb580000)
  to   space 57856K, 0% used [0x00000000fc780000,0x00000000fc780000,0x0000000100000000)
 ParOldGen       total 139264K, used 117013K [0x00000000c0000000, 0x00000000c8800000, 0x00000000eab00000)
  object space 139264K, 84% used [0x00000000c0000000,0x00000000c7245578,0x00000000c8800000)
 Metaspace       used 6557K, capacity 7320K, committed 7680K, reserved 1056768K
  class space    used 615K, capacity 656K, committed 768K, reserved 1048576K

Deoptimization events (10 events):
Event: 6.116 Thread 0x00007f0fc01de800 Uncommon trap: reason=unstable_if action=reinterpret pc=0x00007f0fb17cbc28 method=com.android.dx.cf.code.BaseMachine.getLocalTarget(Z)Lcom/android/dx/rop/code/RegisterSpec; @ 131
Event: 6.164 Thread 0x00007f0fc01e0000 Uncommon trap: reason=unstable_if action=reinterpret pc=0x00007f0fb16bd1f0 method=com.android.dx.ssa.SCCP.simulateBranch(Lcom/android/dx/ssa/SsaInsn;)V @ 64
Event: 6.269 Thread 0x00007f0fc0008800 Uncommon trap: reason=bimorphic action=maybe_recompile pc=0x00007f0fb17104b8 method=com.android.dx.cf.code.BytecodeArray.parseInstruction(ILcom/android/dx/cf/code/BytecodeArray$Visitor;)I @ 1549
Event: 6.273 Thread 0x00007f0fc0008800 Uncommon trap: reason=bimorphic action=maybe_recompile pc=0x00007f0fb17104b8 method=com.android.dx.cf.code.BytecodeArray.parseInstruction(ILcom/android/dx/cf/code/BytecodeArray$Visitor;)I @ 1549
Event: 6.806 Thread 0x00007f0fc0008800 Uncommon trap: reason=unstable_if action=reinterpret pc=0x00007f0fb1888694 method=com.android.dx.rop.code.LocalVariableInfo.mergeStarts(ILcom/android/dx/rop/code/RegisterSpecSet;)Z @ 31
Event: 7.053 Thread 0x00007f0fc01dc800 Uncommon trap: reason=unstable_if action=reinterpret pc=0x00007f0fb18befa0 method=com.android.dx.rop.code.RegisterSpec.intersect(Lcom/android/dx/rop/code/RegisterSpec;Z)Lcom/android/dx/rop/code/RegisterSpec; @ 42
Event: 7.215 Thread 0x00007f0fc01de800 Uncommon trap: reason=bimorphic action=maybe_recompile pc=0x00007f0fb18de6e0 method=com.android.dx.cf.code.BytecodeArray.parseInstruction(ILcom/android/dx/cf/code/BytecodeArray$Visitor;)I @ 1357
Event: 7.216 Thread 0x00007f0fc01de800 Uncommon trap: reason=bimorphic action=maybe_recompile pc=0x00007f0fb18de6e0 method=com.android.dx.cf.code.BytecodeArray.parseInstruction(ILcom/android/dx/cf/code/BytecodeArray$Visitor;)I @ 1357
Event: 7.250 Thread 0x00007f0fc01dc800 Uncommon trap: reason=unstable_if action=reinterpret pc=0x00007f0fb146efc0 method=com.android.dx.ssa.MoveParamCombiner$1.visitNonMoveInsn(Lcom/android/dx/ssa/NormalSsaInsn;)V @ 27
Event: 8.332 Thread 0x00007f0fc0008800 Uncommon trap: reason=unstable_if action=reinterpret pc=0x00007f0fb17af4a4 method=com.android.dx.rop.cst.CstNat.equals(Ljava/lang/Object;)Z @ 25

Internal exceptions (7 events):
Event: 0.128 Thread 0x00007f0fc0008800 Exception <a 'java/lang/NoSuchMethodError': Method sun.misc.Unsafe.defineClass(Ljava/lang/String;[BII)Ljava/lang/Class; name or signature does not match> (0x00000000eab07cc0) thrown at [/HUDSON/workspace/8-2-build-linux-amd64/jdk8u72/5732/hotspot/src/shar
Event: 0.128 Thread 0x00007f0fc0008800 Exception <a 'java/lang/NoSuchMethodError': Method sun.misc.Unsafe.prefetchRead(Ljava/lang/Object;J)V name or signature does not match> (0x00000000eab07fa8) thrown at [/HUDSON/workspace/8-2-build-linux-amd64/jdk8u72/5732/hotspot/src/share/vm/prims/jni.cpp
Event: 1.220 Thread 0x00007f0fc01e0000 Implicit null exception at 0x00007f0fb1330b8d to 0x00007f0fb1333289
Event: 1.357 Thread 0x00007f0fc01e0000 Implicit null exception at 0x00007f0fb12cc469 to 0x00007f0fb12cebdd
Event: 4.749 Thread 0x00007f0fc01de800 Exception <a 'java/lang/ArrayIndexOutOfBoundsException': 18> (0x00000000ee0e7758) thrown at [/HUDSON/workspace/8-2-build-linux-amd64/jdk8u72/5732/hotspot/src/share/vm/interpreter/interpreterRuntime.cpp, line 366]
Event: 4.749 Thread 0x00007f0fc01de800 Exception <a 'java/lang/ArrayIndexOutOfBoundsException': 145> (0x00000000ee0e92d8) thrown at [/HUDSON/workspace/8-2-build-linux-amd64/jdk8u72/5732/hotspot/src/share/vm/interpreter/interpreterRuntime.cpp, line 366]
Event: 4.752 Thread 0x00007f0fc01de800 Exception <a 'java/lang/ArrayIndexOutOfBoundsException': 40> (0x00000000ee0ea5c0) thrown at [/HUDSON/workspace/8-2-build-linux-amd64/jdk8u72/5732/hotspot/src/share/vm/interpreter/interpreterRuntime.cpp, line 366]

Events (10 events):
Event: 7.358 Thread 0x00007f0fc0008800 DEOPT PACKING pc=0x00007f0fb16a2377 sp=0x00007f0fc9645850
Event: 7.358 Thread 0x00007f0fc0008800 DEOPT UNPACKING pc=0x00007f0fb1047633 sp=0x00007f0fc96455d0 mode 0
Event: 7.524 Executing VM operation: ParallelGCFailedAllocation
Event: 8.278 Executing VM operation: ParallelGCFailedAllocation done
Event: 8.332 Thread 0x00007f0fc0008800 Uncommon trap: trap_request=0xffffff65 fr.pc=0x00007f0fb17af4a4
Event: 8.332 Thread 0x00007f0fc0008800 DEOPT PACKING pc=0x00007f0fb17af4a4 sp=0x00007f0fc9644ed0
Event: 8.332 Thread 0x00007f0fc0008800 DEOPT UNPACKING pc=0x00007f0fb1005229 sp=0x00007f0fc9644e10 mode 2
Event: 8.380 Thread 0x00007f0fc01d9000 DEOPT PACKING pc=0x00007f0fb1670f69 sp=0x00007f0faab31d60
Event: 8.380 Thread 0x00007f0fc01d9000 DEOPT UNPACKING pc=0x00007f0fb1047633 sp=0x00007f0faab31a88 mode 0
Event: 9.200 Executing VM operation: ParallelGCFailedAllocation


Dynamic libraries:
00400000-00401000 r-xp 00000000 08:06 399874                             /usr/lib/jvm/java-8-jdk/jre/bin/java
00600000-00601000 rw-p 00000000 08:06 399874                             /usr/lib/jvm/java-8-jdk/jre/bin/java
01e44000-01e65000 rw-p 00000000 00:00 0                                  [heap]
c0000000-c8800000 rw-p 00000000 00:00 0 
cd700000-eab00000 ---p 00000000 00:00 0 
eab00000-100000000 rw-p 00000000 00:00 0 
100000000-1000c0000 rw-p 00000000 00:00 0 
1000c0000-140000000 ---p 00000000 00:00 0 
7f0f64000000-7f0f64021000 rw-p 00000000 00:00 0 
7f0f64021000-7f0f68000000 ---p 00000000 00:00 0 
7f0f68000000-7f0f68025000 rw-p 00000000 00:00 0 
7f0f68025000-7f0f6c000000 ---p 00000000 00:00 0 
7f0f6c000000-7f0f6c021000 rw-p 00000000 00:00 0 
7f0f6c021000-7f0f70000000 ---p 00000000 00:00 0 
7f0f70000000-7f0f70021000 rw-p 00000000 00:00 0 
7f0f70021000-7f0f74000000 ---p 00000000 00:00 0 
7f0f74000000-7f0f74021000 rw-p 00000000 00:00 0 
7f0f74021000-7f0f78000000 ---p 00000000 00:00 0 
7f0f78000000-7f0f78031000 rw-p 00000000 00:00 0 
7f0f78031000-7f0f7c000000 ---p 00000000 00:00 0 
7f0f7c000000-7f0f7cac2000 rw-p 00000000 00:00 0 
7f0f7cac2000-7f0f80000000 ---p 00000000 00:00 0 
7f0f80000000-7f0f80021000 rw-p 00000000 00:00 0 
7f0f80021000-7f0f84000000 ---p 00000000 00:00 0 
7f0f84000000-7f0f850ae000 rw-p 00000000 00:00 0 
7f0f850ae000-7f0f88000000 ---p 00000000 00:00 0 
7f0f88000000-7f0f88de1000 rw-p 00000000 00:00 0 
7f0f88de1000-7f0f8c000000 ---p 00000000 00:00 0 
7f0f8c000000-7f0f8c021000 rw-p 00000000 00:00 0 
7f0f8c021000-7f0f90000000 ---p 00000000 00:00 0 
7f0f90000000-7f0f90021000 rw-p 00000000 00:00 0 
7f0f90021000-7f0f94000000 ---p 00000000 00:00 0 
7f0f94000000-7f0f942b6000 rw-p 00000000 00:00 0 
7f0f942b6000-7f0f98000000 ---p 00000000 00:00 0 
7f0f98000000-7f0f98021000 rw-p 00000000 00:00 0 
7f0f98021000-7f0f9c000000 ---p 00000000 00:00 0 
7f0f9c000000-7f0f9c021000 rw-p 00000000 00:00 0 
7f0f9c021000-7f0fa0000000 ---p 00000000 00:00 0 
7f0fa0000000-7f0fa0021000 rw-p 00000000 00:00 0 
7f0fa0021000-7f0fa4000000 ---p 00000000 00:00 0 
7f0fa4000000-7f0fa4021000 rw-p 00000000 00:00 0 
7f0fa4021000-7f0fa8000000 ---p 00000000 00:00 0 
7f0faa608000-7f0faa62f000 r--p 00000000 08:06 133211                     /usr/share/locale/ko/LC_MESSAGES/libc.mo
7f0faa62f000-7f0faa632000 ---p 00000000 00:00 0 
7f0faa632000-7f0faa730000 rw-p 00000000 00:00 0                          [stack:15024]
7f0faa730000-7f0faa733000 ---p 00000000 00:00 0 
7f0faa733000-7f0faa831000 rw-p 00000000 00:00 0                          [stack:15023]
7f0faa831000-7f0faa834000 ---p 00000000 00:00 0 
7f0faa834000-7f0faa932000 rw-p 00000000 00:00 0                          [stack:15022]
7f0faa932000-7f0faa935000 ---p 00000000 00:00 0 
7f0faa935000-7f0faaa33000 rw-p 00000000 00:00 0                          [stack:15021]
7f0faaa33000-7f0faaa36000 ---p 00000000 00:00 0 
7f0faaa36000-7f0faab34000 rw-p 00000000 00:00 0                          [stack:15020]
7f0faab34000-7f0faab73000 r--s 00350000 08:06 13239880                   /home/youngbin/shipped-android/app/build/intermediates/transforms/jarMerging/debug/jars/1/1f/combined.jar
7f0faab73000-7f0faab74000 ---p 00000000 00:00 0 
7f0faab74000-7f0faac74000 rw-p 00000000 00:00 0                          [stack:15019]
7f0faac74000-7f0faac77000 ---p 00000000 00:00 0 
7f0faac77000-7f0faad75000 rw-p 00000000 00:00 0                          [stack:15018]
7f0faad75000-7f0faad78000 ---p 00000000 00:00 0 
7f0faad78000-7f0faae76000 rw-p 00000000 00:00 0                          [stack:15017]
7f0faae76000-7f0faae79000 ---p 00000000 00:00 0 
7f0faae79000-7f0faaf77000 rw-p 00000000 00:00 0                          [stack:15016]
7f0faaf77000-7f0faaf7a000 ---p 00000000 00:00 0 
7f0faaf7a000-7f0fab078000 rw-p 00000000 00:00 0                          [stack:15015]
7f0fab078000-7f0fab07b000 ---p 00000000 00:00 0 
7f0fab07b000-7f0fab179000 rw-p 00000000 00:00 0                          [stack:15014]
7f0fab179000-7f0fab2d2000 r--p 00000000 08:06 178958                     /usr/lib/locale/locale-archive
7f0fab2d2000-7f0fab2d5000 ---p 00000000 00:00 0 
7f0fab2d5000-7f0fab3d3000 rw-p 00000000 00:00 0                          [stack:15013]
7f0fab3d3000-7f0fab3d6000 ---p 00000000 00:00 0 
7f0fab3d6000-7f0fab4d4000 rw-p 00000000 00:00 0                          [stack:15012]
7f0fab4d4000-7f0fab4d5000 ---p 00000000 00:00 0 
7f0fab4d5000-7f0fac000000 rw-p 00000000 00:00 0                          [stack:15011]
7f0fac000000-7f0fac021000 rw-p 00000000 00:00 0 
7f0fac021000-7f0fb0000000 ---p 00000000 00:00 0 
7f0fb001c000-7f0fb05b2000 rw-p 00000000 00:00 0 
7f0fb05b2000-7f0fb078a000 r--s 03d1d000 08:06 399677                     /usr/lib/jvm/java-8-jdk/jre/lib/rt.jar
7f0fb078a000-7f0fb0ec0000 rw-p 00000000 00:00 0 
7f0fb0ec0000-7f0fb1000000 ---p 00000000 00:00 0 
7f0fb1000000-7f0fb19b0000 rwxp 00000000 00:00 0 
7f0fb19b0000-7f0fc0000000 ---p 00000000 00:00 0 
7f0fc0000000-7f0fc0395000 rw-p 00000000 00:00 0 
7f0fc0395000-7f0fc4000000 ---p 00000000 00:00 0 
7f0fc400f000-7f0fc620f000 rw-p 00000000 00:00 0 
7f0fc620f000-7f0fc6210000 ---p 00000000 00:00 0 
7f0fc6210000-7f0fc6310000 rw-p 00000000 00:00 0                          [stack:15010]
7f0fc6310000-7f0fc6311000 ---p 00000000 00:00 0 
7f0fc6311000-7f0fc6411000 rw-p 00000000 00:00 0                          [stack:15009]
7f0fc6411000-7f0fc6412000 ---p 00000000 00:00 0 
7f0fc6412000-7f0fc6512000 rw-p 00000000 00:00 0                          [stack:15008]
7f0fc6512000-7f0fc6513000 ---p 00000000 00:00 0 
7f0fc6513000-7f0fc6657000 rw-p 00000000 00:00 0                          [stack:15007]
7f0fc6657000-7f0fc6769000 ---p 00000000 00:00 0 
7f0fc6769000-7f0fc67ad000 rw-p 00000000 00:00 0 
7f0fc67ad000-7f0fc68be000 ---p 00000000 00:00 0 
7f0fc68be000-7f0fc6969000 rw-p 00000000 00:00 0 
7f0fc6969000-7f0fc6991000 rw-p 00000000 00:00 0 
7f0fc6991000-7f0fc6d2a000 ---p 00000000 00:00 0 
7f0fc6d2a000-7f0fc6d44000 r-xp 00000000 08:06 399785                     /usr/lib/jvm/java-8-jdk/jre/lib/amd64/libzip.so
7f0fc6d44000-7f0fc6f44000 ---p 0001a000 08:06 399785                     /usr/lib/jvm/java-8-jdk/jre/lib/amd64/libzip.so
7f0fc6f44000-7f0fc6f45000 rw-p 0001a000 08:06 399785                     /usr/lib/jvm/java-8-jdk/jre/lib/amd64/libzip.so
7f0fc6f45000-7f0fc6f50000 r-xp 00000000 08:06 134352                     /usr/lib/libnss_files-2.23.so
7f0fc6f50000-7f0fc714f000 ---p 0000b000 08:06 134352                     /usr/lib/libnss_files-2.23.so
7f0fc714f000-7f0fc7150000 r--p 0000a000 08:06 134352                     /usr/lib/libnss_files-2.23.so
7f0fc7150000-7f0fc7151000 rw-p 0000b000 08:06 134352                     /usr/lib/libnss_files-2.23.so
7f0fc7151000-7f0fc7157000 rw-p 00000000 00:00 0 
7f0fc7157000-7f0fc7181000 r-xp 00000000 08:06 399805                     /usr/lib/jvm/java-8-jdk/jre/lib/amd64/libjava.so
7f0fc7181000-7f0fc7381000 ---p 0002a000 08:06 399805                     /usr/lib/jvm/java-8-jdk/jre/lib/amd64/libjava.so
7f0fc7381000-7f0fc7383000 rw-p 0002a000 08:06 399805                     /usr/lib/jvm/java-8-jdk/jre/lib/amd64/libjava.so
7f0fc7383000-7f0fc7390000 r-xp 00000000 08:06 399791                     /usr/lib/jvm/java-8-jdk/jre/lib/amd64/libverify.so
7f0fc7390000-7f0fc7590000 ---p 0000d000 08:06 399791                     /usr/lib/jvm/java-8-jdk/jre/lib/amd64/libverify.so
7f0fc7590000-7f0fc7592000 rw-p 0000d000 08:06 399791                     /usr/lib/jvm/java-8-jdk/jre/lib/amd64/libverify.so
7f0fc7592000-7f0fc7599000 r-xp 00000000 08:06 134360                     /usr/lib/librt-2.23.so
7f0fc7599000-7f0fc7798000 ---p 00007000 08:06 134360                     /usr/lib/librt-2.23.so
7f0fc7798000-7f0fc7799000 r--p 00006000 08:06 134360                     /usr/lib/librt-2.23.so
7f0fc7799000-7f0fc779a000 rw-p 00007000 08:06 134360                     /usr/lib/librt-2.23.so
7f0fc779a000-7f0fc789d000 r-xp 00000000 08:06 134357                     /usr/lib/libm-2.23.so
7f0fc789d000-7f0fc7a9d000 ---p 00103000 08:06 134357                     /usr/lib/libm-2.23.so
7f0fc7a9d000-7f0fc7a9e000 r--p 00103000 08:06 134357                     /usr/lib/libm-2.23.so
7f0fc7a9e000-7f0fc7a9f000 rw-p 00104000 08:06 134357                     /usr/lib/libm-2.23.so
7f0fc7a9f000-7f0fc875e000 r-xp 00000000 08:06 530091                     /usr/lib/jvm/java-8-jdk/jre/lib/amd64/server/libjvm.so
7f0fc875e000-7f0fc895d000 ---p 00cbf000 08:06 530091                     /usr/lib/jvm/java-8-jdk/jre/lib/amd64/server/libjvm.so
7f0fc895d000-7f0fc8a36000 rw-p 00cbe000 08:06 530091                     /usr/lib/jvm/java-8-jdk/jre/lib/amd64/server/libjvm.so
7f0fc8a36000-7f0fc8a7f000 rw-p 00000000 00:00 0 
7f0fc8a7f000-7f0fc8c17000 r-xp 00000000 08:06 134281                     /usr/lib/libc-2.23.so
7f0fc8c17000-7f0fc8e16000 ---p 00198000 08:06 134281                     /usr/lib/libc-2.23.so
7f0fc8e16000-7f0fc8e1a000 r--p 00197000 08:06 134281                     /usr/lib/libc-2.23.so
7f0fc8e1a000-7f0fc8e1c000 rw-p 0019b000 08:06 134281                     /usr/lib/libc-2.23.so
7f0fc8e1c000-7f0fc8e20000 rw-p 00000000 00:00 0 
7f0fc8e20000-7f0fc8e22000 r-xp 00000000 08:06 134356                     /usr/lib/libdl-2.23.so
7f0fc8e22000-7f0fc9022000 ---p 00002000 08:06 134356                     /usr/lib/libdl-2.23.so
7f0fc9022000-7f0fc9023000 r--p 00002000 08:06 134356                     /usr/lib/libdl-2.23.so
7f0fc9023000-7f0fc9024000 rw-p 00003000 08:06 134356                     /usr/lib/libdl-2.23.so
7f0fc9024000-7f0fc9039000 r-xp 00000000 08:06 530090                     /usr/lib/jvm/java-8-jdk/jre/lib/amd64/jli/libjli.so
7f0fc9039000-7f0fc9239000 ---p 00015000 08:06 530090                     /usr/lib/jvm/java-8-jdk/jre/lib/amd64/jli/libjli.so
7f0fc9239000-7f0fc923a000 rw-p 00015000 08:06 530090                     /usr/lib/jvm/java-8-jdk/jre/lib/amd64/jli/libjli.so
7f0fc923a000-7f0fc9252000 r-xp 00000000 08:06 134256                     /usr/lib/libpthread-2.23.so
7f0fc9252000-7f0fc9451000 ---p 00018000 08:06 134256                     /usr/lib/libpthread-2.23.so
7f0fc9451000-7f0fc9452000 r--p 00017000 08:06 134256                     /usr/lib/libpthread-2.23.so
7f0fc9452000-7f0fc9453000 rw-p 00018000 08:06 134256                     /usr/lib/libpthread-2.23.so
7f0fc9453000-7f0fc9457000 rw-p 00000000 00:00 0 
7f0fc9457000-7f0fc947a000 r-xp 00000000 08:06 134280                     /usr/lib/ld-2.23.so
7f0fc9482000-7f0fc9547000 rw-p 00000000 00:00 0 
7f0fc9547000-7f0fc954a000 ---p 00000000 00:00 0 
7f0fc954a000-7f0fc964c000 rw-p 00000000 00:00 0                          [stack:15006]
7f0fc964c000-7f0fc965b000 r--s 000df000 08:06 13763614                   /home/youngbin/Android/Sdk/build-tools/23.0.2/lib/dx.jar
7f0fc965b000-7f0fc966f000 rw-p 00000000 00:00 0 
7f0fc966f000-7f0fc9677000 rw-s 00000000 00:22 774493                     /tmp/hsperfdata_youngbin/15002
7f0fc9677000-7f0fc9678000 rw-p 00000000 00:00 0 
7f0fc9678000-7f0fc9679000 ---p 00000000 00:00 0 
7f0fc9679000-7f0fc967a000 rw-p 00000000 00:00 0 
7f0fc967a000-7f0fc967b000 r--p 00023000 08:06 134280                     /usr/lib/ld-2.23.so
7f0fc967b000-7f0fc967c000 rw-p 00024000 08:06 134280                     /usr/lib/ld-2.23.so
7f0fc967c000-7f0fc967d000 rw-p 00000000 00:00 0 
7ffe9714d000-7ffe9716e000 rw-p 00000000 00:00 0                          [stack]
7ffe97174000-7ffe97176000 r--p 00000000 00:00 0                          [vvar]
7ffe97176000-7ffe97178000 r-xp 00000000 00:00 0                          [vdso]
ffffffffff600000-ffffffffff601000 r-xp 00000000 00:00 0                  [vsyscall]

VM Arguments:
jvm_args: -Djava.awt.headless=true -Xmx1024M -Dfile.encoding=UTF-8 -Duser.country=KR -Duser.language=ko -Duser.variant 
java_command: com.android.dx.command.Main --dex --num-threads=4 --multi-dex --main-dex-list /home/youngbin/shipped-android/app/build/intermediates/multi-dex/debug/maindexlist.txt --output /home/youngbin/shipped-android/app/build/intermediates/transforms/dex/debug/folders/1000/1f/main /home/youngbin/shipped-android/app/build/intermediates/transforms/jarMerging/debug/jars/1/1f/combined.jar
java_class_path (initial): /home/youngbin/Android/Sdk/build-tools/23.0.2/lib/dx.jar
Launcher Type: SUN_STANDARD

Environment Variables:
PATH=/usr/local/sbin:/usr/local/bin:/usr/bin:/usr/lib/jvm/default/bin:/usr/bin/site_perl:/usr/bin/vendor_perl:/usr/bin/core_perl
USERNAME=youngbin
LD_LIBRARY_PATH=/home/youngbin/android-studio/bin:
SHELL=/usr/bin/fish
DISPLAY=:1

Signal Handlers:
SIGSEGV: [libjvm.so+0xabb070], sa_mask[0]=11111111011111111101111111111110, sa_flags=SA_RESTART|SA_SIGINFO
SIGBUS: [libjvm.so+0xabb070], sa_mask[0]=11111111011111111101111111111110, sa_flags=SA_RESTART|SA_SIGINFO
SIGFPE: [libjvm.so+0x918480], sa_mask[0]=11111111011111111101111111111110, sa_flags=SA_RESTART|SA_SIGINFO
SIGPIPE: [libjvm.so+0x918480], sa_mask[0]=11111111011111111101111111111110, sa_flags=SA_RESTART|SA_SIGINFO
SIGXFSZ: [libjvm.so+0x918480], sa_mask[0]=11111111011111111101111111111110, sa_flags=SA_RESTART|SA_SIGINFO
SIGILL: [libjvm.so+0x918480], sa_mask[0]=11111111011111111101111111111110, sa_flags=SA_RESTART|SA_SIGINFO
SIGUSR1: SIG_DFL, sa_mask[0]=00000000000000000000000000000000, sa_flags=none
SIGUSR2: [libjvm.so+0x919ab0], sa_mask[0]=00100000000000000000000000000000, sa_flags=SA_RESTART|SA_SIGINFO
SIGHUP: [libjvm.so+0x91aeb0], sa_mask[0]=11111111011111111101111111111110, sa_flags=SA_RESTART|SA_SIGINFO
SIGINT: [libjvm.so+0x91aeb0], sa_mask[0]=11111111011111111101111111111110, sa_flags=SA_RESTART|SA_SIGINFO
SIGTERM: [libjvm.so+0x91aeb0], sa_mask[0]=11111111011111111101111111111110, sa_flags=SA_RESTART|SA_SIGINFO
SIGQUIT: [libjvm.so+0x91aeb0], sa_mask[0]=11111111011111111101111111111110, sa_flags=SA_RESTART|SA_SIGINFO


---------------  S Y S T E M  ---------------

OS:NAME="Antergos Linux"
VERSION="2015.12-ISO-Rolling"
ID="antergos"
ID_LIKE="arch"
PRETTY_NAME="Antergos Linux"
CPE_NAME="cpe:/o:antergosproject:antergos:2015.12"
ANSI_COLOR="1;34;40"
HOME_URL="https://antergos.com/"
SUPPORT_URL="https://forum.antergos.com/"
BUG_REPORT_URL="https://github.com/antergos"


uname:Linux 4.4.1-2-ARCH #1 SMP PREEMPT Wed Feb 3 13:12:33 UTC 2016 x86_64
libc:glibc 2.23 NPTL 2.23 
rlimit: STACK 8192k, CORE infinity, NPROC 14900, NOFILE 4096, AS infinity
load average:1.82 1.09 0.75

/proc/meminfo:
MemTotal:        4007080 kB
MemFree:           29188 kB
MemAvailable:      49612 kB
Buffers:             424 kB
Cached:            94628 kB
SwapCached:            0 kB
Active:          3639376 kB
Inactive:          62368 kB
Active(anon):    3632808 kB
Inactive(anon):    48600 kB
Active(file):       6568 kB
Inactive(file):    13768 kB
Unevictable:         108 kB
Mlocked:        34359738476 kB
SwapTotal:             0 kB
SwapFree:              0 kB
Dirty:               440 kB
Writeback:             0 kB
AnonPages:       3607416 kB
Mapped:            64172 kB
Shmem:             74052 kB
Slab:              69692 kB
SReclaimable:      29668 kB
SUnreclaim:        40024 kB
KernelStack:       11920 kB
PageTables:        54220 kB
NFS_Unstable:          0 kB
Bounce:                0 kB
WritebackTmp:          0 kB
CommitLimit:     2003540 kB
Committed_AS:    8988176 kB
VmallocTotal:   34359738367 kB
VmallocUsed:           0 kB
VmallocChunk:          0 kB
HardwareCorrupted:     0 kB
AnonHugePages:   1089536 kB
HugePages_Total:       0
HugePages_Free:        0
HugePages_Rsvd:        0
HugePages_Surp:        0
Hugepagesize:       2048 kB
DirectMap4k:      217488 kB
DirectMap2M:     3932160 kB


CPU:total 4 (2 cores per cpu, 2 threads per core) family 6 model 42 stepping 7, cmov, cx8, fxsr, mmx, sse, sse2, sse3, ssse3, sse4.1, sse4.2, popcnt, avx, clmul, ht, tsc, tscinvbit

/proc/cpuinfo:
processor	: 0
vendor_id	: GenuineIntel
cpu family	: 6
model		: 42
model name	: Intel(R) Core(TM) i3-2120 CPU @ 3.30GHz
stepping	: 7
microcode	: 0x26
cpu MHz		: 3300.000
cache size	: 3072 KB
physical id	: 0
siblings	: 4
core id		: 0
cpu cores	: 2
apicid		: 0
initial apicid	: 0
fpu		: yes
fpu_exception	: yes
cpuid level	: 13
wp		: yes
flags		: fpu vme de pse tsc msr pae mce cx8 apic sep mtrr pge mca cmov pat pse36 clflush dts acpi mmx fxsr sse sse2 ss ht tm pbe syscall nx rdtscp lm constant_tsc arch_perfmon pebs bts rep_good nopl xtopology nonstop_tsc aperfmperf eagerfpu pni pclmulqdq dtes64 monitor ds_cpl vmx est tm2 ssse3 cx16 xtpr pdcm pcid sse4_1 sse4_2 popcnt tsc_deadline_timer xsave avx lahf_lm arat epb pln pts dtherm tpr_shadow vnmi flexpriority ept vpid xsaveopt
bugs		:
bogomips	: 6602.07
clflush size	: 64
cache_alignment	: 64
address sizes	: 36 bits physical, 48 bits virtual
power management:

processor	: 1
vendor_id	: GenuineIntel
cpu family	: 6
model		: 42
model name	: Intel(R) Core(TM) i3-2120 CPU @ 3.30GHz
stepping	: 7
microcode	: 0x26
cpu MHz		: 3300.000
cache size	: 3072 KB
physical id	: 0
siblings	: 4
core id		: 1
cpu cores	: 2
apicid		: 2
initial apicid	: 2
fpu		: yes
fpu_exception	: yes
cpuid level	: 13
wp		: yes
flags		: fpu vme de pse tsc msr pae mce cx8 apic sep mtrr pge mca cmov pat pse36 clflush dts acpi mmx fxsr sse sse2 ss ht tm pbe syscall nx rdtscp lm constant_tsc arch_perfmon pebs bts rep_good nopl xtopology nonstop_tsc aperfmperf eagerfpu pni pclmulqdq dtes64 monitor ds_cpl vmx est tm2 ssse3 cx16 xtpr pdcm pcid sse4_1 sse4_2 popcnt tsc_deadline_timer xsave avx lahf_lm arat epb pln pts dtherm tpr_shadow vnmi flexpriority ept vpid xsaveopt
bugs		:
bogomips	: 6602.07
clflush size	: 64
cache_alignment	: 64
address sizes	: 36 bits physical, 48 bits virtual
power management:

processor	: 2
vendor_id	: GenuineIntel
cpu family	: 6
model		: 42
model name	: Intel(R) Core(TM) i3-2120 CPU @ 3.30GHz
stepping	: 7
microcode	: 0x26
cpu MHz		: 3300.000
cache size	: 3072 KB
physical id	: 0
siblings	: 4
core id		: 0
cpu cores	: 2
apicid		: 1
initial apicid	: 1
fpu		: yes
fpu_exception	: yes
cpuid level	: 13
wp		: yes
flags		: fpu vme de pse tsc msr pae mce cx8 apic sep mtrr pge mca cmov pat pse36 clflush dts acpi mmx fxsr sse sse2 ss ht tm pbe syscall nx rdtscp lm constant_tsc arch_perfmon pebs bts rep_good nopl xtopology nonstop_tsc aperfmperf eagerfpu pni pclmulqdq dtes64 monitor ds_cpl vmx est tm2 ssse3 cx16 xtpr pdcm pcid sse4_1 sse4_2 popcnt tsc_deadline_timer xsave avx lahf_lm arat epb pln pts dtherm tpr_shadow vnmi flexpriority ept vpid xsaveopt
bugs		:
bogomips	: 6602.07
clflush size	: 64
cache_alignment	: 64
address sizes	: 36 bits physical, 48 bits virtual
power management:

processor	: 3
vendor_id	: GenuineIntel
cpu family	: 6
model		: 42
model name	: Intel(R) Core(TM) i3-2120 CPU @ 3.30GHz
stepping	: 7
microcode	: 0x26
cpu MHz		: 3300.000
cache size	: 3072 KB
physical id	: 0
siblings	: 4
core id		: 1
cpu cores	: 2
apicid		: 3
initial apicid	: 3
fpu		: yes
fpu_exception	: yes
cpuid level	: 13
wp		: yes
flags		: fpu vme de pse tsc msr pae mce cx8 apic sep mtrr pge mca cmov pat pse36 clflush dts acpi mmx fxsr sse sse2 ss ht tm pbe syscall nx rdtscp lm constant_tsc arch_perfmon pebs bts rep_good nopl xtopology nonstop_tsc aperfmperf eagerfpu pni pclmulqdq dtes64 monitor ds_cpl vmx est tm2 ssse3 cx16 xtpr pdcm pcid sse4_1 sse4_2 popcnt tsc_deadline_timer xsave avx lahf_lm arat epb pln pts dtherm tpr_shadow vnmi flexpriority ept vpid xsaveopt
bugs		:
bogomips	: 6602.07
clflush size	: 64
cache_alignment	: 64
address sizes	: 36 bits physical, 48 bits virtual
power management:



Memory: 4k page, physical 4007080k(29188k free), swap 0k(0k free)

vm_info: Java HotSpot(TM) 64-Bit Server VM (25.72-b15) for linux-amd64 JRE (1.8.0_72-b15), built on Dec 22 2015 22:00:07 by "java_re" with gcc 4.3.0 20080428 (Red Hat 4.3.0-8)

time: Thu Feb 25 00:30:28 2016
elapsed time: 10 seconds (0d 0h 0m 10s)

