#
# There is insufficient memory for the Java Runtime Environment to continue.
# Native memory allocation (mmap) failed to map 92274688 bytes for committing reserved memory.
# Possible reasons:
#   The system is out of physical RAM or swap space
#   In 32 bit mode, the process size limit was hit
# Possible solutions:
#   Reduce memory load on the system
#   Increase physical memory or swap space
#   Check if swap backing store is full
#   Use 64 bit Java on a 64 bit OS
#   Decrease Java heap size (-Xmx/-Xms)
#   Decrease number of Java threads
#   Decrease Java thread stack sizes (-Xss)
#   Set larger code cache with -XX:ReservedCodeCacheSize=
# This output file may be truncated or incomplete.
#
#  Out of Memory Error (os_linux.cpp:2627), pid=9374, tid=140308168804096
#
# JRE version: Java(TM) SE Runtime Environment (8.0_74-b02) (build 1.8.0_74-b02)
# Java VM: Java HotSpot(TM) 64-Bit Server VM (25.74-b02 mixed mode linux-amd64 compressed oops)
# Core dump written. Default location: /home/youngbin/shipped-android/app/core or core.9374
#

---------------  T H R E A D  ---------------

Current thread (0x00007f9c1c076800):  VMThread [stack: 0x00007f9c0a7f8000,0x00007f9c0a8f9000] [id=9384]

Stack: [0x00007f9c0a7f8000,0x00007f9c0a8f9000],  sp=0x00007f9c0a8f72a0,  free space=1020k
Native frames: (J=compiled Java code, j=interpreted, Vv=VM code, C=native code)
V  [libjvm.so+0xaba7ea]  VMError::report_and_die()+0x2ba
V  [libjvm.so+0x4f9e3b]  report_vm_out_of_memory(char const*, int, unsigned long, VMErrorType, char const*)+0x8b
V  [libjvm.so+0x91b613]  os::Linux::commit_memory_impl(char*, unsigned long, bool)+0x103
V  [libjvm.so+0x91bb69]  os::pd_commit_memory(char*, unsigned long, unsigned long, bool)+0x29
V  [libjvm.so+0x915e6a]  os::commit_memory(char*, unsigned long, unsigned long, bool)+0x2a
V  [libjvm.so+0x989543]  PSVirtualSpace::expand_by(unsigned long)+0x53
V  [libjvm.so+0x979e30]  PSOldGen::expand(unsigned long)+0x170
V  [libjvm.so+0x97a03b]  PSOldGen::resize(unsigned long)+0x1cb
V  [libjvm.so+0x981d11]  PSParallelCompact::invoke_no_policy(bool)+0x991
V  [libjvm.so+0x98766d]  PSScavenge::invoke()+0x1ad
V  [libjvm.so+0x93f300]  ParallelScavengeHeap::failed_mem_allocate(unsigned long)+0x70
V  [libjvm.so+0xabc207]  VM_ParallelGCFailedAllocation::doit()+0x97
V  [libjvm.so+0xac3c35]  VM_Operation::evaluate()+0x55
V  [libjvm.so+0xac200a]  VMThread::evaluate_operation(VM_Operation*)+0xba
V  [libjvm.so+0xac238e]  VMThread::loop()+0x1ce
V  [libjvm.so+0xac2800]  VMThread::run()+0x70
V  [libjvm.so+0x91d9d8]  java_start(Thread*)+0x108

VM_Operation (0x00007f9c09e30cb0): ParallelGCFailedAllocation, mode: safepoint, requested by thread 0x00007f9c1c1bf800


---------------  P R O C E S S  ---------------

Java Threads: ( => current thread )
  0x00007f9c1c1c7000 JavaThread "pool-2-thread-4" [_thread_blocked, id=9397, stack(0x00007f9c0992e000,0x00007f9c09a2f000)]
  0x00007f9c1c1c5000 JavaThread "pool-2-thread-3" [_thread_blocked, id=9396, stack(0x00007f9c09a2f000,0x00007f9c09b30000)]
  0x00007f9c1c1c3000 JavaThread "pool-2-thread-2" [_thread_blocked, id=9395, stack(0x00007f9c09b30000,0x00007f9c09c31000)]
  0x00007f9c1c1c2000 JavaThread "pool-3-thread-1" [_thread_blocked, id=9394, stack(0x00007f9c09c31000,0x00007f9c09d32000)]
  0x00007f9c1c1bf800 JavaThread "pool-2-thread-1" [_thread_blocked, id=9393, stack(0x00007f9c09d32000,0x00007f9c09e33000)]
  0x00007f9c1c0d1000 JavaThread "Service Thread" daemon [_thread_blocked, id=9391, stack(0x00007f9c09f98000,0x00007f9c0a099000)]
  0x00007f9c1c0bb800 JavaThread "C1 CompilerThread2" daemon [_thread_blocked, id=9390, stack(0x00007f9c0a099000,0x00007f9c0a19a000)]
  0x00007f9c1c0ba000 JavaThread "C2 CompilerThread1" daemon [_thread_blocked, id=9389, stack(0x00007f9c0a19a000,0x00007f9c0a29b000)]
  0x00007f9c1c0b7000 JavaThread "C2 CompilerThread0" daemon [_thread_in_native, id=9388, stack(0x00007f9c0a29b000,0x00007f9c0a39c000)]
  0x00007f9c1c0b5800 JavaThread "Signal Dispatcher" daemon [_thread_blocked, id=9387, stack(0x00007f9c0a39c000,0x00007f9c0a49d000)]
  0x00007f9c1c082800 JavaThread "Finalizer" daemon [_thread_blocked, id=9386, stack(0x00007f9c0a5f6000,0x00007f9c0a6f7000)]
  0x00007f9c1c07e000 JavaThread "Reference Handler" daemon [_thread_blocked, id=9385, stack(0x00007f9c0a6f7000,0x00007f9c0a7f8000)]
  0x00007f9c1c008800 JavaThread "main" [_thread_blocked, id=9376, stack(0x00007f9c24867000,0x00007f9c24968000)]

Other Threads:
=>0x00007f9c1c076800 VMThread [stack: 0x00007f9c0a7f8000,0x00007f9c0a8f9000] [id=9384]
  0x00007f9c1c0d3800 WatcherThread [stack: 0x00007f9c09e97000,0x00007f9c09f98000] [id=9392]

VM state:at safepoint (normal execution)

VM Mutex/Monitor currently owned by a thread:  ([mutex/lock_event])
[0x00007f9c1c005e80] ExpandHeap_lock - owner thread: 0x00007f9c1c076800
[0x00007f9c1c006500] Threads_lock - owner thread: 0x00007f9c1c076800
[0x00007f9c1c006a00] Heap_lock - owner thread: 0x00007f9c1c1bf800

Heap:
 PSYoungGen      total 288768K, used 0K [0x00000000eab00000, 0x0000000100000000, 0x0000000100000000)
  eden space 228352K, 0% used [0x00000000eab00000,0x00000000eab00000,0x00000000f8a00000)
  from space 60416K, 0% used [0x00000000f8a00000,0x00000000f8a00000,0x00000000fc500000)
  to   space 58368K, 0% used [0x00000000fc700000,0x00000000fc700000,0x0000000100000000)
 ParOldGen       total 141824K, used 141580K [0x00000000c0000000, 0x00000000c8a80000, 0x00000000eab00000)
  object space 141824K, 99% used [0x00000000c0000000,0x00000000c8a430e0,0x00000000c8a80000)
 Metaspace       used 6546K, capacity 7320K, committed 7680K, reserved 1056768K
  class space    used 616K, capacity 656K, committed 768K, reserved 1048576K

Card table byte_map: [0x00007f9c21a8a000,0x00007f9c21c8b000] byte_map_base: 0x00007f9c2148a000

Marking Bits: (ParMarkBitMap*) 0x00007f9c23d75260
 Begin Bits: [0x00007f9c0b000000, 0x00007f9c0c000000)
 End Bits:   [0x00007f9c0c000000, 0x00007f9c0d000000)

Polling page: 0x00007f9c24999000

CodeCache: size=245760Kb used=9546Kb max_used=9546Kb free=236214Kb
 bounds [0x00007f9c0d000000, 0x00007f9c0d960000, 0x00007f9c1c000000]
 total_blobs=2626 nmethods=2357 adapters=182
 compilation: enabled

Compilation events (10 events):
Event: 6.795 Thread 0x00007f9c1c0bb800 2557   !   2       java.util.concurrent.locks.AbstractQueuedSynchronizer::fullyRelease (54 bytes)
Event: 6.796 Thread 0x00007f9c1c0bb800 nmethod 2557 0x00007f9c0d937590 code [0x00007f9c0d937720, 0x00007f9c0d937a28]
Event: 6.798 Thread 0x00007f9c1c0bb800 2558       3       com.android.dx.rop.code.LocalVariableExtractor::processBlock (327 bytes)
Event: 6.802 Thread 0x00007f9c1c0bb800 nmethod 2558 0x00007f9c0d953750 code [0x00007f9c0d953be0, 0x00007f9c0d957618]
Event: 6.802 Thread 0x00007f9c1c0bb800 2560       2       com.android.dx.rop.code.RegisterSpec::compareTo (95 bytes)
Event: 6.802 Thread 0x00007f9c1c0bb800 nmethod 2560 0x00007f9c0d936d10 code [0x00007f9c0d936ec0, 0x00007f9c0d937288]
Event: 6.802 Thread 0x00007f9c1c0bb800 2559       2       java.util.LinkedHashMap$Entry::<init> (10 bytes)
Event: 6.803 Thread 0x00007f9c1c0bb800 nmethod 2559 0x00007f9c0d936990 code [0x00007f9c0d936ae0, 0x00007f9c0d936c70]
Event: 6.813 Thread 0x00007f9c1c0bb800 2561       2       java.util.HashMap$TreeNode::balanceInsertion (245 bytes)
Event: 6.813 Thread 0x00007f9c1c0bb800 nmethod 2561 0x00007f9c0d935c10 code [0x00007f9c0d935e00, 0x00007f9c0d9363d8]

GC Heap History (10 events):
Event: 3.832 GC heap after
Heap after GC invocations=9 (full 1):
 PSYoungGen      total 264704K, used 13213K [0x00000000eab00000, 0x00000000fdd00000, 0x0000000100000000)
  eden space 239104K, 0% used [0x00000000eab00000,0x00000000eab00000,0x00000000f9480000)
  from space 25600K, 51% used [0x00000000fb500000,0x00000000fc1e76b8,0x00000000fce00000)
  to   space 33280K, 0% used [0x00000000f9480000,0x00000000f9480000,0x00000000fb500000)
 ParOldGen       total 80384K, used 42262K [0x00000000c0000000, 0x00000000c4e80000, 0x00000000eab00000)
  object space 80384K, 52% used [0x00000000c0000000,0x00000000c2945988,0x00000000c4e80000)
 Metaspace       used 6362K, capacity 7192K, committed 7424K, reserved 1056768K
  class space    used 615K, capacity 656K, committed 768K, reserved 1048576K
}
Event: 4.752 GC heap before
{Heap before GC invocations=10 (full 1):
 PSYoungGen      total 264704K, used 252317K [0x00000000eab00000, 0x00000000fdd00000, 0x0000000100000000)
  eden space 239104K, 100% used [0x00000000eab00000,0x00000000f9480000,0x00000000f9480000)
  from space 25600K, 51% used [0x00000000fb500000,0x00000000fc1e76b8,0x00000000fce00000)
  to   space 33280K, 0% used [0x00000000f9480000,0x00000000f9480000,0x00000000fb500000)
 ParOldGen       total 80384K, used 42262K [0x00000000c0000000, 0x00000000c4e80000, 0x00000000eab00000)
  object space 80384K, 52% used [0x00000000c0000000,0x00000000c2945988,0x00000000c4e80000)
 Metaspace       used 6469K, capacity 7256K, committed 7424K, reserved 1056768K
  class space    used 615K, capacity 656K, committed 768K, reserved 1048576K
Event: 4.828 GC heap after
Heap after GC invocations=10 (full 1):
 PSYoungGen      total 272384K, used 33259K [0x00000000eab00000, 0x0000000100000000, 0x0000000100000000)
  eden space 239104K, 0% used [0x00000000eab00000,0x00000000eab00000,0x00000000f9480000)
  from space 33280K, 99% used [0x00000000f9480000,0x00000000fb4fae18,0x00000000fb500000)
  to   space 44544K, 0% used [0x00000000fd480000,0x00000000fd480000,0x0000000100000000)
 ParOldGen       total 80384K, used 55383K [0x00000000c0000000, 0x00000000c4e80000, 0x00000000eab00000)
  object space 80384K, 68% used [0x00000000c0000000,0x00000000c3615cb8,0x00000000c4e80000)
 Metaspace       used 6469K, capacity 7256K, committed 7424K, reserved 1056768K
  class space    used 615K, capacity 656K, committed 768K, reserved 1048576K
}
Event: 5.454 GC heap before
{Heap before GC invocations=11 (full 1):
 PSYoungGen      total 272384K, used 272363K [0x00000000eab00000, 0x0000000100000000, 0x0000000100000000)
  eden space 239104K, 100% used [0x00000000eab00000,0x00000000f9480000,0x00000000f9480000)
  from space 33280K, 99% used [0x00000000f9480000,0x00000000fb4fae18,0x00000000fb500000)
  to   space 44544K, 0% used [0x00000000fd480000,0x00000000fd480000,0x0000000100000000)
 ParOldGen       total 80384K, used 55383K [0x00000000c0000000, 0x00000000c4e80000, 0x00000000eab00000)
  object space 80384K, 68% used [0x00000000c0000000,0x00000000c3615cb8,0x00000000c4e80000)
 Metaspace       used 6500K, capacity 7256K, committed 7424K, reserved 1056768K
  class space    used 615K, capacity 656K, committed 768K, reserved 1048576K
Event: 5.580 GC heap after
Heap after GC invocations=11 (full 1):
 PSYoungGen      total 272896K, used 44532K [0x00000000eab00000, 0x0000000100000000, 0x0000000100000000)
  eden space 228352K, 0% used [0x00000000eab00000,0x00000000eab00000,0x00000000f8a00000)
  from space 44544K, 99% used [0x00000000fd480000,0x00000000ffffd1e8,0x0000000100000000)
  to   space 60416K, 0% used [0x00000000f8a00000,0x00000000f8a00000,0x00000000fc500000)
 ParOldGen       total 80384K, used 76053K [0x00000000c0000000, 0x00000000c4e80000, 0x00000000eab00000)
  object space 80384K, 94% used [0x00000000c0000000,0x00000000c4a456e8,0x00000000c4e80000)
 Metaspace       used 6500K, capacity 7256K, committed 7424K, reserved 1056768K
  class space    used 615K, capacity 656K, committed 768K, reserved 1048576K
}
Event: 5.580 GC heap before
{Heap before GC invocations=12 (full 2):
 PSYoungGen      total 272896K, used 44532K [0x00000000eab00000, 0x0000000100000000, 0x0000000100000000)
  eden space 228352K, 0% used [0x00000000eab00000,0x00000000eab00000,0x00000000f8a00000)
  from space 44544K, 99% used [0x00000000fd480000,0x00000000ffffd1e8,0x0000000100000000)
  to   space 60416K, 0% used [0x00000000f8a00000,0x00000000f8a00000,0x00000000fc500000)
 ParOldGen       total 80384K, used 76053K [0x00000000c0000000, 0x00000000c4e80000, 0x00000000eab00000)
  object space 80384K, 94% used [0x00000000c0000000,0x00000000c4a456e8,0x00000000c4e80000)
 Metaspace       used 6500K, capacity 7256K, committed 7424K, reserved 1056768K
  class space    used 615K, capacity 656K, committed 768K, reserved 1048576K
Event: 6.239 GC heap after
Heap after GC invocations=12 (full 2):
 PSYoungGen      total 272896K, used 37766K [0x00000000eab00000, 0x0000000100000000, 0x0000000100000000)
  eden space 228352K, 0% used [0x00000000eab00000,0x00000000eab00000,0x00000000f8a00000)
  from space 44544K, 84% used [0x00000000fd480000,0x00000000ff961b88,0x0000000100000000)
  to   space 60416K, 0% used [0x00000000f8a00000,0x00000000f8a00000,0x00000000fc500000)
 ParOldGen       total 141824K, used 80249K [0x00000000c0000000, 0x00000000c8a80000, 0x00000000eab00000)
  object space 141824K, 56% used [0x00000000c0000000,0x00000000c4e5e438,0x00000000c8a80000)
 Metaspace       used 6500K, capacity 7256K, committed 7424K, reserved 1056768K
  class space    used 615K, capacity 656K, committed 768K, reserved 1048576K
}
Event: 6.835 GC heap before
{Heap before GC invocations=13 (full 2):
 PSYoungGen      total 272896K, used 266118K [0x00000000eab00000, 0x0000000100000000, 0x0000000100000000)
  eden space 228352K, 100% used [0x00000000eab00000,0x00000000f8a00000,0x00000000f8a00000)
  from space 44544K, 84% used [0x00000000fd480000,0x00000000ff961b88,0x0000000100000000)
  to   space 60416K, 0% used [0x00000000f8a00000,0x00000000f8a00000,0x00000000fc500000)
 ParOldGen       total 141824K, used 80249K [0x00000000c0000000, 0x00000000c8a80000, 0x00000000eab00000)
  object space 141824K, 56% used [0x00000000c0000000,0x00000000c4e5e438,0x00000000c8a80000)
 Metaspace       used 6546K, capacity 7320K, committed 7680K, reserved 1056768K
  class space    used 616K, capacity 656K, committed 768K, reserved 1048576K
Event: 6.953 GC heap after
Heap after GC invocations=13 (full 2):
 PSYoungGen      total 288768K, used 26572K [0x00000000eab00000, 0x0000000100000000, 0x0000000100000000)
  eden space 228352K, 0% used [0x00000000eab00000,0x00000000eab00000,0x00000000f8a00000)
  from space 60416K, 43% used [0x00000000f8a00000,0x00000000fa3f3260,0x00000000fc500000)
  to   space 58368K, 0% used [0x00000000fc700000,0x00000000fc700000,0x0000000100000000)
 ParOldGen       total 141824K, used 118245K [0x00000000c0000000, 0x00000000c8a80000, 0x00000000eab00000)
  object space 141824K, 83% used [0x00000000c0000000,0x00000000c73796c0,0x00000000c8a80000)
 Metaspace       used 6546K, capacity 7320K, committed 7680K, reserved 1056768K
  class space    used 616K, capacity 656K, committed 768K, reserved 1048576K
}
Event: 6.953 GC heap before
{Heap before GC invocations=14 (full 3):
 PSYoungGen      total 288768K, used 26572K [0x00000000eab00000, 0x0000000100000000, 0x0000000100000000)
  eden space 228352K, 0% used [0x00000000eab00000,0x00000000eab00000,0x00000000f8a00000)
  from space 60416K, 43% used [0x00000000f8a00000,0x00000000fa3f3260,0x00000000fc500000)
  to   space 58368K, 0% used [0x00000000fc700000,0x00000000fc700000,0x0000000100000000)
 ParOldGen       total 141824K, used 118245K [0x00000000c0000000, 0x00000000c8a80000, 0x00000000eab00000)
  object space 141824K, 83% used [0x00000000c0000000,0x00000000c73796c0,0x00000000c8a80000)
 Metaspace       used 6546K, capacity 7320K, committed 7680K, reserved 1056768K
  class space    used 616K, capacity 656K, committed 768K, reserved 1048576K

Deoptimization events (10 events):
Event: 4.600 Thread 0x00007f9c1c1c7000 Uncommon trap: reason=unstable_if action=reinterpret pc=0x00007f9c0d843a78 method=java.util.BitSet.clone()Ljava/lang/Object; @ 4
Event: 4.905 Thread 0x00007f9c1c008800 Uncommon trap: reason=unstable_if action=reinterpret pc=0x00007f9c0d88546c method=com.android.dx.ssa.SCCP.simulateBranch(Lcom/android/dx/ssa/SsaInsn;)V @ 548
Event: 4.940 Thread 0x00007f9c1c1c5000 Uncommon trap: reason=unstable_if action=reinterpret pc=0x00007f9c0d87eeb0 method=com.android.dx.cf.code.BaseMachine.getLocalTarget(Z)Lcom/android/dx/rop/code/RegisterSpec; @ 131
Event: 5.148 Thread 0x00007f9c1c1c5000 Uncommon trap: reason=bimorphic action=maybe_recompile pc=0x00007f9c0d78a114 method=com.android.dx.cf.code.BytecodeArray.parseInstruction(ILcom/android/dx/cf/code/BytecodeArray$Visitor;)I @ 1597
Event: 5.148 Thread 0x00007f9c1c1c5000 Uncommon trap: reason=bimorphic action=maybe_recompile pc=0x00007f9c0d78a114 method=com.android.dx.cf.code.BytecodeArray.parseInstruction(ILcom/android/dx/cf/code/BytecodeArray$Visitor;)I @ 1597
Event: 6.315 Thread 0x00007f9c1c1c5000 Uncommon trap: reason=bimorphic action=maybe_recompile pc=0x00007f9c0d7c6c70 method=com.android.dx.rop.code.RegisterSpec.withSimpleType()Lcom/android/dx/rop/code/RegisterSpec; @ 21
Event: 6.352 Thread 0x00007f9c1c1c5000 Uncommon trap: reason=bimorphic action=maybe_recompile pc=0x00007f9c0d7c6c70 method=com.android.dx.rop.code.RegisterSpec.withSimpleType()Lcom/android/dx/rop/code/RegisterSpec; @ 21
Event: 6.358 Thread 0x00007f9c1c1bf800 Uncommon trap: reason=bimorphic action=maybe_recompile pc=0x00007f9c0d7c6c70 method=com.android.dx.rop.code.RegisterSpec.withSimpleType()Lcom/android/dx/rop/code/RegisterSpec; @ 21
Event: 6.360 Thread 0x00007f9c1c1c5000 Uncommon trap: reason=bimorphic action=maybe_recompile pc=0x00007f9c0d7c6c70 method=com.android.dx.rop.code.RegisterSpec.withSimpleType()Lcom/android/dx/rop/code/RegisterSpec; @ 21
Event: 6.795 Thread 0x00007f9c1c008800 Uncommon trap: reason=unstable_if action=reinterpret pc=0x00007f9c0d942500 method=com.android.dx.rop.code.LocalVariableInfo.mergeStarts(ILcom/android/dx/rop/code/RegisterSpecSet;)Z @ 31

Internal exceptions (7 events):
Event: 0.024 Thread 0x00007f9c1c008800 Exception <a 'java/lang/NoSuchMethodError': Method sun.misc.Unsafe.defineClass(Ljava/lang/String;[BII)Ljava/lang/Class; name or signature does not match> (0x00000000eab07cc0) thrown at [/HUDSON3/workspace/8-2-build-linux-amd64/jdk8u74/6087/hotspot/src/sha
Event: 0.024 Thread 0x00007f9c1c008800 Exception <a 'java/lang/NoSuchMethodError': Method sun.misc.Unsafe.prefetchRead(Ljava/lang/Object;J)V name or signature does not match> (0x00000000eab07fa8) thrown at [/HUDSON3/workspace/8-2-build-linux-amd64/jdk8u74/6087/hotspot/src/share/vm/prims/jni.cp
Event: 1.069 Thread 0x00007f9c1c1c3000 Implicit null exception at 0x00007f9c0d34c74e to 0x00007f9c0d34ee35
Event: 1.155 Thread 0x00007f9c1c1c3000 Implicit null exception at 0x00007f9c0d31d94c to 0x00007f9c0d32011d
Event: 2.415 Thread 0x00007f9c1c1bf800 Exception <a 'java/lang/ArrayIndexOutOfBoundsException': 18> (0x00000000f1a39f18) thrown at [/HUDSON3/workspace/8-2-build-linux-amd64/jdk8u74/6087/hotspot/src/share/vm/interpreter/interpreterRuntime.cpp, line 366]
Event: 2.416 Thread 0x00007f9c1c1bf800 Exception <a 'java/lang/ArrayIndexOutOfBoundsException': 145> (0x00000000f1a3ba98) thrown at [/HUDSON3/workspace/8-2-build-linux-amd64/jdk8u74/6087/hotspot/src/share/vm/interpreter/interpreterRuntime.cpp, line 366]
Event: 2.417 Thread 0x00007f9c1c1bf800 Exception <a 'java/lang/ArrayIndexOutOfBoundsException': 40> (0x00000000f1a3cd80) thrown at [/HUDSON3/workspace/8-2-build-linux-amd64/jdk8u74/6087/hotspot/src/share/vm/interpreter/interpreterRuntime.cpp, line 366]

Events (10 events):
Event: 6.591 Thread 0x00007f9c1c008800 DEOPT PACKING pc=0x00007f9c0d117cfc sp=0x00007f9c24966390
Event: 6.591 Thread 0x00007f9c1c008800 DEOPT UNPACKING pc=0x00007f9c0d047633 sp=0x00007f9c24966078 mode 0
Event: 6.637 Thread 0x00007f9c1c1c3000 DEOPT PACKING pc=0x00007f9c0d75268a sp=0x00007f9c09c2eee0
Event: 6.637 Thread 0x00007f9c1c1c3000 DEOPT UNPACKING pc=0x00007f9c0d047633 sp=0x00007f9c09c2ec88 mode 0
Event: 6.666 Thread 0x00007f9c1c008800 DEOPT PACKING pc=0x00007f9c0d117cfc sp=0x00007f9c24966290
Event: 6.666 Thread 0x00007f9c1c008800 DEOPT UNPACKING pc=0x00007f9c0d047633 sp=0x00007f9c24965f78 mode 0
Event: 6.795 Thread 0x00007f9c1c008800 Uncommon trap: trap_request=0xffffff65 fr.pc=0x00007f9c0d942500
Event: 6.795 Thread 0x00007f9c1c008800 DEOPT PACKING pc=0x00007f9c0d942500 sp=0x00007f9c24965900
Event: 6.795 Thread 0x00007f9c1c008800 DEOPT UNPACKING pc=0x00007f9c0d005229 sp=0x00007f9c249658c0 mode 2
Event: 6.834 Executing VM operation: ParallelGCFailedAllocation


Dynamic libraries:
00400000-00401000 r-xp 00000000 08:06 399854                             /usr/lib/jvm/java-8-jdk/jre/bin/java
00600000-00601000 rw-p 00000000 08:06 399854                             /usr/lib/jvm/java-8-jdk/jre/bin/java
02461000-02482000 rw-p 00000000 00:00 0                                  [heap]
c0000000-c8a80000 rw-p 00000000 00:00 0 
ce280000-eab00000 ---p 00000000 00:00 0 
eab00000-100000000 rw-p 00000000 00:00 0 
100000000-1000c0000 rw-p 00000000 00:00 0 
1000c0000-140000000 ---p 00000000 00:00 0 
7f9bbc000000-7f9bbc021000 rw-p 00000000 00:00 0 
7f9bbc021000-7f9bc0000000 ---p 00000000 00:00 0 
7f9bc4000000-7f9bc4021000 rw-p 00000000 00:00 0 
7f9bc4021000-7f9bc8000000 ---p 00000000 00:00 0 
7f9bc8000000-7f9bc802c000 rw-p 00000000 00:00 0 
7f9bc802c000-7f9bcc000000 ---p 00000000 00:00 0 
7f9bcc000000-7f9bcc021000 rw-p 00000000 00:00 0 
7f9bcc021000-7f9bd0000000 ---p 00000000 00:00 0 
7f9bd0000000-7f9bd0030000 rw-p 00000000 00:00 0 
7f9bd0030000-7f9bd4000000 ---p 00000000 00:00 0 
7f9bd4000000-7f9bd4021000 rw-p 00000000 00:00 0 
7f9bd4021000-7f9bd8000000 ---p 00000000 00:00 0 
7f9bd8000000-7f9bd8021000 rw-p 00000000 00:00 0 
7f9bd8021000-7f9bdc000000 ---p 00000000 00:00 0 
7f9bdc000000-7f9bdd67a000 rw-p 00000000 00:00 0 
7f9bdd67a000-7f9be0000000 ---p 00000000 00:00 0 
7f9be0000000-7f9be0bb7000 rw-p 00000000 00:00 0 
7f9be0bb7000-7f9be4000000 ---p 00000000 00:00 0 
7f9be4000000-7f9be4021000 rw-p 00000000 00:00 0 
7f9be4021000-7f9be8000000 ---p 00000000 00:00 0 
7f9be8000000-7f9be8c71000 rw-p 00000000 00:00 0 
7f9be8c71000-7f9bec000000 ---p 00000000 00:00 0 
7f9bec000000-7f9bec021000 rw-p 00000000 00:00 0 
7f9bec021000-7f9bf0000000 ---p 00000000 00:00 0 
7f9bf0000000-7f9bf0021000 rw-p 00000000 00:00 0 
7f9bf0021000-7f9bf4000000 ---p 00000000 00:00 0 
7f9bf4000000-7f9bf4021000 rw-p 00000000 00:00 0 
7f9bf4021000-7f9bf8000000 ---p 00000000 00:00 0 
7f9bf8000000-7f9bf82be000 rw-p 00000000 00:00 0 
7f9bf82be000-7f9bfc000000 ---p 00000000 00:00 0 
7f9bfc000000-7f9bfc021000 rw-p 00000000 00:00 0 
7f9bfc021000-7f9c00000000 ---p 00000000 00:00 0 
7f9c00000000-7f9c00021000 rw-p 00000000 00:00 0 
7f9c00021000-7f9c04000000 ---p 00000000 00:00 0 
7f9c04000000-7f9c04021000 rw-p 00000000 00:00 0 
7f9c04021000-7f9c08000000 ---p 00000000 00:00 0 
7f9c0992e000-7f9c09931000 ---p 00000000 00:00 0 
7f9c09931000-7f9c09a2f000 rw-p 00000000 00:00 0                          [stack:9397]
7f9c09a2f000-7f9c09a32000 ---p 00000000 00:00 0 
7f9c09a32000-7f9c09b30000 rw-p 00000000 00:00 0                          [stack:9396]
7f9c09b30000-7f9c09b33000 ---p 00000000 00:00 0 
7f9c09b33000-7f9c09c31000 rw-p 00000000 00:00 0                          [stack:9395]
7f9c09c31000-7f9c09c34000 ---p 00000000 00:00 0 
7f9c09c34000-7f9c09d32000 rw-p 00000000 00:00 0                          [stack:9394]
7f9c09d32000-7f9c09d35000 ---p 00000000 00:00 0 
7f9c09d35000-7f9c09e33000 rw-p 00000000 00:00 0                          [stack:9393]
7f9c09e33000-7f9c09e97000 r--s 004e1000 08:06 13239862                   /home/youngbin/shipped-android/app/build/intermediates/transforms/jarMerging/debug/jars/1/1f/combined.jar
7f9c09e97000-7f9c09e98000 ---p 00000000 00:00 0 
7f9c09e98000-7f9c09f98000 rw-p 00000000 00:00 0                          [stack:9392]
7f9c09f98000-7f9c09f9b000 ---p 00000000 00:00 0 
7f9c09f9b000-7f9c0a099000 rw-p 00000000 00:00 0                          [stack:9391]
7f9c0a099000-7f9c0a09c000 ---p 00000000 00:00 0 
7f9c0a09c000-7f9c0a19a000 rw-p 00000000 00:00 0                          [stack:9390]
7f9c0a19a000-7f9c0a19d000 ---p 00000000 00:00 0 
7f9c0a19d000-7f9c0a29b000 rw-p 00000000 00:00 0                          [stack:9389]
7f9c0a29b000-7f9c0a29e000 ---p 00000000 00:00 0 
7f9c0a29e000-7f9c0a39c000 rw-p 00000000 00:00 0                          [stack:9388]
7f9c0a39c000-7f9c0a39f000 ---p 00000000 00:00 0 
7f9c0a39f000-7f9c0a49d000 rw-p 00000000 00:00 0                          [stack:9387]
7f9c0a49d000-7f9c0a5f6000 r--p 00000000 08:06 178958                     /usr/lib/locale/locale-archive
7f9c0a5f6000-7f9c0a5f9000 ---p 00000000 00:00 0 
7f9c0a5f9000-7f9c0a6f7000 rw-p 00000000 00:00 0                          [stack:9386]
7f9c0a6f7000-7f9c0a6fa000 ---p 00000000 00:00 0 
7f9c0a6fa000-7f9c0a7f8000 rw-p 00000000 00:00 0                          [stack:9385]
7f9c0a7f8000-7f9c0a7f9000 ---p 00000000 00:00 0 
7f9c0a7f9000-7f9c0d000000 rw-p 00000000 00:00 0                          [stack:9384]
7f9c0d000000-7f9c0d960000 rwxp 00000000 00:00 0 
7f9c0d960000-7f9c1c000000 ---p 00000000 00:00 0 
7f9c1c000000-7f9c1c3b3000 rw-p 00000000 00:00 0 
7f9c1c3b3000-7f9c20000000 ---p 00000000 00:00 0 
7f9c20001000-7f9c20028000 r--p 00000000 08:06 133211                     /usr/share/locale/ko/LC_MESSAGES/libc.mo
7f9c20028000-7f9c208e2000 rw-p 00000000 00:00 0 
7f9c208e2000-7f9c20aba000 r--s 03d1d000 08:06 399675                     /usr/lib/jvm/java-8-jdk/jre/lib/rt.jar
7f9c20aba000-7f9c211f0000 rw-p 00000000 00:00 0 
7f9c211f0000-7f9c21330000 ---p 00000000 00:00 0 
7f9c21330000-7f9c21530000 rw-p 00000000 00:00 0 
7f9c21530000-7f9c21531000 ---p 00000000 00:00 0 
7f9c21531000-7f9c21631000 rw-p 00000000 00:00 0                          [stack:9382]
7f9c21631000-7f9c21632000 ---p 00000000 00:00 0 
7f9c21632000-7f9c21732000 rw-p 00000000 00:00 0                          [stack:9381]
7f9c21732000-7f9c21733000 ---p 00000000 00:00 0 
7f9c21733000-7f9c21833000 rw-p 00000000 00:00 0                          [stack:9380]
7f9c21833000-7f9c21834000 ---p 00000000 00:00 0 
7f9c21834000-7f9c2197a000 rw-p 00000000 00:00 0                          [stack:9379]
7f9c2197a000-7f9c21a8a000 ---p 00000000 00:00 0 
7f9c21a8a000-7f9c21ad0000 rw-p 00000000 00:00 0 
7f9c21ad0000-7f9c21bdf000 ---p 00000000 00:00 0 
7f9c21bdf000-7f9c21c8a000 rw-p 00000000 00:00 0 
7f9c21c8a000-7f9c21cb1000 rw-p 00000000 00:00 0 
7f9c21cb1000-7f9c2204b000 ---p 00000000 00:00 0 
7f9c2204b000-7f9c22065000 r-xp 00000000 08:06 399762                     /usr/lib/jvm/java-8-jdk/jre/lib/amd64/libzip.so
7f9c22065000-7f9c22265000 ---p 0001a000 08:06 399762                     /usr/lib/jvm/java-8-jdk/jre/lib/amd64/libzip.so
7f9c22265000-7f9c22266000 rw-p 0001a000 08:06 399762                     /usr/lib/jvm/java-8-jdk/jre/lib/amd64/libzip.so
7f9c22266000-7f9c22271000 r-xp 00000000 08:06 134352                     /usr/lib/libnss_files-2.23.so
7f9c22271000-7f9c22470000 ---p 0000b000 08:06 134352                     /usr/lib/libnss_files-2.23.so
7f9c22470000-7f9c22471000 r--p 0000a000 08:06 134352                     /usr/lib/libnss_files-2.23.so
7f9c22471000-7f9c22472000 rw-p 0000b000 08:06 134352                     /usr/lib/libnss_files-2.23.so
7f9c22472000-7f9c22478000 rw-p 00000000 00:00 0 
7f9c22478000-7f9c224a2000 r-xp 00000000 08:06 399738                     /usr/lib/jvm/java-8-jdk/jre/lib/amd64/libjava.so
7f9c224a2000-7f9c226a2000 ---p 0002a000 08:06 399738                     /usr/lib/jvm/java-8-jdk/jre/lib/amd64/libjava.so
7f9c226a2000-7f9c226a4000 rw-p 0002a000 08:06 399738                     /usr/lib/jvm/java-8-jdk/jre/lib/amd64/libjava.so
7f9c226a4000-7f9c226b1000 r-xp 00000000 08:06 399781                     /usr/lib/jvm/java-8-jdk/jre/lib/amd64/libverify.so
7f9c226b1000-7f9c228b1000 ---p 0000d000 08:06 399781                     /usr/lib/jvm/java-8-jdk/jre/lib/amd64/libverify.so
7f9c228b1000-7f9c228b3000 rw-p 0000d000 08:06 399781                     /usr/lib/jvm/java-8-jdk/jre/lib/amd64/libverify.so
7f9c228b3000-7f9c228ba000 r-xp 00000000 08:06 134360                     /usr/lib/librt-2.23.so
7f9c228ba000-7f9c22ab9000 ---p 00007000 08:06 134360                     /usr/lib/librt-2.23.so
7f9c22ab9000-7f9c22aba000 r--p 00006000 08:06 134360                     /usr/lib/librt-2.23.so
7f9c22aba000-7f9c22abb000 rw-p 00007000 08:06 134360                     /usr/lib/librt-2.23.so
7f9c22abb000-7f9c22bbe000 r-xp 00000000 08:06 134357                     /usr/lib/libm-2.23.so
7f9c22bbe000-7f9c22dbe000 ---p 00103000 08:06 134357                     /usr/lib/libm-2.23.so
7f9c22dbe000-7f9c22dbf000 r--p 00103000 08:06 134357                     /usr/lib/libm-2.23.so
7f9c22dbf000-7f9c22dc0000 rw-p 00104000 08:06 134357                     /usr/lib/libm-2.23.so
7f9c22dc0000-7f9c23a7f000 r-xp 00000000 08:06 528419                     /usr/lib/jvm/java-8-jdk/jre/lib/amd64/server/libjvm.so
7f9c23a7f000-7f9c23c7e000 ---p 00cbf000 08:06 528419                     /usr/lib/jvm/java-8-jdk/jre/lib/amd64/server/libjvm.so
7f9c23c7e000-7f9c23d57000 rw-p 00cbe000 08:06 528419                     /usr/lib/jvm/java-8-jdk/jre/lib/amd64/server/libjvm.so
7f9c23d57000-7f9c23da0000 rw-p 00000000 00:00 0 
7f9c23da0000-7f9c23f38000 r-xp 00000000 08:06 134281                     /usr/lib/libc-2.23.so
7f9c23f38000-7f9c24137000 ---p 00198000 08:06 134281                     /usr/lib/libc-2.23.so
7f9c24137000-7f9c2413b000 r--p 00197000 08:06 134281                     /usr/lib/libc-2.23.so
7f9c2413b000-7f9c2413d000 rw-p 0019b000 08:06 134281                     /usr/lib/libc-2.23.so
7f9c2413d000-7f9c24141000 rw-p 00000000 00:00 0 
7f9c24141000-7f9c24143000 r-xp 00000000 08:06 134356                     /usr/lib/libdl-2.23.so
7f9c24143000-7f9c24343000 ---p 00002000 08:06 134356                     /usr/lib/libdl-2.23.so
7f9c24343000-7f9c24344000 r--p 00002000 08:06 134356                     /usr/lib/libdl-2.23.so
7f9c24344000-7f9c24345000 rw-p 00003000 08:06 134356                     /usr/lib/libdl-2.23.so
7f9c24345000-7f9c2435a000 r-xp 00000000 08:06 528417                     /usr/lib/jvm/java-8-jdk/jre/lib/amd64/jli/libjli.so
7f9c2435a000-7f9c2455a000 ---p 00015000 08:06 528417                     /usr/lib/jvm/java-8-jdk/jre/lib/amd64/jli/libjli.so
7f9c2455a000-7f9c2455b000 rw-p 00015000 08:06 528417                     /usr/lib/jvm/java-8-jdk/jre/lib/amd64/jli/libjli.so
7f9c2455b000-7f9c24573000 r-xp 00000000 08:06 134256                     /usr/lib/libpthread-2.23.so
7f9c24573000-7f9c24772000 ---p 00018000 08:06 134256                     /usr/lib/libpthread-2.23.so
7f9c24772000-7f9c24773000 r--p 00017000 08:06 134256                     /usr/lib/libpthread-2.23.so
7f9c24773000-7f9c24774000 rw-p 00018000 08:06 134256                     /usr/lib/libpthread-2.23.so
7f9c24774000-7f9c24778000 rw-p 00000000 00:00 0 
7f9c24778000-7f9c2479b000 r-xp 00000000 08:06 134280                     /usr/lib/ld-2.23.so
7f9c247a2000-7f9c24867000 rw-p 00000000 00:00 0 
7f9c24867000-7f9c2486a000 ---p 00000000 00:00 0 
7f9c2486a000-7f9c2496c000 rw-p 00000000 00:00 0                          [stack:9376]
7f9c2496d000-7f9c2497c000 r--s 000df000 08:06 13763614                   /home/youngbin/Android/Sdk/build-tools/23.0.2/lib/dx.jar
7f9c2497c000-7f9c24990000 rw-p 00000000 00:00 0 
7f9c24990000-7f9c24998000 rw-s 00000000 00:22 404481                     /tmp/hsperfdata_youngbin/9374
7f9c24998000-7f9c24999000 rw-p 00000000 00:00 0 
7f9c24999000-7f9c2499a000 ---p 00000000 00:00 0 
7f9c2499a000-7f9c2499b000 rw-p 00000000 00:00 0 
7f9c2499b000-7f9c2499c000 r--p 00023000 08:06 134280                     /usr/lib/ld-2.23.so
7f9c2499c000-7f9c2499d000 rw-p 00024000 08:06 134280                     /usr/lib/ld-2.23.so
7f9c2499d000-7f9c2499e000 rw-p 00000000 00:00 0 
7fffd5285000-7fffd52a6000 rw-p 00000000 00:00 0                          [stack]
7fffd53a9000-7fffd53ab000 r--p 00000000 00:00 0                          [vvar]
7fffd53ab000-7fffd53ad000 r-xp 00000000 00:00 0                          [vdso]
ffffffffff600000-ffffffffff601000 r-xp 00000000 00:00 0                  [vsyscall]

VM Arguments:
jvm_args: -Djava.awt.headless=true -Xmx1024M -Dfile.encoding=UTF-8 -Duser.country=KR -Duser.language=ko -Duser.variant 
java_command: com.android.dx.command.Main --dex --num-threads=4 --multi-dex --main-dex-list /home/youngbin/shipped-android/app/build/intermediates/multi-dex/debug/maindexlist.txt --output /home/youngbin/shipped-android/app/build/intermediates/transforms/dex/debug/folders/1000/1f/main /home/youngbin/shipped-android/app/build/intermediates/transforms/jarMerging/debug/jars/1/1f/combined.jar
java_class_path (initial): /home/youngbin/Android/Sdk/build-tools/23.0.2/lib/dx.jar
Launcher Type: SUN_STANDARD

Environment Variables:
PATH=/usr/local/sbin:/usr/local/bin:/usr/bin:/usr/lib/jvm/default/bin:/usr/bin/site_perl:/usr/bin/vendor_perl:/usr/bin/core_perl
USERNAME=youngbin
LD_LIBRARY_PATH=/home/youngbin/android-studio/bin:
SHELL=/usr/bin/fish
DISPLAY=:1

Signal Handlers:
SIGSEGV: [libjvm.so+0xabb070], sa_mask[0]=11111111011111111101111111111110, sa_flags=SA_RESTART|SA_SIGINFO
SIGBUS: [libjvm.so+0xabb070], sa_mask[0]=11111111011111111101111111111110, sa_flags=SA_RESTART|SA_SIGINFO
SIGFPE: [libjvm.so+0x918480], sa_mask[0]=11111111011111111101111111111110, sa_flags=SA_RESTART|SA_SIGINFO
SIGPIPE: [libjvm.so+0x918480], sa_mask[0]=11111111011111111101111111111110, sa_flags=SA_RESTART|SA_SIGINFO
SIGXFSZ: [libjvm.so+0x918480], sa_mask[0]=11111111011111111101111111111110, sa_flags=SA_RESTART|SA_SIGINFO
SIGILL: [libjvm.so+0x918480], sa_mask[0]=11111111011111111101111111111110, sa_flags=SA_RESTART|SA_SIGINFO
SIGUSR1: SIG_DFL, sa_mask[0]=00000000000000000000000000000000, sa_flags=none
SIGUSR2: [libjvm.so+0x919ab0], sa_mask[0]=00100000000000000000000000000000, sa_flags=SA_RESTART|SA_SIGINFO
SIGHUP: [libjvm.so+0x91aeb0], sa_mask[0]=11111111011111111101111111111110, sa_flags=SA_RESTART|SA_SIGINFO
SIGINT: [libjvm.so+0x91aeb0], sa_mask[0]=11111111011111111101111111111110, sa_flags=SA_RESTART|SA_SIGINFO
SIGTERM: [libjvm.so+0x91aeb0], sa_mask[0]=11111111011111111101111111111110, sa_flags=SA_RESTART|SA_SIGINFO
SIGQUIT: [libjvm.so+0x91aeb0], sa_mask[0]=11111111011111111101111111111110, sa_flags=SA_RESTART|SA_SIGINFO


---------------  S Y S T E M  ---------------

OS:NAME="Antergos Linux"
VERSION="2015.12-ISO-Rolling"
ID="antergos"
ID_LIKE="arch"
PRETTY_NAME="Antergos Linux"
CPE_NAME="cpe:/o:antergosproject:antergos:2015.12"
ANSI_COLOR="1;34;40"
HOME_URL="https://antergos.com/"
SUPPORT_URL="https://forum.antergos.com/"
BUG_REPORT_URL="https://github.com/antergos"


uname:Linux 4.4.1-2-ARCH #1 SMP PREEMPT Wed Feb 3 13:12:33 UTC 2016 x86_64
libc:glibc 2.23 NPTL 2.23 
rlimit: STACK 8192k, CORE infinity, NPROC 14900, NOFILE 4096, AS infinity
load average:2.12 7.01 9.81

/proc/meminfo:
MemTotal:        4007080 kB
MemFree:           27044 kB
MemAvailable:      52112 kB
Buffers:             648 kB
Cached:           405996 kB
SwapCached:            0 kB
Active:          3652456 kB
Inactive:         107044 kB
Active(anon):    3640444 kB
Inactive(anon):    95424 kB
Active(file):      12012 kB
Inactive(file):    11620 kB
Unevictable:          88 kB
Mlocked:        34359738456 kB
SwapTotal:             0 kB
SwapFree:              0 kB
Dirty:               460 kB
Writeback:             0 kB
AnonPages:       3353156 kB
Mapped:           112800 kB
Shmem:            382712 kB
Slab:              66904 kB
SReclaimable:      31016 kB
SUnreclaim:        35888 kB
KernelStack:       10640 kB
PageTables:        47592 kB
NFS_Unstable:          0 kB
Bounce:                0 kB
WritebackTmp:          0 kB
CommitLimit:     2003540 kB
Committed_AS:    8349128 kB
VmallocTotal:   34359738367 kB
VmallocUsed:           0 kB
VmallocChunk:          0 kB
HardwareCorrupted:     0 kB
AnonHugePages:   1019904 kB
HugePages_Total:       0
HugePages_Free:        0
HugePages_Rsvd:        0
HugePages_Surp:        0
Hugepagesize:       2048 kB
DirectMap4k:      133520 kB
DirectMap2M:     4016128 kB


CPU:total 4 (2 cores per cpu, 2 threads per core) family 6 model 42 stepping 7, cmov, cx8, fxsr, mmx, sse, sse2, sse3, ssse3, sse4.1, sse4.2, popcnt, avx, clmul, ht, tsc, tscinvbit

/proc/cpuinfo:
processor	: 0
vendor_id	: GenuineIntel
cpu family	: 6
model		: 42
model name	: Intel(R) Core(TM) i3-2120 CPU @ 3.30GHz
stepping	: 7
microcode	: 0x26
cpu MHz		: 3299.871
cache size	: 3072 KB
physical id	: 0
siblings	: 4
core id		: 0
cpu cores	: 2
apicid		: 0
initial apicid	: 0
fpu		: yes
fpu_exception	: yes
cpuid level	: 13
wp		: yes
flags		: fpu vme de pse tsc msr pae mce cx8 apic sep mtrr pge mca cmov pat pse36 clflush dts acpi mmx fxsr sse sse2 ss ht tm pbe syscall nx rdtscp lm constant_tsc arch_perfmon pebs bts rep_good nopl xtopology nonstop_tsc aperfmperf eagerfpu pni pclmulqdq dtes64 monitor ds_cpl vmx est tm2 ssse3 cx16 xtpr pdcm pcid sse4_1 sse4_2 popcnt tsc_deadline_timer xsave avx lahf_lm arat epb pln pts dtherm tpr_shadow vnmi flexpriority ept vpid xsaveopt
bugs		:
bogomips	: 6602.97
clflush size	: 64
cache_alignment	: 64
address sizes	: 36 bits physical, 48 bits virtual
power management:

processor	: 1
vendor_id	: GenuineIntel
cpu family	: 6
model		: 42
model name	: Intel(R) Core(TM) i3-2120 CPU @ 3.30GHz
stepping	: 7
microcode	: 0x26
cpu MHz		: 3300.000
cache size	: 3072 KB
physical id	: 0
siblings	: 4
core id		: 1
cpu cores	: 2
apicid		: 2
initial apicid	: 2
fpu		: yes
fpu_exception	: yes
cpuid level	: 13
wp		: yes
flags		: fpu vme de pse tsc msr pae mce cx8 apic sep mtrr pge mca cmov pat pse36 clflush dts acpi mmx fxsr sse sse2 ss ht tm pbe syscall nx rdtscp lm constant_tsc arch_perfmon pebs bts rep_good nopl xtopology nonstop_tsc aperfmperf eagerfpu pni pclmulqdq dtes64 monitor ds_cpl vmx est tm2 ssse3 cx16 xtpr pdcm pcid sse4_1 sse4_2 popcnt tsc_deadline_timer xsave avx lahf_lm arat epb pln pts dtherm tpr_shadow vnmi flexpriority ept vpid xsaveopt
bugs		:
bogomips	: 6602.97
clflush size	: 64
cache_alignment	: 64
address sizes	: 36 bits physical, 48 bits virtual
power management:

processor	: 2
vendor_id	: GenuineIntel
cpu family	: 6
model		: 42
model name	: Intel(R) Core(TM) i3-2120 CPU @ 3.30GHz
stepping	: 7
microcode	: 0x26
cpu MHz		: 3300.000
cache size	: 3072 KB
physical id	: 0
siblings	: 4
core id		: 0
cpu cores	: 2
apicid		: 1
initial apicid	: 1
fpu		: yes
fpu_exception	: yes
cpuid level	: 13
wp		: yes
flags		: fpu vme de pse tsc msr pae mce cx8 apic sep mtrr pge mca cmov pat pse36 clflush dts acpi mmx fxsr sse sse2 ss ht tm pbe syscall nx rdtscp lm constant_tsc arch_perfmon pebs bts rep_good nopl xtopology nonstop_tsc aperfmperf eagerfpu pni pclmulqdq dtes64 monitor ds_cpl vmx est tm2 ssse3 cx16 xtpr pdcm pcid sse4_1 sse4_2 popcnt tsc_deadline_timer xsave avx lahf_lm arat epb pln pts dtherm tpr_shadow vnmi flexpriority ept vpid xsaveopt
bugs		:
bogomips	: 6602.97
clflush size	: 64
cache_alignment	: 64
address sizes	: 36 bits physical, 48 bits virtual
power management:

processor	: 3
vendor_id	: GenuineIntel
cpu family	: 6
model		: 42
model name	: Intel(R) Core(TM) i3-2120 CPU @ 3.30GHz
stepping	: 7
microcode	: 0x26
cpu MHz		: 3300.000
cache size	: 3072 KB
physical id	: 0
siblings	: 4
core id		: 1
cpu cores	: 2
apicid		: 3
initial apicid	: 3
fpu		: yes
fpu_exception	: yes
cpuid level	: 13
wp		: yes
flags		: fpu vme de pse tsc msr pae mce cx8 apic sep mtrr pge mca cmov pat pse36 clflush dts acpi mmx fxsr sse sse2 ss ht tm pbe syscall nx rdtscp lm constant_tsc arch_perfmon pebs bts rep_good nopl xtopology nonstop_tsc aperfmperf eagerfpu pni pclmulqdq dtes64 monitor ds_cpl vmx est tm2 ssse3 cx16 xtpr pdcm pcid sse4_1 sse4_2 popcnt tsc_deadline_timer xsave avx lahf_lm arat epb pln pts dtherm tpr_shadow vnmi flexpriority ept vpid xsaveopt
bugs		:
bogomips	: 6602.97
clflush size	: 64
cache_alignment	: 64
address sizes	: 36 bits physical, 48 bits virtual
power management:



Memory: 4k page, physical 4007080k(27360k free), swap 0k(0k free)

vm_info: Java HotSpot(TM) 64-Bit Server VM (25.74-b02) for linux-amd64 JRE (1.8.0_74-b02), built on Jan 29 2016 19:20:56 by "java_re" with gcc 4.3.0 20080428 (Red Hat 4.3.0-8)

time: Wed Mar  2 10:57:59 2016
elapsed time: 7 seconds (0d 0h 0m 7s)

