#
# There is insufficient memory for the Java Runtime Environment to continue.
# Native memory allocation (mmap) failed to map 126353408 bytes for committing reserved memory.
# Possible reasons:
#   The system is out of physical RAM or swap space
#   In 32 bit mode, the process size limit was hit
# Possible solutions:
#   Reduce memory load on the system
#   Increase physical memory or swap space
#   Check if swap backing store is full
#   Use 64 bit Java on a 64 bit OS
#   Decrease Java heap size (-Xmx/-Xms)
#   Decrease number of Java threads
#   Decrease Java thread stack sizes (-Xss)
#   Set larger code cache with -XX:ReservedCodeCacheSize=
# This output file may be truncated or incomplete.
#
#  Out of Memory Error (os_linux.cpp:2627), pid=9248, tid=139794883479296
#
# JRE version: Java(TM) SE Runtime Environment (8.0_72-b15) (build 1.8.0_72-b15)
# Java VM: Java HotSpot(TM) 64-Bit Server VM (25.72-b15 mixed mode linux-amd64 compressed oops)
# Core dump written. Default location: /home/youngbin/shipped-android/app/core or core.9248
#

---------------  T H R E A D  ---------------

Current thread (0x00007f24a8076800):  VMThread [stack: 0x00007f24884f0000,0x00007f24885f1000] [id=9258]

Stack: [0x00007f24884f0000,0x00007f24885f1000],  sp=0x00007f24885ef1a0,  free space=1020k
Native frames: (J=compiled Java code, j=interpreted, Vv=VM code, C=native code)
V  [libjvm.so+0xaba7ea]  VMError::report_and_die()+0x2ba
V  [libjvm.so+0x4f9e3b]  report_vm_out_of_memory(char const*, int, unsigned long, VMErrorType, char const*)+0x8b
V  [libjvm.so+0x91b613]  os::Linux::commit_memory_impl(char*, unsigned long, bool)+0x103
V  [libjvm.so+0x91bb69]  os::pd_commit_memory(char*, unsigned long, unsigned long, bool)+0x29
V  [libjvm.so+0x915e6a]  os::commit_memory(char*, unsigned long, unsigned long, bool)+0x2a
V  [libjvm.so+0x989543]  PSVirtualSpace::expand_by(unsigned long)+0x53
V  [libjvm.so+0x979e30]  PSOldGen::expand(unsigned long)+0x170
V  [libjvm.so+0x97a03b]  PSOldGen::resize(unsigned long)+0x1cb
V  [libjvm.so+0x981d11]  PSParallelCompact::invoke_no_policy(bool)+0x991
V  [libjvm.so+0x98766d]  PSScavenge::invoke()+0x1ad
V  [libjvm.so+0x93f300]  ParallelScavengeHeap::failed_mem_allocate(unsigned long)+0x70
V  [libjvm.so+0xabc207]  VM_ParallelGCFailedAllocation::doit()+0x97
V  [libjvm.so+0xac3c35]  VM_Operation::evaluate()+0x55
V  [libjvm.so+0xac200a]  VMThread::evaluate_operation(VM_Operation*)+0xba
V  [libjvm.so+0xac238e]  VMThread::loop()+0x1ce
V  [libjvm.so+0xac2800]  VMThread::run()+0x70
V  [libjvm.so+0x91d9d8]  java_start(Thread*)+0x108

VM_Operation (0x00007f24776f4c40): ParallelGCFailedAllocation, mode: safepoint, requested by thread 0x00007f24a8297800


---------------  P R O C E S S  ---------------

Java Threads: ( => current thread )
  0x00007f24a8297800 JavaThread "pool-2-thread-4" [_thread_blocked, id=9271, stack(0x00007f24775f6000,0x00007f24776f7000)]
  0x00007f24a8295800 JavaThread "pool-2-thread-3" [_thread_blocked, id=9270, stack(0x00007f24776f7000,0x00007f24777f8000)]
  0x00007f24a8293800 JavaThread "pool-2-thread-2" [_thread_blocked, id=9269, stack(0x00007f24777f8000,0x00007f24778f9000)]
  0x00007f24a8292800 JavaThread "pool-3-thread-1" [_thread_blocked, id=9268, stack(0x00007f24778f9000,0x00007f24779fa000)]
  0x00007f24a8290000 JavaThread "pool-2-thread-1" [_thread_blocked, id=9267, stack(0x00007f24779fa000,0x00007f2477afb000)]
  0x00007f24a80be800 JavaThread "Service Thread" daemon [_thread_blocked, id=9265, stack(0x00007f2477bfc000,0x00007f2477cfd000)]
  0x00007f24a80bb800 JavaThread "C1 CompilerThread2" daemon [_thread_blocked, id=9264, stack(0x00007f2477cfd000,0x00007f2477dfe000)]
  0x00007f24a80ba000 JavaThread "C2 CompilerThread1" daemon [_thread_blocked, id=9263, stack(0x00007f2477dfe000,0x00007f2477eff000)]
  0x00007f24a80b7000 JavaThread "C2 CompilerThread0" daemon [_thread_blocked, id=9262, stack(0x00007f2477eff000,0x00007f2478000000)]
  0x00007f24a80b5800 JavaThread "Signal Dispatcher" daemon [_thread_blocked, id=9261, stack(0x00007f2488094000,0x00007f2488195000)]
  0x00007f24a8082800 JavaThread "Finalizer" daemon [_thread_blocked, id=9260, stack(0x00007f24882ee000,0x00007f24883ef000)]
  0x00007f24a807e000 JavaThread "Reference Handler" daemon [_thread_blocked, id=9259, stack(0x00007f24883ef000,0x00007f24884f0000)]
  0x00007f24a8008800 JavaThread "main" [_thread_blocked, id=9250, stack(0x00007f24ae55b000,0x00007f24ae65c000)]

Other Threads:
=>0x00007f24a8076800 VMThread [stack: 0x00007f24884f0000,0x00007f24885f1000] [id=9258]
  0x00007f24a80c1800 WatcherThread [stack: 0x00007f2477afb000,0x00007f2477bfc000] [id=9266]

VM state:at safepoint (normal execution)

VM Mutex/Monitor currently owned by a thread:  ([mutex/lock_event])
[0x00007f24a8005e80] ExpandHeap_lock - owner thread: 0x00007f24a8076800
[0x00007f24a8006500] Threads_lock - owner thread: 0x00007f24a8076800
[0x00007f24a8006a00] Heap_lock - owner thread: 0x00007f24a8297800

Heap:
 PSYoungGen      total 281600K, used 25883K [0x00000000eab00000, 0x0000000100000000, 0x0000000100000000)
  eden space 214016K, 0% used [0x00000000eab00000,0x00000000eab00000,0x00000000f7c00000)
  from space 67584K, 38% used [0x00000000f7c00000,0x00000000f9546ce8,0x00000000fbe00000)
  to   space 66048K, 0% used [0x00000000fbf80000,0x00000000fbf80000,0x0000000100000000)
 ParOldGen       total 230912K, used 230453K [0x00000000c0000000, 0x00000000ce180000, 0x00000000eab00000)
  object space 230912K, 99% used [0x00000000c0000000,0x00000000ce10d4d8,0x00000000ce180000)
 Metaspace       used 6581K, capacity 7320K, committed 7680K, reserved 1056768K
  class space    used 615K, capacity 656K, committed 768K, reserved 1048576K

Card table byte_map: [0x00007f2498612000,0x00007f2498813000] byte_map_base: 0x00007f2498012000

Marking Bits: (ParMarkBitMap*) 0x00007f24ada69100
 Begin Bits: [0x00007f248a000000, 0x00007f248b000000)
 End Bits:   [0x00007f248b000000, 0x00007f248c000000)

Polling page: 0x00007f24ae68d000

CodeCache: size=245760Kb used=10861Kb max_used=10861Kb free=234898Kb
 bounds [0x00007f2498bd3000, 0x00007f2499683000, 0x00007f24a7bd3000]
 total_blobs=2700 nmethods=2431 adapters=182
 compilation: enabled

Compilation events (10 events):
Event: 8.756 Thread 0x00007f24a80bb800 2646       3       com.android.dx.cf.code.ValueAwareMachine::run (1142 bytes)
Event: 8.759 Thread 0x00007f24a80bb800 nmethod 2646 0x00007f249966bfd0 code [0x00007f249966c560, 0x00007f2499670ef8]
Event: 8.770 Thread 0x00007f24a80bb800 2647       2       com.android.dx.rop.cst.CstLong::make (9 bytes)
Event: 8.770 Thread 0x00007f24a80bb800 nmethod 2647 0x00007f2499672ed0 code [0x00007f2499673020, 0x00007f24996731b0]
Event: 8.770 Thread 0x00007f24a80bb800 2648       2       com.android.dx.rop.cst.CstLong::<init> (6 bytes)
Event: 8.770 Thread 0x00007f24a80bb800 nmethod 2648 0x00007f2499673250 code [0x00007f24996733a0, 0x00007f24996734f0]
Event: 8.872 Thread 0x00007f24a80bb800 2651 %     3       com.android.dx.ssa.back.FirstFitLocalCombiningAllocator::findNextUnreservedRopReg @ 14 (68 bytes)
Event: 8.872 Thread 0x00007f24a80bb800 nmethod 2651% 0x00007f2499673590 code [0x00007f2499673740, 0x00007f2499673ce8]
Event: 8.885 Thread 0x00007f24a80bb800 2652       3       com.android.dx.ssa.back.FirstFitLocalCombiningAllocator::findNextUnreservedRopReg (68 bytes)
Event: 8.886 Thread 0x00007f24a80bb800 nmethod 2652 0x00007f2499673f90 code [0x00007f2499674140, 0x00007f2499674648]

GC Heap History (10 events):
Event: 5.983 GC heap after
Heap after GC invocations=13 (full 3):
 PSYoungGen      total 233984K, used 0K [0x00000000eab00000, 0x00000000fbd80000, 0x0000000100000000)
  eden space 205312K, 0% used [0x00000000eab00000,0x00000000eab00000,0x00000000f7380000)
  from space 28672K, 0% used [0x00000000f9400000,0x00000000f9400000,0x00000000fb000000)
  to   space 13824K, 0% used [0x00000000fb000000,0x00000000fb000000,0x00000000fbd80000)
 ParOldGen       total 212992K, used 134964K [0x00000000c0000000, 0x00000000cd000000, 0x00000000eab00000)
  object space 212992K, 63% used [0x00000000c0000000,0x00000000c83cd260,0x00000000cd000000)
 Metaspace       used 6545K, capacity 7320K, committed 7680K, reserved 1056768K
  class space    used 615K, capacity 656K, committed 768K, reserved 1048576K
}
Event: 6.543 GC heap before
{Heap before GC invocations=14 (full 3):
 PSYoungGen      total 233984K, used 205312K [0x00000000eab00000, 0x00000000fbd80000, 0x0000000100000000)
  eden space 205312K, 100% used [0x00000000eab00000,0x00000000f7380000,0x00000000f7380000)
  from space 28672K, 0% used [0x00000000f9400000,0x00000000f9400000,0x00000000fb000000)
  to   space 13824K, 0% used [0x00000000fb000000,0x00000000fb000000,0x00000000fbd80000)
 ParOldGen       total 212992K, used 134964K [0x00000000c0000000, 0x00000000cd000000, 0x00000000eab00000)
  object space 212992K, 63% used [0x00000000c0000000,0x00000000c83cd260,0x00000000cd000000)
 Metaspace       used 6554K, capacity 7320K, committed 7680K, reserved 1056768K
  class space    used 615K, capacity 656K, committed 768K, reserved 1048576K
Event: 6.612 GC heap after
Heap after GC invocations=14 (full 3):
 PSYoungGen      total 239616K, used 13802K [0x00000000eab00000, 0x00000000fe300000, 0x0000000100000000)
  eden space 225792K, 0% used [0x00000000eab00000,0x00000000eab00000,0x00000000f8780000)
  from space 13824K, 99% used [0x00000000fb000000,0x00000000fbd7abc0,0x00000000fbd80000)
  to   space 41472K, 0% used [0x00000000f8780000,0x00000000f8780000,0x00000000fb000000)
 ParOldGen       total 212992K, used 151405K [0x00000000c0000000, 0x00000000cd000000, 0x00000000eab00000)
  object space 212992K, 71% used [0x00000000c0000000,0x00000000c93db7f0,0x00000000cd000000)
 Metaspace       used 6554K, capacity 7320K, committed 7680K, reserved 1056768K
  class space    used 615K, capacity 656K, committed 768K, reserved 1048576K
}
Event: 7.249 GC heap before
{Heap before GC invocations=15 (full 3):
 PSYoungGen      total 239616K, used 239594K [0x00000000eab00000, 0x00000000fe300000, 0x0000000100000000)
  eden space 225792K, 100% used [0x00000000eab00000,0x00000000f8780000,0x00000000f8780000)
  from space 13824K, 99% used [0x00000000fb000000,0x00000000fbd7abc0,0x00000000fbd80000)
  to   space 41472K, 0% used [0x00000000f8780000,0x00000000f8780000,0x00000000fb000000)
 ParOldGen       total 212992K, used 151405K [0x00000000c0000000, 0x00000000cd000000, 0x00000000eab00000)
  object space 212992K, 71% used [0x00000000c0000000,0x00000000c93db7f0,0x00000000cd000000)
 Metaspace       used 6567K, capacity 7320K, committed 7680K, reserved 1056768K
  class space    used 615K, capacity 656K, committed 768K, reserved 1048576K
Event: 7.330 GC heap after
Heap after GC invocations=15 (full 3):
 PSYoungGen      total 267264K, used 41458K [0x00000000eab00000, 0x0000000100000000, 0x0000000100000000)
  eden space 225792K, 0% used [0x00000000eab00000,0x00000000eab00000,0x00000000f8780000)
  from space 41472K, 99% used [0x00000000f8780000,0x00000000faffc9d8,0x00000000fb000000)
  to   space 50688K, 0% used [0x00000000fce80000,0x00000000fce80000,0x0000000100000000)
 ParOldGen       total 212992K, used 157246K [0x00000000c0000000, 0x00000000cd000000, 0x00000000eab00000)
  object space 212992K, 73% used [0x00000000c0000000,0x00000000c998fa30,0x00000000cd000000)
 Metaspace       used 6567K, capacity 7320K, committed 7680K, reserved 1056768K
  class space    used 615K, capacity 656K, committed 768K, reserved 1048576K
}
Event: 7.993 GC heap before
{Heap before GC invocations=16 (full 3):
 PSYoungGen      total 267264K, used 267250K [0x00000000eab00000, 0x0000000100000000, 0x0000000100000000)
  eden space 225792K, 100% used [0x00000000eab00000,0x00000000f8780000,0x00000000f8780000)
  from space 41472K, 99% used [0x00000000f8780000,0x00000000faffc9d8,0x00000000fb000000)
  to   space 50688K, 0% used [0x00000000fce80000,0x00000000fce80000,0x0000000100000000)
 ParOldGen       total 212992K, used 157246K [0x00000000c0000000, 0x00000000cd000000, 0x00000000eab00000)
  object space 212992K, 73% used [0x00000000c0000000,0x00000000c998fa30,0x00000000cd000000)
 Metaspace       used 6579K, capacity 7320K, committed 7680K, reserved 1056768K
  class space    used 615K, capacity 656K, committed 768K, reserved 1048576K
Event: 8.318 GC heap after
Heap after GC invocations=16 (full 3):
 PSYoungGen      total 264704K, used 50678K [0x00000000eab00000, 0x0000000100000000, 0x0000000100000000)
  eden space 214016K, 0% used [0x00000000eab00000,0x00000000eab00000,0x00000000f7c00000)
  from space 50688K, 99% used [0x00000000fce80000,0x00000000ffffd860,0x0000000100000000)
  to   space 67584K, 0% used [0x00000000f7c00000,0x00000000f7c00000,0x00000000fbe00000)
 ParOldGen       total 212992K, used 179715K [0x00000000c0000000, 0x00000000cd000000, 0x00000000eab00000)
  object space 212992K, 84% used [0x00000000c0000000,0x00000000caf80ce8,0x00000000cd000000)
 Metaspace       used 6579K, capacity 7320K, committed 7680K, reserved 1056768K
  class space    used 615K, capacity 656K, committed 768K, reserved 1048576K
}
Event: 8.964 GC heap before
{Heap before GC invocations=17 (full 3):
 PSYoungGen      total 264704K, used 264694K [0x00000000eab00000, 0x0000000100000000, 0x0000000100000000)
  eden space 214016K, 100% used [0x00000000eab00000,0x00000000f7c00000,0x00000000f7c00000)
  from space 50688K, 99% used [0x00000000fce80000,0x00000000ffffd860,0x0000000100000000)
  to   space 67584K, 0% used [0x00000000f7c00000,0x00000000f7c00000,0x00000000fbe00000)
 ParOldGen       total 212992K, used 179715K [0x00000000c0000000, 0x00000000cd000000, 0x00000000eab00000)
  object space 212992K, 84% used [0x00000000c0000000,0x00000000caf80ce8,0x00000000cd000000)
 Metaspace       used 6581K, capacity 7320K, committed 7680K, reserved 1056768K
  class space    used 615K, capacity 656K, committed 768K, reserved 1048576K
Event: 9.147 GC heap after
Heap after GC invocations=17 (full 3):
 PSYoungGen      total 281600K, used 31762K [0x00000000eab00000, 0x0000000100000000, 0x0000000100000000)
  eden space 214016K, 0% used [0x00000000eab00000,0x00000000eab00000,0x00000000f7c00000)
  from space 67584K, 46% used [0x00000000f7c00000,0x00000000f9b048a8,0x00000000fbe00000)
  to   space 66048K, 0% used [0x00000000fbf80000,0x00000000fbf80000,0x0000000100000000)
 ParOldGen       total 230912K, used 230538K [0x00000000c0000000, 0x00000000ce180000, 0x00000000eab00000)
  object space 230912K, 99% used [0x00000000c0000000,0x00000000ce1228d8,0x00000000ce180000)
 Metaspace       used 6581K, capacity 7320K, committed 7680K, reserved 1056768K
  class space    used 615K, capacity 656K, committed 768K, reserved 1048576K
}
Event: 9.170 GC heap before
{Heap before GC invocations=18 (full 4):
 PSYoungGen      total 281600K, used 31762K [0x00000000eab00000, 0x0000000100000000, 0x0000000100000000)
  eden space 214016K, 0% used [0x00000000eab00000,0x00000000eab00000,0x00000000f7c00000)
  from space 67584K, 46% used [0x00000000f7c00000,0x00000000f9b048a8,0x00000000fbe00000)
  to   space 66048K, 0% used [0x00000000fbf80000,0x00000000fbf80000,0x0000000100000000)
 ParOldGen       total 230912K, used 230538K [0x00000000c0000000, 0x00000000ce180000, 0x00000000eab00000)
  object space 230912K, 99% used [0x00000000c0000000,0x00000000ce1228d8,0x00000000ce180000)
 Metaspace       used 6581K, capacity 7320K, committed 7680K, reserved 1056768K
  class space    used 615K, capacity 656K, committed 768K, reserved 1048576K

Deoptimization events (10 events):
Event: 6.858 Thread 0x00007f24a8295800 Uncommon trap: reason=class_check action=maybe_recompile pc=0x00007f24995977dc method=com.android.dx.rop.code.RegisterSpec.withSimpleType()Lcom/android/dx/rop/code/RegisterSpec; @ 21
Event: 6.859 Thread 0x00007f24a8295800 Uncommon trap: reason=class_check action=maybe_recompile pc=0x00007f24995977dc method=com.android.dx.rop.code.RegisterSpec.withSimpleType()Lcom/android/dx/rop/code/RegisterSpec; @ 21
Event: 7.076 Thread 0x00007f24a8008800 Uncommon trap: reason=class_check action=maybe_recompile pc=0x00007f24995977dc method=com.android.dx.rop.code.RegisterSpec.withSimpleType()Lcom/android/dx/rop/code/RegisterSpec; @ 21
Event: 7.076 Thread 0x00007f24a8008800 Uncommon trap: reason=class_check action=maybe_recompile pc=0x00007f24995977dc method=com.android.dx.rop.code.RegisterSpec.withSimpleType()Lcom/android/dx/rop/code/RegisterSpec; @ 21
Event: 7.575 Thread 0x00007f24a8008800 Uncommon trap: reason=bimorphic action=maybe_recompile pc=0x00007f24994fc028 method=com.android.dx.cf.code.BytecodeArray.parseInstruction(ILcom/android/dx/cf/code/BytecodeArray$Visitor;)I @ 2554
Event: 7.575 Thread 0x00007f24a8008800 Uncommon trap: reason=bimorphic action=maybe_recompile pc=0x00007f24994fc028 method=com.android.dx.cf.code.BytecodeArray.parseInstruction(ILcom/android/dx/cf/code/BytecodeArray$Visitor;)I @ 2554
Event: 7.664 Thread 0x00007f24a8293800 Uncommon trap: reason=unstable_if action=reinterpret pc=0x00007f24995bb308 method=com.android.dx.rop.code.BasicBlockList.preferredSuccessorOf(Lcom/android/dx/rop/code/BasicBlock;)Lcom/android/dx/rop/code/BasicBlock; @ 58
Event: 8.452 Thread 0x00007f24a8290000 Uncommon trap: reason=unstable_if action=reinterpret pc=0x00007f24995b3668 method=com.android.dx.cf.code.Merger.isPossiblyAssignableFrom(Lcom/android/dx/rop/type/TypeBearer;Lcom/android/dx/rop/type/TypeBearer;)Z @ 131
Event: 8.665 Thread 0x00007f24a8008800 Uncommon trap: reason=unstable_if action=reinterpret pc=0x00007f2498fef01c method=com.android.dx.ssa.SsaMethod.getExitBlock()Lcom/android/dx/ssa/SsaBasicBlock; @ 4
Event: 8.665 Thread 0x00007f24a8008800 Uncommon trap: reason=unstable_if action=reinterpret pc=0x00007f2498ea1c58 method=com.android.dx.ssa.SsaMethod.getExitBlock()Lcom/android/dx/ssa/SsaBasicBlock; @ 4

Internal exceptions (6 events):
Event: 0.020 Thread 0x00007f24a8008800 Exception <a 'java/lang/NoSuchMethodError': Method sun.misc.Unsafe.defineClass(Ljava/lang/String;[BII)Ljava/lang/Class; name or signature does not match> (0x00000000eab07cc0) thrown at [/HUDSON/workspace/8-2-build-linux-amd64/jdk8u72/5732/hotspot/src/shar
Event: 0.020 Thread 0x00007f24a8008800 Exception <a 'java/lang/NoSuchMethodError': Method sun.misc.Unsafe.prefetchRead(Ljava/lang/Object;J)V name or signature does not match> (0x00000000eab07fa8) thrown at [/HUDSON/workspace/8-2-build-linux-amd64/jdk8u72/5732/hotspot/src/share/vm/prims/jni.cpp
Event: 0.720 Thread 0x00007f24a8290000 Implicit null exception at 0x00007f2498e96f0c to 0x00007f2498e996d5
Event: 1.846 Thread 0x00007f24a8295800 Exception <a 'java/lang/ArrayIndexOutOfBoundsException': 18> (0x00000000ee42fb08) thrown at [/HUDSON/workspace/8-2-build-linux-amd64/jdk8u72/5732/hotspot/src/share/vm/interpreter/interpreterRuntime.cpp, line 366]
Event: 1.847 Thread 0x00007f24a8295800 Exception <a 'java/lang/ArrayIndexOutOfBoundsException': 145> (0x00000000ee431688) thrown at [/HUDSON/workspace/8-2-build-linux-amd64/jdk8u72/5732/hotspot/src/share/vm/interpreter/interpreterRuntime.cpp, line 366]
Event: 1.847 Thread 0x00007f24a8295800 Exception <a 'java/lang/ArrayIndexOutOfBoundsException': 40> (0x00000000ee432970) thrown at [/HUDSON/workspace/8-2-build-linux-amd64/jdk8u72/5732/hotspot/src/share/vm/interpreter/interpreterRuntime.cpp, line 366]

Events (10 events):
Event: 8.954 Thread 0x00007f24a8295800 DEOPT UNPACKING pc=0x00007f2498c1a633 sp=0x00007f24777f5c28 mode 0
Event: 8.955 Thread 0x00007f24a8295800 DEOPT PACKING pc=0x00007f2498f336b2 sp=0x00007f24777f5ea0
Event: 8.955 Thread 0x00007f24a8295800 DEOPT UNPACKING pc=0x00007f2498c1a633 sp=0x00007f24777f5c28 mode 0
Event: 8.956 Thread 0x00007f24a8295800 DEOPT PACKING pc=0x00007f2498f539ab sp=0x00007f24777f5ef0
Event: 8.956 Thread 0x00007f24a8295800 DEOPT UNPACKING pc=0x00007f2498c1a633 sp=0x00007f24777f5c30 mode 0
Event: 8.956 Thread 0x00007f24a8295800 DEOPT PACKING pc=0x00007f2498f336b2 sp=0x00007f24777f5ea0
Event: 8.956 Thread 0x00007f24a8295800 DEOPT UNPACKING pc=0x00007f2498c1a633 sp=0x00007f24777f5c28 mode 0
Event: 8.957 Thread 0x00007f24a8295800 DEOPT PACKING pc=0x00007f2498f336b2 sp=0x00007f24777f5ea0
Event: 8.957 Thread 0x00007f24a8295800 DEOPT UNPACKING pc=0x00007f2498c1a633 sp=0x00007f24777f5c28 mode 0
Event: 8.958 Executing VM operation: ParallelGCFailedAllocation


Dynamic libraries:
00400000-00401000 r-xp 00000000 08:06 399874                             /usr/lib/jvm/java-8-jdk/jre/bin/java
00600000-00601000 rw-p 00000000 08:06 399874                             /usr/lib/jvm/java-8-jdk/jre/bin/java
0079e000-007bf000 rw-p 00000000 00:00 0                                  [heap]
c0000000-ce180000 rw-p 00000000 00:00 0 
d5a00000-eab00000 ---p 00000000 00:00 0 
eab00000-100000000 rw-p 00000000 00:00 0 
100000000-1000c0000 rw-p 00000000 00:00 0 
1000c0000-140000000 ---p 00000000 00:00 0 
7f2444000000-7f2444057000 rw-p 00000000 00:00 0 
7f2444057000-7f2448000000 ---p 00000000 00:00 0 
7f244c000000-7f244c04d000 rw-p 00000000 00:00 0 
7f244c04d000-7f2450000000 ---p 00000000 00:00 0 
7f2450000000-7f2450021000 rw-p 00000000 00:00 0 
7f2450021000-7f2454000000 ---p 00000000 00:00 0 
7f2454000000-7f2454032000 rw-p 00000000 00:00 0 
7f2454032000-7f2458000000 ---p 00000000 00:00 0 
7f2458000000-7f2458021000 rw-p 00000000 00:00 0 
7f2458021000-7f245c000000 ---p 00000000 00:00 0 
7f245c000000-7f245c021000 rw-p 00000000 00:00 0 
7f245c021000-7f2460000000 ---p 00000000 00:00 0 
7f2460000000-7f2460021000 rw-p 00000000 00:00 0 
7f2460021000-7f2464000000 ---p 00000000 00:00 0 
7f2464000000-7f246515b000 rw-p 00000000 00:00 0 
7f246515b000-7f2468000000 ---p 00000000 00:00 0 
7f2468000000-7f2468bdb000 rw-p 00000000 00:00 0 
7f2468bdb000-7f246c000000 ---p 00000000 00:00 0 
7f246c000000-7f246cfaf000 rw-p 00000000 00:00 0 
7f246cfaf000-7f2470000000 ---p 00000000 00:00 0 
7f2470000000-7f2470021000 rw-p 00000000 00:00 0 
7f2470021000-7f2474000000 ---p 00000000 00:00 0 
7f24775f6000-7f24775f9000 ---p 00000000 00:00 0 
7f24775f9000-7f24776f7000 rw-p 00000000 00:00 0                          [stack:9271]
7f24776f7000-7f24776fa000 ---p 00000000 00:00 0 
7f24776fa000-7f24777f8000 rw-p 00000000 00:00 0                          [stack:9270]
7f24777f8000-7f24777fb000 ---p 00000000 00:00 0 
7f24777fb000-7f24778f9000 rw-p 00000000 00:00 0                          [stack:9269]
7f24778f9000-7f24778fc000 ---p 00000000 00:00 0 
7f24778fc000-7f24779fa000 rw-p 00000000 00:00 0                          [stack:9268]
7f24779fa000-7f24779fd000 ---p 00000000 00:00 0 
7f24779fd000-7f2477afb000 rw-p 00000000 00:00 0                          [stack:9267]
7f2477afb000-7f2477afc000 ---p 00000000 00:00 0 
7f2477afc000-7f2477bfc000 rw-p 00000000 00:00 0                          [stack:9266]
7f2477bfc000-7f2477bff000 ---p 00000000 00:00 0 
7f2477bff000-7f2477cfd000 rw-p 00000000 00:00 0                          [stack:9265]
7f2477cfd000-7f2477d00000 ---p 00000000 00:00 0 
7f2477d00000-7f2477dfe000 rw-p 00000000 00:00 0                          [stack:9264]
7f2477dfe000-7f2477e01000 ---p 00000000 00:00 0 
7f2477e01000-7f2477eff000 rw-p 00000000 00:00 0                          [stack:9263]
7f2477eff000-7f2477f02000 ---p 00000000 00:00 0 
7f2477f02000-7f2478000000 rw-p 00000000 00:00 0                          [stack:9262]
7f2478000000-7f2478021000 rw-p 00000000 00:00 0 
7f2478021000-7f247c000000 ---p 00000000 00:00 0 
7f247c000000-7f247c021000 rw-p 00000000 00:00 0 
7f247c021000-7f2480000000 ---p 00000000 00:00 0 
7f2480000000-7f24802b6000 rw-p 00000000 00:00 0 
7f24802b6000-7f2484000000 ---p 00000000 00:00 0 
7f2484000000-7f248409d000 rw-p 00000000 00:00 0 
7f248409d000-7f2488000000 ---p 00000000 00:00 0 
7f248802f000-7f2488056000 r--p 00000000 08:06 133211                     /usr/share/locale/ko/LC_MESSAGES/libc.mo
7f2488056000-7f2488094000 r--s 0034a000 08:06 13239731                   /home/youngbin/shipped-android/app/build/intermediates/transforms/jarMerging/debug/jars/1/1f/combined.jar
7f2488094000-7f2488097000 ---p 00000000 00:00 0 
7f2488097000-7f2488195000 rw-p 00000000 00:00 0                          [stack:9261]
7f2488195000-7f24882ee000 r--p 00000000 08:06 178958                     /usr/lib/locale/locale-archive
7f24882ee000-7f24882f1000 ---p 00000000 00:00 0 
7f24882f1000-7f24883ef000 rw-p 00000000 00:00 0                          [stack:9260]
7f24883ef000-7f24883f2000 ---p 00000000 00:00 0 
7f24883f2000-7f24884f0000 rw-p 00000000 00:00 0                          [stack:9259]
7f24884f0000-7f24884f1000 ---p 00000000 00:00 0 
7f24884f1000-7f24895b2000 rw-p 00000000 00:00 0                          [stack:9258]
7f24895b2000-7f248978a000 r--s 03d1d000 08:06 399677                     /usr/lib/jvm/java-8-jdk/jre/lib/rt.jar
7f248978a000-7f2489ec0000 rw-p 00000000 00:00 0 
7f2489ec0000-7f248a000000 ---p 00000000 00:00 0 
7f248a000000-7f248c000000 rw-p 00000000 00:00 0 
7f248c000000-7f248c021000 rw-p 00000000 00:00 0 
7f248c021000-7f2490000000 ---p 00000000 00:00 0 
7f2490000000-7f2490021000 rw-p 00000000 00:00 0 
7f2490021000-7f2494000000 ---p 00000000 00:00 0 
7f2494000000-7f2494021000 rw-p 00000000 00:00 0 
7f2494021000-7f2498000000 ---p 00000000 00:00 0 
7f249800e000-7f249820e000 rw-p 00000000 00:00 0 
7f249820e000-7f249820f000 ---p 00000000 00:00 0 
7f249820f000-7f249830f000 rw-p 00000000 00:00 0                          [stack:9257]
7f249830f000-7f2498310000 ---p 00000000 00:00 0 
7f2498310000-7f2498410000 rw-p 00000000 00:00 0                          [stack:9256]
7f2498410000-7f2498411000 ---p 00000000 00:00 0 
7f2498411000-7f2498511000 rw-p 00000000 00:00 0                          [stack:9255]
7f2498511000-7f2498512000 ---p 00000000 00:00 0 
7f2498512000-7f2498683000 rw-p 00000000 00:00 0                          [stack:9254]
7f2498683000-7f2498767000 ---p 00000000 00:00 0 
7f2498767000-7f2498812000 rw-p 00000000 00:00 0 
7f2498812000-7f249883e000 rw-p 00000000 00:00 0 
7f249883e000-7f2498bd3000 ---p 00000000 00:00 0 
7f2498bd3000-7f2499683000 rwxp 00000000 00:00 0 
7f2499683000-7f24a7bd3000 ---p 00000000 00:00 0 
7f24a7bd3000-7f24a7bed000 r-xp 00000000 08:06 399785                     /usr/lib/jvm/java-8-jdk/jre/lib/amd64/libzip.so
7f24a7bed000-7f24a7ded000 ---p 0001a000 08:06 399785                     /usr/lib/jvm/java-8-jdk/jre/lib/amd64/libzip.so
7f24a7ded000-7f24a7dee000 rw-p 0001a000 08:06 399785                     /usr/lib/jvm/java-8-jdk/jre/lib/amd64/libzip.so
7f24a7dee000-7f24a7df9000 r-xp 00000000 08:06 134352                     /usr/lib/libnss_files-2.23.so
7f24a7df9000-7f24a7ff8000 ---p 0000b000 08:06 134352                     /usr/lib/libnss_files-2.23.so
7f24a7ff8000-7f24a7ff9000 r--p 0000a000 08:06 134352                     /usr/lib/libnss_files-2.23.so
7f24a7ff9000-7f24a7ffa000 rw-p 0000b000 08:06 134352                     /usr/lib/libnss_files-2.23.so
7f24a7ffa000-7f24a8000000 rw-p 00000000 00:00 0 
7f24a8000000-7f24a83ad000 rw-p 00000000 00:00 0 
7f24a83ad000-7f24ac000000 ---p 00000000 00:00 0 
7f24ac016000-7f24ac087000 rw-p 00000000 00:00 0 
7f24ac087000-7f24ac16c000 ---p 00000000 00:00 0 
7f24ac16c000-7f24ac196000 r-xp 00000000 08:06 399805                     /usr/lib/jvm/java-8-jdk/jre/lib/amd64/libjava.so
7f24ac196000-7f24ac396000 ---p 0002a000 08:06 399805                     /usr/lib/jvm/java-8-jdk/jre/lib/amd64/libjava.so
7f24ac396000-7f24ac398000 rw-p 0002a000 08:06 399805                     /usr/lib/jvm/java-8-jdk/jre/lib/amd64/libjava.so
7f24ac398000-7f24ac3a5000 r-xp 00000000 08:06 399791                     /usr/lib/jvm/java-8-jdk/jre/lib/amd64/libverify.so
7f24ac3a5000-7f24ac5a5000 ---p 0000d000 08:06 399791                     /usr/lib/jvm/java-8-jdk/jre/lib/amd64/libverify.so
7f24ac5a5000-7f24ac5a7000 rw-p 0000d000 08:06 399791                     /usr/lib/jvm/java-8-jdk/jre/lib/amd64/libverify.so
7f24ac5a7000-7f24ac5ae000 r-xp 00000000 08:06 134360                     /usr/lib/librt-2.23.so
7f24ac5ae000-7f24ac7ad000 ---p 00007000 08:06 134360                     /usr/lib/librt-2.23.so
7f24ac7ad000-7f24ac7ae000 r--p 00006000 08:06 134360                     /usr/lib/librt-2.23.so
7f24ac7ae000-7f24ac7af000 rw-p 00007000 08:06 134360                     /usr/lib/librt-2.23.so
7f24ac7af000-7f24ac8b2000 r-xp 00000000 08:06 134357                     /usr/lib/libm-2.23.so
7f24ac8b2000-7f24acab2000 ---p 00103000 08:06 134357                     /usr/lib/libm-2.23.so
7f24acab2000-7f24acab3000 r--p 00103000 08:06 134357                     /usr/lib/libm-2.23.so
7f24acab3000-7f24acab4000 rw-p 00104000 08:06 134357                     /usr/lib/libm-2.23.so
7f24acab4000-7f24ad773000 r-xp 00000000 08:06 530091                     /usr/lib/jvm/java-8-jdk/jre/lib/amd64/server/libjvm.so
7f24ad773000-7f24ad972000 ---p 00cbf000 08:06 530091                     /usr/lib/jvm/java-8-jdk/jre/lib/amd64/server/libjvm.so
7f24ad972000-7f24ada4b000 rw-p 00cbe000 08:06 530091                     /usr/lib/jvm/java-8-jdk/jre/lib/amd64/server/libjvm.so
7f24ada4b000-7f24ada94000 rw-p 00000000 00:00 0 
7f24ada94000-7f24adc2c000 r-xp 00000000 08:06 134281                     /usr/lib/libc-2.23.so
7f24adc2c000-7f24ade2b000 ---p 00198000 08:06 134281                     /usr/lib/libc-2.23.so
7f24ade2b000-7f24ade2f000 r--p 00197000 08:06 134281                     /usr/lib/libc-2.23.so
7f24ade2f000-7f24ade31000 rw-p 0019b000 08:06 134281                     /usr/lib/libc-2.23.so
7f24ade31000-7f24ade35000 rw-p 00000000 00:00 0 
7f24ade35000-7f24ade37000 r-xp 00000000 08:06 134356                     /usr/lib/libdl-2.23.so
7f24ade37000-7f24ae037000 ---p 00002000 08:06 134356                     /usr/lib/libdl-2.23.so
7f24ae037000-7f24ae038000 r--p 00002000 08:06 134356                     /usr/lib/libdl-2.23.so
7f24ae038000-7f24ae039000 rw-p 00003000 08:06 134356                     /usr/lib/libdl-2.23.so
7f24ae039000-7f24ae04e000 r-xp 00000000 08:06 530090                     /usr/lib/jvm/java-8-jdk/jre/lib/amd64/jli/libjli.so
7f24ae04e000-7f24ae24e000 ---p 00015000 08:06 530090                     /usr/lib/jvm/java-8-jdk/jre/lib/amd64/jli/libjli.so
7f24ae24e000-7f24ae24f000 rw-p 00015000 08:06 530090                     /usr/lib/jvm/java-8-jdk/jre/lib/amd64/jli/libjli.so
7f24ae24f000-7f24ae267000 r-xp 00000000 08:06 134256                     /usr/lib/libpthread-2.23.so
7f24ae267000-7f24ae466000 ---p 00018000 08:06 134256                     /usr/lib/libpthread-2.23.so
7f24ae466000-7f24ae467000 r--p 00017000 08:06 134256                     /usr/lib/libpthread-2.23.so
7f24ae467000-7f24ae468000 rw-p 00018000 08:06 134256                     /usr/lib/libpthread-2.23.so
7f24ae468000-7f24ae46c000 rw-p 00000000 00:00 0 
7f24ae46c000-7f24ae48f000 r-xp 00000000 08:06 134280                     /usr/lib/ld-2.23.so
7f24ae496000-7f24ae55b000 rw-p 00000000 00:00 0 
7f24ae55b000-7f24ae55e000 ---p 00000000 00:00 0 
7f24ae55e000-7f24ae660000 rw-p 00000000 00:00 0                          [stack:9250]
7f24ae661000-7f24ae670000 r--s 000df000 08:06 13763614                   /home/youngbin/Android/Sdk/build-tools/23.0.2/lib/dx.jar
7f24ae670000-7f24ae684000 rw-p 00000000 00:00 0 
7f24ae684000-7f24ae68c000 rw-s 00000000 00:21 855649                     /tmp/hsperfdata_youngbin/9248
7f24ae68c000-7f24ae68d000 rw-p 00000000 00:00 0 
7f24ae68d000-7f24ae68e000 ---p 00000000 00:00 0 
7f24ae68e000-7f24ae68f000 rw-p 00000000 00:00 0 
7f24ae68f000-7f24ae690000 r--p 00023000 08:06 134280                     /usr/lib/ld-2.23.so
7f24ae690000-7f24ae691000 rw-p 00024000 08:06 134280                     /usr/lib/ld-2.23.so
7f24ae691000-7f24ae692000 rw-p 00000000 00:00 0 
7fff1b135000-7fff1b156000 rw-p 00000000 00:00 0                          [stack]
7fff1b1c1000-7fff1b1c3000 r--p 00000000 00:00 0                          [vvar]
7fff1b1c3000-7fff1b1c5000 r-xp 00000000 00:00 0                          [vdso]
ffffffffff600000-ffffffffff601000 r-xp 00000000 00:00 0                  [vsyscall]

VM Arguments:
jvm_args: -Djava.awt.headless=true -Xmx1024M -Dfile.encoding=UTF-8 -Duser.country=KR -Duser.language=ko -Duser.variant 
java_command: com.android.dx.command.Main --dex --num-threads=4 --multi-dex --main-dex-list /home/youngbin/shipped-android/app/build/intermediates/multi-dex/debug/maindexlist.txt --output /home/youngbin/shipped-android/app/build/intermediates/transforms/dex/debug/folders/1000/1f/main /home/youngbin/shipped-android/app/build/intermediates/transforms/jarMerging/debug/jars/1/1f/combined.jar
java_class_path (initial): /home/youngbin/Android/Sdk/build-tools/23.0.2/lib/dx.jar
Launcher Type: SUN_STANDARD

Environment Variables:
PATH=/usr/local/sbin:/usr/local/bin:/usr/bin:/usr/lib/jvm/default/bin:/usr/bin/site_perl:/usr/bin/vendor_perl:/usr/bin/core_perl
USERNAME=youngbin
LD_LIBRARY_PATH=/home/youngbin/android-studio/bin:
SHELL=/usr/bin/fish
DISPLAY=:1

Signal Handlers:
SIGSEGV: [libjvm.so+0xabb070], sa_mask[0]=11111111011111111101111111111110, sa_flags=SA_RESTART|SA_SIGINFO
SIGBUS: [libjvm.so+0xabb070], sa_mask[0]=11111111011111111101111111111110, sa_flags=SA_RESTART|SA_SIGINFO
SIGFPE: [libjvm.so+0x918480], sa_mask[0]=11111111011111111101111111111110, sa_flags=SA_RESTART|SA_SIGINFO
SIGPIPE: [libjvm.so+0x918480], sa_mask[0]=11111111011111111101111111111110, sa_flags=SA_RESTART|SA_SIGINFO
SIGXFSZ: [libjvm.so+0x918480], sa_mask[0]=11111111011111111101111111111110, sa_flags=SA_RESTART|SA_SIGINFO
SIGILL: [libjvm.so+0x918480], sa_mask[0]=11111111011111111101111111111110, sa_flags=SA_RESTART|SA_SIGINFO
SIGUSR1: SIG_DFL, sa_mask[0]=00000000000000000000000000000000, sa_flags=none
SIGUSR2: [libjvm.so+0x919ab0], sa_mask[0]=00100000000000000000000000000000, sa_flags=SA_RESTART|SA_SIGINFO
SIGHUP: [libjvm.so+0x91aeb0], sa_mask[0]=11111111011111111101111111111110, sa_flags=SA_RESTART|SA_SIGINFO
SIGINT: [libjvm.so+0x91aeb0], sa_mask[0]=11111111011111111101111111111110, sa_flags=SA_RESTART|SA_SIGINFO
SIGTERM: [libjvm.so+0x91aeb0], sa_mask[0]=11111111011111111101111111111110, sa_flags=SA_RESTART|SA_SIGINFO
SIGQUIT: [libjvm.so+0x91aeb0], sa_mask[0]=11111111011111111101111111111110, sa_flags=SA_RESTART|SA_SIGINFO


---------------  S Y S T E M  ---------------

OS:NAME="Antergos Linux"
VERSION="2015.12-ISO-Rolling"
ID="antergos"
ID_LIKE="arch"
PRETTY_NAME="Antergos Linux"
CPE_NAME="cpe:/o:antergosproject:antergos:2015.12"
ANSI_COLOR="1;34;40"
HOME_URL="https://antergos.com/"
SUPPORT_URL="https://forum.antergos.com/"
BUG_REPORT_URL="https://github.com/antergos"


uname:Linux 4.4.1-2-ARCH #1 SMP PREEMPT Wed Feb 3 13:12:33 UTC 2016 x86_64
libc:glibc 2.23 NPTL 2.23 
rlimit: STACK 8192k, CORE infinity, NPROC 14900, NOFILE 4096, AS infinity
load average:3.55 1.36 0.98

/proc/meminfo:
MemTotal:        4007080 kB
MemFree:           26276 kB
MemAvailable:      37616 kB
Buffers:             308 kB
Cached:            40744 kB
SwapCached:            0 kB
Active:          3723432 kB
Inactive:          35120 kB
Active(anon):    3719956 kB
Inactive(anon):    31556 kB
Active(file):       3476 kB
Inactive(file):     3564 kB
Unevictable:          80 kB
Mlocked:        34359738448 kB
SwapTotal:             0 kB
SwapFree:              0 kB
Dirty:               112 kB
Writeback:             0 kB
AnonPages:       3718104 kB
Mapped:            36392 kB
Shmem:             33488 kB
Slab:              64556 kB
SReclaimable:      27540 kB
SUnreclaim:        37016 kB
KernelStack:       10640 kB
PageTables:        47736 kB
NFS_Unstable:          0 kB
Bounce:                0 kB
WritebackTmp:          0 kB
CommitLimit:     2003540 kB
Committed_AS:    8120800 kB
VmallocTotal:   34359738367 kB
VmallocUsed:           0 kB
VmallocChunk:          0 kB
HardwareCorrupted:     0 kB
AnonHugePages:   1757184 kB
HugePages_Total:       0
HugePages_Free:        0
HugePages_Rsvd:        0
HugePages_Surp:        0
Hugepagesize:       2048 kB
DirectMap4k:      149904 kB
DirectMap2M:     3999744 kB


CPU:total 4 (2 cores per cpu, 2 threads per core) family 6 model 42 stepping 7, cmov, cx8, fxsr, mmx, sse, sse2, sse3, ssse3, sse4.1, sse4.2, popcnt, avx, clmul, ht, tsc, tscinvbit

/proc/cpuinfo:
processor	: 0
vendor_id	: GenuineIntel
cpu family	: 6
model		: 42
model name	: Intel(R) Core(TM) i3-2120 CPU @ 3.30GHz
stepping	: 7
microcode	: 0x26
cpu MHz		: 2018.671
cache size	: 3072 KB
physical id	: 0
siblings	: 4
core id		: 0
cpu cores	: 2
apicid		: 0
initial apicid	: 0
fpu		: yes
fpu_exception	: yes
cpuid level	: 13
wp		: yes
flags		: fpu vme de pse tsc msr pae mce cx8 apic sep mtrr pge mca cmov pat pse36 clflush dts acpi mmx fxsr sse sse2 ss ht tm pbe syscall nx rdtscp lm constant_tsc arch_perfmon pebs bts rep_good nopl xtopology nonstop_tsc aperfmperf eagerfpu pni pclmulqdq dtes64 monitor ds_cpl vmx est tm2 ssse3 cx16 xtpr pdcm pcid sse4_1 sse4_2 popcnt tsc_deadline_timer xsave avx lahf_lm arat epb pln pts dtherm tpr_shadow vnmi flexpriority ept vpid xsaveopt
bugs		:
bogomips	: 6602.93
clflush size	: 64
cache_alignment	: 64
address sizes	: 36 bits physical, 48 bits virtual
power management:

processor	: 1
vendor_id	: GenuineIntel
cpu family	: 6
model		: 42
model name	: Intel(R) Core(TM) i3-2120 CPU @ 3.30GHz
stepping	: 7
microcode	: 0x26
cpu MHz		: 2016.996
cache size	: 3072 KB
physical id	: 0
siblings	: 4
core id		: 1
cpu cores	: 2
apicid		: 2
initial apicid	: 2
fpu		: yes
fpu_exception	: yes
cpuid level	: 13
wp		: yes
flags		: fpu vme de pse tsc msr pae mce cx8 apic sep mtrr pge mca cmov pat pse36 clflush dts acpi mmx fxsr sse sse2 ss ht tm pbe syscall nx rdtscp lm constant_tsc arch_perfmon pebs bts rep_good nopl xtopology nonstop_tsc aperfmperf eagerfpu pni pclmulqdq dtes64 monitor ds_cpl vmx est tm2 ssse3 cx16 xtpr pdcm pcid sse4_1 sse4_2 popcnt tsc_deadline_timer xsave avx lahf_lm arat epb pln pts dtherm tpr_shadow vnmi flexpriority ept vpid xsaveopt
bugs		:
bogomips	: 6602.93
clflush size	: 64
cache_alignment	: 64
address sizes	: 36 bits physical, 48 bits virtual
power management:

processor	: 2
vendor_id	: GenuineIntel
cpu family	: 6
model		: 42
model name	: Intel(R) Core(TM) i3-2120 CPU @ 3.30GHz
stepping	: 7
microcode	: 0x26
cpu MHz		: 2282.156
cache size	: 3072 KB
physical id	: 0
siblings	: 4
core id		: 0
cpu cores	: 2
apicid		: 1
initial apicid	: 1
fpu		: yes
fpu_exception	: yes
cpuid level	: 13
wp		: yes
flags		: fpu vme de pse tsc msr pae mce cx8 apic sep mtrr pge mca cmov pat pse36 clflush dts acpi mmx fxsr sse sse2 ss ht tm pbe syscall nx rdtscp lm constant_tsc arch_perfmon pebs bts rep_good nopl xtopology nonstop_tsc aperfmperf eagerfpu pni pclmulqdq dtes64 monitor ds_cpl vmx est tm2 ssse3 cx16 xtpr pdcm pcid sse4_1 sse4_2 popcnt tsc_deadline_timer xsave avx lahf_lm arat epb pln pts dtherm tpr_shadow vnmi flexpriority ept vpid xsaveopt
bugs		:
bogomips	: 6602.93
clflush size	: 64
cache_alignment	: 64
address sizes	: 36 bits physical, 48 bits virtual
power management:

processor	: 3
vendor_id	: GenuineIntel
cpu family	: 6
model		: 42
model name	: Intel(R) Core(TM) i3-2120 CPU @ 3.30GHz
stepping	: 7
microcode	: 0x26
cpu MHz		: 2192.824
cache size	: 3072 KB
physical id	: 0
siblings	: 4
core id		: 1
cpu cores	: 2
apicid		: 3
initial apicid	: 3
fpu		: yes
fpu_exception	: yes
cpuid level	: 13
wp		: yes
flags		: fpu vme de pse tsc msr pae mce cx8 apic sep mtrr pge mca cmov pat pse36 clflush dts acpi mmx fxsr sse sse2 ss ht tm pbe syscall nx rdtscp lm constant_tsc arch_perfmon pebs bts rep_good nopl xtopology nonstop_tsc aperfmperf eagerfpu pni pclmulqdq dtes64 monitor ds_cpl vmx est tm2 ssse3 cx16 xtpr pdcm pcid sse4_1 sse4_2 popcnt tsc_deadline_timer xsave avx lahf_lm arat epb pln pts dtherm tpr_shadow vnmi flexpriority ept vpid xsaveopt
bugs		:
bogomips	: 6602.93
clflush size	: 64
cache_alignment	: 64
address sizes	: 36 bits physical, 48 bits virtual
power management:



Memory: 4k page, physical 4007080k(26268k free), swap 0k(0k free)

vm_info: Java HotSpot(TM) 64-Bit Server VM (25.72-b15) for linux-amd64 JRE (1.8.0_72-b15), built on Dec 22 2015 22:00:07 by "java_re" with gcc 4.3.0 20080428 (Red Hat 4.3.0-8)

time: Tue Feb 23 17:18:52 2016
elapsed time: 22 seconds (0d 0h 0m 22s)

