#
# There is insufficient memory for the Java Runtime Environment to continue.
# Native memory allocation (mmap) failed to map 146800640 bytes for committing reserved memory.
# Possible reasons:
#   The system is out of physical RAM or swap space
#   In 32 bit mode, the process size limit was hit
# Possible solutions:
#   Reduce memory load on the system
#   Increase physical memory or swap space
#   Check if swap backing store is full
#   Use 64 bit Java on a 64 bit OS
#   Decrease Java heap size (-Xmx/-Xms)
#   Decrease number of Java threads
#   Decrease Java thread stack sizes (-Xss)
#   Set larger code cache with -XX:ReservedCodeCacheSize=
# This output file may be truncated or incomplete.
#
#  Out of Memory Error (os_linux.cpp:2627), pid=5375, tid=140243974964992
#
# JRE version: Java(TM) SE Runtime Environment (8.0_72-b15) (build 1.8.0_72-b15)
# Java VM: Java HotSpot(TM) 64-Bit Server VM (25.72-b15 mixed mode linux-amd64 compressed oops)
# Core dump written. Default location: /home/youngbin/shipped-android/app/core or core.5375
#

---------------  T H R E A D  ---------------

Current thread (0x00007f8d28076800):  VMThread [stack: 0x00007f8d183f4000,0x00007f8d184f5000] [id=5385]

Stack: [0x00007f8d183f4000,0x00007f8d184f5000],  sp=0x00007f8d184f31a0,  free space=1020k
Native frames: (J=compiled Java code, j=interpreted, Vv=VM code, C=native code)
V  [libjvm.so+0xaba7ea]  VMError::report_and_die()+0x2ba
V  [libjvm.so+0x4f9e3b]  report_vm_out_of_memory(char const*, int, unsigned long, VMErrorType, char const*)+0x8b
V  [libjvm.so+0x91b613]  os::Linux::commit_memory_impl(char*, unsigned long, bool)+0x103
V  [libjvm.so+0x91bb69]  os::pd_commit_memory(char*, unsigned long, unsigned long, bool)+0x29
V  [libjvm.so+0x915e6a]  os::commit_memory(char*, unsigned long, unsigned long, bool)+0x2a
V  [libjvm.so+0x989543]  PSVirtualSpace::expand_by(unsigned long)+0x53
V  [libjvm.so+0x98a948]  PSYoungGen::resize_generation(unsigned long, unsigned long)+0xf8
V  [libjvm.so+0x989aa2]  PSYoungGen::resize(unsigned long, unsigned long)+0x22
V  [libjvm.so+0x986d7b]  PSScavenge::invoke_no_policy()+0xf3b
V  [libjvm.so+0x987501]  PSScavenge::invoke()+0x41
V  [libjvm.so+0x93f300]  ParallelScavengeHeap::failed_mem_allocate(unsigned long)+0x70
V  [libjvm.so+0xabc207]  VM_ParallelGCFailedAllocation::doit()+0x97
V  [libjvm.so+0xac3c35]  VM_Operation::evaluate()+0x55
V  [libjvm.so+0xac200a]  VMThread::evaluate_operation(VM_Operation*)+0xba
V  [libjvm.so+0xac238e]  VMThread::loop()+0x1ce
V  [libjvm.so+0xac2800]  VMThread::run()+0x70
V  [libjvm.so+0x91d9d8]  java_start(Thread*)+0x108

VM_Operation (0x00007f8d119f7d70): ParallelGCFailedAllocation, mode: safepoint, requested by thread 0x00007f8d28201000


---------------  P R O C E S S  ---------------

Java Threads: ( => current thread )
  0x00007f8d2820f800 JavaThread "pool-2-thread-4" [_thread_blocked, id=5398, stack(0x00007f8d114f5000,0x00007f8d115f6000)]
  0x00007f8d2820e000 JavaThread "pool-2-thread-3" [_thread_blocked, id=5397, stack(0x00007f8d115f6000,0x00007f8d116f7000)]
  0x00007f8d2820c000 JavaThread "pool-2-thread-2" [_thread_blocked, id=5396, stack(0x00007f8d116f7000,0x00007f8d117f8000)]
  0x00007f8d2820b000 JavaThread "pool-3-thread-1" [_thread_blocked, id=5395, stack(0x00007f8d117f8000,0x00007f8d118f9000)]
  0x00007f8d28201000 JavaThread "pool-2-thread-1" [_thread_blocked, id=5394, stack(0x00007f8d118f9000,0x00007f8d119fa000)]
  0x00007f8d280c7000 JavaThread "Service Thread" daemon [_thread_blocked, id=5392, stack(0x00007f8d11afb000,0x00007f8d11bfc000)]
  0x00007f8d280bb800 JavaThread "C1 CompilerThread2" daemon [_thread_blocked, id=5391, stack(0x00007f8d11bfc000,0x00007f8d11cfd000)]
  0x00007f8d280ba000 JavaThread "C2 CompilerThread1" daemon [_thread_blocked, id=5390, stack(0x00007f8d11cfd000,0x00007f8d11dfe000)]
  0x00007f8d280b7000 JavaThread "C2 CompilerThread0" daemon [_thread_blocked, id=5389, stack(0x00007f8d11dfe000,0x00007f8d11eff000)]
  0x00007f8d280b5800 JavaThread "Signal Dispatcher" daemon [_thread_blocked, id=5388, stack(0x00007f8d11eff000,0x00007f8d12000000)]
  0x00007f8d28082800 JavaThread "Finalizer" daemon [_thread_blocked, id=5387, stack(0x00007f8d181f2000,0x00007f8d182f3000)]
  0x00007f8d2807e000 JavaThread "Reference Handler" daemon [_thread_blocked, id=5386, stack(0x00007f8d182f3000,0x00007f8d183f4000)]
  0x00007f8d28008800 JavaThread "main" [_thread_blocked, id=5380, stack(0x00007f8d30476000,0x00007f8d30577000)]

Other Threads:
=>0x00007f8d28076800 VMThread [stack: 0x00007f8d183f4000,0x00007f8d184f5000] [id=5385]
  0x00007f8d280c9800 WatcherThread [stack: 0x00007f8d119fa000,0x00007f8d11afb000] [id=5393]

VM state:at safepoint (normal execution)

VM Mutex/Monitor currently owned by a thread:  ([mutex/lock_event])
[0x00007f8d28006500] Threads_lock - owner thread: 0x00007f8d28076800
[0x00007f8d28006a00] Heap_lock - owner thread: 0x00007f8d28201000

Heap:
 PSYoungGen      total 140800K, used 15854K [0x00000000eab00000, 0x00000000f4600000, 0x0000000100000000)
  eden space 124928K, 0% used [0x00000000eab00000,0x00000000eab00000,0x00000000f2500000)
  from space 15872K, 99% used [0x00000000f2500000,0x00000000f347b938,0x00000000f3480000)
  to   space 13824K, 0% used [0x00000000f3480000,0x00000000f3480000,0x00000000f4200000)
 ParOldGen       total 42496K, used 31684K [0x00000000c0000000, 0x00000000c2980000, 0x00000000eab00000)
  object space 42496K, 74% used [0x00000000c0000000,0x00000000c1ef1328,0x00000000c2980000)
 Metaspace       used 6266K, capacity 7128K, committed 7424K, reserved 1056768K
  class space    used 614K, capacity 656K, committed 768K, reserved 1048576K

Card table byte_map: [0x00007f8d2d699000,0x00007f8d2d89a000] byte_map_base: 0x00007f8d2d099000

Marking Bits: (ParMarkBitMap*) 0x00007f8d2f984100
 Begin Bits: [0x00007f8d12000000, 0x00007f8d13000000)
 End Bits:   [0x00007f8d13000000, 0x00007f8d14000000)

Polling page: 0x00007f8d305a8000

CodeCache: size=245760Kb used=6693Kb max_used=6693Kb free=239066Kb
 bounds [0x00007f8d19000000, 0x00007f8d19690000, 0x00007f8d28000000]
 total_blobs=1922 nmethods=1652 adapters=182
 compilation: enabled

Compilation events (10 events):
Event: 2.369 Thread 0x00007f8d280bb800 nmethod 1885 0x00007f8d19681e10 code [0x00007f8d19681f60, 0x00007f8d19682070]
Event: 2.369 Thread 0x00007f8d280bb800 1848       2       com.android.dx.rop.cst.StdConstantPool::get0Ok (12 bytes)
Event: 2.371 Thread 0x00007f8d280bb800 nmethod 1848 0x00007f8d196820d0 code [0x00007f8d196822e0, 0x00007f8d19682a58]
Event: 2.371 Thread 0x00007f8d280bb800 1888 %     3       com.android.dx.ssa.SsaMethod::removeFromUseList @ 13 (57 bytes)
Event: 2.372 Thread 0x00007f8d280bb800 nmethod 1888% 0x00007f8d19683390 code [0x00007f8d19683560, 0x00007f8d19683da8]
Event: 2.372 Thread 0x00007f8d280bb800 1801       2       com.android.dx.rop.code.Rops::opPutField (97 bytes)
Event: 2.373 Thread 0x00007f8d280bb800 nmethod 1801 0x00007f8d19684190 code [0x00007f8d19684380, 0x00007f8d196848f8]
Event: 2.373 Thread 0x00007f8d280bb800 1825       2       com.android.dx.rop.code.Insn::contentEquals (84 bytes)
Event: 2.373 Thread 0x00007f8d280bb800 nmethod 1825 0x00007f8d19684c10 code [0x00007f8d19684dc0, 0x00007f8d19685118]
Event: 2.373 Thread 0x00007f8d280bb800 1755       2       com.android.dx.dex.file.DexFile::internIfAppropriate (128 bytes)

GC Heap History (10 events):
Event: 0.253 GC heap after
Heap after GC invocations=2 (full 0):
 PSYoungGen      total 34304K, used 1088K [0x00000000eab00000, 0x00000000ecf00000, 0x0000000100000000)
  eden space 31744K, 0% used [0x00000000eab00000,0x00000000eab00000,0x00000000eca00000)
  from space 2560K, 42% used [0x00000000ecc80000,0x00000000ecd90000,0x00000000ecf00000)
  to   space 2560K, 0% used [0x00000000eca00000,0x00000000eca00000,0x00000000ecc80000)
 ParOldGen       total 42496K, used 16K [0x00000000c0000000, 0x00000000c2980000, 0x00000000eab00000)
  object space 42496K, 0% used [0x00000000c0000000,0x00000000c0004000,0x00000000c2980000)
 Metaspace       used 3350K, capacity 4720K, committed 4864K, reserved 1056768K
  class space    used 359K, capacity 424K, committed 512K, reserved 1048576K
}
Event: 0.695 GC heap before
{Heap before GC invocations=3 (full 0):
 PSYoungGen      total 34304K, used 32832K [0x00000000eab00000, 0x00000000ecf00000, 0x0000000100000000)
  eden space 31744K, 100% used [0x00000000eab00000,0x00000000eca00000,0x00000000eca00000)
  from space 2560K, 42% used [0x00000000ecc80000,0x00000000ecd90000,0x00000000ecf00000)
  to   space 2560K, 0% used [0x00000000eca00000,0x00000000eca00000,0x00000000ecc80000)
 ParOldGen       total 42496K, used 16K [0x00000000c0000000, 0x00000000c2980000, 0x00000000eab00000)
  object space 42496K, 0% used [0x00000000c0000000,0x00000000c0004000,0x00000000c2980000)
 Metaspace       used 5823K, capacity 6768K, committed 7040K, reserved 1056768K
  class space    used 591K, capacity 616K, committed 640K, reserved 1048576K
Event: 0.705 GC heap after
Heap after GC invocations=3 (full 0):
 PSYoungGen      total 34304K, used 2557K [0x00000000eab00000, 0x00000000eee00000, 0x0000000100000000)
  eden space 31744K, 0% used [0x00000000eab00000,0x00000000eab00000,0x00000000eca00000)
  from space 2560K, 99% used [0x00000000eca00000,0x00000000ecc7f528,0x00000000ecc80000)
  to   space 2560K, 0% used [0x00000000eeb80000,0x00000000eeb80000,0x00000000eee00000)
 ParOldGen       total 42496K, used 3782K [0x00000000c0000000, 0x00000000c2980000, 0x00000000eab00000)
  object space 42496K, 8% used [0x00000000c0000000,0x00000000c03b1a18,0x00000000c2980000)
 Metaspace       used 5823K, capacity 6768K, committed 7040K, reserved 1056768K
  class space    used 591K, capacity 616K, committed 640K, reserved 1048576K
}
Event: 1.025 GC heap before
{Heap before GC invocations=4 (full 0):
 PSYoungGen      total 34304K, used 34301K [0x00000000eab00000, 0x00000000eee00000, 0x0000000100000000)
  eden space 31744K, 100% used [0x00000000eab00000,0x00000000eca00000,0x00000000eca00000)
  from space 2560K, 99% used [0x00000000eca00000,0x00000000ecc7f528,0x00000000ecc80000)
  to   space 2560K, 0% used [0x00000000eeb80000,0x00000000eeb80000,0x00000000eee00000)
 ParOldGen       total 42496K, used 3782K [0x00000000c0000000, 0x00000000c2980000, 0x00000000eab00000)
  object space 42496K, 8% used [0x00000000c0000000,0x00000000c03b1a18,0x00000000c2980000)
 Metaspace       used 5901K, capacity 6832K, committed 7040K, reserved 1056768K
  class space    used 593K, capacity 616K, committed 640K, reserved 1048576K
Event: 1.040 GC heap after
Heap after GC invocations=4 (full 0):
 PSYoungGen      total 66048K, used 2534K [0x00000000eab00000, 0x00000000eee00000, 0x0000000100000000)
  eden space 63488K, 0% used [0x00000000eab00000,0x00000000eab00000,0x00000000ee900000)
  from space 2560K, 99% used [0x00000000eeb80000,0x00000000eedf9a30,0x00000000eee00000)
  to   space 2560K, 0% used [0x00000000ee900000,0x00000000ee900000,0x00000000eeb80000)
 ParOldGen       total 42496K, used 8403K [0x00000000c0000000, 0x00000000c2980000, 0x00000000eab00000)
  object space 42496K, 19% used [0x00000000c0000000,0x00000000c0834f10,0x00000000c2980000)
 Metaspace       used 5901K, capacity 6832K, committed 7040K, reserved 1056768K
  class space    used 593K, capacity 616K, committed 640K, reserved 1048576K
}
Event: 1.394 GC heap before
{Heap before GC invocations=5 (full 0):
 PSYoungGen      total 66048K, used 66022K [0x00000000eab00000, 0x00000000eee00000, 0x0000000100000000)
  eden space 63488K, 100% used [0x00000000eab00000,0x00000000ee900000,0x00000000ee900000)
  from space 2560K, 99% used [0x00000000eeb80000,0x00000000eedf9a30,0x00000000eee00000)
  to   space 2560K, 0% used [0x00000000ee900000,0x00000000ee900000,0x00000000eeb80000)
 ParOldGen       total 42496K, used 8403K [0x00000000c0000000, 0x00000000c2980000, 0x00000000eab00000)
  object space 42496K, 19% used [0x00000000c0000000,0x00000000c0834f10,0x00000000c2980000)
 Metaspace       used 5938K, capacity 6896K, committed 7040K, reserved 1056768K
  class space    used 593K, capacity 616K, committed 640K, reserved 1048576K
Event: 1.424 GC heap after
Heap after GC invocations=5 (full 0):
 PSYoungGen      total 66048K, used 2556K [0x00000000eab00000, 0x00000000f4200000, 0x0000000100000000)
  eden space 63488K, 0% used [0x00000000eab00000,0x00000000eab00000,0x00000000ee900000)
  from space 2560K, 99% used [0x00000000ee900000,0x00000000eeb7f2e8,0x00000000eeb80000)
  to   space 13824K, 0% used [0x00000000f3480000,0x00000000f3480000,0x00000000f4200000)
 ParOldGen       total 42496K, used 17967K [0x00000000c0000000, 0x00000000c2980000, 0x00000000eab00000)
  object space 42496K, 42% used [0x00000000c0000000,0x00000000c118be80,0x00000000c2980000)
 Metaspace       used 5938K, capacity 6896K, committed 7040K, reserved 1056768K
  class space    used 593K, capacity 616K, committed 640K, reserved 1048576K
}
Event: 1.726 GC heap before
{Heap before GC invocations=6 (full 0):
 PSYoungGen      total 66048K, used 66044K [0x00000000eab00000, 0x00000000f4200000, 0x0000000100000000)
  eden space 63488K, 100% used [0x00000000eab00000,0x00000000ee900000,0x00000000ee900000)
  from space 2560K, 99% used [0x00000000ee900000,0x00000000eeb7f2e8,0x00000000eeb80000)
  to   space 13824K, 0% used [0x00000000f3480000,0x00000000f3480000,0x00000000f4200000)
 ParOldGen       total 42496K, used 17967K [0x00000000c0000000, 0x00000000c2980000, 0x00000000eab00000)
  object space 42496K, 42% used [0x00000000c0000000,0x00000000c118be80,0x00000000c2980000)
 Metaspace       used 6009K, capacity 6960K, committed 7040K, reserved 1056768K
  class space    used 594K, capacity 616K, committed 640K, reserved 1048576K
Event: 1.752 GC heap after
Heap after GC invocations=6 (full 0):
 PSYoungGen      total 138752K, used 11653K [0x00000000eab00000, 0x00000000f4600000, 0x0000000100000000)
  eden space 124928K, 0% used [0x00000000eab00000,0x00000000eab00000,0x00000000f2500000)
  from space 13824K, 84% used [0x00000000f3480000,0x00000000f3fe1560,0x00000000f4200000)
  to   space 15872K, 0% used [0x00000000f2500000,0x00000000f2500000,0x00000000f3480000)
 ParOldGen       total 42496K, used 17967K [0x00000000c0000000, 0x00000000c2980000, 0x00000000eab00000)
  object space 42496K, 42% used [0x00000000c0000000,0x00000000c118be80,0x00000000c2980000)
 Metaspace       used 6009K, capacity 6960K, committed 7040K, reserved 1056768K
  class space    used 594K, capacity 616K, committed 640K, reserved 1048576K
}
Event: 2.377 GC heap before
{Heap before GC invocations=7 (full 0):
 PSYoungGen      total 138752K, used 136581K [0x00000000eab00000, 0x00000000f4600000, 0x0000000100000000)
  eden space 124928K, 100% used [0x00000000eab00000,0x00000000f2500000,0x00000000f2500000)
  from space 13824K, 84% used [0x00000000f3480000,0x00000000f3fe1560,0x00000000f4200000)
  to   space 15872K, 0% used [0x00000000f2500000,0x00000000f2500000,0x00000000f3480000)
 ParOldGen       total 42496K, used 17967K [0x00000000c0000000, 0x00000000c2980000, 0x00000000eab00000)
  object space 42496K, 42% used [0x00000000c0000000,0x00000000c118be80,0x00000000c2980000)
 Metaspace       used 6266K, capacity 7128K, committed 7424K, reserved 1056768K
  class space    used 614K, capacity 656K, committed 768K, reserved 1048576K

Deoptimization events (10 events):
Event: 1.111 Thread 0x00007f8d2820e000 Uncommon trap: reason=unstable_if action=reinterpret pc=0x00007f8d193bb298 method=java.util.HashMap.putVal(ILjava/lang/Object;Ljava/lang/Object;ZZ)Ljava/lang/Object; @ 94
Event: 1.538 Thread 0x00007f8d2820c000 Uncommon trap: reason=unstable_if action=reinterpret pc=0x00007f8d19394504 method=com.android.dx.util.IntList.binarysearch(I)I @ 105
Event: 1.813 Thread 0x00007f8d2820e000 Uncommon trap: reason=unstable_if action=reinterpret pc=0x00007f8d19393afc method=com.android.dx.ssa.SsaMethod.updateOneDefinition(Lcom/android/dx/ssa/SsaInsn;Lcom/android/dx/rop/code/RegisterSpec;)V @ 4
Event: 2.008 Thread 0x00007f8d2820c000 Uncommon trap: reason=bimorphic action=maybe_recompile pc=0x00007f8d19524398 method=com.android.dx.cf.code.BytecodeArray.parseInstruction(ILcom/android/dx/cf/code/BytecodeArray$Visitor;)I @ 1161
Event: 2.008 Thread 0x00007f8d2820c000 Uncommon trap: reason=bimorphic action=maybe_recompile pc=0x00007f8d19524134 method=com.android.dx.cf.code.BytecodeArray.parseInstruction(ILcom/android/dx/cf/code/BytecodeArray$Visitor;)I @ 1035
Event: 2.008 Thread 0x00007f8d2820c000 Uncommon trap: reason=bimorphic action=maybe_recompile pc=0x00007f8d19524398 method=com.android.dx.cf.code.BytecodeArray.parseInstruction(ILcom/android/dx/cf/code/BytecodeArray$Visitor;)I @ 1161
Event: 2.008 Thread 0x00007f8d2820c000 Uncommon trap: reason=bimorphic action=maybe_recompile pc=0x00007f8d19524398 method=com.android.dx.cf.code.BytecodeArray.parseInstruction(ILcom/android/dx/cf/code/BytecodeArray$Visitor;)I @ 1161
Event: 2.032 Thread 0x00007f8d28008800 Uncommon trap: reason=unstable_if action=reinterpret pc=0x00007f8d1942c2b8 method=com.android.dx.ssa.SCCP.simulateStmt(Lcom/android/dx/ssa/SsaInsn;)V @ 59
Event: 2.039 Thread 0x00007f8d2820e000 Uncommon trap: reason=unstable_if action=reinterpret pc=0x00007f8d19324860 method=java.util.HashMap.putVal(ILjava/lang/Object;Ljava/lang/Object;ZZ)Ljava/lang/Object; @ 162
Event: 2.052 Thread 0x00007f8d2820e000 Uncommon trap: reason=unstable_if action=reinterpret pc=0x00007f8d193a1fec method=java.util.HashMap.getNode(ILjava/lang/Object;)Ljava/util/HashMap$Node; @ 84

Internal exceptions (6 events):
Event: 0.048 Thread 0x00007f8d28008800 Exception <a 'java/lang/NoSuchMethodError': Method sun.misc.Unsafe.defineClass(Ljava/lang/String;[BII)Ljava/lang/Class; name or signature does not match> (0x00000000eab07cc0) thrown at [/HUDSON/workspace/8-2-build-linux-amd64/jdk8u72/5732/hotspot/src/shar
Event: 0.048 Thread 0x00007f8d28008800 Exception <a 'java/lang/NoSuchMethodError': Method sun.misc.Unsafe.prefetchRead(Ljava/lang/Object;J)V name or signature does not match> (0x00000000eab07fa8) thrown at [/HUDSON/workspace/8-2-build-linux-amd64/jdk8u72/5732/hotspot/src/share/vm/prims/jni.cpp
Event: 0.816 Thread 0x00007f8d28201000 Implicit null exception at 0x00007f8d19300ea3 to 0x00007f8d19303db1
Event: 2.049 Thread 0x00007f8d2820e000 Exception <a 'java/lang/ArrayIndexOutOfBoundsException': 18> (0x00000000eea18740) thrown at [/HUDSON/workspace/8-2-build-linux-amd64/jdk8u72/5732/hotspot/src/share/vm/interpreter/interpreterRuntime.cpp, line 366]
Event: 2.050 Thread 0x00007f8d2820e000 Exception <a 'java/lang/ArrayIndexOutOfBoundsException': 145> (0x00000000eea1a2c0) thrown at [/HUDSON/workspace/8-2-build-linux-amd64/jdk8u72/5732/hotspot/src/share/vm/interpreter/interpreterRuntime.cpp, line 366]
Event: 2.051 Thread 0x00007f8d2820e000 Exception <a 'java/lang/ArrayIndexOutOfBoundsException': 40> (0x00000000eea1b5a8) thrown at [/HUDSON/workspace/8-2-build-linux-amd64/jdk8u72/5732/hotspot/src/share/vm/interpreter/interpreterRuntime.cpp, line 366]

Events (10 events):
Event: 2.166 Thread 0x00007f8d2820f800 DEOPT UNPACKING pc=0x00007f8d19047633 sp=0x00007f8d115f3b30 mode 0
Event: 2.214 Thread 0x00007f8d2820c000 DEOPT PACKING pc=0x00007f8d194f6244 sp=0x00007f8d117f6230
Event: 2.214 Thread 0x00007f8d2820c000 DEOPT UNPACKING pc=0x00007f8d19047633 sp=0x00007f8d117f5fb8 mode 0
Event: 2.272 Thread 0x00007f8d28201000 DEOPT PACKING pc=0x00007f8d193eea2c sp=0x00007f8d119f8110
Event: 2.272 Thread 0x00007f8d28201000 DEOPT UNPACKING pc=0x00007f8d19047633 sp=0x00007f8d119f7e10 mode 0
Event: 2.303 Thread 0x00007f8d2820e000 DEOPT PACKING pc=0x00007f8d194f9409 sp=0x00007f8d116f4d60
Event: 2.303 Thread 0x00007f8d2820e000 DEOPT UNPACKING pc=0x00007f8d19047633 sp=0x00007f8d116f4b40 mode 0
Event: 2.377 Thread 0x00007f8d2820c000 DEOPT PACKING pc=0x00007f8d193eea2c sp=0x00007f8d117f6210
Event: 2.377 Thread 0x00007f8d2820c000 DEOPT UNPACKING pc=0x00007f8d19047633 sp=0x00007f8d117f5f10 mode 0
Event: 2.377 Executing VM operation: ParallelGCFailedAllocation


Dynamic libraries:
00400000-00401000 r-xp 00000000 08:06 399874                             /usr/lib/jvm/java-8-jdk/jre/bin/java
00600000-00601000 rw-p 00000000 08:06 399874                             /usr/lib/jvm/java-8-jdk/jre/bin/java
0183c000-0185d000 rw-p 00000000 00:00 0                                  [heap]
c0000000-c2980000 rw-p 00000000 00:00 0 
c2980000-eab00000 ---p 00000000 00:00 0 
eab00000-f4600000 rw-p 00000000 00:00 0 
fd200000-100000000 ---p 00000000 00:00 0 
100000000-1000c0000 rw-p 00000000 00:00 0 
1000c0000-140000000 ---p 00000000 00:00 0 
7f8ccc000000-7f8ccc024000 rw-p 00000000 00:00 0 
7f8ccc024000-7f8cd0000000 ---p 00000000 00:00 0 
7f8cd0000000-7f8cd0025000 rw-p 00000000 00:00 0 
7f8cd0025000-7f8cd4000000 ---p 00000000 00:00 0 
7f8cd4000000-7f8cd4021000 rw-p 00000000 00:00 0 
7f8cd4021000-7f8cd8000000 ---p 00000000 00:00 0 
7f8cd8000000-7f8cd8021000 rw-p 00000000 00:00 0 
7f8cd8021000-7f8cdc000000 ---p 00000000 00:00 0 
7f8cdc000000-7f8cdc021000 rw-p 00000000 00:00 0 
7f8cdc021000-7f8ce0000000 ---p 00000000 00:00 0 
7f8ce0000000-7f8ce0021000 rw-p 00000000 00:00 0 
7f8ce0021000-7f8ce4000000 ---p 00000000 00:00 0 
7f8ce4000000-7f8ce48bc000 rw-p 00000000 00:00 0 
7f8ce48bc000-7f8ce8000000 ---p 00000000 00:00 0 
7f8ce8000000-7f8ce8021000 rw-p 00000000 00:00 0 
7f8ce8021000-7f8cec000000 ---p 00000000 00:00 0 
7f8cec000000-7f8cecc0a000 rw-p 00000000 00:00 0 
7f8cecc0a000-7f8cf0000000 ---p 00000000 00:00 0 
7f8cf0000000-7f8cf0cd4000 rw-p 00000000 00:00 0 
7f8cf0cd4000-7f8cf4000000 ---p 00000000 00:00 0 
7f8cf4000000-7f8cf4021000 rw-p 00000000 00:00 0 
7f8cf4021000-7f8cf8000000 ---p 00000000 00:00 0 
7f8cf8000000-7f8cf8021000 rw-p 00000000 00:00 0 
7f8cf8021000-7f8cfc000000 ---p 00000000 00:00 0 
7f8cfc000000-7f8cfc2b5000 rw-p 00000000 00:00 0 
7f8cfc2b5000-7f8d00000000 ---p 00000000 00:00 0 
7f8d00000000-7f8d00021000 rw-p 00000000 00:00 0 
7f8d00021000-7f8d04000000 ---p 00000000 00:00 0 
7f8d04000000-7f8d04021000 rw-p 00000000 00:00 0 
7f8d04021000-7f8d08000000 ---p 00000000 00:00 0 
7f8d08000000-7f8d08021000 rw-p 00000000 00:00 0 
7f8d08021000-7f8d0c000000 ---p 00000000 00:00 0 
7f8d0c000000-7f8d0c021000 rw-p 00000000 00:00 0 
7f8d0c021000-7f8d10000000 ---p 00000000 00:00 0 
7f8d114f5000-7f8d114f8000 ---p 00000000 00:00 0 
7f8d114f8000-7f8d115f6000 rw-p 00000000 00:00 0                          [stack:5398]
7f8d115f6000-7f8d115f9000 ---p 00000000 00:00 0 
7f8d115f9000-7f8d116f7000 rw-p 00000000 00:00 0                          [stack:5397]
7f8d116f7000-7f8d116fa000 ---p 00000000 00:00 0 
7f8d116fa000-7f8d117f8000 rw-p 00000000 00:00 0                          [stack:5396]
7f8d117f8000-7f8d117fb000 ---p 00000000 00:00 0 
7f8d117fb000-7f8d118f9000 rw-p 00000000 00:00 0                          [stack:5395]
7f8d118f9000-7f8d118fc000 ---p 00000000 00:00 0 
7f8d118fc000-7f8d119fa000 rw-p 00000000 00:00 0                          [stack:5394]
7f8d119fa000-7f8d119fb000 ---p 00000000 00:00 0 
7f8d119fb000-7f8d11afb000 rw-p 00000000 00:00 0                          [stack:5393]
7f8d11afb000-7f8d11afe000 ---p 00000000 00:00 0 
7f8d11afe000-7f8d11bfc000 rw-p 00000000 00:00 0                          [stack:5392]
7f8d11bfc000-7f8d11bff000 ---p 00000000 00:00 0 
7f8d11bff000-7f8d11cfd000 rw-p 00000000 00:00 0                          [stack:5391]
7f8d11cfd000-7f8d11d00000 ---p 00000000 00:00 0 
7f8d11d00000-7f8d11dfe000 rw-p 00000000 00:00 0                          [stack:5390]
7f8d11dfe000-7f8d11e01000 ---p 00000000 00:00 0 
7f8d11e01000-7f8d11eff000 rw-p 00000000 00:00 0                          [stack:5389]
7f8d11eff000-7f8d11f02000 ---p 00000000 00:00 0 
7f8d11f02000-7f8d14000000 rw-p 00000000 00:00 0                          [stack:5388]
7f8d14000000-7f8d14021000 rw-p 00000000 00:00 0 
7f8d14021000-7f8d18000000 ---p 00000000 00:00 0 
7f8d1805a000-7f8d18099000 r--s 00349000 08:06 13239095                   /home/youngbin/shipped-android/app/build/intermediates/transforms/jarMerging/debug/jars/1/1f/combined.jar
7f8d18099000-7f8d181f2000 r--p 00000000 08:06 178958                     /usr/lib/locale/locale-archive
7f8d181f2000-7f8d181f5000 ---p 00000000 00:00 0 
7f8d181f5000-7f8d182f3000 rw-p 00000000 00:00 0                          [stack:5387]
7f8d182f3000-7f8d182f6000 ---p 00000000 00:00 0 
7f8d182f6000-7f8d183f4000 rw-p 00000000 00:00 0                          [stack:5386]
7f8d183f4000-7f8d183f5000 ---p 00000000 00:00 0 
7f8d183f5000-7f8d19000000 rw-p 00000000 00:00 0                          [stack:5385]
7f8d19000000-7f8d19690000 rwxp 00000000 00:00 0 
7f8d19690000-7f8d28000000 ---p 00000000 00:00 0 
7f8d28000000-7f8d283c3000 rw-p 00000000 00:00 0 
7f8d283c3000-7f8d2c000000 ---p 00000000 00:00 0 
7f8d2c014000-7f8d2c03b000 r--p 00000000 08:06 133211                     /usr/share/locale/ko/LC_MESSAGES/libc.mo
7f8d2c03b000-7f8d2c4f1000 rw-p 00000000 00:00 0 
7f8d2c4f1000-7f8d2c6c9000 r--s 03d1d000 08:06 399677                     /usr/lib/jvm/java-8-jdk/jre/lib/rt.jar
7f8d2c6c9000-7f8d2cdbf000 rw-p 00000000 00:00 0 
7f8d2cdbf000-7f8d2cf3f000 ---p 00000000 00:00 0 
7f8d2cf3f000-7f8d2d13f000 rw-p 00000000 00:00 0 
7f8d2d13f000-7f8d2d140000 ---p 00000000 00:00 0 
7f8d2d140000-7f8d2d240000 rw-p 00000000 00:00 0                          [stack:5384]
7f8d2d240000-7f8d2d241000 ---p 00000000 00:00 0 
7f8d2d241000-7f8d2d341000 rw-p 00000000 00:00 0                          [stack:5383]
7f8d2d341000-7f8d2d342000 ---p 00000000 00:00 0 
7f8d2d342000-7f8d2d442000 rw-p 00000000 00:00 0                          [stack:5382]
7f8d2d442000-7f8d2d443000 ---p 00000000 00:00 0 
7f8d2d443000-7f8d2d558000 rw-p 00000000 00:00 0                          [stack:5381]
7f8d2d558000-7f8d2d699000 ---p 00000000 00:00 0 
7f8d2d699000-7f8d2d6ae000 rw-p 00000000 00:00 0 
7f8d2d6ae000-7f8d2d7ee000 ---p 00000000 00:00 0 
7f8d2d7ee000-7f8d2d83c000 rw-p 00000000 00:00 0 
7f8d2d83c000-7f8d2d899000 ---p 00000000 00:00 0 
7f8d2d899000-7f8d2d8b5000 rw-p 00000000 00:00 0 
7f8d2d8b5000-7f8d2dc5a000 ---p 00000000 00:00 0 
7f8d2dc5a000-7f8d2dc74000 r-xp 00000000 08:06 399785                     /usr/lib/jvm/java-8-jdk/jre/lib/amd64/libzip.so
7f8d2dc74000-7f8d2de74000 ---p 0001a000 08:06 399785                     /usr/lib/jvm/java-8-jdk/jre/lib/amd64/libzip.so
7f8d2de74000-7f8d2de75000 rw-p 0001a000 08:06 399785                     /usr/lib/jvm/java-8-jdk/jre/lib/amd64/libzip.so
7f8d2de75000-7f8d2de80000 r-xp 00000000 08:06 134352                     /usr/lib/libnss_files-2.23.so
7f8d2de80000-7f8d2e07f000 ---p 0000b000 08:06 134352                     /usr/lib/libnss_files-2.23.so
7f8d2e07f000-7f8d2e080000 r--p 0000a000 08:06 134352                     /usr/lib/libnss_files-2.23.so
7f8d2e080000-7f8d2e081000 rw-p 0000b000 08:06 134352                     /usr/lib/libnss_files-2.23.so
7f8d2e081000-7f8d2e087000 rw-p 00000000 00:00 0 
7f8d2e087000-7f8d2e0b1000 r-xp 00000000 08:06 399805                     /usr/lib/jvm/java-8-jdk/jre/lib/amd64/libjava.so
7f8d2e0b1000-7f8d2e2b1000 ---p 0002a000 08:06 399805                     /usr/lib/jvm/java-8-jdk/jre/lib/amd64/libjava.so
7f8d2e2b1000-7f8d2e2b3000 rw-p 0002a000 08:06 399805                     /usr/lib/jvm/java-8-jdk/jre/lib/amd64/libjava.so
7f8d2e2b3000-7f8d2e2c0000 r-xp 00000000 08:06 399791                     /usr/lib/jvm/java-8-jdk/jre/lib/amd64/libverify.so
7f8d2e2c0000-7f8d2e4c0000 ---p 0000d000 08:06 399791                     /usr/lib/jvm/java-8-jdk/jre/lib/amd64/libverify.so
7f8d2e4c0000-7f8d2e4c2000 rw-p 0000d000 08:06 399791                     /usr/lib/jvm/java-8-jdk/jre/lib/amd64/libverify.so
7f8d2e4c2000-7f8d2e4c9000 r-xp 00000000 08:06 134360                     /usr/lib/librt-2.23.so
7f8d2e4c9000-7f8d2e6c8000 ---p 00007000 08:06 134360                     /usr/lib/librt-2.23.so
7f8d2e6c8000-7f8d2e6c9000 r--p 00006000 08:06 134360                     /usr/lib/librt-2.23.so
7f8d2e6c9000-7f8d2e6ca000 rw-p 00007000 08:06 134360                     /usr/lib/librt-2.23.so
7f8d2e6ca000-7f8d2e7cd000 r-xp 00000000 08:06 134357                     /usr/lib/libm-2.23.so
7f8d2e7cd000-7f8d2e9cd000 ---p 00103000 08:06 134357                     /usr/lib/libm-2.23.so
7f8d2e9cd000-7f8d2e9ce000 r--p 00103000 08:06 134357                     /usr/lib/libm-2.23.so
7f8d2e9ce000-7f8d2e9cf000 rw-p 00104000 08:06 134357                     /usr/lib/libm-2.23.so
7f8d2e9cf000-7f8d2f68e000 r-xp 00000000 08:06 530091                     /usr/lib/jvm/java-8-jdk/jre/lib/amd64/server/libjvm.so
7f8d2f68e000-7f8d2f88d000 ---p 00cbf000 08:06 530091                     /usr/lib/jvm/java-8-jdk/jre/lib/amd64/server/libjvm.so
7f8d2f88d000-7f8d2f966000 rw-p 00cbe000 08:06 530091                     /usr/lib/jvm/java-8-jdk/jre/lib/amd64/server/libjvm.so
7f8d2f966000-7f8d2f9af000 rw-p 00000000 00:00 0 
7f8d2f9af000-7f8d2fb47000 r-xp 00000000 08:06 134281                     /usr/lib/libc-2.23.so
7f8d2fb47000-7f8d2fd46000 ---p 00198000 08:06 134281                     /usr/lib/libc-2.23.so
7f8d2fd46000-7f8d2fd4a000 r--p 00197000 08:06 134281                     /usr/lib/libc-2.23.so
7f8d2fd4a000-7f8d2fd4c000 rw-p 0019b000 08:06 134281                     /usr/lib/libc-2.23.so
7f8d2fd4c000-7f8d2fd50000 rw-p 00000000 00:00 0 
7f8d2fd50000-7f8d2fd52000 r-xp 00000000 08:06 134356                     /usr/lib/libdl-2.23.so
7f8d2fd52000-7f8d2ff52000 ---p 00002000 08:06 134356                     /usr/lib/libdl-2.23.so
7f8d2ff52000-7f8d2ff53000 r--p 00002000 08:06 134356                     /usr/lib/libdl-2.23.so
7f8d2ff53000-7f8d2ff54000 rw-p 00003000 08:06 134356                     /usr/lib/libdl-2.23.so
7f8d2ff54000-7f8d2ff69000 r-xp 00000000 08:06 530090                     /usr/lib/jvm/java-8-jdk/jre/lib/amd64/jli/libjli.so
7f8d2ff69000-7f8d30169000 ---p 00015000 08:06 530090                     /usr/lib/jvm/java-8-jdk/jre/lib/amd64/jli/libjli.so
7f8d30169000-7f8d3016a000 rw-p 00015000 08:06 530090                     /usr/lib/jvm/java-8-jdk/jre/lib/amd64/jli/libjli.so
7f8d3016a000-7f8d30182000 r-xp 00000000 08:06 134256                     /usr/lib/libpthread-2.23.so
7f8d30182000-7f8d30381000 ---p 00018000 08:06 134256                     /usr/lib/libpthread-2.23.so
7f8d30381000-7f8d30382000 r--p 00017000 08:06 134256                     /usr/lib/libpthread-2.23.so
7f8d30382000-7f8d30383000 rw-p 00018000 08:06 134256                     /usr/lib/libpthread-2.23.so
7f8d30383000-7f8d30387000 rw-p 00000000 00:00 0 
7f8d30387000-7f8d303aa000 r-xp 00000000 08:06 134280                     /usr/lib/ld-2.23.so
7f8d303b1000-7f8d30476000 rw-p 00000000 00:00 0 
7f8d30476000-7f8d30479000 ---p 00000000 00:00 0 
7f8d30479000-7f8d3057b000 rw-p 00000000 00:00 0                          [stack:5380]
7f8d3057c000-7f8d3058b000 r--s 000df000 08:06 13763614                   /home/youngbin/Android/Sdk/build-tools/23.0.2/lib/dx.jar
7f8d3058b000-7f8d3059f000 rw-p 00000000 00:00 0 
7f8d3059f000-7f8d305a7000 rw-s 00000000 00:21 449961                     /tmp/hsperfdata_youngbin/5375
7f8d305a7000-7f8d305a8000 rw-p 00000000 00:00 0 
7f8d305a8000-7f8d305a9000 ---p 00000000 00:00 0 
7f8d305a9000-7f8d305aa000 rw-p 00000000 00:00 0 
7f8d305aa000-7f8d305ab000 r--p 00023000 08:06 134280                     /usr/lib/ld-2.23.so
7f8d305ab000-7f8d305ac000 rw-p 00024000 08:06 134280                     /usr/lib/ld-2.23.so
7f8d305ac000-7f8d305ad000 rw-p 00000000 00:00 0 
7ffe01460000-7ffe01481000 rw-p 00000000 00:00 0                          [stack]
7ffe0158b000-7ffe0158d000 r--p 00000000 00:00 0                          [vvar]
7ffe0158d000-7ffe0158f000 r-xp 00000000 00:00 0                          [vdso]
ffffffffff600000-ffffffffff601000 r-xp 00000000 00:00 0                  [vsyscall]

VM Arguments:
jvm_args: -Djava.awt.headless=true -Xmx1024M -Dfile.encoding=UTF-8 -Duser.country=KR -Duser.language=ko -Duser.variant 
java_command: com.android.dx.command.Main --dex --num-threads=4 --multi-dex --main-dex-list /home/youngbin/shipped-android/app/build/intermediates/multi-dex/debug/maindexlist.txt --output /home/youngbin/shipped-android/app/build/intermediates/transforms/dex/debug/folders/1000/1f/main /home/youngbin/shipped-android/app/build/intermediates/transforms/jarMerging/debug/jars/1/1f/combined.jar
java_class_path (initial): /home/youngbin/Android/Sdk/build-tools/23.0.2/lib/dx.jar
Launcher Type: SUN_STANDARD

Environment Variables:
PATH=/usr/local/sbin:/usr/local/bin:/usr/bin:/usr/lib/jvm/default/bin:/usr/bin/site_perl:/usr/bin/vendor_perl:/usr/bin/core_perl
USERNAME=youngbin
LD_LIBRARY_PATH=/home/youngbin/android-studio/bin:
SHELL=/usr/bin/fish
DISPLAY=:1

Signal Handlers:
SIGSEGV: [libjvm.so+0xabb070], sa_mask[0]=11111111011111111101111111111110, sa_flags=SA_RESTART|SA_SIGINFO
SIGBUS: [libjvm.so+0xabb070], sa_mask[0]=11111111011111111101111111111110, sa_flags=SA_RESTART|SA_SIGINFO
SIGFPE: [libjvm.so+0x918480], sa_mask[0]=11111111011111111101111111111110, sa_flags=SA_RESTART|SA_SIGINFO
SIGPIPE: [libjvm.so+0x918480], sa_mask[0]=11111111011111111101111111111110, sa_flags=SA_RESTART|SA_SIGINFO
SIGXFSZ: [libjvm.so+0x918480], sa_mask[0]=11111111011111111101111111111110, sa_flags=SA_RESTART|SA_SIGINFO
SIGILL: [libjvm.so+0x918480], sa_mask[0]=11111111011111111101111111111110, sa_flags=SA_RESTART|SA_SIGINFO
SIGUSR1: SIG_DFL, sa_mask[0]=00000000000000000000000000000000, sa_flags=none
SIGUSR2: [libjvm.so+0x919ab0], sa_mask[0]=00100000000000000000000000000000, sa_flags=SA_RESTART|SA_SIGINFO
SIGHUP: [libjvm.so+0x91aeb0], sa_mask[0]=11111111011111111101111111111110, sa_flags=SA_RESTART|SA_SIGINFO
SIGINT: [libjvm.so+0x91aeb0], sa_mask[0]=11111111011111111101111111111110, sa_flags=SA_RESTART|SA_SIGINFO
SIGTERM: [libjvm.so+0x91aeb0], sa_mask[0]=11111111011111111101111111111110, sa_flags=SA_RESTART|SA_SIGINFO
SIGQUIT: [libjvm.so+0x91aeb0], sa_mask[0]=11111111011111111101111111111110, sa_flags=SA_RESTART|SA_SIGINFO


---------------  S Y S T E M  ---------------

OS:NAME="Antergos Linux"
VERSION="2015.12-ISO-Rolling"
ID="antergos"
ID_LIKE="arch"
PRETTY_NAME="Antergos Linux"
CPE_NAME="cpe:/o:antergosproject:antergos:2015.12"
ANSI_COLOR="1;34;40"
HOME_URL="https://antergos.com/"
SUPPORT_URL="https://forum.antergos.com/"
BUG_REPORT_URL="https://github.com/antergos"


uname:Linux 4.4.1-2-ARCH #1 SMP PREEMPT Wed Feb 3 13:12:33 UTC 2016 x86_64
libc:glibc 2.23 NPTL 2.23 
rlimit: STACK 8192k, CORE infinity, NPROC 14900, NOFILE 4096, AS infinity
load average:0.96 0.66 0.66

/proc/meminfo:
MemTotal:        4007080 kB
MemFree:           27452 kB
MemAvailable:      95696 kB
Buffers:            2472 kB
Cached:           100980 kB
SwapCached:            0 kB
Active:          3694600 kB
Inactive:          63064 kB
Active(anon):    3656356 kB
Inactive(anon):    30996 kB
Active(file):      38244 kB
Inactive(file):    32068 kB
Unevictable:          80 kB
Mlocked:        34359738448 kB
SwapTotal:             0 kB
SwapFree:              0 kB
Dirty:              6272 kB
Writeback:             0 kB
AnonPages:       3654348 kB
Mapped:            79964 kB
Shmem:             33364 kB
Slab:              64620 kB
SReclaimable:      27512 kB
SUnreclaim:        37108 kB
KernelStack:       11312 kB
PageTables:        50724 kB
NFS_Unstable:          0 kB
Bounce:                0 kB
WritebackTmp:          0 kB
CommitLimit:     2003540 kB
Committed_AS:    8469348 kB
VmallocTotal:   34359738367 kB
VmallocUsed:           0 kB
VmallocChunk:          0 kB
HardwareCorrupted:     0 kB
AnonHugePages:   1984512 kB
HugePages_Total:       0
HugePages_Free:        0
HugePages_Rsvd:        0
HugePages_Surp:        0
Hugepagesize:       2048 kB
DirectMap4k:      129424 kB
DirectMap2M:     4020224 kB


CPU:total 4 (2 cores per cpu, 2 threads per core) family 6 model 42 stepping 7, cmov, cx8, fxsr, mmx, sse, sse2, sse3, ssse3, sse4.1, sse4.2, popcnt, avx, clmul, ht, tsc, tscinvbit

/proc/cpuinfo:
processor	: 0
vendor_id	: GenuineIntel
cpu family	: 6
model		: 42
model name	: Intel(R) Core(TM) i3-2120 CPU @ 3.30GHz
stepping	: 7
microcode	: 0x26
cpu MHz		: 3300.000
cache size	: 3072 KB
physical id	: 0
siblings	: 4
core id		: 0
cpu cores	: 2
apicid		: 0
initial apicid	: 0
fpu		: yes
fpu_exception	: yes
cpuid level	: 13
wp		: yes
flags		: fpu vme de pse tsc msr pae mce cx8 apic sep mtrr pge mca cmov pat pse36 clflush dts acpi mmx fxsr sse sse2 ss ht tm pbe syscall nx rdtscp lm constant_tsc arch_perfmon pebs bts rep_good nopl xtopology nonstop_tsc aperfmperf eagerfpu pni pclmulqdq dtes64 monitor ds_cpl vmx est tm2 ssse3 cx16 xtpr pdcm pcid sse4_1 sse4_2 popcnt tsc_deadline_timer xsave avx lahf_lm arat epb pln pts dtherm tpr_shadow vnmi flexpriority ept vpid xsaveopt
bugs		:
bogomips	: 6602.93
clflush size	: 64
cache_alignment	: 64
address sizes	: 36 bits physical, 48 bits virtual
power management:

processor	: 1
vendor_id	: GenuineIntel
cpu family	: 6
model		: 42
model name	: Intel(R) Core(TM) i3-2120 CPU @ 3.30GHz
stepping	: 7
microcode	: 0x26
cpu MHz		: 3299.871
cache size	: 3072 KB
physical id	: 0
siblings	: 4
core id		: 1
cpu cores	: 2
apicid		: 2
initial apicid	: 2
fpu		: yes
fpu_exception	: yes
cpuid level	: 13
wp		: yes
flags		: fpu vme de pse tsc msr pae mce cx8 apic sep mtrr pge mca cmov pat pse36 clflush dts acpi mmx fxsr sse sse2 ss ht tm pbe syscall nx rdtscp lm constant_tsc arch_perfmon pebs bts rep_good nopl xtopology nonstop_tsc aperfmperf eagerfpu pni pclmulqdq dtes64 monitor ds_cpl vmx est tm2 ssse3 cx16 xtpr pdcm pcid sse4_1 sse4_2 popcnt tsc_deadline_timer xsave avx lahf_lm arat epb pln pts dtherm tpr_shadow vnmi flexpriority ept vpid xsaveopt
bugs		:
bogomips	: 6602.93
clflush size	: 64
cache_alignment	: 64
address sizes	: 36 bits physical, 48 bits virtual
power management:

processor	: 2
vendor_id	: GenuineIntel
cpu family	: 6
model		: 42
model name	: Intel(R) Core(TM) i3-2120 CPU @ 3.30GHz
stepping	: 7
microcode	: 0x26
cpu MHz		: 3299.871
cache size	: 3072 KB
physical id	: 0
siblings	: 4
core id		: 0
cpu cores	: 2
apicid		: 1
initial apicid	: 1
fpu		: yes
fpu_exception	: yes
cpuid level	: 13
wp		: yes
flags		: fpu vme de pse tsc msr pae mce cx8 apic sep mtrr pge mca cmov pat pse36 clflush dts acpi mmx fxsr sse sse2 ss ht tm pbe syscall nx rdtscp lm constant_tsc arch_perfmon pebs bts rep_good nopl xtopology nonstop_tsc aperfmperf eagerfpu pni pclmulqdq dtes64 monitor ds_cpl vmx est tm2 ssse3 cx16 xtpr pdcm pcid sse4_1 sse4_2 popcnt tsc_deadline_timer xsave avx lahf_lm arat epb pln pts dtherm tpr_shadow vnmi flexpriority ept vpid xsaveopt
bugs		:
bogomips	: 6602.93
clflush size	: 64
cache_alignment	: 64
address sizes	: 36 bits physical, 48 bits virtual
power management:

processor	: 3
vendor_id	: GenuineIntel
cpu family	: 6
model		: 42
model name	: Intel(R) Core(TM) i3-2120 CPU @ 3.30GHz
stepping	: 7
microcode	: 0x26
cpu MHz		: 3300.000
cache size	: 3072 KB
physical id	: 0
siblings	: 4
core id		: 1
cpu cores	: 2
apicid		: 3
initial apicid	: 3
fpu		: yes
fpu_exception	: yes
cpuid level	: 13
wp		: yes
flags		: fpu vme de pse tsc msr pae mce cx8 apic sep mtrr pge mca cmov pat pse36 clflush dts acpi mmx fxsr sse sse2 ss ht tm pbe syscall nx rdtscp lm constant_tsc arch_perfmon pebs bts rep_good nopl xtopology nonstop_tsc aperfmperf eagerfpu pni pclmulqdq dtes64 monitor ds_cpl vmx est tm2 ssse3 cx16 xtpr pdcm pcid sse4_1 sse4_2 popcnt tsc_deadline_timer xsave avx lahf_lm arat epb pln pts dtherm tpr_shadow vnmi flexpriority ept vpid xsaveopt
bugs		:
bogomips	: 6602.93
clflush size	: 64
cache_alignment	: 64
address sizes	: 36 bits physical, 48 bits virtual
power management:



Memory: 4k page, physical 4007080k(27452k free), swap 0k(0k free)

vm_info: Java HotSpot(TM) 64-Bit Server VM (25.72-b15) for linux-amd64 JRE (1.8.0_72-b15), built on Dec 22 2015 22:00:07 by "java_re" with gcc 4.3.0 20080428 (Red Hat 4.3.0-8)

time: Tue Feb 23 16:20:27 2016
elapsed time: 2 seconds (0d 0h 0m 2s)

