#
# There is insufficient memory for the Java Runtime Environment to continue.
# Native memory allocation (mmap) failed to map 145752064 bytes for committing reserved memory.
# Possible reasons:
#   The system is out of physical RAM or swap space
#   In 32 bit mode, the process size limit was hit
# Possible solutions:
#   Reduce memory load on the system
#   Increase physical memory or swap space
#   Check if swap backing store is full
#   Use 64 bit Java on a 64 bit OS
#   Decrease Java heap size (-Xmx/-Xms)
#   Decrease number of Java threads
#   Decrease Java thread stack sizes (-Xss)
#   Set larger code cache with -XX:ReservedCodeCacheSize=
# This output file may be truncated or incomplete.
#
#  Out of Memory Error (os_linux.cpp:2627), pid=5171, tid=140077871118080
#
# JRE version: Java(TM) SE Runtime Environment (8.0_72-b15) (build 1.8.0_72-b15)
# Java VM: Java HotSpot(TM) 64-Bit Server VM (25.72-b15 mixed mode linux-amd64 compressed oops)
# Core dump written. Default location: /home/youngbin/shipped-android/app/core or core.5171
#

---------------  T H R E A D  ---------------

Current thread (0x00007f6680076800):  VMThread [stack: 0x00007f666bafb000,0x00007f666bbfc000] [id=5181]

Stack: [0x00007f666bafb000,0x00007f666bbfc000],  sp=0x00007f666bbf9fa0,  free space=1019k
Native frames: (J=compiled Java code, j=interpreted, Vv=VM code, C=native code)
V  [libjvm.so+0xaba7ea]  VMError::report_and_die()+0x2ba
V  [libjvm.so+0x4f9e3b]  report_vm_out_of_memory(char const*, int, unsigned long, VMErrorType, char const*)+0x8b
V  [libjvm.so+0x91b613]  os::Linux::commit_memory_impl(char*, unsigned long, bool)+0x103
V  [libjvm.so+0x91bb69]  os::pd_commit_memory(char*, unsigned long, unsigned long, bool)+0x29
V  [libjvm.so+0x915e6a]  os::commit_memory(char*, unsigned long, unsigned long, bool)+0x2a
V  [libjvm.so+0x989543]  PSVirtualSpace::expand_by(unsigned long)+0x53
V  [libjvm.so+0x98a948]  PSYoungGen::resize_generation(unsigned long, unsigned long)+0xf8
V  [libjvm.so+0x989aa2]  PSYoungGen::resize(unsigned long, unsigned long)+0x22
V  [libjvm.so+0x986d7b]  PSScavenge::invoke_no_policy()+0xf3b
V  [libjvm.so+0x987501]  PSScavenge::invoke()+0x41
V  [libjvm.so+0x93f300]  ParallelScavengeHeap::failed_mem_allocate(unsigned long)+0x70
V  [libjvm.so+0xabc207]  VM_ParallelGCFailedAllocation::doit()+0x97
V  [libjvm.so+0xac3c35]  VM_Operation::evaluate()+0x55
V  [libjvm.so+0xac200a]  VMThread::evaluate_operation(VM_Operation*)+0xba
V  [libjvm.so+0xac238e]  VMThread::loop()+0x1ce
V  [libjvm.so+0xac2800]  VMThread::run()+0x70
V  [libjvm.so+0x91d9d8]  java_start(Thread*)+0x108

VM_Operation (0x00007f666b197b20): ParallelGCFailedAllocation, mode: safepoint, requested by thread 0x00007f6680218800


---------------  P R O C E S S  ---------------

Java Threads: ( => current thread )
  0x00007f6680230000 JavaThread "pool-2-thread-4" [_thread_blocked, id=5194, stack(0x00007f666ac95000,0x00007f666ad96000)]
  0x00007f668022e000 JavaThread "pool-2-thread-3" [_thread_blocked, id=5193, stack(0x00007f666ad96000,0x00007f666ae97000)]
  0x00007f668022c000 JavaThread "pool-2-thread-2" [_thread_blocked, id=5192, stack(0x00007f666ae97000,0x00007f666af98000)]
  0x00007f668022b000 JavaThread "pool-3-thread-1" [_thread_blocked, id=5191, stack(0x00007f666af98000,0x00007f666b099000)]
  0x00007f6680218800 JavaThread "pool-2-thread-1" [_thread_blocked, id=5190, stack(0x00007f666b099000,0x00007f666b19a000)]
  0x00007f66800d9000 JavaThread "Service Thread" daemon [_thread_blocked, id=5188, stack(0x00007f666b29b000,0x00007f666b39c000)]
  0x00007f66800bb800 JavaThread "C1 CompilerThread2" daemon [_thread_blocked, id=5187, stack(0x00007f666b39c000,0x00007f666b49d000)]
  0x00007f66800ba000 JavaThread "C2 CompilerThread1" daemon [_thread_blocked, id=5186, stack(0x00007f666b49d000,0x00007f666b59e000)]
  0x00007f66800b7000 JavaThread "C2 CompilerThread0" daemon [_thread_blocked, id=5185, stack(0x00007f666b59e000,0x00007f666b69f000)]
  0x00007f66800b5800 JavaThread "Signal Dispatcher" daemon [_thread_blocked, id=5184, stack(0x00007f666b69f000,0x00007f666b7a0000)]
  0x00007f6680082800 JavaThread "Finalizer" daemon [_thread_blocked, id=5183, stack(0x00007f666b8f9000,0x00007f666b9fa000)]
  0x00007f668007e000 JavaThread "Reference Handler" daemon [_thread_blocked, id=5182, stack(0x00007f666b9fa000,0x00007f666bafb000)]
  0x00007f6680008800 JavaThread "main" [_thread_blocked, id=5176, stack(0x00007f6689c24000,0x00007f6689d25000)]

Other Threads:
=>0x00007f6680076800 VMThread [stack: 0x00007f666bafb000,0x00007f666bbfc000] [id=5181]
  0x00007f66800db800 WatcherThread [stack: 0x00007f666b19a000,0x00007f666b29b000] [id=5189]

VM state:at safepoint (normal execution)

VM Mutex/Monitor currently owned by a thread:  ([mutex/lock_event])
[0x00007f6680006500] Threads_lock - owner thread: 0x00007f6680076800
[0x00007f6680006a00] Heap_lock - owner thread: 0x00007f6680218800

Heap:
 PSYoungGen      total 140800K, used 15840K [0x00000000eab00000, 0x00000000f4600000, 0x0000000100000000)
  eden space 124928K, 0% used [0x00000000eab00000,0x00000000eab00000,0x00000000f2500000)
  from space 15872K, 99% used [0x00000000f2500000,0x00000000f3478270,0x00000000f3480000)
  to   space 13824K, 0% used [0x00000000f3480000,0x00000000f3480000,0x00000000f4200000)
 ParOldGen       total 42496K, used 30364K [0x00000000c0000000, 0x00000000c2980000, 0x00000000eab00000)
  object space 42496K, 71% used [0x00000000c0000000,0x00000000c1da72a8,0x00000000c2980000)
 Metaspace       used 6324K, capacity 7192K, committed 7424K, reserved 1056768K
  class space    used 615K, capacity 656K, committed 768K, reserved 1048576K

Card table byte_map: [0x00007f6686e47000,0x00007f6687048000] byte_map_base: 0x00007f6686847000

Marking Bits: (ParMarkBitMap*) 0x00007f6689132100
 Begin Bits: [0x00007f66848ed000, 0x00007f66858ed000)
 End Bits:   [0x00007f66858ed000, 0x00007f66868ed000)

Polling page: 0x00007f6689d56000

CodeCache: size=245760Kb used=7090Kb max_used=7090Kb free=238669Kb
 bounds [0x00007f6671000000, 0x00007f6671700000, 0x00007f6680000000]
 total_blobs=2054 nmethods=1786 adapters=182
 compilation: enabled

Compilation events (10 events):
Event: 2.451 Thread 0x00007f66800bb800 nmethod 1960 0x00007f66716ed850 code [0x00007f66716ed9a0, 0x00007f66716edaf0]
Event: 2.451 Thread 0x00007f66800bb800 1951       2       com.android.dx.cf.attrib.InnerClassList::set (19 bytes)
Event: 2.452 Thread 0x00007f66800bb800 nmethod 1951 0x00007f66716edb90 code [0x00007f66716edd40, 0x00007f66716ee238]
Event: 2.452 Thread 0x00007f66800bb800 1961       2       com.android.dx.cf.direct.AnnotationParser::requireLength (22 bytes)
Event: 2.452 Thread 0x00007f66800bb800 nmethod 1961 0x00007f66716ee790 code [0x00007f66716ee920, 0x00007f66716eeb78]
Event: 2.452 Thread 0x00007f66800bb800 1962       2       com.android.dx.dex.file.ClassDefItem::addInstanceField (9 bytes)
Event: 2.453 Thread 0x00007f66800bb800 nmethod 1962 0x00007f66716eecd0 code [0x00007f66716eee60, 0x00007f66716ef198]
Event: 2.453 Thread 0x00007f66800bb800 1963       2       com.android.dx.dex.file.ClassDataItem::addInstanceField (24 bytes)
Event: 2.453 Thread 0x00007f66800bb800 nmethod 1963 0x00007f66716ef450 code [0x00007f66716ef5e0, 0x00007f66716ef938]
Event: 2.453 Thread 0x00007f66800bb800 1952       2       com.android.dx.cf.attrib.InnerClassList$Item::<init> (40 bytes)

GC Heap History (10 events):
Event: 0.190 GC heap after
Heap after GC invocations=2 (full 0):
 PSYoungGen      total 34304K, used 1104K [0x00000000eab00000, 0x00000000ecf00000, 0x0000000100000000)
  eden space 31744K, 0% used [0x00000000eab00000,0x00000000eab00000,0x00000000eca00000)
  from space 2560K, 43% used [0x00000000ecc80000,0x00000000ecd94030,0x00000000ecf00000)
  to   space 2560K, 0% used [0x00000000eca00000,0x00000000eca00000,0x00000000ecc80000)
 ParOldGen       total 42496K, used 16K [0x00000000c0000000, 0x00000000c2980000, 0x00000000eab00000)
  object space 42496K, 0% used [0x00000000c0000000,0x00000000c0004000,0x00000000c2980000)
 Metaspace       used 3350K, capacity 4720K, committed 4864K, reserved 1056768K
  class space    used 359K, capacity 424K, committed 512K, reserved 1048576K
}
Event: 0.632 GC heap before
{Heap before GC invocations=3 (full 0):
 PSYoungGen      total 34304K, used 32848K [0x00000000eab00000, 0x00000000ecf00000, 0x0000000100000000)
  eden space 31744K, 100% used [0x00000000eab00000,0x00000000eca00000,0x00000000eca00000)
  from space 2560K, 43% used [0x00000000ecc80000,0x00000000ecd94030,0x00000000ecf00000)
  to   space 2560K, 0% used [0x00000000eca00000,0x00000000eca00000,0x00000000ecc80000)
 ParOldGen       total 42496K, used 16K [0x00000000c0000000, 0x00000000c2980000, 0x00000000eab00000)
  object space 42496K, 0% used [0x00000000c0000000,0x00000000c0004000,0x00000000c2980000)
 Metaspace       used 5778K, capacity 6768K, committed 7040K, reserved 1056768K
  class space    used 590K, capacity 616K, committed 640K, reserved 1048576K
Event: 0.643 GC heap after
Heap after GC invocations=3 (full 0):
 PSYoungGen      total 34304K, used 2529K [0x00000000eab00000, 0x00000000eee00000, 0x0000000100000000)
  eden space 31744K, 0% used [0x00000000eab00000,0x00000000eab00000,0x00000000eca00000)
  from space 2560K, 98% used [0x00000000eca00000,0x00000000ecc784d0,0x00000000ecc80000)
  to   space 2560K, 0% used [0x00000000eeb80000,0x00000000eeb80000,0x00000000eee00000)
 ParOldGen       total 42496K, used 3673K [0x00000000c0000000, 0x00000000c2980000, 0x00000000eab00000)
  object space 42496K, 8% used [0x00000000c0000000,0x00000000c03966e8,0x00000000c2980000)
 Metaspace       used 5778K, capacity 6768K, committed 7040K, reserved 1056768K
  class space    used 590K, capacity 616K, committed 640K, reserved 1048576K
}
Event: 0.980 GC heap before
{Heap before GC invocations=4 (full 0):
 PSYoungGen      total 34304K, used 34273K [0x00000000eab00000, 0x00000000eee00000, 0x0000000100000000)
  eden space 31744K, 100% used [0x00000000eab00000,0x00000000eca00000,0x00000000eca00000)
  from space 2560K, 98% used [0x00000000eca00000,0x00000000ecc784d0,0x00000000ecc80000)
  to   space 2560K, 0% used [0x00000000eeb80000,0x00000000eeb80000,0x00000000eee00000)
 ParOldGen       total 42496K, used 3673K [0x00000000c0000000, 0x00000000c2980000, 0x00000000eab00000)
  object space 42496K, 8% used [0x00000000c0000000,0x00000000c03966e8,0x00000000c2980000)
 Metaspace       used 5870K, capacity 6832K, committed 7040K, reserved 1056768K
  class space    used 593K, capacity 616K, committed 640K, reserved 1048576K
Event: 0.993 GC heap after
Heap after GC invocations=4 (full 0):
 PSYoungGen      total 66048K, used 2534K [0x00000000eab00000, 0x00000000eee00000, 0x0000000100000000)
  eden space 63488K, 0% used [0x00000000eab00000,0x00000000eab00000,0x00000000ee900000)
  from space 2560K, 99% used [0x00000000eeb80000,0x00000000eedf9a40,0x00000000eee00000)
  to   space 2560K, 0% used [0x00000000ee900000,0x00000000ee900000,0x00000000eeb80000)
 ParOldGen       total 42496K, used 8285K [0x00000000c0000000, 0x00000000c2980000, 0x00000000eab00000)
  object space 42496K, 19% used [0x00000000c0000000,0x00000000c08176e8,0x00000000c2980000)
 Metaspace       used 5870K, capacity 6832K, committed 7040K, reserved 1056768K
  class space    used 593K, capacity 616K, committed 640K, reserved 1048576K
}
Event: 1.465 GC heap before
{Heap before GC invocations=5 (full 0):
 PSYoungGen      total 66048K, used 66022K [0x00000000eab00000, 0x00000000eee00000, 0x0000000100000000)
  eden space 63488K, 100% used [0x00000000eab00000,0x00000000ee900000,0x00000000ee900000)
  from space 2560K, 99% used [0x00000000eeb80000,0x00000000eedf9a40,0x00000000eee00000)
  to   space 2560K, 0% used [0x00000000ee900000,0x00000000ee900000,0x00000000eeb80000)
 ParOldGen       total 42496K, used 8285K [0x00000000c0000000, 0x00000000c2980000, 0x00000000eab00000)
  object space 42496K, 19% used [0x00000000c0000000,0x00000000c08176e8,0x00000000c2980000)
 Metaspace       used 6025K, capacity 6960K, committed 7040K, reserved 1056768K
  class space    used 594K, capacity 616K, committed 640K, reserved 1048576K
Event: 1.497 GC heap after
Heap after GC invocations=5 (full 0):
 PSYoungGen      total 66048K, used 2539K [0x00000000eab00000, 0x00000000f4200000, 0x0000000100000000)
  eden space 63488K, 0% used [0x00000000eab00000,0x00000000eab00000,0x00000000ee900000)
  from space 2560K, 99% used [0x00000000ee900000,0x00000000eeb7ad18,0x00000000eeb80000)
  to   space 13824K, 0% used [0x00000000f3480000,0x00000000f3480000,0x00000000f4200000)
 ParOldGen       total 42496K, used 17946K [0x00000000c0000000, 0x00000000c2980000, 0x00000000eab00000)
  object space 42496K, 42% used [0x00000000c0000000,0x00000000c1186a00,0x00000000c2980000)
 Metaspace       used 6025K, capacity 6960K, committed 7040K, reserved 1056768K
  class space    used 594K, capacity 616K, committed 640K, reserved 1048576K
}
Event: 1.782 GC heap before
{Heap before GC invocations=6 (full 0):
 PSYoungGen      total 66048K, used 66027K [0x00000000eab00000, 0x00000000f4200000, 0x0000000100000000)
  eden space 63488K, 100% used [0x00000000eab00000,0x00000000ee900000,0x00000000ee900000)
  from space 2560K, 99% used [0x00000000ee900000,0x00000000eeb7ad18,0x00000000eeb80000)
  to   space 13824K, 0% used [0x00000000f3480000,0x00000000f3480000,0x00000000f4200000)
 ParOldGen       total 42496K, used 17946K [0x00000000c0000000, 0x00000000c2980000, 0x00000000eab00000)
  object space 42496K, 42% used [0x00000000c0000000,0x00000000c1186a00,0x00000000c2980000)
 Metaspace       used 6025K, capacity 6960K, committed 7040K, reserved 1056768K
  class space    used 594K, capacity 616K, committed 640K, reserved 1048576K
Event: 1.809 GC heap after
Heap after GC invocations=6 (full 0):
 PSYoungGen      total 138752K, used 11792K [0x00000000eab00000, 0x00000000f4600000, 0x0000000100000000)
  eden space 124928K, 0% used [0x00000000eab00000,0x00000000eab00000,0x00000000f2500000)
  from space 13824K, 85% used [0x00000000f3480000,0x00000000f40042a8,0x00000000f4200000)
  to   space 15872K, 0% used [0x00000000f2500000,0x00000000f2500000,0x00000000f3480000)
 ParOldGen       total 42496K, used 17946K [0x00000000c0000000, 0x00000000c2980000, 0x00000000eab00000)
  object space 42496K, 42% used [0x00000000c0000000,0x00000000c1186a00,0x00000000c2980000)
 Metaspace       used 6025K, capacity 6960K, committed 7040K, reserved 1056768K
  class space    used 594K, capacity 616K, committed 640K, reserved 1048576K
}
Event: 2.454 GC heap before
{Heap before GC invocations=7 (full 0):
 PSYoungGen      total 138752K, used 136720K [0x00000000eab00000, 0x00000000f4600000, 0x0000000100000000)
  eden space 124928K, 100% used [0x00000000eab00000,0x00000000f2500000,0x00000000f2500000)
  from space 13824K, 85% used [0x00000000f3480000,0x00000000f40042a8,0x00000000f4200000)
  to   space 15872K, 0% used [0x00000000f2500000,0x00000000f2500000,0x00000000f3480000)
 ParOldGen       total 42496K, used 17946K [0x00000000c0000000, 0x00000000c2980000, 0x00000000eab00000)
  object space 42496K, 42% used [0x00000000c0000000,0x00000000c1186a00,0x00000000c2980000)
 Metaspace       used 6324K, capacity 7192K, committed 7424K, reserved 1056768K
  class space    used 615K, capacity 656K, committed 768K, reserved 1048576K

Deoptimization events (10 events):
Event: 0.695 Thread 0x00007f668022e000 Uncommon trap: reason=class_check action=maybe_recompile pc=0x00007f66712ce224 method=com.android.dx.ssa.NormalSsaInsn.accept(Lcom/android/dx/ssa/SsaInsn$Visitor;)V @ 9
Event: 0.709 Thread 0x00007f6680218800 Uncommon trap: reason=unstable_if action=reinterpret pc=0x00007f667126c81c method=com.android.dx.rop.cst.Constant.compareTo(Lcom/android/dx/rop/cst/Constant;)I @ 12
Event: 0.886 Thread 0x00007f6680008800 Uncommon trap: reason=null_check action=make_not_entrant pc=0x00007f667132ea68 method=com.android.dx.ssa.SsaRenamer.getLocalForNewReg(I)Lcom/android/dx/rop/code/LocalItem; @ 19
Event: 0.976 Thread 0x00007f6680230000 Uncommon trap: reason=null_check action=make_not_entrant pc=0x00007f667135c4d4 method=com.android.dx.ssa.SsaRenamer.getLocalForNewReg(I)Lcom/android/dx/rop/code/LocalItem; @ 19
Event: 2.228 Thread 0x00007f6680230000 Uncommon trap: reason=unstable_if action=reinterpret pc=0x00007f667156ad08 method=java.util.HashMap.putVal(ILjava/lang/Object;Ljava/lang/Object;ZZ)Ljava/lang/Object; @ 162
Event: 2.254 Thread 0x00007f668022e000 Uncommon trap: reason=unstable_if action=reinterpret pc=0x00007f66712ade48 method=java.util.HashMap.getNode(ILjava/lang/Object;)Ljava/util/HashMap$Node; @ 84
Event: 2.311 Thread 0x00007f6680230000 Uncommon trap: reason=unstable_if action=reinterpret pc=0x00007f6671586a40 method=java.util.HashMap.putVal(ILjava/lang/Object;Ljava/lang/Object;ZZ)Ljava/lang/Object; @ 206
Event: 2.315 Thread 0x00007f6680008800 Uncommon trap: reason=bimorphic action=maybe_recompile pc=0x00007f66716729e4 method=com.android.dx.cf.code.BytecodeArray.parseInstruction(ILcom/android/dx/cf/code/BytecodeArray$Visitor;)I @ 2281
Event: 2.315 Thread 0x00007f6680008800 Uncommon trap: reason=bimorphic action=maybe_recompile pc=0x00007f66716729e4 method=com.android.dx.cf.code.BytecodeArray.parseInstruction(ILcom/android/dx/cf/code/BytecodeArray$Visitor;)I @ 2281
Event: 2.366 Thread 0x00007f6680008800 Uncommon trap: reason=unstable_if action=reinterpret pc=0x00007f66712b496c method=java.util.HashMap.getNode(ILjava/lang/Object;)Ljava/util/HashMap$Node; @ 84

Internal exceptions (7 events):
Event: 0.022 Thread 0x00007f6680008800 Exception <a 'java/lang/NoSuchMethodError': Method sun.misc.Unsafe.defineClass(Ljava/lang/String;[BII)Ljava/lang/Class; name or signature does not match> (0x00000000eab07cc0) thrown at [/HUDSON/workspace/8-2-build-linux-amd64/jdk8u72/5732/hotspot/src/shar
Event: 0.022 Thread 0x00007f6680008800 Exception <a 'java/lang/NoSuchMethodError': Method sun.misc.Unsafe.prefetchRead(Ljava/lang/Object;J)V name or signature does not match> (0x00000000eab07fa8) thrown at [/HUDSON/workspace/8-2-build-linux-amd64/jdk8u72/5732/hotspot/src/share/vm/prims/jni.cpp
Event: 0.886 Thread 0x00007f6680008800 Implicit null exception at 0x00007f667132be30 to 0x00007f667132ea2d
Event: 0.976 Thread 0x00007f6680230000 Implicit null exception at 0x00007f66713598c8 to 0x00007f667135c4b5
Event: 2.241 Thread 0x00007f6680230000 Exception <a 'java/lang/ArrayIndexOutOfBoundsException': 18> (0x00000000efee3d48) thrown at [/HUDSON/workspace/8-2-build-linux-amd64/jdk8u72/5732/hotspot/src/share/vm/interpreter/interpreterRuntime.cpp, line 366]
Event: 2.241 Thread 0x00007f6680230000 Exception <a 'java/lang/ArrayIndexOutOfBoundsException': 145> (0x00000000efee58c8) thrown at [/HUDSON/workspace/8-2-build-linux-amd64/jdk8u72/5732/hotspot/src/share/vm/interpreter/interpreterRuntime.cpp, line 366]
Event: 2.242 Thread 0x00007f6680230000 Exception <a 'java/lang/ArrayIndexOutOfBoundsException': 40> (0x00000000efee6bb0) thrown at [/HUDSON/workspace/8-2-build-linux-amd64/jdk8u72/5732/hotspot/src/share/vm/interpreter/interpreterRuntime.cpp, line 366]

Events (10 events):
Event: 2.315 Thread 0x00007f6680008800 DEOPT UNPACKING pc=0x00007f6671005229 sp=0x00007f6689d22630 mode 2
Event: 2.315 Thread 0x00007f6680008800 Uncommon trap: trap_request=0xffffffc6 fr.pc=0x00007f66716729e4
Event: 2.315 Thread 0x00007f6680008800 DEOPT PACKING pc=0x00007f66716729e4 sp=0x00007f6689d22450
Event: 2.315 Thread 0x00007f6680008800 DEOPT UNPACKING pc=0x00007f6671005229 sp=0x00007f6689d22400 mode 2
Event: 2.366 Thread 0x00007f6680008800 Uncommon trap: trap_request=0xffffff65 fr.pc=0x00007f66712b496c
Event: 2.366 Thread 0x00007f6680008800 DEOPT PACKING pc=0x00007f66712b496c sp=0x00007f6689d22180
Event: 2.366 Thread 0x00007f6680008800 DEOPT UNPACKING pc=0x00007f6671005229 sp=0x00007f6689d220c0 mode 2
Event: 2.370 Executing VM operation: ForceSafepoint
Event: 2.371 Executing VM operation: ForceSafepoint done
Event: 2.454 Executing VM operation: ParallelGCFailedAllocation


Dynamic libraries:
00400000-00401000 r-xp 00000000 08:06 399874                             /usr/lib/jvm/java-8-jdk/jre/bin/java
00600000-00601000 rw-p 00000000 08:06 399874                             /usr/lib/jvm/java-8-jdk/jre/bin/java
01b7e000-01b9f000 rw-p 00000000 00:00 0                                  [heap]
c0000000-c2980000 rw-p 00000000 00:00 0 
c2980000-eab00000 ---p 00000000 00:00 0 
eab00000-f4600000 rw-p 00000000 00:00 0 
fd100000-100000000 ---p 00000000 00:00 0 
100000000-1000c0000 rw-p 00000000 00:00 0 
1000c0000-140000000 ---p 00000000 00:00 0 
7f661c000000-7f661c026000 rw-p 00000000 00:00 0 
7f661c026000-7f6620000000 ---p 00000000 00:00 0 
7f6624000000-7f6624021000 rw-p 00000000 00:00 0 
7f6624021000-7f6628000000 ---p 00000000 00:00 0 
7f6628000000-7f6628021000 rw-p 00000000 00:00 0 
7f6628021000-7f662c000000 ---p 00000000 00:00 0 
7f662c000000-7f662c02a000 rw-p 00000000 00:00 0 
7f662c02a000-7f6630000000 ---p 00000000 00:00 0 
7f6630000000-7f6630021000 rw-p 00000000 00:00 0 
7f6630021000-7f6634000000 ---p 00000000 00:00 0 
7f6634000000-7f6634021000 rw-p 00000000 00:00 0 
7f6634021000-7f6638000000 ---p 00000000 00:00 0 
7f6638000000-7f6638021000 rw-p 00000000 00:00 0 
7f6638021000-7f663c000000 ---p 00000000 00:00 0 
7f663c000000-7f663ce69000 rw-p 00000000 00:00 0 
7f663ce69000-7f6640000000 ---p 00000000 00:00 0 
7f6640000000-7f6640ae3000 rw-p 00000000 00:00 0 
7f6640ae3000-7f6644000000 ---p 00000000 00:00 0 
7f6644000000-7f6644021000 rw-p 00000000 00:00 0 
7f6644021000-7f6648000000 ---p 00000000 00:00 0 
7f6648000000-7f6648f5a000 rw-p 00000000 00:00 0 
7f6648f5a000-7f664c000000 ---p 00000000 00:00 0 
7f664c000000-7f664c021000 rw-p 00000000 00:00 0 
7f664c021000-7f6650000000 ---p 00000000 00:00 0 
7f6650000000-7f6650021000 rw-p 00000000 00:00 0 
7f6650021000-7f6654000000 ---p 00000000 00:00 0 
7f6654000000-7f6654021000 rw-p 00000000 00:00 0 
7f6654021000-7f6658000000 ---p 00000000 00:00 0 
7f6658000000-7f66582b5000 rw-p 00000000 00:00 0 
7f66582b5000-7f665c000000 ---p 00000000 00:00 0 
7f665c000000-7f665c021000 rw-p 00000000 00:00 0 
7f665c021000-7f6660000000 ---p 00000000 00:00 0 
7f6664000000-7f6664021000 rw-p 00000000 00:00 0 
7f6664021000-7f6668000000 ---p 00000000 00:00 0 
7f666ac95000-7f666ac98000 ---p 00000000 00:00 0 
7f666ac98000-7f666ad96000 rw-p 00000000 00:00 0                          [stack:5194]
7f666ad96000-7f666ad99000 ---p 00000000 00:00 0 
7f666ad99000-7f666ae97000 rw-p 00000000 00:00 0                          [stack:5193]
7f666ae97000-7f666ae9a000 ---p 00000000 00:00 0 
7f666ae9a000-7f666af98000 rw-p 00000000 00:00 0                          [stack:5192]
7f666af98000-7f666af9b000 ---p 00000000 00:00 0 
7f666af9b000-7f666b099000 rw-p 00000000 00:00 0                          [stack:5191]
7f666b099000-7f666b09c000 ---p 00000000 00:00 0 
7f666b09c000-7f666b19a000 rw-p 00000000 00:00 0                          [stack:5190]
7f666b19a000-7f666b19b000 ---p 00000000 00:00 0 
7f666b19b000-7f666b29b000 rw-p 00000000 00:00 0                          [stack:5189]
7f666b29b000-7f666b29e000 ---p 00000000 00:00 0 
7f666b29e000-7f666b39c000 rw-p 00000000 00:00 0                          [stack:5188]
7f666b39c000-7f666b39f000 ---p 00000000 00:00 0 
7f666b39f000-7f666b49d000 rw-p 00000000 00:00 0                          [stack:5187]
7f666b49d000-7f666b4a0000 ---p 00000000 00:00 0 
7f666b4a0000-7f666b59e000 rw-p 00000000 00:00 0                          [stack:5186]
7f666b59e000-7f666b5a1000 ---p 00000000 00:00 0 
7f666b5a1000-7f666b69f000 rw-p 00000000 00:00 0                          [stack:5185]
7f666b69f000-7f666b6a2000 ---p 00000000 00:00 0 
7f666b6a2000-7f666b7a0000 rw-p 00000000 00:00 0                          [stack:5184]
7f666b7a0000-7f666b8f9000 r--p 00000000 08:06 178958                     /usr/lib/locale/locale-archive
7f666b8f9000-7f666b8fc000 ---p 00000000 00:00 0 
7f666b8fc000-7f666b9fa000 rw-p 00000000 00:00 0                          [stack:5183]
7f666b9fa000-7f666b9fd000 ---p 00000000 00:00 0 
7f666b9fd000-7f666bafb000 rw-p 00000000 00:00 0                          [stack:5182]
7f666bafb000-7f666bafc000 ---p 00000000 00:00 0 
7f666bafc000-7f666c000000 rw-p 00000000 00:00 0                          [stack:5181]
7f666c000000-7f666c021000 rw-p 00000000 00:00 0 
7f666c021000-7f6670000000 ---p 00000000 00:00 0 
7f6670072000-7f6670099000 r--p 00000000 08:06 133211                     /usr/share/locale/ko/LC_MESSAGES/libc.mo
7f6670099000-7f66700d8000 r--s 00349000 08:06 13239120                   /home/youngbin/shipped-android/app/build/intermediates/transforms/jarMerging/debug/jars/1/1f/combined.jar
7f66700d8000-7f6670e80000 rw-p 00000000 00:00 0 
7f6670e80000-7f6671000000 ---p 00000000 00:00 0 
7f6671000000-7f6671700000 rwxp 00000000 00:00 0 
7f6671700000-7f6680000000 ---p 00000000 00:00 0 
7f6680000000-7f66803a5000 rw-p 00000000 00:00 0 
7f66803a5000-7f6684000000 ---p 00000000 00:00 0 
7f668400a000-7f668449f000 rw-p 00000000 00:00 0 
7f668449f000-7f6684677000 r--s 03d1d000 08:06 399677                     /usr/lib/jvm/java-8-jdk/jre/lib/rt.jar
7f6684677000-7f66868ed000 rw-p 00000000 00:00 0 
7f66868ed000-7f66868ee000 ---p 00000000 00:00 0 
7f66868ee000-7f66869ee000 rw-p 00000000 00:00 0                          [stack:5180]
7f66869ee000-7f66869ef000 ---p 00000000 00:00 0 
7f66869ef000-7f6686aef000 rw-p 00000000 00:00 0                          [stack:5179]
7f6686aef000-7f6686af0000 ---p 00000000 00:00 0 
7f6686af0000-7f6686bf0000 rw-p 00000000 00:00 0                          [stack:5178]
7f6686bf0000-7f6686bf1000 ---p 00000000 00:00 0 
7f6686bf1000-7f6686d06000 rw-p 00000000 00:00 0                          [stack:5177]
7f6686d06000-7f6686e47000 ---p 00000000 00:00 0 
7f6686e47000-7f6686e5c000 rw-p 00000000 00:00 0 
7f6686e5c000-7f6686f9c000 ---p 00000000 00:00 0 
7f6686f9c000-7f6686fea000 rw-p 00000000 00:00 0 
7f6686fea000-7f6687047000 ---p 00000000 00:00 0 
7f6687047000-7f6687064000 rw-p 00000000 00:00 0 
7f6687064000-7f6687408000 ---p 00000000 00:00 0 
7f6687408000-7f6687422000 r-xp 00000000 08:06 399785                     /usr/lib/jvm/java-8-jdk/jre/lib/amd64/libzip.so
7f6687422000-7f6687622000 ---p 0001a000 08:06 399785                     /usr/lib/jvm/java-8-jdk/jre/lib/amd64/libzip.so
7f6687622000-7f6687623000 rw-p 0001a000 08:06 399785                     /usr/lib/jvm/java-8-jdk/jre/lib/amd64/libzip.so
7f6687623000-7f668762e000 r-xp 00000000 08:06 134352                     /usr/lib/libnss_files-2.23.so
7f668762e000-7f668782d000 ---p 0000b000 08:06 134352                     /usr/lib/libnss_files-2.23.so
7f668782d000-7f668782e000 r--p 0000a000 08:06 134352                     /usr/lib/libnss_files-2.23.so
7f668782e000-7f668782f000 rw-p 0000b000 08:06 134352                     /usr/lib/libnss_files-2.23.so
7f668782f000-7f6687835000 rw-p 00000000 00:00 0 
7f6687835000-7f668785f000 r-xp 00000000 08:06 399805                     /usr/lib/jvm/java-8-jdk/jre/lib/amd64/libjava.so
7f668785f000-7f6687a5f000 ---p 0002a000 08:06 399805                     /usr/lib/jvm/java-8-jdk/jre/lib/amd64/libjava.so
7f6687a5f000-7f6687a61000 rw-p 0002a000 08:06 399805                     /usr/lib/jvm/java-8-jdk/jre/lib/amd64/libjava.so
7f6687a61000-7f6687a6e000 r-xp 00000000 08:06 399791                     /usr/lib/jvm/java-8-jdk/jre/lib/amd64/libverify.so
7f6687a6e000-7f6687c6e000 ---p 0000d000 08:06 399791                     /usr/lib/jvm/java-8-jdk/jre/lib/amd64/libverify.so
7f6687c6e000-7f6687c70000 rw-p 0000d000 08:06 399791                     /usr/lib/jvm/java-8-jdk/jre/lib/amd64/libverify.so
7f6687c70000-7f6687c77000 r-xp 00000000 08:06 134360                     /usr/lib/librt-2.23.so
7f6687c77000-7f6687e76000 ---p 00007000 08:06 134360                     /usr/lib/librt-2.23.so
7f6687e76000-7f6687e77000 r--p 00006000 08:06 134360                     /usr/lib/librt-2.23.so
7f6687e77000-7f6687e78000 rw-p 00007000 08:06 134360                     /usr/lib/librt-2.23.so
7f6687e78000-7f6687f7b000 r-xp 00000000 08:06 134357                     /usr/lib/libm-2.23.so
7f6687f7b000-7f668817b000 ---p 00103000 08:06 134357                     /usr/lib/libm-2.23.so
7f668817b000-7f668817c000 r--p 00103000 08:06 134357                     /usr/lib/libm-2.23.so
7f668817c000-7f668817d000 rw-p 00104000 08:06 134357                     /usr/lib/libm-2.23.so
7f668817d000-7f6688e3c000 r-xp 00000000 08:06 530091                     /usr/lib/jvm/java-8-jdk/jre/lib/amd64/server/libjvm.so
7f6688e3c000-7f668903b000 ---p 00cbf000 08:06 530091                     /usr/lib/jvm/java-8-jdk/jre/lib/amd64/server/libjvm.so
7f668903b000-7f6689114000 rw-p 00cbe000 08:06 530091                     /usr/lib/jvm/java-8-jdk/jre/lib/amd64/server/libjvm.so
7f6689114000-7f668915d000 rw-p 00000000 00:00 0 
7f668915d000-7f66892f5000 r-xp 00000000 08:06 134281                     /usr/lib/libc-2.23.so
7f66892f5000-7f66894f4000 ---p 00198000 08:06 134281                     /usr/lib/libc-2.23.so
7f66894f4000-7f66894f8000 r--p 00197000 08:06 134281                     /usr/lib/libc-2.23.so
7f66894f8000-7f66894fa000 rw-p 0019b000 08:06 134281                     /usr/lib/libc-2.23.so
7f66894fa000-7f66894fe000 rw-p 00000000 00:00 0 
7f66894fe000-7f6689500000 r-xp 00000000 08:06 134356                     /usr/lib/libdl-2.23.so
7f6689500000-7f6689700000 ---p 00002000 08:06 134356                     /usr/lib/libdl-2.23.so
7f6689700000-7f6689701000 r--p 00002000 08:06 134356                     /usr/lib/libdl-2.23.so
7f6689701000-7f6689702000 rw-p 00003000 08:06 134356                     /usr/lib/libdl-2.23.so
7f6689702000-7f6689717000 r-xp 00000000 08:06 530090                     /usr/lib/jvm/java-8-jdk/jre/lib/amd64/jli/libjli.so
7f6689717000-7f6689917000 ---p 00015000 08:06 530090                     /usr/lib/jvm/java-8-jdk/jre/lib/amd64/jli/libjli.so
7f6689917000-7f6689918000 rw-p 00015000 08:06 530090                     /usr/lib/jvm/java-8-jdk/jre/lib/amd64/jli/libjli.so
7f6689918000-7f6689930000 r-xp 00000000 08:06 134256                     /usr/lib/libpthread-2.23.so
7f6689930000-7f6689b2f000 ---p 00018000 08:06 134256                     /usr/lib/libpthread-2.23.so
7f6689b2f000-7f6689b30000 r--p 00017000 08:06 134256                     /usr/lib/libpthread-2.23.so
7f6689b30000-7f6689b31000 rw-p 00018000 08:06 134256                     /usr/lib/libpthread-2.23.so
7f6689b31000-7f6689b35000 rw-p 00000000 00:00 0 
7f6689b35000-7f6689b58000 r-xp 00000000 08:06 134280                     /usr/lib/ld-2.23.so
7f6689b5f000-7f6689c24000 rw-p 00000000 00:00 0 
7f6689c24000-7f6689c27000 ---p 00000000 00:00 0 
7f6689c27000-7f6689d29000 rw-p 00000000 00:00 0                          [stack:5176]
7f6689d2a000-7f6689d39000 r--s 000df000 08:06 13763614                   /home/youngbin/Android/Sdk/build-tools/23.0.2/lib/dx.jar
7f6689d39000-7f6689d4d000 rw-p 00000000 00:00 0 
7f6689d4d000-7f6689d55000 rw-s 00000000 00:21 434811                     /tmp/hsperfdata_youngbin/5171
7f6689d55000-7f6689d56000 rw-p 00000000 00:00 0 
7f6689d56000-7f6689d57000 ---p 00000000 00:00 0 
7f6689d57000-7f6689d58000 rw-p 00000000 00:00 0 
7f6689d58000-7f6689d59000 r--p 00023000 08:06 134280                     /usr/lib/ld-2.23.so
7f6689d59000-7f6689d5a000 rw-p 00024000 08:06 134280                     /usr/lib/ld-2.23.so
7f6689d5a000-7f6689d5b000 rw-p 00000000 00:00 0 
7ffce841a000-7ffce843b000 rw-p 00000000 00:00 0                          [stack]
7ffce84b5000-7ffce84b7000 r--p 00000000 00:00 0                          [vvar]
7ffce84b7000-7ffce84b9000 r-xp 00000000 00:00 0                          [vdso]
ffffffffff600000-ffffffffff601000 r-xp 00000000 00:00 0                  [vsyscall]

VM Arguments:
jvm_args: -Djava.awt.headless=true -Xmx1024M -Dfile.encoding=UTF-8 -Duser.country=KR -Duser.language=ko -Duser.variant 
java_command: com.android.dx.command.Main --dex --num-threads=4 --multi-dex --main-dex-list /home/youngbin/shipped-android/app/build/intermediates/multi-dex/debug/maindexlist.txt --output /home/youngbin/shipped-android/app/build/intermediates/transforms/dex/debug/folders/1000/1f/main /home/youngbin/shipped-android/app/build/intermediates/transforms/jarMerging/debug/jars/1/1f/combined.jar
java_class_path (initial): /home/youngbin/Android/Sdk/build-tools/23.0.2/lib/dx.jar
Launcher Type: SUN_STANDARD

Environment Variables:
PATH=/usr/local/sbin:/usr/local/bin:/usr/bin:/usr/lib/jvm/default/bin:/usr/bin/site_perl:/usr/bin/vendor_perl:/usr/bin/core_perl
USERNAME=youngbin
LD_LIBRARY_PATH=/home/youngbin/android-studio/bin:
SHELL=/usr/bin/fish
DISPLAY=:1

Signal Handlers:
SIGSEGV: [libjvm.so+0xabb070], sa_mask[0]=11111111011111111101111111111110, sa_flags=SA_RESTART|SA_SIGINFO
SIGBUS: [libjvm.so+0xabb070], sa_mask[0]=11111111011111111101111111111110, sa_flags=SA_RESTART|SA_SIGINFO
SIGFPE: [libjvm.so+0x918480], sa_mask[0]=11111111011111111101111111111110, sa_flags=SA_RESTART|SA_SIGINFO
SIGPIPE: [libjvm.so+0x918480], sa_mask[0]=11111111011111111101111111111110, sa_flags=SA_RESTART|SA_SIGINFO
SIGXFSZ: [libjvm.so+0x918480], sa_mask[0]=11111111011111111101111111111110, sa_flags=SA_RESTART|SA_SIGINFO
SIGILL: [libjvm.so+0x918480], sa_mask[0]=11111111011111111101111111111110, sa_flags=SA_RESTART|SA_SIGINFO
SIGUSR1: SIG_DFL, sa_mask[0]=00000000000000000000000000000000, sa_flags=none
SIGUSR2: [libjvm.so+0x919ab0], sa_mask[0]=00100000000000000000000000000000, sa_flags=SA_RESTART|SA_SIGINFO
SIGHUP: [libjvm.so+0x91aeb0], sa_mask[0]=11111111011111111101111111111110, sa_flags=SA_RESTART|SA_SIGINFO
SIGINT: [libjvm.so+0x91aeb0], sa_mask[0]=11111111011111111101111111111110, sa_flags=SA_RESTART|SA_SIGINFO
SIGTERM: [libjvm.so+0x91aeb0], sa_mask[0]=11111111011111111101111111111110, sa_flags=SA_RESTART|SA_SIGINFO
SIGQUIT: [libjvm.so+0x91aeb0], sa_mask[0]=11111111011111111101111111111110, sa_flags=SA_RESTART|SA_SIGINFO


---------------  S Y S T E M  ---------------

OS:NAME="Antergos Linux"
VERSION="2015.12-ISO-Rolling"
ID="antergos"
ID_LIKE="arch"
PRETTY_NAME="Antergos Linux"
CPE_NAME="cpe:/o:antergosproject:antergos:2015.12"
ANSI_COLOR="1;34;40"
HOME_URL="https://antergos.com/"
SUPPORT_URL="https://forum.antergos.com/"
BUG_REPORT_URL="https://github.com/antergos"


uname:Linux 4.4.1-2-ARCH #1 SMP PREEMPT Wed Feb 3 13:12:33 UTC 2016 x86_64
libc:glibc 2.23 NPTL 2.23 
rlimit: STACK 8192k, CORE infinity, NPROC 14900, NOFILE 4096, AS infinity
load average:0.46 0.55 0.63

/proc/meminfo:
MemTotal:        4007080 kB
MemFree:           31780 kB
MemAvailable:      99600 kB
Buffers:            3976 kB
Cached:            98556 kB
SwapCached:            0 kB
Active:          3688688 kB
Inactive:          62844 kB
Active(anon):    3651452 kB
Inactive(anon):    31004 kB
Active(file):      37236 kB
Inactive(file):    31840 kB
Unevictable:          80 kB
Mlocked:        34359738448 kB
SwapTotal:             0 kB
SwapFree:              0 kB
Dirty:               104 kB
Writeback:          5728 kB
AnonPages:       3649080 kB
Mapped:            77264 kB
Shmem:             33352 kB
Slab:              64996 kB
SReclaimable:      28324 kB
SUnreclaim:        36672 kB
KernelStack:       11296 kB
PageTables:        50796 kB
NFS_Unstable:          0 kB
Bounce:                0 kB
WritebackTmp:          0 kB
CommitLimit:     2003540 kB
Committed_AS:    8408264 kB
VmallocTotal:   34359738367 kB
VmallocUsed:           0 kB
VmallocChunk:          0 kB
HardwareCorrupted:     0 kB
AnonHugePages:   1968128 kB
HugePages_Total:       0
HugePages_Free:        0
HugePages_Rsvd:        0
HugePages_Surp:        0
Hugepagesize:       2048 kB
DirectMap4k:      129424 kB
DirectMap2M:     4020224 kB


CPU:total 4 (2 cores per cpu, 2 threads per core) family 6 model 42 stepping 7, cmov, cx8, fxsr, mmx, sse, sse2, sse3, ssse3, sse4.1, sse4.2, popcnt, avx, clmul, ht, tsc, tscinvbit

/proc/cpuinfo:
processor	: 0
vendor_id	: GenuineIntel
cpu family	: 6
model		: 42
model name	: Intel(R) Core(TM) i3-2120 CPU @ 3.30GHz
stepping	: 7
microcode	: 0x26
cpu MHz		: 2684.472
cache size	: 3072 KB
physical id	: 0
siblings	: 4
core id		: 0
cpu cores	: 2
apicid		: 0
initial apicid	: 0
fpu		: yes
fpu_exception	: yes
cpuid level	: 13
wp		: yes
flags		: fpu vme de pse tsc msr pae mce cx8 apic sep mtrr pge mca cmov pat pse36 clflush dts acpi mmx fxsr sse sse2 ss ht tm pbe syscall nx rdtscp lm constant_tsc arch_perfmon pebs bts rep_good nopl xtopology nonstop_tsc aperfmperf eagerfpu pni pclmulqdq dtes64 monitor ds_cpl vmx est tm2 ssse3 cx16 xtpr pdcm pcid sse4_1 sse4_2 popcnt tsc_deadline_timer xsave avx lahf_lm arat epb pln pts dtherm tpr_shadow vnmi flexpriority ept vpid xsaveopt
bugs		:
bogomips	: 6602.93
clflush size	: 64
cache_alignment	: 64
address sizes	: 36 bits physical, 48 bits virtual
power management:

processor	: 1
vendor_id	: GenuineIntel
cpu family	: 6
model		: 42
model name	: Intel(R) Core(TM) i3-2120 CPU @ 3.30GHz
stepping	: 7
microcode	: 0x26
cpu MHz		: 2579.800
cache size	: 3072 KB
physical id	: 0
siblings	: 4
core id		: 1
cpu cores	: 2
apicid		: 2
initial apicid	: 2
fpu		: yes
fpu_exception	: yes
cpuid level	: 13
wp		: yes
flags		: fpu vme de pse tsc msr pae mce cx8 apic sep mtrr pge mca cmov pat pse36 clflush dts acpi mmx fxsr sse sse2 ss ht tm pbe syscall nx rdtscp lm constant_tsc arch_perfmon pebs bts rep_good nopl xtopology nonstop_tsc aperfmperf eagerfpu pni pclmulqdq dtes64 monitor ds_cpl vmx est tm2 ssse3 cx16 xtpr pdcm pcid sse4_1 sse4_2 popcnt tsc_deadline_timer xsave avx lahf_lm arat epb pln pts dtherm tpr_shadow vnmi flexpriority ept vpid xsaveopt
bugs		:
bogomips	: 6602.93
clflush size	: 64
cache_alignment	: 64
address sizes	: 36 bits physical, 48 bits virtual
power management:

processor	: 2
vendor_id	: GenuineIntel
cpu family	: 6
model		: 42
model name	: Intel(R) Core(TM) i3-2120 CPU @ 3.30GHz
stepping	: 7
microcode	: 0x26
cpu MHz		: 1776.585
cache size	: 3072 KB
physical id	: 0
siblings	: 4
core id		: 0
cpu cores	: 2
apicid		: 1
initial apicid	: 1
fpu		: yes
fpu_exception	: yes
cpuid level	: 13
wp		: yes
flags		: fpu vme de pse tsc msr pae mce cx8 apic sep mtrr pge mca cmov pat pse36 clflush dts acpi mmx fxsr sse sse2 ss ht tm pbe syscall nx rdtscp lm constant_tsc arch_perfmon pebs bts rep_good nopl xtopology nonstop_tsc aperfmperf eagerfpu pni pclmulqdq dtes64 monitor ds_cpl vmx est tm2 ssse3 cx16 xtpr pdcm pcid sse4_1 sse4_2 popcnt tsc_deadline_timer xsave avx lahf_lm arat epb pln pts dtherm tpr_shadow vnmi flexpriority ept vpid xsaveopt
bugs		:
bogomips	: 6602.93
clflush size	: 64
cache_alignment	: 64
address sizes	: 36 bits physical, 48 bits virtual
power management:

processor	: 3
vendor_id	: GenuineIntel
cpu family	: 6
model		: 42
model name	: Intel(R) Core(TM) i3-2120 CPU @ 3.30GHz
stepping	: 7
microcode	: 0x26
cpu MHz		: 2859.527
cache size	: 3072 KB
physical id	: 0
siblings	: 4
core id		: 1
cpu cores	: 2
apicid		: 3
initial apicid	: 3
fpu		: yes
fpu_exception	: yes
cpuid level	: 13
wp		: yes
flags		: fpu vme de pse tsc msr pae mce cx8 apic sep mtrr pge mca cmov pat pse36 clflush dts acpi mmx fxsr sse sse2 ss ht tm pbe syscall nx rdtscp lm constant_tsc arch_perfmon pebs bts rep_good nopl xtopology nonstop_tsc aperfmperf eagerfpu pni pclmulqdq dtes64 monitor ds_cpl vmx est tm2 ssse3 cx16 xtpr pdcm pcid sse4_1 sse4_2 popcnt tsc_deadline_timer xsave avx lahf_lm arat epb pln pts dtherm tpr_shadow vnmi flexpriority ept vpid xsaveopt
bugs		:
bogomips	: 6602.93
clflush size	: 64
cache_alignment	: 64
address sizes	: 36 bits physical, 48 bits virtual
power management:



Memory: 4k page, physical 4007080k(31780k free), swap 0k(0k free)

vm_info: Java HotSpot(TM) 64-Bit Server VM (25.72-b15) for linux-amd64 JRE (1.8.0_72-b15), built on Dec 22 2015 22:00:07 by "java_re" with gcc 4.3.0 20080428 (Red Hat 4.3.0-8)

time: Tue Feb 23 16:19:15 2016
elapsed time: 2 seconds (0d 0h 0m 2s)

