#
# There is insufficient memory for the Java Runtime Environment to continue.
# Native memory allocation (mmap) failed to map 108527616 bytes for committing reserved memory.
# Possible reasons:
#   The system is out of physical RAM or swap space
#   In 32 bit mode, the process size limit was hit
# Possible solutions:
#   Reduce memory load on the system
#   Increase physical memory or swap space
#   Check if swap backing store is full
#   Use 64 bit Java on a 64 bit OS
#   Decrease Java heap size (-Xmx/-Xms)
#   Decrease number of Java threads
#   Decrease Java thread stack sizes (-Xss)
#   Set larger code cache with -XX:ReservedCodeCacheSize=
# This output file may be truncated or incomplete.
#
#  Out of Memory Error (os_linux.cpp:2627), pid=9261, tid=140660666468096
#
# JRE version: Java(TM) SE Runtime Environment (8.0_72-b15) (build 1.8.0_72-b15)
# Java VM: Java HotSpot(TM) 64-Bit Server VM (25.72-b15 mixed mode linux-amd64 compressed oops)
# Failed to write core dump. Core dumps have been disabled. To enable core dumping, try "ulimit -c unlimited" before starting Java again
#

---------------  T H R E A D  ---------------

Current thread (0x00007fee40076800):  VMThread [stack: 0x00007fee1cff0000,0x00007fee1d0f1000] [id=9270]

Stack: [0x00007fee1cff0000,0x00007fee1d0f1000],  sp=0x00007fee1d0ef320,  free space=1020k
Native frames: (J=compiled Java code, j=interpreted, Vv=VM code, C=native code)
V  [libjvm.so+0xaba7ea]  VMError::report_and_die()+0x2ba
V  [libjvm.so+0x4f9e3b]  report_vm_out_of_memory(char const*, int, unsigned long, VMErrorType, char const*)+0x8b
V  [libjvm.so+0x91b613]  os::Linux::commit_memory_impl(char*, unsigned long, bool)+0x103
V  [libjvm.so+0x91bb69]  os::pd_commit_memory(char*, unsigned long, unsigned long, bool)+0x29
V  [libjvm.so+0x915e6a]  os::commit_memory(char*, unsigned long, unsigned long, bool)+0x2a
V  [libjvm.so+0x989543]  PSVirtualSpace::expand_by(unsigned long)+0x53
V  [libjvm.so+0x979e30]  PSOldGen::expand(unsigned long)+0x170
V  [libjvm.so+0x97a03b]  PSOldGen::resize(unsigned long)+0x1cb
V  [libjvm.so+0x981d11]  PSParallelCompact::invoke_no_policy(bool)+0x991
V  [libjvm.so+0x98766d]  PSScavenge::invoke()+0x1ad
V  [libjvm.so+0x93f300]  ParallelScavengeHeap::failed_mem_allocate(unsigned long)+0x70
V  [libjvm.so+0xabc207]  VM_ParallelGCFailedAllocation::doit()+0x97
V  [libjvm.so+0xac3c35]  VM_Operation::evaluate()+0x55
V  [libjvm.so+0xac200a]  VMThread::evaluate_operation(VM_Operation*)+0xba
V  [libjvm.so+0xac238e]  VMThread::loop()+0x1ce
V  [libjvm.so+0xac2800]  VMThread::run()+0x70
V  [libjvm.so+0x91d9d8]  java_start(Thread*)+0x108

VM_Operation (0x00007fee1c594c90): ParallelGCFailedAllocation, mode: safepoint, requested by thread 0x00007fee40238000


---------------  P R O C E S S  ---------------

Java Threads: ( => current thread )
  0x00007fee40238000 JavaThread "pool-1-thread-1" [_thread_blocked, id=9285, stack(0x00007fee1c496000,0x00007fee1c597000)]
  0x00007fee400bf000 JavaThread "Service Thread" daemon [_thread_blocked, id=9277, stack(0x00007fee1c799000,0x00007fee1c89a000)]
  0x00007fee400bb800 JavaThread "C1 CompilerThread2" daemon [_thread_blocked, id=9276, stack(0x00007fee1c89a000,0x00007fee1c99b000)]
  0x00007fee400ba000 JavaThread "C2 CompilerThread1" daemon [_thread_blocked, id=9275, stack(0x00007fee1c99b000,0x00007fee1ca9c000)]
  0x00007fee400b7000 JavaThread "C2 CompilerThread0" daemon [_thread_blocked, id=9274, stack(0x00007fee1ca9c000,0x00007fee1cb9d000)]
  0x00007fee400b5800 JavaThread "Signal Dispatcher" daemon [_thread_blocked, id=9273, stack(0x00007fee1cb9d000,0x00007fee1cc9e000)]
  0x00007fee40082800 JavaThread "Finalizer" daemon [_thread_blocked, id=9272, stack(0x00007fee1cdee000,0x00007fee1ceef000)]
  0x00007fee4007e000 JavaThread "Reference Handler" daemon [_thread_blocked, id=9271, stack(0x00007fee1ceef000,0x00007fee1cff0000)]
  0x00007fee40008800 JavaThread "main" [_thread_blocked, id=9265, stack(0x00007fee4708d000,0x00007fee4718e000)]

Other Threads:
=>0x00007fee40076800 VMThread [stack: 0x00007fee1cff0000,0x00007fee1d0f1000] [id=9270]
  0x00007fee400c1800 WatcherThread [stack: 0x00007fee1c698000,0x00007fee1c799000] [id=9278]

VM state:at safepoint (normal execution)

VM Mutex/Monitor currently owned by a thread:  ([mutex/lock_event])
[0x00007fee40005e80] ExpandHeap_lock - owner thread: 0x00007fee40076800
[0x00007fee40006500] Threads_lock - owner thread: 0x00007fee40076800
[0x00007fee40006a00] Heap_lock - owner thread: 0x00007fee40238000

Heap:
 PSYoungGen      total 218624K, used 0K [0x00000000eab00000, 0x0000000100000000, 0x0000000100000000)
  eden space 162816K, 0% used [0x00000000eab00000,0x00000000eab00000,0x00000000f4a00000)
  from space 55808K, 0% used [0x00000000fc980000,0x00000000fc980000,0x0000000100000000)
  to   space 93184K, 0% used [0x00000000f4a00000,0x00000000f4a00000,0x00000000fa500000)
 ParOldGen       total 230400K, used 208692K [0x00000000c0000000, 0x00000000ce100000, 0x00000000eab00000)
  object space 230400K, 90% used [0x00000000c0000000,0x00000000ccbcd370,0x00000000ce100000)
 Metaspace       used 6913K, capacity 7608K, committed 7936K, reserved 1056768K
  class space    used 635K, capacity 688K, committed 768K, reserved 1048576K

Card table byte_map: [0x00007fee442b6000,0x00007fee444b7000] byte_map_base: 0x00007fee43cb6000

Marking Bits: (ParMarkBitMap*) 0x00007fee4659a100
 Begin Bits: [0x00007fee1e000000, 0x00007fee1f000000)
 End Bits:   [0x00007fee1f000000, 0x00007fee20000000)

Polling page: 0x00007fee471bf000

CodeCache: size=245760Kb used=12238Kb max_used=12255Kb free=233522Kb
 bounds [0x00007fee31000000, 0x00007fee31c00000, 0x00007fee40000000]
 total_blobs=3095 nmethods=2826 adapters=182
 compilation: enabled

Compilation events (10 events):
Event: 10.096 Thread 0x00007fee400bb800 3000       2       com.android.dx.dex.code.DalvInsn::withMapper (13 bytes)
Event: 10.097 Thread 0x00007fee400bb800 nmethod 3000 0x00007fee31be8ad0 code [0x00007fee31be8c40, 0x00007fee31be8df8]
Event: 10.098 Thread 0x00007fee400bb800 3001       2       com.android.dx.util.ByteArrayAnnotatedOutput::<init> (8 bytes)
Event: 10.098 Thread 0x00007fee400bb800 nmethod 3001 0x00007fee31bf4610 code [0x00007fee31bf4780, 0x00007fee31bf4988]
Event: 10.098 Thread 0x00007fee400bb800 3003       2       com.android.dx.dex.file.CatchStructs::encode (304 bytes)
Event: 10.101 Thread 0x00007fee400bb800 nmethod 3003 0x00007fee31bf4a50 code [0x00007fee31bf4da0, 0x00007fee31bf5e78]
Event: 10.101 Thread 0x00007fee400bb800 3002       2       com.android.dx.util.ByteArrayAnnotatedOutput::<init> (9 bytes)
Event: 10.101 Thread 0x00007fee400bb800 nmethod 3002 0x00007fee31bf7250 code [0x00007fee31bf73c0, 0x00007fee31bf75c8]
Event: 10.115 Thread 0x00007fee400ba000 nmethod 2425 0x00007fee31bfba90 code [0x00007fee31bfbd00, 0x00007fee31bfd488]
Event: 10.115 Thread 0x00007fee400ba000 2450       4       com.android.dx.ssa.DeadCodeRemover::run (194 bytes)

GC Heap History (10 events):
Event: 5.868 GC heap after
Heap after GC invocations=15 (full 2):
 PSYoungGen      total 274944K, used 35166K [0x00000000eab00000, 0x0000000100000000, 0x0000000100000000)
  eden space 226816K, 0% used [0x00000000eab00000,0x00000000eab00000,0x00000000f8880000)
  from space 48128K, 73% used [0x00000000f8880000,0x00000000faad7ab0,0x00000000fb780000)
  to   space 51712K, 0% used [0x00000000fcd80000,0x00000000fcd80000,0x0000000100000000)
 ParOldGen       total 140800K, used 112850K [0x00000000c0000000, 0x00000000c8980000, 0x00000000eab00000)
  object space 140800K, 80% used [0x00000000c0000000,0x00000000c6e348e0,0x00000000c8980000)
 Metaspace       used 6548K, capacity 7320K, committed 7680K, reserved 1056768K
  class space    used 616K, capacity 656K, committed 768K, reserved 1048576K
}
Event: 5.868 GC heap before
{Heap before GC invocations=16 (full 3):
 PSYoungGen      total 274944K, used 35166K [0x00000000eab00000, 0x0000000100000000, 0x0000000100000000)
  eden space 226816K, 0% used [0x00000000eab00000,0x00000000eab00000,0x00000000f8880000)
  from space 48128K, 73% used [0x00000000f8880000,0x00000000faad7ab0,0x00000000fb780000)
  to   space 51712K, 0% used [0x00000000fcd80000,0x00000000fcd80000,0x0000000100000000)
 ParOldGen       total 140800K, used 112850K [0x00000000c0000000, 0x00000000c8980000, 0x00000000eab00000)
  object space 140800K, 80% used [0x00000000c0000000,0x00000000c6e348e0,0x00000000c8980000)
 Metaspace       used 6548K, capacity 7320K, committed 7680K, reserved 1056768K
  class space    used 616K, capacity 656K, committed 768K, reserved 1048576K
Event: 6.899 GC heap after
Heap after GC invocations=16 (full 3):
 PSYoungGen      total 274944K, used 5274K [0x00000000eab00000, 0x0000000100000000, 0x0000000100000000)
  eden space 226816K, 0% used [0x00000000eab00000,0x00000000eab00000,0x00000000f8880000)
  from space 48128K, 10% used [0x00000000f8880000,0x00000000f8da6bd0,0x00000000fb780000)
  to   space 51712K, 0% used [0x00000000fcd80000,0x00000000fcd80000,0x0000000100000000)
 ParOldGen       total 230400K, used 140404K [0x00000000c0000000, 0x00000000ce100000, 0x00000000eab00000)
  object space 230400K, 60% used [0x00000000c0000000,0x00000000c891d3a0,0x00000000ce100000)
 Metaspace       used 6548K, capacity 7320K, committed 7680K, reserved 1056768K
  class space    used 616K, capacity 656K, committed 768K, reserved 1048576K
}
Event: 7.471 GC heap before
{Heap before GC invocations=17 (full 3):
 PSYoungGen      total 274944K, used 232090K [0x00000000eab00000, 0x0000000100000000, 0x0000000100000000)
  eden space 226816K, 100% used [0x00000000eab00000,0x00000000f8880000,0x00000000f8880000)
  from space 48128K, 10% used [0x00000000f8880000,0x00000000f8da6bd0,0x00000000fb780000)
  to   space 51712K, 0% used [0x00000000fcd80000,0x00000000fcd80000,0x0000000100000000)
 ParOldGen       total 230400K, used 140404K [0x00000000c0000000, 0x00000000ce100000, 0x00000000eab00000)
  object space 230400K, 60% used [0x00000000c0000000,0x00000000c891d3a0,0x00000000ce100000)
 Metaspace       used 6556K, capacity 7320K, committed 7680K, reserved 1056768K
  class space    used 616K, capacity 656K, committed 768K, reserved 1048576K
Event: 7.606 GC heap after
Heap after GC invocations=17 (full 3):
 PSYoungGen      total 289280K, used 39412K [0x00000000eab00000, 0x0000000100000000, 0x0000000100000000)
  eden space 237568K, 0% used [0x00000000eab00000,0x00000000eab00000,0x00000000f9300000)
  from space 51712K, 76% used [0x00000000fcd80000,0x00000000ff3fd078,0x0000000100000000)
  to   space 55808K, 0% used [0x00000000f9300000,0x00000000f9300000,0x00000000fc980000)
 ParOldGen       total 230400K, used 140412K [0x00000000c0000000, 0x00000000ce100000, 0x00000000eab00000)
  object space 230400K, 60% used [0x00000000c0000000,0x00000000c891f3a0,0x00000000ce100000)
 Metaspace       used 6556K, capacity 7320K, committed 7680K, reserved 1056768K
  class space    used 616K, capacity 656K, committed 768K, reserved 1048576K
}
Event: 8.294 GC heap before
{Heap before GC invocations=18 (full 3):
 PSYoungGen      total 289280K, used 276980K [0x00000000eab00000, 0x0000000100000000, 0x0000000100000000)
  eden space 237568K, 100% used [0x00000000eab00000,0x00000000f9300000,0x00000000f9300000)
  from space 51712K, 76% used [0x00000000fcd80000,0x00000000ff3fd078,0x0000000100000000)
  to   space 55808K, 0% used [0x00000000f9300000,0x00000000f9300000,0x00000000fc980000)
 ParOldGen       total 230400K, used 140412K [0x00000000c0000000, 0x00000000ce100000, 0x00000000eab00000)
  object space 230400K, 60% used [0x00000000c0000000,0x00000000c891f3a0,0x00000000ce100000)
 Metaspace       used 6569K, capacity 7320K, committed 7680K, reserved 1056768K
  class space    used 616K, capacity 656K, committed 768K, reserved 1048576K
Event: 8.401 GC heap after
Heap after GC invocations=18 (full 3):
 PSYoungGen      total 293376K, used 55789K [0x00000000eab00000, 0x0000000100000000, 0x0000000100000000)
  eden space 237568K, 0% used [0x00000000eab00000,0x00000000eab00000,0x00000000f9300000)
  from space 55808K, 99% used [0x00000000f9300000,0x00000000fc97b7d8,0x00000000fc980000)
  to   space 55808K, 0% used [0x00000000fc980000,0x00000000fc980000,0x0000000100000000)
 ParOldGen       total 230400K, used 156423K [0x00000000c0000000, 0x00000000ce100000, 0x00000000eab00000)
  object space 230400K, 67% used [0x00000000c0000000,0x00000000c98c1f60,0x00000000ce100000)
 Metaspace       used 6569K, capacity 7320K, committed 7680K, reserved 1056768K
  class space    used 616K, capacity 656K, committed 768K, reserved 1048576K
}
Event: 10.119 GC heap before
{Heap before GC invocations=19 (full 3):
 PSYoungGen      total 293376K, used 293357K [0x00000000eab00000, 0x0000000100000000, 0x0000000100000000)
  eden space 237568K, 100% used [0x00000000eab00000,0x00000000f9300000,0x00000000f9300000)
  from space 55808K, 99% used [0x00000000f9300000,0x00000000fc97b7d8,0x00000000fc980000)
  to   space 55808K, 0% used [0x00000000fc980000,0x00000000fc980000,0x0000000100000000)
 ParOldGen       total 230400K, used 156423K [0x00000000c0000000, 0x00000000ce100000, 0x00000000eab00000)
  object space 230400K, 67% used [0x00000000c0000000,0x00000000c98c1f60,0x00000000ce100000)
 Metaspace       used 6913K, capacity 7608K, committed 7936K, reserved 1056768K
  class space    used 635K, capacity 688K, committed 768K, reserved 1048576K
Event: 10.321 GC heap after
Heap after GC invocations=19 (full 3):
 PSYoungGen      total 218624K, used 55801K [0x00000000eab00000, 0x0000000100000000, 0x0000000100000000)
  eden space 162816K, 0% used [0x00000000eab00000,0x00000000eab00000,0x00000000f4a00000)
  from space 55808K, 99% used [0x00000000fc980000,0x00000000ffffe578,0x0000000100000000)
  to   space 93184K, 0% used [0x00000000f4a00000,0x00000000f4a00000,0x00000000fa500000)
 ParOldGen       total 230400K, used 197249K [0x00000000c0000000, 0x00000000ce100000, 0x00000000eab00000)
  object space 230400K, 85% used [0x00000000c0000000,0x00000000cc0a0670,0x00000000ce100000)
 Metaspace       used 6913K, capacity 7608K, committed 7936K, reserved 1056768K
  class space    used 635K, capacity 688K, committed 768K, reserved 1048576K
}
Event: 10.328 GC heap before
{Heap before GC invocations=20 (full 4):
 PSYoungGen      total 218624K, used 55801K [0x00000000eab00000, 0x0000000100000000, 0x0000000100000000)
  eden space 162816K, 0% used [0x00000000eab00000,0x00000000eab00000,0x00000000f4a00000)
  from space 55808K, 99% used [0x00000000fc980000,0x00000000ffffe578,0x0000000100000000)
  to   space 93184K, 0% used [0x00000000f4a00000,0x00000000f4a00000,0x00000000fa500000)
 ParOldGen       total 230400K, used 197249K [0x00000000c0000000, 0x00000000ce100000, 0x00000000eab00000)
  object space 230400K, 85% used [0x00000000c0000000,0x00000000cc0a0670,0x00000000ce100000)
 Metaspace       used 6913K, capacity 7608K, committed 7936K, reserved 1056768K
  class space    used 635K, capacity 688K, committed 768K, reserved 1048576K

Deoptimization events (10 events):
Event: 9.795 Thread 0x00007fee40238000 Uncommon trap: reason=speculate_class_check action=maybe_recompile pc=0x00007fee314668b4 method=com.android.dx.util.FixedSizeList.equals(Ljava/lang/Object;)Z @ 25
Event: 9.795 Thread 0x00007fee40238000 Uncommon trap: reason=class_check action=maybe_recompile pc=0x00007fee313f4b0c method=java.util.Arrays.equals([Ljava/lang/Object;[Ljava/lang/Object;)Z @ 62
Event: 9.795 Thread 0x00007fee40238000 Uncommon trap: reason=speculate_class_check action=maybe_recompile pc=0x00007fee314668b4 method=com.android.dx.util.FixedSizeList.equals(Ljava/lang/Object;)Z @ 25
Event: 9.795 Thread 0x00007fee40238000 Uncommon trap: reason=class_check action=maybe_recompile pc=0x00007fee313f4b0c method=java.util.Arrays.equals([Ljava/lang/Object;[Ljava/lang/Object;)Z @ 62
Event: 9.795 Thread 0x00007fee40238000 Uncommon trap: reason=speculate_class_check action=maybe_recompile pc=0x00007fee314668b4 method=com.android.dx.util.FixedSizeList.equals(Ljava/lang/Object;)Z @ 25
Event: 9.795 Thread 0x00007fee40238000 Uncommon trap: reason=class_check action=maybe_recompile pc=0x00007fee313f4b0c method=java.util.Arrays.equals([Ljava/lang/Object;[Ljava/lang/Object;)Z @ 62
Event: 9.795 Thread 0x00007fee40238000 Uncommon trap: reason=speculate_class_check action=maybe_recompile pc=0x00007fee314668b4 method=com.android.dx.util.FixedSizeList.equals(Ljava/lang/Object;)Z @ 25
Event: 9.795 Thread 0x00007fee40238000 Uncommon trap: reason=class_check action=maybe_recompile pc=0x00007fee313f4b0c method=java.util.Arrays.equals([Ljava/lang/Object;[Ljava/lang/Object;)Z @ 62
Event: 9.796 Thread 0x00007fee40238000 Uncommon trap: reason=unstable_if action=reinterpret pc=0x00007fee3179f30c method=java.util.TreeMap.put(Ljava/lang/Object;Ljava/lang/Object;)Ljava/lang/Object; @ 163
Event: 9.806 Thread 0x00007fee40238000 Uncommon trap: reason=unstable_if action=reinterpret pc=0x00007fee31861834 method=com.android.dx.rop.code.RegisterSpecSet.equals(Ljava/lang/Object;)Z @ 30

Internal exceptions (7 events):
Event: 0.069 Thread 0x00007fee40008800 Exception <a 'java/lang/NoSuchMethodError': Method sun.misc.Unsafe.defineClass(Ljava/lang/String;[BII)Ljava/lang/Class; name or signature does not match> (0x00000000eab07cc0) thrown at [/HUDSON/workspace/8-2-build-linux-amd64/jdk8u72/5732/hotspot/src/shar
Event: 0.069 Thread 0x00007fee40008800 Exception <a 'java/lang/NoSuchMethodError': Method sun.misc.Unsafe.prefetchRead(Ljava/lang/Object;J)V name or signature does not match> (0x00000000eab07fa8) thrown at [/HUDSON/workspace/8-2-build-linux-amd64/jdk8u72/5732/hotspot/src/share/vm/prims/jni.cpp
Event: 1.038 Thread 0x00007fee4023b000 Implicit null exception at 0x00007fee3135e5dc to 0x00007fee31361345
Event: 1.099 Thread 0x00007fee4023b000 Implicit null exception at 0x00007fee3133f7a9 to 0x00007fee31341fb5
Event: 2.017 Thread 0x00007fee40238000 Exception <a 'java/lang/ArrayIndexOutOfBoundsException': 18> (0x00000000ec75b318) thrown at [/HUDSON/workspace/8-2-build-linux-amd64/jdk8u72/5732/hotspot/src/share/vm/interpreter/interpreterRuntime.cpp, line 366]
Event: 2.017 Thread 0x00007fee40238000 Exception <a 'java/lang/ArrayIndexOutOfBoundsException': 145> (0x00000000ec75ce98) thrown at [/HUDSON/workspace/8-2-build-linux-amd64/jdk8u72/5732/hotspot/src/share/vm/interpreter/interpreterRuntime.cpp, line 366]
Event: 2.018 Thread 0x00007fee40238000 Exception <a 'java/lang/ArrayIndexOutOfBoundsException': 40> (0x00000000ec75e180) thrown at [/HUDSON/workspace/8-2-build-linux-amd64/jdk8u72/5732/hotspot/src/share/vm/interpreter/interpreterRuntime.cpp, line 366]

Events (10 events):
Event: 9.806 Thread 0x00007fee40238000 DEOPT UNPACKING pc=0x00007fee31005229 sp=0x00007fee1c594ca0 mode 2
Event: 9.808 Thread 0x00007fee40238000 DEOPT PACKING pc=0x00007fee31b733a8 sp=0x00007fee1c594f00
Event: 9.808 Thread 0x00007fee40238000 DEOPT UNPACKING pc=0x00007fee31047633 sp=0x00007fee1c594c80 mode 0
Event: 9.819 Thread 0x00007fee40238000 DEOPT PACKING pc=0x00007fee31b816aa sp=0x00007fee1c594f00
Event: 9.819 Thread 0x00007fee40238000 DEOPT UNPACKING pc=0x00007fee31047633 sp=0x00007fee1c594cf8 mode 0
Event: 9.821 Thread 0x00007fee40238000 DEOPT PACKING pc=0x00007fee31b82bfd sp=0x00007fee1c594fa0
Event: 9.821 Thread 0x00007fee40238000 DEOPT UNPACKING pc=0x00007fee31047633 sp=0x00007fee1c594d10 mode 0
Event: 9.832 Thread 0x00007fee40238000 DEOPT PACKING pc=0x00007fee31b847f9 sp=0x00007fee1c594f10
Event: 9.832 Thread 0x00007fee40238000 DEOPT UNPACKING pc=0x00007fee31047633 sp=0x00007fee1c594ca8 mode 0
Event: 10.119 Executing VM operation: ParallelGCFailedAllocation


Dynamic libraries:
00400000-00401000 r-xp 00000000 08:06 399874                             /usr/lib/jvm/java-8-jdk/jre/bin/java
00600000-00601000 rw-p 00000000 08:06 399874                             /usr/lib/jvm/java-8-jdk/jre/bin/java
01f7d000-01f9e000 rw-p 00000000 00:00 0                                  [heap]
c0000000-ce100000 rw-p 00000000 00:00 0 
d4880000-eab00000 ---p 00000000 00:00 0 
eab00000-100000000 rw-p 00000000 00:00 0 
100000000-1000c0000 rw-p 00000000 00:00 0 
1000c0000-140000000 ---p 00000000 00:00 0 
7fede0000000-7fede003d000 rw-p 00000000 00:00 0 
7fede003d000-7fede4000000 ---p 00000000 00:00 0 
7fede8000000-7fede8024000 rw-p 00000000 00:00 0 
7fede8024000-7fedec000000 ---p 00000000 00:00 0 
7fedec000000-7fedec02c000 rw-p 00000000 00:00 0 
7fedec02c000-7fedf0000000 ---p 00000000 00:00 0 
7fedf0000000-7fedf004a000 rw-p 00000000 00:00 0 
7fedf004a000-7fedf4000000 ---p 00000000 00:00 0 
7fedf4000000-7fedf4021000 rw-p 00000000 00:00 0 
7fedf4021000-7fedf8000000 ---p 00000000 00:00 0 
7fedf8000000-7fedf8021000 rw-p 00000000 00:00 0 
7fedf8021000-7fedfc000000 ---p 00000000 00:00 0 
7fedfc000000-7fedfc021000 rw-p 00000000 00:00 0 
7fedfc021000-7fee00000000 ---p 00000000 00:00 0 
7fee00000000-7fee013d1000 rw-p 00000000 00:00 0 
7fee013d1000-7fee04000000 ---p 00000000 00:00 0 
7fee04000000-7fee04b35000 rw-p 00000000 00:00 0 
7fee04b35000-7fee08000000 ---p 00000000 00:00 0 
7fee08000000-7fee08021000 rw-p 00000000 00:00 0 
7fee08021000-7fee0c000000 ---p 00000000 00:00 0 
7fee0c000000-7fee0cfca000 rw-p 00000000 00:00 0 
7fee0cfca000-7fee10000000 ---p 00000000 00:00 0 
7fee10000000-7fee10021000 rw-p 00000000 00:00 0 
7fee10021000-7fee14000000 ---p 00000000 00:00 0 
7fee14000000-7fee14021000 rw-p 00000000 00:00 0 
7fee14021000-7fee18000000 ---p 00000000 00:00 0 
7fee18000000-7fee182b5000 rw-p 00000000 00:00 0 
7fee182b5000-7fee1c000000 ---p 00000000 00:00 0 
7fee1c193000-7fee1c196000 ---p 00000000 00:00 0 
7fee1c196000-7fee1c294000 rw-p 00000000 00:00 0 
7fee1c294000-7fee1c297000 ---p 00000000 00:00 0 
7fee1c297000-7fee1c395000 rw-p 00000000 00:00 0 
7fee1c395000-7fee1c398000 ---p 00000000 00:00 0 
7fee1c398000-7fee1c496000 rw-p 00000000 00:00 0 
7fee1c496000-7fee1c499000 ---p 00000000 00:00 0 
7fee1c499000-7fee1c597000 rw-p 00000000 00:00 0                          [stack:9285]
7fee1c597000-7fee1c59a000 ---p 00000000 00:00 0 
7fee1c59a000-7fee1c698000 rw-p 00000000 00:00 0 
7fee1c698000-7fee1c699000 ---p 00000000 00:00 0 
7fee1c699000-7fee1c799000 rw-p 00000000 00:00 0                          [stack:9278]
7fee1c799000-7fee1c79c000 ---p 00000000 00:00 0 
7fee1c79c000-7fee1c89a000 rw-p 00000000 00:00 0                          [stack:9277]
7fee1c89a000-7fee1c89d000 ---p 00000000 00:00 0 
7fee1c89d000-7fee1c99b000 rw-p 00000000 00:00 0                          [stack:9276]
7fee1c99b000-7fee1c99e000 ---p 00000000 00:00 0 
7fee1c99e000-7fee1ca9c000 rw-p 00000000 00:00 0                          [stack:9275]
7fee1ca9c000-7fee1ca9f000 ---p 00000000 00:00 0 
7fee1ca9f000-7fee1cb9d000 rw-p 00000000 00:00 0                          [stack:9274]
7fee1cb9d000-7fee1cba0000 ---p 00000000 00:00 0 
7fee1cba0000-7fee1cc9e000 rw-p 00000000 00:00 0                          [stack:9273]
7fee1cc9e000-7fee1cdee000 r--p 00000000 08:06 163465                     /usr/lib/locale/locale-archive
7fee1cdee000-7fee1cdf1000 ---p 00000000 00:00 0 
7fee1cdf1000-7fee1ceef000 rw-p 00000000 00:00 0                          [stack:9272]
7fee1ceef000-7fee1cef2000 ---p 00000000 00:00 0 
7fee1cef2000-7fee1cff0000 rw-p 00000000 00:00 0                          [stack:9271]
7fee1cff0000-7fee1cff1000 ---p 00000000 00:00 0 
7fee1cff1000-7fee20000000 rw-p 00000000 00:00 0                          [stack:9270]
7fee20000000-7fee20021000 rw-p 00000000 00:00 0 
7fee20021000-7fee24000000 ---p 00000000 00:00 0 
7fee24000000-7fee24021000 rw-p 00000000 00:00 0 
7fee24021000-7fee28000000 ---p 00000000 00:00 0 
7fee28000000-7fee28021000 rw-p 00000000 00:00 0 
7fee28021000-7fee2c000000 ---p 00000000 00:00 0 
7fee2c000000-7fee2c021000 rw-p 00000000 00:00 0 
7fee2c021000-7fee30000000 ---p 00000000 00:00 0 
7fee30025000-7fee3004c000 r--p 00000000 08:06 133207                     /usr/share/locale/ko/LC_MESSAGES/libc.mo
7fee3004c000-7fee300af000 rw-p 00000000 00:00 0 
7fee300af000-7fee30287000 r--s 03d1d000 08:06 399677                     /usr/lib/jvm/java-8-jdk/jre/lib/rt.jar
7fee30287000-7fee309fd000 rw-p 00000000 00:00 0 
7fee309fd000-7fee30afd000 ---p 00000000 00:00 0 
7fee30afd000-7fee30cfd000 rw-p 00000000 00:00 0 
7fee30cfd000-7fee30cfe000 ---p 00000000 00:00 0 
7fee30cfe000-7fee30dfe000 rw-p 00000000 00:00 0                          [stack:9269]
7fee30dfe000-7fee30dff000 ---p 00000000 00:00 0 
7fee30dff000-7fee30eff000 rw-p 00000000 00:00 0                          [stack:9268]
7fee30eff000-7fee30f00000 ---p 00000000 00:00 0 
7fee30f00000-7fee31000000 rw-p 00000000 00:00 0                          [stack:9267]
7fee31000000-7fee31c00000 rwxp 00000000 00:00 0 
7fee31c00000-7fee40000000 ---p 00000000 00:00 0 
7fee40000000-7fee40394000 rw-p 00000000 00:00 0 
7fee40394000-7fee44000000 ---p 00000000 00:00 0 
7fee44010000-7fee4405f000 rw-p 00000000 00:00 0 
7fee4405f000-7fee44060000 ---p 00000000 00:00 0 
7fee44060000-7fee441d1000 rw-p 00000000 00:00 0                          [stack:9266]
7fee441d1000-7fee442b6000 ---p 00000000 00:00 0 
7fee442b6000-7fee44327000 rw-p 00000000 00:00 0 
7fee44327000-7fee4440b000 ---p 00000000 00:00 0 
7fee4440b000-7fee444b6000 rw-p 00000000 00:00 0 
7fee444b6000-7fee444e7000 rw-p 00000000 00:00 0 
7fee444e7000-7fee44877000 ---p 00000000 00:00 0 
7fee44877000-7fee44891000 r-xp 00000000 08:06 399785                     /usr/lib/jvm/java-8-jdk/jre/lib/amd64/libzip.so
7fee44891000-7fee44a91000 ---p 0001a000 08:06 399785                     /usr/lib/jvm/java-8-jdk/jre/lib/amd64/libzip.so
7fee44a91000-7fee44a92000 rw-p 0001a000 08:06 399785                     /usr/lib/jvm/java-8-jdk/jre/lib/amd64/libzip.so
7fee44a92000-7fee44a9d000 r-xp 00000000 08:06 134332                     /usr/lib/libnss_files-2.22.so
7fee44a9d000-7fee44c9c000 ---p 0000b000 08:06 134332                     /usr/lib/libnss_files-2.22.so
7fee44c9c000-7fee44c9d000 r--p 0000a000 08:06 134332                     /usr/lib/libnss_files-2.22.so
7fee44c9d000-7fee44c9e000 rw-p 0000b000 08:06 134332                     /usr/lib/libnss_files-2.22.so
7fee44c9e000-7fee44ca4000 rw-p 00000000 00:00 0 
7fee44ca4000-7fee44cce000 r-xp 00000000 08:06 399805                     /usr/lib/jvm/java-8-jdk/jre/lib/amd64/libjava.so
7fee44cce000-7fee44ece000 ---p 0002a000 08:06 399805                     /usr/lib/jvm/java-8-jdk/jre/lib/amd64/libjava.so
7fee44ece000-7fee44ed0000 rw-p 0002a000 08:06 399805                     /usr/lib/jvm/java-8-jdk/jre/lib/amd64/libjava.so
7fee44ed0000-7fee44edd000 r-xp 00000000 08:06 399791                     /usr/lib/jvm/java-8-jdk/jre/lib/amd64/libverify.so
7fee44edd000-7fee450dd000 ---p 0000d000 08:06 399791                     /usr/lib/jvm/java-8-jdk/jre/lib/amd64/libverify.so
7fee450dd000-7fee450df000 rw-p 0000d000 08:06 399791                     /usr/lib/jvm/java-8-jdk/jre/lib/amd64/libverify.so
7fee450df000-7fee450e6000 r-xp 00000000 08:06 134341                     /usr/lib/librt-2.22.so
7fee450e6000-7fee452e5000 ---p 00007000 08:06 134341                     /usr/lib/librt-2.22.so
7fee452e5000-7fee452e6000 r--p 00006000 08:06 134341                     /usr/lib/librt-2.22.so
7fee452e6000-7fee452e7000 rw-p 00007000 08:06 134341                     /usr/lib/librt-2.22.so
7fee452e7000-7fee453e4000 r-xp 00000000 08:06 134338                     /usr/lib/libm-2.22.so
7fee453e4000-7fee455e3000 ---p 000fd000 08:06 134338                     /usr/lib/libm-2.22.so
7fee455e3000-7fee455e4000 r--p 000fc000 08:06 134338                     /usr/lib/libm-2.22.so
7fee455e4000-7fee455e5000 rw-p 000fd000 08:06 134338                     /usr/lib/libm-2.22.so
7fee455e5000-7fee462a4000 r-xp 00000000 08:06 530091                     /usr/lib/jvm/java-8-jdk/jre/lib/amd64/server/libjvm.so
7fee462a4000-7fee464a3000 ---p 00cbf000 08:06 530091                     /usr/lib/jvm/java-8-jdk/jre/lib/amd64/server/libjvm.so
7fee464a3000-7fee4657c000 rw-p 00cbe000 08:06 530091                     /usr/lib/jvm/java-8-jdk/jre/lib/amd64/server/libjvm.so
7fee4657c000-7fee465c5000 rw-p 00000000 00:00 0 
7fee465c5000-7fee4675f000 r-xp 00000000 08:06 134279                     /usr/lib/libc-2.22.so
7fee4675f000-7fee4695f000 ---p 0019a000 08:06 134279                     /usr/lib/libc-2.22.so
7fee4695f000-7fee46963000 r--p 0019a000 08:06 134279                     /usr/lib/libc-2.22.so
7fee46963000-7fee46965000 rw-p 0019e000 08:06 134279                     /usr/lib/libc-2.22.so
7fee46965000-7fee46969000 rw-p 00000000 00:00 0 
7fee46969000-7fee4696c000 r-xp 00000000 08:06 134337                     /usr/lib/libdl-2.22.so
7fee4696c000-7fee46b6b000 ---p 00003000 08:06 134337                     /usr/lib/libdl-2.22.so
7fee46b6b000-7fee46b6c000 r--p 00002000 08:06 134337                     /usr/lib/libdl-2.22.so
7fee46b6c000-7fee46b6d000 rw-p 00003000 08:06 134337                     /usr/lib/libdl-2.22.so
7fee46b6d000-7fee46b82000 r-xp 00000000 08:06 530090                     /usr/lib/jvm/java-8-jdk/jre/lib/amd64/jli/libjli.so
7fee46b82000-7fee46d82000 ---p 00015000 08:06 530090                     /usr/lib/jvm/java-8-jdk/jre/lib/amd64/jli/libjli.so
7fee46d82000-7fee46d83000 rw-p 00015000 08:06 530090                     /usr/lib/jvm/java-8-jdk/jre/lib/amd64/jli/libjli.so
7fee46d83000-7fee46d9b000 r-xp 00000000 08:06 134257                     /usr/lib/libpthread-2.22.so
7fee46d9b000-7fee46f9a000 ---p 00018000 08:06 134257                     /usr/lib/libpthread-2.22.so
7fee46f9a000-7fee46f9b000 r--p 00017000 08:06 134257                     /usr/lib/libpthread-2.22.so
7fee46f9b000-7fee46f9c000 rw-p 00018000 08:06 134257                     /usr/lib/libpthread-2.22.so
7fee46f9c000-7fee46fa0000 rw-p 00000000 00:00 0 
7fee46fa0000-7fee46fc2000 r-xp 00000000 08:06 134278                     /usr/lib/ld-2.22.so
7fee46fc8000-7fee4708d000 rw-p 00000000 00:00 0 
7fee4708d000-7fee47090000 ---p 00000000 00:00 0 
7fee47090000-7fee47193000 rw-p 00000000 00:00 0                          [stack:9265]
7fee47193000-7fee471a2000 r--s 000df000 08:06 13763614                   /home/youngbin/Android/Sdk/build-tools/23.0.2/lib/dx.jar
7fee471a2000-7fee471b6000 rw-p 00000000 00:00 0 
7fee471b6000-7fee471be000 rw-s 00000000 00:21 344970                     /tmp/hsperfdata_youngbin/9261
7fee471be000-7fee471bf000 rw-p 00000000 00:00 0 
7fee471bf000-7fee471c0000 ---p 00000000 00:00 0 
7fee471c0000-7fee471c1000 rw-p 00000000 00:00 0 
7fee471c1000-7fee471c2000 r--p 00021000 08:06 134278                     /usr/lib/ld-2.22.so
7fee471c2000-7fee471c3000 rw-p 00022000 08:06 134278                     /usr/lib/ld-2.22.so
7fee471c3000-7fee471c4000 rw-p 00000000 00:00 0 
7ffe59ff2000-7ffe5a013000 rw-p 00000000 00:00 0                          [stack]
7ffe5a16a000-7ffe5a16c000 r--p 00000000 00:00 0                          [vvar]
7ffe5a16c000-7ffe5a16e000 r-xp 00000000 00:00 0                          [vdso]
ffffffffff600000-ffffffffff601000 r-xp 00000000 00:00 0                  [vsyscall]

VM Arguments:
jvm_args: -Djava.awt.headless=true -Xmx1024M -Dfile.encoding=UTF-8 -Duser.country=KR -Duser.language=ko -Duser.variant 
java_command: com.android.dx.command.Main --dex --num-threads=4 --multi-dex --main-dex-list /home/youngbin/mailtracker-android/app/build/intermediates/multi-dex/debug/maindexlist.txt --output /home/youngbin/mailtracker-android/app/build/intermediates/transforms/dex/debug/folders/1000/1f/main /home/youngbin/mailtracker-android/app/build/intermediates/transforms/jarMerging/debug/jars/1/1f/combined.jar
java_class_path (initial): /home/youngbin/Android/Sdk/build-tools/23.0.2/lib/dx.jar
Launcher Type: SUN_STANDARD

Environment Variables:
PATH=/usr/local/sbin:/usr/local/bin:/usr/bin:/usr/lib/jvm/default/bin:/usr/bin/site_perl:/usr/bin/vendor_perl:/usr/bin/core_perl
USERNAME=youngbin
LD_LIBRARY_PATH=/home/youngbin/android-studio/bin:
SHELL=/usr/bin/fish
DISPLAY=:1

Signal Handlers:
SIGSEGV: [libjvm.so+0xabb070], sa_mask[0]=11111111011111111101111111111110, sa_flags=SA_RESTART|SA_SIGINFO
SIGBUS: [libjvm.so+0xabb070], sa_mask[0]=11111111011111111101111111111110, sa_flags=SA_RESTART|SA_SIGINFO
SIGFPE: [libjvm.so+0x918480], sa_mask[0]=11111111011111111101111111111110, sa_flags=SA_RESTART|SA_SIGINFO
SIGPIPE: [libjvm.so+0x918480], sa_mask[0]=11111111011111111101111111111110, sa_flags=SA_RESTART|SA_SIGINFO
SIGXFSZ: [libjvm.so+0x918480], sa_mask[0]=11111111011111111101111111111110, sa_flags=SA_RESTART|SA_SIGINFO
SIGILL: [libjvm.so+0x918480], sa_mask[0]=11111111011111111101111111111110, sa_flags=SA_RESTART|SA_SIGINFO
SIGUSR1: SIG_DFL, sa_mask[0]=00000000000000000000000000000000, sa_flags=none
SIGUSR2: [libjvm.so+0x919ab0], sa_mask[0]=00100000000000000000000000000000, sa_flags=SA_RESTART|SA_SIGINFO
SIGHUP: [libjvm.so+0x91aeb0], sa_mask[0]=11111111011111111101111111111110, sa_flags=SA_RESTART|SA_SIGINFO
SIGINT: [libjvm.so+0x91aeb0], sa_mask[0]=11111111011111111101111111111110, sa_flags=SA_RESTART|SA_SIGINFO
SIGTERM: [libjvm.so+0x91aeb0], sa_mask[0]=11111111011111111101111111111110, sa_flags=SA_RESTART|SA_SIGINFO
SIGQUIT: [libjvm.so+0x91aeb0], sa_mask[0]=11111111011111111101111111111110, sa_flags=SA_RESTART|SA_SIGINFO


---------------  S Y S T E M  ---------------

OS:NAME="Antergos Linux"
VERSION="2015.12-ISO-Rolling"
ID="antergos"
ID_LIKE="arch"
PRETTY_NAME="Antergos Linux"
CPE_NAME="cpe:/o:antergosproject:antergos:2015.12"
ANSI_COLOR="1;34;40"
HOME_URL="https://antergos.com/"
SUPPORT_URL="https://forum.antergos.com/"
BUG_REPORT_URL="https://github.com/antergos"


uname:Linux 4.4.1-2-ARCH #1 SMP PREEMPT Wed Feb 3 13:12:33 UTC 2016 x86_64
libc:glibc 2.22 NPTL 2.22 
rlimit: STACK 8192k, CORE 0k, NPROC 14900, NOFILE 4096, AS infinity
load average:4.28 2.18 1.21

/proc/meminfo:
MemTotal:        4007080 kB
MemFree:           30540 kB
MemAvailable:      91872 kB
Buffers:            1080 kB
Cached:            89908 kB
SwapCached:            0 kB
Active:          3706588 kB
Inactive:          54364 kB
Active(anon):    3672712 kB
Inactive(anon):    25696 kB
Active(file):      33876 kB
Inactive(file):    28668 kB
Unevictable:          80 kB
Mlocked:        34359738448 kB
SwapTotal:             0 kB
SwapFree:              0 kB
Dirty:              1124 kB
Writeback:             0 kB
AnonPages:       3670356 kB
Mapped:            79648 kB
Shmem:             28136 kB
Slab:              64644 kB
SReclaimable:      28368 kB
SUnreclaim:        36276 kB
KernelStack:       10672 kB
PageTables:        46872 kB
NFS_Unstable:          0 kB
Bounce:                0 kB
WritebackTmp:          0 kB
CommitLimit:     2003540 kB
Committed_AS:    7889184 kB
VmallocTotal:   34359738367 kB
VmallocUsed:           0 kB
VmallocChunk:          0 kB
HardwareCorrupted:     0 kB
AnonHugePages:   1918976 kB
HugePages_Total:       0
HugePages_Free:        0
HugePages_Rsvd:        0
HugePages_Surp:        0
Hugepagesize:       2048 kB
DirectMap4k:      139664 kB
DirectMap2M:     4009984 kB


CPU:total 4 (2 cores per cpu, 2 threads per core) family 6 model 42 stepping 7, cmov, cx8, fxsr, mmx, sse, sse2, sse3, ssse3, sse4.1, sse4.2, popcnt, avx, clmul, ht, tsc, tscinvbit

/proc/cpuinfo:
processor	: 0
vendor_id	: GenuineIntel
cpu family	: 6
model		: 42
model name	: Intel(R) Core(TM) i3-2120 CPU @ 3.30GHz
stepping	: 7
microcode	: 0x26
cpu MHz		: 1774.781
cache size	: 3072 KB
physical id	: 0
siblings	: 4
core id		: 0
cpu cores	: 2
apicid		: 0
initial apicid	: 0
fpu		: yes
fpu_exception	: yes
cpuid level	: 13
wp		: yes
flags		: fpu vme de pse tsc msr pae mce cx8 apic sep mtrr pge mca cmov pat pse36 clflush dts acpi mmx fxsr sse sse2 ss ht tm pbe syscall nx rdtscp lm constant_tsc arch_perfmon pebs bts rep_good nopl xtopology nonstop_tsc aperfmperf eagerfpu pni pclmulqdq dtes64 monitor ds_cpl vmx est tm2 ssse3 cx16 xtpr pdcm pcid sse4_1 sse4_2 popcnt tsc_deadline_timer xsave avx lahf_lm arat epb pln pts dtherm tpr_shadow vnmi flexpriority ept vpid xsaveopt
bugs		:
bogomips	: 6603.55
clflush size	: 64
cache_alignment	: 64
address sizes	: 36 bits physical, 48 bits virtual
power management:

processor	: 1
vendor_id	: GenuineIntel
cpu family	: 6
model		: 42
model name	: Intel(R) Core(TM) i3-2120 CPU @ 3.30GHz
stepping	: 7
microcode	: 0x26
cpu MHz		: 2402.554
cache size	: 3072 KB
physical id	: 0
siblings	: 4
core id		: 1
cpu cores	: 2
apicid		: 2
initial apicid	: 2
fpu		: yes
fpu_exception	: yes
cpuid level	: 13
wp		: yes
flags		: fpu vme de pse tsc msr pae mce cx8 apic sep mtrr pge mca cmov pat pse36 clflush dts acpi mmx fxsr sse sse2 ss ht tm pbe syscall nx rdtscp lm constant_tsc arch_perfmon pebs bts rep_good nopl xtopology nonstop_tsc aperfmperf eagerfpu pni pclmulqdq dtes64 monitor ds_cpl vmx est tm2 ssse3 cx16 xtpr pdcm pcid sse4_1 sse4_2 popcnt tsc_deadline_timer xsave avx lahf_lm arat epb pln pts dtherm tpr_shadow vnmi flexpriority ept vpid xsaveopt
bugs		:
bogomips	: 6603.55
clflush size	: 64
cache_alignment	: 64
address sizes	: 36 bits physical, 48 bits virtual
power management:

processor	: 2
vendor_id	: GenuineIntel
cpu family	: 6
model		: 42
model name	: Intel(R) Core(TM) i3-2120 CPU @ 3.30GHz
stepping	: 7
microcode	: 0x26
cpu MHz		: 2821.628
cache size	: 3072 KB
physical id	: 0
siblings	: 4
core id		: 0
cpu cores	: 2
apicid		: 1
initial apicid	: 1
fpu		: yes
fpu_exception	: yes
cpuid level	: 13
wp		: yes
flags		: fpu vme de pse tsc msr pae mce cx8 apic sep mtrr pge mca cmov pat pse36 clflush dts acpi mmx fxsr sse sse2 ss ht tm pbe syscall nx rdtscp lm constant_tsc arch_perfmon pebs bts rep_good nopl xtopology nonstop_tsc aperfmperf eagerfpu pni pclmulqdq dtes64 monitor ds_cpl vmx est tm2 ssse3 cx16 xtpr pdcm pcid sse4_1 sse4_2 popcnt tsc_deadline_timer xsave avx lahf_lm arat epb pln pts dtherm tpr_shadow vnmi flexpriority ept vpid xsaveopt
bugs		:
bogomips	: 6603.55
clflush size	: 64
cache_alignment	: 64
address sizes	: 36 bits physical, 48 bits virtual
power management:

processor	: 3
vendor_id	: GenuineIntel
cpu family	: 6
model		: 42
model name	: Intel(R) Core(TM) i3-2120 CPU @ 3.30GHz
stepping	: 7
microcode	: 0x26
cpu MHz		: 1931.015
cache size	: 3072 KB
physical id	: 0
siblings	: 4
core id		: 1
cpu cores	: 2
apicid		: 3
initial apicid	: 3
fpu		: yes
fpu_exception	: yes
cpuid level	: 13
wp		: yes
flags		: fpu vme de pse tsc msr pae mce cx8 apic sep mtrr pge mca cmov pat pse36 clflush dts acpi mmx fxsr sse sse2 ss ht tm pbe syscall nx rdtscp lm constant_tsc arch_perfmon pebs bts rep_good nopl xtopology nonstop_tsc aperfmperf eagerfpu pni pclmulqdq dtes64 monitor ds_cpl vmx est tm2 ssse3 cx16 xtpr pdcm pcid sse4_1 sse4_2 popcnt tsc_deadline_timer xsave avx lahf_lm arat epb pln pts dtherm tpr_shadow vnmi flexpriority ept vpid xsaveopt
bugs		:
bogomips	: 6603.55
clflush size	: 64
cache_alignment	: 64
address sizes	: 36 bits physical, 48 bits virtual
power management:



Memory: 4k page, physical 4007080k(30540k free), swap 0k(0k free)

vm_info: Java HotSpot(TM) 64-Bit Server VM (25.72-b15) for linux-amd64 JRE (1.8.0_72-b15), built on Dec 22 2015 22:00:07 by "java_re" with gcc 4.3.0 20080428 (Red Hat 4.3.0-8)

time: Sat Feb 20 00:16:52 2016
elapsed time: 11 seconds (0d 0h 0m 11s)

