#
# There is insufficient memory for the Java Runtime Environment to continue.
# Native memory allocation (mmap) failed to map 87556096 bytes for committing reserved memory.
# Possible reasons:
#   The system is out of physical RAM or swap space
#   In 32 bit mode, the process size limit was hit
# Possible solutions:
#   Reduce memory load on the system
#   Increase physical memory or swap space
#   Check if swap backing store is full
#   Use 64 bit Java on a 64 bit OS
#   Decrease Java heap size (-Xmx/-Xms)
#   Decrease number of Java threads
#   Decrease Java thread stack sizes (-Xss)
#   Set larger code cache with -XX:ReservedCodeCacheSize=
# This output file may be truncated or incomplete.
#
#  Out of Memory Error (os_linux.cpp:2627), pid=8458, tid=139986901894912
#
# JRE version: Java(TM) SE Runtime Environment (8.0_72-b15) (build 1.8.0_72-b15)
# Java VM: Java HotSpot(TM) 64-Bit Server VM (25.72-b15 mixed mode linux-amd64 compressed oops)
# Core dump written. Default location: /home/youngbin/mailtracker-android/app/core or core.8458
#

---------------  T H R E A D  ---------------

Current thread (0x00007f5154076800):  VMThread [stack: 0x00007f513d7f8000,0x00007f513d8f9000] [id=8473]

Stack: [0x00007f513d7f8000,0x00007f513d8f9000],  sp=0x00007f513d8f70a0,  free space=1020k
Native frames: (J=compiled Java code, j=interpreted, Vv=VM code, C=native code)
V  [libjvm.so+0xaba7ea]  VMError::report_and_die()+0x2ba
V  [libjvm.so+0x4f9e3b]  report_vm_out_of_memory(char const*, int, unsigned long, VMErrorType, char const*)+0x8b
V  [libjvm.so+0x91b613]  os::Linux::commit_memory_impl(char*, unsigned long, bool)+0x103
V  [libjvm.so+0x91bb69]  os::pd_commit_memory(char*, unsigned long, unsigned long, bool)+0x29
V  [libjvm.so+0x915e6a]  os::commit_memory(char*, unsigned long, unsigned long, bool)+0x2a
V  [libjvm.so+0x989543]  PSVirtualSpace::expand_by(unsigned long)+0x53
V  [libjvm.so+0x979e30]  PSOldGen::expand(unsigned long)+0x170
V  [libjvm.so+0x97a03b]  PSOldGen::resize(unsigned long)+0x1cb
V  [libjvm.so+0x981d11]  PSParallelCompact::invoke_no_policy(bool)+0x991
V  [libjvm.so+0x98766d]  PSScavenge::invoke()+0x1ad
V  [libjvm.so+0x93f300]  ParallelScavengeHeap::failed_mem_allocate(unsigned long)+0x70
V  [libjvm.so+0xabc207]  VM_ParallelGCFailedAllocation::doit()+0x97
V  [libjvm.so+0xac3c35]  VM_Operation::evaluate()+0x55
V  [libjvm.so+0xac200a]  VMThread::evaluate_operation(VM_Operation*)+0xba
V  [libjvm.so+0xac238e]  VMThread::loop()+0x1ce
V  [libjvm.so+0xac2800]  VMThread::run()+0x70
V  [libjvm.so+0x91d9d8]  java_start(Thread*)+0x108

VM_Operation (0x00007f513ca99ba0): ParallelGCFailedAllocation, mode: safepoint, requested by thread 0x00007f5154267800


---------------  P R O C E S S  ---------------

Java Threads: ( => current thread )
  0x00007f5154267800 JavaThread "pool-2-thread-4" [_thread_blocked, id=8491, stack(0x00007f513c99b000,0x00007f513ca9c000)]
  0x00007f5154265800 JavaThread "pool-2-thread-3" [_thread_blocked, id=8490, stack(0x00007f513ca9c000,0x00007f513cb9d000)]
  0x00007f5154263800 JavaThread "pool-2-thread-2" [_thread_blocked, id=8489, stack(0x00007f513cb9d000,0x00007f513cc9e000)]
  0x00007f5154262000 JavaThread "pool-3-thread-1" [_thread_blocked, id=8488, stack(0x00007f513cc9e000,0x00007f513cd9f000)]
  0x00007f5154258000 JavaThread "pool-2-thread-1" [_thread_blocked, id=8487, stack(0x00007f513cd9f000,0x00007f513cea0000)]
  0x00007f51540c7000 JavaThread "Service Thread" daemon [_thread_blocked, id=8480, stack(0x00007f513cfa1000,0x00007f513d0a2000)]
  0x00007f51540bb800 JavaThread "C1 CompilerThread2" daemon [_thread_blocked, id=8479, stack(0x00007f513d0a2000,0x00007f513d1a3000)]
  0x00007f51540ba000 JavaThread "C2 CompilerThread1" daemon [_thread_blocked, id=8478, stack(0x00007f513d1a3000,0x00007f513d2a4000)]
  0x00007f51540b7000 JavaThread "C2 CompilerThread0" daemon [_thread_blocked, id=8477, stack(0x00007f513d2a4000,0x00007f513d3a5000)]
  0x00007f51540b5800 JavaThread "Signal Dispatcher" daemon [_thread_blocked, id=8476, stack(0x00007f513d3a5000,0x00007f513d4a6000)]
  0x00007f5154082800 JavaThread "Finalizer" daemon [_thread_blocked, id=8475, stack(0x00007f513d5f6000,0x00007f513d6f7000)]
  0x00007f515407e000 JavaThread "Reference Handler" daemon [_thread_blocked, id=8474, stack(0x00007f513d6f7000,0x00007f513d7f8000)]
  0x00007f5154008800 JavaThread "main" [_thread_blocked, id=8462, stack(0x00007f515b8d2000,0x00007f515b9d3000)]

Other Threads:
=>0x00007f5154076800 VMThread [stack: 0x00007f513d7f8000,0x00007f513d8f9000] [id=8473]
  0x00007f51540c9800 WatcherThread [stack: 0x00007f513cea0000,0x00007f513cfa1000] [id=8481]

VM state:at safepoint (normal execution)

VM Mutex/Monitor currently owned by a thread:  ([mutex/lock_event])
[0x00007f5154005e20] ExpandHeap_lock - owner thread: 0x00007f5154076800
[0x00007f51540064a0] Threads_lock - owner thread: 0x00007f5154076800
[0x00007f51540069a0] Heap_lock - owner thread: 0x00007f5154267800

Heap:
 PSYoungGen      total 251904K, used 56313K [0x00000000eab00000, 0x0000000100000000, 0x0000000100000000)
  eden space 183296K, 0% used [0x00000000eab00000,0x00000000eab00000,0x00000000f5e00000)
  from space 68608K, 82% used [0x00000000f5e00000,0x00000000f94fe7b8,0x00000000fa100000)
  to   space 92160K, 0% used [0x00000000fa600000,0x00000000fa600000,0x0000000100000000)
 ParOldGen       total 142848K, used 142789K [0x00000000c0000000, 0x00000000c8b80000, 0x00000000eab00000)
  object space 142848K, 99% used [0x00000000c0000000,0x00000000c8b717f0,0x00000000c8b80000)
 Metaspace       used 6510K, capacity 7256K, committed 7424K, reserved 1056768K
  class space    used 614K, capacity 656K, committed 768K, reserved 1048576K

Card table byte_map: [0x00007f5158afb000,0x00007f5158cfc000] byte_map_base: 0x00007f51584fb000

Marking Bits: (ParMarkBitMap*) 0x00007f515addf100
 Begin Bits: [0x00007f513e000000, 0x00007f513f000000)
 End Bits:   [0x00007f513f000000, 0x00007f5140000000)

Polling page: 0x00007f515ba04000

CodeCache: size=245760Kb used=10140Kb max_used=10140Kb free=235620Kb
 bounds [0x00007f5145000000, 0x00007f5145a00000, 0x00007f5154000000]
 total_blobs=2630 nmethods=2361 adapters=182
 compilation: enabled

Compilation events (10 events):
Event: 10.176 Thread 0x00007f51540b7000 2544       4       com.android.dx.cf.code.BaseMachine::popArgs (62 bytes)
Event: 10.185 Thread 0x00007f51540b7000 nmethod 2544 0x00007f51459ad750 code [0x00007f51459ad8e0, 0x00007f51459ade38]
Event: 10.185 Thread 0x00007f51540b7000 2521       4       com.android.dx.ssa.SCCP::run (298 bytes)
Event: 10.190 Thread 0x00007f51540bb800 2591 % !   3       com.android.dx.cf.code.RopperMachine::run @ 247 (1550 bytes)
Event: 10.224 Thread 0x00007f51540bb800 nmethod 2591% 0x00007f51459c1510 code [0x00007f51459c2760, 0x00007f51459d1428]
Event: 10.230 Thread 0x00007f51540ba000 nmethod 2546 0x00007f51459df990 code [0x00007f51459dffa0, 0x00007f51459e5318]
Event: 10.231 Thread 0x00007f51540ba000 2590       4       com.android.dx.ssa.back.FirstFitLocalCombiningAllocator::handleNormalUnassociated (99 bytes)
Event: 10.296 Thread 0x00007f51540bb800 2594 % !   3       com.android.dx.dex.cf.CfTranslator::processMethods @ 24 (583 bytes)
Event: 10.304 Thread 0x00007f51540bb800 nmethod 2594% 0x00007f51459eca10 code [0x00007f51459ed1c0, 0x00007f51459f31a8]
Event: 10.304 Thread 0x00007f51540bb800 2595   !   3       com.android.dx.cf.code.RopperMachine::run (1550 bytes)

GC Heap History (10 events):
Event: 6.535 GC heap after
Heap after GC invocations=11 (full 1):
 PSYoungGen      total 259072K, used 41959K [0x00000000eab00000, 0x0000000100000000, 0x0000000100000000)
  eden space 217088K, 0% used [0x00000000eab00000,0x00000000eab00000,0x00000000f7f00000)
  from space 41984K, 99% used [0x00000000fb600000,0x00000000fdef9f80,0x00000000fdf00000)
  to   space 56320K, 0% used [0x00000000f7f00000,0x00000000f7f00000,0x00000000fb600000)
 ParOldGen       total 80384K, used 78449K [0x00000000c0000000, 0x00000000c4e80000, 0x00000000eab00000)
  object space 80384K, 97% used [0x00000000c0000000,0x00000000c4c9c788,0x00000000c4e80000)
 Metaspace       used 6495K, capacity 7256K, committed 7424K, reserved 1056768K
  class space    used 614K, capacity 656K, committed 768K, reserved 1048576K
}
Event: 6.535 GC heap before
{Heap before GC invocations=12 (full 2):
 PSYoungGen      total 259072K, used 41959K [0x00000000eab00000, 0x0000000100000000, 0x0000000100000000)
  eden space 217088K, 0% used [0x00000000eab00000,0x00000000eab00000,0x00000000f7f00000)
  from space 41984K, 99% used [0x00000000fb600000,0x00000000fdef9f80,0x00000000fdf00000)
  to   space 56320K, 0% used [0x00000000f7f00000,0x00000000f7f00000,0x00000000fb600000)
 ParOldGen       total 80384K, used 78449K [0x00000000c0000000, 0x00000000c4e80000, 0x00000000eab00000)
  object space 80384K, 97% used [0x00000000c0000000,0x00000000c4c9c788,0x00000000c4e80000)
 Metaspace       used 6495K, capacity 7256K, committed 7424K, reserved 1056768K
  class space    used 614K, capacity 656K, committed 768K, reserved 1048576K
Event: 7.715 GC heap after
Heap after GC invocations=12 (full 2):
 PSYoungGen      total 259072K, used 37249K [0x00000000eab00000, 0x0000000100000000, 0x0000000100000000)
  eden space 217088K, 0% used [0x00000000eab00000,0x00000000eab00000,0x00000000f7f00000)
  from space 41984K, 88% used [0x00000000fb600000,0x00000000fda607e8,0x00000000fdf00000)
  to   space 56320K, 0% used [0x00000000f7f00000,0x00000000f7f00000,0x00000000fb600000)
 ParOldGen       total 142848K, used 79946K [0x00000000c0000000, 0x00000000c8b80000, 0x00000000eab00000)
  object space 142848K, 55% used [0x00000000c0000000,0x00000000c4e12998,0x00000000c8b80000)
 Metaspace       used 6495K, capacity 7256K, committed 7424K, reserved 1056768K
  class space    used 614K, capacity 656K, committed 768K, reserved 1048576K
}
Event: 8.734 GC heap before
{Heap before GC invocations=13 (full 2):
 PSYoungGen      total 259072K, used 254337K [0x00000000eab00000, 0x0000000100000000, 0x0000000100000000)
  eden space 217088K, 100% used [0x00000000eab00000,0x00000000f7f00000,0x00000000f7f00000)
  from space 41984K, 88% used [0x00000000fb600000,0x00000000fda607e8,0x00000000fdf00000)
  to   space 56320K, 0% used [0x00000000f7f00000,0x00000000f7f00000,0x00000000fb600000)
 ParOldGen       total 142848K, used 79946K [0x00000000c0000000, 0x00000000c8b80000, 0x00000000eab00000)
  object space 142848K, 55% used [0x00000000c0000000,0x00000000c4e12998,0x00000000c8b80000)
 Metaspace       used 6503K, capacity 7256K, committed 7424K, reserved 1056768K
  class space    used 614K, capacity 656K, committed 768K, reserved 1048576K
Event: 9.014 GC heap after
Heap after GC invocations=13 (full 2):
 PSYoungGen      total 273408K, used 53616K [0x00000000eab00000, 0x0000000100000000, 0x0000000100000000)
  eden space 217088K, 0% used [0x00000000eab00000,0x00000000eab00000,0x00000000f7f00000)
  from space 56320K, 95% used [0x00000000f7f00000,0x00000000fb35c3a0,0x00000000fb600000)
  to   space 65536K, 0% used [0x00000000fc000000,0x00000000fc000000,0x0000000100000000)
 ParOldGen       total 142848K, used 92948K [0x00000000c0000000, 0x00000000c8b80000, 0x00000000eab00000)
  object space 142848K, 65% used [0x00000000c0000000,0x00000000c5ac5188,0x00000000c8b80000)
 Metaspace       used 6503K, capacity 7256K, committed 7424K, reserved 1056768K
  class space    used 614K, capacity 656K, committed 768K, reserved 1048576K
}
Event: 9.618 GC heap before
{Heap before GC invocations=14 (full 2):
 PSYoungGen      total 273408K, used 270704K [0x00000000eab00000, 0x0000000100000000, 0x0000000100000000)
  eden space 217088K, 100% used [0x00000000eab00000,0x00000000f7f00000,0x00000000f7f00000)
  from space 56320K, 95% used [0x00000000f7f00000,0x00000000fb35c3a0,0x00000000fb600000)
  to   space 65536K, 0% used [0x00000000fc000000,0x00000000fc000000,0x0000000100000000)
 ParOldGen       total 142848K, used 92948K [0x00000000c0000000, 0x00000000c8b80000, 0x00000000eab00000)
  object space 142848K, 65% used [0x00000000c0000000,0x00000000c5ac5188,0x00000000c8b80000)
 Metaspace       used 6509K, capacity 7256K, committed 7424K, reserved 1056768K
  class space    used 614K, capacity 656K, committed 768K, reserved 1048576K
Event: 9.724 GC heap after
Heap after GC invocations=14 (full 2):
 PSYoungGen      total 248832K, used 65529K [0x00000000eab00000, 0x0000000100000000, 0x0000000100000000)
  eden space 183296K, 0% used [0x00000000eab00000,0x00000000eab00000,0x00000000f5e00000)
  from space 65536K, 99% used [0x00000000fc000000,0x00000000ffffe6e0,0x0000000100000000)
  to   space 82944K, 0% used [0x00000000f5e00000,0x00000000f5e00000,0x00000000faf00000)
 ParOldGen       total 142848K, used 110024K [0x00000000c0000000, 0x00000000c8b80000, 0x00000000eab00000)
  object space 142848K, 77% used [0x00000000c0000000,0x00000000c6b72120,0x00000000c8b80000)
 Metaspace       used 6509K, capacity 7256K, committed 7424K, reserved 1056768K
  class space    used 614K, capacity 656K, committed 768K, reserved 1048576K
}
Event: 10.327 GC heap before
{Heap before GC invocations=15 (full 2):
 PSYoungGen      total 248832K, used 248825K [0x00000000eab00000, 0x0000000100000000, 0x0000000100000000)
  eden space 183296K, 100% used [0x00000000eab00000,0x00000000f5e00000,0x00000000f5e00000)
  from space 65536K, 99% used [0x00000000fc000000,0x00000000ffffe6e0,0x0000000100000000)
  to   space 82944K, 0% used [0x00000000f5e00000,0x00000000f5e00000,0x00000000faf00000)
 ParOldGen       total 142848K, used 110024K [0x00000000c0000000, 0x00000000c8b80000, 0x00000000eab00000)
  object space 142848K, 77% used [0x00000000c0000000,0x00000000c6b72120,0x00000000c8b80000)
 Metaspace       used 6510K, capacity 7256K, committed 7424K, reserved 1056768K
  class space    used 614K, capacity 656K, committed 768K, reserved 1048576K
Event: 10.493 GC heap after
Heap after GC invocations=15 (full 2):
 PSYoungGen      total 251904K, used 68361K [0x00000000eab00000, 0x0000000100000000, 0x0000000100000000)
  eden space 183296K, 0% used [0x00000000eab00000,0x00000000eab00000,0x00000000f5e00000)
  from space 68608K, 99% used [0x00000000f5e00000,0x00000000fa0c2778,0x00000000fa100000)
  to   space 92160K, 0% used [0x00000000fa600000,0x00000000fa600000,0x0000000100000000)
 ParOldGen       total 142848K, used 133767K [0x00000000c0000000, 0x00000000c8b80000, 0x00000000eab00000)
  object space 142848K, 93% used [0x00000000c0000000,0x00000000c82a1d30,0x00000000c8b80000)
 Metaspace       used 6510K, capacity 7256K, committed 7424K, reserved 1056768K
  class space    used 614K, capacity 656K, committed 768K, reserved 1048576K
}
Event: 10.495 GC heap before
{Heap before GC invocations=16 (full 3):
 PSYoungGen      total 251904K, used 68361K [0x00000000eab00000, 0x0000000100000000, 0x0000000100000000)
  eden space 183296K, 0% used [0x00000000eab00000,0x00000000eab00000,0x00000000f5e00000)
  from space 68608K, 99% used [0x00000000f5e00000,0x00000000fa0c2778,0x00000000fa100000)
  to   space 92160K, 0% used [0x00000000fa600000,0x00000000fa600000,0x0000000100000000)
 ParOldGen       total 142848K, used 133767K [0x00000000c0000000, 0x00000000c8b80000, 0x00000000eab00000)
  object space 142848K, 93% used [0x00000000c0000000,0x00000000c82a1d30,0x00000000c8b80000)
 Metaspace       used 6510K, capacity 7256K, committed 7424K, reserved 1056768K
  class space    used 614K, capacity 656K, committed 768K, reserved 1048576K

Deoptimization events (10 events):
Event: 5.558 Thread 0x00007f5154258000 Uncommon trap: reason=class_check action=maybe_recompile pc=0x00007f51456c9a40 method=com.android.dx.ssa.LiteralOpUpgrader.isConstIntZeroOrKnownNull(Lcom/android/dx/rop/code/RegisterSpec;)Z @ 13
Event: 5.575 Thread 0x00007f5154008800 Uncommon trap: reason=unstable_if action=reinterpret pc=0x00007f5145843bfc method=com.android.dx.cf.code.ExecutionStack.push(Lcom/android/dx/rop/type/TypeBearer;)V @ 58
Event: 5.931 Thread 0x00007f5154267800 Uncommon trap: reason=unstable_if action=reinterpret pc=0x00007f5145854b70 method=com.android.dx.cf.code.BytecodeArray.parseInstruction(ILcom/android/dx/cf/code/BytecodeArray$Visitor;)I @ 1261
Event: 8.004 Thread 0x00007f5154267800 Uncommon trap: reason=bimorphic action=maybe_recompile pc=0x00007f514572230c method=com.android.dx.ssa.LiteralOpUpgrader.tryReplacingWithConstant(Lcom/android/dx/ssa/NormalSsaInsn;)Z @ 62
Event: 8.076 Thread 0x00007f5154265800 Uncommon trap: reason=bimorphic action=maybe_recompile pc=0x00007f514572230c method=com.android.dx.ssa.LiteralOpUpgrader.tryReplacingWithConstant(Lcom/android/dx/ssa/NormalSsaInsn;)Z @ 62
Event: 9.249 Thread 0x00007f5154263800 Uncommon trap: reason=unstable_if action=reinterpret pc=0x00007f5145890328 method=com.android.dx.rop.cst.CstNat.equals(Ljava/lang/Object;)Z @ 25
Event: 9.258 Thread 0x00007f5154258000 Uncommon trap: reason=unstable_if action=reinterpret pc=0x00007f514574104c method=com.android.dx.ssa.SCCP.simulateBranch(Lcom/android/dx/ssa/SsaInsn;)V @ 548
Event: 9.479 Thread 0x00007f5154263800 Uncommon trap: reason=unstable_if action=reinterpret pc=0x00007f51459413e8 method=com.android.dx.cf.code.BaseMachine.getLocalTarget(Z)Lcom/android/dx/rop/code/RegisterSpec; @ 131
Event: 9.479 Thread 0x00007f5154263800 Uncommon trap: reason=unstable_if action=reinterpret pc=0x00007f51459471a4 method=com.android.dx.rop.code.RegisterSpecSet.localItemToSpec(Lcom/android/dx/rop/code/LocalItem;)Lcom/android/dx/rop/code/RegisterSpec; @ 35
Event: 10.042 Thread 0x00007f5154267800 Uncommon trap: reason=unstable_if action=reinterpret pc=0x00007f514590f278 method=com.android.dx.cf.code.Ropper.processBlock(Lcom/android/dx/cf/code/ByteBlock;Lcom/android/dx/cf/code/Frame;[I)V @ 791

Internal exceptions (7 events):
Event: 0.021 Thread 0x00007f5154008800 Exception <a 'java/lang/NoSuchMethodError': Method sun.misc.Unsafe.defineClass(Ljava/lang/String;[BII)Ljava/lang/Class; name or signature does not match> (0x00000000eab07cc0) thrown at [/HUDSON/workspace/8-2-build-linux-amd64/jdk8u72/5732/hotspot/src/shar
Event: 0.021 Thread 0x00007f5154008800 Exception <a 'java/lang/NoSuchMethodError': Method sun.misc.Unsafe.prefetchRead(Ljava/lang/Object;J)V name or signature does not match> (0x00000000eab07fa8) thrown at [/HUDSON/workspace/8-2-build-linux-amd64/jdk8u72/5732/hotspot/src/share/vm/prims/jni.cpp
Event: 1.423 Thread 0x00007f5154265800 Implicit null exception at 0x00007f51452cde1a to 0x00007f51452d0325
Event: 3.830 Thread 0x00007f5154267800 Implicit null exception at 0x00007f5145563d37 to 0x00007f5145565711
Event: 4.007 Thread 0x00007f5154258000 Exception <a 'java/lang/ArrayIndexOutOfBoundsException': 18> (0x00000000f15513b0) thrown at [/HUDSON/workspace/8-2-build-linux-amd64/jdk8u72/5732/hotspot/src/share/vm/interpreter/interpreterRuntime.cpp, line 366]
Event: 4.008 Thread 0x00007f5154258000 Exception <a 'java/lang/ArrayIndexOutOfBoundsException': 145> (0x00000000f1552f30) thrown at [/HUDSON/workspace/8-2-build-linux-amd64/jdk8u72/5732/hotspot/src/share/vm/interpreter/interpreterRuntime.cpp, line 366]
Event: 4.011 Thread 0x00007f5154258000 Exception <a 'java/lang/ArrayIndexOutOfBoundsException'> (0x00000000f1554218) thrown at [/HUDSON/workspace/8-2-build-linux-amd64/jdk8u72/5732/hotspot/src/share/vm/runtime/sharedRuntime.cpp, line 605]

Events (10 events):
Event: 10.042 Thread 0x00007f5154267800 Uncommon trap: trap_request=0xffffff65 fr.pc=0x00007f514590f278
Event: 10.042 Thread 0x00007f5154267800 DEOPT PACKING pc=0x00007f514590f278 sp=0x00007f513ca99f90
Event: 10.042 Thread 0x00007f5154267800 DEOPT UNPACKING pc=0x00007f5145005229 sp=0x00007f513ca99f90 mode 2
Event: 10.113 Thread 0x00007f5154265800 DEOPT PACKING pc=0x00007f514539dc2c sp=0x00007f513cb9b050
Event: 10.113 Thread 0x00007f5154265800 DEOPT UNPACKING pc=0x00007f5145047633 sp=0x00007f513cb9ad50 mode 0
Event: 10.165 Thread 0x00007f5154258000 DEOPT PACKING pc=0x00007f514539dc2c sp=0x00007f513ce9dd80
Event: 10.165 Thread 0x00007f5154258000 DEOPT UNPACKING pc=0x00007f5145047633 sp=0x00007f513ce9da80 mode 0
Event: 10.278 Thread 0x00007f5154267800 DEOPT PACKING pc=0x00007f514539dc2c sp=0x00007f513ca9a0d0
Event: 10.278 Thread 0x00007f5154267800 DEOPT UNPACKING pc=0x00007f5145047633 sp=0x00007f513ca99dd0 mode 0
Event: 10.327 Executing VM operation: ParallelGCFailedAllocation


Dynamic libraries:
00400000-00401000 r-xp 00000000 08:06 399874                             /usr/lib/jvm/java-8-jdk/jre/bin/java
00600000-00601000 rw-p 00000000 08:06 399874                             /usr/lib/jvm/java-8-jdk/jre/bin/java
0189e000-018bf000 rw-p 00000000 00:00 0                                  [heap]
c0000000-c8b80000 rw-p 00000000 00:00 0 
cdf00000-eab00000 ---p 00000000 00:00 0 
eab00000-100000000 rw-p 00000000 00:00 0 
100000000-1000c0000 rw-p 00000000 00:00 0 
1000c0000-140000000 ---p 00000000 00:00 0 
7f50f0000000-7f50f0029000 rw-p 00000000 00:00 0 
7f50f0029000-7f50f4000000 ---p 00000000 00:00 0 
7f50f8000000-7f50f8026000 rw-p 00000000 00:00 0 
7f50f8026000-7f50fc000000 ---p 00000000 00:00 0 
7f50fc000000-7f50fc021000 rw-p 00000000 00:00 0 
7f50fc021000-7f5100000000 ---p 00000000 00:00 0 
7f5100000000-7f5100055000 rw-p 00000000 00:00 0 
7f5100055000-7f5104000000 ---p 00000000 00:00 0 
7f5104000000-7f5104021000 rw-p 00000000 00:00 0 
7f5104021000-7f5108000000 ---p 00000000 00:00 0 
7f5108000000-7f5108021000 rw-p 00000000 00:00 0 
7f5108021000-7f510c000000 ---p 00000000 00:00 0 
7f510c000000-7f510c021000 rw-p 00000000 00:00 0 
7f510c021000-7f5110000000 ---p 00000000 00:00 0 
7f5110000000-7f5111478000 rw-p 00000000 00:00 0 
7f5111478000-7f5114000000 ---p 00000000 00:00 0 
7f5114000000-7f51147bc000 rw-p 00000000 00:00 0 
7f51147bc000-7f5118000000 ---p 00000000 00:00 0 
7f5118000000-7f5118021000 rw-p 00000000 00:00 0 
7f5118021000-7f511c000000 ---p 00000000 00:00 0 
7f511c000000-7f511cbee000 rw-p 00000000 00:00 0 
7f511cbee000-7f5120000000 ---p 00000000 00:00 0 
7f5120000000-7f5120021000 rw-p 00000000 00:00 0 
7f5120021000-7f5124000000 ---p 00000000 00:00 0 
7f5124000000-7f5124021000 rw-p 00000000 00:00 0 
7f5124021000-7f5128000000 ---p 00000000 00:00 0 
7f5128000000-7f5128021000 rw-p 00000000 00:00 0 
7f5128021000-7f512c000000 ---p 00000000 00:00 0 
7f512c000000-7f512c2bd000 rw-p 00000000 00:00 0 
7f512c2bd000-7f5130000000 ---p 00000000 00:00 0 
7f5130000000-7f5130021000 rw-p 00000000 00:00 0 
7f5130021000-7f5134000000 ---p 00000000 00:00 0 
7f5138000000-7f5138021000 rw-p 00000000 00:00 0 
7f5138021000-7f513c000000 ---p 00000000 00:00 0 
7f513c99b000-7f513c99e000 ---p 00000000 00:00 0 
7f513c99e000-7f513ca9c000 rw-p 00000000 00:00 0                          [stack:8491]
7f513ca9c000-7f513ca9f000 ---p 00000000 00:00 0 
7f513ca9f000-7f513cb9d000 rw-p 00000000 00:00 0                          [stack:8490]
7f513cb9d000-7f513cba0000 ---p 00000000 00:00 0 
7f513cba0000-7f513cc9e000 rw-p 00000000 00:00 0                          [stack:8489]
7f513cc9e000-7f513cca1000 ---p 00000000 00:00 0 
7f513cca1000-7f513cd9f000 rw-p 00000000 00:00 0                          [stack:8488]
7f513cd9f000-7f513cda2000 ---p 00000000 00:00 0 
7f513cda2000-7f513cea0000 rw-p 00000000 00:00 0                          [stack:8487]
7f513cea0000-7f513cea1000 ---p 00000000 00:00 0 
7f513cea1000-7f513cfa1000 rw-p 00000000 00:00 0                          [stack:8481]
7f513cfa1000-7f513cfa4000 ---p 00000000 00:00 0 
7f513cfa4000-7f513d0a2000 rw-p 00000000 00:00 0                          [stack:8480]
7f513d0a2000-7f513d0a5000 ---p 00000000 00:00 0 
7f513d0a5000-7f513d1a3000 rw-p 00000000 00:00 0                          [stack:8479]
7f513d1a3000-7f513d1a6000 ---p 00000000 00:00 0 
7f513d1a6000-7f513d2a4000 rw-p 00000000 00:00 0                          [stack:8478]
7f513d2a4000-7f513d2a7000 ---p 00000000 00:00 0 
7f513d2a7000-7f513d3a5000 rw-p 00000000 00:00 0                          [stack:8477]
7f513d3a5000-7f513d3a8000 ---p 00000000 00:00 0 
7f513d3a8000-7f513d4a6000 rw-p 00000000 00:00 0                          [stack:8476]
7f513d4a6000-7f513d5f6000 r--p 00000000 08:06 163465                     /usr/lib/locale/locale-archive
7f513d5f6000-7f513d5f9000 ---p 00000000 00:00 0 
7f513d5f9000-7f513d6f7000 rw-p 00000000 00:00 0                          [stack:8475]
7f513d6f7000-7f513d6fa000 ---p 00000000 00:00 0 
7f513d6fa000-7f513d7f8000 rw-p 00000000 00:00 0                          [stack:8474]
7f513d7f8000-7f513d7f9000 ---p 00000000 00:00 0 
7f513d7f9000-7f5140000000 rw-p 00000000 00:00 0                          [stack:8473]
7f5140000000-7f5140021000 rw-p 00000000 00:00 0 
7f5140021000-7f5144000000 ---p 00000000 00:00 0 
7f5144036000-7f514405d000 r--p 00000000 08:06 133207                     /usr/share/locale/ko/LC_MESSAGES/libc.mo
7f514405d000-7f5144096000 r--s 006b8000 08:06 13238998                   /home/youngbin/mailtracker-android/app/build/intermediates/transforms/instantRunSlicer/debug/jars/1/1a/dependencies.jar
7f5144096000-7f5144e80000 rw-p 00000000 00:00 0 
7f5144e80000-7f5145000000 ---p 00000000 00:00 0 
7f5145000000-7f5145a00000 rwxp 00000000 00:00 0 
7f5145a00000-7f5154000000 ---p 00000000 00:00 0 
7f5154000000-7f51543b6000 rw-p 00000000 00:00 0 
7f51543b6000-7f5158000000 ---p 00000000 00:00 0 
7f5158003000-7f5158153000 rw-p 00000000 00:00 0 
7f5158153000-7f515832b000 r--s 03d1d000 08:06 399677                     /usr/lib/jvm/java-8-jdk/jre/lib/rt.jar
7f515832b000-7f51585a1000 rw-p 00000000 00:00 0 
7f51585a1000-7f51585a2000 ---p 00000000 00:00 0 
7f51585a2000-7f51586a2000 rw-p 00000000 00:00 0                          [stack:8470]
7f51586a2000-7f51586a3000 ---p 00000000 00:00 0 
7f51586a3000-7f51587a3000 rw-p 00000000 00:00 0                          [stack:8469]
7f51587a3000-7f51587a4000 ---p 00000000 00:00 0 
7f51587a4000-7f51588a4000 rw-p 00000000 00:00 0                          [stack:8468]
7f51588a4000-7f51588a5000 ---p 00000000 00:00 0 
7f51588a5000-7f51589eb000 rw-p 00000000 00:00 0                          [stack:8467]
7f51589eb000-7f5158afb000 ---p 00000000 00:00 0 
7f5158afb000-7f5158b41000 rw-p 00000000 00:00 0 
7f5158b41000-7f5158c50000 ---p 00000000 00:00 0 
7f5158c50000-7f5158cfb000 rw-p 00000000 00:00 0 
7f5158cfb000-7f5158d24000 rw-p 00000000 00:00 0 
7f5158d24000-7f51590bc000 ---p 00000000 00:00 0 
7f51590bc000-7f51590d6000 r-xp 00000000 08:06 399785                     /usr/lib/jvm/java-8-jdk/jre/lib/amd64/libzip.so
7f51590d6000-7f51592d6000 ---p 0001a000 08:06 399785                     /usr/lib/jvm/java-8-jdk/jre/lib/amd64/libzip.so
7f51592d6000-7f51592d7000 rw-p 0001a000 08:06 399785                     /usr/lib/jvm/java-8-jdk/jre/lib/amd64/libzip.so
7f51592d7000-7f51592e2000 r-xp 00000000 08:06 134332                     /usr/lib/libnss_files-2.22.so
7f51592e2000-7f51594e1000 ---p 0000b000 08:06 134332                     /usr/lib/libnss_files-2.22.so
7f51594e1000-7f51594e2000 r--p 0000a000 08:06 134332                     /usr/lib/libnss_files-2.22.so
7f51594e2000-7f51594e3000 rw-p 0000b000 08:06 134332                     /usr/lib/libnss_files-2.22.so
7f51594e3000-7f51594e9000 rw-p 00000000 00:00 0 
7f51594e9000-7f5159513000 r-xp 00000000 08:06 399805                     /usr/lib/jvm/java-8-jdk/jre/lib/amd64/libjava.so
7f5159513000-7f5159713000 ---p 0002a000 08:06 399805                     /usr/lib/jvm/java-8-jdk/jre/lib/amd64/libjava.so
7f5159713000-7f5159715000 rw-p 0002a000 08:06 399805                     /usr/lib/jvm/java-8-jdk/jre/lib/amd64/libjava.so
7f5159715000-7f5159722000 r-xp 00000000 08:06 399791                     /usr/lib/jvm/java-8-jdk/jre/lib/amd64/libverify.so
7f5159722000-7f5159922000 ---p 0000d000 08:06 399791                     /usr/lib/jvm/java-8-jdk/jre/lib/amd64/libverify.so
7f5159922000-7f5159924000 rw-p 0000d000 08:06 399791                     /usr/lib/jvm/java-8-jdk/jre/lib/amd64/libverify.so
7f5159924000-7f515992b000 r-xp 00000000 08:06 134341                     /usr/lib/librt-2.22.so
7f515992b000-7f5159b2a000 ---p 00007000 08:06 134341                     /usr/lib/librt-2.22.so
7f5159b2a000-7f5159b2b000 r--p 00006000 08:06 134341                     /usr/lib/librt-2.22.so
7f5159b2b000-7f5159b2c000 rw-p 00007000 08:06 134341                     /usr/lib/librt-2.22.so
7f5159b2c000-7f5159c29000 r-xp 00000000 08:06 134338                     /usr/lib/libm-2.22.so
7f5159c29000-7f5159e28000 ---p 000fd000 08:06 134338                     /usr/lib/libm-2.22.so
7f5159e28000-7f5159e29000 r--p 000fc000 08:06 134338                     /usr/lib/libm-2.22.so
7f5159e29000-7f5159e2a000 rw-p 000fd000 08:06 134338                     /usr/lib/libm-2.22.so
7f5159e2a000-7f515aae9000 r-xp 00000000 08:06 530091                     /usr/lib/jvm/java-8-jdk/jre/lib/amd64/server/libjvm.so
7f515aae9000-7f515ace8000 ---p 00cbf000 08:06 530091                     /usr/lib/jvm/java-8-jdk/jre/lib/amd64/server/libjvm.so
7f515ace8000-7f515adc1000 rw-p 00cbe000 08:06 530091                     /usr/lib/jvm/java-8-jdk/jre/lib/amd64/server/libjvm.so
7f515adc1000-7f515ae0a000 rw-p 00000000 00:00 0 
7f515ae0a000-7f515afa4000 r-xp 00000000 08:06 134279                     /usr/lib/libc-2.22.so
7f515afa4000-7f515b1a4000 ---p 0019a000 08:06 134279                     /usr/lib/libc-2.22.so
7f515b1a4000-7f515b1a8000 r--p 0019a000 08:06 134279                     /usr/lib/libc-2.22.so
7f515b1a8000-7f515b1aa000 rw-p 0019e000 08:06 134279                     /usr/lib/libc-2.22.so
7f515b1aa000-7f515b1ae000 rw-p 00000000 00:00 0 
7f515b1ae000-7f515b1b1000 r-xp 00000000 08:06 134337                     /usr/lib/libdl-2.22.so
7f515b1b1000-7f515b3b0000 ---p 00003000 08:06 134337                     /usr/lib/libdl-2.22.so
7f515b3b0000-7f515b3b1000 r--p 00002000 08:06 134337                     /usr/lib/libdl-2.22.so
7f515b3b1000-7f515b3b2000 rw-p 00003000 08:06 134337                     /usr/lib/libdl-2.22.so
7f515b3b2000-7f515b3c7000 r-xp 00000000 08:06 530090                     /usr/lib/jvm/java-8-jdk/jre/lib/amd64/jli/libjli.so
7f515b3c7000-7f515b5c7000 ---p 00015000 08:06 530090                     /usr/lib/jvm/java-8-jdk/jre/lib/amd64/jli/libjli.so
7f515b5c7000-7f515b5c8000 rw-p 00015000 08:06 530090                     /usr/lib/jvm/java-8-jdk/jre/lib/amd64/jli/libjli.so
7f515b5c8000-7f515b5e0000 r-xp 00000000 08:06 134257                     /usr/lib/libpthread-2.22.so
7f515b5e0000-7f515b7df000 ---p 00018000 08:06 134257                     /usr/lib/libpthread-2.22.so
7f515b7df000-7f515b7e0000 r--p 00017000 08:06 134257                     /usr/lib/libpthread-2.22.so
7f515b7e0000-7f515b7e1000 rw-p 00018000 08:06 134257                     /usr/lib/libpthread-2.22.so
7f515b7e1000-7f515b7e5000 rw-p 00000000 00:00 0 
7f515b7e5000-7f515b807000 r-xp 00000000 08:06 134278                     /usr/lib/ld-2.22.so
7f515b80d000-7f515b8d2000 rw-p 00000000 00:00 0 
7f515b8d2000-7f515b8d5000 ---p 00000000 00:00 0 
7f515b8d5000-7f515b9d8000 rw-p 00000000 00:00 0                          [stack:8462]
7f515b9d8000-7f515b9e7000 r--s 000df000 08:06 13763614                   /home/youngbin/Android/Sdk/build-tools/23.0.2/lib/dx.jar
7f515b9e7000-7f515b9fb000 rw-p 00000000 00:00 0 
7f515b9fb000-7f515ba03000 rw-s 00000000 00:21 856818                     /tmp/hsperfdata_youngbin/8458
7f515ba03000-7f515ba04000 rw-p 00000000 00:00 0 
7f515ba04000-7f515ba05000 ---p 00000000 00:00 0 
7f515ba05000-7f515ba06000 rw-p 00000000 00:00 0 
7f515ba06000-7f515ba07000 r--p 00021000 08:06 134278                     /usr/lib/ld-2.22.so
7f515ba07000-7f515ba08000 rw-p 00022000 08:06 134278                     /usr/lib/ld-2.22.so
7f515ba08000-7f515ba09000 rw-p 00000000 00:00 0 
7ffdb8d88000-7ffdb8da9000 rw-p 00000000 00:00 0                          [stack]
7ffdb8dc6000-7ffdb8dc8000 r--p 00000000 00:00 0                          [vvar]
7ffdb8dc8000-7ffdb8dca000 r-xp 00000000 00:00 0                          [vdso]
ffffffffff600000-ffffffffff601000 r-xp 00000000 00:00 0                  [vsyscall]

VM Arguments:
jvm_args: -Djava.awt.headless=true -Xmx1024M -Dfile.encoding=UTF-8 -Duser.country=KR -Duser.language=ko -Duser.variant 
java_command: com.android.dx.command.Main --dex --num-threads=4 --multi-dex --output /home/youngbin/mailtracker-android/app/build/intermediates/transforms/dex/debug/folders/1000/1a/dependencies_82c8c2ddf79f65a1106b4faa60cabd333a42a34f /home/youngbin/mailtracker-android/app/build/intermediates/transforms/instantRunSlicer/debug/jars/1/1a/dependencies.jar
java_class_path (initial): /home/youngbin/Android/Sdk/build-tools/23.0.2/lib/dx.jar
Launcher Type: SUN_STANDARD

Environment Variables:
PATH=/usr/local/sbin:/usr/local/bin:/usr/bin:/usr/lib/jvm/default/bin:/usr/bin/site_perl:/usr/bin/vendor_perl:/usr/bin/core_perl
USERNAME=youngbin
LD_LIBRARY_PATH=/home/youngbin/android-studio/bin:
SHELL=/usr/bin/fish
DISPLAY=:1

Signal Handlers:
SIGSEGV: [libjvm.so+0xabb070], sa_mask[0]=11111111011111111101111111111110, sa_flags=SA_RESTART|SA_SIGINFO
SIGBUS: [libjvm.so+0xabb070], sa_mask[0]=11111111011111111101111111111110, sa_flags=SA_RESTART|SA_SIGINFO
SIGFPE: [libjvm.so+0x918480], sa_mask[0]=11111111011111111101111111111110, sa_flags=SA_RESTART|SA_SIGINFO
SIGPIPE: [libjvm.so+0x918480], sa_mask[0]=11111111011111111101111111111110, sa_flags=SA_RESTART|SA_SIGINFO
SIGXFSZ: [libjvm.so+0x918480], sa_mask[0]=11111111011111111101111111111110, sa_flags=SA_RESTART|SA_SIGINFO
SIGILL: [libjvm.so+0x918480], sa_mask[0]=11111111011111111101111111111110, sa_flags=SA_RESTART|SA_SIGINFO
SIGUSR1: SIG_DFL, sa_mask[0]=00000000000000000000000000000000, sa_flags=none
SIGUSR2: [libjvm.so+0x919ab0], sa_mask[0]=00100000000000000000000000000000, sa_flags=SA_RESTART|SA_SIGINFO
SIGHUP: [libjvm.so+0x91aeb0], sa_mask[0]=11111111011111111101111111111110, sa_flags=SA_RESTART|SA_SIGINFO
SIGINT: [libjvm.so+0x91aeb0], sa_mask[0]=11111111011111111101111111111110, sa_flags=SA_RESTART|SA_SIGINFO
SIGTERM: [libjvm.so+0x91aeb0], sa_mask[0]=11111111011111111101111111111110, sa_flags=SA_RESTART|SA_SIGINFO
SIGQUIT: [libjvm.so+0x91aeb0], sa_mask[0]=11111111011111111101111111111110, sa_flags=SA_RESTART|SA_SIGINFO


---------------  S Y S T E M  ---------------

OS:NAME="Antergos Linux"
VERSION="2015.12-ISO-Rolling"
ID="antergos"
ID_LIKE="arch"
PRETTY_NAME="Antergos Linux"
CPE_NAME="cpe:/o:antergosproject:antergos:2015.12"
ANSI_COLOR="1;34;40"
HOME_URL="https://antergos.com/"
SUPPORT_URL="https://forum.antergos.com/"
BUG_REPORT_URL="https://github.com/antergos"


uname:Linux 4.4.1-2-ARCH #1 SMP PREEMPT Wed Feb 3 13:12:33 UTC 2016 x86_64
libc:glibc 2.22 NPTL 2.22 
rlimit: STACK 8192k, CORE infinity, NPROC 14901, NOFILE 4096, AS infinity
load average:2.20 0.79 0.52

/proc/meminfo:
MemTotal:        4007080 kB
MemFree:           28440 kB
MemAvailable:      66912 kB
Buffers:             664 kB
Cached:            57168 kB
SwapCached:            0 kB
Active:          3700008 kB
Inactive:          34540 kB
Active(anon):    3679808 kB
Inactive(anon):    14472 kB
Active(file):      20200 kB
Inactive(file):    20068 kB
Unevictable:          80 kB
Mlocked:        34359738448 kB
SwapTotal:             0 kB
SwapFree:              0 kB
Dirty:               220 kB
Writeback:             0 kB
AnonPages:       3677396 kB
Mapped:            46364 kB
Shmem:             16964 kB
Slab:              63196 kB
SReclaimable:      27784 kB
SUnreclaim:        35412 kB
KernelStack:       10800 kB
PageTables:        43428 kB
NFS_Unstable:          0 kB
Bounce:                0 kB
WritebackTmp:          0 kB
CommitLimit:     2003540 kB
Committed_AS:    7492972 kB
VmallocTotal:   34359738367 kB
VmallocUsed:           0 kB
VmallocChunk:          0 kB
HardwareCorrupted:     0 kB
AnonHugePages:   1150976 kB
HugePages_Total:       0
HugePages_Free:        0
HugePages_Rsvd:        0
HugePages_Surp:        0
Hugepagesize:       2048 kB
DirectMap4k:     1771920 kB
DirectMap2M:     2377728 kB


CPU:total 4 (2 cores per cpu, 2 threads per core) family 6 model 42 stepping 7, cmov, cx8, fxsr, mmx, sse, sse2, sse3, ssse3, sse4.1, sse4.2, popcnt, avx, clmul, ht, tsc, tscinvbit

/proc/cpuinfo:
processor	: 0
vendor_id	: GenuineIntel
cpu family	: 6
model		: 42
model name	: Intel(R) Core(TM) i3-2120 CPU @ 3.30GHz
stepping	: 7
microcode	: 0x26
cpu MHz		: 2671.195
cache size	: 3072 KB
physical id	: 0
siblings	: 4
core id		: 0
cpu cores	: 2
apicid		: 0
initial apicid	: 0
fpu		: yes
fpu_exception	: yes
cpuid level	: 13
wp		: yes
flags		: fpu vme de pse tsc msr pae mce cx8 apic sep mtrr pge mca cmov pat pse36 clflush dts acpi mmx fxsr sse sse2 ss ht tm pbe syscall nx rdtscp lm constant_tsc arch_perfmon pebs bts rep_good nopl xtopology nonstop_tsc aperfmperf eagerfpu pni pclmulqdq dtes64 monitor ds_cpl vmx est tm2 ssse3 cx16 xtpr pdcm pcid sse4_1 sse4_2 popcnt tsc_deadline_timer xsave avx lahf_lm arat epb pln pts dtherm tpr_shadow vnmi flexpriority ept vpid xsaveopt
bugs		:
bogomips	: 6602.91
clflush size	: 64
cache_alignment	: 64
address sizes	: 36 bits physical, 48 bits virtual
power management:

processor	: 1
vendor_id	: GenuineIntel
cpu family	: 6
model		: 42
model name	: Intel(R) Core(TM) i3-2120 CPU @ 3.30GHz
stepping	: 7
microcode	: 0x26
cpu MHz		: 3276.796
cache size	: 3072 KB
physical id	: 0
siblings	: 4
core id		: 1
cpu cores	: 2
apicid		: 2
initial apicid	: 2
fpu		: yes
fpu_exception	: yes
cpuid level	: 13
wp		: yes
flags		: fpu vme de pse tsc msr pae mce cx8 apic sep mtrr pge mca cmov pat pse36 clflush dts acpi mmx fxsr sse sse2 ss ht tm pbe syscall nx rdtscp lm constant_tsc arch_perfmon pebs bts rep_good nopl xtopology nonstop_tsc aperfmperf eagerfpu pni pclmulqdq dtes64 monitor ds_cpl vmx est tm2 ssse3 cx16 xtpr pdcm pcid sse4_1 sse4_2 popcnt tsc_deadline_timer xsave avx lahf_lm arat epb pln pts dtherm tpr_shadow vnmi flexpriority ept vpid xsaveopt
bugs		:
bogomips	: 6602.91
clflush size	: 64
cache_alignment	: 64
address sizes	: 36 bits physical, 48 bits virtual
power management:

processor	: 2
vendor_id	: GenuineIntel
cpu family	: 6
model		: 42
model name	: Intel(R) Core(TM) i3-2120 CPU @ 3.30GHz
stepping	: 7
microcode	: 0x26
cpu MHz		: 3300.000
cache size	: 3072 KB
physical id	: 0
siblings	: 4
core id		: 0
cpu cores	: 2
apicid		: 1
initial apicid	: 1
fpu		: yes
fpu_exception	: yes
cpuid level	: 13
wp		: yes
flags		: fpu vme de pse tsc msr pae mce cx8 apic sep mtrr pge mca cmov pat pse36 clflush dts acpi mmx fxsr sse sse2 ss ht tm pbe syscall nx rdtscp lm constant_tsc arch_perfmon pebs bts rep_good nopl xtopology nonstop_tsc aperfmperf eagerfpu pni pclmulqdq dtes64 monitor ds_cpl vmx est tm2 ssse3 cx16 xtpr pdcm pcid sse4_1 sse4_2 popcnt tsc_deadline_timer xsave avx lahf_lm arat epb pln pts dtherm tpr_shadow vnmi flexpriority ept vpid xsaveopt
bugs		:
bogomips	: 6602.91
clflush size	: 64
cache_alignment	: 64
address sizes	: 36 bits physical, 48 bits virtual
power management:

processor	: 3
vendor_id	: GenuineIntel
cpu family	: 6
model		: 42
model name	: Intel(R) Core(TM) i3-2120 CPU @ 3.30GHz
stepping	: 7
microcode	: 0x26
cpu MHz		: 3299.871
cache size	: 3072 KB
physical id	: 0
siblings	: 4
core id		: 1
cpu cores	: 2
apicid		: 3
initial apicid	: 3
fpu		: yes
fpu_exception	: yes
cpuid level	: 13
wp		: yes
flags		: fpu vme de pse tsc msr pae mce cx8 apic sep mtrr pge mca cmov pat pse36 clflush dts acpi mmx fxsr sse sse2 ss ht tm pbe syscall nx rdtscp lm constant_tsc arch_perfmon pebs bts rep_good nopl xtopology nonstop_tsc aperfmperf eagerfpu pni pclmulqdq dtes64 monitor ds_cpl vmx est tm2 ssse3 cx16 xtpr pdcm pcid sse4_1 sse4_2 popcnt tsc_deadline_timer xsave avx lahf_lm arat epb pln pts dtherm tpr_shadow vnmi flexpriority ept vpid xsaveopt
bugs		:
bogomips	: 6602.91
clflush size	: 64
cache_alignment	: 64
address sizes	: 36 bits physical, 48 bits virtual
power management:



Memory: 4k page, physical 4007080k(28736k free), swap 0k(0k free)

vm_info: Java HotSpot(TM) 64-Bit Server VM (25.72-b15) for linux-amd64 JRE (1.8.0_72-b15), built on Dec 22 2015 22:00:07 by "java_re" with gcc 4.3.0 20080428 (Red Hat 4.3.0-8)

time: Sun Feb 21 15:57:22 2016
elapsed time: 12 seconds (0d 0h 0m 12s)

