#
# There is insufficient memory for the Java Runtime Environment to continue.
# Native memory allocation (mmap) failed to map 128974848 bytes for committing reserved memory.
# Possible reasons:
#   The system is out of physical RAM or swap space
#   In 32 bit mode, the process size limit was hit
# Possible solutions:
#   Reduce memory load on the system
#   Increase physical memory or swap space
#   Check if swap backing store is full
#   Use 64 bit Java on a 64 bit OS
#   Decrease Java heap size (-Xmx/-Xms)
#   Decrease number of Java threads
#   Decrease Java thread stack sizes (-Xss)
#   Set larger code cache with -XX:ReservedCodeCacheSize=
# This output file may be truncated or incomplete.
#
#  Out of Memory Error (os_linux.cpp:2627), pid=10889, tid=140323297642240
#
# JRE version: Java(TM) SE Runtime Environment (8.0_74-b02) (build 1.8.0_74-b02)
# Java VM: Java HotSpot(TM) 64-Bit Server VM (25.74-b02 mixed mode linux-amd64 compressed oops)
# Core dump written. Default location: /home/youngbin/shipped-android/app/core or core.10889
#

---------------  T H R E A D  ---------------

Current thread (0x00007f9fa0076800):  VMThread [stack: 0x00007f9f903f4000,0x00007f9f904f5000] [id=10899]

Stack: [0x00007f9f903f4000,0x00007f9f904f5000],  sp=0x00007f9f904f3120,  free space=1020k
Native frames: (J=compiled Java code, j=interpreted, Vv=VM code, C=native code)
V  [libjvm.so+0xaba7ea]  VMError::report_and_die()+0x2ba
V  [libjvm.so+0x4f9e3b]  report_vm_out_of_memory(char const*, int, unsigned long, VMErrorType, char const*)+0x8b
V  [libjvm.so+0x91b613]  os::Linux::commit_memory_impl(char*, unsigned long, bool)+0x103
V  [libjvm.so+0x91bb69]  os::pd_commit_memory(char*, unsigned long, unsigned long, bool)+0x29
V  [libjvm.so+0x915e6a]  os::commit_memory(char*, unsigned long, unsigned long, bool)+0x2a
V  [libjvm.so+0x989543]  PSVirtualSpace::expand_by(unsigned long)+0x53
V  [libjvm.so+0x979e30]  PSOldGen::expand(unsigned long)+0x170
V  [libjvm.so+0x97a03b]  PSOldGen::resize(unsigned long)+0x1cb
V  [libjvm.so+0x981d11]  PSParallelCompact::invoke_no_policy(bool)+0x991
V  [libjvm.so+0x98766d]  PSScavenge::invoke()+0x1ad
V  [libjvm.so+0x93f300]  ParallelScavengeHeap::failed_mem_allocate(unsigned long)+0x70
V  [libjvm.so+0xabc207]  VM_ParallelGCFailedAllocation::doit()+0x97
V  [libjvm.so+0xac3c35]  VM_Operation::evaluate()+0x55
V  [libjvm.so+0xac200a]  VMThread::evaluate_operation(VM_Operation*)+0xba
V  [libjvm.so+0xac238e]  VMThread::loop()+0x1ce
V  [libjvm.so+0xac2800]  VMThread::run()+0x70
V  [libjvm.so+0x91d9d8]  java_start(Thread*)+0x108

VM_Operation (0x00007f9fa85cb5a0): ParallelGCFailedAllocation, mode: safepoint, requested by thread 0x00007f9fa0008800


---------------  P R O C E S S  ---------------

Java Threads: ( => current thread )
  0x00007f9fa01e7000 JavaThread "pool-2-thread-4" [_thread_blocked, id=10912, stack(0x00007f9f894f5000,0x00007f9f895f6000)]
  0x00007f9fa01e5000 JavaThread "pool-2-thread-3" [_thread_blocked, id=10911, stack(0x00007f9f895f6000,0x00007f9f896f7000)]
  0x00007f9fa01e3000 JavaThread "pool-2-thread-2" [_thread_blocked, id=10910, stack(0x00007f9f896f7000,0x00007f9f897f8000)]
  0x00007f9fa01e2000 JavaThread "pool-3-thread-1" [_thread_blocked, id=10909, stack(0x00007f9f897f8000,0x00007f9f898f9000)]
  0x00007f9fa01d7800 JavaThread "pool-2-thread-1" [_thread_blocked, id=10908, stack(0x00007f9f898f9000,0x00007f9f899fa000)]
  0x00007f9fa00c7000 JavaThread "Service Thread" daemon [_thread_blocked, id=10906, stack(0x00007f9f89afb000,0x00007f9f89bfc000)]
  0x00007f9fa00bb800 JavaThread "C1 CompilerThread2" daemon [_thread_blocked, id=10905, stack(0x00007f9f89bfc000,0x00007f9f89cfd000)]
  0x00007f9fa00ba000 JavaThread "C2 CompilerThread1" daemon [_thread_blocked, id=10904, stack(0x00007f9f89cfd000,0x00007f9f89dfe000)]
  0x00007f9fa00b7000 JavaThread "C2 CompilerThread0" daemon [_thread_blocked, id=10903, stack(0x00007f9f89dfe000,0x00007f9f89eff000)]
  0x00007f9fa00b5800 JavaThread "Signal Dispatcher" daemon [_thread_blocked, id=10902, stack(0x00007f9f89eff000,0x00007f9f8a000000)]
  0x00007f9fa0082800 JavaThread "Finalizer" daemon [_thread_blocked, id=10901, stack(0x00007f9f901f2000,0x00007f9f902f3000)]
  0x00007f9fa007e000 JavaThread "Reference Handler" daemon [_thread_blocked, id=10900, stack(0x00007f9f902f3000,0x00007f9f903f4000)]
  0x00007f9fa0008800 JavaThread "main" [_thread_blocked, id=10890, stack(0x00007f9fa84cd000,0x00007f9fa85ce000)]

Other Threads:
=>0x00007f9fa0076800 VMThread [stack: 0x00007f9f903f4000,0x00007f9f904f5000] [id=10899]
  0x00007f9fa00c9800 WatcherThread [stack: 0x00007f9f899fa000,0x00007f9f89afb000] [id=10907]

VM state:at safepoint (normal execution)

VM Mutex/Monitor currently owned by a thread:  ([mutex/lock_event])
[0x00007f9fa0005e80] ExpandHeap_lock - owner thread: 0x00007f9fa0076800
[0x00007f9fa0006500] Threads_lock - owner thread: 0x00007f9fa0076800
[0x00007f9fa0006a00] Heap_lock - owner thread: 0x00007f9fa0008800

Heap:
 PSYoungGen      total 191488K, used 31056K [0x00000000eab00000, 0x0000000100000000, 0x0000000100000000)
  eden space 118784K, 0% used [0x00000000eab00000,0x00000000eab00000,0x00000000f1f00000)
  from space 72704K, 42% used [0x00000000f1f00000,0x00000000f3d54268,0x00000000f6600000)
  to   space 116224K, 0% used [0x00000000f8e80000,0x00000000f8e80000,0x0000000100000000)
 ParOldGen       total 262656K, used 262327K [0x00000000c0000000, 0x00000000d0080000, 0x00000000eab00000)
  object space 262656K, 99% used [0x00000000c0000000,0x00000000d002df70,0x00000000d0080000)
 Metaspace       used 6579K, capacity 7320K, committed 7680K, reserved 1056768K
  class space    used 615K, capacity 656K, committed 768K, reserved 1048576K

Card table byte_map: [0x00007f9fa56f0000,0x00007f9fa58f1000] byte_map_base: 0x00007f9fa50f0000

Marking Bits: (ParMarkBitMap*) 0x00007f9fa79db260
 Begin Bits: [0x00007f9f8a000000, 0x00007f9f8b000000)
 End Bits:   [0x00007f9f8b000000, 0x00007f9f8c000000)

Polling page: 0x00007f9fa85ff000

CodeCache: size=245760Kb used=10957Kb max_used=10957Kb free=234802Kb
 bounds [0x00007f9f91000000, 0x00007f9f91ac0000, 0x00007f9fa0000000]
 total_blobs=2717 nmethods=2448 adapters=182
 compilation: enabled

Compilation events (10 events):
Event: 10.361 Thread 0x00007f9fa00ba000 nmethod 2648 0x00007f9f91ab8ad0 code [0x00007f9f91ab8d40, 0x00007f9f91aba4b8]
Event: 10.361 Thread 0x00007f9fa00ba000 2645       4       com.android.dx.ssa.SsaMethod::getCountReachableBlocks (44 bytes)
Event: 10.368 Thread 0x00007f9fa00ba000 nmethod 2645 0x00007f9f91a94750 code [0x00007f9f91a948c0, 0x00007f9f91a94c98]
Event: 10.368 Thread 0x00007f9fa00ba000 2651       4       com.android.dx.ssa.back.SsaToRop::convertBasicBlocks (151 bytes)
Event: 10.406 Thread 0x00007f9fa00bb800 2705       2       com.android.dx.dex.code.SwitchData::packedCodeSize (56 bytes)
Event: 10.406 Thread 0x00007f9fa00bb800 nmethod 2705 0x00007f9f91a942d0 code [0x00007f9f91a94440, 0x00007f9f91a94638]
Event: 10.440 Thread 0x00007f9fa00bb800 2707 %     3       com.android.dx.cf.code.ByteCatchList::toRopCatchList @ 24 (57 bytes)
Event: 10.442 Thread 0x00007f9fa00bb800 nmethod 2707% 0x00007f9f91a91010 code [0x00007f9f91a91260, 0x00007f9f91a92388]
Event: 10.447 Thread 0x00007f9fa00bb800 2708       3       com.android.dx.cf.code.ByteCatchList::toRopCatchList (57 bytes)
Event: 10.448 Thread 0x00007f9fa00bb800 nmethod 2708 0x00007f9f91a8f390 code [0x00007f9f91a8f5e0, 0x00007f9f91a90648]

GC Heap History (10 events):
Event: 7.496 GC heap after
Heap after GC invocations=16 (full 2):
 PSYoungGen      total 237568K, used 59253K [0x00000000eab00000, 0x0000000100000000, 0x0000000100000000)
  eden space 177152K, 0% used [0x00000000eab00000,0x00000000eab00000,0x00000000f5800000)
  from space 60416K, 98% used [0x00000000fc500000,0x00000000ffedd6b0,0x0000000100000000)
  to   space 86016K, 0% used [0x00000000f5800000,0x00000000f5800000,0x00000000fac00000)
 ParOldGen       total 167936K, used 167745K [0x00000000c0000000, 0x00000000ca400000, 0x00000000eab00000)
  object space 167936K, 99% used [0x00000000c0000000,0x00000000ca3d0710,0x00000000ca400000)
 Metaspace       used 6570K, capacity 7320K, committed 7680K, reserved 1056768K
  class space    used 615K, capacity 656K, committed 768K, reserved 1048576K
}
Event: 7.496 GC heap before
{Heap before GC invocations=17 (full 3):
 PSYoungGen      total 237568K, used 59253K [0x00000000eab00000, 0x0000000100000000, 0x0000000100000000)
  eden space 177152K, 0% used [0x00000000eab00000,0x00000000eab00000,0x00000000f5800000)
  from space 60416K, 98% used [0x00000000fc500000,0x00000000ffedd6b0,0x0000000100000000)
  to   space 86016K, 0% used [0x00000000f5800000,0x00000000f5800000,0x00000000fac00000)
 ParOldGen       total 167936K, used 167745K [0x00000000c0000000, 0x00000000ca400000, 0x00000000eab00000)
  object space 167936K, 99% used [0x00000000c0000000,0x00000000ca3d0710,0x00000000ca400000)
 Metaspace       used 6570K, capacity 7320K, committed 7680K, reserved 1056768K
  class space    used 615K, capacity 656K, committed 768K, reserved 1048576K
Event: 8.526 GC heap after
Heap after GC invocations=17 (full 3):
 PSYoungGen      total 237568K, used 52218K [0x00000000eab00000, 0x0000000100000000, 0x0000000100000000)
  eden space 177152K, 0% used [0x00000000eab00000,0x00000000eab00000,0x00000000f5800000)
  from space 60416K, 86% used [0x00000000fc500000,0x00000000ff7fe930,0x0000000100000000)
  to   space 86016K, 0% used [0x00000000f5800000,0x00000000f5800000,0x00000000fac00000)
 ParOldGen       total 262656K, used 167799K [0x00000000c0000000, 0x00000000d0080000, 0x00000000eab00000)
  object space 262656K, 63% used [0x00000000c0000000,0x00000000ca3dde08,0x00000000d0080000)
 Metaspace       used 6570K, capacity 7320K, committed 7680K, reserved 1056768K
  class space    used 615K, capacity 656K, committed 768K, reserved 1048576K
}
Event: 9.051 GC heap before
{Heap before GC invocations=18 (full 3):
 PSYoungGen      total 237568K, used 229370K [0x00000000eab00000, 0x0000000100000000, 0x0000000100000000)
  eden space 177152K, 100% used [0x00000000eab00000,0x00000000f5800000,0x00000000f5800000)
  from space 60416K, 86% used [0x00000000fc500000,0x00000000ff7fe930,0x0000000100000000)
  to   space 86016K, 0% used [0x00000000f5800000,0x00000000f5800000,0x00000000fac00000)
 ParOldGen       total 262656K, used 167799K [0x00000000c0000000, 0x00000000d0080000, 0x00000000eab00000)
  object space 262656K, 63% used [0x00000000c0000000,0x00000000ca3dde08,0x00000000d0080000)
 Metaspace       used 6578K, capacity 7320K, committed 7680K, reserved 1056768K
  class space    used 615K, capacity 656K, committed 768K, reserved 1048576K
Event: 9.180 GC heap after
Heap after GC invocations=18 (full 3):
 PSYoungGen      total 252928K, used 75620K [0x00000000eab00000, 0x0000000100000000, 0x0000000100000000)
  eden space 177152K, 0% used [0x00000000eab00000,0x00000000eab00000,0x00000000f5800000)
  from space 75776K, 99% used [0x00000000f5800000,0x00000000fa1d9210,0x00000000fa200000)
  to   space 96256K, 0% used [0x00000000fa200000,0x00000000fa200000,0x0000000100000000)
 ParOldGen       total 262656K, used 167799K [0x00000000c0000000, 0x00000000d0080000, 0x00000000eab00000)
  object space 262656K, 63% used [0x00000000c0000000,0x00000000ca3dde08,0x00000000d0080000)
 Metaspace       used 6578K, capacity 7320K, committed 7680K, reserved 1056768K
  class space    used 615K, capacity 656K, committed 768K, reserved 1048576K
}
Event: 9.705 GC heap before
{Heap before GC invocations=19 (full 3):
 PSYoungGen      total 252928K, used 252772K [0x00000000eab00000, 0x0000000100000000, 0x0000000100000000)
  eden space 177152K, 100% used [0x00000000eab00000,0x00000000f5800000,0x00000000f5800000)
  from space 75776K, 99% used [0x00000000f5800000,0x00000000fa1d9210,0x00000000fa200000)
  to   space 96256K, 0% used [0x00000000fa200000,0x00000000fa200000,0x0000000100000000)
 ParOldGen       total 262656K, used 167799K [0x00000000c0000000, 0x00000000d0080000, 0x00000000eab00000)
  object space 262656K, 63% used [0x00000000c0000000,0x00000000ca3dde08,0x00000000d0080000)
 Metaspace       used 6578K, capacity 7320K, committed 7680K, reserved 1056768K
  class space    used 615K, capacity 656K, committed 768K, reserved 1048576K
Event: 9.858 GC heap after
Heap after GC invocations=19 (full 3):
 PSYoungGen      total 215040K, used 96230K [0x00000000eab00000, 0x0000000100000000, 0x0000000100000000)
  eden space 118784K, 0% used [0x00000000eab00000,0x00000000eab00000,0x00000000f1f00000)
  from space 96256K, 99% used [0x00000000fa200000,0x00000000ffff9978,0x0000000100000000)
  to   space 115200K, 0% used [0x00000000f1f00000,0x00000000f1f00000,0x00000000f8f80000)
 ParOldGen       total 262656K, used 173230K [0x00000000c0000000, 0x00000000d0080000, 0x00000000eab00000)
  object space 262656K, 65% used [0x00000000c0000000,0x00000000ca92b828,0x00000000d0080000)
 Metaspace       used 6578K, capacity 7320K, committed 7680K, reserved 1056768K
  class space    used 615K, capacity 656K, committed 768K, reserved 1048576K
}
Event: 10.507 GC heap before
{Heap before GC invocations=20 (full 3):
 PSYoungGen      total 215040K, used 215014K [0x00000000eab00000, 0x0000000100000000, 0x0000000100000000)
  eden space 118784K, 100% used [0x00000000eab00000,0x00000000f1f00000,0x00000000f1f00000)
  from space 96256K, 99% used [0x00000000fa200000,0x00000000ffff9978,0x0000000100000000)
  to   space 115200K, 0% used [0x00000000f1f00000,0x00000000f1f00000,0x00000000f8f80000)
 ParOldGen       total 262656K, used 173230K [0x00000000c0000000, 0x00000000d0080000, 0x00000000eab00000)
  object space 262656K, 65% used [0x00000000c0000000,0x00000000ca92b828,0x00000000d0080000)
 Metaspace       used 6579K, capacity 7320K, committed 7680K, reserved 1056768K
  class space    used 615K, capacity 656K, committed 768K, reserved 1048576K
Event: 10.687 GC heap after
Heap after GC invocations=20 (full 3):
 PSYoungGen      total 191488K, used 72683K [0x00000000eab00000, 0x0000000100000000, 0x0000000100000000)
  eden space 118784K, 0% used [0x00000000eab00000,0x00000000eab00000,0x00000000f1f00000)
  from space 72704K, 99% used [0x00000000f1f00000,0x00000000f65fafa0,0x00000000f6600000)
  to   space 116224K, 0% used [0x00000000f8e80000,0x00000000f8e80000,0x0000000100000000)
 ParOldGen       total 262656K, used 222856K [0x00000000c0000000, 0x00000000d0080000, 0x00000000eab00000)
  object space 262656K, 84% used [0x00000000c0000000,0x00000000cd9a20b8,0x00000000d0080000)
 Metaspace       used 6579K, capacity 7320K, committed 7680K, reserved 1056768K
  class space    used 615K, capacity 656K, committed 768K, reserved 1048576K
}
Event: 10.687 GC heap before
{Heap before GC invocations=21 (full 4):
 PSYoungGen      total 191488K, used 72683K [0x00000000eab00000, 0x0000000100000000, 0x0000000100000000)
  eden space 118784K, 0% used [0x00000000eab00000,0x00000000eab00000,0x00000000f1f00000)
  from space 72704K, 99% used [0x00000000f1f00000,0x00000000f65fafa0,0x00000000f6600000)
  to   space 116224K, 0% used [0x00000000f8e80000,0x00000000f8e80000,0x0000000100000000)
 ParOldGen       total 262656K, used 222856K [0x00000000c0000000, 0x00000000d0080000, 0x00000000eab00000)
  object space 262656K, 84% used [0x00000000c0000000,0x00000000cd9a20b8,0x00000000d0080000)
 Metaspace       used 6579K, capacity 7320K, committed 7680K, reserved 1056768K
  class space    used 615K, capacity 656K, committed 768K, reserved 1048576K

Deoptimization events (10 events):
Event: 5.739 Thread 0x00007f9fa01d7800 Uncommon trap: reason=class_check action=maybe_recompile pc=0x00007f9f919677c0 method=com.android.dx.cf.code.BytecodeArray.parseInstruction(ILcom/android/dx/cf/code/BytecodeArray$Visitor;)I @ 2047
Event: 5.742 Thread 0x00007f9fa01d7800 Uncommon trap: reason=class_check action=maybe_recompile pc=0x00007f9f919677c0 method=com.android.dx.cf.code.BytecodeArray.parseInstruction(ILcom/android/dx/cf/code/BytecodeArray$Visitor;)I @ 2047
Event: 6.224 Thread 0x00007f9fa01e3000 Uncommon trap: reason=class_check action=maybe_recompile pc=0x00007f9f91997230 method=com.android.dx.cf.code.BytecodeArray.parseInstruction(ILcom/android/dx/cf/code/BytecodeArray$Visitor;)I @ 2017
Event: 6.259 Thread 0x00007f9fa01e5000 Uncommon trap: reason=bimorphic action=maybe_recompile pc=0x00007f9f9170fcbc method=com.android.dx.ssa.LiteralOpUpgrader.tryReplacingWithConstant(Lcom/android/dx/ssa/NormalSsaInsn;)Z @ 62
Event: 6.262 Thread 0x00007f9fa01e5000 Uncommon trap: reason=bimorphic action=maybe_recompile pc=0x00007f9f9170fcbc method=com.android.dx.ssa.LiteralOpUpgrader.tryReplacingWithConstant(Lcom/android/dx/ssa/NormalSsaInsn;)Z @ 62
Event: 7.157 Thread 0x00007f9fa01e7000 Uncommon trap: reason=bimorphic action=maybe_recompile pc=0x00007f9f9170fcbc method=com.android.dx.ssa.LiteralOpUpgrader.tryReplacingWithConstant(Lcom/android/dx/ssa/NormalSsaInsn;)Z @ 62
Event: 7.218 Thread 0x00007f9fa01e5000 Uncommon trap: reason=bimorphic action=maybe_recompile pc=0x00007f9f9170fcbc method=com.android.dx.ssa.LiteralOpUpgrader.tryReplacingWithConstant(Lcom/android/dx/ssa/NormalSsaInsn;)Z @ 62
Event: 9.265 Thread 0x00007f9fa01d7800 Uncommon trap: reason=unstable_if action=reinterpret pc=0x00007f9f91a74870 method=com.android.dx.cf.code.BaseMachine.getLocalTarget(Z)Lcom/android/dx/rop/code/RegisterSpec; @ 131
Event: 9.603 Thread 0x00007f9fa01d7800 Uncommon trap: reason=unstable_if action=reinterpret pc=0x00007f9f91a6ddd8 method=com.android.dx.rop.code.BasicBlockList.preferredSuccessorOf(Lcom/android/dx/rop/code/BasicBlock;)Lcom/android/dx/rop/code/BasicBlock; @ 58
Event: 10.013 Thread 0x00007f9fa0008800 Uncommon trap: reason=unstable_if action=reinterpret pc=0x00007f9f91aad104 method=com.android.dx.ssa.InterferenceRegisterMapper.interferes(III)Z @ 35

Internal exceptions (6 events):
Event: 0.019 Thread 0x00007f9fa0008800 Exception <a 'java/lang/NoSuchMethodError': Method sun.misc.Unsafe.defineClass(Ljava/lang/String;[BII)Ljava/lang/Class; name or signature does not match> (0x00000000eab07cc0) thrown at [/HUDSON3/workspace/8-2-build-linux-amd64/jdk8u74/6087/hotspot/src/sha
Event: 0.019 Thread 0x00007f9fa0008800 Exception <a 'java/lang/NoSuchMethodError': Method sun.misc.Unsafe.prefetchRead(Ljava/lang/Object;J)V name or signature does not match> (0x00000000eab07fa8) thrown at [/HUDSON3/workspace/8-2-build-linux-amd64/jdk8u74/6087/hotspot/src/share/vm/prims/jni.cp
Event: 0.907 Thread 0x00007f9fa0008800 Implicit null exception at 0x00007f9f91345203 to 0x00007f9f91348035
Event: 2.077 Thread 0x00007f9fa01e5000 Exception <a 'java/lang/ArrayIndexOutOfBoundsException': 18> (0x00000000f1ffb560) thrown at [/HUDSON3/workspace/8-2-build-linux-amd64/jdk8u74/6087/hotspot/src/share/vm/interpreter/interpreterRuntime.cpp, line 366]
Event: 2.078 Thread 0x00007f9fa01e5000 Exception <a 'java/lang/ArrayIndexOutOfBoundsException': 145> (0x00000000f1ffd0e0) thrown at [/HUDSON3/workspace/8-2-build-linux-amd64/jdk8u74/6087/hotspot/src/share/vm/interpreter/interpreterRuntime.cpp, line 366]
Event: 2.081 Thread 0x00007f9fa01e5000 Exception <a 'java/lang/ArrayIndexOutOfBoundsException': 40> (0x00000000f1ffe3c8) thrown at [/HUDSON3/workspace/8-2-build-linux-amd64/jdk8u74/6087/hotspot/src/share/vm/interpreter/interpreterRuntime.cpp, line 366]

Events (10 events):
Event: 10.503 Thread 0x00007f9fa01e5000 DEOPT UNPACKING pc=0x00007f9f91047633 sp=0x00007f9f896f4ba8 mode 0
Event: 10.504 Thread 0x00007f9fa01e5000 DEOPT PACKING pc=0x00007f9f913927b2 sp=0x00007f9f896f4e20
Event: 10.504 Thread 0x00007f9fa01e5000 DEOPT UNPACKING pc=0x00007f9f91047633 sp=0x00007f9f896f4ba8 mode 0
Event: 10.504 Executing VM operation: ParallelGCFailedAllocation
Event: 10.502 Thread 0x00007f9fa01e3000 DEOPT PACKING pc=0x00007f9f913927b2 sp=0x00007f9f897f5ba0
Event: 10.504 Thread 0x00007f9fa01e3000 DEOPT UNPACKING pc=0x00007f9f91047633 sp=0x00007f9f897f5928 mode 0
Event: 10.501 Thread 0x00007f9fa01d7800 DEOPT PACKING pc=0x00007f9f913927b2 sp=0x00007f9f899f7ca0
Event: 10.505 Thread 0x00007f9fa01d7800 DEOPT UNPACKING pc=0x00007f9f91047633 sp=0x00007f9f899f7a28 mode 0
Event: 10.503 Thread 0x00007f9fa01e7000 DEOPT PACKING pc=0x00007f9f913927b2 sp=0x00007f9f895f3ea0
Event: 10.507 Thread 0x00007f9fa01e7000 DEOPT UNPACKING pc=0x00007f9f91047633 sp=0x00007f9f895f3c28 mode 0


Dynamic libraries:
00400000-00401000 r-xp 00000000 08:06 399854                             /usr/lib/jvm/java-8-jdk/jre/bin/java
00600000-00601000 rw-p 00000000 08:06 399854                             /usr/lib/jvm/java-8-jdk/jre/bin/java
0214a000-0216b000 rw-p 00000000 00:00 0                                  [heap]
c0000000-d0080000 rw-p 00000000 00:00 0 
d7b80000-eab00000 ---p 00000000 00:00 0 
eab00000-100000000 rw-p 00000000 00:00 0 
100000000-1000c0000 rw-p 00000000 00:00 0 
1000c0000-140000000 ---p 00000000 00:00 0 
7f9f3c000000-7f9f3c053000 rw-p 00000000 00:00 0 
7f9f3c053000-7f9f40000000 ---p 00000000 00:00 0 
7f9f44000000-7f9f440a0000 rw-p 00000000 00:00 0 
7f9f440a0000-7f9f48000000 ---p 00000000 00:00 0 
7f9f48000000-7f9f48068000 rw-p 00000000 00:00 0 
7f9f48068000-7f9f4c000000 ---p 00000000 00:00 0 
7f9f4c000000-7f9f4c091000 rw-p 00000000 00:00 0 
7f9f4c091000-7f9f50000000 ---p 00000000 00:00 0 
7f9f50000000-7f9f50021000 rw-p 00000000 00:00 0 
7f9f50021000-7f9f54000000 ---p 00000000 00:00 0 
7f9f54000000-7f9f54021000 rw-p 00000000 00:00 0 
7f9f54021000-7f9f58000000 ---p 00000000 00:00 0 
7f9f58000000-7f9f58021000 rw-p 00000000 00:00 0 
7f9f58021000-7f9f5c000000 ---p 00000000 00:00 0 
7f9f5c000000-7f9f5d0e1000 rw-p 00000000 00:00 0 
7f9f5d0e1000-7f9f60000000 ---p 00000000 00:00 0 
7f9f60000000-7f9f60a48000 rw-p 00000000 00:00 0 
7f9f60a48000-7f9f64000000 ---p 00000000 00:00 0 
7f9f64000000-7f9f64021000 rw-p 00000000 00:00 0 
7f9f64021000-7f9f68000000 ---p 00000000 00:00 0 
7f9f68000000-7f9f68eb0000 rw-p 00000000 00:00 0 
7f9f68eb0000-7f9f6c000000 ---p 00000000 00:00 0 
7f9f6c000000-7f9f6c021000 rw-p 00000000 00:00 0 
7f9f6c021000-7f9f70000000 ---p 00000000 00:00 0 
7f9f70000000-7f9f70021000 rw-p 00000000 00:00 0 
7f9f70021000-7f9f74000000 ---p 00000000 00:00 0 
7f9f74000000-7f9f74021000 rw-p 00000000 00:00 0 
7f9f74021000-7f9f78000000 ---p 00000000 00:00 0 
7f9f78000000-7f9f782be000 rw-p 00000000 00:00 0 
7f9f782be000-7f9f7c000000 ---p 00000000 00:00 0 
7f9f7c000000-7f9f7c021000 rw-p 00000000 00:00 0 
7f9f7c021000-7f9f80000000 ---p 00000000 00:00 0 
7f9f84000000-7f9f84021000 rw-p 00000000 00:00 0 
7f9f84021000-7f9f88000000 ---p 00000000 00:00 0 
7f9f894f5000-7f9f894f8000 ---p 00000000 00:00 0 
7f9f894f8000-7f9f895f6000 rw-p 00000000 00:00 0                          [stack:10912]
7f9f895f6000-7f9f895f9000 ---p 00000000 00:00 0 
7f9f895f9000-7f9f896f7000 rw-p 00000000 00:00 0                          [stack:10911]
7f9f896f7000-7f9f896fa000 ---p 00000000 00:00 0 
7f9f896fa000-7f9f897f8000 rw-p 00000000 00:00 0                          [stack:10910]
7f9f897f8000-7f9f897fb000 ---p 00000000 00:00 0 
7f9f897fb000-7f9f898f9000 rw-p 00000000 00:00 0                          [stack:10909]
7f9f898f9000-7f9f898fc000 ---p 00000000 00:00 0 
7f9f898fc000-7f9f899fa000 rw-p 00000000 00:00 0                          [stack:10908]
7f9f899fa000-7f9f899fb000 ---p 00000000 00:00 0 
7f9f899fb000-7f9f89afb000 rw-p 00000000 00:00 0                          [stack:10907]
7f9f89afb000-7f9f89afe000 ---p 00000000 00:00 0 
7f9f89afe000-7f9f89bfc000 rw-p 00000000 00:00 0                          [stack:10906]
7f9f89bfc000-7f9f89bff000 ---p 00000000 00:00 0 
7f9f89bff000-7f9f89cfd000 rw-p 00000000 00:00 0                          [stack:10905]
7f9f89cfd000-7f9f89d00000 ---p 00000000 00:00 0 
7f9f89d00000-7f9f89dfe000 rw-p 00000000 00:00 0                          [stack:10904]
7f9f89dfe000-7f9f89e01000 ---p 00000000 00:00 0 
7f9f89e01000-7f9f89eff000 rw-p 00000000 00:00 0                          [stack:10903]
7f9f89eff000-7f9f89f02000 ---p 00000000 00:00 0 
7f9f89f02000-7f9f8c000000 rw-p 00000000 00:00 0                          [stack:10902]
7f9f8c000000-7f9f8c021000 rw-p 00000000 00:00 0 
7f9f8c021000-7f9f90000000 ---p 00000000 00:00 0 
7f9f90099000-7f9f901f2000 r--p 00000000 08:06 178958                     /usr/lib/locale/locale-archive
7f9f901f2000-7f9f901f5000 ---p 00000000 00:00 0 
7f9f901f5000-7f9f902f3000 rw-p 00000000 00:00 0                          [stack:10901]
7f9f902f3000-7f9f902f6000 ---p 00000000 00:00 0 
7f9f902f6000-7f9f903f4000 rw-p 00000000 00:00 0                          [stack:10900]
7f9f903f4000-7f9f903f5000 ---p 00000000 00:00 0 
7f9f903f5000-7f9f91000000 rw-p 00000000 00:00 0                          [stack:10899]
7f9f91000000-7f9f91ac0000 rwxp 00000000 00:00 0 
7f9f91ac0000-7f9fa0000000 ---p 00000000 00:00 0 
7f9fa0000000-7f9fa039e000 rw-p 00000000 00:00 0 
7f9fa039e000-7f9fa4000000 ---p 00000000 00:00 0 
7f9fa4007000-7f9fa402e000 r--p 00000000 08:06 133211                     /usr/share/locale/ko/LC_MESSAGES/libc.mo
7f9fa402e000-7f9fa4092000 r--s 004e1000 08:06 13500978                   /home/youngbin/shipped-android/app/build/intermediates/transforms/jarMerging/debug/jars/1/1f/combined.jar
7f9fa4092000-7f9fa4548000 rw-p 00000000 00:00 0 
7f9fa4548000-7f9fa4720000 r--s 03d1d000 08:06 399675                     /usr/lib/jvm/java-8-jdk/jre/lib/rt.jar
7f9fa4720000-7f9fa4e56000 rw-p 00000000 00:00 0 
7f9fa4e56000-7f9fa4f96000 ---p 00000000 00:00 0 
7f9fa4f96000-7f9fa5196000 rw-p 00000000 00:00 0 
7f9fa5196000-7f9fa5197000 ---p 00000000 00:00 0 
7f9fa5197000-7f9fa5297000 rw-p 00000000 00:00 0                          [stack:10898]
7f9fa5297000-7f9fa5298000 ---p 00000000 00:00 0 
7f9fa5298000-7f9fa5398000 rw-p 00000000 00:00 0                          [stack:10897]
7f9fa5398000-7f9fa5399000 ---p 00000000 00:00 0 
7f9fa5399000-7f9fa5499000 rw-p 00000000 00:00 0                          [stack:10896]
7f9fa5499000-7f9fa549a000 ---p 00000000 00:00 0 
7f9fa549a000-7f9fa561b000 rw-p 00000000 00:00 0                          [stack:10895]
7f9fa561b000-7f9fa56f0000 ---p 00000000 00:00 0 
7f9fa56f0000-7f9fa5771000 rw-p 00000000 00:00 0 
7f9fa5771000-7f9fa5845000 ---p 00000000 00:00 0 
7f9fa5845000-7f9fa58f0000 rw-p 00000000 00:00 0 
7f9fa58f0000-7f9fa591c000 rw-p 00000000 00:00 0 
7f9fa591c000-7f9fa5cb1000 ---p 00000000 00:00 0 
7f9fa5cb1000-7f9fa5ccb000 r-xp 00000000 08:06 399762                     /usr/lib/jvm/java-8-jdk/jre/lib/amd64/libzip.so
7f9fa5ccb000-7f9fa5ecb000 ---p 0001a000 08:06 399762                     /usr/lib/jvm/java-8-jdk/jre/lib/amd64/libzip.so
7f9fa5ecb000-7f9fa5ecc000 rw-p 0001a000 08:06 399762                     /usr/lib/jvm/java-8-jdk/jre/lib/amd64/libzip.so
7f9fa5ecc000-7f9fa5ed7000 r-xp 00000000 08:06 134352                     /usr/lib/libnss_files-2.23.so
7f9fa5ed7000-7f9fa60d6000 ---p 0000b000 08:06 134352                     /usr/lib/libnss_files-2.23.so
7f9fa60d6000-7f9fa60d7000 r--p 0000a000 08:06 134352                     /usr/lib/libnss_files-2.23.so
7f9fa60d7000-7f9fa60d8000 rw-p 0000b000 08:06 134352                     /usr/lib/libnss_files-2.23.so
7f9fa60d8000-7f9fa60de000 rw-p 00000000 00:00 0 
7f9fa60de000-7f9fa6108000 r-xp 00000000 08:06 399738                     /usr/lib/jvm/java-8-jdk/jre/lib/amd64/libjava.so
7f9fa6108000-7f9fa6308000 ---p 0002a000 08:06 399738                     /usr/lib/jvm/java-8-jdk/jre/lib/amd64/libjava.so
7f9fa6308000-7f9fa630a000 rw-p 0002a000 08:06 399738                     /usr/lib/jvm/java-8-jdk/jre/lib/amd64/libjava.so
7f9fa630a000-7f9fa6317000 r-xp 00000000 08:06 399781                     /usr/lib/jvm/java-8-jdk/jre/lib/amd64/libverify.so
7f9fa6317000-7f9fa6517000 ---p 0000d000 08:06 399781                     /usr/lib/jvm/java-8-jdk/jre/lib/amd64/libverify.so
7f9fa6517000-7f9fa6519000 rw-p 0000d000 08:06 399781                     /usr/lib/jvm/java-8-jdk/jre/lib/amd64/libverify.so
7f9fa6519000-7f9fa6520000 r-xp 00000000 08:06 134360                     /usr/lib/librt-2.23.so
7f9fa6520000-7f9fa671f000 ---p 00007000 08:06 134360                     /usr/lib/librt-2.23.so
7f9fa671f000-7f9fa6720000 r--p 00006000 08:06 134360                     /usr/lib/librt-2.23.so
7f9fa6720000-7f9fa6721000 rw-p 00007000 08:06 134360                     /usr/lib/librt-2.23.so
7f9fa6721000-7f9fa6824000 r-xp 00000000 08:06 134357                     /usr/lib/libm-2.23.so
7f9fa6824000-7f9fa6a24000 ---p 00103000 08:06 134357                     /usr/lib/libm-2.23.so
7f9fa6a24000-7f9fa6a25000 r--p 00103000 08:06 134357                     /usr/lib/libm-2.23.so
7f9fa6a25000-7f9fa6a26000 rw-p 00104000 08:06 134357                     /usr/lib/libm-2.23.so
7f9fa6a26000-7f9fa76e5000 r-xp 00000000 08:06 528419                     /usr/lib/jvm/java-8-jdk/jre/lib/amd64/server/libjvm.so
7f9fa76e5000-7f9fa78e4000 ---p 00cbf000 08:06 528419                     /usr/lib/jvm/java-8-jdk/jre/lib/amd64/server/libjvm.so
7f9fa78e4000-7f9fa79bd000 rw-p 00cbe000 08:06 528419                     /usr/lib/jvm/java-8-jdk/jre/lib/amd64/server/libjvm.so
7f9fa79bd000-7f9fa7a06000 rw-p 00000000 00:00 0 
7f9fa7a06000-7f9fa7b9e000 r-xp 00000000 08:06 134281                     /usr/lib/libc-2.23.so
7f9fa7b9e000-7f9fa7d9d000 ---p 00198000 08:06 134281                     /usr/lib/libc-2.23.so
7f9fa7d9d000-7f9fa7da1000 r--p 00197000 08:06 134281                     /usr/lib/libc-2.23.so
7f9fa7da1000-7f9fa7da3000 rw-p 0019b000 08:06 134281                     /usr/lib/libc-2.23.so
7f9fa7da3000-7f9fa7da7000 rw-p 00000000 00:00 0 
7f9fa7da7000-7f9fa7da9000 r-xp 00000000 08:06 134356                     /usr/lib/libdl-2.23.so
7f9fa7da9000-7f9fa7fa9000 ---p 00002000 08:06 134356                     /usr/lib/libdl-2.23.so
7f9fa7fa9000-7f9fa7faa000 r--p 00002000 08:06 134356                     /usr/lib/libdl-2.23.so
7f9fa7faa000-7f9fa7fab000 rw-p 00003000 08:06 134356                     /usr/lib/libdl-2.23.so
7f9fa7fab000-7f9fa7fc0000 r-xp 00000000 08:06 528417                     /usr/lib/jvm/java-8-jdk/jre/lib/amd64/jli/libjli.so
7f9fa7fc0000-7f9fa81c0000 ---p 00015000 08:06 528417                     /usr/lib/jvm/java-8-jdk/jre/lib/amd64/jli/libjli.so
7f9fa81c0000-7f9fa81c1000 rw-p 00015000 08:06 528417                     /usr/lib/jvm/java-8-jdk/jre/lib/amd64/jli/libjli.so
7f9fa81c1000-7f9fa81d9000 r-xp 00000000 08:06 134256                     /usr/lib/libpthread-2.23.so
7f9fa81d9000-7f9fa83d8000 ---p 00018000 08:06 134256                     /usr/lib/libpthread-2.23.so
7f9fa83d8000-7f9fa83d9000 r--p 00017000 08:06 134256                     /usr/lib/libpthread-2.23.so
7f9fa83d9000-7f9fa83da000 rw-p 00018000 08:06 134256                     /usr/lib/libpthread-2.23.so
7f9fa83da000-7f9fa83de000 rw-p 00000000 00:00 0 
7f9fa83de000-7f9fa8401000 r-xp 00000000 08:06 134280                     /usr/lib/ld-2.23.so
7f9fa8408000-7f9fa84cd000 rw-p 00000000 00:00 0 
7f9fa84cd000-7f9fa84d0000 ---p 00000000 00:00 0 
7f9fa84d0000-7f9fa85d2000 rw-p 00000000 00:00 0                          [stack:10890]
7f9fa85d3000-7f9fa85e2000 r--s 000df000 08:06 13763614                   /home/youngbin/Android/Sdk/build-tools/23.0.2/lib/dx.jar
7f9fa85e2000-7f9fa85f6000 rw-p 00000000 00:00 0 
7f9fa85f6000-7f9fa85fe000 rw-s 00000000 00:22 633747                     /tmp/hsperfdata_youngbin/10889
7f9fa85fe000-7f9fa85ff000 rw-p 00000000 00:00 0 
7f9fa85ff000-7f9fa8600000 ---p 00000000 00:00 0 
7f9fa8600000-7f9fa8601000 rw-p 00000000 00:00 0 
7f9fa8601000-7f9fa8602000 r--p 00023000 08:06 134280                     /usr/lib/ld-2.23.so
7f9fa8602000-7f9fa8603000 rw-p 00024000 08:06 134280                     /usr/lib/ld-2.23.so
7f9fa8603000-7f9fa8604000 rw-p 00000000 00:00 0 
7ffde6f40000-7ffde6f61000 rw-p 00000000 00:00 0                          [stack]
7ffde6fbc000-7ffde6fbe000 r--p 00000000 00:00 0                          [vvar]
7ffde6fbe000-7ffde6fc0000 r-xp 00000000 00:00 0                          [vdso]
ffffffffff600000-ffffffffff601000 r-xp 00000000 00:00 0                  [vsyscall]

VM Arguments:
jvm_args: -Djava.awt.headless=true -Xmx1024M -Dfile.encoding=UTF-8 -Duser.country=KR -Duser.language=ko -Duser.variant 
java_command: com.android.dx.command.Main --dex --num-threads=4 --multi-dex --main-dex-list /home/youngbin/shipped-android/app/build/intermediates/multi-dex/debug/maindexlist.txt --output /home/youngbin/shipped-android/app/build/intermediates/transforms/dex/debug/folders/1000/1f/main /home/youngbin/shipped-android/app/build/intermediates/transforms/jarMerging/debug/jars/1/1f/combined.jar
java_class_path (initial): /home/youngbin/Android/Sdk/build-tools/23.0.2/lib/dx.jar
Launcher Type: SUN_STANDARD

Environment Variables:
PATH=/usr/local/sbin:/usr/local/bin:/usr/bin:/usr/lib/jvm/default/bin:/usr/bin/site_perl:/usr/bin/vendor_perl:/usr/bin/core_perl
USERNAME=youngbin
LD_LIBRARY_PATH=/home/youngbin/android-studio/bin:
SHELL=/usr/bin/fish
DISPLAY=:1

Signal Handlers:
SIGSEGV: [libjvm.so+0xabb070], sa_mask[0]=11111111011111111101111111111110, sa_flags=SA_RESTART|SA_SIGINFO
SIGBUS: [libjvm.so+0xabb070], sa_mask[0]=11111111011111111101111111111110, sa_flags=SA_RESTART|SA_SIGINFO
SIGFPE: [libjvm.so+0x918480], sa_mask[0]=11111111011111111101111111111110, sa_flags=SA_RESTART|SA_SIGINFO
SIGPIPE: [libjvm.so+0x918480], sa_mask[0]=11111111011111111101111111111110, sa_flags=SA_RESTART|SA_SIGINFO
SIGXFSZ: [libjvm.so+0x918480], sa_mask[0]=11111111011111111101111111111110, sa_flags=SA_RESTART|SA_SIGINFO
SIGILL: [libjvm.so+0x918480], sa_mask[0]=11111111011111111101111111111110, sa_flags=SA_RESTART|SA_SIGINFO
SIGUSR1: SIG_DFL, sa_mask[0]=00000000000000000000000000000000, sa_flags=none
SIGUSR2: [libjvm.so+0x919ab0], sa_mask[0]=00100000000000000000000000000000, sa_flags=SA_RESTART|SA_SIGINFO
SIGHUP: [libjvm.so+0x91aeb0], sa_mask[0]=11111111011111111101111111111110, sa_flags=SA_RESTART|SA_SIGINFO
SIGINT: [libjvm.so+0x91aeb0], sa_mask[0]=11111111011111111101111111111110, sa_flags=SA_RESTART|SA_SIGINFO
SIGTERM: [libjvm.so+0x91aeb0], sa_mask[0]=11111111011111111101111111111110, sa_flags=SA_RESTART|SA_SIGINFO
SIGQUIT: [libjvm.so+0x91aeb0], sa_mask[0]=11111111011111111101111111111110, sa_flags=SA_RESTART|SA_SIGINFO


---------------  S Y S T E M  ---------------

OS:NAME="Antergos Linux"
VERSION="2015.12-ISO-Rolling"
ID="antergos"
ID_LIKE="arch"
PRETTY_NAME="Antergos Linux"
CPE_NAME="cpe:/o:antergosproject:antergos:2015.12"
ANSI_COLOR="1;34;40"
HOME_URL="https://antergos.com/"
SUPPORT_URL="https://forum.antergos.com/"
BUG_REPORT_URL="https://github.com/antergos"


uname:Linux 4.4.1-2-ARCH #1 SMP PREEMPT Wed Feb 3 13:12:33 UTC 2016 x86_64
libc:glibc 2.23 NPTL 2.23 
rlimit: STACK 8192k, CORE infinity, NPROC 14900, NOFILE 4096, AS infinity
load average:2.86 1.90 1.68

/proc/meminfo:
MemTotal:        4007080 kB
MemFree:           26616 kB
MemAvailable:      80560 kB
Buffers:            1644 kB
Cached:           166576 kB
SwapCached:            0 kB
Active:          3626992 kB
Inactive:         137144 kB
Active(anon):    3598728 kB
Inactive(anon):   111792 kB
Active(file):      28264 kB
Inactive(file):    25352 kB
Unevictable:          88 kB
Mlocked:        34359738456 kB
SwapTotal:             0 kB
SwapFree:              0 kB
Dirty:               192 kB
Writeback:             0 kB
AnonPages:       3596292 kB
Mapped:           157124 kB
Shmem:            114212 kB
Slab:              65672 kB
SReclaimable:      29908 kB
SUnreclaim:        35764 kB
KernelStack:       10608 kB
PageTables:        46432 kB
NFS_Unstable:          0 kB
Bounce:                0 kB
WritebackTmp:          0 kB
CommitLimit:     2003540 kB
Committed_AS:    8127336 kB
VmallocTotal:   34359738367 kB
VmallocUsed:           0 kB
VmallocChunk:          0 kB
HardwareCorrupted:     0 kB
AnonHugePages:   1478656 kB
HugePages_Total:       0
HugePages_Free:        0
HugePages_Rsvd:        0
HugePages_Surp:        0
Hugepagesize:       2048 kB
DirectMap4k:      139664 kB
DirectMap2M:     4009984 kB


CPU:total 4 (2 cores per cpu, 2 threads per core) family 6 model 42 stepping 7, cmov, cx8, fxsr, mmx, sse, sse2, sse3, ssse3, sse4.1, sse4.2, popcnt, avx, clmul, ht, tsc, tscinvbit

/proc/cpuinfo:
processor	: 0
vendor_id	: GenuineIntel
cpu family	: 6
model		: 42
model name	: Intel(R) Core(TM) i3-2120 CPU @ 3.30GHz
stepping	: 7
microcode	: 0x26
cpu MHz		: 2845.218
cache size	: 3072 KB
physical id	: 0
siblings	: 4
core id		: 0
cpu cores	: 2
apicid		: 0
initial apicid	: 0
fpu		: yes
fpu_exception	: yes
cpuid level	: 13
wp		: yes
flags		: fpu vme de pse tsc msr pae mce cx8 apic sep mtrr pge mca cmov pat pse36 clflush dts acpi mmx fxsr sse sse2 ss ht tm pbe syscall nx rdtscp lm constant_tsc arch_perfmon pebs bts rep_good nopl xtopology nonstop_tsc aperfmperf eagerfpu pni pclmulqdq dtes64 monitor ds_cpl vmx est tm2 ssse3 cx16 xtpr pdcm pcid sse4_1 sse4_2 popcnt tsc_deadline_timer xsave avx lahf_lm arat epb pln pts dtherm tpr_shadow vnmi flexpriority ept vpid xsaveopt
bugs		:
bogomips	: 6602.97
clflush size	: 64
cache_alignment	: 64
address sizes	: 36 bits physical, 48 bits virtual
power management:

processor	: 1
vendor_id	: GenuineIntel
cpu family	: 6
model		: 42
model name	: Intel(R) Core(TM) i3-2120 CPU @ 3.30GHz
stepping	: 7
microcode	: 0x26
cpu MHz		: 3294.843
cache size	: 3072 KB
physical id	: 0
siblings	: 4
core id		: 1
cpu cores	: 2
apicid		: 2
initial apicid	: 2
fpu		: yes
fpu_exception	: yes
cpuid level	: 13
wp		: yes
flags		: fpu vme de pse tsc msr pae mce cx8 apic sep mtrr pge mca cmov pat pse36 clflush dts acpi mmx fxsr sse sse2 ss ht tm pbe syscall nx rdtscp lm constant_tsc arch_perfmon pebs bts rep_good nopl xtopology nonstop_tsc aperfmperf eagerfpu pni pclmulqdq dtes64 monitor ds_cpl vmx est tm2 ssse3 cx16 xtpr pdcm pcid sse4_1 sse4_2 popcnt tsc_deadline_timer xsave avx lahf_lm arat epb pln pts dtherm tpr_shadow vnmi flexpriority ept vpid xsaveopt
bugs		:
bogomips	: 6602.97
clflush size	: 64
cache_alignment	: 64
address sizes	: 36 bits physical, 48 bits virtual
power management:

processor	: 2
vendor_id	: GenuineIntel
cpu family	: 6
model		: 42
model name	: Intel(R) Core(TM) i3-2120 CPU @ 3.30GHz
stepping	: 7
microcode	: 0x26
cpu MHz		: 3274.347
cache size	: 3072 KB
physical id	: 0
siblings	: 4
core id		: 0
cpu cores	: 2
apicid		: 1
initial apicid	: 1
fpu		: yes
fpu_exception	: yes
cpuid level	: 13
wp		: yes
flags		: fpu vme de pse tsc msr pae mce cx8 apic sep mtrr pge mca cmov pat pse36 clflush dts acpi mmx fxsr sse sse2 ss ht tm pbe syscall nx rdtscp lm constant_tsc arch_perfmon pebs bts rep_good nopl xtopology nonstop_tsc aperfmperf eagerfpu pni pclmulqdq dtes64 monitor ds_cpl vmx est tm2 ssse3 cx16 xtpr pdcm pcid sse4_1 sse4_2 popcnt tsc_deadline_timer xsave avx lahf_lm arat epb pln pts dtherm tpr_shadow vnmi flexpriority ept vpid xsaveopt
bugs		:
bogomips	: 6602.97
clflush size	: 64
cache_alignment	: 64
address sizes	: 36 bits physical, 48 bits virtual
power management:

processor	: 3
vendor_id	: GenuineIntel
cpu family	: 6
model		: 42
model name	: Intel(R) Core(TM) i3-2120 CPU @ 3.30GHz
stepping	: 7
microcode	: 0x26
cpu MHz		: 2947.441
cache size	: 3072 KB
physical id	: 0
siblings	: 4
core id		: 1
cpu cores	: 2
apicid		: 3
initial apicid	: 3
fpu		: yes
fpu_exception	: yes
cpuid level	: 13
wp		: yes
flags		: fpu vme de pse tsc msr pae mce cx8 apic sep mtrr pge mca cmov pat pse36 clflush dts acpi mmx fxsr sse sse2 ss ht tm pbe syscall nx rdtscp lm constant_tsc arch_perfmon pebs bts rep_good nopl xtopology nonstop_tsc aperfmperf eagerfpu pni pclmulqdq dtes64 monitor ds_cpl vmx est tm2 ssse3 cx16 xtpr pdcm pcid sse4_1 sse4_2 popcnt tsc_deadline_timer xsave avx lahf_lm arat epb pln pts dtherm tpr_shadow vnmi flexpriority ept vpid xsaveopt
bugs		:
bogomips	: 6602.97
clflush size	: 64
cache_alignment	: 64
address sizes	: 36 bits physical, 48 bits virtual
power management:



Memory: 4k page, physical 4007080k(26616k free), swap 0k(0k free)

vm_info: Java HotSpot(TM) 64-Bit Server VM (25.74-b02) for linux-amd64 JRE (1.8.0_74-b02), built on Jan 29 2016 19:20:56 by "java_re" with gcc 4.3.0 20080428 (Red Hat 4.3.0-8)

time: Wed Mar  2 11:42:35 2016
elapsed time: 12 seconds (0d 0h 0m 12s)

