#
# There is insufficient memory for the Java Runtime Environment to continue.
# Native memory allocation (mmap) failed to map 141557760 bytes for committing reserved memory.
# Possible reasons:
#   The system is out of physical RAM or swap space
#   In 32 bit mode, the process size limit was hit
# Possible solutions:
#   Reduce memory load on the system
#   Increase physical memory or swap space
#   Check if swap backing store is full
#   Use 64 bit Java on a 64 bit OS
#   Decrease Java heap size (-Xmx/-Xms)
#   Decrease number of Java threads
#   Decrease Java thread stack sizes (-Xss)
#   Set larger code cache with -XX:ReservedCodeCacheSize=
# This output file may be truncated or incomplete.
#
#  Out of Memory Error (os_linux.cpp:2627), pid=6359, tid=139957416605440
#
# JRE version: Java(TM) SE Runtime Environment (8.0_72-b15) (build 1.8.0_72-b15)
# Java VM: Java HotSpot(TM) 64-Bit Server VM (25.72-b15 mixed mode linux-amd64 compressed oops)
# Failed to write core dump. Core dumps have been disabled. To enable core dumping, try "ulimit -c unlimited" before starting Java again
#

---------------  T H R E A D  ---------------

Current thread (0x00007f4a5c076800):  VMThread [stack: 0x00007f4a6009b000,0x00007f4a6019c000] [id=6368]

Stack: [0x00007f4a6009b000,0x00007f4a6019c000],  sp=0x00007f4a6019a1a0,  free space=1020k
Native frames: (J=compiled Java code, j=interpreted, Vv=VM code, C=native code)
V  [libjvm.so+0xaba7ea]  VMError::report_and_die()+0x2ba
V  [libjvm.so+0x4f9e3b]  report_vm_out_of_memory(char const*, int, unsigned long, VMErrorType, char const*)+0x8b
V  [libjvm.so+0x91b613]  os::Linux::commit_memory_impl(char*, unsigned long, bool)+0x103
V  [libjvm.so+0x91bb69]  os::pd_commit_memory(char*, unsigned long, unsigned long, bool)+0x29
V  [libjvm.so+0x915e6a]  os::commit_memory(char*, unsigned long, unsigned long, bool)+0x2a
V  [libjvm.so+0x989543]  PSVirtualSpace::expand_by(unsigned long)+0x53
V  [libjvm.so+0x98a948]  PSYoungGen::resize_generation(unsigned long, unsigned long)+0xf8
V  [libjvm.so+0x989aa2]  PSYoungGen::resize(unsigned long, unsigned long)+0x22
V  [libjvm.so+0x986d7b]  PSScavenge::invoke_no_policy()+0xf3b
V  [libjvm.so+0x987501]  PSScavenge::invoke()+0x41
V  [libjvm.so+0x93f300]  ParallelScavengeHeap::failed_mem_allocate(unsigned long)+0x70
V  [libjvm.so+0xabc207]  VM_ParallelGCFailedAllocation::doit()+0x97
V  [libjvm.so+0xac3c35]  VM_Operation::evaluate()+0x55
V  [libjvm.so+0xac200a]  VMThread::evaluate_operation(VM_Operation*)+0xba
V  [libjvm.so+0xac238e]  VMThread::loop()+0x1ce
V  [libjvm.so+0xac2800]  VMThread::run()+0x70
V  [libjvm.so+0x91d9d8]  java_start(Thread*)+0x108

VM_Operation (0x00007f4a651db130): ParallelGCFailedAllocation, mode: safepoint, requested by thread 0x00007f4a5c008800


---------------  P R O C E S S  ---------------

Java Threads: ( => current thread )
  0x00007f4a5c0d9000 JavaThread "Service Thread" daemon [_thread_blocked, id=6375, stack(0x00007f4a4c7a9000,0x00007f4a4c8aa000)]
  0x00007f4a5c0bb800 JavaThread "C1 CompilerThread2" daemon [_thread_blocked, id=6374, stack(0x00007f4a4c8aa000,0x00007f4a4c9ab000)]
  0x00007f4a5c0ba000 JavaThread "C2 CompilerThread1" daemon [_thread_in_native, id=6373, stack(0x00007f4a4c9ab000,0x00007f4a4caac000)]
  0x00007f4a5c0b7000 JavaThread "C2 CompilerThread0" daemon [_thread_blocked, id=6372, stack(0x00007f4a4caac000,0x00007f4a4cbad000)]
  0x00007f4a5c0b5800 JavaThread "Signal Dispatcher" daemon [_thread_blocked, id=6371, stack(0x00007f4a4cbad000,0x00007f4a4ccae000)]
  0x00007f4a5c082800 JavaThread "Finalizer" daemon [_thread_blocked, id=6370, stack(0x00007f4a4cdfe000,0x00007f4a4ceff000)]
  0x00007f4a5c07e000 JavaThread "Reference Handler" daemon [_thread_blocked, id=6369, stack(0x00007f4a4ceff000,0x00007f4a4d000000)]
  0x00007f4a5c008800 JavaThread "main" [_thread_blocked, id=6363, stack(0x00007f4a650dc000,0x00007f4a651dd000)]

Other Threads:
=>0x00007f4a5c076800 VMThread [stack: 0x00007f4a6009b000,0x00007f4a6019c000] [id=6368]
  0x00007f4a5c0e3800 WatcherThread [stack: 0x00007f4a4c6a8000,0x00007f4a4c7a9000] [id=6376]

VM state:at safepoint (normal execution)

VM Mutex/Monitor currently owned by a thread:  ([mutex/lock_event])
[0x00007f4a5c0064c0] Threads_lock - owner thread: 0x00007f4a5c076800
[0x00007f4a5c0069c0] Heap_lock - owner thread: 0x00007f4a5c008800

Heap:
 PSYoungGen      total 140288K, used 14842K [0x00000000eab00000, 0x00000000f4400000, 0x0000000100000000)
  eden space 125440K, 0% used [0x00000000eab00000,0x00000000eab00000,0x00000000f2580000)
  from space 14848K, 99% used [0x00000000f2580000,0x00000000f33fe880,0x00000000f3400000)
  to   space 13312K, 0% used [0x00000000f3400000,0x00000000f3400000,0x00000000f4100000)
 ParOldGen       total 42496K, used 32302K [0x00000000c0000000, 0x00000000c2980000, 0x00000000eab00000)
  object space 42496K, 76% used [0x00000000c0000000,0x00000000c1f8ba98,0x00000000c2980000)
 Metaspace       used 6618K, capacity 7480K, committed 7680K, reserved 1056768K
  class space    used 632K, capacity 688K, committed 768K, reserved 1048576K

Card table byte_map: [0x00007f4a62305000,0x00007f4a62506000] byte_map_base: 0x00007f4a61d05000

Marking Bits: (ParMarkBitMap*) 0x00007f4a645e9100
 Begin Bits: [0x00007f4a3e000000, 0x00007f4a3f000000)
 End Bits:   [0x00007f4a3f000000, 0x00007f4a40000000)

Polling page: 0x00007f4a6520e000

CodeCache: size=245760Kb used=7785Kb max_used=7785Kb free=237974Kb
 bounds [0x00007f4a4d000000, 0x00007f4a4d7b0000, 0x00007f4a5c000000]
 total_blobs=2329 nmethods=2060 adapters=182
 compilation: enabled

Compilation events (10 events):
Event: 2.459 Thread 0x00007f4a5c0bb800 nmethod 2227 0x00007f4a4d79d710 code [0x00007f4a4d79d880, 0x00007f4a4d79da88]
Event: 2.459 Thread 0x00007f4a5c0bb800 2228 %     3       com.android.dx.dex.code.OutputFinisher::reserveRegisters @ 54 (119 bytes)
Event: 2.461 Thread 0x00007f4a5c0bb800 nmethod 2228% 0x00007f4a4d79db50 code [0x00007f4a4d79dda0, 0x00007f4a4d79ec18]
Event: 2.461 Thread 0x00007f4a5c0bb800 2229       2       com.android.dx.util.ByteArrayAnnotatedOutput::ensureCapacity (39 bytes)
Event: 2.462 Thread 0x00007f4a5c0bb800 nmethod 2229 0x00007f4a4d79f610 code [0x00007f4a4d79f780, 0x00007f4a4d79fa48]
Event: 2.462 Thread 0x00007f4a5c0bb800 2230       2       com.android.dx.dex.code.StdCatchBuilder::rangeIsValid (62 bytes)
Event: 2.462 Thread 0x00007f4a5c0bb800 nmethod 2230 0x00007f4a4d79fb50 code [0x00007f4a4d79fd20, 0x00007f4a4d7a0198]
Event: 2.462 Thread 0x00007f4a5c0bb800 2231       1       java.util.TreeMap$Entry::getKey (5 bytes)
Event: 2.462 Thread 0x00007f4a5c0bb800 nmethod 2231 0x00007f4a4d799190 code [0x00007f4a4d7992e0, 0x00007f4a4d7993f0]
Event: 2.468 Thread 0x00007f4a5c0bb800 2232       3       com.android.dx.dex.code.StdCatchBuilder::build (262 bytes)

GC Heap History (10 events):
Event: 0.586 GC heap after
Heap after GC invocations=2 (full 0):
 PSYoungGen      total 34304K, used 2544K [0x00000000eab00000, 0x00000000ecf00000, 0x0000000100000000)
  eden space 31744K, 0% used [0x00000000eab00000,0x00000000eab00000,0x00000000eca00000)
  from space 2560K, 99% used [0x00000000ecc80000,0x00000000ecefc2b0,0x00000000ecf00000)
  to   space 2560K, 0% used [0x00000000eca00000,0x00000000eca00000,0x00000000ecc80000)
 ParOldGen       total 42496K, used 2908K [0x00000000c0000000, 0x00000000c2980000, 0x00000000eab00000)
  object space 42496K, 6% used [0x00000000c0000000,0x00000000c02d7238,0x00000000c2980000)
 Metaspace       used 5817K, capacity 6768K, committed 7040K, reserved 1056768K
  class space    used 593K, capacity 616K, committed 640K, reserved 1048576K
}
Event: 0.842 GC heap before
{Heap before GC invocations=3 (full 0):
 PSYoungGen      total 34304K, used 34288K [0x00000000eab00000, 0x00000000ecf00000, 0x0000000100000000)
  eden space 31744K, 100% used [0x00000000eab00000,0x00000000eca00000,0x00000000eca00000)
  from space 2560K, 99% used [0x00000000ecc80000,0x00000000ecefc2b0,0x00000000ecf00000)
  to   space 2560K, 0% used [0x00000000eca00000,0x00000000eca00000,0x00000000ecc80000)
 ParOldGen       total 42496K, used 2908K [0x00000000c0000000, 0x00000000c2980000, 0x00000000eab00000)
  object space 42496K, 6% used [0x00000000c0000000,0x00000000c02d7238,0x00000000c2980000)
 Metaspace       used 5887K, capacity 6832K, committed 7040K, reserved 1056768K
  class space    used 593K, capacity 616K, committed 640K, reserved 1048576K
Event: 0.857 GC heap after
Heap after GC invocations=3 (full 0):
 PSYoungGen      total 34304K, used 2550K [0x00000000eab00000, 0x00000000eee00000, 0x0000000100000000)
  eden space 31744K, 0% used [0x00000000eab00000,0x00000000eab00000,0x00000000eca00000)
  from space 2560K, 99% used [0x00000000eca00000,0x00000000ecc7d958,0x00000000ecc80000)
  to   space 2560K, 0% used [0x00000000eeb80000,0x00000000eeb80000,0x00000000eee00000)
 ParOldGen       total 42496K, used 8006K [0x00000000c0000000, 0x00000000c2980000, 0x00000000eab00000)
  object space 42496K, 18% used [0x00000000c0000000,0x00000000c07d1ad8,0x00000000c2980000)
 Metaspace       used 5887K, capacity 6832K, committed 7040K, reserved 1056768K
  class space    used 593K, capacity 616K, committed 640K, reserved 1048576K
}
Event: 1.038 GC heap before
{Heap before GC invocations=4 (full 0):
 PSYoungGen      total 34304K, used 34294K [0x00000000eab00000, 0x00000000eee00000, 0x0000000100000000)
  eden space 31744K, 100% used [0x00000000eab00000,0x00000000eca00000,0x00000000eca00000)
  from space 2560K, 99% used [0x00000000eca00000,0x00000000ecc7d958,0x00000000ecc80000)
  to   space 2560K, 0% used [0x00000000eeb80000,0x00000000eeb80000,0x00000000eee00000)
 ParOldGen       total 42496K, used 8006K [0x00000000c0000000, 0x00000000c2980000, 0x00000000eab00000)
  object space 42496K, 18% used [0x00000000c0000000,0x00000000c07d1ad8,0x00000000c2980000)
 Metaspace       used 5953K, capacity 6896K, committed 7040K, reserved 1056768K
  class space    used 594K, capacity 616K, committed 640K, reserved 1048576K
Event: 1.053 GC heap after
Heap after GC invocations=4 (full 0):
 PSYoungGen      total 66048K, used 2534K [0x00000000eab00000, 0x00000000eee00000, 0x0000000100000000)
  eden space 63488K, 0% used [0x00000000eab00000,0x00000000eab00000,0x00000000ee900000)
  from space 2560K, 98% used [0x00000000eeb80000,0x00000000eedf9968,0x00000000eee00000)
  to   space 2560K, 0% used [0x00000000ee900000,0x00000000ee900000,0x00000000eeb80000)
 ParOldGen       total 42496K, used 12947K [0x00000000c0000000, 0x00000000c2980000, 0x00000000eab00000)
  object space 42496K, 30% used [0x00000000c0000000,0x00000000c0ca4df8,0x00000000c2980000)
 Metaspace       used 5953K, capacity 6896K, committed 7040K, reserved 1056768K
  class space    used 594K, capacity 616K, committed 640K, reserved 1048576K
}
Event: 1.284 GC heap before
{Heap before GC invocations=5 (full 0):
 PSYoungGen      total 66048K, used 66022K [0x00000000eab00000, 0x00000000eee00000, 0x0000000100000000)
  eden space 63488K, 100% used [0x00000000eab00000,0x00000000ee900000,0x00000000ee900000)
  from space 2560K, 98% used [0x00000000eeb80000,0x00000000eedf9968,0x00000000eee00000)
  to   space 2560K, 0% used [0x00000000ee900000,0x00000000ee900000,0x00000000eeb80000)
 ParOldGen       total 42496K, used 12947K [0x00000000c0000000, 0x00000000c2980000, 0x00000000eab00000)
  object space 42496K, 30% used [0x00000000c0000000,0x00000000c0ca4df8,0x00000000c2980000)
 Metaspace       used 5958K, capacity 6896K, committed 7040K, reserved 1056768K
  class space    used 594K, capacity 616K, committed 640K, reserved 1048576K
Event: 1.316 GC heap after
Heap after GC invocations=5 (full 0):
 PSYoungGen      total 66048K, used 2536K [0x00000000eab00000, 0x00000000f4100000, 0x0000000100000000)
  eden space 63488K, 0% used [0x00000000eab00000,0x00000000eab00000,0x00000000ee900000)
  from space 2560K, 99% used [0x00000000ee900000,0x00000000eeb7a190,0x00000000eeb80000)
  to   space 13312K, 0% used [0x00000000f3400000,0x00000000f3400000,0x00000000f4100000)
 ParOldGen       total 42496K, used 22630K [0x00000000c0000000, 0x00000000c2980000, 0x00000000eab00000)
  object space 42496K, 53% used [0x00000000c0000000,0x00000000c1619a00,0x00000000c2980000)
 Metaspace       used 5958K, capacity 6896K, committed 7040K, reserved 1056768K
  class space    used 594K, capacity 616K, committed 640K, reserved 1048576K
}
Event: 1.594 GC heap before
{Heap before GC invocations=6 (full 0):
 PSYoungGen      total 66048K, used 66024K [0x00000000eab00000, 0x00000000f4100000, 0x0000000100000000)
  eden space 63488K, 100% used [0x00000000eab00000,0x00000000ee900000,0x00000000ee900000)
  from space 2560K, 99% used [0x00000000ee900000,0x00000000eeb7a190,0x00000000eeb80000)
  to   space 13312K, 0% used [0x00000000f3400000,0x00000000f3400000,0x00000000f4100000)
 ParOldGen       total 42496K, used 22630K [0x00000000c0000000, 0x00000000c2980000, 0x00000000eab00000)
  object space 42496K, 53% used [0x00000000c0000000,0x00000000c1619a00,0x00000000c2980000)
 Metaspace       used 6152K, capacity 7064K, committed 7424K, reserved 1056768K
  class space    used 614K, capacity 656K, committed 768K, reserved 1048576K
Event: 1.621 GC heap after
Heap after GC invocations=6 (full 0):
 PSYoungGen      total 138752K, used 11582K [0x00000000eab00000, 0x00000000f4400000, 0x0000000100000000)
  eden space 125440K, 0% used [0x00000000eab00000,0x00000000eab00000,0x00000000f2580000)
  from space 13312K, 87% used [0x00000000f3400000,0x00000000f3f4f9e8,0x00000000f4100000)
  to   space 14848K, 0% used [0x00000000f2580000,0x00000000f2580000,0x00000000f3400000)
 ParOldGen       total 42496K, used 22630K [0x00000000c0000000, 0x00000000c2980000, 0x00000000eab00000)
  object space 42496K, 53% used [0x00000000c0000000,0x00000000c1619a00,0x00000000c2980000)
 Metaspace       used 6152K, capacity 7064K, committed 7424K, reserved 1056768K
  class space    used 614K, capacity 656K, committed 768K, reserved 1048576K
}
Event: 2.472 GC heap before
{Heap before GC invocations=7 (full 0):
 PSYoungGen      total 138752K, used 137022K [0x00000000eab00000, 0x00000000f4400000, 0x0000000100000000)
  eden space 125440K, 100% used [0x00000000eab00000,0x00000000f2580000,0x00000000f2580000)
  from space 13312K, 87% used [0x00000000f3400000,0x00000000f3f4f9e8,0x00000000f4100000)
  to   space 14848K, 0% used [0x00000000f2580000,0x00000000f2580000,0x00000000f3400000)
 ParOldGen       total 42496K, used 22630K [0x00000000c0000000, 0x00000000c2980000, 0x00000000eab00000)
  object space 42496K, 53% used [0x00000000c0000000,0x00000000c1619a00,0x00000000c2980000)
 Metaspace       used 6618K, capacity 7480K, committed 7680K, reserved 1056768K
  class space    used 632K, capacity 688K, committed 768K, reserved 1048576K

Deoptimization events (10 events):
Event: 1.831 Thread 0x00007f4a5c1d6800 Uncommon trap: reason=unstable_if action=reinterpret pc=0x00007f4a4d634d68 method=com.android.dx.ssa.SCCP.simulateBranch(Lcom/android/dx/ssa/SsaInsn;)V @ 548
Event: 2.086 Thread 0x00007f4a5c008800 Uncommon trap: reason=class_check action=maybe_recompile pc=0x00007f4a4d450e78 method=java.util.Arrays.hashCode([Ljava/lang/Object;)I @ 43
Event: 2.086 Thread 0x00007f4a5c008800 Uncommon trap: reason=class_check action=maybe_recompile pc=0x00007f4a4d450e78 method=java.util.Arrays.hashCode([Ljava/lang/Object;)I @ 43
Event: 2.086 Thread 0x00007f4a5c008800 Uncommon trap: reason=class_check action=maybe_recompile pc=0x00007f4a4d450e78 method=java.util.Arrays.hashCode([Ljava/lang/Object;)I @ 43
Event: 2.086 Thread 0x00007f4a5c008800 Uncommon trap: reason=class_check action=maybe_recompile pc=0x00007f4a4d450e78 method=java.util.Arrays.hashCode([Ljava/lang/Object;)I @ 43
Event: 2.261 Thread 0x00007f4a5c008800 Uncommon trap: reason=speculate_class_check action=maybe_recompile pc=0x00007f4a4d30e6a0 method=com.android.dx.util.FixedSizeList.equals(Ljava/lang/Object;)Z @ 25
Event: 2.286 Thread 0x00007f4a5c008800 Uncommon trap: reason=speculate_class_check action=maybe_recompile pc=0x00007f4a4d30e6a0 method=com.android.dx.util.FixedSizeList.equals(Ljava/lang/Object;)Z @ 25
Event: 2.286 Thread 0x00007f4a5c008800 Uncommon trap: reason=speculate_class_check action=maybe_recompile pc=0x00007f4a4d30e6a0 method=com.android.dx.util.FixedSizeList.equals(Ljava/lang/Object;)Z @ 25
Event: 2.286 Thread 0x00007f4a5c008800 Uncommon trap: reason=speculate_class_check action=maybe_recompile pc=0x00007f4a4d30e6a0 method=com.android.dx.util.FixedSizeList.equals(Ljava/lang/Object;)Z @ 25
Event: 2.328 Thread 0x00007f4a5c008800 Uncommon trap: reason=unstable_if action=reinterpret pc=0x00007f4a4d72e89c method=java.util.TreeMap.put(Ljava/lang/Object;Ljava/lang/Object;)Ljava/lang/Object; @ 163

Internal exceptions (7 events):
Event: 0.019 Thread 0x00007f4a5c008800 Exception <a 'java/lang/NoSuchMethodError': Method sun.misc.Unsafe.defineClass(Ljava/lang/String;[BII)Ljava/lang/Class; name or signature does not match> (0x00000000eab07cc0) thrown at [/HUDSON/workspace/8-2-build-linux-amd64/jdk8u72/5732/hotspot/src/shar
Event: 0.019 Thread 0x00007f4a5c008800 Exception <a 'java/lang/NoSuchMethodError': Method sun.misc.Unsafe.prefetchRead(Ljava/lang/Object;J)V name or signature does not match> (0x00000000eab07fa8) thrown at [/HUDSON/workspace/8-2-build-linux-amd64/jdk8u72/5732/hotspot/src/share/vm/prims/jni.cpp
Event: 0.548 Thread 0x00007f4a5c1d3800 Implicit null exception at 0x00007f4a4d2e6975 to 0x00007f4a4d2e9875
Event: 0.552 Thread 0x00007f4a5c1cf800 Implicit null exception at 0x00007f4a4d2d72e9 to 0x00007f4a4d2d993d
Event: 1.378 Thread 0x00007f4a5c1d6800 Exception <a 'java/lang/ArrayIndexOutOfBoundsException': 18> (0x00000000eb8aa848) thrown at [/HUDSON/workspace/8-2-build-linux-amd64/jdk8u72/5732/hotspot/src/share/vm/interpreter/interpreterRuntime.cpp, line 366]
Event: 1.378 Thread 0x00007f4a5c1d6800 Exception <a 'java/lang/ArrayIndexOutOfBoundsException': 145> (0x00000000eb8ac3c8) thrown at [/HUDSON/workspace/8-2-build-linux-amd64/jdk8u72/5732/hotspot/src/share/vm/interpreter/interpreterRuntime.cpp, line 366]
Event: 1.379 Thread 0x00007f4a5c1d6800 Exception <a 'java/lang/ArrayIndexOutOfBoundsException': 40> (0x00000000eb8ad6b0) thrown at [/HUDSON/workspace/8-2-build-linux-amd64/jdk8u72/5732/hotspot/src/share/vm/interpreter/interpreterRuntime.cpp, line 366]

Events (10 events):
Event: 2.328 Thread 0x00007f4a5c008800 DEOPT UNPACKING pc=0x00007f4a4d005229 sp=0x00007f4a651db370 mode 2
Event: 2.329 Thread 0x00007f4a5c008800 DEOPT PACKING pc=0x00007f4a4d72fe79 sp=0x00007f4a651db2e0
Event: 2.329 Thread 0x00007f4a5c008800 DEOPT UNPACKING pc=0x00007f4a4d047633 sp=0x00007f4a651db088 mode 0
Event: 2.335 Thread 0x00007f4a5c008800 DEOPT PACKING pc=0x00007f4a4d716c22 sp=0x00007f4a651db180
Event: 2.335 Thread 0x00007f4a5c008800 DEOPT UNPACKING pc=0x00007f4a4d047633 sp=0x00007f4a651daf20 mode 0
Event: 2.339 Thread 0x00007f4a5c008800 DEOPT PACKING pc=0x00007f4a4d735168 sp=0x00007f4a651db2d0
Event: 2.339 Thread 0x00007f4a5c008800 DEOPT UNPACKING pc=0x00007f4a4d047633 sp=0x00007f4a651db050 mode 0
Event: 2.356 Thread 0x00007f4a5c008800 DEOPT PACKING pc=0x00007f4a4d757dfd sp=0x00007f4a651db370
Event: 2.356 Thread 0x00007f4a5c008800 DEOPT UNPACKING pc=0x00007f4a4d047633 sp=0x00007f4a651db0e8 mode 0
Event: 2.471 Executing VM operation: ParallelGCFailedAllocation


Dynamic libraries:
00400000-00401000 r-xp 00000000 08:06 399874                             /usr/lib/jvm/java-8-jdk/jre/bin/java
00600000-00601000 rw-p 00000000 08:06 399874                             /usr/lib/jvm/java-8-jdk/jre/bin/java
0246b000-0248c000 rw-p 00000000 00:00 0                                  [heap]
c0000000-c2980000 rw-p 00000000 00:00 0 
c2980000-eab00000 ---p 00000000 00:00 0 
eab00000-f4400000 rw-p 00000000 00:00 0 
fcb00000-100000000 ---p 00000000 00:00 0 
100000000-1000c0000 rw-p 00000000 00:00 0 
1000c0000-140000000 ---p 00000000 00:00 0 
7f4a00000000-7f4a00026000 rw-p 00000000 00:00 0 
7f4a00026000-7f4a04000000 ---p 00000000 00:00 0 
7f4a04000000-7f4a04021000 rw-p 00000000 00:00 0 
7f4a04021000-7f4a08000000 ---p 00000000 00:00 0 
7f4a08000000-7f4a08021000 rw-p 00000000 00:00 0 
7f4a08021000-7f4a0c000000 ---p 00000000 00:00 0 
7f4a0c000000-7f4a0c027000 rw-p 00000000 00:00 0 
7f4a0c027000-7f4a10000000 ---p 00000000 00:00 0 
7f4a10000000-7f4a10021000 rw-p 00000000 00:00 0 
7f4a10021000-7f4a14000000 ---p 00000000 00:00 0 
7f4a14000000-7f4a14039000 rw-p 00000000 00:00 0 
7f4a14039000-7f4a18000000 ---p 00000000 00:00 0 
7f4a18000000-7f4a18887000 rw-p 00000000 00:00 0 
7f4a18887000-7f4a1c000000 ---p 00000000 00:00 0 
7f4a1c000000-7f4a1c021000 rw-p 00000000 00:00 0 
7f4a1c021000-7f4a20000000 ---p 00000000 00:00 0 
7f4a20000000-7f4a20bc9000 rw-p 00000000 00:00 0 
7f4a20bc9000-7f4a24000000 ---p 00000000 00:00 0 
7f4a24000000-7f4a24b3e000 rw-p 00000000 00:00 0 
7f4a24b3e000-7f4a28000000 ---p 00000000 00:00 0 
7f4a28000000-7f4a28021000 rw-p 00000000 00:00 0 
7f4a28021000-7f4a2c000000 ---p 00000000 00:00 0 
7f4a2c000000-7f4a2c021000 rw-p 00000000 00:00 0 
7f4a2c021000-7f4a30000000 ---p 00000000 00:00 0 
7f4a30000000-7f4a302b4000 rw-p 00000000 00:00 0 
7f4a302b4000-7f4a34000000 ---p 00000000 00:00 0 
7f4a34000000-7f4a34021000 rw-p 00000000 00:00 0 
7f4a34021000-7f4a38000000 ---p 00000000 00:00 0 
7f4a38000000-7f4a38021000 rw-p 00000000 00:00 0 
7f4a38021000-7f4a3c000000 ---p 00000000 00:00 0 
7f4a3e000000-7f4a40000000 rw-p 00000000 00:00 0 
7f4a40000000-7f4a40021000 rw-p 00000000 00:00 0 
7f4a40021000-7f4a44000000 ---p 00000000 00:00 0 
7f4a44000000-7f4a44021000 rw-p 00000000 00:00 0 
7f4a44021000-7f4a48000000 ---p 00000000 00:00 0 
7f4a48000000-7f4a48021000 rw-p 00000000 00:00 0 
7f4a48021000-7f4a4c000000 ---p 00000000 00:00 0 
7f4a4c1a3000-7f4a4c1a6000 ---p 00000000 00:00 0 
7f4a4c1a6000-7f4a4c2a4000 rw-p 00000000 00:00 0 
7f4a4c2a4000-7f4a4c2a7000 ---p 00000000 00:00 0 
7f4a4c2a7000-7f4a4c3a5000 rw-p 00000000 00:00 0 
7f4a4c3a5000-7f4a4c3a8000 ---p 00000000 00:00 0 
7f4a4c3a8000-7f4a4c4a6000 rw-p 00000000 00:00 0 
7f4a4c4a6000-7f4a4c4a9000 ---p 00000000 00:00 0 
7f4a4c4a9000-7f4a4c5a7000 rw-p 00000000 00:00 0 
7f4a4c5a7000-7f4a4c5aa000 ---p 00000000 00:00 0 
7f4a4c5aa000-7f4a4c6a8000 rw-p 00000000 00:00 0 
7f4a4c6a8000-7f4a4c6a9000 ---p 00000000 00:00 0 
7f4a4c6a9000-7f4a4c7a9000 rw-p 00000000 00:00 0                          [stack:6376]
7f4a4c7a9000-7f4a4c7ac000 ---p 00000000 00:00 0 
7f4a4c7ac000-7f4a4c8aa000 rw-p 00000000 00:00 0                          [stack:6375]
7f4a4c8aa000-7f4a4c8ad000 ---p 00000000 00:00 0 
7f4a4c8ad000-7f4a4c9ab000 rw-p 00000000 00:00 0                          [stack:6374]
7f4a4c9ab000-7f4a4c9ae000 ---p 00000000 00:00 0 
7f4a4c9ae000-7f4a4caac000 rw-p 00000000 00:00 0                          [stack:6373]
7f4a4caac000-7f4a4caaf000 ---p 00000000 00:00 0 
7f4a4caaf000-7f4a4cbad000 rw-p 00000000 00:00 0                          [stack:6372]
7f4a4cbad000-7f4a4cbb0000 ---p 00000000 00:00 0 
7f4a4cbb0000-7f4a4ccae000 rw-p 00000000 00:00 0                          [stack:6371]
7f4a4ccae000-7f4a4cdfe000 r--p 00000000 08:06 163465                     /usr/lib/locale/locale-archive
7f4a4cdfe000-7f4a4ce01000 ---p 00000000 00:00 0 
7f4a4ce01000-7f4a4ceff000 rw-p 00000000 00:00 0                          [stack:6370]
7f4a4ceff000-7f4a4cf02000 ---p 00000000 00:00 0 
7f4a4cf02000-7f4a4d000000 rw-p 00000000 00:00 0                          [stack:6369]
7f4a4d000000-7f4a4d7b0000 rwxp 00000000 00:00 0 
7f4a4d7b0000-7f4a5c000000 ---p 00000000 00:00 0 
7f4a5c000000-7f4a5c3c7000 rw-p 00000000 00:00 0 
7f4a5c3c7000-7f4a60000000 ---p 00000000 00:00 0 
7f4a60074000-7f4a6009b000 r--p 00000000 08:06 133207                     /usr/share/locale/ko/LC_MESSAGES/libc.mo
7f4a6009b000-7f4a6009c000 ---p 00000000 00:00 0 
7f4a6009c000-7f4a6115d000 rw-p 00000000 00:00 0                          [stack:6368]
7f4a6115d000-7f4a61335000 r--s 03d1d000 08:06 399677                     /usr/lib/jvm/java-8-jdk/jre/lib/rt.jar
7f4a61335000-7f4a61a6b000 rw-p 00000000 00:00 0 
7f4a61a6b000-7f4a61bab000 ---p 00000000 00:00 0 
7f4a61bab000-7f4a61dab000 rw-p 00000000 00:00 0 
7f4a61dab000-7f4a61dac000 ---p 00000000 00:00 0 
7f4a61dac000-7f4a61eac000 rw-p 00000000 00:00 0                          [stack:6367]
7f4a61eac000-7f4a61ead000 ---p 00000000 00:00 0 
7f4a61ead000-7f4a61fad000 rw-p 00000000 00:00 0                          [stack:6366]
7f4a61fad000-7f4a61fae000 ---p 00000000 00:00 0 
7f4a61fae000-7f4a620ae000 rw-p 00000000 00:00 0                          [stack:6365]
7f4a620ae000-7f4a620af000 ---p 00000000 00:00 0 
7f4a620af000-7f4a621c4000 rw-p 00000000 00:00 0                          [stack:6364]
7f4a621c4000-7f4a62305000 ---p 00000000 00:00 0 
7f4a62305000-7f4a6231a000 rw-p 00000000 00:00 0 
7f4a6231a000-7f4a6245a000 ---p 00000000 00:00 0 
7f4a6245a000-7f4a624a7000 rw-p 00000000 00:00 0 
7f4a624a7000-7f4a62505000 ---p 00000000 00:00 0 
7f4a62505000-7f4a62525000 rw-p 00000000 00:00 0 
7f4a62525000-7f4a628c6000 ---p 00000000 00:00 0 
7f4a628c6000-7f4a628e0000 r-xp 00000000 08:06 399785                     /usr/lib/jvm/java-8-jdk/jre/lib/amd64/libzip.so
7f4a628e0000-7f4a62ae0000 ---p 0001a000 08:06 399785                     /usr/lib/jvm/java-8-jdk/jre/lib/amd64/libzip.so
7f4a62ae0000-7f4a62ae1000 rw-p 0001a000 08:06 399785                     /usr/lib/jvm/java-8-jdk/jre/lib/amd64/libzip.so
7f4a62ae1000-7f4a62aec000 r-xp 00000000 08:06 134332                     /usr/lib/libnss_files-2.22.so
7f4a62aec000-7f4a62ceb000 ---p 0000b000 08:06 134332                     /usr/lib/libnss_files-2.22.so
7f4a62ceb000-7f4a62cec000 r--p 0000a000 08:06 134332                     /usr/lib/libnss_files-2.22.so
7f4a62cec000-7f4a62ced000 rw-p 0000b000 08:06 134332                     /usr/lib/libnss_files-2.22.so
7f4a62ced000-7f4a62cf3000 rw-p 00000000 00:00 0 
7f4a62cf3000-7f4a62d1d000 r-xp 00000000 08:06 399805                     /usr/lib/jvm/java-8-jdk/jre/lib/amd64/libjava.so
7f4a62d1d000-7f4a62f1d000 ---p 0002a000 08:06 399805                     /usr/lib/jvm/java-8-jdk/jre/lib/amd64/libjava.so
7f4a62f1d000-7f4a62f1f000 rw-p 0002a000 08:06 399805                     /usr/lib/jvm/java-8-jdk/jre/lib/amd64/libjava.so
7f4a62f1f000-7f4a62f2c000 r-xp 00000000 08:06 399791                     /usr/lib/jvm/java-8-jdk/jre/lib/amd64/libverify.so
7f4a62f2c000-7f4a6312c000 ---p 0000d000 08:06 399791                     /usr/lib/jvm/java-8-jdk/jre/lib/amd64/libverify.so
7f4a6312c000-7f4a6312e000 rw-p 0000d000 08:06 399791                     /usr/lib/jvm/java-8-jdk/jre/lib/amd64/libverify.so
7f4a6312e000-7f4a63135000 r-xp 00000000 08:06 134341                     /usr/lib/librt-2.22.so
7f4a63135000-7f4a63334000 ---p 00007000 08:06 134341                     /usr/lib/librt-2.22.so
7f4a63334000-7f4a63335000 r--p 00006000 08:06 134341                     /usr/lib/librt-2.22.so
7f4a63335000-7f4a63336000 rw-p 00007000 08:06 134341                     /usr/lib/librt-2.22.so
7f4a63336000-7f4a63433000 r-xp 00000000 08:06 134338                     /usr/lib/libm-2.22.so
7f4a63433000-7f4a63632000 ---p 000fd000 08:06 134338                     /usr/lib/libm-2.22.so
7f4a63632000-7f4a63633000 r--p 000fc000 08:06 134338                     /usr/lib/libm-2.22.so
7f4a63633000-7f4a63634000 rw-p 000fd000 08:06 134338                     /usr/lib/libm-2.22.so
7f4a63634000-7f4a642f3000 r-xp 00000000 08:06 530091                     /usr/lib/jvm/java-8-jdk/jre/lib/amd64/server/libjvm.so
7f4a642f3000-7f4a644f2000 ---p 00cbf000 08:06 530091                     /usr/lib/jvm/java-8-jdk/jre/lib/amd64/server/libjvm.so
7f4a644f2000-7f4a645cb000 rw-p 00cbe000 08:06 530091                     /usr/lib/jvm/java-8-jdk/jre/lib/amd64/server/libjvm.so
7f4a645cb000-7f4a64614000 rw-p 00000000 00:00 0 
7f4a64614000-7f4a647ae000 r-xp 00000000 08:06 134279                     /usr/lib/libc-2.22.so
7f4a647ae000-7f4a649ae000 ---p 0019a000 08:06 134279                     /usr/lib/libc-2.22.so
7f4a649ae000-7f4a649b2000 r--p 0019a000 08:06 134279                     /usr/lib/libc-2.22.so
7f4a649b2000-7f4a649b4000 rw-p 0019e000 08:06 134279                     /usr/lib/libc-2.22.so
7f4a649b4000-7f4a649b8000 rw-p 00000000 00:00 0 
7f4a649b8000-7f4a649bb000 r-xp 00000000 08:06 134337                     /usr/lib/libdl-2.22.so
7f4a649bb000-7f4a64bba000 ---p 00003000 08:06 134337                     /usr/lib/libdl-2.22.so
7f4a64bba000-7f4a64bbb000 r--p 00002000 08:06 134337                     /usr/lib/libdl-2.22.so
7f4a64bbb000-7f4a64bbc000 rw-p 00003000 08:06 134337                     /usr/lib/libdl-2.22.so
7f4a64bbc000-7f4a64bd1000 r-xp 00000000 08:06 530090                     /usr/lib/jvm/java-8-jdk/jre/lib/amd64/jli/libjli.so
7f4a64bd1000-7f4a64dd1000 ---p 00015000 08:06 530090                     /usr/lib/jvm/java-8-jdk/jre/lib/amd64/jli/libjli.so
7f4a64dd1000-7f4a64dd2000 rw-p 00015000 08:06 530090                     /usr/lib/jvm/java-8-jdk/jre/lib/amd64/jli/libjli.so
7f4a64dd2000-7f4a64dea000 r-xp 00000000 08:06 134257                     /usr/lib/libpthread-2.22.so
7f4a64dea000-7f4a64fe9000 ---p 00018000 08:06 134257                     /usr/lib/libpthread-2.22.so
7f4a64fe9000-7f4a64fea000 r--p 00017000 08:06 134257                     /usr/lib/libpthread-2.22.so
7f4a64fea000-7f4a64feb000 rw-p 00018000 08:06 134257                     /usr/lib/libpthread-2.22.so
7f4a64feb000-7f4a64fef000 rw-p 00000000 00:00 0 
7f4a64fef000-7f4a65011000 r-xp 00000000 08:06 134278                     /usr/lib/ld-2.22.so
7f4a65017000-7f4a650dc000 rw-p 00000000 00:00 0 
7f4a650dc000-7f4a650df000 ---p 00000000 00:00 0 
7f4a650df000-7f4a651e2000 rw-p 00000000 00:00 0                          [stack:6363]
7f4a651e2000-7f4a651f1000 r--s 000df000 08:06 13763614                   /home/youngbin/Android/Sdk/build-tools/23.0.2/lib/dx.jar
7f4a651f1000-7f4a65205000 rw-p 00000000 00:00 0 
7f4a65205000-7f4a6520d000 rw-s 00000000 00:21 346456                     /tmp/hsperfdata_youngbin/6359
7f4a6520d000-7f4a6520e000 rw-p 00000000 00:00 0 
7f4a6520e000-7f4a6520f000 ---p 00000000 00:00 0 
7f4a6520f000-7f4a65210000 rw-p 00000000 00:00 0 
7f4a65210000-7f4a65211000 r--p 00021000 08:06 134278                     /usr/lib/ld-2.22.so
7f4a65211000-7f4a65212000 rw-p 00022000 08:06 134278                     /usr/lib/ld-2.22.so
7f4a65212000-7f4a65213000 rw-p 00000000 00:00 0 
7ffc984fc000-7ffc9851d000 rw-p 00000000 00:00 0                          [stack]
7ffc985eb000-7ffc985ed000 r--p 00000000 00:00 0                          [vvar]
7ffc985ed000-7ffc985ef000 r-xp 00000000 00:00 0                          [vdso]
ffffffffff600000-ffffffffff601000 r-xp 00000000 00:00 0                  [vsyscall]

VM Arguments:
jvm_args: -Djava.awt.headless=true -Xmx1024M -Dfile.encoding=UTF-8 -Duser.country=KR -Duser.language=ko -Duser.variant 
java_command: com.android.dx.command.Main --dex --num-threads=4 --output /home/youngbin/mailtracker-android/app/build/intermediates/pre-dexed/debug/com.android.support-appcompat-v7-23.1.1_ae399c07e308cd47d42822db50c66ef3e12fa38d.jar /home/youngbin/mailtracker-android/app/build/intermediates/exploded-aar/com.android.support/appcompat-v7/23.1.1/jars/classes.jar
java_class_path (initial): /home/youngbin/Android/Sdk/build-tools/23.0.2/lib/dx.jar
Launcher Type: SUN_STANDARD

Environment Variables:
PATH=/usr/local/sbin:/usr/local/bin:/usr/bin:/usr/lib/jvm/default/bin:/usr/bin/site_perl:/usr/bin/vendor_perl:/usr/bin/core_perl
USERNAME=youngbin
LD_LIBRARY_PATH=/home/youngbin/android-studio/bin:
SHELL=/usr/bin/fish
DISPLAY=:1

Signal Handlers:
SIGSEGV: [libjvm.so+0xabb070], sa_mask[0]=11111111011111111101111111111110, sa_flags=SA_RESTART|SA_SIGINFO
SIGBUS: [libjvm.so+0xabb070], sa_mask[0]=11111111011111111101111111111110, sa_flags=SA_RESTART|SA_SIGINFO
SIGFPE: [libjvm.so+0x918480], sa_mask[0]=11111111011111111101111111111110, sa_flags=SA_RESTART|SA_SIGINFO
SIGPIPE: [libjvm.so+0x918480], sa_mask[0]=11111111011111111101111111111110, sa_flags=SA_RESTART|SA_SIGINFO
SIGXFSZ: [libjvm.so+0x918480], sa_mask[0]=11111111011111111101111111111110, sa_flags=SA_RESTART|SA_SIGINFO
SIGILL: [libjvm.so+0x918480], sa_mask[0]=11111111011111111101111111111110, sa_flags=SA_RESTART|SA_SIGINFO
SIGUSR1: SIG_DFL, sa_mask[0]=00000000000000000000000000000000, sa_flags=none
SIGUSR2: [libjvm.so+0x919ab0], sa_mask[0]=00100000000000000000000000000000, sa_flags=SA_RESTART|SA_SIGINFO
SIGHUP: [libjvm.so+0x91aeb0], sa_mask[0]=11111111011111111101111111111110, sa_flags=SA_RESTART|SA_SIGINFO
SIGINT: [libjvm.so+0x91aeb0], sa_mask[0]=11111111011111111101111111111110, sa_flags=SA_RESTART|SA_SIGINFO
SIGTERM: [libjvm.so+0x91aeb0], sa_mask[0]=11111111011111111101111111111110, sa_flags=SA_RESTART|SA_SIGINFO
SIGQUIT: [libjvm.so+0x91aeb0], sa_mask[0]=11111111011111111101111111111110, sa_flags=SA_RESTART|SA_SIGINFO


---------------  S Y S T E M  ---------------

OS:NAME="Antergos Linux"
VERSION="2015.12-ISO-Rolling"
ID="antergos"
ID_LIKE="arch"
PRETTY_NAME="Antergos Linux"
CPE_NAME="cpe:/o:antergosproject:antergos:2015.12"
ANSI_COLOR="1;34;40"
HOME_URL="https://antergos.com/"
SUPPORT_URL="https://forum.antergos.com/"
BUG_REPORT_URL="https://github.com/antergos"


uname:Linux 4.4.1-2-ARCH #1 SMP PREEMPT Wed Feb 3 13:12:33 UTC 2016 x86_64
libc:glibc 2.22 NPTL 2.22 
rlimit: STACK 8192k, CORE 0k, NPROC 14900, NOFILE 4096, AS infinity
load average:3.97 2.78 1.97

/proc/meminfo:
MemTotal:        4007080 kB
MemFree:           26960 kB
MemAvailable:     107288 kB
Buffers:            8364 kB
Cached:           114776 kB
SwapCached:            0 kB
Active:          3678336 kB
Inactive:          75984 kB
Active(anon):    3633912 kB
Inactive(anon):    36456 kB
Active(file):      44424 kB
Inactive(file):    39528 kB
Unevictable:          80 kB
Mlocked:        34359738448 kB
SwapTotal:             0 kB
SwapFree:              0 kB
Dirty:              7612 kB
Writeback:             0 kB
AnonPages:       3631700 kB
Mapped:            93572 kB
Shmem:             38972 kB
Slab:              63356 kB
SReclaimable:      25956 kB
SUnreclaim:        37400 kB
KernelStack:       12336 kB
PageTables:        54636 kB
NFS_Unstable:          0 kB
Bounce:                0 kB
WritebackTmp:          0 kB
CommitLimit:     2003540 kB
Committed_AS:    9140796 kB
VmallocTotal:   34359738367 kB
VmallocUsed:           0 kB
VmallocChunk:          0 kB
HardwareCorrupted:     0 kB
AnonHugePages:   1617920 kB
HugePages_Total:       0
HugePages_Free:        0
HugePages_Rsvd:        0
HugePages_Surp:        0
Hugepagesize:       2048 kB
DirectMap4k:      145808 kB
DirectMap2M:     4003840 kB


CPU:total 4 (2 cores per cpu, 2 threads per core) family 6 model 42 stepping 7, cmov, cx8, fxsr, mmx, sse, sse2, sse3, ssse3, sse4.1, sse4.2, popcnt, avx, clmul, ht, tsc, tscinvbit

/proc/cpuinfo:
processor	: 0
vendor_id	: GenuineIntel
cpu family	: 6
model		: 42
model name	: Intel(R) Core(TM) i3-2120 CPU @ 3.30GHz
stepping	: 7
microcode	: 0x26
cpu MHz		: 3300.000
cache size	: 3072 KB
physical id	: 0
siblings	: 4
core id		: 0
cpu cores	: 2
apicid		: 0
initial apicid	: 0
fpu		: yes
fpu_exception	: yes
cpuid level	: 13
wp		: yes
flags		: fpu vme de pse tsc msr pae mce cx8 apic sep mtrr pge mca cmov pat pse36 clflush dts acpi mmx fxsr sse sse2 ss ht tm pbe syscall nx rdtscp lm constant_tsc arch_perfmon pebs bts rep_good nopl xtopology nonstop_tsc aperfmperf eagerfpu pni pclmulqdq dtes64 monitor ds_cpl vmx est tm2 ssse3 cx16 xtpr pdcm pcid sse4_1 sse4_2 popcnt tsc_deadline_timer xsave avx lahf_lm arat epb pln pts dtherm tpr_shadow vnmi flexpriority ept vpid xsaveopt
bugs		:
bogomips	: 6602.10
clflush size	: 64
cache_alignment	: 64
address sizes	: 36 bits physical, 48 bits virtual
power management:

processor	: 1
vendor_id	: GenuineIntel
cpu family	: 6
model		: 42
model name	: Intel(R) Core(TM) i3-2120 CPU @ 3.30GHz
stepping	: 7
microcode	: 0x26
cpu MHz		: 3300.000
cache size	: 3072 KB
physical id	: 0
siblings	: 4
core id		: 1
cpu cores	: 2
apicid		: 2
initial apicid	: 2
fpu		: yes
fpu_exception	: yes
cpuid level	: 13
wp		: yes
flags		: fpu vme de pse tsc msr pae mce cx8 apic sep mtrr pge mca cmov pat pse36 clflush dts acpi mmx fxsr sse sse2 ss ht tm pbe syscall nx rdtscp lm constant_tsc arch_perfmon pebs bts rep_good nopl xtopology nonstop_tsc aperfmperf eagerfpu pni pclmulqdq dtes64 monitor ds_cpl vmx est tm2 ssse3 cx16 xtpr pdcm pcid sse4_1 sse4_2 popcnt tsc_deadline_timer xsave avx lahf_lm arat epb pln pts dtherm tpr_shadow vnmi flexpriority ept vpid xsaveopt
bugs		:
bogomips	: 6602.10
clflush size	: 64
cache_alignment	: 64
address sizes	: 36 bits physical, 48 bits virtual
power management:

processor	: 2
vendor_id	: GenuineIntel
cpu family	: 6
model		: 42
model name	: Intel(R) Core(TM) i3-2120 CPU @ 3.30GHz
stepping	: 7
microcode	: 0x26
cpu MHz		: 3300.128
cache size	: 3072 KB
physical id	: 0
siblings	: 4
core id		: 0
cpu cores	: 2
apicid		: 1
initial apicid	: 1
fpu		: yes
fpu_exception	: yes
cpuid level	: 13
wp		: yes
flags		: fpu vme de pse tsc msr pae mce cx8 apic sep mtrr pge mca cmov pat pse36 clflush dts acpi mmx fxsr sse sse2 ss ht tm pbe syscall nx rdtscp lm constant_tsc arch_perfmon pebs bts rep_good nopl xtopology nonstop_tsc aperfmperf eagerfpu pni pclmulqdq dtes64 monitor ds_cpl vmx est tm2 ssse3 cx16 xtpr pdcm pcid sse4_1 sse4_2 popcnt tsc_deadline_timer xsave avx lahf_lm arat epb pln pts dtherm tpr_shadow vnmi flexpriority ept vpid xsaveopt
bugs		:
bogomips	: 6602.10
clflush size	: 64
cache_alignment	: 64
address sizes	: 36 bits physical, 48 bits virtual
power management:

processor	: 3
vendor_id	: GenuineIntel
cpu family	: 6
model		: 42
model name	: Intel(R) Core(TM) i3-2120 CPU @ 3.30GHz
stepping	: 7
microcode	: 0x26
cpu MHz		: 3300.000
cache size	: 3072 KB
physical id	: 0
siblings	: 4
core id		: 1
cpu cores	: 2
apicid		: 3
initial apicid	: 3
fpu		: yes
fpu_exception	: yes
cpuid level	: 13
wp		: yes
flags		: fpu vme de pse tsc msr pae mce cx8 apic sep mtrr pge mca cmov pat pse36 clflush dts acpi mmx fxsr sse sse2 ss ht tm pbe syscall nx rdtscp lm constant_tsc arch_perfmon pebs bts rep_good nopl xtopology nonstop_tsc aperfmperf eagerfpu pni pclmulqdq dtes64 monitor ds_cpl vmx est tm2 ssse3 cx16 xtpr pdcm pcid sse4_1 sse4_2 popcnt tsc_deadline_timer xsave avx lahf_lm arat epb pln pts dtherm tpr_shadow vnmi flexpriority ept vpid xsaveopt
bugs		:
bogomips	: 6602.10
clflush size	: 64
cache_alignment	: 64
address sizes	: 36 bits physical, 48 bits virtual
power management:



Memory: 4k page, physical 4007080k(26960k free), swap 0k(0k free)

vm_info: Java HotSpot(TM) 64-Bit Server VM (25.72-b15) for linux-amd64 JRE (1.8.0_72-b15), built on Dec 22 2015 22:00:07 by "java_re" with gcc 4.3.0 20080428 (Red Hat 4.3.0-8)

time: Thu Feb 18 21:59:18 2016
elapsed time: 2 seconds (0d 0h 0m 2s)

