#
# There is insufficient memory for the Java Runtime Environment to continue.
# Native memory allocation (mmap) failed to map 61341696 bytes for committing reserved memory.
# Possible reasons:
#   The system is out of physical RAM or swap space
#   In 32 bit mode, the process size limit was hit
# Possible solutions:
#   Reduce memory load on the system
#   Increase physical memory or swap space
#   Check if swap backing store is full
#   Use 64 bit Java on a 64 bit OS
#   Decrease Java heap size (-Xmx/-Xms)
#   Decrease number of Java threads
#   Decrease Java thread stack sizes (-Xss)
#   Set larger code cache with -XX:ReservedCodeCacheSize=
# This output file may be truncated or incomplete.
#
#  Out of Memory Error (os_linux.cpp:2627), pid=10193, tid=140178928645888
#
# JRE version: Java(TM) SE Runtime Environment (8.0_74-b02) (build 1.8.0_74-b02)
# Java VM: Java HotSpot(TM) 64-Bit Server VM (25.74-b02 mixed mode linux-amd64 compressed oops)
# Core dump written. Default location: /home/youngbin/shipped-android/app/core or core.10193
#

---------------  T H R E A D  ---------------

Current thread (0x00007f7e08076800):  VMThread [stack: 0x00007f7df32f3000,0x00007f7df33f4000] [id=10203]

Stack: [0x00007f7df32f3000,0x00007f7df33f4000],  sp=0x00007f7df33f2160,  free space=1020k
Native frames: (J=compiled Java code, j=interpreted, Vv=VM code, C=native code)
V  [libjvm.so+0xaba7ea]  VMError::report_and_die()+0x2ba
V  [libjvm.so+0x4f9e3b]  report_vm_out_of_memory(char const*, int, unsigned long, VMErrorType, char const*)+0x8b
V  [libjvm.so+0x91b613]  os::Linux::commit_memory_impl(char*, unsigned long, bool)+0x103
V  [libjvm.so+0x91bb69]  os::pd_commit_memory(char*, unsigned long, unsigned long, bool)+0x29
V  [libjvm.so+0x915e6a]  os::commit_memory(char*, unsigned long, unsigned long, bool)+0x2a
V  [libjvm.so+0x989543]  PSVirtualSpace::expand_by(unsigned long)+0x53
V  [libjvm.so+0x979e30]  PSOldGen::expand(unsigned long)+0x170
V  [libjvm.so+0x97a03b]  PSOldGen::resize(unsigned long)+0x1cb
V  [libjvm.so+0x981d11]  PSParallelCompact::invoke_no_policy(bool)+0x991
V  [libjvm.so+0x98766d]  PSScavenge::invoke()+0x1ad
V  [libjvm.so+0xabc3ad]  VM_ParallelGCSystemGC::doit()+0x10d
V  [libjvm.so+0xac3c35]  VM_Operation::evaluate()+0x55
V  [libjvm.so+0xac200a]  VMThread::evaluate_operation(VM_Operation*)+0xba
V  [libjvm.so+0xac238e]  VMThread::loop()+0x1ce
V  [libjvm.so+0xac2800]  VMThread::run()+0x70
V  [libjvm.so+0x91d9d8]  java_start(Thread*)+0x108

VM_Operation (0x00007f7e114c6180): ParallelGCSystemGC, mode: safepoint, requested by thread 0x00007f7e08008800


---------------  P R O C E S S  ---------------

Java Threads: ( => current thread )
  0x00007f7e081c7000 JavaThread "pool-2-thread-4" [_thread_blocked, id=10216, stack(0x00007f7df248d000,0x00007f7df258e000)]
  0x00007f7e081c5000 JavaThread "pool-2-thread-3" [_thread_blocked, id=10215, stack(0x00007f7df258e000,0x00007f7df268f000)]
  0x00007f7e081c3000 JavaThread "pool-2-thread-2" [_thread_blocked, id=10214, stack(0x00007f7df268f000,0x00007f7df2790000)]
  0x00007f7e081c2000 JavaThread "pool-3-thread-1" [_thread_blocked, id=10213, stack(0x00007f7df2790000,0x00007f7df2891000)]
  0x00007f7e081bf800 JavaThread "pool-2-thread-1" [_thread_blocked, id=10212, stack(0x00007f7df2891000,0x00007f7df2992000)]
  0x00007f7e080bf000 JavaThread "Service Thread" daemon [_thread_blocked, id=10210, stack(0x00007f7df2a93000,0x00007f7df2b94000)]
  0x00007f7e080bb800 JavaThread "C1 CompilerThread2" daemon [_thread_blocked, id=10209, stack(0x00007f7df2b94000,0x00007f7df2c95000)]
  0x00007f7e080ba000 JavaThread "C2 CompilerThread1" daemon [_thread_blocked, id=10208, stack(0x00007f7df2c95000,0x00007f7df2d96000)]
  0x00007f7e080b7000 JavaThread "C2 CompilerThread0" daemon [_thread_blocked, id=10207, stack(0x00007f7df2d96000,0x00007f7df2e97000)]
  0x00007f7e080b5800 JavaThread "Signal Dispatcher" daemon [_thread_blocked, id=10206, stack(0x00007f7df2e97000,0x00007f7df2f98000)]
  0x00007f7e08082800 JavaThread "Finalizer" daemon [_thread_blocked, id=10205, stack(0x00007f7df30f1000,0x00007f7df31f2000)]
  0x00007f7e0807e000 JavaThread "Reference Handler" daemon [_thread_blocked, id=10204, stack(0x00007f7df31f2000,0x00007f7df32f3000)]
  0x00007f7e08008800 JavaThread "main" [_thread_blocked, id=10198, stack(0x00007f7e113c7000,0x00007f7e114c8000)]

Other Threads:
=>0x00007f7e08076800 VMThread [stack: 0x00007f7df32f3000,0x00007f7df33f4000] [id=10203]
  0x00007f7e080c1800 WatcherThread [stack: 0x00007f7df2992000,0x00007f7df2a93000] [id=10211]

VM state:at safepoint (normal execution)

VM Mutex/Monitor currently owned by a thread:  ([mutex/lock_event])
[0x00007f7e08005e80] ExpandHeap_lock - owner thread: 0x00007f7e08076800
[0x00007f7e08006500] Threads_lock - owner thread: 0x00007f7e08076800
[0x00007f7e08006a00] Heap_lock - owner thread: 0x00007f7e08008800

Heap:
 PSYoungGen      total 272384K, used 40278K [0x00000000eab00000, 0x0000000100000000, 0x0000000100000000)
  eden space 225280K, 0% used [0x00000000eab00000,0x00000000eab00000,0x00000000f8700000)
  from space 47104K, 85% used [0x00000000fd200000,0x00000000ff955880,0x0000000100000000)
  to   space 61952K, 0% used [0x00000000f8700000,0x00000000f8700000,0x00000000fc380000)
 ParOldGen       total 79872K, used 79750K [0x00000000c0000000, 0x00000000c4e00000, 0x00000000eab00000)
  object space 79872K, 99% used [0x00000000c0000000,0x00000000c4de1bf8,0x00000000c4e00000)
 Metaspace       used 6534K, capacity 7320K, committed 7680K, reserved 1056768K
  class space    used 614K, capacity 656K, committed 768K, reserved 1048576K

Card table byte_map: [0x00007f7e0e5ea000,0x00007f7e0e7eb000] byte_map_base: 0x00007f7e0dfea000

Marking Bits: (ParMarkBitMap*) 0x00007f7e108d5260
 Begin Bits: [0x00007f7e0c090000, 0x00007f7e0d090000)
 End Bits:   [0x00007f7e0d090000, 0x00007f7e0e090000)

Polling page: 0x00007f7e114f9000

CodeCache: size=245760Kb used=9268Kb max_used=9268Kb free=236491Kb
 bounds [0x00007f7df9000000, 0x00007f7df9920000, 0x00007f7e08000000]
 total_blobs=2569 nmethods=2300 adapters=182
 compilation: enabled

Compilation events (10 events):
Event: 4.799 Thread 0x00007f7e080bb800 nmethod 2453 0x00007f7df9910210 code [0x00007f7df9910360, 0x00007f7df99104f0]
Event: 4.800 Thread 0x00007f7e080bb800 2454       2       java.util.concurrent.Executors$DelegatedExecutorService::submit (11 bytes)
Event: 4.800 Thread 0x00007f7e080bb800 nmethod 2454 0x00007f7df9910590 code [0x00007f7df9910700, 0x00007f7df9910888]
Event: 4.800 Thread 0x00007f7e080bb800 2455       2       com.android.dx.command.dexer.Main::access$2600 (4 bytes)
Event: 4.800 Thread 0x00007f7e080bb800 nmethod 2455 0x00007f7df9910910 code [0x00007f7df9910a60, 0x00007f7df9910b90]
Event: 4.807 Thread 0x00007f7e080bb800 2456       2       com.android.dx.cf.code.LocalVariableList::mergeDescriptorsAndSignatures (80 bytes)
Event: 4.808 Thread 0x00007f7e080bb800 nmethod 2456 0x00007f7df9910c10 code [0x00007f7df9910e20, 0x00007f7df99115b8]
Event: 4.809 Thread 0x00007f7e080bb800 2457       2       com.android.dx.cf.code.LocalVariableList::<init> (6 bytes)
Event: 4.809 Thread 0x00007f7e080bb800 nmethod 2457 0x00007f7df9911fd0 code [0x00007f7df9912140, 0x00007f7df99122a8]
Event: 4.810 Thread 0x00007f7e080bb800 2458       2       com.android.dx.cf.direct.AnnotationParser::parseValue (805 bytes)

GC Heap History (10 events):
Event: 2.204 GC heap after
Heap after GC invocations=7 (full 0):
 PSYoungGen      total 138752K, used 15336K [0x00000000eab00000, 0x00000000fce00000, 0x0000000100000000)
  eden space 123392K, 0% used [0x00000000eab00000,0x00000000eab00000,0x00000000f2380000)
  from space 15360K, 99% used [0x00000000f2380000,0x00000000f327a0e0,0x00000000f3280000)
  to   space 25600K, 0% used [0x00000000fb500000,0x00000000fb500000,0x00000000fce00000)
 ParOldGen       total 42496K, used 28756K [0x00000000c0000000, 0x00000000c2980000, 0x00000000eab00000)
  object space 42496K, 67% used [0x00000000c0000000,0x00000000c1c15290,0x00000000c2980000)
 Metaspace       used 6257K, capacity 7128K, committed 7424K, reserved 1056768K
  class space    used 614K, capacity 656K, committed 768K, reserved 1048576K
}
Event: 2.747 GC heap before
{Heap before GC invocations=8 (full 0):
 PSYoungGen      total 138752K, used 138728K [0x00000000eab00000, 0x00000000fce00000, 0x0000000100000000)
  eden space 123392K, 100% used [0x00000000eab00000,0x00000000f2380000,0x00000000f2380000)
  from space 15360K, 99% used [0x00000000f2380000,0x00000000f327a0e0,0x00000000f3280000)
  to   space 25600K, 0% used [0x00000000fb500000,0x00000000fb500000,0x00000000fce00000)
 ParOldGen       total 42496K, used 28756K [0x00000000c0000000, 0x00000000c2980000, 0x00000000eab00000)
  object space 42496K, 67% used [0x00000000c0000000,0x00000000c1c15290,0x00000000c2980000)
 Metaspace       used 6392K, capacity 7192K, committed 7424K, reserved 1056768K
  class space    used 614K, capacity 656K, committed 768K, reserved 1048576K
Event: 2.840 GC heap after
Heap after GC invocations=8 (full 0):
 PSYoungGen      total 264192K, used 25594K [0x00000000eab00000, 0x00000000fde00000, 0x0000000100000000)
  eden space 238592K, 0% used [0x00000000eab00000,0x00000000eab00000,0x00000000f9400000)
  from space 25600K, 99% used [0x00000000fb500000,0x00000000fcdfe810,0x00000000fce00000)
  to   space 33792K, 0% used [0x00000000f9400000,0x00000000f9400000,0x00000000fb500000)
 ParOldGen       total 42496K, used 35649K [0x00000000c0000000, 0x00000000c2980000, 0x00000000eab00000)
  object space 42496K, 83% used [0x00000000c0000000,0x00000000c22d0550,0x00000000c2980000)
 Metaspace       used 6392K, capacity 7192K, committed 7424K, reserved 1056768K
  class space    used 614K, capacity 656K, committed 768K, reserved 1048576K
}
Event: 2.840 GC heap before
{Heap before GC invocations=9 (full 1):
 PSYoungGen      total 264192K, used 25594K [0x00000000eab00000, 0x00000000fde00000, 0x0000000100000000)
  eden space 238592K, 0% used [0x00000000eab00000,0x00000000eab00000,0x00000000f9400000)
  from space 25600K, 99% used [0x00000000fb500000,0x00000000fcdfe810,0x00000000fce00000)
  to   space 33792K, 0% used [0x00000000f9400000,0x00000000f9400000,0x00000000fb500000)
 ParOldGen       total 42496K, used 35649K [0x00000000c0000000, 0x00000000c2980000, 0x00000000eab00000)
  object space 42496K, 83% used [0x00000000c0000000,0x00000000c22d0550,0x00000000c2980000)
 Metaspace       used 6392K, capacity 7192K, committed 7424K, reserved 1056768K
  class space    used 614K, capacity 656K, committed 768K, reserved 1048576K
Event: 3.200 GC heap after
Heap after GC invocations=9 (full 1):
 PSYoungGen      total 264192K, used 16299K [0x00000000eab00000, 0x00000000fde00000, 0x0000000100000000)
  eden space 238592K, 0% used [0x00000000eab00000,0x00000000eab00000,0x00000000f9400000)
  from space 25600K, 63% used [0x00000000fb500000,0x00000000fc4eaca8,0x00000000fce00000)
  to   space 33792K, 0% used [0x00000000f9400000,0x00000000f9400000,0x00000000fb500000)
 ParOldGen       total 79872K, used 42044K [0x00000000c0000000, 0x00000000c4e00000, 0x00000000eab00000)
  object space 79872K, 52% used [0x00000000c0000000,0x00000000c290f350,0x00000000c4e00000)
 Metaspace       used 6392K, capacity 7192K, committed 7424K, reserved 1056768K
  class space    used 614K, capacity 656K, committed 768K, reserved 1048576K
}
Event: 3.979 GC heap before
{Heap before GC invocations=10 (full 1):
 PSYoungGen      total 264192K, used 254891K [0x00000000eab00000, 0x00000000fde00000, 0x0000000100000000)
  eden space 238592K, 100% used [0x00000000eab00000,0x00000000f9400000,0x00000000f9400000)
  from space 25600K, 63% used [0x00000000fb500000,0x00000000fc4eaca8,0x00000000fce00000)
  to   space 33792K, 0% used [0x00000000f9400000,0x00000000f9400000,0x00000000fb500000)
 ParOldGen       total 79872K, used 42044K [0x00000000c0000000, 0x00000000c4e00000, 0x00000000eab00000)
  object space 79872K, 52% used [0x00000000c0000000,0x00000000c290f350,0x00000000c4e00000)
 Metaspace       used 6485K, capacity 7256K, committed 7424K, reserved 1056768K
  class space    used 614K, capacity 656K, committed 768K, reserved 1048576K
Event: 4.084 GC heap after
Heap after GC invocations=10 (full 1):
 PSYoungGen      total 272384K, used 33763K [0x00000000eab00000, 0x0000000100000000, 0x0000000100000000)
  eden space 238592K, 0% used [0x00000000eab00000,0x00000000eab00000,0x00000000f9400000)
  from space 33792K, 99% used [0x00000000f9400000,0x00000000fb4f8e70,0x00000000fb500000)
  to   space 47104K, 0% used [0x00000000fd200000,0x00000000fd200000,0x0000000100000000)
 ParOldGen       total 79872K, used 58304K [0x00000000c0000000, 0x00000000c4e00000, 0x00000000eab00000)
  object space 79872K, 72% used [0x00000000c0000000,0x00000000c38f0158,0x00000000c4e00000)
 Metaspace       used 6485K, capacity 7256K, committed 7424K, reserved 1056768K
  class space    used 614K, capacity 656K, committed 768K, reserved 1048576K
}
Event: 4.825 GC heap before
{Heap before GC invocations=11 (full 1):
 PSYoungGen      total 272384K, used 272355K [0x00000000eab00000, 0x0000000100000000, 0x0000000100000000)
  eden space 238592K, 100% used [0x00000000eab00000,0x00000000f9400000,0x00000000f9400000)
  from space 33792K, 99% used [0x00000000f9400000,0x00000000fb4f8e70,0x00000000fb500000)
  to   space 47104K, 0% used [0x00000000fd200000,0x00000000fd200000,0x0000000100000000)
 ParOldGen       total 79872K, used 58843K [0x00000000c0000000, 0x00000000c4e00000, 0x00000000eab00000)
  object space 79872K, 73% used [0x00000000c0000000,0x00000000c3976ca8,0x00000000c4e00000)
 Metaspace       used 6534K, capacity 7320K, committed 7680K, reserved 1056768K
  class space    used 614K, capacity 656K, committed 768K, reserved 1048576K
Event: 4.992 GC heap after
Heap after GC invocations=11 (full 1):
 PSYoungGen      total 272384K, used 47072K [0x00000000eab00000, 0x0000000100000000, 0x0000000100000000)
  eden space 225280K, 0% used [0x00000000eab00000,0x00000000eab00000,0x00000000f8700000)
  from space 47104K, 99% used [0x00000000fd200000,0x00000000ffff8390,0x0000000100000000)
  to   space 61952K, 0% used [0x00000000f8700000,0x00000000f8700000,0x00000000fc380000)
 ParOldGen       total 79872K, used 77435K [0x00000000c0000000, 0x00000000c4e00000, 0x00000000eab00000)
  object space 79872K, 96% used [0x00000000c0000000,0x00000000c4b9efe0,0x00000000c4e00000)
 Metaspace       used 6534K, capacity 7320K, committed 7680K, reserved 1056768K
  class space    used 614K, capacity 656K, committed 768K, reserved 1048576K
}
Event: 5.014 GC heap before
{Heap before GC invocations=12 (full 2):
 PSYoungGen      total 272384K, used 47072K [0x00000000eab00000, 0x0000000100000000, 0x0000000100000000)
  eden space 225280K, 0% used [0x00000000eab00000,0x00000000eab00000,0x00000000f8700000)
  from space 47104K, 99% used [0x00000000fd200000,0x00000000ffff8390,0x0000000100000000)
  to   space 61952K, 0% used [0x00000000f8700000,0x00000000f8700000,0x00000000fc380000)
 ParOldGen       total 79872K, used 77435K [0x00000000c0000000, 0x00000000c4e00000, 0x00000000eab00000)
  object space 79872K, 96% used [0x00000000c0000000,0x00000000c4b9efe0,0x00000000c4e00000)
 Metaspace       used 6534K, capacity 7320K, committed 7680K, reserved 1056768K
  class space    used 614K, capacity 656K, committed 768K, reserved 1048576K

Deoptimization events (10 events):
Event: 3.620 Thread 0x00007f7e081bf800 Uncommon trap: reason=unstable_if action=reinterpret pc=0x00007f7df962f744 method=java.util.HashMap.resize()[Ljava/util/HashMap$Node; @ 206
Event: 3.730 Thread 0x00007f7e081bf800 Uncommon trap: reason=bimorphic action=maybe_recompile pc=0x00007f7df96becf0 method=com.android.dx.cf.code.BytecodeArray.parseInstruction(ILcom/android/dx/cf/code/BytecodeArray$Visitor;)I @ 2281
Event: 3.731 Thread 0x00007f7e081bf800 Uncommon trap: reason=bimorphic action=maybe_recompile pc=0x00007f7df96becf0 method=com.android.dx.cf.code.BytecodeArray.parseInstruction(ILcom/android/dx/cf/code/BytecodeArray$Visitor;)I @ 2281
Event: 4.110 Thread 0x00007f7e081c3000 Uncommon trap: reason=unstable_if action=reinterpret pc=0x00007f7df9838824 method=java.util.HashMap.putVal(ILjava/lang/Object;Ljava/lang/Object;ZZ)Ljava/lang/Object; @ 109
Event: 4.486 Thread 0x00007f7e081c3000 Uncommon trap: reason=bimorphic action=maybe_recompile pc=0x00007f7df98918c4 method=com.android.dx.cf.code.BytecodeArray.parseInstruction(ILcom/android/dx/cf/code/BytecodeArray$Visitor;)I @ 1597
Event: 4.486 Thread 0x00007f7e081c3000 Uncommon trap: reason=bimorphic action=maybe_recompile pc=0x00007f7df98918c4 method=com.android.dx.cf.code.BytecodeArray.parseInstruction(ILcom/android/dx/cf/code/BytecodeArray$Visitor;)I @ 1597
Event: 4.500 Thread 0x00007f7e081bf800 Uncommon trap: reason=bimorphic action=maybe_recompile pc=0x00007f7df98f2ccc method=com.android.dx.ssa.SCCP.setLatticeValueTo(IILcom/android/dx/rop/cst/Constant;)Z @ 43
Event: 4.511 Thread 0x00007f7e08008800 Uncommon trap: reason=bimorphic action=maybe_recompile pc=0x00007f7df98f2ccc method=com.android.dx.ssa.SCCP.setLatticeValueTo(IILcom/android/dx/rop/cst/Constant;)Z @ 43
Event: 4.511 Thread 0x00007f7e08008800 Uncommon trap: reason=bimorphic action=maybe_recompile pc=0x00007f7df98f2ccc method=com.android.dx.ssa.SCCP.setLatticeValueTo(IILcom/android/dx/rop/cst/Constant;)Z @ 43
Event: 4.573 Thread 0x00007f7e08008800 Uncommon trap: reason=bimorphic action=maybe_recompile pc=0x00007f7df98f2ccc method=com.android.dx.ssa.SCCP.setLatticeValueTo(IILcom/android/dx/rop/cst/Constant;)Z @ 43

Internal exceptions (7 events):
Event: 0.019 Thread 0x00007f7e08008800 Exception <a 'java/lang/NoSuchMethodError': Method sun.misc.Unsafe.defineClass(Ljava/lang/String;[BII)Ljava/lang/Class; name or signature does not match> (0x00000000eab07cc0) thrown at [/HUDSON3/workspace/8-2-build-linux-amd64/jdk8u74/6087/hotspot/src/sha
Event: 0.019 Thread 0x00007f7e08008800 Exception <a 'java/lang/NoSuchMethodError': Method sun.misc.Unsafe.prefetchRead(Ljava/lang/Object;J)V name or signature does not match> (0x00000000eab07fa8) thrown at [/HUDSON3/workspace/8-2-build-linux-amd64/jdk8u74/6087/hotspot/src/share/vm/prims/jni.cp
Event: 0.710 Thread 0x00007f7e081c3000 Implicit null exception at 0x00007f7df92f2f4c to 0x00007f7df92f56c9
Event: 0.838 Thread 0x00007f7e081bf800 Implicit null exception at 0x00007f7df934edd1 to 0x00007f7df9351599
Event: 1.991 Thread 0x00007f7e081bf800 Exception <a 'java/lang/ArrayIndexOutOfBoundsException': 18> (0x00000000f14f34f0) thrown at [/HUDSON3/workspace/8-2-build-linux-amd64/jdk8u74/6087/hotspot/src/share/vm/interpreter/interpreterRuntime.cpp, line 366]
Event: 1.992 Thread 0x00007f7e081bf800 Exception <a 'java/lang/ArrayIndexOutOfBoundsException': 145> (0x00000000f14f5070) thrown at [/HUDSON3/workspace/8-2-build-linux-amd64/jdk8u74/6087/hotspot/src/share/vm/interpreter/interpreterRuntime.cpp, line 366]
Event: 1.993 Thread 0x00007f7e081bf800 Exception <a 'java/lang/ArrayIndexOutOfBoundsException': 40> (0x00000000f14f6358) thrown at [/HUDSON3/workspace/8-2-build-linux-amd64/jdk8u74/6087/hotspot/src/share/vm/interpreter/interpreterRuntime.cpp, line 366]

Events (10 events):
Event: 4.776 Thread 0x00007f7e081bf800 DEOPT UNPACKING pc=0x00007f7df9047633 sp=0x00007f7df298fcc0 mode 0
Event: 4.783 Thread 0x00007f7e081bf800 DEOPT PACKING pc=0x00007f7df9319aad sp=0x00007f7df298fbc0
Event: 4.783 Thread 0x00007f7e081bf800 DEOPT UNPACKING pc=0x00007f7df9047633 sp=0x00007f7df298f948 mode 0
Event: 4.786 Thread 0x00007f7e08008800 DEOPT PACKING pc=0x00007f7df92aca43 sp=0x00007f7e114c58a0
Event: 4.786 Thread 0x00007f7e08008800 DEOPT UNPACKING pc=0x00007f7df9047633 sp=0x00007f7e114c5618 mode 0
Event: 4.789 Thread 0x00007f7e081c3000 DEOPT PACKING pc=0x00007f7df938d22b sp=0x00007f7df278dde0
Event: 4.789 Thread 0x00007f7e081c3000 DEOPT UNPACKING pc=0x00007f7df9047633 sp=0x00007f7df278db20 mode 0
Event: 4.811 Executing VM operation: ParallelGCFailedAllocation
Event: 4.817 Executing VM operation: ParallelGCFailedAllocation done
Event: 4.824 Executing VM operation: ParallelGCSystemGC


Dynamic libraries:
00400000-00401000 r-xp 00000000 08:06 399854                             /usr/lib/jvm/java-8-jdk/jre/bin/java
00600000-00601000 rw-p 00000000 08:06 399854                             /usr/lib/jvm/java-8-jdk/jre/bin/java
01252000-01273000 rw-p 00000000 00:00 0                                  [heap]
c0000000-c4e00000 rw-p 00000000 00:00 0 
c8880000-eab00000 ---p 00000000 00:00 0 
eab00000-100000000 rw-p 00000000 00:00 0 
100000000-1000c0000 rw-p 00000000 00:00 0 
1000c0000-140000000 ---p 00000000 00:00 0 
7f7da4000000-7f7da4033000 rw-p 00000000 00:00 0 
7f7da4033000-7f7da8000000 ---p 00000000 00:00 0 
7f7dac000000-7f7dac028000 rw-p 00000000 00:00 0 
7f7dac028000-7f7db0000000 ---p 00000000 00:00 0 
7f7db4000000-7f7db4021000 rw-p 00000000 00:00 0 
7f7db4021000-7f7db8000000 ---p 00000000 00:00 0 
7f7db8000000-7f7db803f000 rw-p 00000000 00:00 0 
7f7db803f000-7f7dbc000000 ---p 00000000 00:00 0 
7f7dbc000000-7f7dbc021000 rw-p 00000000 00:00 0 
7f7dbc021000-7f7dc0000000 ---p 00000000 00:00 0 
7f7dc0000000-7f7dc0038000 rw-p 00000000 00:00 0 
7f7dc0038000-7f7dc4000000 ---p 00000000 00:00 0 
7f7dc4000000-7f7dc4a4d000 rw-p 00000000 00:00 0 
7f7dc4a4d000-7f7dc8000000 ---p 00000000 00:00 0 
7f7dc8000000-7f7dc8021000 rw-p 00000000 00:00 0 
7f7dc8021000-7f7dcc000000 ---p 00000000 00:00 0 
7f7dcc000000-7f7dcd2f1000 rw-p 00000000 00:00 0 
7f7dcd2f1000-7f7dd0000000 ---p 00000000 00:00 0 
7f7dd0000000-7f7dd11d4000 rw-p 00000000 00:00 0 
7f7dd11d4000-7f7dd4000000 ---p 00000000 00:00 0 
7f7dd4000000-7f7dd4021000 rw-p 00000000 00:00 0 
7f7dd4021000-7f7dd8000000 ---p 00000000 00:00 0 
7f7dd8000000-7f7dd8021000 rw-p 00000000 00:00 0 
7f7dd8021000-7f7ddc000000 ---p 00000000 00:00 0 
7f7ddc000000-7f7ddc2ce000 rw-p 00000000 00:00 0 
7f7ddc2ce000-7f7de0000000 ---p 00000000 00:00 0 
7f7de0000000-7f7de0021000 rw-p 00000000 00:00 0 
7f7de0021000-7f7de4000000 ---p 00000000 00:00 0 
7f7de4000000-7f7de4021000 rw-p 00000000 00:00 0 
7f7de4021000-7f7de8000000 ---p 00000000 00:00 0 
7f7de8000000-7f7de8021000 rw-p 00000000 00:00 0 
7f7de8021000-7f7dec000000 ---p 00000000 00:00 0 
7f7dec000000-7f7dec021000 rw-p 00000000 00:00 0 
7f7dec021000-7f7df0000000 ---p 00000000 00:00 0 
7f7df2466000-7f7df248d000 r--p 00000000 08:06 133211                     /usr/share/locale/ko/LC_MESSAGES/libc.mo
7f7df248d000-7f7df2490000 ---p 00000000 00:00 0 
7f7df2490000-7f7df258e000 rw-p 00000000 00:00 0                          [stack:10216]
7f7df258e000-7f7df2591000 ---p 00000000 00:00 0 
7f7df2591000-7f7df268f000 rw-p 00000000 00:00 0                          [stack:10215]
7f7df268f000-7f7df2692000 ---p 00000000 00:00 0 
7f7df2692000-7f7df2790000 rw-p 00000000 00:00 0                          [stack:10214]
7f7df2790000-7f7df2793000 ---p 00000000 00:00 0 
7f7df2793000-7f7df2891000 rw-p 00000000 00:00 0                          [stack:10213]
7f7df2891000-7f7df2894000 ---p 00000000 00:00 0 
7f7df2894000-7f7df2992000 rw-p 00000000 00:00 0                          [stack:10212]
7f7df2992000-7f7df2993000 ---p 00000000 00:00 0 
7f7df2993000-7f7df2a93000 rw-p 00000000 00:00 0                          [stack:10211]
7f7df2a93000-7f7df2a96000 ---p 00000000 00:00 0 
7f7df2a96000-7f7df2b94000 rw-p 00000000 00:00 0                          [stack:10210]
7f7df2b94000-7f7df2b97000 ---p 00000000 00:00 0 
7f7df2b97000-7f7df2c95000 rw-p 00000000 00:00 0                          [stack:10209]
7f7df2c95000-7f7df2c98000 ---p 00000000 00:00 0 
7f7df2c98000-7f7df2d96000 rw-p 00000000 00:00 0                          [stack:10208]
7f7df2d96000-7f7df2d99000 ---p 00000000 00:00 0 
7f7df2d99000-7f7df2e97000 rw-p 00000000 00:00 0                          [stack:10207]
7f7df2e97000-7f7df2e9a000 ---p 00000000 00:00 0 
7f7df2e9a000-7f7df2f98000 rw-p 00000000 00:00 0                          [stack:10206]
7f7df2f98000-7f7df30f1000 r--p 00000000 08:06 178958                     /usr/lib/locale/locale-archive
7f7df30f1000-7f7df30f4000 ---p 00000000 00:00 0 
7f7df30f4000-7f7df31f2000 rw-p 00000000 00:00 0                          [stack:10205]
7f7df31f2000-7f7df31f5000 ---p 00000000 00:00 0 
7f7df31f5000-7f7df32f3000 rw-p 00000000 00:00 0                          [stack:10204]
7f7df32f3000-7f7df32f4000 ---p 00000000 00:00 0 
7f7df32f4000-7f7df4000000 rw-p 00000000 00:00 0                          [stack:10203]
7f7df4000000-7f7df4021000 rw-p 00000000 00:00 0 
7f7df4021000-7f7df8000000 ---p 00000000 00:00 0 
7f7df800f000-7f7df8073000 r--s 004e1000 08:06 13239872                   /home/youngbin/shipped-android/app/build/intermediates/transforms/jarMerging/debug/jars/1/1f/combined.jar
7f7df8073000-7f7df8428000 rw-p 00000000 00:00 0 
7f7df8428000-7f7df8600000 r--s 03d1d000 08:06 399675                     /usr/lib/jvm/java-8-jdk/jre/lib/rt.jar
7f7df8600000-7f7df8cc0000 rw-p 00000000 00:00 0 
7f7df8cc0000-7f7df8e00000 ---p 00000000 00:00 0 
7f7df8e00000-7f7df9000000 rw-p 00000000 00:00 0 
7f7df9000000-7f7df9920000 rwxp 00000000 00:00 0 
7f7df9920000-7f7e08000000 ---p 00000000 00:00 0 
7f7e08000000-7f7e083db000 rw-p 00000000 00:00 0 
7f7e083db000-7f7e0c000000 ---p 00000000 00:00 0 
7f7e0c01a000-7f7e0e090000 rw-p 00000000 00:00 0 
7f7e0e090000-7f7e0e091000 ---p 00000000 00:00 0 
7f7e0e091000-7f7e0e191000 rw-p 00000000 00:00 0                          [stack:10202]
7f7e0e191000-7f7e0e192000 ---p 00000000 00:00 0 
7f7e0e192000-7f7e0e292000 rw-p 00000000 00:00 0                          [stack:10201]
7f7e0e292000-7f7e0e293000 ---p 00000000 00:00 0 
7f7e0e293000-7f7e0e393000 rw-p 00000000 00:00 0                          [stack:10200]
7f7e0e393000-7f7e0e394000 ---p 00000000 00:00 0 
7f7e0e394000-7f7e0e4bb000 rw-p 00000000 00:00 0                          [stack:10199]
7f7e0e4bb000-7f7e0e5ea000 ---p 00000000 00:00 0 
7f7e0e5ea000-7f7e0e611000 rw-p 00000000 00:00 0 
7f7e0e611000-7f7e0e73f000 ---p 00000000 00:00 0 
7f7e0e73f000-7f7e0e7ea000 rw-p 00000000 00:00 0 
7f7e0e7ea000-7f7e0e810000 rw-p 00000000 00:00 0 
7f7e0e810000-7f7e0ebab000 ---p 00000000 00:00 0 
7f7e0ebab000-7f7e0ebc5000 r-xp 00000000 08:06 399762                     /usr/lib/jvm/java-8-jdk/jre/lib/amd64/libzip.so
7f7e0ebc5000-7f7e0edc5000 ---p 0001a000 08:06 399762                     /usr/lib/jvm/java-8-jdk/jre/lib/amd64/libzip.so
7f7e0edc5000-7f7e0edc6000 rw-p 0001a000 08:06 399762                     /usr/lib/jvm/java-8-jdk/jre/lib/amd64/libzip.so
7f7e0edc6000-7f7e0edd1000 r-xp 00000000 08:06 134352                     /usr/lib/libnss_files-2.23.so
7f7e0edd1000-7f7e0efd0000 ---p 0000b000 08:06 134352                     /usr/lib/libnss_files-2.23.so
7f7e0efd0000-7f7e0efd1000 r--p 0000a000 08:06 134352                     /usr/lib/libnss_files-2.23.so
7f7e0efd1000-7f7e0efd2000 rw-p 0000b000 08:06 134352                     /usr/lib/libnss_files-2.23.so
7f7e0efd2000-7f7e0efd8000 rw-p 00000000 00:00 0 
7f7e0efd8000-7f7e0f002000 r-xp 00000000 08:06 399738                     /usr/lib/jvm/java-8-jdk/jre/lib/amd64/libjava.so
7f7e0f002000-7f7e0f202000 ---p 0002a000 08:06 399738                     /usr/lib/jvm/java-8-jdk/jre/lib/amd64/libjava.so
7f7e0f202000-7f7e0f204000 rw-p 0002a000 08:06 399738                     /usr/lib/jvm/java-8-jdk/jre/lib/amd64/libjava.so
7f7e0f204000-7f7e0f211000 r-xp 00000000 08:06 399781                     /usr/lib/jvm/java-8-jdk/jre/lib/amd64/libverify.so
7f7e0f211000-7f7e0f411000 ---p 0000d000 08:06 399781                     /usr/lib/jvm/java-8-jdk/jre/lib/amd64/libverify.so
7f7e0f411000-7f7e0f413000 rw-p 0000d000 08:06 399781                     /usr/lib/jvm/java-8-jdk/jre/lib/amd64/libverify.so
7f7e0f413000-7f7e0f41a000 r-xp 00000000 08:06 134360                     /usr/lib/librt-2.23.so
7f7e0f41a000-7f7e0f619000 ---p 00007000 08:06 134360                     /usr/lib/librt-2.23.so
7f7e0f619000-7f7e0f61a000 r--p 00006000 08:06 134360                     /usr/lib/librt-2.23.so
7f7e0f61a000-7f7e0f61b000 rw-p 00007000 08:06 134360                     /usr/lib/librt-2.23.so
7f7e0f61b000-7f7e0f71e000 r-xp 00000000 08:06 134357                     /usr/lib/libm-2.23.so
7f7e0f71e000-7f7e0f91e000 ---p 00103000 08:06 134357                     /usr/lib/libm-2.23.so
7f7e0f91e000-7f7e0f91f000 r--p 00103000 08:06 134357                     /usr/lib/libm-2.23.so
7f7e0f91f000-7f7e0f920000 rw-p 00104000 08:06 134357                     /usr/lib/libm-2.23.so
7f7e0f920000-7f7e105df000 r-xp 00000000 08:06 528419                     /usr/lib/jvm/java-8-jdk/jre/lib/amd64/server/libjvm.so
7f7e105df000-7f7e107de000 ---p 00cbf000 08:06 528419                     /usr/lib/jvm/java-8-jdk/jre/lib/amd64/server/libjvm.so
7f7e107de000-7f7e108b7000 rw-p 00cbe000 08:06 528419                     /usr/lib/jvm/java-8-jdk/jre/lib/amd64/server/libjvm.so
7f7e108b7000-7f7e10900000 rw-p 00000000 00:00 0 
7f7e10900000-7f7e10a98000 r-xp 00000000 08:06 134281                     /usr/lib/libc-2.23.so
7f7e10a98000-7f7e10c97000 ---p 00198000 08:06 134281                     /usr/lib/libc-2.23.so
7f7e10c97000-7f7e10c9b000 r--p 00197000 08:06 134281                     /usr/lib/libc-2.23.so
7f7e10c9b000-7f7e10c9d000 rw-p 0019b000 08:06 134281                     /usr/lib/libc-2.23.so
7f7e10c9d000-7f7e10ca1000 rw-p 00000000 00:00 0 
7f7e10ca1000-7f7e10ca3000 r-xp 00000000 08:06 134356                     /usr/lib/libdl-2.23.so
7f7e10ca3000-7f7e10ea3000 ---p 00002000 08:06 134356                     /usr/lib/libdl-2.23.so
7f7e10ea3000-7f7e10ea4000 r--p 00002000 08:06 134356                     /usr/lib/libdl-2.23.so
7f7e10ea4000-7f7e10ea5000 rw-p 00003000 08:06 134356                     /usr/lib/libdl-2.23.so
7f7e10ea5000-7f7e10eba000 r-xp 00000000 08:06 528417                     /usr/lib/jvm/java-8-jdk/jre/lib/amd64/jli/libjli.so
7f7e10eba000-7f7e110ba000 ---p 00015000 08:06 528417                     /usr/lib/jvm/java-8-jdk/jre/lib/amd64/jli/libjli.so
7f7e110ba000-7f7e110bb000 rw-p 00015000 08:06 528417                     /usr/lib/jvm/java-8-jdk/jre/lib/amd64/jli/libjli.so
7f7e110bb000-7f7e110d3000 r-xp 00000000 08:06 134256                     /usr/lib/libpthread-2.23.so
7f7e110d3000-7f7e112d2000 ---p 00018000 08:06 134256                     /usr/lib/libpthread-2.23.so
7f7e112d2000-7f7e112d3000 r--p 00017000 08:06 134256                     /usr/lib/libpthread-2.23.so
7f7e112d3000-7f7e112d4000 rw-p 00018000 08:06 134256                     /usr/lib/libpthread-2.23.so
7f7e112d4000-7f7e112d8000 rw-p 00000000 00:00 0 
7f7e112d8000-7f7e112fb000 r-xp 00000000 08:06 134280                     /usr/lib/ld-2.23.so
7f7e11302000-7f7e113c7000 rw-p 00000000 00:00 0 
7f7e113c7000-7f7e113ca000 ---p 00000000 00:00 0 
7f7e113ca000-7f7e114cc000 rw-p 00000000 00:00 0                          [stack:10198]
7f7e114cd000-7f7e114dc000 r--s 000df000 08:06 13763614                   /home/youngbin/Android/Sdk/build-tools/23.0.2/lib/dx.jar
7f7e114dc000-7f7e114f0000 rw-p 00000000 00:00 0 
7f7e114f0000-7f7e114f8000 rw-s 00000000 00:22 560290                     /tmp/hsperfdata_youngbin/10193
7f7e114f8000-7f7e114f9000 rw-p 00000000 00:00 0 
7f7e114f9000-7f7e114fa000 ---p 00000000 00:00 0 
7f7e114fa000-7f7e114fb000 rw-p 00000000 00:00 0 
7f7e114fb000-7f7e114fc000 r--p 00023000 08:06 134280                     /usr/lib/ld-2.23.so
7f7e114fc000-7f7e114fd000 rw-p 00024000 08:06 134280                     /usr/lib/ld-2.23.so
7f7e114fd000-7f7e114fe000 rw-p 00000000 00:00 0 
7ffc4ad6d000-7ffc4ad8e000 rw-p 00000000 00:00 0                          [stack]
7ffc4add2000-7ffc4add4000 r--p 00000000 00:00 0                          [vvar]
7ffc4add4000-7ffc4add6000 r-xp 00000000 00:00 0                          [vdso]
ffffffffff600000-ffffffffff601000 r-xp 00000000 00:00 0                  [vsyscall]

VM Arguments:
jvm_args: -Djava.awt.headless=true -Xmx1024M -Dfile.encoding=UTF-8 -Duser.country=KR -Duser.language=ko -Duser.variant 
java_command: com.android.dx.command.Main --dex --num-threads=4 --multi-dex --main-dex-list /home/youngbin/shipped-android/app/build/intermediates/multi-dex/debug/maindexlist.txt --output /home/youngbin/shipped-android/app/build/intermediates/transforms/dex/debug/folders/1000/1f/main /home/youngbin/shipped-android/app/build/intermediates/transforms/jarMerging/debug/jars/1/1f/combined.jar
java_class_path (initial): /home/youngbin/Android/Sdk/build-tools/23.0.2/lib/dx.jar
Launcher Type: SUN_STANDARD

Environment Variables:
PATH=/usr/local/sbin:/usr/local/bin:/usr/bin:/usr/lib/jvm/default/bin:/usr/bin/site_perl:/usr/bin/vendor_perl:/usr/bin/core_perl
USERNAME=youngbin
LD_LIBRARY_PATH=/home/youngbin/android-studio/bin:
SHELL=/usr/bin/fish
DISPLAY=:1

Signal Handlers:
SIGSEGV: [libjvm.so+0xabb070], sa_mask[0]=11111111011111111101111111111110, sa_flags=SA_RESTART|SA_SIGINFO
SIGBUS: [libjvm.so+0xabb070], sa_mask[0]=11111111011111111101111111111110, sa_flags=SA_RESTART|SA_SIGINFO
SIGFPE: [libjvm.so+0x918480], sa_mask[0]=11111111011111111101111111111110, sa_flags=SA_RESTART|SA_SIGINFO
SIGPIPE: [libjvm.so+0x918480], sa_mask[0]=11111111011111111101111111111110, sa_flags=SA_RESTART|SA_SIGINFO
SIGXFSZ: [libjvm.so+0x918480], sa_mask[0]=11111111011111111101111111111110, sa_flags=SA_RESTART|SA_SIGINFO
SIGILL: [libjvm.so+0x918480], sa_mask[0]=11111111011111111101111111111110, sa_flags=SA_RESTART|SA_SIGINFO
SIGUSR1: SIG_DFL, sa_mask[0]=00000000000000000000000000000000, sa_flags=none
SIGUSR2: [libjvm.so+0x919ab0], sa_mask[0]=00100000000000000000000000000000, sa_flags=SA_RESTART|SA_SIGINFO
SIGHUP: [libjvm.so+0x91aeb0], sa_mask[0]=11111111011111111101111111111110, sa_flags=SA_RESTART|SA_SIGINFO
SIGINT: [libjvm.so+0x91aeb0], sa_mask[0]=11111111011111111101111111111110, sa_flags=SA_RESTART|SA_SIGINFO
SIGTERM: [libjvm.so+0x91aeb0], sa_mask[0]=11111111011111111101111111111110, sa_flags=SA_RESTART|SA_SIGINFO
SIGQUIT: [libjvm.so+0x91aeb0], sa_mask[0]=11111111011111111101111111111110, sa_flags=SA_RESTART|SA_SIGINFO


---------------  S Y S T E M  ---------------

OS:NAME="Antergos Linux"
VERSION="2015.12-ISO-Rolling"
ID="antergos"
ID_LIKE="arch"
PRETTY_NAME="Antergos Linux"
CPE_NAME="cpe:/o:antergosproject:antergos:2015.12"
ANSI_COLOR="1;34;40"
HOME_URL="https://antergos.com/"
SUPPORT_URL="https://forum.antergos.com/"
BUG_REPORT_URL="https://github.com/antergos"


uname:Linux 4.4.1-2-ARCH #1 SMP PREEMPT Wed Feb 3 13:12:33 UTC 2016 x86_64
libc:glibc 2.23 NPTL 2.23 
rlimit: STACK 8192k, CORE infinity, NPROC 14900, NOFILE 4096, AS infinity
load average:1.50 0.54 1.53

/proc/meminfo:
MemTotal:        4007080 kB
MemFree:           26556 kB
MemAvailable:      54324 kB
Buffers:             464 kB
Cached:           328472 kB
SwapCached:            0 kB
Active:          3740344 kB
Inactive:          27496 kB
Active(anon):    3726316 kB
Inactive(anon):    13636 kB
Active(file):      14028 kB
Inactive(file):    13860 kB
Unevictable:          88 kB
Mlocked:        34359738456 kB
SwapTotal:             0 kB
SwapFree:              0 kB
Dirty:               928 kB
Writeback:             0 kB
AnonPages:       3439140 kB
Mapped:            34828 kB
Shmem:            300864 kB
Slab:              65548 kB
SReclaimable:      29460 kB
SUnreclaim:        36088 kB
KernelStack:       10128 kB
PageTables:        44224 kB
NFS_Unstable:          0 kB
Bounce:                0 kB
WritebackTmp:          0 kB
CommitLimit:     2003540 kB
Committed_AS:    7704848 kB
VmallocTotal:   34359738367 kB
VmallocUsed:           0 kB
VmallocChunk:          0 kB
HardwareCorrupted:     0 kB
AnonHugePages:   1587200 kB
HugePages_Total:       0
HugePages_Free:        0
HugePages_Rsvd:        0
HugePages_Surp:        0
Hugepagesize:       2048 kB
DirectMap4k:      137616 kB
DirectMap2M:     4012032 kB


CPU:total 4 (2 cores per cpu, 2 threads per core) family 6 model 42 stepping 7, cmov, cx8, fxsr, mmx, sse, sse2, sse3, ssse3, sse4.1, sse4.2, popcnt, avx, clmul, ht, tsc, tscinvbit

/proc/cpuinfo:
processor	: 0
vendor_id	: GenuineIntel
cpu family	: 6
model		: 42
model name	: Intel(R) Core(TM) i3-2120 CPU @ 3.30GHz
stepping	: 7
microcode	: 0x26
cpu MHz		: 2288.730
cache size	: 3072 KB
physical id	: 0
siblings	: 4
core id		: 0
cpu cores	: 2
apicid		: 0
initial apicid	: 0
fpu		: yes
fpu_exception	: yes
cpuid level	: 13
wp		: yes
flags		: fpu vme de pse tsc msr pae mce cx8 apic sep mtrr pge mca cmov pat pse36 clflush dts acpi mmx fxsr sse sse2 ss ht tm pbe syscall nx rdtscp lm constant_tsc arch_perfmon pebs bts rep_good nopl xtopology nonstop_tsc aperfmperf eagerfpu pni pclmulqdq dtes64 monitor ds_cpl vmx est tm2 ssse3 cx16 xtpr pdcm pcid sse4_1 sse4_2 popcnt tsc_deadline_timer xsave avx lahf_lm arat epb pln pts dtherm tpr_shadow vnmi flexpriority ept vpid xsaveopt
bugs		:
bogomips	: 6602.97
clflush size	: 64
cache_alignment	: 64
address sizes	: 36 bits physical, 48 bits virtual
power management:

processor	: 1
vendor_id	: GenuineIntel
cpu family	: 6
model		: 42
model name	: Intel(R) Core(TM) i3-2120 CPU @ 3.30GHz
stepping	: 7
microcode	: 0x26
cpu MHz		: 2516.378
cache size	: 3072 KB
physical id	: 0
siblings	: 4
core id		: 1
cpu cores	: 2
apicid		: 2
initial apicid	: 2
fpu		: yes
fpu_exception	: yes
cpuid level	: 13
wp		: yes
flags		: fpu vme de pse tsc msr pae mce cx8 apic sep mtrr pge mca cmov pat pse36 clflush dts acpi mmx fxsr sse sse2 ss ht tm pbe syscall nx rdtscp lm constant_tsc arch_perfmon pebs bts rep_good nopl xtopology nonstop_tsc aperfmperf eagerfpu pni pclmulqdq dtes64 monitor ds_cpl vmx est tm2 ssse3 cx16 xtpr pdcm pcid sse4_1 sse4_2 popcnt tsc_deadline_timer xsave avx lahf_lm arat epb pln pts dtherm tpr_shadow vnmi flexpriority ept vpid xsaveopt
bugs		:
bogomips	: 6602.97
clflush size	: 64
cache_alignment	: 64
address sizes	: 36 bits physical, 48 bits virtual
power management:

processor	: 2
vendor_id	: GenuineIntel
cpu family	: 6
model		: 42
model name	: Intel(R) Core(TM) i3-2120 CPU @ 3.30GHz
stepping	: 7
microcode	: 0x26
cpu MHz		: 2689.886
cache size	: 3072 KB
physical id	: 0
siblings	: 4
core id		: 0
cpu cores	: 2
apicid		: 1
initial apicid	: 1
fpu		: yes
fpu_exception	: yes
cpuid level	: 13
wp		: yes
flags		: fpu vme de pse tsc msr pae mce cx8 apic sep mtrr pge mca cmov pat pse36 clflush dts acpi mmx fxsr sse sse2 ss ht tm pbe syscall nx rdtscp lm constant_tsc arch_perfmon pebs bts rep_good nopl xtopology nonstop_tsc aperfmperf eagerfpu pni pclmulqdq dtes64 monitor ds_cpl vmx est tm2 ssse3 cx16 xtpr pdcm pcid sse4_1 sse4_2 popcnt tsc_deadline_timer xsave avx lahf_lm arat epb pln pts dtherm tpr_shadow vnmi flexpriority ept vpid xsaveopt
bugs		:
bogomips	: 6602.97
clflush size	: 64
cache_alignment	: 64
address sizes	: 36 bits physical, 48 bits virtual
power management:

processor	: 3
vendor_id	: GenuineIntel
cpu family	: 6
model		: 42
model name	: Intel(R) Core(TM) i3-2120 CPU @ 3.30GHz
stepping	: 7
microcode	: 0x26
cpu MHz		: 2512.382
cache size	: 3072 KB
physical id	: 0
siblings	: 4
core id		: 1
cpu cores	: 2
apicid		: 3
initial apicid	: 3
fpu		: yes
fpu_exception	: yes
cpuid level	: 13
wp		: yes
flags		: fpu vme de pse tsc msr pae mce cx8 apic sep mtrr pge mca cmov pat pse36 clflush dts acpi mmx fxsr sse sse2 ss ht tm pbe syscall nx rdtscp lm constant_tsc arch_perfmon pebs bts rep_good nopl xtopology nonstop_tsc aperfmperf eagerfpu pni pclmulqdq dtes64 monitor ds_cpl vmx est tm2 ssse3 cx16 xtpr pdcm pcid sse4_1 sse4_2 popcnt tsc_deadline_timer xsave avx lahf_lm arat epb pln pts dtherm tpr_shadow vnmi flexpriority ept vpid xsaveopt
bugs		:
bogomips	: 6602.97
clflush size	: 64
cache_alignment	: 64
address sizes	: 36 bits physical, 48 bits virtual
power management:



Memory: 4k page, physical 4007080k(26556k free), swap 0k(0k free)

vm_info: Java HotSpot(TM) 64-Bit Server VM (25.74-b02) for linux-amd64 JRE (1.8.0_74-b02), built on Jan 29 2016 19:20:56 by "java_re" with gcc 4.3.0 20080428 (Red Hat 4.3.0-8)

time: Wed Mar  2 11:32:11 2016
elapsed time: 5 seconds (0d 0h 0m 5s)

