#
# There is insufficient memory for the Java Runtime Environment to continue.
# Native memory allocation (mmap) failed to map 116391936 bytes for committing reserved memory.
# Possible reasons:
#   The system is out of physical RAM or swap space
#   In 32 bit mode, the process size limit was hit
# Possible solutions:
#   Reduce memory load on the system
#   Increase physical memory or swap space
#   Check if swap backing store is full
#   Use 64 bit Java on a 64 bit OS
#   Decrease Java heap size (-Xmx/-Xms)
#   Decrease number of Java threads
#   Decrease Java thread stack sizes (-Xss)
#   Set larger code cache with -XX:ReservedCodeCacheSize=
# This output file may be truncated or incomplete.
#
#  Out of Memory Error (os_linux.cpp:2627), pid=2956, tid=139773016930048
#
# JRE version: Java(TM) SE Runtime Environment (8.0_72-b15) (build 1.8.0_72-b15)
# Java VM: Java HotSpot(TM) 64-Bit Server VM (25.72-b15 mixed mode linux-amd64 compressed oops)
# Core dump written. Default location: /home/youngbin/shipped-android/app/core or core.2956
#

---------------  T H R E A D  ---------------

Current thread (0x00007f1f90076800):  VMThread [stack: 0x00007f1f70f5f000,0x00007f1f71060000] [id=2966]

Stack: [0x00007f1f70f5f000,0x00007f1f71060000],  sp=0x00007f1f7105e3a0,  free space=1020k
Native frames: (J=compiled Java code, j=interpreted, Vv=VM code, C=native code)
V  [libjvm.so+0xaba7ea]  VMError::report_and_die()+0x2ba
V  [libjvm.so+0x4f9e3b]  report_vm_out_of_memory(char const*, int, unsigned long, VMErrorType, char const*)+0x8b
V  [libjvm.so+0x91b613]  os::Linux::commit_memory_impl(char*, unsigned long, bool)+0x103
V  [libjvm.so+0x91bb69]  os::pd_commit_memory(char*, unsigned long, unsigned long, bool)+0x29
V  [libjvm.so+0x915e6a]  os::commit_memory(char*, unsigned long, unsigned long, bool)+0x2a
V  [libjvm.so+0x989543]  PSVirtualSpace::expand_by(unsigned long)+0x53
V  [libjvm.so+0x979e30]  PSOldGen::expand(unsigned long)+0x170
V  [libjvm.so+0x97a03b]  PSOldGen::resize(unsigned long)+0x1cb
V  [libjvm.so+0x981d11]  PSParallelCompact::invoke_no_policy(bool)+0x991
V  [libjvm.so+0x98766d]  PSScavenge::invoke()+0x1ad
V  [libjvm.so+0x93f300]  ParallelScavengeHeap::failed_mem_allocate(unsigned long)+0x70
V  [libjvm.so+0xabc207]  VM_ParallelGCFailedAllocation::doit()+0x97
V  [libjvm.so+0xac3c35]  VM_Operation::evaluate()+0x55
V  [libjvm.so+0xac200a]  VMThread::evaluate_operation(VM_Operation*)+0xba
V  [libjvm.so+0xac238e]  VMThread::loop()+0x1ce
V  [libjvm.so+0xac2800]  VMThread::run()+0x70
V  [libjvm.so+0x91d9d8]  java_start(Thread*)+0x108

VM_Operation (0x00007f1f70597f30): ParallelGCFailedAllocation, mode: safepoint, requested by thread 0x00007f1f901c8800


---------------  P R O C E S S  ---------------

Java Threads: ( => current thread )
  0x00007f1f901cf000 JavaThread "pool-2-thread-4" [_thread_blocked, id=2979, stack(0x00007f1f70095000,0x00007f1f70196000)]
  0x00007f1f901cd800 JavaThread "pool-2-thread-3" [_thread_blocked, id=2978, stack(0x00007f1f70196000,0x00007f1f70297000)]
  0x00007f1f901cb800 JavaThread "pool-2-thread-2" [_thread_blocked, id=2977, stack(0x00007f1f70297000,0x00007f1f70398000)]
  0x00007f1f901ca000 JavaThread "pool-3-thread-1" [_thread_blocked, id=2976, stack(0x00007f1f70398000,0x00007f1f70499000)]
  0x00007f1f901c8800 JavaThread "pool-2-thread-1" [_thread_blocked, id=2975, stack(0x00007f1f70499000,0x00007f1f7059a000)]
  0x00007f1f900bf000 JavaThread "Service Thread" daemon [_thread_blocked, id=2973, stack(0x00007f1f706ff000,0x00007f1f70800000)]
  0x00007f1f900bb800 JavaThread "C1 CompilerThread2" daemon [_thread_blocked, id=2972, stack(0x00007f1f70800000,0x00007f1f70901000)]
  0x00007f1f900ba000 JavaThread "C2 CompilerThread1" daemon [_thread_in_native, id=2971, stack(0x00007f1f70901000,0x00007f1f70a02000)]
  0x00007f1f900b7000 JavaThread "C2 CompilerThread0" daemon [_thread_blocked, id=2970, stack(0x00007f1f70a02000,0x00007f1f70b03000)]
  0x00007f1f900b5800 JavaThread "Signal Dispatcher" daemon [_thread_blocked, id=2969, stack(0x00007f1f70b03000,0x00007f1f70c04000)]
  0x00007f1f90082800 JavaThread "Finalizer" daemon [_thread_blocked, id=2968, stack(0x00007f1f70d5d000,0x00007f1f70e5e000)]
  0x00007f1f9007e000 JavaThread "Reference Handler" daemon [_thread_blocked, id=2967, stack(0x00007f1f70e5e000,0x00007f1f70f5f000)]
  0x00007f1f90008800 JavaThread "main" [_thread_blocked, id=2958, stack(0x00007f1f96fc1000,0x00007f1f970c2000)]

Other Threads:
=>0x00007f1f90076800 VMThread [stack: 0x00007f1f70f5f000,0x00007f1f71060000] [id=2966]
  0x00007f1f900c1800 WatcherThread [stack: 0x00007f1f705fe000,0x00007f1f706ff000] [id=2974]

VM state:at safepoint (normal execution)

VM Mutex/Monitor currently owned by a thread:  ([mutex/lock_event])
[0x00007f1f90005e80] ExpandHeap_lock - owner thread: 0x00007f1f90076800
[0x00007f1f90006500] Threads_lock - owner thread: 0x00007f1f90076800
[0x00007f1f90006a00] Heap_lock - owner thread: 0x00007f1f901c8800

Heap:
 PSYoungGen      total 268288K, used 24706K [0x00000000eab00000, 0x0000000100000000, 0x0000000100000000)
  eden space 207872K, 0% used [0x00000000eab00000,0x00000000eab00000,0x00000000f7600000)
  from space 60416K, 40% used [0x00000000fc500000,0x00000000fdd20908,0x0000000100000000)
  to   space 70656K, 0% used [0x00000000f7600000,0x00000000f7600000,0x00000000fbb00000)
 ParOldGen       total 214528K, used 214344K [0x00000000c0000000, 0x00000000cd180000, 0x00000000eab00000)
  object space 214528K, 99% used [0x00000000c0000000,0x00000000cd152140,0x00000000cd180000)
 Metaspace       used 6583K, capacity 7320K, committed 7680K, reserved 1056768K
  class space    used 615K, capacity 656K, committed 768K, reserved 1048576K

Card table byte_map: [0x00007f1f941e3000,0x00007f1f943e4000] byte_map_base: 0x00007f1f93be3000

Marking Bits: (ParMarkBitMap*) 0x00007f1f964ce100
 Begin Bits: [0x00007f1f72000000, 0x00007f1f73000000)
 End Bits:   [0x00007f1f73000000, 0x00007f1f74000000)

Polling page: 0x00007f1f970f2000

CodeCache: size=245760Kb used=11033Kb max_used=11055Kb free=234726Kb
 bounds [0x00007f1f81000000, 0x00007f1f81ae0000, 0x00007f1f90000000]
 total_blobs=2704 nmethods=2435 adapters=182
 compilation: enabled

Compilation events (10 events):
Event: 11.364 Thread 0x00007f1f900bb800 2626       2       com.android.dx.dex.code.SwitchData::shouldPack (50 bytes)
Event: 11.365 Thread 0x00007f1f900bb800 nmethod 2626 0x00007f1f81abd9d0 code [0x00007f1f81abdb40, 0x00007f1f81abdd68]
Event: 11.371 Thread 0x00007f1f900bb800 2627       2       com.android.dx.rop.code.RegisterSpec$ForComparison::equals (31 bytes)
Event: 11.371 Thread 0x00007f1f900bb800 nmethod 2627 0x00007f1f81abde50 code [0x00007f1f81abdfc0, 0x00007f1f81abe1c8]
Event: 11.413 Thread 0x00007f1f900b7000 nmethod 2608 0x00007f1f81ac5990 code [0x00007f1f81ac6040, 0x00007f1f81aca880]
Event: 11.413 Thread 0x00007f1f900b7000 2607       4       com.android.dx.ssa.back.FirstFitLocalCombiningAllocator::handleUnassociatedParameters (60 bytes)
Event: 11.440 Thread 0x00007f1f900bb800 2629       3       java.util.TreeMap$EntrySet::iterator (19 bytes)
Event: 11.441 Thread 0x00007f1f900bb800 nmethod 2629 0x00007f1f81ac5090 code [0x00007f1f81ac5220, 0x00007f1f81ac5730]
Event: 11.461 Thread 0x00007f1f900bb800 2631       2       com.android.dx.cf.code.BytecodeArray::parseTableswitch (205 bytes)
Event: 11.462 Thread 0x00007f1f900bb800 nmethod 2631 0x00007f1f81ac3b10 code [0x00007f1f81ac3d60, 0x00007f1f81ac45b8]

GC Heap History (10 events):
Event: 8.144 GC heap after
Heap after GC invocations=13 (full 2):
 PSYoungGen      total 288768K, used 26914K [0x00000000eab00000, 0x0000000100000000, 0x0000000100000000)
  eden space 228352K, 0% used [0x00000000eab00000,0x00000000eab00000,0x00000000f8a00000)
  from space 60416K, 44% used [0x00000000f8a00000,0x00000000fa448980,0x00000000fc500000)
  to   space 58880K, 0% used [0x00000000fc680000,0x00000000fc680000,0x0000000100000000)
 ParOldGen       total 134656K, used 118595K [0x00000000c0000000, 0x00000000c8380000, 0x00000000eab00000)
  object space 134656K, 88% used [0x00000000c0000000,0x00000000c73d0e90,0x00000000c8380000)
 Metaspace       used 6545K, capacity 7320K, committed 7680K, reserved 1056768K
  class space    used 615K, capacity 656K, committed 768K, reserved 1048576K
}
Event: 8.144 GC heap before
{Heap before GC invocations=14 (full 3):
 PSYoungGen      total 288768K, used 26914K [0x00000000eab00000, 0x0000000100000000, 0x0000000100000000)
  eden space 228352K, 0% used [0x00000000eab00000,0x00000000eab00000,0x00000000f8a00000)
  from space 60416K, 44% used [0x00000000f8a00000,0x00000000fa448980,0x00000000fc500000)
  to   space 58880K, 0% used [0x00000000fc680000,0x00000000fc680000,0x0000000100000000)
 ParOldGen       total 134656K, used 118595K [0x00000000c0000000, 0x00000000c8380000, 0x00000000eab00000)
  object space 134656K, 88% used [0x00000000c0000000,0x00000000c73d0e90,0x00000000c8380000)
 Metaspace       used 6545K, capacity 7320K, committed 7680K, reserved 1056768K
  class space    used 615K, capacity 656K, committed 768K, reserved 1048576K
Event: 8.830 GC heap after
Heap after GC invocations=14 (full 3):
 PSYoungGen      total 288768K, used 7809K [0x00000000eab00000, 0x0000000100000000, 0x0000000100000000)
  eden space 228352K, 0% used [0x00000000eab00000,0x00000000eab00000,0x00000000f8a00000)
  from space 60416K, 12% used [0x00000000f8a00000,0x00000000f91a07d0,0x00000000fc500000)
  to   space 58880K, 0% used [0x00000000fc680000,0x00000000fc680000,0x0000000100000000)
 ParOldGen       total 214528K, used 134457K [0x00000000c0000000, 0x00000000cd180000, 0x00000000eab00000)
  object space 214528K, 62% used [0x00000000c0000000,0x00000000c834e5d8,0x00000000cd180000)
 Metaspace       used 6545K, capacity 7320K, committed 7680K, reserved 1056768K
  class space    used 615K, capacity 656K, committed 768K, reserved 1048576K
}
Event: 9.734 GC heap before
{Heap before GC invocations=15 (full 3):
 PSYoungGen      total 288768K, used 236161K [0x00000000eab00000, 0x0000000100000000, 0x0000000100000000)
  eden space 228352K, 100% used [0x00000000eab00000,0x00000000f8a00000,0x00000000f8a00000)
  from space 60416K, 12% used [0x00000000f8a00000,0x00000000f91a07d0,0x00000000fc500000)
  to   space 58880K, 0% used [0x00000000fc680000,0x00000000fc680000,0x0000000100000000)
 ParOldGen       total 214528K, used 134457K [0x00000000c0000000, 0x00000000cd180000, 0x00000000eab00000)
  object space 214528K, 62% used [0x00000000c0000000,0x00000000c834e5d8,0x00000000cd180000)
 Metaspace       used 6556K, capacity 7320K, committed 7680K, reserved 1056768K
  class space    used 615K, capacity 656K, committed 768K, reserved 1048576K
Event: 9.870 GC heap after
Heap after GC invocations=15 (full 3):
 PSYoungGen      total 287232K, used 35584K [0x00000000eab00000, 0x0000000100000000, 0x0000000100000000)
  eden space 228352K, 0% used [0x00000000eab00000,0x00000000eab00000,0x00000000f8a00000)
  from space 58880K, 60% used [0x00000000fc680000,0x00000000fe940010,0x0000000100000000)
  to   space 60416K, 0% used [0x00000000f8a00000,0x00000000f8a00000,0x00000000fc500000)
 ParOldGen       total 214528K, used 141382K [0x00000000c0000000, 0x00000000cd180000, 0x00000000eab00000)
  object space 214528K, 65% used [0x00000000c0000000,0x00000000c8a11a48,0x00000000cd180000)
 Metaspace       used 6556K, capacity 7320K, committed 7680K, reserved 1056768K
  class space    used 615K, capacity 656K, committed 768K, reserved 1048576K
}
Event: 10.706 GC heap before
{Heap before GC invocations=16 (full 3):
 PSYoungGen      total 287232K, used 263936K [0x00000000eab00000, 0x0000000100000000, 0x0000000100000000)
  eden space 228352K, 100% used [0x00000000eab00000,0x00000000f8a00000,0x00000000f8a00000)
  from space 58880K, 60% used [0x00000000fc680000,0x00000000fe940010,0x0000000100000000)
  to   space 60416K, 0% used [0x00000000f8a00000,0x00000000f8a00000,0x00000000fc500000)
 ParOldGen       total 214528K, used 141382K [0x00000000c0000000, 0x00000000cd180000, 0x00000000eab00000)
  object space 214528K, 65% used [0x00000000c0000000,0x00000000c8a11a48,0x00000000cd180000)
 Metaspace       used 6568K, capacity 7320K, committed 7680K, reserved 1056768K
  class space    used 615K, capacity 656K, committed 768K, reserved 1048576K
Event: 10.786 GC heap after
Heap after GC invocations=16 (full 3):
 PSYoungGen      total 288768K, used 60408K [0x00000000eab00000, 0x0000000100000000, 0x0000000100000000)
  eden space 228352K, 0% used [0x00000000eab00000,0x00000000eab00000,0x00000000f8a00000)
  from space 60416K, 99% used [0x00000000f8a00000,0x00000000fc4fe300,0x00000000fc500000)
  to   space 60416K, 0% used [0x00000000fc500000,0x00000000fc500000,0x0000000100000000)
 ParOldGen       total 214528K, used 149315K [0x00000000c0000000, 0x00000000cd180000, 0x00000000eab00000)
  object space 214528K, 69% used [0x00000000c0000000,0x00000000c91d0ed8,0x00000000cd180000)
 Metaspace       used 6568K, capacity 7320K, committed 7680K, reserved 1056768K
  class space    used 615K, capacity 656K, committed 768K, reserved 1048576K
}
Event: 11.487 GC heap before
{Heap before GC invocations=17 (full 3):
 PSYoungGen      total 288768K, used 288760K [0x00000000eab00000, 0x0000000100000000, 0x0000000100000000)
  eden space 228352K, 100% used [0x00000000eab00000,0x00000000f8a00000,0x00000000f8a00000)
  from space 60416K, 99% used [0x00000000f8a00000,0x00000000fc4fe300,0x00000000fc500000)
  to   space 60416K, 0% used [0x00000000fc500000,0x00000000fc500000,0x0000000100000000)
 ParOldGen       total 214528K, used 149315K [0x00000000c0000000, 0x00000000cd180000, 0x00000000eab00000)
  object space 214528K, 69% used [0x00000000c0000000,0x00000000c91d0ed8,0x00000000cd180000)
 Metaspace       used 6583K, capacity 7320K, committed 7680K, reserved 1056768K
  class space    used 615K, capacity 656K, committed 768K, reserved 1048576K
Event: 11.665 GC heap after
Heap after GC invocations=17 (full 3):
 PSYoungGen      total 268288K, used 32202K [0x00000000eab00000, 0x0000000100000000, 0x0000000100000000)
  eden space 207872K, 0% used [0x00000000eab00000,0x00000000eab00000,0x00000000f7600000)
  from space 60416K, 53% used [0x00000000fc500000,0x00000000fe472b40,0x0000000100000000)
  to   space 70656K, 0% used [0x00000000f7600000,0x00000000f7600000,0x00000000fbb00000)
 ParOldGen       total 214528K, used 209965K [0x00000000c0000000, 0x00000000cd180000, 0x00000000eab00000)
  object space 214528K, 97% used [0x00000000c0000000,0x00000000ccd0b780,0x00000000cd180000)
 Metaspace       used 6583K, capacity 7320K, committed 7680K, reserved 1056768K
  class space    used 615K, capacity 656K, committed 768K, reserved 1048576K
}
Event: 11.669 GC heap before
{Heap before GC invocations=18 (full 4):
 PSYoungGen      total 268288K, used 32202K [0x00000000eab00000, 0x0000000100000000, 0x0000000100000000)
  eden space 207872K, 0% used [0x00000000eab00000,0x00000000eab00000,0x00000000f7600000)
  from space 60416K, 53% used [0x00000000fc500000,0x00000000fe472b40,0x0000000100000000)
  to   space 70656K, 0% used [0x00000000f7600000,0x00000000f7600000,0x00000000fbb00000)
 ParOldGen       total 214528K, used 209965K [0x00000000c0000000, 0x00000000cd180000, 0x00000000eab00000)
  object space 214528K, 97% used [0x00000000c0000000,0x00000000ccd0b780,0x00000000cd180000)
 Metaspace       used 6583K, capacity 7320K, committed 7680K, reserved 1056768K
  class space    used 615K, capacity 656K, committed 768K, reserved 1048576K

Deoptimization events (10 events):
Event: 5.178 Thread 0x00007f1f901c8800 Uncommon trap: reason=bimorphic action=maybe_recompile pc=0x00007f1f818a6cfc method=com.android.dx.cf.code.BytecodeArray.parseInstruction(ILcom/android/dx/cf/code/BytecodeArray$Visitor;)I @ 1597
Event: 5.197 Thread 0x00007f1f901c8800 Uncommon trap: reason=bimorphic action=maybe_recompile pc=0x00007f1f818a6cfc method=com.android.dx.cf.code.BytecodeArray.parseInstruction(ILcom/android/dx/cf/code/BytecodeArray$Visitor;)I @ 1597
Event: 7.752 Thread 0x00007f1f901c8800 Uncommon trap: reason=bimorphic action=maybe_recompile pc=0x00007f1f81951278 method=com.android.dx.cf.code.BytecodeArray.parseInstruction(ILcom/android/dx/cf/code/BytecodeArray$Visitor;)I @ 1549
Event: 7.753 Thread 0x00007f1f901c8800 Uncommon trap: reason=bimorphic action=maybe_recompile pc=0x00007f1f81951278 method=com.android.dx.cf.code.BytecodeArray.parseInstruction(ILcom/android/dx/cf/code/BytecodeArray$Visitor;)I @ 1549
Event: 9.557 Thread 0x00007f1f901c8800 Uncommon trap: reason=class_check action=maybe_recompile pc=0x00007f1f819ad9ac method=com.android.dx.cf.code.BytecodeArray.parseInstruction(ILcom/android/dx/cf/code/BytecodeArray$Visitor;)I @ 2017
Event: 9.558 Thread 0x00007f1f901c8800 Uncommon trap: reason=class_check action=maybe_recompile pc=0x00007f1f819ad9ac method=com.android.dx.cf.code.BytecodeArray.parseInstruction(ILcom/android/dx/cf/code/BytecodeArray$Visitor;)I @ 2017
Event: 9.558 Thread 0x00007f1f901c8800 Uncommon trap: reason=class_check action=maybe_recompile pc=0x00007f1f819ad9ac method=com.android.dx.cf.code.BytecodeArray.parseInstruction(ILcom/android/dx/cf/code/BytecodeArray$Visitor;)I @ 2017
Event: 9.563 Thread 0x00007f1f901c8800 Uncommon trap: reason=class_check action=maybe_recompile pc=0x00007f1f819ad9ac method=com.android.dx.cf.code.BytecodeArray.parseInstruction(ILcom/android/dx/cf/code/BytecodeArray$Visitor;)I @ 2017
Event: 10.930 Thread 0x00007f1f901cb800 Uncommon trap: reason=unstable_if action=reinterpret pc=0x00007f1f81a97c84 method=java.util.BitSet.nextClearBit(I)I @ 45
Event: 11.370 Thread 0x00007f1f90008800 Uncommon trap: reason=unstable_if action=reinterpret pc=0x00007f1f8136bd84 method=com.android.dx.rop.code.RegisterSpec.equals(ILcom/android/dx/rop/type/TypeBearer;Lcom/android/dx/rop/code/LocalItem;)Z @ 42

Internal exceptions (7 events):
Event: 0.021 Thread 0x00007f1f90008800 Exception <a 'java/lang/NoSuchMethodError': Method sun.misc.Unsafe.defineClass(Ljava/lang/String;[BII)Ljava/lang/Class; name or signature does not match> (0x00000000eab07cc0) thrown at [/HUDSON/workspace/8-2-build-linux-amd64/jdk8u72/5732/hotspot/src/shar
Event: 0.021 Thread 0x00007f1f90008800 Exception <a 'java/lang/NoSuchMethodError': Method sun.misc.Unsafe.prefetchRead(Ljava/lang/Object;J)V name or signature does not match> (0x00000000eab07fa8) thrown at [/HUDSON/workspace/8-2-build-linux-amd64/jdk8u72/5732/hotspot/src/share/vm/prims/jni.cpp
Event: 0.794 Thread 0x00007f1f901cb800 Implicit null exception at 0x00007f1f81306e80 to 0x00007f1f81309cd1
Event: 1.233 Thread 0x00007f1f901cf000 Implicit null exception at 0x00007f1f8137d173 to 0x00007f1f8137d301
Event: 2.249 Thread 0x00007f1f901cf000 Exception <a 'java/lang/ArrayIndexOutOfBoundsException': 18> (0x00000000f18f0368) thrown at [/HUDSON/workspace/8-2-build-linux-amd64/jdk8u72/5732/hotspot/src/share/vm/interpreter/interpreterRuntime.cpp, line 366]
Event: 2.250 Thread 0x00007f1f901cf000 Exception <a 'java/lang/ArrayIndexOutOfBoundsException': 145> (0x00000000f18f1ee8) thrown at [/HUDSON/workspace/8-2-build-linux-amd64/jdk8u72/5732/hotspot/src/share/vm/interpreter/interpreterRuntime.cpp, line 366]
Event: 2.251 Thread 0x00007f1f901cf000 Exception <a 'java/lang/ArrayIndexOutOfBoundsException': 40> (0x00000000f18f31d0) thrown at [/HUDSON/workspace/8-2-build-linux-amd64/jdk8u72/5732/hotspot/src/share/vm/interpreter/interpreterRuntime.cpp, line 366]

Events (10 events):
Event: 11.322 Thread 0x00007f1f901cf000 DEOPT PACKING pc=0x00007f1f8151be1a sp=0x00007f1f70193ae0
Event: 11.322 Thread 0x00007f1f901cf000 DEOPT UNPACKING pc=0x00007f1f81047633 sp=0x00007f1f70193940 mode 0
Event: 11.370 Thread 0x00007f1f90008800 Uncommon trap: trap_request=0xffffff65 fr.pc=0x00007f1f8136bd84
Event: 11.370 Thread 0x00007f1f90008800 DEOPT PACKING pc=0x00007f1f8136bd84 sp=0x00007f1f970bf550
Event: 11.370 Thread 0x00007f1f90008800 DEOPT UNPACKING pc=0x00007f1f81005229 sp=0x00007f1f970bf420 mode 2
Event: 11.439 Thread 0x00007f1f901cf000 DEOPT PACKING pc=0x00007f1f81745298 sp=0x00007f1f70193c10
Event: 11.439 Thread 0x00007f1f901cf000 DEOPT UNPACKING pc=0x00007f1f81047633 sp=0x00007f1f70193930 mode 0
Event: 11.461 Thread 0x00007f1f901cf000 DEOPT PACKING pc=0x00007f1f8151be1a sp=0x00007f1f70193ae0
Event: 11.461 Thread 0x00007f1f901cf000 DEOPT UNPACKING pc=0x00007f1f81047633 sp=0x00007f1f70193940 mode 0
Event: 11.487 Executing VM operation: ParallelGCFailedAllocation


Dynamic libraries:
00400000-00401000 r-xp 00000000 08:06 399874                             /usr/lib/jvm/java-8-jdk/jre/bin/java
00600000-00601000 rw-p 00000000 08:06 399874                             /usr/lib/jvm/java-8-jdk/jre/bin/java
020cf000-020f0000 rw-p 00000000 00:00 0                                  [heap]
c0000000-cd180000 rw-p 00000000 00:00 0 
d4080000-eab00000 ---p 00000000 00:00 0 
eab00000-100000000 rw-p 00000000 00:00 0 
100000000-1000c0000 rw-p 00000000 00:00 0 
1000c0000-140000000 ---p 00000000 00:00 0 
7f1f30000000-7f1f30021000 rw-p 00000000 00:00 0 
7f1f30021000-7f1f34000000 ---p 00000000 00:00 0 
7f1f38000000-7f1f38021000 rw-p 00000000 00:00 0 
7f1f38021000-7f1f3c000000 ---p 00000000 00:00 0 
7f1f3c000000-7f1f3c021000 rw-p 00000000 00:00 0 
7f1f3c021000-7f1f40000000 ---p 00000000 00:00 0 
7f1f40000000-7f1f4004b000 rw-p 00000000 00:00 0 
7f1f4004b000-7f1f44000000 ---p 00000000 00:00 0 
7f1f44000000-7f1f44021000 rw-p 00000000 00:00 0 
7f1f44021000-7f1f48000000 ---p 00000000 00:00 0 
7f1f48000000-7f1f48021000 rw-p 00000000 00:00 0 
7f1f48021000-7f1f4c000000 ---p 00000000 00:00 0 
7f1f4c000000-7f1f4c021000 rw-p 00000000 00:00 0 
7f1f4c021000-7f1f50000000 ---p 00000000 00:00 0 
7f1f50000000-7f1f515ef000 rw-p 00000000 00:00 0 
7f1f515ef000-7f1f54000000 ---p 00000000 00:00 0 
7f1f54000000-7f1f546a3000 rw-p 00000000 00:00 0 
7f1f546a3000-7f1f58000000 ---p 00000000 00:00 0 
7f1f58000000-7f1f58021000 rw-p 00000000 00:00 0 
7f1f58021000-7f1f5c000000 ---p 00000000 00:00 0 
7f1f5c000000-7f1f5d20d000 rw-p 00000000 00:00 0 
7f1f5d20d000-7f1f60000000 ---p 00000000 00:00 0 
7f1f60000000-7f1f60021000 rw-p 00000000 00:00 0 
7f1f60021000-7f1f64000000 ---p 00000000 00:00 0 
7f1f64000000-7f1f64021000 rw-p 00000000 00:00 0 
7f1f64021000-7f1f68000000 ---p 00000000 00:00 0 
7f1f68000000-7f1f682b6000 rw-p 00000000 00:00 0 
7f1f682b6000-7f1f6c000000 ---p 00000000 00:00 0 
7f1f6c000000-7f1f6c021000 rw-p 00000000 00:00 0 
7f1f6c021000-7f1f70000000 ---p 00000000 00:00 0 
7f1f7006e000-7f1f70095000 r--p 00000000 08:06 133211                     /usr/share/locale/ko/LC_MESSAGES/libc.mo
7f1f70095000-7f1f70098000 ---p 00000000 00:00 0 
7f1f70098000-7f1f70196000 rw-p 00000000 00:00 0                          [stack:2979]
7f1f70196000-7f1f70199000 ---p 00000000 00:00 0 
7f1f70199000-7f1f70297000 rw-p 00000000 00:00 0                          [stack:2978]
7f1f70297000-7f1f7029a000 ---p 00000000 00:00 0 
7f1f7029a000-7f1f70398000 rw-p 00000000 00:00 0                          [stack:2977]
7f1f70398000-7f1f7039b000 ---p 00000000 00:00 0 
7f1f7039b000-7f1f70499000 rw-p 00000000 00:00 0                          [stack:2976]
7f1f70499000-7f1f7049c000 ---p 00000000 00:00 0 
7f1f7049c000-7f1f7059a000 rw-p 00000000 00:00 0                          [stack:2975]
7f1f7059a000-7f1f705fe000 r--s 004e1000 08:06 13239862                   /home/youngbin/shipped-android/app/build/intermediates/transforms/jarMerging/debug/jars/1/1f/combined.jar
7f1f705fe000-7f1f705ff000 ---p 00000000 00:00 0 
7f1f705ff000-7f1f706ff000 rw-p 00000000 00:00 0                          [stack:2974]
7f1f706ff000-7f1f70702000 ---p 00000000 00:00 0 
7f1f70702000-7f1f70800000 rw-p 00000000 00:00 0                          [stack:2973]
7f1f70800000-7f1f70803000 ---p 00000000 00:00 0 
7f1f70803000-7f1f70901000 rw-p 00000000 00:00 0                          [stack:2972]
7f1f70901000-7f1f70904000 ---p 00000000 00:00 0 
7f1f70904000-7f1f70a02000 rw-p 00000000 00:00 0                          [stack:2971]
7f1f70a02000-7f1f70a05000 ---p 00000000 00:00 0 
7f1f70a05000-7f1f70b03000 rw-p 00000000 00:00 0                          [stack:2970]
7f1f70b03000-7f1f70b06000 ---p 00000000 00:00 0 
7f1f70b06000-7f1f70c04000 rw-p 00000000 00:00 0                          [stack:2969]
7f1f70c04000-7f1f70d5d000 r--p 00000000 08:06 178958                     /usr/lib/locale/locale-archive
7f1f70d5d000-7f1f70d60000 ---p 00000000 00:00 0 
7f1f70d60000-7f1f70e5e000 rw-p 00000000 00:00 0                          [stack:2968]
7f1f70e5e000-7f1f70e61000 ---p 00000000 00:00 0 
7f1f70e61000-7f1f70f5f000 rw-p 00000000 00:00 0                          [stack:2967]
7f1f70f5f000-7f1f70f60000 ---p 00000000 00:00 0 
7f1f70f60000-7f1f74000000 rw-p 00000000 00:00 0                          [stack:2966]
7f1f74000000-7f1f74021000 rw-p 00000000 00:00 0 
7f1f74021000-7f1f78000000 ---p 00000000 00:00 0 
7f1f78000000-7f1f78021000 rw-p 00000000 00:00 0 
7f1f78021000-7f1f7c000000 ---p 00000000 00:00 0 
7f1f7c000000-7f1f7c021000 rw-p 00000000 00:00 0 
7f1f7c021000-7f1f80000000 ---p 00000000 00:00 0 
7f1f80003000-7f1f80024000 rw-p 00000000 00:00 0 
7f1f80024000-7f1f801fc000 r--s 03d1d000 08:06 399677                     /usr/lib/jvm/java-8-jdk/jre/lib/rt.jar
7f1f801fc000-7f1f808bc000 rw-p 00000000 00:00 0 
7f1f808bc000-7f1f809fc000 ---p 00000000 00:00 0 
7f1f809fc000-7f1f80bfc000 rw-p 00000000 00:00 0 
7f1f80bfc000-7f1f80bfd000 ---p 00000000 00:00 0 
7f1f80bfd000-7f1f80cfd000 rw-p 00000000 00:00 0                          [stack:2965]
7f1f80cfd000-7f1f80cfe000 ---p 00000000 00:00 0 
7f1f80cfe000-7f1f80dfe000 rw-p 00000000 00:00 0                          [stack:2964]
7f1f80dfe000-7f1f80dff000 ---p 00000000 00:00 0 
7f1f80dff000-7f1f80eff000 rw-p 00000000 00:00 0                          [stack:2963]
7f1f80eff000-7f1f80f00000 ---p 00000000 00:00 0 
7f1f80f00000-7f1f81000000 rw-p 00000000 00:00 0                          [stack:2962]
7f1f81000000-7f1f81ae0000 rwxp 00000000 00:00 0 
7f1f81ae0000-7f1f90000000 ---p 00000000 00:00 0 
7f1f90000000-7f1f90431000 rw-p 00000000 00:00 0 
7f1f90431000-7f1f94000000 ---p 00000000 00:00 0 
7f1f94017000-7f1f940f6000 rw-p 00000000 00:00 0 
7f1f940f6000-7f1f941e3000 ---p 00000000 00:00 0 
7f1f941e3000-7f1f9424c000 rw-p 00000000 00:00 0 
7f1f9424c000-7f1f94338000 ---p 00000000 00:00 0 
7f1f94338000-7f1f943e3000 rw-p 00000000 00:00 0 
7f1f943e3000-7f1f94410000 rw-p 00000000 00:00 0 
7f1f94410000-7f1f947a4000 ---p 00000000 00:00 0 
7f1f947a4000-7f1f947be000 r-xp 00000000 08:06 399785                     /usr/lib/jvm/java-8-jdk/jre/lib/amd64/libzip.so
7f1f947be000-7f1f949be000 ---p 0001a000 08:06 399785                     /usr/lib/jvm/java-8-jdk/jre/lib/amd64/libzip.so
7f1f949be000-7f1f949bf000 rw-p 0001a000 08:06 399785                     /usr/lib/jvm/java-8-jdk/jre/lib/amd64/libzip.so
7f1f949bf000-7f1f949ca000 r-xp 00000000 08:06 134352                     /usr/lib/libnss_files-2.23.so
7f1f949ca000-7f1f94bc9000 ---p 0000b000 08:06 134352                     /usr/lib/libnss_files-2.23.so
7f1f94bc9000-7f1f94bca000 r--p 0000a000 08:06 134352                     /usr/lib/libnss_files-2.23.so
7f1f94bca000-7f1f94bcb000 rw-p 0000b000 08:06 134352                     /usr/lib/libnss_files-2.23.so
7f1f94bcb000-7f1f94bd1000 rw-p 00000000 00:00 0 
7f1f94bd1000-7f1f94bfb000 r-xp 00000000 08:06 399805                     /usr/lib/jvm/java-8-jdk/jre/lib/amd64/libjava.so
7f1f94bfb000-7f1f94dfb000 ---p 0002a000 08:06 399805                     /usr/lib/jvm/java-8-jdk/jre/lib/amd64/libjava.so
7f1f94dfb000-7f1f94dfd000 rw-p 0002a000 08:06 399805                     /usr/lib/jvm/java-8-jdk/jre/lib/amd64/libjava.so
7f1f94dfd000-7f1f94e0a000 r-xp 00000000 08:06 399791                     /usr/lib/jvm/java-8-jdk/jre/lib/amd64/libverify.so
7f1f94e0a000-7f1f9500a000 ---p 0000d000 08:06 399791                     /usr/lib/jvm/java-8-jdk/jre/lib/amd64/libverify.so
7f1f9500a000-7f1f9500c000 rw-p 0000d000 08:06 399791                     /usr/lib/jvm/java-8-jdk/jre/lib/amd64/libverify.so
7f1f9500c000-7f1f95013000 r-xp 00000000 08:06 134360                     /usr/lib/librt-2.23.so
7f1f95013000-7f1f95212000 ---p 00007000 08:06 134360                     /usr/lib/librt-2.23.so
7f1f95212000-7f1f95213000 r--p 00006000 08:06 134360                     /usr/lib/librt-2.23.so
7f1f95213000-7f1f95214000 rw-p 00007000 08:06 134360                     /usr/lib/librt-2.23.so
7f1f95214000-7f1f95317000 r-xp 00000000 08:06 134357                     /usr/lib/libm-2.23.so
7f1f95317000-7f1f95517000 ---p 00103000 08:06 134357                     /usr/lib/libm-2.23.so
7f1f95517000-7f1f95518000 r--p 00103000 08:06 134357                     /usr/lib/libm-2.23.so
7f1f95518000-7f1f95519000 rw-p 00104000 08:06 134357                     /usr/lib/libm-2.23.so
7f1f95519000-7f1f961d8000 r-xp 00000000 08:06 530091                     /usr/lib/jvm/java-8-jdk/jre/lib/amd64/server/libjvm.so
7f1f961d8000-7f1f963d7000 ---p 00cbf000 08:06 530091                     /usr/lib/jvm/java-8-jdk/jre/lib/amd64/server/libjvm.so
7f1f963d7000-7f1f964b0000 rw-p 00cbe000 08:06 530091                     /usr/lib/jvm/java-8-jdk/jre/lib/amd64/server/libjvm.so
7f1f964b0000-7f1f964f9000 rw-p 00000000 00:00 0 
7f1f964f9000-7f1f96691000 r-xp 00000000 08:06 134281                     /usr/lib/libc-2.23.so
7f1f96691000-7f1f96890000 ---p 00198000 08:06 134281                     /usr/lib/libc-2.23.so
7f1f96890000-7f1f96894000 r--p 00197000 08:06 134281                     /usr/lib/libc-2.23.so
7f1f96894000-7f1f96896000 rw-p 0019b000 08:06 134281                     /usr/lib/libc-2.23.so
7f1f96896000-7f1f9689a000 rw-p 00000000 00:00 0 
7f1f9689a000-7f1f9689c000 r-xp 00000000 08:06 134356                     /usr/lib/libdl-2.23.so
7f1f9689c000-7f1f96a9c000 ---p 00002000 08:06 134356                     /usr/lib/libdl-2.23.so
7f1f96a9c000-7f1f96a9d000 r--p 00002000 08:06 134356                     /usr/lib/libdl-2.23.so
7f1f96a9d000-7f1f96a9e000 rw-p 00003000 08:06 134356                     /usr/lib/libdl-2.23.so
7f1f96a9e000-7f1f96ab3000 r-xp 00000000 08:06 530090                     /usr/lib/jvm/java-8-jdk/jre/lib/amd64/jli/libjli.so
7f1f96ab3000-7f1f96cb3000 ---p 00015000 08:06 530090                     /usr/lib/jvm/java-8-jdk/jre/lib/amd64/jli/libjli.so
7f1f96cb3000-7f1f96cb4000 rw-p 00015000 08:06 530090                     /usr/lib/jvm/java-8-jdk/jre/lib/amd64/jli/libjli.so
7f1f96cb4000-7f1f96ccc000 r-xp 00000000 08:06 134256                     /usr/lib/libpthread-2.23.so
7f1f96ccc000-7f1f96ecb000 ---p 00018000 08:06 134256                     /usr/lib/libpthread-2.23.so
7f1f96ecb000-7f1f96ecc000 r--p 00017000 08:06 134256                     /usr/lib/libpthread-2.23.so
7f1f96ecc000-7f1f96ecd000 rw-p 00018000 08:06 134256                     /usr/lib/libpthread-2.23.so
7f1f96ecd000-7f1f96ed1000 rw-p 00000000 00:00 0 
7f1f96ed1000-7f1f96ef4000 r-xp 00000000 08:06 134280                     /usr/lib/ld-2.23.so
7f1f96efc000-7f1f96fc1000 rw-p 00000000 00:00 0 
7f1f96fc1000-7f1f96fc4000 ---p 00000000 00:00 0 
7f1f96fc4000-7f1f970c6000 rw-p 00000000 00:00 0                          [stack:2958]
7f1f970c6000-7f1f970d5000 r--s 000df000 08:06 13763614                   /home/youngbin/Android/Sdk/build-tools/23.0.2/lib/dx.jar
7f1f970d5000-7f1f970e9000 rw-p 00000000 00:00 0 
7f1f970e9000-7f1f970f1000 rw-s 00000000 00:22 112558                     /tmp/hsperfdata_youngbin/2956
7f1f970f1000-7f1f970f2000 rw-p 00000000 00:00 0 
7f1f970f2000-7f1f970f3000 ---p 00000000 00:00 0 
7f1f970f3000-7f1f970f4000 rw-p 00000000 00:00 0 
7f1f970f4000-7f1f970f5000 r--p 00023000 08:06 134280                     /usr/lib/ld-2.23.so
7f1f970f5000-7f1f970f6000 rw-p 00024000 08:06 134280                     /usr/lib/ld-2.23.so
7f1f970f6000-7f1f970f7000 rw-p 00000000 00:00 0 
7ffc58be1000-7ffc58c02000 rw-p 00000000 00:00 0                          [stack]
7ffc58cc2000-7ffc58cc4000 r--p 00000000 00:00 0                          [vvar]
7ffc58cc4000-7ffc58cc6000 r-xp 00000000 00:00 0                          [vdso]
ffffffffff600000-ffffffffff601000 r-xp 00000000 00:00 0                  [vsyscall]

VM Arguments:
jvm_args: -Djava.awt.headless=true -Xmx1024M -Dfile.encoding=UTF-8 -Duser.country=KR -Duser.language=ko -Duser.variant 
java_command: com.android.dx.command.Main --dex --num-threads=4 --multi-dex --main-dex-list /home/youngbin/shipped-android/app/build/intermediates/multi-dex/debug/maindexlist.txt --output /home/youngbin/shipped-android/app/build/intermediates/transforms/dex/debug/folders/1000/1f/main /home/youngbin/shipped-android/app/build/intermediates/transforms/jarMerging/debug/jars/1/1f/combined.jar
java_class_path (initial): /home/youngbin/Android/Sdk/build-tools/23.0.2/lib/dx.jar
Launcher Type: SUN_STANDARD

Environment Variables:
PATH=/usr/local/sbin:/usr/local/bin:/usr/bin:/usr/lib/jvm/default/bin:/usr/bin/site_perl:/usr/bin/vendor_perl:/usr/bin/core_perl
USERNAME=youngbin
LD_LIBRARY_PATH=/home/youngbin/android-studio/bin:
SHELL=/usr/bin/fish
DISPLAY=:1

Signal Handlers:
SIGSEGV: [libjvm.so+0xabb070], sa_mask[0]=11111111011111111101111111111110, sa_flags=SA_RESTART|SA_SIGINFO
SIGBUS: [libjvm.so+0xabb070], sa_mask[0]=11111111011111111101111111111110, sa_flags=SA_RESTART|SA_SIGINFO
SIGFPE: [libjvm.so+0x918480], sa_mask[0]=11111111011111111101111111111110, sa_flags=SA_RESTART|SA_SIGINFO
SIGPIPE: [libjvm.so+0x918480], sa_mask[0]=11111111011111111101111111111110, sa_flags=SA_RESTART|SA_SIGINFO
SIGXFSZ: [libjvm.so+0x918480], sa_mask[0]=11111111011111111101111111111110, sa_flags=SA_RESTART|SA_SIGINFO
SIGILL: [libjvm.so+0x918480], sa_mask[0]=11111111011111111101111111111110, sa_flags=SA_RESTART|SA_SIGINFO
SIGUSR1: SIG_DFL, sa_mask[0]=00000000000000000000000000000000, sa_flags=none
SIGUSR2: [libjvm.so+0x919ab0], sa_mask[0]=00100000000000000000000000000000, sa_flags=SA_RESTART|SA_SIGINFO
SIGHUP: [libjvm.so+0x91aeb0], sa_mask[0]=11111111011111111101111111111110, sa_flags=SA_RESTART|SA_SIGINFO
SIGINT: [libjvm.so+0x91aeb0], sa_mask[0]=11111111011111111101111111111110, sa_flags=SA_RESTART|SA_SIGINFO
SIGTERM: [libjvm.so+0x91aeb0], sa_mask[0]=11111111011111111101111111111110, sa_flags=SA_RESTART|SA_SIGINFO
SIGQUIT: [libjvm.so+0x91aeb0], sa_mask[0]=11111111011111111101111111111110, sa_flags=SA_RESTART|SA_SIGINFO


---------------  S Y S T E M  ---------------

OS:NAME="Antergos Linux"
VERSION="2015.12-ISO-Rolling"
ID="antergos"
ID_LIKE="arch"
PRETTY_NAME="Antergos Linux"
CPE_NAME="cpe:/o:antergosproject:antergos:2015.12"
ANSI_COLOR="1;34;40"
HOME_URL="https://antergos.com/"
SUPPORT_URL="https://forum.antergos.com/"
BUG_REPORT_URL="https://github.com/antergos"


uname:Linux 4.4.1-2-ARCH #1 SMP PREEMPT Wed Feb 3 13:12:33 UTC 2016 x86_64
libc:glibc 2.23 NPTL 2.23 
rlimit: STACK 8192k, CORE infinity, NPROC 14900, NOFILE 4096, AS infinity
load average:3.84 1.87 1.13

/proc/meminfo:
MemTotal:        4007080 kB
MemFree:           28044 kB
MemAvailable:      75004 kB
Buffers:             904 kB
Cached:           136784 kB
SwapCached:            0 kB
Active:          3657144 kB
Inactive:         106896 kB
Active(anon):    3629548 kB
Inactive(anon):    87100 kB
Active(file):      27596 kB
Inactive(file):    19796 kB
Unevictable:          60 kB
Mlocked:        34359738428 kB
SwapTotal:             0 kB
SwapFree:              0 kB
Dirty:                28 kB
Writeback:             0 kB
AnonPages:       3627024 kB
Mapped:           127748 kB
Shmem:             89480 kB
Slab:              63540 kB
SReclaimable:      29148 kB
SUnreclaim:        34392 kB
KernelStack:       10832 kB
PageTables:        46996 kB
NFS_Unstable:          0 kB
Bounce:                0 kB
WritebackTmp:          0 kB
CommitLimit:     2003540 kB
Committed_AS:    8187604 kB
VmallocTotal:   34359738367 kB
VmallocUsed:           0 kB
VmallocChunk:          0 kB
HardwareCorrupted:     0 kB
AnonHugePages:   1093632 kB
HugePages_Total:       0
HugePages_Free:        0
HugePages_Rsvd:        0
HugePages_Surp:        0
Hugepagesize:       2048 kB
DirectMap4k:      115088 kB
DirectMap2M:     4034560 kB


CPU:total 4 (2 cores per cpu, 2 threads per core) family 6 model 42 stepping 7, cmov, cx8, fxsr, mmx, sse, sse2, sse3, ssse3, sse4.1, sse4.2, popcnt, avx, clmul, ht, tsc, tscinvbit

/proc/cpuinfo:
processor	: 0
vendor_id	: GenuineIntel
cpu family	: 6
model		: 42
model name	: Intel(R) Core(TM) i3-2120 CPU @ 3.30GHz
stepping	: 7
microcode	: 0x26
cpu MHz		: 3300.000
cache size	: 3072 KB
physical id	: 0
siblings	: 4
core id		: 0
cpu cores	: 2
apicid		: 0
initial apicid	: 0
fpu		: yes
fpu_exception	: yes
cpuid level	: 13
wp		: yes
flags		: fpu vme de pse tsc msr pae mce cx8 apic sep mtrr pge mca cmov pat pse36 clflush dts acpi mmx fxsr sse sse2 ss ht tm pbe syscall nx rdtscp lm constant_tsc arch_perfmon pebs bts rep_good nopl xtopology nonstop_tsc aperfmperf eagerfpu pni pclmulqdq dtes64 monitor ds_cpl vmx est tm2 ssse3 cx16 xtpr pdcm pcid sse4_1 sse4_2 popcnt tsc_deadline_timer xsave avx lahf_lm arat epb pln pts dtherm tpr_shadow vnmi flexpriority ept vpid xsaveopt
bugs		:
bogomips	: 6602.21
clflush size	: 64
cache_alignment	: 64
address sizes	: 36 bits physical, 48 bits virtual
power management:

processor	: 1
vendor_id	: GenuineIntel
cpu family	: 6
model		: 42
model name	: Intel(R) Core(TM) i3-2120 CPU @ 3.30GHz
stepping	: 7
microcode	: 0x26
cpu MHz		: 3299.871
cache size	: 3072 KB
physical id	: 0
siblings	: 4
core id		: 1
cpu cores	: 2
apicid		: 2
initial apicid	: 2
fpu		: yes
fpu_exception	: yes
cpuid level	: 13
wp		: yes
flags		: fpu vme de pse tsc msr pae mce cx8 apic sep mtrr pge mca cmov pat pse36 clflush dts acpi mmx fxsr sse sse2 ss ht tm pbe syscall nx rdtscp lm constant_tsc arch_perfmon pebs bts rep_good nopl xtopology nonstop_tsc aperfmperf eagerfpu pni pclmulqdq dtes64 monitor ds_cpl vmx est tm2 ssse3 cx16 xtpr pdcm pcid sse4_1 sse4_2 popcnt tsc_deadline_timer xsave avx lahf_lm arat epb pln pts dtherm tpr_shadow vnmi flexpriority ept vpid xsaveopt
bugs		:
bogomips	: 6602.21
clflush size	: 64
cache_alignment	: 64
address sizes	: 36 bits physical, 48 bits virtual
power management:

processor	: 2
vendor_id	: GenuineIntel
cpu family	: 6
model		: 42
model name	: Intel(R) Core(TM) i3-2120 CPU @ 3.30GHz
stepping	: 7
microcode	: 0x26
cpu MHz		: 3300.000
cache size	: 3072 KB
physical id	: 0
siblings	: 4
core id		: 0
cpu cores	: 2
apicid		: 1
initial apicid	: 1
fpu		: yes
fpu_exception	: yes
cpuid level	: 13
wp		: yes
flags		: fpu vme de pse tsc msr pae mce cx8 apic sep mtrr pge mca cmov pat pse36 clflush dts acpi mmx fxsr sse sse2 ss ht tm pbe syscall nx rdtscp lm constant_tsc arch_perfmon pebs bts rep_good nopl xtopology nonstop_tsc aperfmperf eagerfpu pni pclmulqdq dtes64 monitor ds_cpl vmx est tm2 ssse3 cx16 xtpr pdcm pcid sse4_1 sse4_2 popcnt tsc_deadline_timer xsave avx lahf_lm arat epb pln pts dtherm tpr_shadow vnmi flexpriority ept vpid xsaveopt
bugs		:
bogomips	: 6602.21
clflush size	: 64
cache_alignment	: 64
address sizes	: 36 bits physical, 48 bits virtual
power management:

processor	: 3
vendor_id	: GenuineIntel
cpu family	: 6
model		: 42
model name	: Intel(R) Core(TM) i3-2120 CPU @ 3.30GHz
stepping	: 7
microcode	: 0x26
cpu MHz		: 3299.871
cache size	: 3072 KB
physical id	: 0
siblings	: 4
core id		: 1
cpu cores	: 2
apicid		: 3
initial apicid	: 3
fpu		: yes
fpu_exception	: yes
cpuid level	: 13
wp		: yes
flags		: fpu vme de pse tsc msr pae mce cx8 apic sep mtrr pge mca cmov pat pse36 clflush dts acpi mmx fxsr sse sse2 ss ht tm pbe syscall nx rdtscp lm constant_tsc arch_perfmon pebs bts rep_good nopl xtopology nonstop_tsc aperfmperf eagerfpu pni pclmulqdq dtes64 monitor ds_cpl vmx est tm2 ssse3 cx16 xtpr pdcm pcid sse4_1 sse4_2 popcnt tsc_deadline_timer xsave avx lahf_lm arat epb pln pts dtherm tpr_shadow vnmi flexpriority ept vpid xsaveopt
bugs		:
bogomips	: 6602.21
clflush size	: 64
cache_alignment	: 64
address sizes	: 36 bits physical, 48 bits virtual
power management:



Memory: 4k page, physical 4007080k(28044k free), swap 0k(0k free)

vm_info: Java HotSpot(TM) 64-Bit Server VM (25.72-b15) for linux-amd64 JRE (1.8.0_72-b15), built on Dec 22 2015 22:00:07 by "java_re" with gcc 4.3.0 20080428 (Red Hat 4.3.0-8)

time: Tue Mar  1 23:19:10 2016
elapsed time: 13 seconds (0d 0h 0m 13s)

