#
# There is insufficient memory for the Java Runtime Environment to continue.
# Native memory allocation (mmap) failed to map 65011712 bytes for committing reserved memory.
# Possible reasons:
#   The system is out of physical RAM or swap space
#   In 32 bit mode, the process size limit was hit
# Possible solutions:
#   Reduce memory load on the system
#   Increase physical memory or swap space
#   Check if swap backing store is full
#   Use 64 bit Java on a 64 bit OS
#   Decrease Java heap size (-Xmx/-Xms)
#   Decrease number of Java threads
#   Decrease Java thread stack sizes (-Xss)
#   Set larger code cache with -XX:ReservedCodeCacheSize=
# This output file may be truncated or incomplete.
#
#  Out of Memory Error (os_linux.cpp:2627), pid=6615, tid=139644166465280
#
# JRE version: Java(TM) SE Runtime Environment (8.0_72-b15) (build 1.8.0_72-b15)
# Java VM: Java HotSpot(TM) 64-Bit Server VM (25.72-b15 mixed mode linux-amd64 compressed oops)
# Failed to write core dump. Core dumps have been disabled. To enable core dumping, try "ulimit -c unlimited" before starting Java again
#

---------------  T H R E A D  ---------------

Current thread (0x00007f0180076800):  VMThread [stack: 0x00007f0170dfe000,0x00007f0170eff000] [id=6625]

Stack: [0x00007f0170dfe000,0x00007f0170eff000],  sp=0x00007f0170efd220,  free space=1020k
Native frames: (J=compiled Java code, j=interpreted, Vv=VM code, C=native code)
V  [libjvm.so+0xaba7ea]  VMError::report_and_die()+0x2ba
V  [libjvm.so+0x4f9e3b]  report_vm_out_of_memory(char const*, int, unsigned long, VMErrorType, char const*)+0x8b
V  [libjvm.so+0x91b613]  os::Linux::commit_memory_impl(char*, unsigned long, bool)+0x103
V  [libjvm.so+0x91bb69]  os::pd_commit_memory(char*, unsigned long, unsigned long, bool)+0x29
V  [libjvm.so+0x915e6a]  os::commit_memory(char*, unsigned long, unsigned long, bool)+0x2a
V  [libjvm.so+0x989543]  PSVirtualSpace::expand_by(unsigned long)+0x53
V  [libjvm.so+0x979e30]  PSOldGen::expand(unsigned long)+0x170
V  [libjvm.so+0x97a03b]  PSOldGen::resize(unsigned long)+0x1cb
V  [libjvm.so+0x981d11]  PSParallelCompact::invoke_no_policy(bool)+0x991
V  [libjvm.so+0x98766d]  PSScavenge::invoke()+0x1ad
V  [libjvm.so+0x93f300]  ParallelScavengeHeap::failed_mem_allocate(unsigned long)+0x70
V  [libjvm.so+0xabc207]  VM_ParallelGCFailedAllocation::doit()+0x97
V  [libjvm.so+0xac3c35]  VM_Operation::evaluate()+0x55
V  [libjvm.so+0xac200a]  VMThread::evaluate_operation(VM_Operation*)+0xba
V  [libjvm.so+0xac238e]  VMThread::loop()+0x1ce
V  [libjvm.so+0xac2800]  VMThread::run()+0x70
V  [libjvm.so+0x91d9d8]  java_start(Thread*)+0x108

VM_Operation (0x00007f0188fa51a0): ParallelGCFailedAllocation, mode: safepoint, requested by thread 0x00007f0180008800


---------------  P R O C E S S  ---------------

Java Threads: ( => current thread )
  0x00007f0180277000 JavaThread "pool-2-thread-4" [_thread_blocked, id=6638, stack(0x00007f0169eff000,0x00007f016a000000)]
  0x00007f0180275000 JavaThread "pool-2-thread-3" [_thread_blocked, id=6637, stack(0x00007f01700a2000,0x00007f01701a3000)]
  0x00007f0180273000 JavaThread "pool-2-thread-2" [_thread_blocked, id=6636, stack(0x00007f01701a3000,0x00007f01702a4000)]
  0x00007f0180272000 JavaThread "pool-3-thread-1" [_thread_blocked, id=6635, stack(0x00007f01702a4000,0x00007f01703a5000)]
  0x00007f0180258000 JavaThread "pool-2-thread-1" [_thread_blocked, id=6634, stack(0x00007f01703a5000,0x00007f01704a6000)]
  0x00007f01800bf000 JavaThread "Service Thread" daemon [_thread_blocked, id=6632, stack(0x00007f01705a7000,0x00007f01706a8000)]
  0x00007f01800bb800 JavaThread "C1 CompilerThread2" daemon [_thread_blocked, id=6631, stack(0x00007f01706a8000,0x00007f01707a9000)]
  0x00007f01800ba000 JavaThread "C2 CompilerThread1" daemon [_thread_in_native, id=6630, stack(0x00007f01707a9000,0x00007f01708aa000)]
  0x00007f01800b7000 JavaThread "C2 CompilerThread0" daemon [_thread_blocked, id=6629, stack(0x00007f01708aa000,0x00007f01709ab000)]
  0x00007f01800b5800 JavaThread "Signal Dispatcher" daemon [_thread_blocked, id=6628, stack(0x00007f01709ab000,0x00007f0170aac000)]
  0x00007f0180082800 JavaThread "Finalizer" daemon [_thread_blocked, id=6627, stack(0x00007f0170bfc000,0x00007f0170cfd000)]
  0x00007f018007e000 JavaThread "Reference Handler" daemon [_thread_blocked, id=6626, stack(0x00007f0170cfd000,0x00007f0170dfe000)]
  0x00007f0180008800 JavaThread "main" [_thread_blocked, id=6620, stack(0x00007f0188ea6000,0x00007f0188fa7000)]

Other Threads:
=>0x00007f0180076800 VMThread [stack: 0x00007f0170dfe000,0x00007f0170eff000] [id=6625]
  0x00007f01800c1800 WatcherThread [stack: 0x00007f01704a6000,0x00007f01705a7000] [id=6633]

VM state:at safepoint (normal execution)

VM Mutex/Monitor currently owned by a thread:  ([mutex/lock_event])
[0x00007f0180005e80] ExpandHeap_lock - owner thread: 0x00007f0180076800
[0x00007f0180006500] Threads_lock - owner thread: 0x00007f0180076800
[0x00007f0180006a00] Heap_lock - owner thread: 0x00007f0180008800

Heap:
 PSYoungGen      total 254976K, used 32490K [0x00000000eab00000, 0x0000000100000000, 0x0000000100000000)
  eden space 216064K, 0% used [0x00000000eab00000,0x00000000eab00000,0x00000000f7e00000)
  from space 38912K, 83% used [0x00000000fb300000,0x00000000fd2ba8f8,0x00000000fd900000)
  to   space 54272K, 0% used [0x00000000f7e00000,0x00000000f7e00000,0x00000000fb300000)
 ParOldGen       total 81408K, used 81268K [0x00000000c0000000, 0x00000000c4f80000, 0x00000000eab00000)
  object space 81408K, 99% used [0x00000000c0000000,0x00000000c4f5d278,0x00000000c4f80000)
 Metaspace       used 6529K, capacity 7320K, committed 7680K, reserved 1056768K
  class space    used 615K, capacity 656K, committed 768K, reserved 1048576K

Card table byte_map: [0x00007f01860cf000,0x00007f01862d0000] byte_map_base: 0x00007f0185acf000

Marking Bits: (ParMarkBitMap*) 0x00007f01883b3100
 Begin Bits: [0x00007f016a000000, 0x00007f016b000000)
 End Bits:   [0x00007f016b000000, 0x00007f016c000000)

Polling page: 0x00007f0188fd8000

CodeCache: size=245760Kb used=9082Kb max_used=9082Kb free=236678Kb
 bounds [0x00007f0171000000, 0x00007f01718f0000, 0x00007f0180000000]
 total_blobs=2549 nmethods=2280 adapters=182
 compilation: enabled

Compilation events (10 events):
Event: 4.276 Thread 0x00007f01800bb800 2455       3       com.android.dx.cf.code.ConcreteMethod::<init> (262 bytes)
Event: 4.277 Thread 0x00007f01800bb800 nmethod 2455 0x00007f01718bf0d0 code [0x00007f01718bf3a0, 0x00007f01718c07f8]
Event: 4.308 Thread 0x00007f01800bb800 2456       3       com.android.dx.cf.code.Ropper::addSetupBlocks (535 bytes)
Event: 4.317 Thread 0x00007f01800b7000 nmethod 2285 0x00007f01718cb710 code [0x00007f01718cbe40, 0x00007f01718d34e0]
Event: 4.318 Thread 0x00007f01800b7000 2444   !   4       com.android.dx.cf.code.BytecodeArray::parseInstruction (2764 bytes)
Event: 4.324 Thread 0x00007f01800bb800 nmethod 2456 0x00007f01718dd7d0 code [0x00007f01718de280, 0x00007f01718e6548]
Event: 4.324 Thread 0x00007f01800bb800 2457 %     3       com.android.dx.rop.type.StdTypeList::getWordCount @ 9 (33 bytes)
Event: 4.324 Thread 0x00007f01800bb800 nmethod 2457% 0x00007f01718cac90 code [0x00007f01718cae40, 0x00007f01718cb4d8]
Event: 4.354 Thread 0x00007f01800bb800 2458 %     3       java.util.TreeMap::getFirstEntry @ 9 (26 bytes)
Event: 4.354 Thread 0x00007f01800bb800 nmethod 2458% 0x00007f01718ca7d0 code [0x00007f01718ca940, 0x00007f01718cabb0]

GC Heap History (10 events):
Event: 2.193 GC heap after
Heap after GC invocations=7 (full 0):
 PSYoungGen      total 141312K, used 16867K [0x00000000eab00000, 0x00000000fd200000, 0x0000000100000000)
  eden space 124416K, 0% used [0x00000000eab00000,0x00000000eab00000,0x00000000f2480000)
  from space 16896K, 99% used [0x00000000f2480000,0x00000000f34f8fc0,0x00000000f3500000)
  to   space 26624K, 0% used [0x00000000fb800000,0x00000000fb800000,0x00000000fd200000)
 ParOldGen       total 42496K, used 31324K [0x00000000c0000000, 0x00000000c2980000, 0x00000000eab00000)
  object space 42496K, 73% used [0x00000000c0000000,0x00000000c1e973c8,0x00000000c2980000)
 Metaspace       used 6316K, capacity 7192K, committed 7424K, reserved 1056768K
  class space    used 614K, capacity 656K, committed 768K, reserved 1048576K
}
Event: 2.193 GC heap before
{Heap before GC invocations=8 (full 1):
 PSYoungGen      total 141312K, used 16867K [0x00000000eab00000, 0x00000000fd200000, 0x0000000100000000)
  eden space 124416K, 0% used [0x00000000eab00000,0x00000000eab00000,0x00000000f2480000)
  from space 16896K, 99% used [0x00000000f2480000,0x00000000f34f8fc0,0x00000000f3500000)
  to   space 26624K, 0% used [0x00000000fb800000,0x00000000fb800000,0x00000000fd200000)
 ParOldGen       total 42496K, used 31324K [0x00000000c0000000, 0x00000000c2980000, 0x00000000eab00000)
  object space 42496K, 73% used [0x00000000c0000000,0x00000000c1e973c8,0x00000000c2980000)
 Metaspace       used 6316K, capacity 7192K, committed 7424K, reserved 1056768K
  class space    used 614K, capacity 656K, committed 768K, reserved 1048576K
Event: 2.424 GC heap after
Heap after GC invocations=8 (full 1):
 PSYoungGen      total 141312K, used 2013K [0x00000000eab00000, 0x00000000fd200000, 0x0000000100000000)
  eden space 124416K, 0% used [0x00000000eab00000,0x00000000eab00000,0x00000000f2480000)
  from space 16896K, 11% used [0x00000000f2480000,0x00000000f2677460,0x00000000f3500000)
  to   space 26624K, 0% used [0x00000000fb800000,0x00000000fb800000,0x00000000fd200000)
 ParOldGen       total 81408K, used 42260K [0x00000000c0000000, 0x00000000c4f80000, 0x00000000eab00000)
  object space 81408K, 51% used [0x00000000c0000000,0x00000000c29450d8,0x00000000c4f80000)
 Metaspace       used 6316K, capacity 7192K, committed 7424K, reserved 1056768K
  class space    used 614K, capacity 656K, committed 768K, reserved 1048576K
}
Event: 2.786 GC heap before
{Heap before GC invocations=9 (full 1):
 PSYoungGen      total 141312K, used 126429K [0x00000000eab00000, 0x00000000fd200000, 0x0000000100000000)
  eden space 124416K, 100% used [0x00000000eab00000,0x00000000f2480000,0x00000000f2480000)
  from space 16896K, 11% used [0x00000000f2480000,0x00000000f2677460,0x00000000f3500000)
  to   space 26624K, 0% used [0x00000000fb800000,0x00000000fb800000,0x00000000fd200000)
 ParOldGen       total 81408K, used 42260K [0x00000000c0000000, 0x00000000c4f80000, 0x00000000eab00000)
  object space 81408K, 51% used [0x00000000c0000000,0x00000000c29450d8,0x00000000c4f80000)
 Metaspace       used 6395K, capacity 7192K, committed 7424K, reserved 1056768K
  class space    used 615K, capacity 656K, committed 768K, reserved 1048576K
Event: 2.846 GC heap after
Heap after GC invocations=9 (full 1):
 PSYoungGen      total 199680K, used 18743K [0x00000000eab00000, 0x00000000fca80000, 0x0000000100000000)
  eden space 180736K, 0% used [0x00000000eab00000,0x00000000eab00000,0x00000000f5b80000)
  from space 18944K, 98% used [0x00000000fb800000,0x00000000fca4dda0,0x00000000fca80000)
  to   space 28672K, 0% used [0x00000000f9280000,0x00000000f9280000,0x00000000fae80000)
 ParOldGen       total 81408K, used 42268K [0x00000000c0000000, 0x00000000c4f80000, 0x00000000eab00000)
  object space 81408K, 51% used [0x00000000c0000000,0x00000000c29470d8,0x00000000c4f80000)
 Metaspace       used 6395K, capacity 7192K, committed 7424K, reserved 1056768K
  class space    used 615K, capacity 656K, committed 768K, reserved 1048576K
}
Event: 3.392 GC heap before
{Heap before GC invocations=10 (full 1):
 PSYoungGen      total 199680K, used 199479K [0x00000000eab00000, 0x00000000fca80000, 0x0000000100000000)
  eden space 180736K, 100% used [0x00000000eab00000,0x00000000f5b80000,0x00000000f5b80000)
  from space 18944K, 98% used [0x00000000fb800000,0x00000000fca4dda0,0x00000000fca80000)
  to   space 28672K, 0% used [0x00000000f9280000,0x00000000f9280000,0x00000000fae80000)
 ParOldGen       total 81408K, used 42268K [0x00000000c0000000, 0x00000000c4f80000, 0x00000000eab00000)
  object space 81408K, 51% used [0x00000000c0000000,0x00000000c29470d8,0x00000000c4f80000)
 Metaspace       used 6489K, capacity 7256K, committed 7424K, reserved 1056768K
  class space    used 615K, capacity 656K, committed 768K, reserved 1048576K
Event: 3.451 GC heap after
Heap after GC invocations=10 (full 1):
 PSYoungGen      total 260096K, used 28661K [0x00000000eab00000, 0x00000000fd900000, 0x0000000100000000)
  eden space 231424K, 0% used [0x00000000eab00000,0x00000000eab00000,0x00000000f8d00000)
  from space 28672K, 99% used [0x00000000f9280000,0x00000000fae7d478,0x00000000fae80000)
  to   space 38912K, 0% used [0x00000000fb300000,0x00000000fb300000,0x00000000fd900000)
 ParOldGen       total 81408K, used 54821K [0x00000000c0000000, 0x00000000c4f80000, 0x00000000eab00000)
  object space 81408K, 67% used [0x00000000c0000000,0x00000000c3589640,0x00000000c4f80000)
 Metaspace       used 6489K, capacity 7256K, committed 7424K, reserved 1056768K
  class space    used 615K, capacity 656K, committed 768K, reserved 1048576K
}
Event: 4.415 GC heap before
{Heap before GC invocations=11 (full 1):
 PSYoungGen      total 260096K, used 260085K [0x00000000eab00000, 0x00000000fd900000, 0x0000000100000000)
  eden space 231424K, 100% used [0x00000000eab00000,0x00000000f8d00000,0x00000000f8d00000)
  from space 28672K, 99% used [0x00000000f9280000,0x00000000fae7d478,0x00000000fae80000)
  to   space 38912K, 0% used [0x00000000fb300000,0x00000000fb300000,0x00000000fd900000)
 ParOldGen       total 81408K, used 54821K [0x00000000c0000000, 0x00000000c4f80000, 0x00000000eab00000)
  object space 81408K, 67% used [0x00000000c0000000,0x00000000c3589640,0x00000000c4f80000)
 Metaspace       used 6529K, capacity 7320K, committed 7680K, reserved 1056768K
  class space    used 615K, capacity 656K, committed 768K, reserved 1048576K
Event: 4.527 GC heap after
Heap after GC invocations=11 (full 1):
 PSYoungGen      total 254976K, used 38906K [0x00000000eab00000, 0x0000000100000000, 0x0000000100000000)
  eden space 216064K, 0% used [0x00000000eab00000,0x00000000eab00000,0x00000000f7e00000)
  from space 38912K, 99% used [0x00000000fb300000,0x00000000fd8fe988,0x00000000fd900000)
  to   space 54272K, 0% used [0x00000000f7e00000,0x00000000f7e00000,0x00000000fb300000)
 ParOldGen       total 81408K, used 79140K [0x00000000c0000000, 0x00000000c4f80000, 0x00000000eab00000)
  object space 81408K, 97% used [0x00000000c0000000,0x00000000c4d492d8,0x00000000c4f80000)
 Metaspace       used 6529K, capacity 7320K, committed 7680K, reserved 1056768K
  class space    used 615K, capacity 656K, committed 768K, reserved 1048576K
}
Event: 4.527 GC heap before
{Heap before GC invocations=12 (full 2):
 PSYoungGen      total 254976K, used 38906K [0x00000000eab00000, 0x0000000100000000, 0x0000000100000000)
  eden space 216064K, 0% used [0x00000000eab00000,0x00000000eab00000,0x00000000f7e00000)
  from space 38912K, 99% used [0x00000000fb300000,0x00000000fd8fe988,0x00000000fd900000)
  to   space 54272K, 0% used [0x00000000f7e00000,0x00000000f7e00000,0x00000000fb300000)
 ParOldGen       total 81408K, used 79140K [0x00000000c0000000, 0x00000000c4f80000, 0x00000000eab00000)
  object space 81408K, 97% used [0x00000000c0000000,0x00000000c4d492d8,0x00000000c4f80000)
 Metaspace       used 6529K, capacity 7320K, committed 7680K, reserved 1056768K
  class space    used 615K, capacity 656K, committed 768K, reserved 1048576K

Deoptimization events (10 events):
Event: 3.064 Thread 0x00007f0180008800 Uncommon trap: reason=bimorphic action=maybe_recompile pc=0x00007f01716918d4 method=com.android.dx.cf.code.BytecodeArray.parseInstruction(ILcom/android/dx/cf/code/BytecodeArray$Visitor;)I @ 1549
Event: 3.190 Thread 0x00007f0180275000 Uncommon trap: reason=bimorphic action=maybe_recompile pc=0x00007f01717a083c method=com.android.dx.rop.code.RegisterSpec.withSimpleType()Lcom/android/dx/rop/code/RegisterSpec; @ 21
Event: 3.191 Thread 0x00007f0180275000 Uncommon trap: reason=bimorphic action=maybe_recompile pc=0x00007f01717a083c method=com.android.dx.rop.code.RegisterSpec.withSimpleType()Lcom/android/dx/rop/code/RegisterSpec; @ 21
Event: 3.205 Thread 0x00007f0180258000 Uncommon trap: reason=bimorphic action=maybe_recompile pc=0x00007f01717a083c method=com.android.dx.rop.code.RegisterSpec.withSimpleType()Lcom/android/dx/rop/code/RegisterSpec; @ 21
Event: 3.828 Thread 0x00007f0180275000 Uncommon trap: reason=unstable_if action=reinterpret pc=0x00007f0171725da4 method=com.android.dx.rop.code.LocalItem.compareHandlesNulls(Lcom/android/dx/rop/cst/CstString;Lcom/android/dx/rop/cst/CstString;)I @ 14
Event: 3.932 Thread 0x00007f0180277000 Uncommon trap: reason=unstable_if action=reinterpret pc=0x00007f017188a514 method=com.android.dx.rop.code.RegisterSpecSet.<init>(I)V @ 2
Event: 3.932 Thread 0x00007f0180277000 Uncommon trap: reason=unstable_if action=reinterpret pc=0x00007f01714686f4 method=com.android.dx.rop.code.RegisterSpecSet.<init>(I)V @ 2
Event: 4.061 Thread 0x00007f0180258000 Uncommon trap: reason=bimorphic action=maybe_recompile pc=0x00007f017185b354 method=com.android.dx.cf.code.BytecodeArray.parseInstruction(ILcom/android/dx/cf/code/BytecodeArray$Visitor;)I @ 1357
Event: 4.061 Thread 0x00007f0180258000 Uncommon trap: reason=bimorphic action=maybe_recompile pc=0x00007f017185b354 method=com.android.dx.cf.code.BytecodeArray.parseInstruction(ILcom/android/dx/cf/code/BytecodeArray$Visitor;)I @ 1357
Event: 4.076 Thread 0x00007f0180275000 Uncommon trap: reason=unstable_if action=reinterpret pc=0x00007f01716cc300 method=com.android.dx.ssa.MoveParamCombiner$1.visitNonMoveInsn(Lcom/android/dx/ssa/NormalSsaInsn;)V @ 27

Internal exceptions (8 events):
Event: 0.021 Thread 0x00007f0180008800 Exception <a 'java/lang/NoSuchMethodError': Method sun.misc.Unsafe.defineClass(Ljava/lang/String;[BII)Ljava/lang/Class; name or signature does not match> (0x00000000eab07cc0) thrown at [/HUDSON/workspace/8-2-build-linux-amd64/jdk8u72/5732/hotspot/src/shar
Event: 0.021 Thread 0x00007f0180008800 Exception <a 'java/lang/NoSuchMethodError': Method sun.misc.Unsafe.prefetchRead(Ljava/lang/Object;J)V name or signature does not match> (0x00000000eab07fa8) thrown at [/HUDSON/workspace/8-2-build-linux-amd64/jdk8u72/5732/hotspot/src/share/vm/prims/jni.cpp
Event: 0.566 Thread 0x00007f0180275000 Implicit null exception at 0x00007f01712d79a2 to 0x00007f01712d7a93
Event: 0.868 Thread 0x00007f0180273000 Implicit null exception at 0x00007f017131f339 to 0x00007f01713219f9
Event: 1.919 Thread 0x00007f0180275000 Exception <a 'java/lang/ArrayIndexOutOfBoundsException': 18> (0x00000000ee190600) thrown at [/HUDSON/workspace/8-2-build-linux-amd64/jdk8u72/5732/hotspot/src/share/vm/interpreter/interpreterRuntime.cpp, line 366]
Event: 1.919 Thread 0x00007f0180275000 Exception <a 'java/lang/ArrayIndexOutOfBoundsException': 145> (0x00000000ee192180) thrown at [/HUDSON/workspace/8-2-build-linux-amd64/jdk8u72/5732/hotspot/src/share/vm/interpreter/interpreterRuntime.cpp, line 366]
Event: 1.920 Thread 0x00007f0180275000 Exception <a 'java/lang/ArrayIndexOutOfBoundsException': 40> (0x00000000ee1936b0) thrown at [/HUDSON/workspace/8-2-build-linux-amd64/jdk8u72/5732/hotspot/src/share/vm/interpreter/interpreterRuntime.cpp, line 366]
Event: 3.828 Thread 0x00007f0180275000 Implicit null exception at 0x00007f0171724218 to 0x00007f0171725d79

Events (10 events):
Event: 4.297 Thread 0x00007f0180275000 DEOPT UNPACKING pc=0x00007f0171047633 sp=0x00007f01701a0180 mode 0
Event: 4.326 Thread 0x00007f0180273000 DEOPT PACKING pc=0x00007f01713e16ec sp=0x00007f01702a2250
Event: 4.326 Thread 0x00007f0180273000 DEOPT UNPACKING pc=0x00007f0171047633 sp=0x00007f01702a1f50 mode 0
Event: 4.337 Thread 0x00007f0180273000 DEOPT PACKING pc=0x00007f01718802d2 sp=0x00007f01702a2170
Event: 4.337 Thread 0x00007f0180273000 DEOPT UNPACKING pc=0x00007f0171047633 sp=0x00007f01702a1ee8 mode 0
Event: 4.398 Thread 0x00007f0180258000 DEOPT PACKING pc=0x00007f01713e16ec sp=0x00007f01704a4000
Event: 4.398 Thread 0x00007f0180258000 DEOPT UNPACKING pc=0x00007f0171047633 sp=0x00007f01704a3d00 mode 0
Event: 4.410 Thread 0x00007f0180008800 DEOPT PACKING pc=0x00007f01718802d2 sp=0x00007f0188fa4850
Event: 4.410 Thread 0x00007f0180008800 DEOPT UNPACKING pc=0x00007f0171047633 sp=0x00007f0188fa45c8 mode 0
Event: 4.415 Executing VM operation: ParallelGCFailedAllocation


Dynamic libraries:
00400000-00401000 r-xp 00000000 08:06 399874                             /usr/lib/jvm/java-8-jdk/jre/bin/java
00600000-00601000 rw-p 00000000 08:06 399874                             /usr/lib/jvm/java-8-jdk/jre/bin/java
022c1000-022e2000 rw-p 00000000 00:00 0                                  [heap]
c0000000-c4f80000 rw-p 00000000 00:00 0 
c8d80000-eab00000 ---p 00000000 00:00 0 
eab00000-100000000 rw-p 00000000 00:00 0 
100000000-1000c0000 rw-p 00000000 00:00 0 
1000c0000-140000000 ---p 00000000 00:00 0 
7f0124000000-7f0124036000 rw-p 00000000 00:00 0 
7f0124036000-7f0128000000 ---p 00000000 00:00 0 
7f0128000000-7f012802d000 rw-p 00000000 00:00 0 
7f012802d000-7f012c000000 ---p 00000000 00:00 0 
7f012c000000-7f012c021000 rw-p 00000000 00:00 0 
7f012c021000-7f0130000000 ---p 00000000 00:00 0 
7f0130000000-7f0130021000 rw-p 00000000 00:00 0 
7f0130021000-7f0134000000 ---p 00000000 00:00 0 
7f0134000000-7f0134021000 rw-p 00000000 00:00 0 
7f0134021000-7f0138000000 ---p 00000000 00:00 0 
7f0138000000-7f0138045000 rw-p 00000000 00:00 0 
7f0138045000-7f013c000000 ---p 00000000 00:00 0 
7f013c000000-7f013caaa000 rw-p 00000000 00:00 0 
7f013caaa000-7f0140000000 ---p 00000000 00:00 0 
7f0140000000-7f0140021000 rw-p 00000000 00:00 0 
7f0140021000-7f0144000000 ---p 00000000 00:00 0 
7f0144000000-7f0144e69000 rw-p 00000000 00:00 0 
7f0144e69000-7f0148000000 ---p 00000000 00:00 0 
7f0148000000-7f0148f40000 rw-p 00000000 00:00 0 
7f0148f40000-7f014c000000 ---p 00000000 00:00 0 
7f014c000000-7f014c021000 rw-p 00000000 00:00 0 
7f014c021000-7f0150000000 ---p 00000000 00:00 0 
7f0150000000-7f0150021000 rw-p 00000000 00:00 0 
7f0150021000-7f0154000000 ---p 00000000 00:00 0 
7f0154000000-7f01542b5000 rw-p 00000000 00:00 0 
7f01542b5000-7f0158000000 ---p 00000000 00:00 0 
7f0158000000-7f0158021000 rw-p 00000000 00:00 0 
7f0158021000-7f015c000000 ---p 00000000 00:00 0 
7f015c000000-7f015c021000 rw-p 00000000 00:00 0 
7f015c021000-7f0160000000 ---p 00000000 00:00 0 
7f0160000000-7f0160021000 rw-p 00000000 00:00 0 
7f0160021000-7f0164000000 ---p 00000000 00:00 0 
7f0164000000-7f0164021000 rw-p 00000000 00:00 0 
7f0164021000-7f0168000000 ---p 00000000 00:00 0 
7f0169eff000-7f0169f02000 ---p 00000000 00:00 0 
7f0169f02000-7f016c000000 rw-p 00000000 00:00 0                          [stack:6638]
7f016c000000-7f016c021000 rw-p 00000000 00:00 0 
7f016c021000-7f0170000000 ---p 00000000 00:00 0 
7f01700a2000-7f01700a5000 ---p 00000000 00:00 0 
7f01700a5000-7f01701a3000 rw-p 00000000 00:00 0                          [stack:6637]
7f01701a3000-7f01701a6000 ---p 00000000 00:00 0 
7f01701a6000-7f01702a4000 rw-p 00000000 00:00 0                          [stack:6636]
7f01702a4000-7f01702a7000 ---p 00000000 00:00 0 
7f01702a7000-7f01703a5000 rw-p 00000000 00:00 0                          [stack:6635]
7f01703a5000-7f01703a8000 ---p 00000000 00:00 0 
7f01703a8000-7f01704a6000 rw-p 00000000 00:00 0                          [stack:6634]
7f01704a6000-7f01704a7000 ---p 00000000 00:00 0 
7f01704a7000-7f01705a7000 rw-p 00000000 00:00 0                          [stack:6633]
7f01705a7000-7f01705aa000 ---p 00000000 00:00 0 
7f01705aa000-7f01706a8000 rw-p 00000000 00:00 0                          [stack:6632]
7f01706a8000-7f01706ab000 ---p 00000000 00:00 0 
7f01706ab000-7f01707a9000 rw-p 00000000 00:00 0                          [stack:6631]
7f01707a9000-7f01707ac000 ---p 00000000 00:00 0 
7f01707ac000-7f01708aa000 rw-p 00000000 00:00 0                          [stack:6630]
7f01708aa000-7f01708ad000 ---p 00000000 00:00 0 
7f01708ad000-7f01709ab000 rw-p 00000000 00:00 0                          [stack:6629]
7f01709ab000-7f01709ae000 ---p 00000000 00:00 0 
7f01709ae000-7f0170aac000 rw-p 00000000 00:00 0                          [stack:6628]
7f0170aac000-7f0170bfc000 r--p 00000000 08:06 163465                     /usr/lib/locale/locale-archive
7f0170bfc000-7f0170bff000 ---p 00000000 00:00 0 
7f0170bff000-7f0170cfd000 rw-p 00000000 00:00 0                          [stack:6627]
7f0170cfd000-7f0170d00000 ---p 00000000 00:00 0 
7f0170d00000-7f0170dfe000 rw-p 00000000 00:00 0                          [stack:6626]
7f0170dfe000-7f0170dff000 ---p 00000000 00:00 0 
7f0170dff000-7f0171000000 rw-p 00000000 00:00 0                          [stack:6625]
7f0171000000-7f01718f0000 rwxp 00000000 00:00 0 
7f01718f0000-7f0180000000 ---p 00000000 00:00 0 
7f0180000000-7f01803da000 rw-p 00000000 00:00 0 
7f01803da000-7f0184000000 ---p 00000000 00:00 0 
7f0184006000-7f018402d000 r--p 00000000 08:06 133207                     /usr/share/locale/ko/LC_MESSAGES/libc.mo
7f018402d000-7f0184067000 r--s 0030a000 08:06 13238614                   /home/youngbin/mailtracker-android/app/build/intermediates/transforms/jarMerging/debug/jars/1/1f/combined.jar
7f0184067000-7f0184f27000 rw-p 00000000 00:00 0 
7f0184f27000-7f01850ff000 r--s 03d1d000 08:06 399677                     /usr/lib/jvm/java-8-jdk/jre/lib/rt.jar
7f01850ff000-7f0185835000 rw-p 00000000 00:00 0 
7f0185835000-7f0185975000 ---p 00000000 00:00 0 
7f0185975000-7f0185b75000 rw-p 00000000 00:00 0 
7f0185b75000-7f0185b76000 ---p 00000000 00:00 0 
7f0185b76000-7f0185c76000 rw-p 00000000 00:00 0                          [stack:6624]
7f0185c76000-7f0185c77000 ---p 00000000 00:00 0 
7f0185c77000-7f0185d77000 rw-p 00000000 00:00 0                          [stack:6623]
7f0185d77000-7f0185d78000 ---p 00000000 00:00 0 
7f0185d78000-7f0185e78000 rw-p 00000000 00:00 0                          [stack:6622]
7f0185e78000-7f0185e79000 ---p 00000000 00:00 0 
7f0185e79000-7f0185fa1000 rw-p 00000000 00:00 0                          [stack:6621]
7f0185fa1000-7f01860cf000 ---p 00000000 00:00 0 
7f01860cf000-7f01860f7000 rw-p 00000000 00:00 0 
7f01860f7000-7f0186224000 ---p 00000000 00:00 0 
7f0186224000-7f01862cf000 rw-p 00000000 00:00 0 
7f01862cf000-7f01862f4000 rw-p 00000000 00:00 0 
7f01862f4000-7f0186690000 ---p 00000000 00:00 0 
7f0186690000-7f01866aa000 r-xp 00000000 08:06 399785                     /usr/lib/jvm/java-8-jdk/jre/lib/amd64/libzip.so
7f01866aa000-7f01868aa000 ---p 0001a000 08:06 399785                     /usr/lib/jvm/java-8-jdk/jre/lib/amd64/libzip.so
7f01868aa000-7f01868ab000 rw-p 0001a000 08:06 399785                     /usr/lib/jvm/java-8-jdk/jre/lib/amd64/libzip.so
7f01868ab000-7f01868b6000 r-xp 00000000 08:06 134332                     /usr/lib/libnss_files-2.22.so
7f01868b6000-7f0186ab5000 ---p 0000b000 08:06 134332                     /usr/lib/libnss_files-2.22.so
7f0186ab5000-7f0186ab6000 r--p 0000a000 08:06 134332                     /usr/lib/libnss_files-2.22.so
7f0186ab6000-7f0186ab7000 rw-p 0000b000 08:06 134332                     /usr/lib/libnss_files-2.22.so
7f0186ab7000-7f0186abd000 rw-p 00000000 00:00 0 
7f0186abd000-7f0186ae7000 r-xp 00000000 08:06 399805                     /usr/lib/jvm/java-8-jdk/jre/lib/amd64/libjava.so
7f0186ae7000-7f0186ce7000 ---p 0002a000 08:06 399805                     /usr/lib/jvm/java-8-jdk/jre/lib/amd64/libjava.so
7f0186ce7000-7f0186ce9000 rw-p 0002a000 08:06 399805                     /usr/lib/jvm/java-8-jdk/jre/lib/amd64/libjava.so
7f0186ce9000-7f0186cf6000 r-xp 00000000 08:06 399791                     /usr/lib/jvm/java-8-jdk/jre/lib/amd64/libverify.so
7f0186cf6000-7f0186ef6000 ---p 0000d000 08:06 399791                     /usr/lib/jvm/java-8-jdk/jre/lib/amd64/libverify.so
7f0186ef6000-7f0186ef8000 rw-p 0000d000 08:06 399791                     /usr/lib/jvm/java-8-jdk/jre/lib/amd64/libverify.so
7f0186ef8000-7f0186eff000 r-xp 00000000 08:06 134341                     /usr/lib/librt-2.22.so
7f0186eff000-7f01870fe000 ---p 00007000 08:06 134341                     /usr/lib/librt-2.22.so
7f01870fe000-7f01870ff000 r--p 00006000 08:06 134341                     /usr/lib/librt-2.22.so
7f01870ff000-7f0187100000 rw-p 00007000 08:06 134341                     /usr/lib/librt-2.22.so
7f0187100000-7f01871fd000 r-xp 00000000 08:06 134338                     /usr/lib/libm-2.22.so
7f01871fd000-7f01873fc000 ---p 000fd000 08:06 134338                     /usr/lib/libm-2.22.so
7f01873fc000-7f01873fd000 r--p 000fc000 08:06 134338                     /usr/lib/libm-2.22.so
7f01873fd000-7f01873fe000 rw-p 000fd000 08:06 134338                     /usr/lib/libm-2.22.so
7f01873fe000-7f01880bd000 r-xp 00000000 08:06 530091                     /usr/lib/jvm/java-8-jdk/jre/lib/amd64/server/libjvm.so
7f01880bd000-7f01882bc000 ---p 00cbf000 08:06 530091                     /usr/lib/jvm/java-8-jdk/jre/lib/amd64/server/libjvm.so
7f01882bc000-7f0188395000 rw-p 00cbe000 08:06 530091                     /usr/lib/jvm/java-8-jdk/jre/lib/amd64/server/libjvm.so
7f0188395000-7f01883de000 rw-p 00000000 00:00 0 
7f01883de000-7f0188578000 r-xp 00000000 08:06 134279                     /usr/lib/libc-2.22.so
7f0188578000-7f0188778000 ---p 0019a000 08:06 134279                     /usr/lib/libc-2.22.so
7f0188778000-7f018877c000 r--p 0019a000 08:06 134279                     /usr/lib/libc-2.22.so
7f018877c000-7f018877e000 rw-p 0019e000 08:06 134279                     /usr/lib/libc-2.22.so
7f018877e000-7f0188782000 rw-p 00000000 00:00 0 
7f0188782000-7f0188785000 r-xp 00000000 08:06 134337                     /usr/lib/libdl-2.22.so
7f0188785000-7f0188984000 ---p 00003000 08:06 134337                     /usr/lib/libdl-2.22.so
7f0188984000-7f0188985000 r--p 00002000 08:06 134337                     /usr/lib/libdl-2.22.so
7f0188985000-7f0188986000 rw-p 00003000 08:06 134337                     /usr/lib/libdl-2.22.so
7f0188986000-7f018899b000 r-xp 00000000 08:06 530090                     /usr/lib/jvm/java-8-jdk/jre/lib/amd64/jli/libjli.so
7f018899b000-7f0188b9b000 ---p 00015000 08:06 530090                     /usr/lib/jvm/java-8-jdk/jre/lib/amd64/jli/libjli.so
7f0188b9b000-7f0188b9c000 rw-p 00015000 08:06 530090                     /usr/lib/jvm/java-8-jdk/jre/lib/amd64/jli/libjli.so
7f0188b9c000-7f0188bb4000 r-xp 00000000 08:06 134257                     /usr/lib/libpthread-2.22.so
7f0188bb4000-7f0188db3000 ---p 00018000 08:06 134257                     /usr/lib/libpthread-2.22.so
7f0188db3000-7f0188db4000 r--p 00017000 08:06 134257                     /usr/lib/libpthread-2.22.so
7f0188db4000-7f0188db5000 rw-p 00018000 08:06 134257                     /usr/lib/libpthread-2.22.so
7f0188db5000-7f0188db9000 rw-p 00000000 00:00 0 
7f0188db9000-7f0188ddb000 r-xp 00000000 08:06 134278                     /usr/lib/ld-2.22.so
7f0188de1000-7f0188ea6000 rw-p 00000000 00:00 0 
7f0188ea6000-7f0188ea9000 ---p 00000000 00:00 0 
7f0188ea9000-7f0188fac000 rw-p 00000000 00:00 0                          [stack:6620]
7f0188fac000-7f0188fbb000 r--s 000df000 08:06 13763614                   /home/youngbin/Android/Sdk/build-tools/23.0.2/lib/dx.jar
7f0188fbb000-7f0188fcf000 rw-p 00000000 00:00 0 
7f0188fcf000-7f0188fd7000 rw-s 00000000 00:21 362809                     /tmp/hsperfdata_youngbin/6615
7f0188fd7000-7f0188fd8000 rw-p 00000000 00:00 0 
7f0188fd8000-7f0188fd9000 ---p 00000000 00:00 0 
7f0188fd9000-7f0188fda000 rw-p 00000000 00:00 0 
7f0188fda000-7f0188fdb000 r--p 00021000 08:06 134278                     /usr/lib/ld-2.22.so
7f0188fdb000-7f0188fdc000 rw-p 00022000 08:06 134278                     /usr/lib/ld-2.22.so
7f0188fdc000-7f0188fdd000 rw-p 00000000 00:00 0 
7ffe03df2000-7ffe03e13000 rw-p 00000000 00:00 0                          [stack]
7ffe03f72000-7ffe03f74000 r--p 00000000 00:00 0                          [vvar]
7ffe03f74000-7ffe03f76000 r-xp 00000000 00:00 0                          [vdso]
ffffffffff600000-ffffffffff601000 r-xp 00000000 00:00 0                  [vsyscall]

VM Arguments:
jvm_args: -Djava.awt.headless=true -Xmx1024M -Dfile.encoding=UTF-8 -Duser.country=KR -Duser.language=ko -Duser.variant 
java_command: com.android.dx.command.Main --dex --num-threads=4 --multi-dex --main-dex-list /home/youngbin/mailtracker-android/app/build/intermediates/multi-dex/debug/maindexlist.txt --output /home/youngbin/mailtracker-android/app/build/intermediates/transforms/dex/debug/folders/1000/1f/main /home/youngbin/mailtracker-android/app/build/intermediates/transforms/jarMerging/debug/jars/1/1f/combined.jar
java_class_path (initial): /home/youngbin/Android/Sdk/build-tools/23.0.2/lib/dx.jar
Launcher Type: SUN_STANDARD

Environment Variables:
PATH=/usr/local/sbin:/usr/local/bin:/usr/bin:/usr/lib/jvm/default/bin:/usr/bin/site_perl:/usr/bin/vendor_perl:/usr/bin/core_perl
USERNAME=youngbin
LD_LIBRARY_PATH=/home/youngbin/android-studio/bin:
SHELL=/usr/bin/fish
DISPLAY=:1

Signal Handlers:
SIGSEGV: [libjvm.so+0xabb070], sa_mask[0]=11111111011111111101111111111110, sa_flags=SA_RESTART|SA_SIGINFO
SIGBUS: [libjvm.so+0xabb070], sa_mask[0]=11111111011111111101111111111110, sa_flags=SA_RESTART|SA_SIGINFO
SIGFPE: [libjvm.so+0x918480], sa_mask[0]=11111111011111111101111111111110, sa_flags=SA_RESTART|SA_SIGINFO
SIGPIPE: [libjvm.so+0x918480], sa_mask[0]=11111111011111111101111111111110, sa_flags=SA_RESTART|SA_SIGINFO
SIGXFSZ: [libjvm.so+0x918480], sa_mask[0]=11111111011111111101111111111110, sa_flags=SA_RESTART|SA_SIGINFO
SIGILL: [libjvm.so+0x918480], sa_mask[0]=11111111011111111101111111111110, sa_flags=SA_RESTART|SA_SIGINFO
SIGUSR1: SIG_DFL, sa_mask[0]=00000000000000000000000000000000, sa_flags=none
SIGUSR2: [libjvm.so+0x919ab0], sa_mask[0]=00100000000000000000000000000000, sa_flags=SA_RESTART|SA_SIGINFO
SIGHUP: [libjvm.so+0x91aeb0], sa_mask[0]=11111111011111111101111111111110, sa_flags=SA_RESTART|SA_SIGINFO
SIGINT: [libjvm.so+0x91aeb0], sa_mask[0]=11111111011111111101111111111110, sa_flags=SA_RESTART|SA_SIGINFO
SIGTERM: [libjvm.so+0x91aeb0], sa_mask[0]=11111111011111111101111111111110, sa_flags=SA_RESTART|SA_SIGINFO
SIGQUIT: [libjvm.so+0x91aeb0], sa_mask[0]=11111111011111111101111111111110, sa_flags=SA_RESTART|SA_SIGINFO


---------------  S Y S T E M  ---------------

OS:NAME="Antergos Linux"
VERSION="2015.12-ISO-Rolling"
ID="antergos"
ID_LIKE="arch"
PRETTY_NAME="Antergos Linux"
CPE_NAME="cpe:/o:antergosproject:antergos:2015.12"
ANSI_COLOR="1;34;40"
HOME_URL="https://antergos.com/"
SUPPORT_URL="https://forum.antergos.com/"
BUG_REPORT_URL="https://github.com/antergos"


uname:Linux 4.4.1-2-ARCH #1 SMP PREEMPT Wed Feb 3 13:12:33 UTC 2016 x86_64
libc:glibc 2.22 NPTL 2.22 
rlimit: STACK 8192k, CORE 0k, NPROC 14900, NOFILE 4096, AS infinity
load average:2.03 2.43 1.93

/proc/meminfo:
MemTotal:        4007080 kB
MemFree:           27076 kB
MemAvailable:      54396 kB
Buffers:            1424 kB
Cached:            58268 kB
SwapCached:            0 kB
Active:          3718612 kB
Inactive:          39964 kB
Active(anon):    3701772 kB
Inactive(anon):    25396 kB
Active(file):      16840 kB
Inactive(file):    14568 kB
Unevictable:          80 kB
Mlocked:        34359738448 kB
SwapTotal:             0 kB
SwapFree:              0 kB
Dirty:                 0 kB
Writeback:             0 kB
AnonPages:       3699368 kB
Mapped:            49468 kB
Shmem:             27916 kB
Slab:              62456 kB
SReclaimable:      25492 kB
SUnreclaim:        36964 kB
KernelStack:       11760 kB
PageTables:        51576 kB
NFS_Unstable:          0 kB
Bounce:                0 kB
WritebackTmp:          0 kB
CommitLimit:     2003540 kB
Committed_AS:    8679348 kB
VmallocTotal:   34359738367 kB
VmallocUsed:           0 kB
VmallocChunk:          0 kB
HardwareCorrupted:     0 kB
AnonHugePages:   1746944 kB
HugePages_Total:       0
HugePages_Free:        0
HugePages_Rsvd:        0
HugePages_Surp:        0
Hugepagesize:       2048 kB
DirectMap4k:      147856 kB
DirectMap2M:     4001792 kB


CPU:total 4 (2 cores per cpu, 2 threads per core) family 6 model 42 stepping 7, cmov, cx8, fxsr, mmx, sse, sse2, sse3, ssse3, sse4.1, sse4.2, popcnt, avx, clmul, ht, tsc, tscinvbit

/proc/cpuinfo:
processor	: 0
vendor_id	: GenuineIntel
cpu family	: 6
model		: 42
model name	: Intel(R) Core(TM) i3-2120 CPU @ 3.30GHz
stepping	: 7
microcode	: 0x26
cpu MHz		: 3300.000
cache size	: 3072 KB
physical id	: 0
siblings	: 4
core id		: 0
cpu cores	: 2
apicid		: 0
initial apicid	: 0
fpu		: yes
fpu_exception	: yes
cpuid level	: 13
wp		: yes
flags		: fpu vme de pse tsc msr pae mce cx8 apic sep mtrr pge mca cmov pat pse36 clflush dts acpi mmx fxsr sse sse2 ss ht tm pbe syscall nx rdtscp lm constant_tsc arch_perfmon pebs bts rep_good nopl xtopology nonstop_tsc aperfmperf eagerfpu pni pclmulqdq dtes64 monitor ds_cpl vmx est tm2 ssse3 cx16 xtpr pdcm pcid sse4_1 sse4_2 popcnt tsc_deadline_timer xsave avx lahf_lm arat epb pln pts dtherm tpr_shadow vnmi flexpriority ept vpid xsaveopt
bugs		:
bogomips	: 6602.10
clflush size	: 64
cache_alignment	: 64
address sizes	: 36 bits physical, 48 bits virtual
power management:

processor	: 1
vendor_id	: GenuineIntel
cpu family	: 6
model		: 42
model name	: Intel(R) Core(TM) i3-2120 CPU @ 3.30GHz
stepping	: 7
microcode	: 0x26
cpu MHz		: 3299.871
cache size	: 3072 KB
physical id	: 0
siblings	: 4
core id		: 1
cpu cores	: 2
apicid		: 2
initial apicid	: 2
fpu		: yes
fpu_exception	: yes
cpuid level	: 13
wp		: yes
flags		: fpu vme de pse tsc msr pae mce cx8 apic sep mtrr pge mca cmov pat pse36 clflush dts acpi mmx fxsr sse sse2 ss ht tm pbe syscall nx rdtscp lm constant_tsc arch_perfmon pebs bts rep_good nopl xtopology nonstop_tsc aperfmperf eagerfpu pni pclmulqdq dtes64 monitor ds_cpl vmx est tm2 ssse3 cx16 xtpr pdcm pcid sse4_1 sse4_2 popcnt tsc_deadline_timer xsave avx lahf_lm arat epb pln pts dtherm tpr_shadow vnmi flexpriority ept vpid xsaveopt
bugs		:
bogomips	: 6602.10
clflush size	: 64
cache_alignment	: 64
address sizes	: 36 bits physical, 48 bits virtual
power management:

processor	: 2
vendor_id	: GenuineIntel
cpu family	: 6
model		: 42
model name	: Intel(R) Core(TM) i3-2120 CPU @ 3.30GHz
stepping	: 7
microcode	: 0x26
cpu MHz		: 3300.000
cache size	: 3072 KB
physical id	: 0
siblings	: 4
core id		: 0
cpu cores	: 2
apicid		: 1
initial apicid	: 1
fpu		: yes
fpu_exception	: yes
cpuid level	: 13
wp		: yes
flags		: fpu vme de pse tsc msr pae mce cx8 apic sep mtrr pge mca cmov pat pse36 clflush dts acpi mmx fxsr sse sse2 ss ht tm pbe syscall nx rdtscp lm constant_tsc arch_perfmon pebs bts rep_good nopl xtopology nonstop_tsc aperfmperf eagerfpu pni pclmulqdq dtes64 monitor ds_cpl vmx est tm2 ssse3 cx16 xtpr pdcm pcid sse4_1 sse4_2 popcnt tsc_deadline_timer xsave avx lahf_lm arat epb pln pts dtherm tpr_shadow vnmi flexpriority ept vpid xsaveopt
bugs		:
bogomips	: 6602.10
clflush size	: 64
cache_alignment	: 64
address sizes	: 36 bits physical, 48 bits virtual
power management:

processor	: 3
vendor_id	: GenuineIntel
cpu family	: 6
model		: 42
model name	: Intel(R) Core(TM) i3-2120 CPU @ 3.30GHz
stepping	: 7
microcode	: 0x26
cpu MHz		: 3300.000
cache size	: 3072 KB
physical id	: 0
siblings	: 4
core id		: 1
cpu cores	: 2
apicid		: 3
initial apicid	: 3
fpu		: yes
fpu_exception	: yes
cpuid level	: 13
wp		: yes
flags		: fpu vme de pse tsc msr pae mce cx8 apic sep mtrr pge mca cmov pat pse36 clflush dts acpi mmx fxsr sse sse2 ss ht tm pbe syscall nx rdtscp lm constant_tsc arch_perfmon pebs bts rep_good nopl xtopology nonstop_tsc aperfmperf eagerfpu pni pclmulqdq dtes64 monitor ds_cpl vmx est tm2 ssse3 cx16 xtpr pdcm pcid sse4_1 sse4_2 popcnt tsc_deadline_timer xsave avx lahf_lm arat epb pln pts dtherm tpr_shadow vnmi flexpriority ept vpid xsaveopt
bugs		:
bogomips	: 6602.10
clflush size	: 64
cache_alignment	: 64
address sizes	: 36 bits physical, 48 bits virtual
power management:



Memory: 4k page, physical 4007080k(27076k free), swap 0k(0k free)

vm_info: Java HotSpot(TM) 64-Bit Server VM (25.72-b15) for linux-amd64 JRE (1.8.0_72-b15), built on Dec 22 2015 22:00:07 by "java_re" with gcc 4.3.0 20080428 (Red Hat 4.3.0-8)

time: Thu Feb 18 22:00:59 2016
elapsed time: 5 seconds (0d 0h 0m 5s)

